Log file open, 03/06/17 19:30:25
LogInit:Display: Running engine for game: Abyss
LogPlatformFile: Not using cached read wrapper
LogInit:Display: RandInit(1544420563) SRandInit(1544420563).
LogTaskGraph: Started task graph with 5 named threads and 8 total threads with 1 sets of task threads.
LogStats: Stats thread started at 0.088583
LogPluginManager: Loaded Plugin Paper2D, From C:/Program Files/Epic Games/UE_4.14/Engine/Plugins/2D/Paper2D/Paper2D.uplugin
LogPluginManager: Loaded Plugin LightPropagationVolume, From C:/Program Files/Epic Games/UE_4.14/Engine/Plugins/Blendables/LightPropagationVolume/LightPropagationVolume.uplugin
LogPluginManager: Loaded Plugin BlankPlugin, From C:/Program Files/Epic Games/UE_4.14/Engine/Plugins/Developer/BlankPlugin/BlankPlugin.uplugin
LogPluginManager: Loaded Plugin CodeLiteSourceCodeAccess, From C:/Program Files/Epic Games/UE_4.14/Engine/Plugins/Developer/CodeLiteSourceCodeAccess/CodeLiteSourceCodeAccess.uplugin
LogPluginManager: Loaded Plugin GitSourceControl, From C:/Program Files/Epic Games/UE_4.14/Engine/Plugins/Developer/GitSourceControl/GitSourceControl.uplugin
LogPluginManager: Loaded Plugin KDevelopSourceCodeAccess, From C:/Program Files/Epic Games/UE_4.14/Engine/Plugins/Developer/KDevelopSourceCodeAccess/KDevelopSourceCodeAccess.uplugin
LogPluginManager: Loaded Plugin NullSourceCodeAccess, From C:/Program Files/Epic Games/UE_4.14/Engine/Plugins/Developer/NullSourceCodeAccess/NullSourceCodeAccess.uplugin
LogPluginManager: Loaded Plugin OneSkyLocalizationService, From C:/Program Files/Epic Games/UE_4.14/Engine/Plugins/Developer/OneSkyLocalizationService/OneSkyLocalizationService.uplugin
LogPluginManager: Loaded Plugin PerforceSourceControl, From C:/Program Files/Epic Games/UE_4.14/Engine/Plugins/Developer/PerforceSourceControl/PerforceSourceControl.uplugin
LogPluginManager: Loaded Plugin SubversionSourceControl, From C:/Program Files/Epic Games/UE_4.14/Engine/Plugins/Developer/SubversionSourceControl/SubversionSourceControl.uplugin
LogPluginManager: Loaded Plugin UObjectPlugin, From C:/Program Files/Epic Games/UE_4.14/Engine/Plugins/Developer/UObjectPlugin/UObjectPlugin.uplugin
LogPluginManager: Loaded Plugin VisualStudioSourceCodeAccess, From C:/Program Files/Epic Games/UE_4.14/Engine/Plugins/Developer/VisualStudioSourceCodeAccess/VisualStudioSourceCodeAccess.uplugin
LogPluginManager: Loaded Plugin XCodeSourceCodeAccess, From C:/Program Files/Epic Games/UE_4.14/Engine/Plugins/Developer/XCodeSourceCodeAccess/XCodeSourceCodeAccess.uplugin
LogPluginManager: Loaded Plugin AudioCapture, From C:/Program Files/Epic Games/UE_4.14/Engine/Plugins/Editor/AudioCapture/AudioCapture.uplugin
LogPluginManager: Loaded Plugin EpicSurvey, From C:/Program Files/Epic Games/UE_4.14/Engine/Plugins/Editor/EpicSurvey/EpicSurvey.uplugin
LogPluginManager: Loaded Plugin MacGraphicsSwitching, From C:/Program Files/Epic Games/UE_4.14/Engine/Plugins/Editor/MacGraphicsSwitching/MacGraphicsSwitching.uplugin
LogPluginManager: Loaded Plugin MobileLauncherProfileWizard, From C:/Program Files/Epic Games/UE_4.14/Engine/Plugins/Editor/MobileLauncherProfileWizard/MobileLauncherProfileWizard.uplugin
LogPluginManager: Loaded Plugin PluginBrowser, From C:/Program Files/Epic Games/UE_4.14/Engine/Plugins/Editor/PluginBrowser/PluginBrowser.uplugin
LogPluginManager: Loaded Plugin SpeedTreeImporter, From C:/Program Files/Epic Games/UE_4.14/Engine/Plugins/Editor/SpeedTreeImporter/SpeedTreeImporter.uplugin
LogPluginManager: Loaded Plugin SuperSearchEditor, From C:/Program Files/Epic Games/UE_4.14/Engine/Plugins/Editor/SuperSearchEditor/SuperSearchEditor.uplugin
LogPluginManager: Loaded Plugin AlembicImporter, From C:/Program Files/Epic Games/UE_4.14/Engine/Plugins/Experimental/AlembicImporter/AlembicImporter.uplugin
LogPluginManager: Loaded Plugin BlueprintStats, From C:/Program Files/Epic Games/UE_4.14/Engine/Plugins/Experimental/BlueprintStats/BlueprintStats.uplugin
LogPluginManager: Loaded Plugin CharacterAI, From C:/Program Files/Epic Games/UE_4.14/Engine/Plugins/Experimental/CharacterAI/CharacterAI.uplugin
LogPluginManager: Loaded Plugin CodeEditor, From C:/Program Files/Epic Games/UE_4.14/Engine/Plugins/Experimental/CodeEditor/CodeEditor.uplugin
LogPluginManager: Loaded Plugin CodeView, From C:/Program Files/Epic Games/UE_4.14/Engine/Plugins/Experimental/CodeView/CodeView.uplugin
LogPluginManager: Loaded Plugin HTML5Networking, From C:/Program Files/Epic Games/UE_4.14/Engine/Plugins/Experimental/HTML5Networking/HTML5Networking.uplugin
LogPluginManager: Loaded Plugin OSVR, From C:/Program Files/Epic Games/UE_4.14/Engine/Plugins/Experimental/OSVR/OSVR.uplugin
LogPluginManager: Loaded Plugin Phya, From C:/Program Files/Epic Games/UE_4.14/Engine/Plugins/Experimental/Phya/Phya.uplugin
LogPluginManager: Loaded Plugin SignificanceManager, From C:/Program Files/Epic Games/UE_4.14/Engine/Plugins/Experimental/SignificanceManager/SignificanceManager.uplugin
LogPluginManager: Loaded Plugin SimpleHMD, From C:/Program Files/Epic Games/UE_4.14/Engine/Plugins/Experimental/SimpleHMD/SimpleHMD.uplugin
LogPluginManager: Loaded Plugin StereoPanorama, From C:/Program Files/Epic Games/UE_4.14/Engine/Plugins/Experimental/StereoPanorama/StereoPanorama.uplugin
LogPluginManager: Loaded Plugin StructBox, From C:/Program Files/Epic Games/UE_4.14/Engine/Plugins/Experimental/StructBox/StructBox.uplugin
LogPluginManager: Loaded Plugin AndroidMedia, From C:/Program Files/Epic Games/UE_4.14/Engine/Plugins/Media/AndroidMedia/AndroidMedia.uplugin
LogPluginManager: Loaded Plugin AvfMedia, From C:/Program Files/Epic Games/UE_4.14/Engine/Plugins/Media/AvfMedia/AvfMedia.uplugin
LogPluginManager: Loaded Plugin MediaPlayerEditor, From C:/Program Files/Epic Games/UE_4.14/Engine/Plugins/Media/MediaPlayerEditor/MediaPlayerEditor.uplugin
LogPluginManager: Loaded Plugin WmfMedia, From C:/Program Files/Epic Games/UE_4.14/Engine/Plugins/Media/WmfMedia/WmfMedia.uplugin
LogPluginManager: Loaded Plugin MessagingDebugger, From C:/Program Files/Epic Games/UE_4.14/Engine/Plugins/Messaging/MessagingDebugger/MessagingDebugger.uplugin
LogPluginManager: Loaded Plugin TcpMessaging, From C:/Program Files/Epic Games/UE_4.14/Engine/Plugins/Messaging/TcpMessaging/TcpMessaging.uplugin
LogPluginManager: Loaded Plugin UdpMessaging, From C:/Program Files/Epic Games/UE_4.14/Engine/Plugins/Messaging/UdpMessaging/UdpMessaging.uplugin
LogPluginManager: Loaded Plugin LevelSequenceEditor, From C:/Program Files/Epic Games/UE_4.14/Engine/Plugins/MovieScene/LevelSequenceEditor/LevelSequenceEditor.uplugin
LogPluginManager: Loaded Plugin MatineeToLevelSequence, From C:/Program Files/Epic Games/UE_4.14/Engine/Plugins/MovieScene/MatineeToLevelSequence/MatineeToLevelSequence.uplugin
LogPluginManager: Loaded Plugin NetcodeUnitTest, From C:/Program Files/Epic Games/UE_4.14/Engine/Plugins/NetcodeUnitTest/NetcodeUnitTest/NetcodeUnitTest.uplugin
LogPluginManager: Loaded Plugin NUTUnrealEngine4, From C:/Program Files/Epic Games/UE_4.14/Engine/Plugins/NetcodeUnitTest/NUTUnrealEngine4/NUTUnrealEngine4.uplugin
LogPluginManager: Loaded Plugin OnlineSubsystemGameCircle, From C:/Program Files/Epic Games/UE_4.14/Engine/Plugins/Online/Android/OnlineSubsystemGameCircle/OnlineSubsystemGameCircle.uplugin
LogPluginManager: Loaded Plugin OnlineSubsystemGooglePlay, From C:/Program Files/Epic Games/UE_4.14/Engine/Plugins/Online/Android/OnlineSubsystemGooglePlay/OnlineSubsystemGooglePlay.uplugin
LogPluginManager: Loaded Plugin OnlineSubsystemIOS, From C:/Program Files/Epic Games/UE_4.14/Engine/Plugins/Online/IOS/OnlineSubsystemIOS/OnlineSubsystemIOS.uplugin
LogPluginManager: Loaded Plugin OnlineFramework, From C:/Program Files/Epic Games/UE_4.14/Engine/Plugins/Online/OnlineFramework/OnlineFramework.uplugin
LogPluginManager: Loaded Plugin OnlineSubsystem, From C:/Program Files/Epic Games/UE_4.14/Engine/Plugins/Online/OnlineSubsystem/OnlineSubsystem.uplugin
LogPluginManager: Loaded Plugin OnlineSubsystemAmazon, From C:/Program Files/Epic Games/UE_4.14/Engine/Plugins/Online/OnlineSubsystemAmazon/OnlineSubsystemAmazon.uplugin
LogPluginManager: Loaded Plugin OnlineSubsystemFacebook, From C:/Program Files/Epic Games/UE_4.14/Engine/Plugins/Online/OnlineSubsystemFacebook/OnlineSubsystemFacebook.uplugin
LogPluginManager: Loaded Plugin OnlineSubsystemNull, From C:/Program Files/Epic Games/UE_4.14/Engine/Plugins/Online/OnlineSubsystemNull/OnlineSubsystemNull.uplugin
LogPluginManager: Loaded Plugin OnlineSubsystemOculus, From C:/Program Files/Epic Games/UE_4.14/Engine/Plugins/Online/OnlineSubsystemOculus/OnlineSubsystemOculus.uplugin
LogPluginManager: Loaded Plugin OnlineSubsystemSteam, From C:/Program Files/Epic Games/UE_4.14/Engine/Plugins/Online/OnlineSubsystemSteam/OnlineSubsystemSteam.uplugin
LogPluginManager: Loaded Plugin OnlineSubsystemUtils, From C:/Program Files/Epic Games/UE_4.14/Engine/Plugins/Online/OnlineSubsystemUtils/OnlineSubsystemUtils.uplugin
LogPluginManager: Loaded Plugin IOSTapJoy, From C:/Program Files/Epic Games/UE_4.14/Engine/Plugins/Runtime/Advertising/IOSTapJoy/IOSTapJoy.uplugin
LogPluginManager: Loaded Plugin AnalyticsBlueprintLibrary, From C:/Program Files/Epic Games/UE_4.14/Engine/Plugins/Runtime/Analytics/AnalyticsBlueprintLibrary/AnalyticsBlueprintLibrary.uplugin
LogPluginManager: Loaded Plugin AnalyticsMulticast, From C:/Program Files/Epic Games/UE_4.14/Engine/Plugins/Runtime/Analytics/AnalyticsMulticast/AnalyticsMulticast.uplugin
LogPluginManager: Loaded Plugin Apsalar, From C:/Program Files/Epic Games/UE_4.14/Engine/Plugins/Runtime/Analytics/Apsalar/Apsalar.uplugin
LogPluginManager: Loaded Plugin FileLogging, From C:/Program Files/Epic Games/UE_4.14/Engine/Plugins/Runtime/Analytics/FileLogging/FileLogging.uplugin
LogPluginManager: Loaded Plugin Flurry, From C:/Program Files/Epic Games/UE_4.14/Engine/Plugins/Runtime/Analytics/Flurry/Flurry.uplugin
LogPluginManager: Loaded Plugin AndroidDeviceProfileSelector, From C:/Program Files/Epic Games/UE_4.14/Engine/Plugins/Runtime/AndroidDeviceProfileSelector/AndroidDeviceProfileSelector.uplugin
LogPluginManager: Loaded Plugin AndroidMoviePlayer, From C:/Program Files/Epic Games/UE_4.14/Engine/Plugins/Runtime/AndroidMoviePlayer/AndroidMoviePlayer.uplugin
LogPluginManager: Loaded Plugin AppleMoviePlayer, From C:/Program Files/Epic Games/UE_4.14/Engine/Plugins/Runtime/AppleMoviePlayer/AppleMoviePlayer.uplugin
LogPluginManager: Loaded Plugin ArchVisCharacter, From C:/Program Files/Epic Games/UE_4.14/Engine/Plugins/Runtime/ArchVisCharacter/ArchVisCharacter.uplugin
LogPluginManager: Loaded Plugin CableComponent, From C:/Program Files/Epic Games/UE_4.14/Engine/Plugins/Runtime/CableComponent/CableComponent.uplugin
LogPluginManager: Loaded Plugin CustomMeshComponent, From C:/Program Files/Epic Games/UE_4.14/Engine/Plugins/Runtime/CustomMeshComponent/CustomMeshComponent.uplugin
LogPluginManager: Loaded Plugin ExampleDeviceProfileSelector, From C:/Program Files/Epic Games/UE_4.14/Engine/Plugins/Runtime/ExampleDeviceProfileSelector/ExampleDeviceProfileSelector.uplugin
LogPluginManager: Loaded Plugin GearVR, From C:/Program Files/Epic Games/UE_4.14/Engine/Plugins/Runtime/GearVR/GearVR.uplugin
LogPluginManager: Loaded Plugin GoogleVRController, From C:/Program Files/Epic Games/UE_4.14/Engine/Plugins/Runtime/GoogleVR/GoogleVRController/GoogleVRController.uplugin
LogPluginManager: Loaded Plugin GoogleVRHMD, From C:/Program Files/Epic Games/UE_4.14/Engine/Plugins/Runtime/GoogleVR/GoogleVRHMD/GoogleVRHMD.uplugin
LogPluginManager: Loaded Plugin IOSDeviceProfileSelector, From C:/Program Files/Epic Games/UE_4.14/Engine/Plugins/Runtime/IOSDeviceProfileSelector/IOSDeviceProfileSelector.uplugin
LogPluginManager: Loaded Plugin LeapMotion, From C:/Program Files/Epic Games/UE_4.14/Engine/Plugins/Runtime/LeapMotion/LeapMotion.uplugin
LogPluginManager: Loaded Plugin LinuxDeviceProfileSelector, From C:/Program Files/Epic Games/UE_4.14/Engine/Plugins/Runtime/LinuxDeviceProfileSelector/LinuxDeviceProfileSelector.uplugin
LogPluginManager: Loaded Plugin MIDIDevice, From C:/Program Files/Epic Games/UE_4.14/Engine/Plugins/Runtime/MIDIDevice/MIDIDevice.uplugin
LogPluginManager: Loaded Plugin MobilePatchingUtils, From C:/Program Files/Epic Games/UE_4.14/Engine/Plugins/Runtime/MobilePatchingUtils/MobilePatchingUtils.uplugin
LogPluginManager: Loaded Plugin Ansel, From C:/Program Files/Epic Games/UE_4.14/Engine/Plugins/Runtime/Nvidia/Ansel/Ansel.uplugin
LogPluginManager: Loaded Plugin OculusAudio, From C:/Program Files/Epic Games/UE_4.14/Engine/Plugins/Runtime/OculusAudio/OculusAudio.uplugin
LogPluginManager: Loaded Plugin OculusInput, From C:/Program Files/Epic Games/UE_4.14/Engine/Plugins/Runtime/OculusInput/OculusInput.uplugin
LogPluginManager: Loaded Plugin OculusLibrary, From C:/Program Files/Epic Games/UE_4.14/Engine/Plugins/Runtime/OculusLibrary/OculusLibrary.uplugin
LogPluginManager: Loaded Plugin OculusRift, From C:/Program Files/Epic Games/UE_4.14/Engine/Plugins/Runtime/OculusRift/OculusRift.uplugin
LogPluginManager: Loaded Plugin Oodle, From C:/Program Files/Epic Games/UE_4.14/Engine/Plugins/Runtime/PacketHandlers/CompressionComponents/Oodle/Oodle.uplugin
LogPluginManager: Loaded Plugin ProceduralMeshComponent, From C:/Program Files/Epic Games/UE_4.14/Engine/Plugins/Runtime/ProceduralMeshComponent/ProceduralMeshComponent.uplugin
LogPluginManager: Loaded Plugin SoundMod, From C:/Program Files/Epic Games/UE_4.14/Engine/Plugins/Runtime/SoundMod/SoundMod.uplugin
LogPluginManager: Loaded Plugin SoundVisualizations, From C:/Program Files/Epic Games/UE_4.14/Engine/Plugins/Runtime/SoundVisualizations/SoundVisualizations.uplugin
LogPluginManager: Loaded Plugin SteamController, From C:/Program Files/Epic Games/UE_4.14/Engine/Plugins/Runtime/Steam/SteamController/SteamController.uplugin
LogPluginManager: Loaded Plugin SteamVR, From C:/Program Files/Epic Games/UE_4.14/Engine/Plugins/Runtime/Steam/SteamVR/SteamVR.uplugin
LogPluginManager: Loaded Plugin WebBrowserWidget, From C:/Program Files/Epic Games/UE_4.14/Engine/Plugins/Runtime/WebBrowserWidget/WebBrowserWidget.uplugin
LogPluginManager: Loaded Plugin WindowsDeviceProfileSelector, From C:/Program Files/Epic Games/UE_4.14/Engine/Plugins/Runtime/WindowsDeviceProfileSelector/WindowsDeviceProfileSelector.uplugin
LogPluginManager: Loaded Plugin WindowsMoviePlayer, From C:/Program Files/Epic Games/UE_4.14/Engine/Plugins/Runtime/WindowsMoviePlayer/WindowsMoviePlayer.uplugin
LogPluginManager: Loaded Plugin ScriptPlugin, From C:/Program Files/Epic Games/UE_4.14/Engine/Plugins/ScriptPlugin/ScriptPlugin.uplugin
LogPluginManager: Loaded Plugin SlateRemote, From C:/Program Files/Epic Games/UE_4.14/Engine/Plugins/Slate/SlateRemote/SlateRemote.uplugin
LogPluginManager: Loaded Plugin EditorTests, From C:/Program Files/Epic Games/UE_4.14/Engine/Plugins/Tests/EditorTests/EditorTests.uplugin
LogPluginManager: Loaded Plugin FbxAutomationTestBuilder, From C:/Program Files/Epic Games/UE_4.14/Engine/Plugins/Tests/FbxAutomationTestBuilder/FbxAutomationTestBuilder.uplugin
LogPluginManager: Loaded Plugin FunctionalTestingEditor, From C:/Program Files/Epic Games/UE_4.14/Engine/Plugins/Tests/FunctionalTestingEditor/FunctionalTestingEditor.uplugin
LogPluginManager: Loaded Plugin RuntimeTests, From C:/Program Files/Epic Games/UE_4.14/Engine/Plugins/Tests/RuntimeTests/RuntimeTests.uplugin
LogPluginManager: Loaded Plugin ScreenshotTools, From C:/Program Files/Epic Games/UE_4.14/Engine/Plugins/Tests/ScreenshotTools/ScreenshotTools.uplugin
LogInit: Using libcurl 7.47.1
LogInit:  - built for x86_64-pc-win32
LogInit:  - supports SSL with OpenSSL/1.0.2g
LogInit:  - supports HTTP deflate (compression) using libz 1.2.8
LogInit:  - other features:
LogInit:      CURL_VERSION_SSL
LogInit:      CURL_VERSION_LIBZ
LogInit:      CURL_VERSION_IPV6
LogInit:      CURL_VERSION_ASYNCHDNS
LogInit:      CURL_VERSION_LARGEFILE
LogInit:      CURL_VERSION_IDN
LogInit:  CurlRequestOptions (configurable via config and command line):
LogInit:  - bVerifyPeer = false  - Libcurl will NOT verify peer certificate
LogInit:  - bUseHttpProxy = false  - Libcurl will NOT use HTTP proxy
LogInit:  - bDontReuseConnections = false  - Libcurl will reuse connections
LogInit:  - CertBundlePath = nullptr  - Libcurl will use whatever was configured at build time.
LogInit: Build: ++UE4+Release-4.14-CL-3249277
LogInit: Engine Version: 4.14.3-3249277+++UE4+Release-4.14
LogInit: Compatible Engine Version: 4.14.0-3195953+++UE4+Release-4.14
LogInit: Net CL: 3195953
LogDevObjectVersion: Number of dev versions registered: 13
LogDevObjectVersion:   Dev-Blueprints (B0D832E4-1F89-4F0D-ACCF-7EB736FD4AA2): 7
LogDevObjectVersion:   Dev-Build (E1C64328-A22C-4D53-A36C-8E866417BD8C): 0
LogDevObjectVersion:   Dev-Core (375EC13C-06E4-48FB-B500-84F0262A717E): 1
LogDevObjectVersion:   Dev-Editor (E4B068ED-F494-42E9-A231-DA0B2E46BB41): 8
LogDevObjectVersion:   Dev-Framework (CFFC743F-43B0-4480-9391-14DF171D2073): 17
LogDevObjectVersion:   Dev-Mobile (B02B49B5-BB20-44E9-A304-32B752E40360): 0
LogDevObjectVersion:   Dev-Networking (A4E4105C-59A1-49B5-A7C5-40C4547EDFEE): 0
LogDevObjectVersion:   Dev-Online (39C831C9-5AE6-47DC-9A44-9C173E1C8E7C): 0
LogDevObjectVersion:   Dev-Physics (78F01B33-EBEA-4F98-B9B4-84EACCB95AA2): 0
LogDevObjectVersion:   Dev-Platform (6631380F-2D4D-43E0-8009-CF276956A95A): 0
LogDevObjectVersion:   Dev-Rendering (12F88B9F-8875-4AFC-A67C-D90C383ABD29): 12
LogDevObjectVersion:   Dev-Sequencer (7B5AE74C-D270-4C10-A958-57980B212A5A): 1
LogDevObjectVersion:   Dev-VR (D7296918-1DD6-4BDD-9DE2-64A83CC13884): 0
LogInit: Compiled (64-bit): Jan  6 2017 10:49:43
LogInit: Compiled with Visual C++: 19.00.23026.00
LogInit: Build Configuration: Development
LogInit: Branch Name: ++UE4+Release-4.14
LogInit: Command line: -EpicPortal 
LogInit: Base directory: C:/Program Files/Epic Games/UE_4.14/Engine/Binaries/Win64/
LogInit: Installed Engine Build: 1
LogInit: Presizing for max 8388607 objects, including 0 objects not considered by GC, pre-allocating 0 bytes for permanent pool.
LogInit: Object subsystem initialized
[2017.03.07-00.30.25:512][  0]LogInit: Selected Device Profile: [Windows]
[2017.03.07-00.30.25:512][  0]LogInit: Applying CVar settings loaded from the selected device profile: [Windows]
[2017.03.07-00.30.25:521][  0]LogInit: Computer: ARCTURUS
[2017.03.07-00.30.25:521][  0]LogInit: User: Braden
[2017.03.07-00.30.25:521][  0]LogInit: CPU Page size=65536, Cores=4
[2017.03.07-00.30.25:521][  0]LogInit: High frequency timer resolution =2.338345 MHz
[2017.03.07-00.30.25:521][  0]LogMemory: Memory total: Physical=7.9GB (8GB approx)
[2017.03.07-00.30.25:521][  0]LogMemory: Platform Memory Stats for Windows
[2017.03.07-00.30.25:521][  0]LogMemory: Process Physical Memory: 264.68 MB used, 264.68 MB peak
[2017.03.07-00.30.25:521][  0]LogMemory: Process Virtual Memory: 262.50 MB used, 262.50 MB peak
[2017.03.07-00.30.25:521][  0]LogMemory: Physical Memory: 5877.21 MB used,  2227.06 MB free, 8104.27 MB total
[2017.03.07-00.30.25:521][  0]LogMemory: Virtual Memory: 689.43 MB used,  2227.06 MB free, 134217728.00 MB total
[2017.03.07-00.30.25:562][  0]LogTextLocalizationManager: No specific translations for ('en-US') exist, so ('en') translations will be used.
[2017.03.07-00.30.26:277][  0]LogD3D11RHI: D3D11 adapters:
[2017.03.07-00.30.26:315][  0]LogD3D11RHI:    0. 'Intel(R) HD Graphics 4600' (Feature Level 11_0)
[2017.03.07-00.30.26:315][  0]LogD3D11RHI:       0/0/1792 MB DedicatedVideo/DedicatedSystem/SharedSystem, Outputs:2, VendorId:0x8086
[2017.03.07-00.30.26:343][  0]LogD3D11RHI:    1. 'NVIDIA GeForce GT 755M' (Feature Level 11_0)
[2017.03.07-00.30.26:343][  0]LogD3D11RHI:       1977/0/4052 MB DedicatedVideo/DedicatedSystem/SharedSystem, Outputs:0, VendorId:0x10de
[2017.03.07-00.30.26:344][  0]LogD3D11RHI:    2. 'Microsoft Basic Render Driver' (Feature Level 11_0)
[2017.03.07-00.30.26:344][  0]LogD3D11RHI:       0/0/256 MB DedicatedVideo/DedicatedSystem/SharedSystem, Outputs:0, VendorId:0x1414
[2017.03.07-00.30.26:344][  0]LogD3D11RHI: Chosen D3D11 Adapter: 1
[2017.03.07-00.30.26:352][  0]LogD3D11RHI: Creating new Direct3DDevice
[2017.03.07-00.30.26:352][  0]LogD3D11RHI:     GPU DeviceId: 0xfcd (for the marketing name, search the web for "GPU Device Id")
[2017.03.07-00.30.26:352][  0]LogWindows: EnumDisplayDevices:
[2017.03.07-00.30.26:352][  0]LogWindows:    0. 'Intel(R) HD Graphics 4600' (P:1 D:1)
[2017.03.07-00.30.26:352][  0]LogWindows:    1. 'Intel(R) HD Graphics 4600' (P:0 D:1)
[2017.03.07-00.30.26:352][  0]LogWindows:    2. 'Intel(R) HD Graphics 4600' (P:0 D:0)
[2017.03.07-00.30.26:352][  0]LogWindows:    3. 'NVIDIA GeForce GT 755M' (P:0 D:0)
[2017.03.07-00.30.26:353][  0]LogWindows: DebugString: PrimaryIsNotTheChoosenAdapter PrimaryIsNotTheChoosenAdapter PrimaryIsNotTheChoosenAdapter 
[2017.03.07-00.30.26:353][  0]LogD3D11RHI:     Adapter Name: NVIDIA GeForce GT 755M
[2017.03.07-00.30.26:353][  0]LogD3D11RHI:   Driver Version: 378.66 (internal:21.21.13.7866, unified:378.66)
[2017.03.07-00.30.26:353][  0]LogD3D11RHI:      Driver Date: 2-9-2017
[2017.03.07-00.30.26:353][  0]LogRHI: Texture pool is 1361 MB (70% of 1945 MB)
[2017.03.07-00.30.26:371][  0]LogD3D11RHI:Warning: Timestamp queries are currently disabled on this hardware due to instability. Realtime GPU stats will not be available. You can override this behaviour by setting r.NVIDIATimestampWorkaround to 0
[2017.03.07-00.30.26:371][  0]LogD3D11RHI: Async texture creation enabled
[2017.03.07-00.30.26:393][  0]LogD3D11RHI: GPU Timing Frequency: 1000.000000 (Debug: 2 2)
[2017.03.07-00.30.26:396][  0]LogShaderCompilers: Guid format shader working directory is -20 characters bigger than the processId version (../../../../../../Users/Braden/Documents/GitHub/ChimeraGames/Abyss/Intermediate/Shaders/WorkingDirectory/19816/).
[2017.03.07-00.30.26:396][  0]LogShaderCompilers: Cleaned the shader compiler working directory 'C:/Users/Braden/AppData/Local/Temp/UnrealShaderWorkingDir/14E6FC894A72216A84509C8AE55E45A5/'.
[2017.03.07-00.30.26:396][  0]LogShaderCompilers:Display: Using Local Shader Compiler.
[2017.03.07-00.30.27:495][  0]LogTemp:Display: Loaded TP AllDesktopTargetPlatform
[2017.03.07-00.30.27:538][  0]LogTemp:Display: Loaded TP MacClientTargetPlatform
[2017.03.07-00.30.27:582][  0]LogTemp:Display: Loaded TP MacNoEditorTargetPlatform
[2017.03.07-00.30.27:626][  0]LogTemp:Display: Loaded TP MacServerTargetPlatform
[2017.03.07-00.30.27:668][  0]LogTemp:Display: Loaded TP MacTargetPlatform
[2017.03.07-00.30.27:714][  0]LogTemp:Display: Loaded TP WindowsClientTargetPlatform
[2017.03.07-00.30.27:758][  0]LogTemp:Display: Loaded TP WindowsNoEditorTargetPlatform
[2017.03.07-00.30.27:809][  0]LogTemp:Display: Loaded TP WindowsServerTargetPlatform
[2017.03.07-00.30.27:844][  0]LogTemp:Display: Loaded TP WindowsTargetPlatform
[2017.03.07-00.30.27:889][  0]LogTemp:Display: Loaded TP AndroidTargetPlatform
[2017.03.07-00.30.27:932][  0]LogTemp:Display: Loaded TP Android_ASTCTargetPlatform
[2017.03.07-00.30.27:976][  0]LogTemp:Display: Loaded TP Android_ATCTargetPlatform
[2017.03.07-00.30.28:019][  0]LogTemp:Display: Loaded TP Android_DXTTargetPlatform
[2017.03.07-00.30.28:063][  0]LogTemp:Display: Loaded TP Android_ETC1TargetPlatform
[2017.03.07-00.30.28:105][  0]LogTemp:Display: Loaded TP Android_ETC2TargetPlatform
[2017.03.07-00.30.28:188][  0]LogTemp:Display: Loaded TP Android_MultiTargetPlatform
[2017.03.07-00.30.28:188][  0]LogTemp:Display: Loaded TP Android_PVRTCTargetPlatform
[2017.03.07-00.30.28:211][  0]LogTemp:Display: Loaded TP HTML5TargetPlatform
[2017.03.07-00.30.28:278][  0]LogTemp:Display: Loaded TP IOSTargetPlatform
[2017.03.07-00.30.28:307][  0]LogTemp:Display: Loaded TP TVOSTargetPlatform
[2017.03.07-00.30.28:345][  0]LogTemp:Display: Loaded TP LinuxClientTargetPlatform
[2017.03.07-00.30.28:386][  0]LogTemp:Display: Loaded TP LinuxNoEditorTargetPlatform
[2017.03.07-00.30.28:427][  0]LogTemp:Display: Loaded TP LinuxServerTargetPlatform
[2017.03.07-00.30.28:471][  0]LogTemp:Display: Loaded TP LinuxTargetPlatform
[2017.03.07-00.30.28:471][  0]LogTargetPlatformManager:Display: Building Assets For Windows
[2017.03.07-00.30.28:713][  0]LogDerivedDataCache:Display: Max Cache Size: 512 MB
[2017.03.07-00.30.28:787][  0]LogDerivedDataCache: Loaded boot cache 0.07s 52MB C:/Users/Braden/AppData/Local/UnrealEngine/4.14/DerivedDataCache/Boot.ddc.
[2017.03.07-00.30.28:787][  0]LogDerivedDataCache:Display: Loaded Boot cache: C:/Users/Braden/AppData/Local/UnrealEngine/4.14/DerivedDataCache/Boot.ddc
[2017.03.07-00.30.28:787][  0]LogDerivedDataCache: FDerivedDataBackendGraph:  Pak pak cache file ../../../../../../Users/Braden/Documents/GitHub/ChimeraGames/Abyss/DerivedDataCache/DDC.ddp not found, will not use a pak cache.
[2017.03.07-00.30.28:787][  0]LogDerivedDataCache: Unable to find inner node Pak for hierarchical cache Hierarchy.
[2017.03.07-00.30.28:787][  0]LogDerivedDataCache: FDerivedDataBackendGraph:  CompressedPak pak cache file ../../../../../../Users/Braden/Documents/GitHub/ChimeraGames/Abyss/DerivedDataCache/Compressed.ddp not found, will not use a pak cache.
[2017.03.07-00.30.28:787][  0]LogDerivedDataCache: Unable to find inner node CompressedPak for hierarchical cache Hierarchy.
[2017.03.07-00.30.28:805][  0]LogDerivedDataCache:Display: Pak cache opened for reading ../../../Engine/DerivedDataCache/Compressed.ddp.
[2017.03.07-00.30.28:817][  0]LogDerivedDataCache: Using Local data cache path C:/Users/Braden/AppData/Local/UnrealEngine/Common/DerivedDataCache: Writable
[2017.03.07-00.30.29:021][  0]LogInit: Selected Device Profile: [Windows]
[2017.03.07-00.30.29:023][  0]LogContentStreaming: Texture pool size is 0.00 MB
[2017.03.07-00.30.29:193][  0]LogMeshUtilities: Using QuadricMeshReduction for automatic static mesh reduction
[2017.03.07-00.30.29:219][  0]LogSimplygon: Simplygon DLL not present - disabling.
[2017.03.07-00.30.29:245][  0]LogMeshUtilities: Using SimplygonSwarm for distributed automatic mesh merging
[2017.03.07-00.30.29:245][  0]LogMeshUtilities: No automatic skeletal mesh reduction module available
[2017.03.07-00.30.29:245][  0]LogMeshUtilities: No automatic mesh merging module available
[2017.03.07-00.30.29:786][  0]LogNetVersion: GetLocalNetworkVersion: CL: 3195953, ProjectName: abyss, ProjectVersion: , EngineNetworkVersion: 2, GameNetworkVersion: 0, NetworkChecksum: 1595127573
[2017.03.07-00.30.29:836][  0]LogAssetRegistry: FAssetRegistry took 0.0228 seconds to start up
[2017.03.07-00.30.29:869][  0]LogPackageLocalizationCache: Processed 3 localized package path(s) for 2 prioritized culture(s) in 0.020232 seconds
[2017.03.07-00.30.29:875][  0]LogUObjectArray: 31890 objects as part of root set at end of initial load.
[2017.03.07-00.30.29:875][  0]LogUObjectAllocator: 6922368 out of 0 bytes used by permanent object pool.
[2017.03.07-00.30.29:875][  0]LogUObjectArray: CloseDisregardForGC: 0/0 objects in disregard for GC pool
[2017.03.07-00.30.29:911][  0]LogInit: WinSock: version 1.1 (2.2), MaxSocks=32767, MaxUdp=65467
[2017.03.07-00.30.30:441][  0]LogSlate: Using Freetype 2.6.0
[2017.03.07-00.30.30:442][  0]LogSlate: SlateFontCache - WITH_FREETYPE: 1, WITH_HARFBUZZ: 1
[2017.03.07-00.30.30:442][  0]LogSlate: SlateFontCache - WITH_FREETYPE: 1, WITH_HARFBUZZ: 1
[2017.03.07-00.30.31:342][  0]LogMaterial: Uniform references updated for custom material expression Custom.
[2017.03.07-00.30.31:630][  0]SourceControl: Info Source control is disabled
[2017.03.07-00.30.32:520][  0]LogEngine: Initializing Engine...
[2017.03.07-00.30.32:722][  0]LogAIModule: Creating AISystem for world Untitled
[2017.03.07-00.30.32:733][  0]LogInit: XAudio2 using 'Speakers (Realtek High Definition Audio)' : 2 channels at 44.1 kHz using 16 bits per sample (channel mask 0x3)
[2017.03.07-00.30.32:744][  0]LogInit: FAudioDevice initialized.
[2017.03.07-00.30.32:786][  0]LogDerivedDataCache: Saved boot cache 0.04s 52MB C:/Users/Braden/AppData/Local/UnrealEngine/4.14/DerivedDataCache/Boot.ddc.
[2017.03.07-00.30.32:793][  0]LogInit: Texture streaming: Enabled
[2017.03.07-00.30.32:909][  0]LogInit: Transaction tracking system initialized
[2017.03.07-00.30.33:120][  0]BlueprintLog: New page: Editor Load
[2017.03.07-00.30.33:753][  0]LocalizationService: Info Localization service is disabled
[2017.03.07-00.30.33:976][  0]LogModuleManager:Warning: No filename provided for module TcpMessaging
[2017.03.07-00.30.33:977][  0]LogModuleManager:Warning: ModuleManager: Unable to load module 'TcpMessaging' because the file 'C:/Program Files/Epic Games/UE_4.14/Engine/Binaries/Win64/' was not found.
[2017.03.07-00.30.34:390][  0]LogConsoleResponse:Display: 
[2017.03.07-00.30.34:518][  0]LogCook:Display: Max memory allowance for cook 16384mb min free memory 0mb
[2017.03.07-00.30.34:518][  0]LogCook:Display: Mobile HDR setting 1
[2017.03.07-00.30.35:075][  0]LogFileCache: Scanning file cache for directory 'C:/Users/Braden/Documents/GitHub/ChimeraGames/Abyss/Content/' took 0.01s
[2017.03.07-00.30.35:075][  0]Cmd: MAP LOAD FILE="../../../../../../Users/Braden/Documents/GitHub/ChimeraGames/Abyss/Content/Maps-Levels/startMenu.umap" TEMPLATE=0 SHOWPROGRESS=1 FEATURELEVEL=3
[2017.03.07-00.30.35:076][  0]LightingResults: New page: Lighting Build
[2017.03.07-00.30.35:104][  0]MapCheck: New page: Map Check
[2017.03.07-00.30.35:104][  0]LightingResults: New page: Lighting Build
[2017.03.07-00.30.35:220][  0]LogAIModule: Creating AISystem for world startMenu
[2017.03.07-00.30.35:221][  0]LogEditorServer: Finished looking for orphan Actors (0.000 secs)
[2017.03.07-00.30.35:221][  0]Cmd: MAP CHECKDEP NOCLEARLOG
[2017.03.07-00.30.35:254][  0]MapCheck: Info Map check complete: 0 Error(s), 0 Warning(s), took 32.729ms to complete.
[2017.03.07-00.30.35:254][  0]LogFileHelpers: Loading map 'startMenu' took 0.178
[2017.03.07-00.30.35:416][  0]LogCollectionManager: Loaded 0 collections in 0.001963 seconds
[2017.03.07-00.30.35:484][  0]LogFileCache: Scanning file cache for directory 'C:/Users/Braden/Documents/GitHub/ChimeraGames/Abyss/Saved/Collections/' took 0.01s
[2017.03.07-00.30.35:484][  0]LogFileCache: Scanning file cache for directory 'C:/Users/Braden/Documents/GitHub/ChimeraGames/Abyss/Content/Developers/Braden/Collections/' took 0.01s
[2017.03.07-00.30.35:484][  0]LogFileCache: Scanning file cache for directory 'C:/Users/Braden/Documents/GitHub/ChimeraGames/Abyss/Content/Collections/' took 0.01s
[2017.03.07-00.30.35:484][  0]LogCollectionManager: Rebuilt the GUID cache for 0 collections in 0.000003 seconds
[2017.03.07-00.30.35:493][  0]LogContentBrowser: Native class hierarchy populated in 0.0091 seconds. Added 2178 classes and 401 folders.
[2017.03.07-00.30.35:523][  0]LogStats: UGameplayTagsManager::ConstructGameplayTagTree: Construct from data asset -  0.000 s
[2017.03.07-00.30.35:523][  0]LogStats: UGameplayTagsManager::ConstructGameplayTagTree: GameplayTagTreeChangedEvent.Broadcast -  0.000 s
[2017.03.07-00.30.35:524][  0]LogContentBrowser: Native class hierarchy updated for 'GameplayTags' in 0.0008 seconds. Added 13 classes and 0 folders.
[2017.03.07-00.30.35:571][  0]LogContentBrowser: Native class hierarchy updated for 'WidgetCarousel' in 0.0005 seconds. Added 0 classes and 0 folders.
[2017.03.07-00.30.35:604][  0]LogContentBrowser: Native class hierarchy updated for 'AddContentDialog' in 0.0007 seconds. Added 0 classes and 0 folders.
[2017.03.07-00.30.35:638][  0]LogContentBrowser: Native class hierarchy updated for 'SceneOutliner' in 0.0005 seconds. Added 1 classes and 2 folders.
[2017.03.07-00.30.35:667][  0]LogCrashTracker: Crashtracker disabled due to settings.
[2017.03.07-00.30.35:673][  0]LogUObjectGlobals:Warning: Failed to find object 'Class None.'
[2017.03.07-00.30.35:724][  0]LogContentBrowser: Native class hierarchy updated for 'HierarchicalLODOutliner' in 0.0005 seconds. Added 1 classes and 2 folders.
[2017.03.07-00.30.35:725][  0]LogLoad: (Engine Initialization) Total time: 13.92 seconds
[2017.03.07-00.30.35:725][  0]LogLoad: (Engine Initialization) Total Blueprint compile time: 0.05 seconds
[2017.03.07-00.30.35:725][  0]LogExternalProfiler: Found external profiler: VSPerf
[2017.03.07-00.30.35:725][  0]LogExternalProfiler: Using external profiler: VSPerf
[2017.03.07-00.30.35:762][  0]SourceControl: Info On branch master
[2017.03.07-00.30.35:762][  0]SourceControl: Info Your branch is up-to-date with 'origin/master'.
[2017.03.07-00.30.35:762][  0]SourceControl: Info Changes not staged for commit:
[2017.03.07-00.30.35:762][  0]SourceControl: Info   (use "git add/rm <file>..." to update what will be committed)
[2017.03.07-00.30.35:762][  0]SourceControl: Info   (use "git checkout -- <file>..." to discard changes in working directory)
[2017.03.07-00.30.35:762][  0]SourceControl: Info 	modified:   Abyss/Intermediate/CachedAssetRegistry.bin
[2017.03.07-00.30.35:762][  0]SourceControl: Info 	modified:   Abyss/Saved/Config/Windows/Editor.ini
[2017.03.07-00.30.35:762][  0]SourceControl: Info 	modified:   Abyss/Saved/Config/Windows/Engine.ini
[2017.03.07-00.30.35:762][  0]SourceControl: Info 	deleted:    Abyss/Saved/Logs/Abyss-backup-2017.03.05-19.03.22.log
[2017.03.07-00.30.35:762][  0]SourceControl: Info 	deleted:    Abyss/Saved/Logs/Abyss-backup-2017.03.05-19.07.55.log
[2017.03.07-00.30.35:762][  0]SourceControl: Info 	deleted:    Abyss/Saved/Logs/Abyss-backup-2017.03.05-19.15.12.log
[2017.03.07-00.30.35:762][  0]SourceControl: Info 	deleted:    Abyss/Saved/Logs/Abyss-backup-2017.03.05-19.47.14.log
[2017.03.07-00.30.35:762][  0]SourceControl: Info 	deleted:    Abyss/Saved/Logs/Abyss-backup-2017.03.05-22.42.07.log
[2017.03.07-00.30.35:762][  0]SourceControl: Info 	modified:   Abyss/Saved/Logs/Abyss.log
[2017.03.07-00.30.35:762][  0]SourceControl: Info 	deleted:    Abyss/Saved/Logs/Abyss_2-backup-2017.03.05-19.12.55.log
[2017.03.07-00.30.35:762][  0]SourceControl: Info Untracked files:
[2017.03.07-00.30.35:762][  0]SourceControl: Info   (use "git add <file>..." to include in what will be committed)
[2017.03.07-00.30.35:762][  0]SourceControl: Info 	Abyss/Saved/Logs/Abyss-backup-2017.03.06-19.30.25.log
[2017.03.07-00.30.35:762][  0]SourceControl: Info 	Abyss/Saved/Logs/UE4CC-Windows-F08439154CD9D673E419BF8ACDDA7619/
[2017.03.07-00.30.35:762][  0]SourceControl: Info no changes added to commit (use "git add" and/or "git commit -a")
[2017.03.07-00.30.35:763][  0]LogContentStreaming: Texture pool size now 400 MB
[2017.03.07-00.30.35:911][  0]LogRenderer: Reallocating scene render targets to support 932x456 NumSamples 1 (Frame:2).
[2017.03.07-00.30.35:984][  1]LogAssetRegistry: Asset discovery search completed in 6.1709 seconds
[2017.03.07-00.30.35:985][  1]LogCollectionManager: Rebuilt the object cache for 0 collections in 0.000000 seconds (found 0 objects)
[2017.03.07-00.30.35:985][  1]LogCollectionManager: Fixed up redirectors for 0 collections in 0.000015 seconds (updated 0 objects)
[2017.03.07-00.30.36:766][ 45]LogLinker:Warning: Can't find file '/Game/UMG/playerEquipment.playerEquipment'
[2017.03.07-00.30.38:219][ 45]LogContentBrowser: Native class hierarchy updated for 'BlueprintGraph' in 0.0010 seconds. Added 111 classes and 0 folders.
[2017.03.07-00.35.33:640][948]BlueprintLog: New page: Compile AbyssGameInstance
[2017.03.07-00.36.38:943][713]LogEditorTransaction: Undo Move Node
[2017.03.07-00.36.39:511][727]LogEditorTransaction: Undo Change Number Pin Value
[2017.03.07-00.39.37:875][382]BlueprintLog: New page: Compile BattleHUD
[2017.03.07-00.39.38:158][382]BlueprintEditorCompileResults: Info The execution path doesn't end with a return node.  CastFailed
[2017.03.07-00.39.38:158][382]BlueprintEditorCompileResults: Info The execution path doesn't end with a return node.  CastFailed
[2017.03.07-00.40.35:178][643]Cmd: OBJ SAVEPACKAGE PACKAGE="/Game/UMG/BattleHUD" FILE="../../../../../../Users/Braden/Documents/GitHub/ChimeraGames/Abyss/Content/UMG/BattleHUD.uasset" SILENT=true
[2017.03.07-00.40.35:464][643]LogSavePackage: Save=227.41ms
[2017.03.07-00.40.35:464][643]LogSavePackage: Moving '../../../../../../Users/Braden/Documents/GitHub/ChimeraGames/Abyss/Saved/BattleHUDB4E2B74A47F7F522D81BA4837D19790D.tmp' to '../../../../../../Users/Braden/Documents/GitHub/ChimeraGames/Abyss/Content/UMG/BattleHUD.uasset'
[2017.03.07-00.40.35:465][643]LogSavePackage:Display: Finished SavePackage ../../../../../../Users/Braden/Documents/GitHub/ChimeraGames/Abyss/Content/UMG/BattleHUD.uasset
[2017.03.07-00.40.36:105][677]BlueprintLog: New page: Compile BattleHUD
[2017.03.07-00.40.36:414][677]BlueprintEditorCompileResults: Info The execution path doesn't end with a return node.  CastFailed
[2017.03.07-00.40.36:414][677]BlueprintEditorCompileResults: Info The execution path doesn't end with a return node.  CastFailed
[2017.03.07-00.42.12:545][228]Cmd: OBJ SAVEPACKAGE PACKAGE="/Game/UMG/BattleHUD" FILE="../../../../../../Users/Braden/Documents/GitHub/ChimeraGames/Abyss/Content/UMG/BattleHUD.uasset" SILENT=true
[2017.03.07-00.42.12:777][228]LogSavePackage: Save=185.91ms
[2017.03.07-00.42.12:777][228]LogSavePackage: Moving '../../../../../../Users/Braden/Documents/GitHub/ChimeraGames/Abyss/Saved/BattleHUD683208694DB4F8B2D3A87A9C5F1E128B.tmp' to '../../../../../../Users/Braden/Documents/GitHub/ChimeraGames/Abyss/Content/UMG/BattleHUD.uasset'
[2017.03.07-00.42.12:780][228]LogSavePackage:Display: Finished SavePackage ../../../../../../Users/Braden/Documents/GitHub/ChimeraGames/Abyss/Content/UMG/BattleHUD.uasset
[2017.03.07-00.42.13:124][248]BlueprintLog: New page: Compile BattleHUD
[2017.03.07-00.42.13:245][248]LogBlueprint:Error: [Compiler BattleHUD] Error The current value of the ' StructRef_Loot_33_95D2511440C85A5C76459C8DCBDC82F6 ' pin is invalid: Array inputs (like 'Loot') must have an input wired into them (try connecting a MakeArray node).
[2017.03.07-00.42.13:535][248]BlueprintEditorCompileResults:Error: Error The current value of the ' StructRef_Loot_33_95D2511440C85A5C76459C8DCBDC82F6 ' pin is invalid: Array inputs (like 'Loot') must have an input wired into them (try connecting a MakeArray node).
[2017.03.07-00.42.13:535][248]BlueprintEditorCompileResults: Info The execution path doesn't end with a return node.  CastFailed
[2017.03.07-00.42.13:535][248]BlueprintEditorCompileResults: Info The execution path doesn't end with a return node.  CastFailed
[2017.03.07-00.42.13:536][248]LogBlueprint:Warning: [Compiler BattleHUD] Warning [0711.73] Compile of BattleHUD failed. 1 Fatal Issue(s) 0 Warning(s) [in 410 ms] (/Game/UMG/BattleHUD.BattleHUD)
[2017.03.07-00.43.12:352][567]Cmd: OBJ SAVEPACKAGE PACKAGE="/Game/UMG/BattleHUD" FILE="../../../../../../Users/Braden/Documents/GitHub/ChimeraGames/Abyss/Content/UMG/BattleHUD.uasset" SILENT=true
[2017.03.07-00.43.12:592][567]LogSavePackage: Save=189.37ms
[2017.03.07-00.43.12:592][567]LogSavePackage: Moving '../../../../../../Users/Braden/Documents/GitHub/ChimeraGames/Abyss/Saved/BattleHUD0B58F49043C3EF131B964D9E4FD067C3.tmp' to '../../../../../../Users/Braden/Documents/GitHub/ChimeraGames/Abyss/Content/UMG/BattleHUD.uasset'
[2017.03.07-00.43.12:594][567]LogSavePackage:Display: Finished SavePackage ../../../../../../Users/Braden/Documents/GitHub/ChimeraGames/Abyss/Content/UMG/BattleHUD.uasset
[2017.03.07-00.43.12:959][588]BlueprintLog: New page: Compile BattleHUD
[2017.03.07-00.43.13:241][588]BlueprintEditorCompileResults: Info The execution path doesn't end with a return node.  CastFailed
[2017.03.07-00.43.13:241][588]BlueprintEditorCompileResults: Info The execution path doesn't end with a return node.  CastFailed
[2017.03.07-00.54.34:193][716]Cmd: OBJ SAVEPACKAGE PACKAGE="/Game/UMG/BattleHUD" FILE="../../../../../../Users/Braden/Documents/GitHub/ChimeraGames/Abyss/Content/UMG/BattleHUD.uasset" SILENT=true
[2017.03.07-00.54.34:460][716]LogSavePackage: Save=212.17ms
[2017.03.07-00.54.34:461][716]LogSavePackage: Moving '../../../../../../Users/Braden/Documents/GitHub/ChimeraGames/Abyss/Saved/BattleHUD53425B3A46E6D801EAA27CB3B00B38EE.tmp' to '../../../../../../Users/Braden/Documents/GitHub/ChimeraGames/Abyss/Content/UMG/BattleHUD.uasset'
[2017.03.07-00.54.34:463][716]LogSavePackage:Display: Finished SavePackage ../../../../../../Users/Braden/Documents/GitHub/ChimeraGames/Abyss/Content/UMG/BattleHUD.uasset
[2017.03.07-00.54.36:930][850]BlueprintLog: New page: Compile BattleHUD
[2017.03.07-00.54.37:240][850]BlueprintEditorCompileResults: Info The execution path doesn't end with a return node.  CastFailed
[2017.03.07-00.54.37:240][850]BlueprintEditorCompileResults: Info The execution path doesn't end with a return node.  CastFailed
[2017.03.07-00.54.58:910][130]LogTemp: Repeting last play command: Selected Viewport
[2017.03.07-00.54.58:941][130]LogBlueprintUserMessages: Early PlayInEditor Detection: Level '/Game/Maps-Levels/startMenu.startMenu:PersistentLevel' has LevelScriptBlueprint '/Game/Maps-Levels/startMenu.startMenu:PersistentLevel.startMenu' with GeneratedClass '/Game/Maps-Levels/startMenu.startMenu_C' with ClassGeneratedBy '/Game/Maps-Levels/startMenu.startMenu:PersistentLevel.startMenu'
[2017.03.07-00.54.58:941][130]LogPlayLevel: PlayLevel: No blueprints needed recompiling
[2017.03.07-00.54.58:944][130]PIE: New page: PIE session: startMenu (Mar 6, 2017, 2:54:58 PM)
[2017.03.07-00.54.58:947][130]LogPlayLevel: Creating play world package: /Game/Maps-Levels/UEDPIE_0_startMenu
[2017.03.07-00.54.58:949][130]LogPlayLevel: PIE: StaticDuplicateObject took: (0.001996s)
[2017.03.07-00.54.58:950][130]LogAIModule: Creating AISystem for world startMenu
[2017.03.07-00.54.58:951][130]LogPlayLevel: PIE: World Init took: (0.002144s)
[2017.03.07-00.54.58:951][130]LogPlayLevel: PIE: Created PIE world by copying editor world from /Game/Maps-Levels/startMenu.startMenu to /Game/Maps-Levels/UEDPIE_0_startMenu.startMenu (0.004761s)
[2017.03.07-00.54.58:983][130]LogInit: XAudio2 using 'Speakers (Realtek High Definition Audio)' : 2 channels at 44.1 kHz using 16 bits per sample (channel mask 0x3)
[2017.03.07-00.54.58:993][130]LogInit: FAudioDevice initialized.
[2017.03.07-00.54.59:103][130]LogLoad: Game class is 'abyssGameMode_C'
[2017.03.07-00.54.59:105][130]LogWorld: Bringing World /Game/Maps-Levels/UEDPIE_0_startMenu.startMenu up for play (max tick rate 60) at 2017.03.06-19.54.59
[2017.03.07-00.54.59:105][130]LogWorld: Bringing up level for play took: 0.000668
[2017.03.07-00.54.59:184][130]LogContentBrowser: Native class hierarchy updated for 'MovieSceneCapture' in 0.0008 seconds. Added 11 classes and 0 folders.
[2017.03.07-00.54.59:192][130]PIE: Info Play in editor start time for /Game/Maps-Levels/UEDPIE_0_startMenu 1.15
[2017.03.07-00.54.59:192][130]LogBlueprintUserMessages: Late PlayInEditor Detection: Level '/Game/Maps-Levels/startMenu.startMenu:PersistentLevel' has LevelScriptBlueprint '/Game/Maps-Levels/startMenu.startMenu:PersistentLevel.startMenu' with GeneratedClass '/Game/Maps-Levels/startMenu.startMenu_C' with ClassGeneratedBy '/Game/Maps-Levels/startMenu.startMenu:PersistentLevel.startMenu'
[2017.03.07-00.55.00:329][190]LogNet: Browse: /Game/Maps-Levels/Fort/Exploration/Fort_Exploration
[2017.03.07-00.55.00:331][190]LogLoad: LoadMap: /Game/Maps-Levels/Fort/Exploration/Fort_Exploration
[2017.03.07-00.55.00:391][190]Cmd: MEM
[2017.03.07-00.55.00:413][190]LogMemory: Platform Memory Stats for Windows
[2017.03.07-00.55.00:413][190]LogMemory: Process Physical Memory: 1510.53 MB used, 1520.46 MB peak
[2017.03.07-00.55.00:413][190]LogMemory: Process Virtual Memory: 1862.27 MB used, 1981.70 MB peak
[2017.03.07-00.55.00:413][190]LogMemory: Physical Memory: 7059.50 MB used,  1044.77 MB free, 8104.27 MB total
[2017.03.07-00.55.00:413][190]LogMemory: Virtual Memory: 2547.27 MB used,  1044.77 MB free, 134217728.00 MB total
[2017.03.07-00.55.00:413][190]LogMemory: 
[2017.03.07-00.55.00:413][190]Allocator Stats for TBB: (not implemented)
[2017.03.07-00.55.00:937][190]LogAIModule: Creating AISystem for world Fort_Exploration
[2017.03.07-00.55.00:937][190]LogLoad: Game class is 'abyssExplorationMode_C'
[2017.03.07-00.55.00:941][190]LogWorld: Bringing World /Game/Maps-Levels/Fort/Exploration/UEDPIE_0_Fort_Exploration.Fort_Exploration up for play (max tick rate 60) at 2017.03.06-19.55.00
[2017.03.07-00.55.00:960][190]LogWorld: Bringing up level for play took: 0.022003
[2017.03.07-00.55.00:966][190]LogLoad: Took 0.635237 seconds to LoadMap(/Game/Maps-Levels/Fort/Exploration/Fort_Exploration)
[2017.03.07-00.55.03:511][339]LogNet: Browse: /Game/Maps-Levels/Fort_Battle
[2017.03.07-00.55.03:511][339]LogLoad: LoadMap: /Game/Maps-Levels/Fort_Battle
[2017.03.07-00.55.03:544][339]Cmd: MEM
[2017.03.07-00.55.03:562][339]LogMemory: Platform Memory Stats for Windows
[2017.03.07-00.55.03:562][339]LogMemory: Process Physical Memory: 1572.09 MB used, 1572.09 MB peak
[2017.03.07-00.55.03:562][339]LogMemory: Process Virtual Memory: 1860.10 MB used, 1981.70 MB peak
[2017.03.07-00.55.03:562][339]LogMemory: Physical Memory: 7084.94 MB used,  1019.33 MB free, 8104.27 MB total
[2017.03.07-00.55.03:562][339]LogMemory: Virtual Memory: 2549.96 MB used,  1019.33 MB free, 134217728.00 MB total
[2017.03.07-00.55.03:562][339]LogMemory: 
[2017.03.07-00.55.03:562][339]Allocator Stats for TBB: (not implemented)
[2017.03.07-00.55.03:925][339]LogBlueprint:Warning: USimpleConstructionScript::FixupRootNodeParentReferences() - Couldn't find inherited parent component 'DefaultSceneRoot' for 'PaperSprite' in BlueprintGeneratedClass 'BS_Enemy_C' (it may have been removed)
[2017.03.07-00.55.03:965][339]LogStats: FPlatformStackWalk::StackWalkAndDump -  0.034 s
[2017.03.07-00.55.03:965][339]LogOutputDevice:Error: === Handled ensure: ===
[2017.03.07-00.55.03:965][339]LogOutputDevice:Error: 
[2017.03.07-00.55.03:965][339]LogOutputDevice:Error: Ensure condition failed: IsObjectValidForDatabase(AssetObject) [File:D:\Build\++UE4+Release-4.14+Compile\Sync\Engine\Source\Editor\BlueprintGraph\Private\BlueprintActionDatabase.cpp] [Line: 1263]
[2017.03.07-00.55.03:965][339]LogOutputDevice:Error: 
[2017.03.07-00.55.03:965][339]LogOutputDevice:Error: Stack: 
[2017.03.07-00.55.03:965][339]LogOutputDevice:Error: UE4Editor-Core.dll
[2017.03.07-00.55.03:965][339]LogOutputDevice:Error: UE4Editor-Core.dll
[2017.03.07-00.55.03:965][339]LogOutputDevice:Error: UE4Editor-Core.dll
[2017.03.07-00.55.03:965][339]LogOutputDevice:Error: UE4Editor-BlueprintGraph.dll
[2017.03.07-00.55.03:965][339]LogOutputDevice:Error: UE4Editor-BlueprintGraph.dll
[2017.03.07-00.55.03:965][339]LogOutputDevice:Error: UE4Editor-CoreUObject.dll
[2017.03.07-00.55.03:965][339]LogOutputDevice:Error: UE4Editor-CoreUObject.dll
[2017.03.07-00.55.03:965][339]LogOutputDevice:Error: UE4Editor-CoreUObject.dll
[2017.03.07-00.55.03:965][339]LogOutputDevice:Error: UE4Editor-CoreUObject.dll
[2017.03.07-00.55.03:965][339]LogOutputDevice:Error: UE4Editor-Engine.dll
[2017.03.07-00.55.03:965][339]LogOutputDevice:Error: UE4Editor-Engine.dll
[2017.03.07-00.55.03:965][339]LogOutputDevice:Error: UE4Editor-Engine.dll
[2017.03.07-00.55.03:965][339]LogOutputDevice:Error: UE4Editor-UnrealEd.dll
[2017.03.07-00.55.03:965][339]LogOutputDevice:Error: UE4Editor-UnrealEd.dll
[2017.03.07-00.55.03:965][339]LogOutputDevice:Error: UE4Editor.exe
[2017.03.07-00.55.03:965][339]LogOutputDevice:Error: UE4Editor.exe
[2017.03.07-00.55.03:965][339]LogOutputDevice:Error: UE4Editor.exe
[2017.03.07-00.55.03:965][339]LogOutputDevice:Error: UE4Editor.exe
[2017.03.07-00.55.03:965][339]LogOutputDevice:Error: UE4Editor.exe
[2017.03.07-00.55.03:965][339]LogOutputDevice:Error: KERNEL32.DLL
[2017.03.07-00.55.03:965][339]LogOutputDevice:Error: ntdll.dll
[2017.03.07-00.55.03:965][339]LogOutputDevice:Error: 
[2017.03.07-00.55.03:966][339]LogStats:                SubmitErrorReport -  0.000 s
