Log file open, 03/06/17 18:26:38
LogInit:Display: Running engine for game: Abyss
LogPlatformFile: Not using cached read wrapper
LogInit:Display: RandInit(1491395326) SRandInit(1491395326).
LogTaskGraph: Started task graph with 5 named threads and 8 total threads with 1 sets of task threads.
LogStats: Stats thread started at 0.084705
LogPluginManager: Loaded Plugin Paper2D, From D:/UE4/UE_4.14/Engine/Plugins/2D/Paper2D/Paper2D.uplugin
LogPluginManager: Loaded Plugin LightPropagationVolume, From D:/UE4/UE_4.14/Engine/Plugins/Blendables/LightPropagationVolume/LightPropagationVolume.uplugin
LogPluginManager: Loaded Plugin BlankPlugin, From D:/UE4/UE_4.14/Engine/Plugins/Developer/BlankPlugin/BlankPlugin.uplugin
LogPluginManager: Loaded Plugin CodeLiteSourceCodeAccess, From D:/UE4/UE_4.14/Engine/Plugins/Developer/CodeLiteSourceCodeAccess/CodeLiteSourceCodeAccess.uplugin
LogPluginManager: Loaded Plugin GitSourceControl, From D:/UE4/UE_4.14/Engine/Plugins/Developer/GitSourceControl/GitSourceControl.uplugin
LogPluginManager: Loaded Plugin KDevelopSourceCodeAccess, From D:/UE4/UE_4.14/Engine/Plugins/Developer/KDevelopSourceCodeAccess/KDevelopSourceCodeAccess.uplugin
LogPluginManager: Loaded Plugin NullSourceCodeAccess, From D:/UE4/UE_4.14/Engine/Plugins/Developer/NullSourceCodeAccess/NullSourceCodeAccess.uplugin
LogPluginManager: Loaded Plugin OneSkyLocalizationService, From D:/UE4/UE_4.14/Engine/Plugins/Developer/OneSkyLocalizationService/OneSkyLocalizationService.uplugin
LogPluginManager: Loaded Plugin PerforceSourceControl, From D:/UE4/UE_4.14/Engine/Plugins/Developer/PerforceSourceControl/PerforceSourceControl.uplugin
LogPluginManager: Loaded Plugin SubversionSourceControl, From D:/UE4/UE_4.14/Engine/Plugins/Developer/SubversionSourceControl/SubversionSourceControl.uplugin
LogPluginManager: Loaded Plugin UObjectPlugin, From D:/UE4/UE_4.14/Engine/Plugins/Developer/UObjectPlugin/UObjectPlugin.uplugin
LogPluginManager: Loaded Plugin VisualStudioSourceCodeAccess, From D:/UE4/UE_4.14/Engine/Plugins/Developer/VisualStudioSourceCodeAccess/VisualStudioSourceCodeAccess.uplugin
LogPluginManager: Loaded Plugin XCodeSourceCodeAccess, From D:/UE4/UE_4.14/Engine/Plugins/Developer/XCodeSourceCodeAccess/XCodeSourceCodeAccess.uplugin
LogPluginManager: Loaded Plugin AudioCapture, From D:/UE4/UE_4.14/Engine/Plugins/Editor/AudioCapture/AudioCapture.uplugin
LogPluginManager: Loaded Plugin EpicSurvey, From D:/UE4/UE_4.14/Engine/Plugins/Editor/EpicSurvey/EpicSurvey.uplugin
LogPluginManager: Loaded Plugin MacGraphicsSwitching, From D:/UE4/UE_4.14/Engine/Plugins/Editor/MacGraphicsSwitching/MacGraphicsSwitching.uplugin
LogPluginManager: Loaded Plugin MobileLauncherProfileWizard, From D:/UE4/UE_4.14/Engine/Plugins/Editor/MobileLauncherProfileWizard/MobileLauncherProfileWizard.uplugin
LogPluginManager: Loaded Plugin PluginBrowser, From D:/UE4/UE_4.14/Engine/Plugins/Editor/PluginBrowser/PluginBrowser.uplugin
LogPluginManager: Loaded Plugin SpeedTreeImporter, From D:/UE4/UE_4.14/Engine/Plugins/Editor/SpeedTreeImporter/SpeedTreeImporter.uplugin
LogPluginManager: Loaded Plugin SuperSearchEditor, From D:/UE4/UE_4.14/Engine/Plugins/Editor/SuperSearchEditor/SuperSearchEditor.uplugin
LogPluginManager: Loaded Plugin AlembicImporter, From D:/UE4/UE_4.14/Engine/Plugins/Experimental/AlembicImporter/AlembicImporter.uplugin
LogPluginManager: Loaded Plugin BlueprintStats, From D:/UE4/UE_4.14/Engine/Plugins/Experimental/BlueprintStats/BlueprintStats.uplugin
LogPluginManager: Loaded Plugin CharacterAI, From D:/UE4/UE_4.14/Engine/Plugins/Experimental/CharacterAI/CharacterAI.uplugin
LogPluginManager: Loaded Plugin CodeEditor, From D:/UE4/UE_4.14/Engine/Plugins/Experimental/CodeEditor/CodeEditor.uplugin
LogPluginManager: Loaded Plugin CodeView, From D:/UE4/UE_4.14/Engine/Plugins/Experimental/CodeView/CodeView.uplugin
LogPluginManager: Loaded Plugin HTML5Networking, From D:/UE4/UE_4.14/Engine/Plugins/Experimental/HTML5Networking/HTML5Networking.uplugin
LogPluginManager: Loaded Plugin OSVR, From D:/UE4/UE_4.14/Engine/Plugins/Experimental/OSVR/OSVR.uplugin
LogPluginManager: Loaded Plugin Phya, From D:/UE4/UE_4.14/Engine/Plugins/Experimental/Phya/Phya.uplugin
LogPluginManager: Loaded Plugin SignificanceManager, From D:/UE4/UE_4.14/Engine/Plugins/Experimental/SignificanceManager/SignificanceManager.uplugin
LogPluginManager: Loaded Plugin SimpleHMD, From D:/UE4/UE_4.14/Engine/Plugins/Experimental/SimpleHMD/SimpleHMD.uplugin
LogPluginManager: Loaded Plugin StereoPanorama, From D:/UE4/UE_4.14/Engine/Plugins/Experimental/StereoPanorama/StereoPanorama.uplugin
LogPluginManager: Loaded Plugin StructBox, From D:/UE4/UE_4.14/Engine/Plugins/Experimental/StructBox/StructBox.uplugin
LogPluginManager: Loaded Plugin HGGifImporter, From D:/UE4/UE_4.14/Engine/Plugins/Marketplace/HGGifImporter/HGGifImporter.uplugin
LogPluginManager: Loaded Plugin UnrealJS, From D:/UE4/UE_4.14/Engine/Plugins/Marketplace/UnrealJS/UnrealJS.uplugin
LogPluginManager: Loaded Plugin AndroidMedia, From D:/UE4/UE_4.14/Engine/Plugins/Media/AndroidMedia/AndroidMedia.uplugin
LogPluginManager: Loaded Plugin AvfMedia, From D:/UE4/UE_4.14/Engine/Plugins/Media/AvfMedia/AvfMedia.uplugin
LogPluginManager: Loaded Plugin MediaPlayerEditor, From D:/UE4/UE_4.14/Engine/Plugins/Media/MediaPlayerEditor/MediaPlayerEditor.uplugin
LogPluginManager: Loaded Plugin WmfMedia, From D:/UE4/UE_4.14/Engine/Plugins/Media/WmfMedia/WmfMedia.uplugin
LogPluginManager: Loaded Plugin MessagingDebugger, From D:/UE4/UE_4.14/Engine/Plugins/Messaging/MessagingDebugger/MessagingDebugger.uplugin
LogPluginManager: Loaded Plugin TcpMessaging, From D:/UE4/UE_4.14/Engine/Plugins/Messaging/TcpMessaging/TcpMessaging.uplugin
LogPluginManager: Loaded Plugin UdpMessaging, From D:/UE4/UE_4.14/Engine/Plugins/Messaging/UdpMessaging/UdpMessaging.uplugin
LogPluginManager: Loaded Plugin LevelSequenceEditor, From D:/UE4/UE_4.14/Engine/Plugins/MovieScene/LevelSequenceEditor/LevelSequenceEditor.uplugin
LogPluginManager: Loaded Plugin MatineeToLevelSequence, From D:/UE4/UE_4.14/Engine/Plugins/MovieScene/MatineeToLevelSequence/MatineeToLevelSequence.uplugin
LogPluginManager: Loaded Plugin NetcodeUnitTest, From D:/UE4/UE_4.14/Engine/Plugins/NetcodeUnitTest/NetcodeUnitTest/NetcodeUnitTest.uplugin
LogPluginManager: Loaded Plugin NUTUnrealEngine4, From D:/UE4/UE_4.14/Engine/Plugins/NetcodeUnitTest/NUTUnrealEngine4/NUTUnrealEngine4.uplugin
LogPluginManager: Loaded Plugin OnlineSubsystemGameCircle, From D:/UE4/UE_4.14/Engine/Plugins/Online/Android/OnlineSubsystemGameCircle/OnlineSubsystemGameCircle.uplugin
LogPluginManager: Loaded Plugin OnlineSubsystemGooglePlay, From D:/UE4/UE_4.14/Engine/Plugins/Online/Android/OnlineSubsystemGooglePlay/OnlineSubsystemGooglePlay.uplugin
LogPluginManager: Loaded Plugin OnlineSubsystemIOS, From D:/UE4/UE_4.14/Engine/Plugins/Online/IOS/OnlineSubsystemIOS/OnlineSubsystemIOS.uplugin
LogPluginManager: Loaded Plugin OnlineFramework, From D:/UE4/UE_4.14/Engine/Plugins/Online/OnlineFramework/OnlineFramework.uplugin
LogPluginManager: Loaded Plugin OnlineSubsystem, From D:/UE4/UE_4.14/Engine/Plugins/Online/OnlineSubsystem/OnlineSubsystem.uplugin
LogPluginManager: Loaded Plugin OnlineSubsystemAmazon, From D:/UE4/UE_4.14/Engine/Plugins/Online/OnlineSubsystemAmazon/OnlineSubsystemAmazon.uplugin
LogPluginManager: Loaded Plugin OnlineSubsystemFacebook, From D:/UE4/UE_4.14/Engine/Plugins/Online/OnlineSubsystemFacebook/OnlineSubsystemFacebook.uplugin
LogPluginManager: Loaded Plugin OnlineSubsystemNull, From D:/UE4/UE_4.14/Engine/Plugins/Online/OnlineSubsystemNull/OnlineSubsystemNull.uplugin
LogPluginManager: Loaded Plugin OnlineSubsystemOculus, From D:/UE4/UE_4.14/Engine/Plugins/Online/OnlineSubsystemOculus/OnlineSubsystemOculus.uplugin
LogPluginManager: Loaded Plugin OnlineSubsystemSteam, From D:/UE4/UE_4.14/Engine/Plugins/Online/OnlineSubsystemSteam/OnlineSubsystemSteam.uplugin
LogPluginManager: Loaded Plugin OnlineSubsystemUtils, From D:/UE4/UE_4.14/Engine/Plugins/Online/OnlineSubsystemUtils/OnlineSubsystemUtils.uplugin
LogPluginManager: Loaded Plugin IOSTapJoy, From D:/UE4/UE_4.14/Engine/Plugins/Runtime/Advertising/IOSTapJoy/IOSTapJoy.uplugin
LogPluginManager: Loaded Plugin AnalyticsBlueprintLibrary, From D:/UE4/UE_4.14/Engine/Plugins/Runtime/Analytics/AnalyticsBlueprintLibrary/AnalyticsBlueprintLibrary.uplugin
LogPluginManager: Loaded Plugin AnalyticsMulticast, From D:/UE4/UE_4.14/Engine/Plugins/Runtime/Analytics/AnalyticsMulticast/AnalyticsMulticast.uplugin
LogPluginManager: Loaded Plugin Apsalar, From D:/UE4/UE_4.14/Engine/Plugins/Runtime/Analytics/Apsalar/Apsalar.uplugin
LogPluginManager: Loaded Plugin FileLogging, From D:/UE4/UE_4.14/Engine/Plugins/Runtime/Analytics/FileLogging/FileLogging.uplugin
LogPluginManager: Loaded Plugin Flurry, From D:/UE4/UE_4.14/Engine/Plugins/Runtime/Analytics/Flurry/Flurry.uplugin
LogPluginManager: Loaded Plugin AndroidDeviceProfileSelector, From D:/UE4/UE_4.14/Engine/Plugins/Runtime/AndroidDeviceProfileSelector/AndroidDeviceProfileSelector.uplugin
LogPluginManager: Loaded Plugin AndroidMoviePlayer, From D:/UE4/UE_4.14/Engine/Plugins/Runtime/AndroidMoviePlayer/AndroidMoviePlayer.uplugin
LogPluginManager: Loaded Plugin AppleMoviePlayer, From D:/UE4/UE_4.14/Engine/Plugins/Runtime/AppleMoviePlayer/AppleMoviePlayer.uplugin
LogPluginManager: Loaded Plugin ArchVisCharacter, From D:/UE4/UE_4.14/Engine/Plugins/Runtime/ArchVisCharacter/ArchVisCharacter.uplugin
LogPluginManager: Loaded Plugin CableComponent, From D:/UE4/UE_4.14/Engine/Plugins/Runtime/CableComponent/CableComponent.uplugin
LogPluginManager: Loaded Plugin CustomMeshComponent, From D:/UE4/UE_4.14/Engine/Plugins/Runtime/CustomMeshComponent/CustomMeshComponent.uplugin
LogPluginManager: Loaded Plugin ExampleDeviceProfileSelector, From D:/UE4/UE_4.14/Engine/Plugins/Runtime/ExampleDeviceProfileSelector/ExampleDeviceProfileSelector.uplugin
LogPluginManager: Loaded Plugin GearVR, From D:/UE4/UE_4.14/Engine/Plugins/Runtime/GearVR/GearVR.uplugin
LogPluginManager: Loaded Plugin GoogleVRController, From D:/UE4/UE_4.14/Engine/Plugins/Runtime/GoogleVR/GoogleVRController/GoogleVRController.uplugin
LogPluginManager: Loaded Plugin GoogleVRHMD, From D:/UE4/UE_4.14/Engine/Plugins/Runtime/GoogleVR/GoogleVRHMD/GoogleVRHMD.uplugin
LogPluginManager: Loaded Plugin IOSDeviceProfileSelector, From D:/UE4/UE_4.14/Engine/Plugins/Runtime/IOSDeviceProfileSelector/IOSDeviceProfileSelector.uplugin
LogPluginManager: Loaded Plugin LeapMotion, From D:/UE4/UE_4.14/Engine/Plugins/Runtime/LeapMotion/LeapMotion.uplugin
LogPluginManager: Loaded Plugin LinuxDeviceProfileSelector, From D:/UE4/UE_4.14/Engine/Plugins/Runtime/LinuxDeviceProfileSelector/LinuxDeviceProfileSelector.uplugin
LogPluginManager: Loaded Plugin MIDIDevice, From D:/UE4/UE_4.14/Engine/Plugins/Runtime/MIDIDevice/MIDIDevice.uplugin
LogPluginManager: Loaded Plugin MobilePatchingUtils, From D:/UE4/UE_4.14/Engine/Plugins/Runtime/MobilePatchingUtils/MobilePatchingUtils.uplugin
LogPluginManager: Loaded Plugin Ansel, From D:/UE4/UE_4.14/Engine/Plugins/Runtime/Nvidia/Ansel/Ansel.uplugin
LogPluginManager: Loaded Plugin OculusAudio, From D:/UE4/UE_4.14/Engine/Plugins/Runtime/OculusAudio/OculusAudio.uplugin
LogPluginManager: Loaded Plugin OculusInput, From D:/UE4/UE_4.14/Engine/Plugins/Runtime/OculusInput/OculusInput.uplugin
LogPluginManager: Loaded Plugin OculusLibrary, From D:/UE4/UE_4.14/Engine/Plugins/Runtime/OculusLibrary/OculusLibrary.uplugin
LogPluginManager: Loaded Plugin OculusRift, From D:/UE4/UE_4.14/Engine/Plugins/Runtime/OculusRift/OculusRift.uplugin
LogPluginManager: Loaded Plugin Oodle, From D:/UE4/UE_4.14/Engine/Plugins/Runtime/PacketHandlers/CompressionComponents/Oodle/Oodle.uplugin
LogPluginManager: Loaded Plugin ProceduralMeshComponent, From D:/UE4/UE_4.14/Engine/Plugins/Runtime/ProceduralMeshComponent/ProceduralMeshComponent.uplugin
LogPluginManager: Loaded Plugin SoundMod, From D:/UE4/UE_4.14/Engine/Plugins/Runtime/SoundMod/SoundMod.uplugin
LogPluginManager: Loaded Plugin SoundVisualizations, From D:/UE4/UE_4.14/Engine/Plugins/Runtime/SoundVisualizations/SoundVisualizations.uplugin
LogPluginManager: Loaded Plugin SteamController, From D:/UE4/UE_4.14/Engine/Plugins/Runtime/Steam/SteamController/SteamController.uplugin
LogPluginManager: Loaded Plugin SteamVR, From D:/UE4/UE_4.14/Engine/Plugins/Runtime/Steam/SteamVR/SteamVR.uplugin
LogPluginManager: Loaded Plugin WebBrowserWidget, From D:/UE4/UE_4.14/Engine/Plugins/Runtime/WebBrowserWidget/WebBrowserWidget.uplugin
LogPluginManager: Loaded Plugin WindowsDeviceProfileSelector, From D:/UE4/UE_4.14/Engine/Plugins/Runtime/WindowsDeviceProfileSelector/WindowsDeviceProfileSelector.uplugin
LogPluginManager: Loaded Plugin WindowsMoviePlayer, From D:/UE4/UE_4.14/Engine/Plugins/Runtime/WindowsMoviePlayer/WindowsMoviePlayer.uplugin
LogPluginManager: Loaded Plugin ScriptPlugin, From D:/UE4/UE_4.14/Engine/Plugins/ScriptPlugin/ScriptPlugin.uplugin
LogPluginManager: Loaded Plugin SlateRemote, From D:/UE4/UE_4.14/Engine/Plugins/Slate/SlateRemote/SlateRemote.uplugin
LogPluginManager: Loaded Plugin EditorTests, From D:/UE4/UE_4.14/Engine/Plugins/Tests/EditorTests/EditorTests.uplugin
LogPluginManager: Loaded Plugin FbxAutomationTestBuilder, From D:/UE4/UE_4.14/Engine/Plugins/Tests/FbxAutomationTestBuilder/FbxAutomationTestBuilder.uplugin
LogPluginManager: Loaded Plugin FunctionalTestingEditor, From D:/UE4/UE_4.14/Engine/Plugins/Tests/FunctionalTestingEditor/FunctionalTestingEditor.uplugin
LogPluginManager: Loaded Plugin RuntimeTests, From D:/UE4/UE_4.14/Engine/Plugins/Tests/RuntimeTests/RuntimeTests.uplugin
LogPluginManager: Loaded Plugin ScreenshotTools, From D:/UE4/UE_4.14/Engine/Plugins/Tests/ScreenshotTools/ScreenshotTools.uplugin
LogInit: Using libcurl 7.47.1
LogInit:  - built for x86_64-pc-win32
LogInit:  - supports SSL with OpenSSL/1.0.2g
LogInit:  - supports HTTP deflate (compression) using libz 1.2.8
LogInit:  - other features:
LogInit:      CURL_VERSION_SSL
LogInit:      CURL_VERSION_LIBZ
LogInit:      CURL_VERSION_IPV6
LogInit:      CURL_VERSION_ASYNCHDNS
LogInit:      CURL_VERSION_LARGEFILE
LogInit:      CURL_VERSION_IDN
LogInit:  CurlRequestOptions (configurable via config and command line):
LogInit:  - bVerifyPeer = false  - Libcurl will NOT verify peer certificate
LogInit:  - bUseHttpProxy = false  - Libcurl will NOT use HTTP proxy
LogInit:  - bDontReuseConnections = false  - Libcurl will reuse connections
LogInit:  - CertBundlePath = nullptr  - Libcurl will use whatever was configured at build time.
LogInit: Build: ++UE4+Release-4.14-CL-3249277
LogInit: Engine Version: 4.14.3-3249277+++UE4+Release-4.14
LogInit: Compatible Engine Version: 4.14.0-3195953+++UE4+Release-4.14
LogInit: Net CL: 3195953
LogDevObjectVersion: Number of dev versions registered: 13
LogDevObjectVersion:   Dev-Blueprints (B0D832E4-1F89-4F0D-ACCF-7EB736FD4AA2): 7
LogDevObjectVersion:   Dev-Build (E1C64328-A22C-4D53-A36C-8E866417BD8C): 0
LogDevObjectVersion:   Dev-Core (375EC13C-06E4-48FB-B500-84F0262A717E): 1
LogDevObjectVersion:   Dev-Editor (E4B068ED-F494-42E9-A231-DA0B2E46BB41): 8
LogDevObjectVersion:   Dev-Framework (CFFC743F-43B0-4480-9391-14DF171D2073): 17
LogDevObjectVersion:   Dev-Mobile (B02B49B5-BB20-44E9-A304-32B752E40360): 0
LogDevObjectVersion:   Dev-Networking (A4E4105C-59A1-49B5-A7C5-40C4547EDFEE): 0
LogDevObjectVersion:   Dev-Online (39C831C9-5AE6-47DC-9A44-9C173E1C8E7C): 0
LogDevObjectVersion:   Dev-Physics (78F01B33-EBEA-4F98-B9B4-84EACCB95AA2): 0
LogDevObjectVersion:   Dev-Platform (6631380F-2D4D-43E0-8009-CF276956A95A): 0
LogDevObjectVersion:   Dev-Rendering (12F88B9F-8875-4AFC-A67C-D90C383ABD29): 12
LogDevObjectVersion:   Dev-Sequencer (7B5AE74C-D270-4C10-A958-57980B212A5A): 1
LogDevObjectVersion:   Dev-VR (D7296918-1DD6-4BDD-9DE2-64A83CC13884): 0
LogInit: Compiled (64-bit): Jan  6 2017 10:49:43
LogInit: Compiled with Visual C++: 19.00.23026.00
LogInit: Build Configuration: Development
LogInit: Branch Name: ++UE4+Release-4.14
LogInit: Command line:  
LogInit: Base directory: D:/UE4/UE_4.14/Engine/Binaries/Win64/
LogInit: Installed Engine Build: 1
LogInit: Presizing for max 8388607 objects, including 0 objects not considered by GC, pre-allocating 0 bytes for permanent pool.
LogInit: Object subsystem initialized
[2017.03.06-23.26.38:985][  0]LogInit: Selected Device Profile: [Windows]
[2017.03.06-23.26.38:985][  0]LogInit: Applying CVar settings loaded from the selected device profile: [Windows]
[2017.03.06-23.26.39:000][  0]LogInit: Computer: NATHAN-PC
[2017.03.06-23.26.39:000][  0]LogInit: User: nathan
[2017.03.06-23.26.39:000][  0]LogInit: CPU Page size=65536, Cores=4
[2017.03.06-23.26.39:000][  0]LogInit: High frequency timer resolution =3.897831 MHz
[2017.03.06-23.26.39:000][  0]LogMemory: Memory total: Physical=16.0GB (16GB approx)
[2017.03.06-23.26.39:000][  0]LogMemory: Platform Memory Stats for Windows
[2017.03.06-23.26.39:000][  0]LogMemory: Process Physical Memory: 266.85 MB used, 266.85 MB peak
[2017.03.06-23.26.39:000][  0]LogMemory: Process Virtual Memory: 262.64 MB used, 262.64 MB peak
[2017.03.06-23.26.39:000][  0]LogMemory: Physical Memory: 4369.59 MB used,  11972.10 MB free, 16341.69 MB total
[2017.03.06-23.26.39:000][  0]LogMemory: Virtual Memory: 675.18 MB used,  11972.10 MB free, 134217728.00 MB total
[2017.03.06-23.26.39:037][  0]LogTextLocalizationManager: No specific translations for ('en-US') exist, so ('en') translations will be used.
[2017.03.06-23.26.39:838][  0]LogD3D11RHI: D3D11 adapters:
[2017.03.06-23.26.40:425][  0]LogD3D11RHI:    0. 'NVIDIA GeForce GTX 960' (Feature Level 11_0)
[2017.03.06-23.26.40:425][  0]LogD3D11RHI:       4061/0/8170 MB DedicatedVideo/DedicatedSystem/SharedSystem, Outputs:2, VendorId:0x10de
[2017.03.06-23.26.40:427][  0]LogD3D11RHI:    1. 'Microsoft Basic Render Driver' (Feature Level 11_0)
[2017.03.06-23.26.40:427][  0]LogD3D11RHI:       0/0/8170 MB DedicatedVideo/DedicatedSystem/SharedSystem, Outputs:0, VendorId:0x1414
[2017.03.06-23.26.40:427][  0]LogD3D11RHI: Chosen D3D11 Adapter: 0
[2017.03.06-23.26.40:434][  0]LogD3D11RHI: Creating new Direct3DDevice
[2017.03.06-23.26.40:434][  0]LogD3D11RHI:     GPU DeviceId: 0x1401 (for the marketing name, search the web for "GPU Device Id")
[2017.03.06-23.26.40:434][  0]LogWindows: EnumDisplayDevices:
[2017.03.06-23.26.40:435][  0]LogWindows:    0. 'NVIDIA GeForce GTX 960' (P:1 D:1)
[2017.03.06-23.26.40:435][  0]LogWindows:    1. 'NVIDIA GeForce GTX 960' (P:0 D:1)
[2017.03.06-23.26.40:436][  0]LogWindows:    2. 'NVIDIA GeForce GTX 960' (P:0 D:0)
[2017.03.06-23.26.40:437][  0]LogWindows:    3. 'NVIDIA GeForce GTX 960' (P:0 D:0)
[2017.03.06-23.26.40:437][  0]LogWindows: DebugString: FoundDriverCount:4 
[2017.03.06-23.26.40:437][  0]LogD3D11RHI:     Adapter Name: NVIDIA GeForce GTX 960
[2017.03.06-23.26.40:437][  0]LogD3D11RHI:   Driver Version: 376.53 (internal:21.21.13.7653, unified:376.53)
[2017.03.06-23.26.40:437][  0]LogD3D11RHI:      Driver Date: 12-29-2016
[2017.03.06-23.26.40:437][  0]LogRHI: Texture pool is 1361 MB (70% of 1945 MB)
[2017.03.06-23.26.40:951][  0]LogD3D11RHI: Async texture creation enabled
[2017.03.06-23.26.41:008][  0]LogD3D11RHI: GPU Timing Frequency: 1000.000000 (Debug: 2 1)
[2017.03.06-23.26.41:008][  0]LogShaderCompilers: Guid format shader working directory is 13 characters bigger than the processId version (C:/Users/nathan/Desktop/Test/Abyss/Intermediate/Shaders/WorkingDirectory/1068/).
[2017.03.06-23.26.41:008][  0]LogShaderCompilers: Cleaned the shader compiler working directory 'C:/Users/nathan/AppData/Local/Temp/UnrealShaderWorkingDir/4B8AA95849280D5C59C52B975748F0A7/'.
[2017.03.06-23.26.41:008][  0]LogShaderCompilers:Display: Using Local Shader Compiler.
[2017.03.06-23.26.42:555][  0]LogTemp:Display: Loaded TP AllDesktopTargetPlatform
[2017.03.06-23.26.42:616][  0]LogTemp:Display: Loaded TP MacClientTargetPlatform
[2017.03.06-23.26.42:678][  0]LogTemp:Display: Loaded TP MacNoEditorTargetPlatform
[2017.03.06-23.26.42:741][  0]LogTemp:Display: Loaded TP MacServerTargetPlatform
[2017.03.06-23.26.42:805][  0]LogTemp:Display: Loaded TP MacTargetPlatform
[2017.03.06-23.26.42:873][  0]LogTemp:Display: Loaded TP WindowsClientTargetPlatform
[2017.03.06-23.26.42:935][  0]LogTemp:Display: Loaded TP WindowsNoEditorTargetPlatform
[2017.03.06-23.26.42:996][  0]LogTemp:Display: Loaded TP WindowsServerTargetPlatform
[2017.03.06-23.26.43:055][  0]LogTemp:Display: Loaded TP WindowsTargetPlatform
[2017.03.06-23.26.43:119][  0]LogTemp:Display: Loaded TP AndroidTargetPlatform
[2017.03.06-23.26.43:183][  0]LogTemp:Display: Loaded TP Android_ASTCTargetPlatform
[2017.03.06-23.26.43:247][  0]LogTemp:Display: Loaded TP Android_ATCTargetPlatform
[2017.03.06-23.26.43:311][  0]LogTemp:Display: Loaded TP Android_DXTTargetPlatform
[2017.03.06-23.26.43:370][  0]LogTemp:Display: Loaded TP Android_ETC1TargetPlatform
[2017.03.06-23.26.43:431][  0]LogTemp:Display: Loaded TP Android_ETC2TargetPlatform
[2017.03.06-23.26.43:562][  0]LogTemp:Display: Loaded TP Android_MultiTargetPlatform
[2017.03.06-23.26.43:562][  0]LogTemp:Display: Loaded TP Android_PVRTCTargetPlatform
[2017.03.06-23.26.43:603][  0]LogTemp:Display: Loaded TP HTML5TargetPlatform
[2017.03.06-23.26.43:691][  0]LogTemp:Display: Loaded TP IOSTargetPlatform
[2017.03.06-23.26.43:731][  0]LogTemp:Display: Loaded TP TVOSTargetPlatform
[2017.03.06-23.26.43:803][  0]LogTemp:Display: Loaded TP LinuxClientTargetPlatform
[2017.03.06-23.26.43:874][  0]LogTemp:Display: Loaded TP LinuxNoEditorTargetPlatform
[2017.03.06-23.26.43:934][  0]LogTemp:Display: Loaded TP LinuxServerTargetPlatform
[2017.03.06-23.26.43:993][  0]LogTemp:Display: Loaded TP LinuxTargetPlatform
[2017.03.06-23.26.43:993][  0]LogTargetPlatformManager:Display: Building Assets For Windows
[2017.03.06-23.26.44:377][  0]LogDerivedDataCache:Display: Max Cache Size: 512 MB
[2017.03.06-23.26.44:481][  0]LogDerivedDataCache: Loaded boot cache 0.10s 50MB C:/Users/nathan/AppData/Local/UnrealEngine/4.14/DerivedDataCache/Boot.ddc.
[2017.03.06-23.26.44:481][  0]LogDerivedDataCache:Display: Loaded Boot cache: C:/Users/nathan/AppData/Local/UnrealEngine/4.14/DerivedDataCache/Boot.ddc
[2017.03.06-23.26.44:481][  0]LogDerivedDataCache: FDerivedDataBackendGraph:  Pak pak cache file C:/Users/nathan/Desktop/Test/Abyss/DerivedDataCache/DDC.ddp not found, will not use a pak cache.
[2017.03.06-23.26.44:481][  0]LogDerivedDataCache: Unable to find inner node Pak for hierarchical cache Hierarchy.
[2017.03.06-23.26.44:481][  0]LogDerivedDataCache: FDerivedDataBackendGraph:  CompressedPak pak cache file C:/Users/nathan/Desktop/Test/Abyss/DerivedDataCache/Compressed.ddp not found, will not use a pak cache.
[2017.03.06-23.26.44:481][  0]LogDerivedDataCache: Unable to find inner node CompressedPak for hierarchical cache Hierarchy.
[2017.03.06-23.26.44:502][  0]LogDerivedDataCache:Display: Pak cache opened for reading ../../../Engine/DerivedDataCache/Compressed.ddp.
[2017.03.06-23.26.44:514][  0]LogDerivedDataCache: Using Local data cache path C:/Users/nathan/AppData/Local/UnrealEngine/Common/DerivedDataCache: Writable
[2017.03.06-23.26.44:812][  0]LogInit: Selected Device Profile: [Windows]
[2017.03.06-23.26.44:817][  0]LogContentStreaming: Texture pool size is 0.00 MB
[2017.03.06-23.26.45:034][  0]LogMeshUtilities: Using QuadricMeshReduction for automatic static mesh reduction
[2017.03.06-23.26.45:078][  0]LogSimplygon: Simplygon DLL not present - disabling.
[2017.03.06-23.26.45:123][  0]LogMeshUtilities: Using SimplygonSwarm for distributed automatic mesh merging
[2017.03.06-23.26.45:123][  0]LogMeshUtilities: No automatic skeletal mesh reduction module available
[2017.03.06-23.26.45:123][  0]LogMeshUtilities: No automatic mesh merging module available
[2017.03.06-23.26.45:858][  0]LogNetVersion: GetLocalNetworkVersion: CL: 3195953, ProjectName: abyss, ProjectVersion: , EngineNetworkVersion: 2, GameNetworkVersion: 0, NetworkChecksum: 1595127573
[2017.03.06-23.26.45:927][  0]LogAssetRegistry: FAssetRegistry took 0.0221 seconds to start up
[2017.03.06-23.26.46:004][  0]LogPackageLocalizationCache: Processed 4 localized package path(s) for 2 prioritized culture(s) in 0.052665 seconds
[2017.03.06-23.26.46:013][  0]LogUObjectArray: 31890 objects as part of root set at end of initial load.
[2017.03.06-23.26.46:013][  0]LogUObjectAllocator: 6922368 out of 0 bytes used by permanent object pool.
[2017.03.06-23.26.46:013][  0]LogUObjectArray: CloseDisregardForGC: 0/0 objects in disregard for GC pool
[2017.03.06-23.26.46:078][  0]LogInit: WinSock: version 1.1 (2.2), MaxSocks=32767, MaxUdp=65467
[2017.03.06-23.26.46:934][  0]LogSlate: Using Freetype 2.6.0
[2017.03.06-23.26.46:935][  0]LogSlate: SlateFontCache - WITH_FREETYPE: 1, WITH_HARFBUZZ: 1
[2017.03.06-23.26.46:935][  0]LogSlate: SlateFontCache - WITH_FREETYPE: 1, WITH_HARFBUZZ: 1
[2017.03.06-23.26.47:963][  0]JavascriptCmd: Unreal.js started. V8 5.7.201
[2017.03.06-23.26.48:408][  0]LogMaterial: Uniform references updated for custom material expression Custom.
[2017.03.06-23.26.48:866][  0]SourceControl: Info Source control is disabled
[2017.03.06-23.26.49:084][  0]LogSourceControl:Error: 'C:/Users/nathan/Desktop/Test/Abyss/' is not part of a Git repository
[2017.03.06-23.26.49:323][  0]LogSourceControl:Error: 'C:/Users/nathan/Desktop/Test/Abyss/' is not part of a Git repository
[2017.03.06-23.26.49:571][  0]LogSourceControl:Error: 'C:/Users/nathan/Desktop/Test/Abyss/' is not part of a Git repository
[2017.03.06-23.26.51:163][  0]ImportText (YAxis): Missing opening parenthesis: 0.000000,1.000000,0.000000
[2017.03.06-23.26.51:163][  0]ImportText (ZAxis): Missing opening parenthesis: 0.000000,0.000000,1.000000
[2017.03.06-23.26.51:164][  0]ImportText (Rotation): Missing opening parenthesis: -90.000000,0.000000,0.000000
[2017.03.06-23.26.51:167][  0]ImportText (B): Missing opening parenthesis: 1.000000,1.000000,1.000000
[2017.03.06-23.26.51:827][  0]LogEngine: Initializing Engine...
[2017.03.06-23.26.52:097][  0]LogAIModule: Creating AISystem for world Untitled
[2017.03.06-23.26.52:113][  0]LogInit: XAudio2 using 'Speakers (Realtek High Definition Audio)' : 2 channels at 48 kHz using 32 bits per sample (channel mask 0x3)
[2017.03.06-23.26.52:132][  0]LogInit: FAudioDevice initialized.
[2017.03.06-23.26.52:179][  0]LogDerivedDataCache: Saved boot cache 0.05s 50MB C:/Users/nathan/AppData/Local/UnrealEngine/4.14/DerivedDataCache/Boot.ddc.
[2017.03.06-23.26.52:196][  0]LogInit: Texture streaming: Enabled
[2017.03.06-23.26.52:359][  0]LogInit: Transaction tracking system initialized
[2017.03.06-23.26.52:678][  0]BlueprintLog: New page: Editor Load
[2017.03.06-23.26.53:482][  0]LocalizationService: Info Localization service is disabled
[2017.03.06-23.26.53:807][  0]LogModuleManager:Warning: No filename provided for module TcpMessaging
[2017.03.06-23.26.53:807][  0]LogModuleManager:Warning: ModuleManager: Unable to load module 'TcpMessaging' because the file 'D:/UE4/UE_4.14/Engine/Binaries/Win64/' was not found.
[2017.03.06-23.26.54:086][  0]LogConsoleResponse:Display: 
[2017.03.06-23.26.54:228][  0]LogCook:Display: Max memory allowance for cook 16384mb min free memory 0mb
[2017.03.06-23.26.54:228][  0]LogCook:Display: Mobile HDR setting 1
[2017.03.06-23.26.54:673][  0]LogFileCache: Scanning file cache for directory 'C:/Users/nathan/Desktop/Test/Abyss/Content/' took 0.01s
[2017.03.06-23.26.55:113][  0]LogSourceControl:Error: 'C:/Users/nathan/Desktop/Test/Abyss/' is not part of a Git repository
[2017.03.06-23.26.55:113][  0]Cmd: MAP LOAD FILE="C:/Users/nathan/Desktop/Test/Abyss/Content/Maps-Levels/startMenu.umap" TEMPLATE=0 SHOWPROGRESS=1 FEATURELEVEL=3
[2017.03.06-23.26.55:114][  0]LightingResults: New page: Lighting Build
[2017.03.06-23.26.55:149][  0]MapCheck: New page: Map Check
[2017.03.06-23.26.55:149][  0]LightingResults: New page: Lighting Build
[2017.03.06-23.26.55:289][  0]LogAIModule: Creating AISystem for world startMenu
[2017.03.06-23.26.55:290][  0]LogEditorServer: Finished looking for orphan Actors (0.000 secs)
[2017.03.06-23.26.55:291][  0]Cmd: MAP CHECKDEP NOCLEARLOG
[2017.03.06-23.26.55:334][  0]MapCheck: Info Map check complete: 0 Error(s), 0 Warning(s), took 42.931ms to complete.
[2017.03.06-23.26.55:334][  0]LogFileHelpers: Loading map 'startMenu' took 0.221
[2017.03.06-23.26.55:478][  0]LogWindowsTextInputMethodSystem:Display: IME system now deactivated.
[2017.03.06-23.26.55:608][  0]LogCollectionManager: Loaded 0 collections in 0.001072 seconds
[2017.03.06-23.26.55:689][  0]LogFileCache: Scanning file cache for directory 'C:/Users/nathan/Desktop/Test/Abyss/Saved/Collections/' took 0.01s
[2017.03.06-23.26.55:689][  0]LogFileCache: Scanning file cache for directory 'C:/Users/nathan/Desktop/Test/Abyss/Content/Developers/nathan/Collections/' took 0.01s
[2017.03.06-23.26.55:689][  0]LogFileCache: Scanning file cache for directory 'C:/Users/nathan/Desktop/Test/Abyss/Content/Collections/' took 0.01s
[2017.03.06-23.26.55:689][  0]LogCollectionManager: Rebuilt the GUID cache for 0 collections in 0.000002 seconds
[2017.03.06-23.26.55:703][  0]LogContentBrowser: Native class hierarchy populated in 0.0136 seconds. Added 2245 classes and 411 folders.
[2017.03.06-23.26.55:739][  0]LogStats: UGameplayTagsManager::ConstructGameplayTagTree: Construct from data asset -  0.000 s
[2017.03.06-23.26.55:739][  0]LogStats: UGameplayTagsManager::ConstructGameplayTagTree: GameplayTagTreeChangedEvent.Broadcast -  0.000 s
[2017.03.06-23.26.55:740][  0]LogContentBrowser: Native class hierarchy updated for 'GameplayTags' in 0.0007 seconds. Added 13 classes and 0 folders.
[2017.03.06-23.26.55:793][  0]LogContentBrowser: Native class hierarchy updated for 'WidgetCarousel' in 0.0006 seconds. Added 0 classes and 0 folders.
[2017.03.06-23.26.55:840][  0]LogContentBrowser: Native class hierarchy updated for 'AddContentDialog' in 0.0006 seconds. Added 0 classes and 0 folders.
[2017.03.06-23.26.55:879][  0]LogContentBrowser: Native class hierarchy updated for 'SceneOutliner' in 0.0006 seconds. Added 1 classes and 2 folders.
[2017.03.06-23.26.55:965][  0]LogCrashTracker: Crashtracker disabled due to settings.
[2017.03.06-23.26.55:977][  0]LogUObjectGlobals:Warning: Failed to find object 'Class None.'
[2017.03.06-23.26.56:038][  0]LogContentBrowser: Native class hierarchy updated for 'HierarchicalLODOutliner' in 0.0007 seconds. Added 1 classes and 2 folders.
[2017.03.06-23.26.56:039][  0]LogLoad: (Engine Initialization) Total time: 18.64 seconds
[2017.03.06-23.26.56:039][  0]LogLoad: (Engine Initialization) Total Blueprint compile time: 0.07 seconds
[2017.03.06-23.26.56:039][  0]LogExternalProfiler: Found external profiler: VSPerf
[2017.03.06-23.26.56:039][  0]LogExternalProfiler: Using external profiler: VSPerf
[2017.03.06-23.26.56:096][  0]LogContentStreaming: Texture pool size now 1000 MB
[2017.03.06-23.26.56:269][  0]LogRenderer: Reallocating scene render targets to support 1036x476 NumSamples 1 (Frame:2).
[2017.03.06-23.26.56:334][  1]LogFileCache: Retrieving MD5 hashes for directory 'C:/Users/nathan/Desktop/Test/Abyss/Content/' took 0.27s
[2017.03.06-23.26.56:395][  2]LogAssetRegistry: Asset discovery search completed in 10.4907 seconds
[2017.03.06-23.26.56:395][  2]LogCollectionManager: Rebuilt the object cache for 0 collections in 0.000001 seconds (found 0 objects)
[2017.03.06-23.26.56:395][  2]LogCollectionManager: Fixed up redirectors for 0 collections in 0.000020 seconds (updated 0 objects)
[2017.03.06-23.26.58:814][ 77]LogContentBrowser: Native class hierarchy updated for 'BlueprintGraph' in 0.0012 seconds. Added 111 classes and 0 folders.
[2017.03.06-23.27.12:004][596]LogTemp: Repeting last play command: Selected Viewport
[2017.03.06-23.27.12:051][596]LogBlueprintUserMessages: Early PlayInEditor Detection: Level '/Game/Maps-Levels/startMenu.startMenu:PersistentLevel' has LevelScriptBlueprint '/Game/Maps-Levels/startMenu.startMenu:PersistentLevel.startMenu' with GeneratedClass '/Game/Maps-Levels/startMenu.startMenu_C' with ClassGeneratedBy '/Game/Maps-Levels/startMenu.startMenu:PersistentLevel.startMenu'
[2017.03.06-23.27.12:051][596]LogPlayLevel: PlayLevel: No blueprints needed recompiling
[2017.03.06-23.27.12:051][596]PIE: New page: PIE session: startMenu (Mar 6, 2017, 1:27:12 PM)
[2017.03.06-23.27.12:052][596]LogPlayLevel: Creating play world package: /Game/Maps-Levels/UEDPIE_0_startMenu
[2017.03.06-23.27.12:053][596]LogPlayLevel: PIE: StaticDuplicateObject took: (0.001466s)
[2017.03.06-23.27.12:054][596]LogAIModule: Creating AISystem for world startMenu
[2017.03.06-23.27.12:054][596]LogPlayLevel: PIE: World Init took: (0.000804s)
[2017.03.06-23.27.12:054][596]LogPlayLevel: PIE: Created PIE world by copying editor world from /Game/Maps-Levels/startMenu.startMenu to /Game/Maps-Levels/UEDPIE_0_startMenu.startMenu (0.002531s)
[2017.03.06-23.27.12:118][596]LogInit: XAudio2 using 'Speakers (Realtek High Definition Audio)' : 2 channels at 48 kHz using 32 bits per sample (channel mask 0x3)
[2017.03.06-23.27.12:134][596]LogInit: FAudioDevice initialized.
[2017.03.06-23.27.12:192][596]LogLoad: Game class is 'abyssGameMode_C'
[2017.03.06-23.27.12:196][596]LogWorld: Bringing World /Game/Maps-Levels/UEDPIE_0_startMenu.startMenu up for play (max tick rate 0) at 2017.03.06-18.27.12
[2017.03.06-23.27.12:196][596]LogWorld: Bringing up level for play took: 0.000771
[2017.03.06-23.27.12:232][596]LogContentBrowser: Native class hierarchy updated for 'MovieSceneCapture' in 0.0007 seconds. Added 11 classes and 0 folders.
[2017.03.06-23.27.12:250][596]PIE: Info Play in editor start time for /Game/Maps-Levels/UEDPIE_0_startMenu 0.179
[2017.03.06-23.27.12:250][596]LogBlueprintUserMessages: Late PlayInEditor Detection: Level '/Game/Maps-Levels/startMenu.startMenu:PersistentLevel' has LevelScriptBlueprint '/Game/Maps-Levels/startMenu.startMenu:PersistentLevel.startMenu' with GeneratedClass '/Game/Maps-Levels/startMenu.startMenu_C' with ClassGeneratedBy '/Game/Maps-Levels/startMenu.startMenu:PersistentLevel.startMenu'
[2017.03.06-23.27.13:710][762]LogNet: Browse: /Game/Maps-Levels/Fort/Exploration/Fort_Exploration
[2017.03.06-23.27.13:710][762]LogLoad: LoadMap: /Game/Maps-Levels/Fort/Exploration/Fort_Exploration
[2017.03.06-23.27.13:739][762]Cmd: MEM
[2017.03.06-23.27.13:767][762]LogMemory: Platform Memory Stats for Windows
[2017.03.06-23.27.13:767][762]LogMemory: Process Physical Memory: 1314.43 MB used, 1332.48 MB peak
[2017.03.06-23.27.13:767][762]LogMemory: Process Virtual Memory: 1660.95 MB used, 1667.70 MB peak
[2017.03.06-23.27.13:767][762]LogMemory: Physical Memory: 5369.23 MB used,  10972.46 MB free, 16341.69 MB total
[2017.03.06-23.27.13:767][762]LogMemory: Virtual Memory: 3011.49 MB used,  10972.46 MB free, 134217728.00 MB total
[2017.03.06-23.27.13:767][762]LogMemory: 
[2017.03.06-23.27.13:767][762]Allocator Stats for TBB: (not implemented)
[2017.03.06-23.27.13:982][762]LogAIModule: Creating AISystem for world Fort_Exploration
[2017.03.06-23.27.13:982][762]LogLoad: Game class is 'abyssExplorationMode_C'
[2017.03.06-23.27.13:988][762]LogWorld: Bringing World /Game/Maps-Levels/Fort/Exploration/UEDPIE_0_Fort_Exploration.Fort_Exploration up for play (max tick rate 0) at 2017.03.06-18.27.13
[2017.03.06-23.27.13:989][762]LogWorld: Bringing up level for play took: 0.004866
[2017.03.06-23.27.13:992][762]LogLoad: Took 0.281570 seconds to LoadMap(/Game/Maps-Levels/Fort/Exploration/Fort_Exploration)
[2017.03.06-23.27.17:449][164]LogNet: Browse: /Game/Maps-Levels/Fort_Battle
[2017.03.06-23.27.17:449][164]LogLoad: LoadMap: /Game/Maps-Levels/Fort_Battle
[2017.03.06-23.27.17:486][164]Cmd: MEM
[2017.03.06-23.27.17:515][164]LogMemory: Platform Memory Stats for Windows
[2017.03.06-23.27.17:515][164]LogMemory: Process Physical Memory: 1374.62 MB used, 1428.09 MB peak
[2017.03.06-23.27.17:515][164]LogMemory: Process Virtual Memory: 1485.05 MB used, 1705.52 MB peak
[2017.03.06-23.27.17:515][164]LogMemory: Physical Memory: 5401.38 MB used,  10940.31 MB free, 16341.69 MB total
[2017.03.06-23.27.17:515][164]LogMemory: Virtual Memory: 2898.24 MB used,  10940.31 MB free, 134217728.00 MB total
[2017.03.06-23.27.17:515][164]LogMemory: 
[2017.03.06-23.27.17:515][164]Allocator Stats for TBB: (not implemented)
[2017.03.06-23.27.18:158][164]LogBlueprint:Warning: USimpleConstructionScript::FixupRootNodeParentReferences() - Couldn't find inherited parent component 'DefaultSceneRoot' for 'PaperSprite' in BlueprintGeneratedClass 'BS_Enemy_C' (it may have been removed)
[2017.03.06-23.27.18:175][164]LogStats: FPlatformStackWalk::StackWalkAndDump -  0.011 s
[2017.03.06-23.27.18:175][164]LogOutputDevice:Error: === Handled ensure: ===
[2017.03.06-23.27.18:175][164]LogOutputDevice:Error: 
[2017.03.06-23.27.18:175][164]LogOutputDevice:Error: Ensure condition failed: IsObjectValidForDatabase(AssetObject) [File:D:\Build\++UE4+Release-4.14+Compile\Sync\Engine\Source\Editor\BlueprintGraph\Private\BlueprintActionDatabase.cpp] [Line: 1263]
[2017.03.06-23.27.18:175][164]LogOutputDevice:Error: 
[2017.03.06-23.27.18:175][164]LogOutputDevice:Error: Stack: 
[2017.03.06-23.27.18:175][164]LogOutputDevice:Error: UE4Editor-Core.dll
[2017.03.06-23.27.18:175][164]LogOutputDevice:Error: UE4Editor-Core.dll
[2017.03.06-23.27.18:175][164]LogOutputDevice:Error: UE4Editor-Core.dll
[2017.03.06-23.27.18:175][164]LogOutputDevice:Error: UE4Editor-BlueprintGraph.dll
[2017.03.06-23.27.18:175][164]LogOutputDevice:Error: UE4Editor-BlueprintGraph.dll
[2017.03.06-23.27.18:175][164]LogOutputDevice:Error: UE4Editor-CoreUObject.dll
[2017.03.06-23.27.18:175][164]LogOutputDevice:Error: UE4Editor-CoreUObject.dll
[2017.03.06-23.27.18:175][164]LogOutputDevice:Error: UE4Editor-CoreUObject.dll
[2017.03.06-23.27.18:175][164]LogOutputDevice:Error: UE4Editor-CoreUObject.dll
[2017.03.06-23.27.18:175][164]LogOutputDevice:Error: UE4Editor-Engine.dll
[2017.03.06-23.27.18:175][164]LogOutputDevice:Error: UE4Editor-Engine.dll
[2017.03.06-23.27.18:176][164]LogOutputDevice:Error: UE4Editor-Engine.dll
[2017.03.06-23.27.18:176][164]LogOutputDevice:Error: UE4Editor-UnrealEd.dll
[2017.03.06-23.27.18:176][164]LogOutputDevice:Error: UE4Editor-UnrealEd.dll
[2017.03.06-23.27.18:176][164]LogOutputDevice:Error: UE4Editor.exe
[2017.03.06-23.27.18:176][164]LogOutputDevice:Error: UE4Editor.exe
[2017.03.06-23.27.18:176][164]LogOutputDevice:Error: UE4Editor.exe
[2017.03.06-23.27.18:176][164]LogOutputDevice:Error: UE4Editor.exe
[2017.03.06-23.27.18:176][164]LogOutputDevice:Error: UE4Editor.exe
[2017.03.06-23.27.18:176][164]LogOutputDevice:Error: KERNEL32.DLL
[2017.03.06-23.27.18:176][164]LogOutputDevice:Error: ntdll.dll
[2017.03.06-23.27.18:176][164]LogOutputDevice:Error: 
[2017.03.06-23.27.18:177][164]LogStats:                SubmitErrorReport -  0.000 s
