Log file open, 03/08/17 01:26:04
LogInit:Display: Running engine for game: Abyss
LogPlatformFile: Not using cached read wrapper
LogInit:Display: RandInit(1669083608) SRandInit(1669083608).
LogTaskGraph: Started task graph with 5 named threads and 9 total threads with 1 sets of task threads.
LogStats: Stats thread started at 0.110569
LogPluginManager: Loaded Plugin Paper2D, From E:/Game Data/Epic Games/4.14/Engine/Plugins/2D/Paper2D/Paper2D.uplugin
LogPluginManager: Loaded Plugin LightPropagationVolume, From E:/Game Data/Epic Games/4.14/Engine/Plugins/Blendables/LightPropagationVolume/LightPropagationVolume.uplugin
LogPluginManager: Loaded Plugin BlankPlugin, From E:/Game Data/Epic Games/4.14/Engine/Plugins/Developer/BlankPlugin/BlankPlugin.uplugin
LogPluginManager: Loaded Plugin CodeLiteSourceCodeAccess, From E:/Game Data/Epic Games/4.14/Engine/Plugins/Developer/CodeLiteSourceCodeAccess/CodeLiteSourceCodeAccess.uplugin
LogPluginManager: Loaded Plugin GitSourceControl, From E:/Game Data/Epic Games/4.14/Engine/Plugins/Developer/GitSourceControl/GitSourceControl.uplugin
LogPluginManager: Loaded Plugin KDevelopSourceCodeAccess, From E:/Game Data/Epic Games/4.14/Engine/Plugins/Developer/KDevelopSourceCodeAccess/KDevelopSourceCodeAccess.uplugin
LogPluginManager: Loaded Plugin NullSourceCodeAccess, From E:/Game Data/Epic Games/4.14/Engine/Plugins/Developer/NullSourceCodeAccess/NullSourceCodeAccess.uplugin
LogPluginManager: Loaded Plugin OneSkyLocalizationService, From E:/Game Data/Epic Games/4.14/Engine/Plugins/Developer/OneSkyLocalizationService/OneSkyLocalizationService.uplugin
LogPluginManager: Loaded Plugin PerforceSourceControl, From E:/Game Data/Epic Games/4.14/Engine/Plugins/Developer/PerforceSourceControl/PerforceSourceControl.uplugin
LogPluginManager: Loaded Plugin SubversionSourceControl, From E:/Game Data/Epic Games/4.14/Engine/Plugins/Developer/SubversionSourceControl/SubversionSourceControl.uplugin
LogPluginManager: Loaded Plugin UObjectPlugin, From E:/Game Data/Epic Games/4.14/Engine/Plugins/Developer/UObjectPlugin/UObjectPlugin.uplugin
LogPluginManager: Loaded Plugin VisualStudioSourceCodeAccess, From E:/Game Data/Epic Games/4.14/Engine/Plugins/Developer/VisualStudioSourceCodeAccess/VisualStudioSourceCodeAccess.uplugin
LogPluginManager: Loaded Plugin XCodeSourceCodeAccess, From E:/Game Data/Epic Games/4.14/Engine/Plugins/Developer/XCodeSourceCodeAccess/XCodeSourceCodeAccess.uplugin
LogPluginManager: Loaded Plugin AudioCapture, From E:/Game Data/Epic Games/4.14/Engine/Plugins/Editor/AudioCapture/AudioCapture.uplugin
LogPluginManager: Loaded Plugin EpicSurvey, From E:/Game Data/Epic Games/4.14/Engine/Plugins/Editor/EpicSurvey/EpicSurvey.uplugin
LogPluginManager: Loaded Plugin MacGraphicsSwitching, From E:/Game Data/Epic Games/4.14/Engine/Plugins/Editor/MacGraphicsSwitching/MacGraphicsSwitching.uplugin
LogPluginManager: Loaded Plugin MobileLauncherProfileWizard, From E:/Game Data/Epic Games/4.14/Engine/Plugins/Editor/MobileLauncherProfileWizard/MobileLauncherProfileWizard.uplugin
LogPluginManager: Loaded Plugin PluginBrowser, From E:/Game Data/Epic Games/4.14/Engine/Plugins/Editor/PluginBrowser/PluginBrowser.uplugin
LogPluginManager: Loaded Plugin SpeedTreeImporter, From E:/Game Data/Epic Games/4.14/Engine/Plugins/Editor/SpeedTreeImporter/SpeedTreeImporter.uplugin
LogPluginManager: Loaded Plugin SuperSearchEditor, From E:/Game Data/Epic Games/4.14/Engine/Plugins/Editor/SuperSearchEditor/SuperSearchEditor.uplugin
LogPluginManager: Loaded Plugin AlembicImporter, From E:/Game Data/Epic Games/4.14/Engine/Plugins/Experimental/AlembicImporter/AlembicImporter.uplugin
LogPluginManager: Loaded Plugin BlueprintStats, From E:/Game Data/Epic Games/4.14/Engine/Plugins/Experimental/BlueprintStats/BlueprintStats.uplugin
LogPluginManager: Loaded Plugin CharacterAI, From E:/Game Data/Epic Games/4.14/Engine/Plugins/Experimental/CharacterAI/CharacterAI.uplugin
LogPluginManager: Loaded Plugin CodeEditor, From E:/Game Data/Epic Games/4.14/Engine/Plugins/Experimental/CodeEditor/CodeEditor.uplugin
LogPluginManager: Loaded Plugin CodeView, From E:/Game Data/Epic Games/4.14/Engine/Plugins/Experimental/CodeView/CodeView.uplugin
LogPluginManager: Loaded Plugin HTML5Networking, From E:/Game Data/Epic Games/4.14/Engine/Plugins/Experimental/HTML5Networking/HTML5Networking.uplugin
LogPluginManager: Loaded Plugin OSVR, From E:/Game Data/Epic Games/4.14/Engine/Plugins/Experimental/OSVR/OSVR.uplugin
LogPluginManager: Loaded Plugin Phya, From E:/Game Data/Epic Games/4.14/Engine/Plugins/Experimental/Phya/Phya.uplugin
LogPluginManager: Loaded Plugin SignificanceManager, From E:/Game Data/Epic Games/4.14/Engine/Plugins/Experimental/SignificanceManager/SignificanceManager.uplugin
LogPluginManager: Loaded Plugin SimpleHMD, From E:/Game Data/Epic Games/4.14/Engine/Plugins/Experimental/SimpleHMD/SimpleHMD.uplugin
LogPluginManager: Loaded Plugin StereoPanorama, From E:/Game Data/Epic Games/4.14/Engine/Plugins/Experimental/StereoPanorama/StereoPanorama.uplugin
LogPluginManager: Loaded Plugin StructBox, From E:/Game Data/Epic Games/4.14/Engine/Plugins/Experimental/StructBox/StructBox.uplugin
LogPluginManager: Loaded Plugin HGGifImporter, From E:/Game Data/Epic Games/4.14/Engine/Plugins/Marketplace/HGGifImporter/HGGifImporter.uplugin
LogPluginManager: Loaded Plugin UnrealJS, From E:/Game Data/Epic Games/4.14/Engine/Plugins/Marketplace/UnrealJS/UnrealJS.uplugin
LogPluginManager: Loaded Plugin AndroidMedia, From E:/Game Data/Epic Games/4.14/Engine/Plugins/Media/AndroidMedia/AndroidMedia.uplugin
LogPluginManager: Loaded Plugin AvfMedia, From E:/Game Data/Epic Games/4.14/Engine/Plugins/Media/AvfMedia/AvfMedia.uplugin
LogPluginManager: Loaded Plugin MediaPlayerEditor, From E:/Game Data/Epic Games/4.14/Engine/Plugins/Media/MediaPlayerEditor/MediaPlayerEditor.uplugin
LogPluginManager: Loaded Plugin WmfMedia, From E:/Game Data/Epic Games/4.14/Engine/Plugins/Media/WmfMedia/WmfMedia.uplugin
LogPluginManager: Loaded Plugin MessagingDebugger, From E:/Game Data/Epic Games/4.14/Engine/Plugins/Messaging/MessagingDebugger/MessagingDebugger.uplugin
LogPluginManager: Loaded Plugin TcpMessaging, From E:/Game Data/Epic Games/4.14/Engine/Plugins/Messaging/TcpMessaging/TcpMessaging.uplugin
LogPluginManager: Loaded Plugin UdpMessaging, From E:/Game Data/Epic Games/4.14/Engine/Plugins/Messaging/UdpMessaging/UdpMessaging.uplugin
LogPluginManager: Loaded Plugin LevelSequenceEditor, From E:/Game Data/Epic Games/4.14/Engine/Plugins/MovieScene/LevelSequenceEditor/LevelSequenceEditor.uplugin
LogPluginManager: Loaded Plugin MatineeToLevelSequence, From E:/Game Data/Epic Games/4.14/Engine/Plugins/MovieScene/MatineeToLevelSequence/MatineeToLevelSequence.uplugin
LogPluginManager: Loaded Plugin NetcodeUnitTest, From E:/Game Data/Epic Games/4.14/Engine/Plugins/NetcodeUnitTest/NetcodeUnitTest/NetcodeUnitTest.uplugin
LogPluginManager: Loaded Plugin NUTUnrealEngine4, From E:/Game Data/Epic Games/4.14/Engine/Plugins/NetcodeUnitTest/NUTUnrealEngine4/NUTUnrealEngine4.uplugin
LogPluginManager: Loaded Plugin OnlineSubsystemGameCircle, From E:/Game Data/Epic Games/4.14/Engine/Plugins/Online/Android/OnlineSubsystemGameCircle/OnlineSubsystemGameCircle.uplugin
LogPluginManager: Loaded Plugin OnlineSubsystemGooglePlay, From E:/Game Data/Epic Games/4.14/Engine/Plugins/Online/Android/OnlineSubsystemGooglePlay/OnlineSubsystemGooglePlay.uplugin
LogPluginManager: Loaded Plugin OnlineSubsystemIOS, From E:/Game Data/Epic Games/4.14/Engine/Plugins/Online/IOS/OnlineSubsystemIOS/OnlineSubsystemIOS.uplugin
LogPluginManager: Loaded Plugin OnlineFramework, From E:/Game Data/Epic Games/4.14/Engine/Plugins/Online/OnlineFramework/OnlineFramework.uplugin
LogPluginManager: Loaded Plugin OnlineSubsystem, From E:/Game Data/Epic Games/4.14/Engine/Plugins/Online/OnlineSubsystem/OnlineSubsystem.uplugin
LogPluginManager: Loaded Plugin OnlineSubsystemAmazon, From E:/Game Data/Epic Games/4.14/Engine/Plugins/Online/OnlineSubsystemAmazon/OnlineSubsystemAmazon.uplugin
LogPluginManager: Loaded Plugin OnlineSubsystemFacebook, From E:/Game Data/Epic Games/4.14/Engine/Plugins/Online/OnlineSubsystemFacebook/OnlineSubsystemFacebook.uplugin
LogPluginManager: Loaded Plugin OnlineSubsystemNull, From E:/Game Data/Epic Games/4.14/Engine/Plugins/Online/OnlineSubsystemNull/OnlineSubsystemNull.uplugin
LogPluginManager: Loaded Plugin OnlineSubsystemOculus, From E:/Game Data/Epic Games/4.14/Engine/Plugins/Online/OnlineSubsystemOculus/OnlineSubsystemOculus.uplugin
LogPluginManager: Loaded Plugin OnlineSubsystemSteam, From E:/Game Data/Epic Games/4.14/Engine/Plugins/Online/OnlineSubsystemSteam/OnlineSubsystemSteam.uplugin
LogPluginManager: Loaded Plugin OnlineSubsystemUtils, From E:/Game Data/Epic Games/4.14/Engine/Plugins/Online/OnlineSubsystemUtils/OnlineSubsystemUtils.uplugin
LogPluginManager: Loaded Plugin IOSTapJoy, From E:/Game Data/Epic Games/4.14/Engine/Plugins/Runtime/Advertising/IOSTapJoy/IOSTapJoy.uplugin
LogPluginManager: Loaded Plugin AnalyticsBlueprintLibrary, From E:/Game Data/Epic Games/4.14/Engine/Plugins/Runtime/Analytics/AnalyticsBlueprintLibrary/AnalyticsBlueprintLibrary.uplugin
LogPluginManager: Loaded Plugin AnalyticsMulticast, From E:/Game Data/Epic Games/4.14/Engine/Plugins/Runtime/Analytics/AnalyticsMulticast/AnalyticsMulticast.uplugin
LogPluginManager: Loaded Plugin Apsalar, From E:/Game Data/Epic Games/4.14/Engine/Plugins/Runtime/Analytics/Apsalar/Apsalar.uplugin
LogPluginManager: Loaded Plugin FileLogging, From E:/Game Data/Epic Games/4.14/Engine/Plugins/Runtime/Analytics/FileLogging/FileLogging.uplugin
LogPluginManager: Loaded Plugin Flurry, From E:/Game Data/Epic Games/4.14/Engine/Plugins/Runtime/Analytics/Flurry/Flurry.uplugin
LogPluginManager: Loaded Plugin AndroidDeviceProfileSelector, From E:/Game Data/Epic Games/4.14/Engine/Plugins/Runtime/AndroidDeviceProfileSelector/AndroidDeviceProfileSelector.uplugin
LogPluginManager: Loaded Plugin AndroidMoviePlayer, From E:/Game Data/Epic Games/4.14/Engine/Plugins/Runtime/AndroidMoviePlayer/AndroidMoviePlayer.uplugin
LogPluginManager: Loaded Plugin AppleMoviePlayer, From E:/Game Data/Epic Games/4.14/Engine/Plugins/Runtime/AppleMoviePlayer/AppleMoviePlayer.uplugin
LogPluginManager: Loaded Plugin ArchVisCharacter, From E:/Game Data/Epic Games/4.14/Engine/Plugins/Runtime/ArchVisCharacter/ArchVisCharacter.uplugin
LogPluginManager: Loaded Plugin CableComponent, From E:/Game Data/Epic Games/4.14/Engine/Plugins/Runtime/CableComponent/CableComponent.uplugin
LogPluginManager: Loaded Plugin CustomMeshComponent, From E:/Game Data/Epic Games/4.14/Engine/Plugins/Runtime/CustomMeshComponent/CustomMeshComponent.uplugin
LogPluginManager: Loaded Plugin ExampleDeviceProfileSelector, From E:/Game Data/Epic Games/4.14/Engine/Plugins/Runtime/ExampleDeviceProfileSelector/ExampleDeviceProfileSelector.uplugin
LogPluginManager: Loaded Plugin GearVR, From E:/Game Data/Epic Games/4.14/Engine/Plugins/Runtime/GearVR/GearVR.uplugin
LogPluginManager: Loaded Plugin GoogleVRController, From E:/Game Data/Epic Games/4.14/Engine/Plugins/Runtime/GoogleVR/GoogleVRController/GoogleVRController.uplugin
LogPluginManager: Loaded Plugin GoogleVRHMD, From E:/Game Data/Epic Games/4.14/Engine/Plugins/Runtime/GoogleVR/GoogleVRHMD/GoogleVRHMD.uplugin
LogPluginManager: Loaded Plugin IOSDeviceProfileSelector, From E:/Game Data/Epic Games/4.14/Engine/Plugins/Runtime/IOSDeviceProfileSelector/IOSDeviceProfileSelector.uplugin
LogPluginManager: Loaded Plugin LeapMotion, From E:/Game Data/Epic Games/4.14/Engine/Plugins/Runtime/LeapMotion/LeapMotion.uplugin
LogPluginManager: Loaded Plugin LinuxDeviceProfileSelector, From E:/Game Data/Epic Games/4.14/Engine/Plugins/Runtime/LinuxDeviceProfileSelector/LinuxDeviceProfileSelector.uplugin
LogPluginManager: Loaded Plugin MIDIDevice, From E:/Game Data/Epic Games/4.14/Engine/Plugins/Runtime/MIDIDevice/MIDIDevice.uplugin
LogPluginManager: Loaded Plugin MobilePatchingUtils, From E:/Game Data/Epic Games/4.14/Engine/Plugins/Runtime/MobilePatchingUtils/MobilePatchingUtils.uplugin
LogPluginManager: Loaded Plugin Ansel, From E:/Game Data/Epic Games/4.14/Engine/Plugins/Runtime/Nvidia/Ansel/Ansel.uplugin
LogPluginManager: Loaded Plugin OculusAudio, From E:/Game Data/Epic Games/4.14/Engine/Plugins/Runtime/OculusAudio/OculusAudio.uplugin
LogPluginManager: Loaded Plugin OculusInput, From E:/Game Data/Epic Games/4.14/Engine/Plugins/Runtime/OculusInput/OculusInput.uplugin
LogPluginManager: Loaded Plugin OculusLibrary, From E:/Game Data/Epic Games/4.14/Engine/Plugins/Runtime/OculusLibrary/OculusLibrary.uplugin
LogPluginManager: Loaded Plugin OculusRift, From E:/Game Data/Epic Games/4.14/Engine/Plugins/Runtime/OculusRift/OculusRift.uplugin
LogPluginManager: Loaded Plugin Oodle, From E:/Game Data/Epic Games/4.14/Engine/Plugins/Runtime/PacketHandlers/CompressionComponents/Oodle/Oodle.uplugin
LogPluginManager: Loaded Plugin ProceduralMeshComponent, From E:/Game Data/Epic Games/4.14/Engine/Plugins/Runtime/ProceduralMeshComponent/ProceduralMeshComponent.uplugin
LogPluginManager: Loaded Plugin SoundMod, From E:/Game Data/Epic Games/4.14/Engine/Plugins/Runtime/SoundMod/SoundMod.uplugin
LogPluginManager: Loaded Plugin SoundVisualizations, From E:/Game Data/Epic Games/4.14/Engine/Plugins/Runtime/SoundVisualizations/SoundVisualizations.uplugin
LogPluginManager: Loaded Plugin SteamController, From E:/Game Data/Epic Games/4.14/Engine/Plugins/Runtime/Steam/SteamController/SteamController.uplugin
LogPluginManager: Loaded Plugin SteamVR, From E:/Game Data/Epic Games/4.14/Engine/Plugins/Runtime/Steam/SteamVR/SteamVR.uplugin
LogPluginManager: Loaded Plugin WebBrowserWidget, From E:/Game Data/Epic Games/4.14/Engine/Plugins/Runtime/WebBrowserWidget/WebBrowserWidget.uplugin
LogPluginManager: Loaded Plugin WindowsDeviceProfileSelector, From E:/Game Data/Epic Games/4.14/Engine/Plugins/Runtime/WindowsDeviceProfileSelector/WindowsDeviceProfileSelector.uplugin
LogPluginManager: Loaded Plugin WindowsMoviePlayer, From E:/Game Data/Epic Games/4.14/Engine/Plugins/Runtime/WindowsMoviePlayer/WindowsMoviePlayer.uplugin
LogPluginManager: Loaded Plugin ScriptPlugin, From E:/Game Data/Epic Games/4.14/Engine/Plugins/ScriptPlugin/ScriptPlugin.uplugin
LogPluginManager: Loaded Plugin SlateRemote, From E:/Game Data/Epic Games/4.14/Engine/Plugins/Slate/SlateRemote/SlateRemote.uplugin
LogPluginManager: Loaded Plugin EditorTests, From E:/Game Data/Epic Games/4.14/Engine/Plugins/Tests/EditorTests/EditorTests.uplugin
LogPluginManager: Loaded Plugin FbxAutomationTestBuilder, From E:/Game Data/Epic Games/4.14/Engine/Plugins/Tests/FbxAutomationTestBuilder/FbxAutomationTestBuilder.uplugin
LogPluginManager: Loaded Plugin FunctionalTestingEditor, From E:/Game Data/Epic Games/4.14/Engine/Plugins/Tests/FunctionalTestingEditor/FunctionalTestingEditor.uplugin
LogPluginManager: Loaded Plugin RuntimeTests, From E:/Game Data/Epic Games/4.14/Engine/Plugins/Tests/RuntimeTests/RuntimeTests.uplugin
LogPluginManager: Loaded Plugin ScreenshotTools, From E:/Game Data/Epic Games/4.14/Engine/Plugins/Tests/ScreenshotTools/ScreenshotTools.uplugin
LogInit: Using libcurl 7.47.1
LogInit:  - built for x86_64-pc-win32
LogInit:  - supports SSL with OpenSSL/1.0.2g
LogInit:  - supports HTTP deflate (compression) using libz 1.2.8
LogInit:  - other features:
LogInit:      CURL_VERSION_SSL
LogInit:      CURL_VERSION_LIBZ
LogInit:      CURL_VERSION_IPV6
LogInit:      CURL_VERSION_ASYNCHDNS
LogInit:      CURL_VERSION_LARGEFILE
LogInit:      CURL_VERSION_IDN
LogInit:  CurlRequestOptions (configurable via config and command line):
LogInit:  - bVerifyPeer = false  - Libcurl will NOT verify peer certificate
LogInit:  - bUseHttpProxy = false  - Libcurl will NOT use HTTP proxy
LogInit:  - bDontReuseConnections = false  - Libcurl will reuse connections
LogInit:  - CertBundlePath = nullptr  - Libcurl will use whatever was configured at build time.
LogInit: Build: ++UE4+Release-4.14-CL-3249277
LogInit: Engine Version: 4.14.3-3249277+++UE4+Release-4.14
LogInit: Compatible Engine Version: 4.14.0-3195953+++UE4+Release-4.14
LogInit: Net CL: 3195953
LogDevObjectVersion: Number of dev versions registered: 13
LogDevObjectVersion:   Dev-Blueprints (B0D832E4-1F89-4F0D-ACCF-7EB736FD4AA2): 7
LogDevObjectVersion:   Dev-Build (E1C64328-A22C-4D53-A36C-8E866417BD8C): 0
LogDevObjectVersion:   Dev-Core (375EC13C-06E4-48FB-B500-84F0262A717E): 1
LogDevObjectVersion:   Dev-Editor (E4B068ED-F494-42E9-A231-DA0B2E46BB41): 8
LogDevObjectVersion:   Dev-Framework (CFFC743F-43B0-4480-9391-14DF171D2073): 17
LogDevObjectVersion:   Dev-Mobile (B02B49B5-BB20-44E9-A304-32B752E40360): 0
LogDevObjectVersion:   Dev-Networking (A4E4105C-59A1-49B5-A7C5-40C4547EDFEE): 0
LogDevObjectVersion:   Dev-Online (39C831C9-5AE6-47DC-9A44-9C173E1C8E7C): 0
LogDevObjectVersion:   Dev-Physics (78F01B33-EBEA-4F98-B9B4-84EACCB95AA2): 0
LogDevObjectVersion:   Dev-Platform (6631380F-2D4D-43E0-8009-CF276956A95A): 0
LogDevObjectVersion:   Dev-Rendering (12F88B9F-8875-4AFC-A67C-D90C383ABD29): 12
LogDevObjectVersion:   Dev-Sequencer (7B5AE74C-D270-4C10-A958-57980B212A5A): 1
LogDevObjectVersion:   Dev-VR (D7296918-1DD6-4BDD-9DE2-64A83CC13884): 0
LogInit: Compiled (64-bit): Jan  6 2017 10:49:43
LogInit: Compiled with Visual C++: 19.00.23026.00
LogInit: Build Configuration: Development
LogInit: Branch Name: ++UE4+Release-4.14
LogInit: Command line:  /Temp/Autosaves/Game/Maps-Levels/UEDPCstartMenu -game -PIEVIACONSOLE -ResX=1280 -ResY=720  -Multiprocess -messaging -SessionName="Play in Standalone Game" -windowed 
LogInit: Base directory: E:/Game Data/Epic Games/4.14/Engine/Binaries/Win64/
LogInit: Installed Engine Build: 1
LogInit: Presizing for max 8388607 objects, including 0 objects not considered by GC, pre-allocating 0 bytes for permanent pool.
LogInit: Object subsystem initialized
[2017.03.08-06.26.04:654][  0]LogInit: Selected Device Profile: [Windows]
[2017.03.08-06.26.04:654][  0]LogInit: Applying CVar settings loaded from the selected device profile: [Windows]
[2017.03.08-06.26.04:662][  0]LogInit: Computer: RAGNARÖK
[2017.03.08-06.26.04:662][  0]LogInit: User: Chris
[2017.03.08-06.26.04:662][  0]LogInit: CPU Page size=65536, Cores=8
[2017.03.08-06.26.04:662][  0]LogInit: High frequency timer resolution =3.135576 MHz
[2017.03.08-06.26.04:662][  0]LogMemory: Memory total: Physical=15.9GB (16GB approx)
[2017.03.08-06.26.04:662][  0]LogMemory: Platform Memory Stats for Windows
[2017.03.08-06.26.04:662][  0]LogMemory: Process Physical Memory: 267.31 MB used, 267.31 MB peak
[2017.03.08-06.26.04:662][  0]LogMemory: Process Virtual Memory: 266.21 MB used, 266.21 MB peak
[2017.03.08-06.26.04:662][  0]LogMemory: Physical Memory: 5694.68 MB used,  10589.39 MB free, 16284.07 MB total
[2017.03.08-06.26.04:662][  0]LogMemory: Virtual Memory: 664.53 MB used,  10589.39 MB free, 8388608.00 MB total
[2017.03.08-06.26.04:727][  0]LogTextLocalizationManager: No specific translations for ('en-US') exist, so ('en') translations will be used.
[2017.03.08-06.26.05:293][  0]LogD3D11RHI: D3D11 adapters:
[2017.03.08-06.26.05:316][  0]LogD3D11RHI:    0. 'AMD Radeon (TM) R9 380 Series' (Feature Level 11_0)
[2017.03.08-06.26.05:316][  0]LogD3D11RHI:       4074/0/3840 MB DedicatedVideo/DedicatedSystem/SharedSystem, Outputs:1, VendorId:0x1002
[2017.03.08-06.26.05:316][  0]LogD3D11RHI: Chosen D3D11 Adapter: 0
[2017.03.08-06.26.05:326][  0]LogD3D11RHI: Creating new Direct3DDevice
[2017.03.08-06.26.05:326][  0]LogD3D11RHI:     GPU DeviceId: 0x6938 (for the marketing name, search the web for "GPU Device Id")
[2017.03.08-06.26.05:326][  0]LogWindows: EnumDisplayDevices:
[2017.03.08-06.26.05:326][  0]LogWindows:    0. 'AMD Radeon (TM) R9 380 Series' (P:1 D:1)
[2017.03.08-06.26.05:326][  0]LogWindows:    1. 'AMD Radeon (TM) R9 380 Series' (P:0 D:0)
[2017.03.08-06.26.05:327][  0]LogWindows:    2. 'AMD Radeon (TM) R9 380 Series' (P:0 D:0)
[2017.03.08-06.26.05:327][  0]LogWindows:    3. 'AMD Radeon (TM) R9 380 Series' (P:0 D:0)
[2017.03.08-06.26.05:328][  0]LogWindows:    4. 'AMD Radeon (TM) R9 380 Series' (P:0 D:0)
[2017.03.08-06.26.05:328][  0]LogWindows:    5. 'AMD Radeon (TM) R9 380 Series' (P:0 D:0)
[2017.03.08-06.26.05:329][  0]LogWindows:    6. 'RDPDD Chained DD' (P:0 D:0)
[2017.03.08-06.26.05:329][  0]LogWindows:    7. 'RDP Encoder Mirror Driver' (P:0 D:0)
[2017.03.08-06.26.05:330][  0]LogWindows:    8. 'RDP Reflector Display Driver' (P:0 D:0)
[2017.03.08-06.26.05:330][  0]LogWindows: DebugString: GetVideoDriverDetailsInvalid PrimaryIsNotTheChoosenAdapter GetVideoDriverDetailsInvalid PrimaryIsNotTheChoosenAdapter GetVideoDriverDetailsInvalid PrimaryIsNotTheChoosenAdapter FoundDriverCount:6 
[2017.03.08-06.26.05:330][  0]LogD3D11RHI:     Adapter Name: AMD Radeon (TM) R9 380 Series
[2017.03.08-06.26.05:330][  0]LogD3D11RHI:   Driver Version: Crimson ReLive 17.2.1 (internal:21.19.519.2, unified:21.19.519.2)
[2017.03.08-06.26.05:330][  0]LogD3D11RHI:      Driver Date: 2-10-2017
[2017.03.08-06.26.05:330][  0]LogRHI: Texture pool is 1361 MB (70% of 1945 MB)
[2017.03.08-06.26.05:347][  0]LogD3D11RHI: Async texture creation enabled
[2017.03.08-06.26.05:360][  0]LogD3D11RHI: GPU Timing Frequency: 27.000000 (Debug: 2 1)
[2017.03.08-06.26.05:361][  0]LogShaderCompilers: Guid format shader working directory is -3 characters bigger than the processId version (../../../../../Unreal Projects/ChimeraGames/Abyss/Intermediate/Shaders/WorkingDirectory/5980/).
[2017.03.08-06.26.05:361][  0]LogShaderCompilers: Cleaned the shader compiler working directory 'C:/Users/Chris/AppData/Local/Temp/UnrealShaderWorkingDir/CF6A6E2D47794DC9C48616B61F738305/'.
[2017.03.08-06.26.05:361][  0]LogShaderCompilers:Display: Using Local Shader Compiler.
[2017.03.08-06.26.06:972][  0]LogTemp:Display: Loaded TP WindowsClientTargetPlatform
[2017.03.08-06.26.07:053][  0]LogTemp:Display: Loaded TP WindowsNoEditorTargetPlatform
[2017.03.08-06.26.07:130][  0]LogTemp:Display: Loaded TP WindowsServerTargetPlatform
[2017.03.08-06.26.07:191][  0]LogTemp:Display: Loaded TP WindowsTargetPlatform
[2017.03.08-06.26.07:191][  0]LogTargetPlatformManager:Display: Building Assets For Windows
[2017.03.08-06.26.07:681][  0]LogDerivedDataCache:Display: Max Cache Size: 512 MB
[2017.03.08-06.26.07:786][  0]LogDerivedDataCache: Loaded boot cache 0.11s 50MB C:/Users/Chris/AppData/Local/UnrealEngine/4.14/DerivedDataCache/Boot.ddc.
[2017.03.08-06.26.07:786][  0]LogDerivedDataCache:Display: Loaded Boot cache: C:/Users/Chris/AppData/Local/UnrealEngine/4.14/DerivedDataCache/Boot.ddc
[2017.03.08-06.26.07:786][  0]LogDerivedDataCache: FDerivedDataBackendGraph:  Pak pak cache file ../../../../../Unreal Projects/ChimeraGames/Abyss/DerivedDataCache/DDC.ddp not found, will not use a pak cache.
[2017.03.08-06.26.07:786][  0]LogDerivedDataCache: Unable to find inner node Pak for hierarchical cache Hierarchy.
[2017.03.08-06.26.07:786][  0]LogDerivedDataCache: FDerivedDataBackendGraph:  CompressedPak pak cache file ../../../../../Unreal Projects/ChimeraGames/Abyss/DerivedDataCache/Compressed.ddp not found, will not use a pak cache.
[2017.03.08-06.26.07:786][  0]LogDerivedDataCache: Unable to find inner node CompressedPak for hierarchical cache Hierarchy.
[2017.03.08-06.26.07:811][  0]LogDerivedDataCache:Display: Pak cache opened for reading ../../../Engine/DerivedDataCache/Compressed.ddp.
[2017.03.08-06.26.07:823][  0]LogDerivedDataCache: Using Local data cache path C:/Users/Chris/AppData/Local/UnrealEngine/Common/DerivedDataCache: Writable
[2017.03.08-06.26.08:125][  0]LogAssetRegistry: FAssetRegistry took 0.0001 seconds to start up
[2017.03.08-06.26.08:134][  0]LogPackageLocalizationCache: Processed 4 localized package path(s) for 2 prioritized culture(s) in 0.008077 seconds
[2017.03.08-06.26.08:161][  0]LogInit: Selected Device Profile: [Windows]
[2017.03.08-06.26.08:164][  0]LogContentStreaming: Texture pool size is 1000.00 MB
[2017.03.08-06.26.08:429][  0]LogMeshUtilities: Using QuadricMeshReduction for automatic static mesh reduction
[2017.03.08-06.26.08:489][  0]LogSimplygon: Simplygon DLL not present - disabling.
[2017.03.08-06.26.08:556][  0]LogMeshUtilities: Using SimplygonSwarm for distributed automatic mesh merging
[2017.03.08-06.26.08:556][  0]LogMeshUtilities: No automatic skeletal mesh reduction module available
[2017.03.08-06.26.08:556][  0]LogMeshUtilities: No automatic mesh merging module available
[2017.03.08-06.26.09:274][  0]LogNetVersion: GetLocalNetworkVersion: CL: 3195953, ProjectName: abyss, ProjectVersion: , EngineNetworkVersion: 2, GameNetworkVersion: 0, NetworkChecksum: 1595127573
[2017.03.08-06.26.09:352][  0]LogInit: WinSock: version 1.1 (2.2), MaxSocks=32767, MaxUdp=65467
[2017.03.08-06.26.10:284][  0]LogSlate: Using Freetype 2.6.0
[2017.03.08-06.26.10:285][  0]LogSlate: SlateFontCache - WITH_FREETYPE: 1, WITH_HARFBUZZ: 1
[2017.03.08-06.26.10:285][  0]LogSlate: SlateFontCache - WITH_FREETYPE: 1, WITH_HARFBUZZ: 1
[2017.03.08-06.26.10:460][  0]LogMoviePlayer: Initializing movie player
[2017.03.08-06.26.10:552][  0]LogWindowsMoviePlayer: Unable to load movie: ../../../../../Unreal Projects/ChimeraGames/Abyss/Content/Movies/Default_Startup.mp4
[2017.03.08-06.26.10:814][  0]JavascriptCmd: Unreal.js started. V8 5.7.201
[2017.03.08-06.26.11:121][  0]SourceControl: Info Source control is disabled
[2017.03.08-06.26.11:121][  0]SourceControl: Info Source control is disabled
[2017.03.08-06.26.11:187][  0]SourceControl: Info Source control is disabled
[2017.03.08-06.26.11:762][  0]LogUObjectArray: 34631 objects as part of root set at end of initial load.
[2017.03.08-06.26.11:762][  0]LogUObjectAllocator: 7649232 out of 0 bytes used by permanent object pool.
[2017.03.08-06.26.11:762][  0]LogUObjectArray: CloseDisregardForGC: 0/0 objects in disregard for GC pool
[2017.03.08-06.26.11:902][  0]LogEngine: Initializing Engine...
[2017.03.08-06.26.12:099][  0]LogInit: XAudio2 using '1 - SE32HY27 (2- AMD High Definition Audio Device)' : 2 channels at 48 kHz using 16 bits per sample (channel mask 0x3)
[2017.03.08-06.26.12:116][  0]LogInit: FAudioDevice initialized.
[2017.03.08-06.26.12:139][  0]LogInit: Texture streaming: Enabled
[2017.03.08-06.26.12:163][  0]LogMaterial: Uniform references updated for custom material expression Custom.
[2017.03.08-06.26.12:614][  0]LogInit:Display: Game Engine Initialized.
[2017.03.08-06.26.12:731][  0]LogInit:Display: Starting Game.
[2017.03.08-06.26.12:731][  0]LogNet: Browse: /Temp/Autosaves/Game/Maps-Levels/UEDPCstartMenu?Name=Player
[2017.03.08-06.26.12:732][  0]LogLoad: LoadMap: /Temp/Autosaves/Game/Maps-Levels/UEDPCstartMenu?Name=Player
[2017.03.08-06.26.12:789][  0]LogMemory: Platform Memory Stats for Windows
[2017.03.08-06.26.12:789][  0]LogMemory: Process Physical Memory: 635.32 MB used, 657.30 MB peak
[2017.03.08-06.26.12:789][  0]LogMemory: Process Virtual Memory: 609.59 MB used, 643.00 MB peak
[2017.03.08-06.26.12:789][  0]LogMemory: Physical Memory: 5996.90 MB used,  10287.17 MB free, 16284.07 MB total
[2017.03.08-06.26.12:789][  0]LogMemory: Virtual Memory: 1252.25 MB used,  10287.17 MB free, 8388608.00 MB total
[2017.03.08-06.26.12:789][  0]LogMemory: 
[2017.03.08-06.26.12:789][  0]Allocator Stats for TBB: (not implemented)
[2017.03.08-06.26.13:021][  0]LogAIModule: Creating AISystem for world startMenu
[2017.03.08-06.26.13:143][  0]LogLinker:Warning: Can't find file '/Game/UMG/playerInventory'
[2017.03.08-06.26.13:143][  0]LogUObjectGlobals:Warning: Failed to load '/Game/UMG/playerInventory': Can't find file '/Game/UMG/playerInventory'
[2017.03.08-06.26.13:144][  0]LogLinker:Warning: Can't find file for asset '/Game/UMG/playerInventory' while loading NULL.
[2017.03.08-06.26.13:144][  0]LogUObjectGlobals:Warning: Failed to load '/Game/UMG/playerInventory': Can't find file for asset '/Game/UMG/playerInventory' while loading NULL.
[2017.03.08-06.26.13:343][  0]LogLinker:Warning: Can't find file '/Game/UMG/playerInventory'
[2017.03.08-06.26.13:343][  0]LogUObjectGlobals:Warning: Failed to load '/Game/UMG/playerInventory': Can't find file '/Game/UMG/playerInventory'
[2017.03.08-06.26.13:344][  0]LogLinker:Warning: Can't find file for asset '/Game/UMG/playerInventory' while loading NULL.
[2017.03.08-06.26.13:344][  0]LogUObjectGlobals:Warning: Failed to load '/Game/UMG/playerInventory': Can't find file for asset '/Game/UMG/playerInventory' while loading NULL.
[2017.03.08-06.26.13:345][  0]LogLinker:Warning: Can't find file '/Game/UMG/playerInventory'
[2017.03.08-06.26.13:345][  0]LoadErrors: Info Failed to load /Game/UMG/playerInventory.playerInventory_C Referenced by playerHUD
[2017.03.08-06.26.13:345][  0]LogUObjectGlobals:Warning: Failed to load '/Game/UMG/playerInventory': Can't find file '/Game/UMG/playerInventory'
[2017.03.08-06.26.13:345][  0]LogLinker:Warning: Can't find file for asset '/Game/UMG/playerInventory' while loading NULL.
[2017.03.08-06.26.13:345][  0]LoadErrors: Info Failed to load /Game/UMG/playerInventory.playerInventory_C Referenced by playerHUD
[2017.03.08-06.26.13:345][  0]LogUObjectGlobals:Warning: Failed to load '/Game/UMG/playerInventory': Can't find file for asset '/Game/UMG/playerInventory' while loading NULL.
[2017.03.08-06.26.13:777][  0]LogLoad: Game class is 'abyssGameMode_C'
[2017.03.08-06.26.13:780][  0]LogWorld: Bringing World /Temp/Autosaves/Game/Maps-Levels/UEDPCstartMenu.startMenu up for play (max tick rate 0) at 2017.03.08-01.26.13
[2017.03.08-06.26.13:780][  0]LogWorld: Bringing up level for play took: 0.001005
[2017.03.08-06.26.13:786][  0]LogLoad: Took 1.054331 seconds to LoadMap(/Temp/Autosaves/Game/Maps-Levels/UEDPCstartMenu)
[2017.03.08-06.26.14:182][  0]LogLoad: (Engine Initialization) Total time: 11.94 seconds
[2017.03.08-06.26.14:182][  0]LogLoad: (Engine Initialization) Total Blueprint compile time: 0.50 seconds
[2017.03.08-06.26.14:182][  0]LogExternalProfiler: Found external profiler: VSPerf
[2017.03.08-06.26.14:182][  0]LogExternalProfiler: Using external profiler: VSPerf
[2017.03.08-06.26.14:331][  2]LogRenderer: Reallocating scene render targets to support 1280x720 NumSamples 1 (Frame:2).
[2017.03.08-06.26.18:676][233]LogPackageName: SearchForPackageOnDisk took   0.131s to resolve Fort_Exploration1.umap.
[2017.03.08-06.26.18:807][233]LogPackageName: SearchForPackageOnDisk took   0.130s to resolve Fort_Exploration1.umap.
[2017.03.08-06.26.18:807][233]LogNet: Browse: /Game/Maps-Levels/Fort/Exploration/Fort_Exploration1
[2017.03.08-06.26.18:807][233]LogLoad: LoadMap: /Game/Maps-Levels/Fort/Exploration/Fort_Exploration1
[2017.03.08-06.26.18:890][233]LogMemory: Platform Memory Stats for Windows
[2017.03.08-06.26.18:890][233]LogMemory: Process Physical Memory: 697.98 MB used, 697.98 MB peak
[2017.03.08-06.26.18:890][233]LogMemory: Process Virtual Memory: 661.63 MB used, 661.63 MB peak
[2017.03.08-06.26.18:890][233]LogMemory: Physical Memory: 6049.29 MB used,  10234.78 MB free, 16284.07 MB total
[2017.03.08-06.26.18:890][233]LogMemory: Virtual Memory: 1333.57 MB used,  10234.78 MB free, 8388608.00 MB total
[2017.03.08-06.26.18:890][233]LogMemory: 
[2017.03.08-06.26.18:890][233]Allocator Stats for TBB: (not implemented)
[2017.03.08-06.26.19:058][233]LogLinker:Warning: Can't find file '/Game/UMG/playerInventory'
[2017.03.08-06.26.19:058][233]LogUObjectGlobals:Warning: Failed to load '/Game/UMG/playerInventory': Can't find file '/Game/UMG/playerInventory'
[2017.03.08-06.26.19:058][233]LogLinker:Warning: Can't find file for asset '/Game/UMG/playerInventory' while loading NULL.
[2017.03.08-06.26.19:058][233]LogUObjectGlobals:Warning: Failed to load '/Game/UMG/playerInventory': Can't find file for asset '/Game/UMG/playerInventory' while loading NULL.
[2017.03.08-06.26.19:234][233]LogLinker:Warning: Can't find file '/Game/UMG/playerInventory'
[2017.03.08-06.26.19:234][233]LogUObjectGlobals:Warning: Failed to load '/Game/UMG/playerInventory': Can't find file '/Game/UMG/playerInventory'
[2017.03.08-06.26.19:235][233]LogLinker:Warning: Can't find file for asset '/Game/UMG/playerInventory' while loading NULL.
[2017.03.08-06.26.19:235][233]LogUObjectGlobals:Warning: Failed to load '/Game/UMG/playerInventory': Can't find file for asset '/Game/UMG/playerInventory' while loading NULL.
[2017.03.08-06.26.19:235][233]LogLinker:Warning: Can't find file '/Game/UMG/playerInventory'
[2017.03.08-06.26.19:235][233]LoadErrors: Info Failed to load /Game/UMG/playerInventory.playerInventory_C Referenced by playerHUD
[2017.03.08-06.26.19:235][233]LogUObjectGlobals:Warning: Failed to load '/Game/UMG/playerInventory': Can't find file '/Game/UMG/playerInventory'
[2017.03.08-06.26.19:235][233]LogLinker:Warning: Can't find file for asset '/Game/UMG/playerInventory' while loading NULL.
[2017.03.08-06.26.19:236][233]LoadErrors: Info Failed to load /Game/UMG/playerInventory.playerInventory_C Referenced by playerHUD
[2017.03.08-06.26.19:236][233]LogUObjectGlobals:Warning: Failed to load '/Game/UMG/playerInventory': Can't find file for asset '/Game/UMG/playerInventory' while loading NULL.
[2017.03.08-06.26.19:726][233]LogAIModule: Creating AISystem for world Fort_Exploration1
[2017.03.08-06.26.19:726][233]LogLoad: Game class is 'abyssExplorationMode_C'
[2017.03.08-06.26.19:736][233]LogWorld: Bringing World /Game/Maps-Levels/Fort/Exploration/Fort_Exploration1.Fort_Exploration1 up for play (max tick rate 0) at 2017.03.08-01.26.19
[2017.03.08-06.26.19:737][233]LogWorld: Bringing up level for play took: 0.009398
[2017.03.08-06.26.19:741][233]LogLoad: Took 0.933691 seconds to LoadMap(/Game/Maps-Levels/Fort/Exploration/Fort_Exploration1)
[2017.03.08-06.26.22:251][381]LogPackageName: SearchForPackageOnDisk took   0.134s to resolve Fort_Battle.umap.
[2017.03.08-06.26.22:389][382]LogPackageName: SearchForPackageOnDisk took   0.133s to resolve Fort_Battle.umap.
[2017.03.08-06.26.22:389][382]LogNet: Browse: /Game/Maps-Levels/Fort_Battle
[2017.03.08-06.26.22:389][382]LogLoad: LoadMap: /Game/Maps-Levels/Fort_Battle
[2017.03.08-06.26.22:418][382]LogAudio:Warning: Audio Component is being destroyed without stopping looping sound 'ambientBackground'
[2017.03.08-06.26.22:474][382]LogMemory: Platform Memory Stats for Windows
[2017.03.08-06.26.22:474][382]LogMemory: Process Physical Memory: 710.94 MB used, 710.94 MB peak
[2017.03.08-06.26.22:474][382]LogMemory: Process Virtual Memory: 662.59 MB used, 662.59 MB peak
[2017.03.08-06.26.22:474][382]LogMemory: Physical Memory: 6059.84 MB used,  10224.23 MB free, 16284.07 MB total
[2017.03.08-06.26.22:474][382]LogMemory: Virtual Memory: 1333.57 MB used,  10224.23 MB free, 8388608.00 MB total
[2017.03.08-06.26.22:474][382]LogMemory: 
[2017.03.08-06.26.22:474][382]Allocator Stats for TBB: (not implemented)
[2017.03.08-06.26.22:743][382]LogBlueprint:Warning: [Compiler BattleHUD] Warning 'Item' is already a 'BS Enemy', you don't need  K2Node_DynamicCast_346 .
[2017.03.08-06.26.22:743][382]LogBlueprint:Warning: [Compiler BattleHUD] Warning 'Item' is already a 'BS Player', you don't need  K2Node_DynamicCast_148 .
[2017.03.08-06.26.22:792][382]LogBlueprint:Warning: [Compiler BattleHUD] Warning [0020.55] Compile of BattleHUD successful, but with 2 Warning(s) [in 60 ms] (/Game/UMG/BattleHUD.BattleHUD)
[2017.03.08-06.26.22:792][382]LogBlueprint:Warning: [Compiler BattleHUD] Warning [0020.55] Compile of BattleHUD successful, but with 3 Warning(s) [in 0 ms] (/Game/UMG/BattleHUD.BattleHUD)
[2017.03.08-06.26.22:792][382]LogBlueprint:Warning: [Compiler BattleHUD] Warning [0020.55] Compile of BattleHUD successful, but with 4 Warning(s) [in 0 ms] (/Game/UMG/BattleHUD.BattleHUD)
[2017.03.08-06.26.22:974][382]LogBlueprint:Warning: [Compiler BattleHUD] Warning 'Item' is already a 'BS Enemy', you don't need  K2Node_DynamicCast_346 .
[2017.03.08-06.26.22:975][382]LogBlueprint:Warning: [Compiler BattleHUD] Warning 'Item' is already a 'BS Player', you don't need  K2Node_DynamicCast_148 .
[2017.03.08-06.26.23:022][382]LogBlueprint:Warning: [Compiler BattleHUD] Warning [0020.78] Compile of BattleHUD successful, but with 2 Warning(s) [in 59 ms] (/Game/UMG/BattleHUD.BattleHUD)
[2017.03.08-06.26.23:022][382]LogBlueprint:Warning: [Compiler BattleHUD] Warning [0020.78] Compile of BattleHUD successful, but with 3 Warning(s) [in 0 ms] (/Game/UMG/BattleHUD.BattleHUD)
[2017.03.08-06.26.23:023][382]LogBlueprint:Warning: [Compiler BattleHUD] Warning [0020.78] Compile of BattleHUD successful, but with 4 Warning(s) [in 0 ms] (/Game/UMG/BattleHUD.BattleHUD)
[2017.03.08-06.26.23:152][382]LogAIModule: Creating AISystem for world Fort_Battle
[2017.03.08-06.26.23:152][382]LogLoad: Game class is 'abyssBattleScene_C'
[2017.03.08-06.26.23:156][382]LogWorld: Bringing World /Game/Maps-Levels/Fort_Battle.Fort_Battle up for play (max tick rate 0) at 2017.03.08-01.26.23
[2017.03.08-06.26.23:156][382]LogWorld: Bringing up level for play took: 0.002458
[2017.03.08-06.26.23:157][382]LogGameMode: Warning - PATHS NOT DEFINED or NO PLAYERSTART with positive rating
[2017.03.08-06.26.23:165][382]LogLoad: Took 0.775807 seconds to LoadMap(/Game/Maps-Levels/Fort_Battle)
[2017.03.08-06.26.26:677][600]LogScriptCore:Warning: Script Msg: Attempted to access index 1 from array Loot_33_95D2511440C85A5C76459C8DCBDC82F6 of length 1!
[2017.03.08-06.26.29:371][767]LogScriptCore:Warning: Script Msg: Attempted to access index 1 from array Loot_33_95D2511440C85A5C76459C8DCBDC82F6 of length 1!
[2017.03.08-06.26.31:887][923]LogScriptCore:Warning: Script Msg: Attempted to access index 1 from array Loot_33_95D2511440C85A5C76459C8DCBDC82F6 of length 1!
[2017.03.08-06.26.32:871][984]LogBlueprintUserMessages: [BattleHUD_C_0] Enemy is dead
[2017.03.08-06.26.34:162][ 56]LogPackageName: SearchForPackageOnDisk took   0.130s to resolve Fort_Exploration.umap.
[2017.03.08-06.26.34:290][ 56]LogPackageName: SearchForPackageOnDisk took   0.126s to resolve Fort_Exploration.umap.
[2017.03.08-06.26.34:290][ 56]LogNet: Browse: /Game/Maps-Levels/Fort/Fort_Exploration
[2017.03.08-06.26.34:290][ 56]LogLoad: LoadMap: /Game/Maps-Levels/Fort/Fort_Exploration
[2017.03.08-06.26.34:357][ 56]LogMemory: Platform Memory Stats for Windows
[2017.03.08-06.26.34:357][ 56]LogMemory: Process Physical Memory: 720.90 MB used, 720.90 MB peak
[2017.03.08-06.26.34:357][ 56]LogMemory: Process Virtual Memory: 669.17 MB used, 669.17 MB peak
[2017.03.08-06.26.34:357][ 56]LogMemory: Physical Memory: 6070.46 MB used,  10213.61 MB free, 16284.07 MB total
[2017.03.08-06.26.34:357][ 56]LogMemory: Virtual Memory: 1339.63 MB used,  10213.61 MB free, 8388608.00 MB total
[2017.03.08-06.26.34:357][ 56]LogMemory: 
[2017.03.08-06.26.34:357][ 56]Allocator Stats for TBB: (not implemented)
[2017.03.08-06.26.34:527][ 56]LogLinker:Warning: Can't find file '/Game/UMG/playerInventory'
[2017.03.08-06.26.34:527][ 56]LogUObjectGlobals:Warning: Failed to load '/Game/UMG/playerInventory': Can't find file '/Game/UMG/playerInventory'
[2017.03.08-06.26.34:527][ 56]LogLinker:Warning: Can't find file for asset '/Game/UMG/playerInventory' while loading NULL.
[2017.03.08-06.26.34:527][ 56]LogUObjectGlobals:Warning: Failed to load '/Game/UMG/playerInventory': Can't find file for asset '/Game/UMG/playerInventory' while loading NULL.
[2017.03.08-06.26.34:701][ 56]LogLinker:Warning: Can't find file '/Game/UMG/playerInventory'
[2017.03.08-06.26.34:701][ 56]LogUObjectGlobals:Warning: Failed to load '/Game/UMG/playerInventory': Can't find file '/Game/UMG/playerInventory'
[2017.03.08-06.26.34:702][ 56]LogLinker:Warning: Can't find file for asset '/Game/UMG/playerInventory' while loading NULL.
[2017.03.08-06.26.34:702][ 56]LogUObjectGlobals:Warning: Failed to load '/Game/UMG/playerInventory': Can't find file for asset '/Game/UMG/playerInventory' while loading NULL.
[2017.03.08-06.26.34:702][ 56]LogLinker:Warning: Can't find file '/Game/UMG/playerInventory'
[2017.03.08-06.26.34:702][ 56]LoadErrors: Info Failed to load /Game/UMG/playerInventory.playerInventory_C Referenced by playerHUD
[2017.03.08-06.26.34:702][ 56]LogUObjectGlobals:Warning: Failed to load '/Game/UMG/playerInventory': Can't find file '/Game/UMG/playerInventory'
[2017.03.08-06.26.34:702][ 56]LogLinker:Warning: Can't find file for asset '/Game/UMG/playerInventory' while loading NULL.
[2017.03.08-06.26.34:703][ 56]LoadErrors: Info Failed to load /Game/UMG/playerInventory.playerInventory_C Referenced by playerHUD
[2017.03.08-06.26.34:703][ 56]LogUObjectGlobals:Warning: Failed to load '/Game/UMG/playerInventory': Can't find file for asset '/Game/UMG/playerInventory' while loading NULL.
[2017.03.08-06.26.35:157][ 56]LogAIModule: Creating AISystem for world Fort_Exploration
[2017.03.08-06.26.35:157][ 56]LogLoad: Game class is 'abyssExplorationMode_C'
[2017.03.08-06.26.35:163][ 56]LogWorld: Bringing World /Game/Maps-Levels/Fort/Fort_Exploration.Fort_Exploration up for play (max tick rate 0) at 2017.03.08-01.26.35
[2017.03.08-06.26.35:164][ 56]LogWorld: Bringing up level for play took: 0.004916
[2017.03.08-06.26.35:167][ 56]LogLoad: Took 0.876470 seconds to LoadMap(/Game/Maps-Levels/Fort/Fort_Exploration)
[2017.03.08-06.26.35:167][ 56]LogScriptCore:Warning: Script Msg: Attempted to access index 7 from array CallFunc_GetAllActorsOfClass_OutActors2 of length 2!
[2017.03.08-06.26.35:170][ 57]LogCharacterMovement:Warning: GetSimulationTimeStep() - Max iterations 8 hit while remaining time 0.090939 > MaxSimulationTimeStep (0.050) for 'Exploration_Hero_C_0', movement 'Walking'
[2017.03.08-06.26.41:206][423]LogPackageName: SearchForPackageOnDisk took   0.132s to resolve startMenu.umap.
[2017.03.08-06.26.41:334][423]LogPackageName: SearchForPackageOnDisk took   0.128s to resolve startMenu.umap.
[2017.03.08-06.26.41:335][423]LogNet: Browse: /Game/Maps-Levels/startMenu
[2017.03.08-06.26.41:335][423]LogLoad: LoadMap: /Game/Maps-Levels/startMenu
[2017.03.08-06.26.41:362][423]LogAudio:Warning: Audio Component is being destroyed without stopping looping sound 'ambientBackground'
[2017.03.08-06.26.41:406][423]LogMemory: Platform Memory Stats for Windows
[2017.03.08-06.26.41:407][423]LogMemory: Process Physical Memory: 722.16 MB used, 722.16 MB peak
[2017.03.08-06.26.41:407][423]LogMemory: Process Virtual Memory: 669.41 MB used, 669.41 MB peak
[2017.03.08-06.26.41:407][423]LogMemory: Physical Memory: 6073.16 MB used,  10210.91 MB free, 16284.07 MB total
[2017.03.08-06.26.41:407][423]LogMemory: Virtual Memory: 1339.63 MB used,  10210.91 MB free, 8388608.00 MB total
[2017.03.08-06.26.41:407][423]LogMemory: 
[2017.03.08-06.26.41:407][423]Allocator Stats for TBB: (not implemented)
[2017.03.08-06.26.41:488][423]LogAIModule: Creating AISystem for world startMenu
[2017.03.08-06.26.41:603][423]LogLinker:Warning: Can't find file '/Game/UMG/playerInventory'
[2017.03.08-06.26.41:603][423]LogUObjectGlobals:Warning: Failed to load '/Game/UMG/playerInventory': Can't find file '/Game/UMG/playerInventory'
[2017.03.08-06.26.41:603][423]LogLinker:Warning: Can't find file for asset '/Game/UMG/playerInventory' while loading NULL.
[2017.03.08-06.26.41:603][423]LogUObjectGlobals:Warning: Failed to load '/Game/UMG/playerInventory': Can't find file for asset '/Game/UMG/playerInventory' while loading NULL.
[2017.03.08-06.26.41:797][423]LogLinker:Warning: Can't find file '/Game/UMG/playerInventory'
[2017.03.08-06.26.41:797][423]LogUObjectGlobals:Warning: Failed to load '/Game/UMG/playerInventory': Can't find file '/Game/UMG/playerInventory'
[2017.03.08-06.26.41:797][423]LogLinker:Warning: Can't find file for asset '/Game/UMG/playerInventory' while loading NULL.
[2017.03.08-06.26.41:797][423]LogUObjectGlobals:Warning: Failed to load '/Game/UMG/playerInventory': Can't find file for asset '/Game/UMG/playerInventory' while loading NULL.
[2017.03.08-06.26.41:798][423]LogLinker:Warning: Can't find file '/Game/UMG/playerInventory'
[2017.03.08-06.26.41:798][423]LoadErrors: Info Failed to load /Game/UMG/playerInventory.playerInventory_C Referenced by playerHUD
[2017.03.08-06.26.41:798][423]LogUObjectGlobals:Warning: Failed to load '/Game/UMG/playerInventory': Can't find file '/Game/UMG/playerInventory'
[2017.03.08-06.26.41:798][423]LogLinker:Warning: Can't find file for asset '/Game/UMG/playerInventory' while loading NULL.
[2017.03.08-06.26.41:798][423]LoadErrors: Info Failed to load /Game/UMG/playerInventory.playerInventory_C Referenced by playerHUD
[2017.03.08-06.26.41:798][423]LogUObjectGlobals:Warning: Failed to load '/Game/UMG/playerInventory': Can't find file for asset '/Game/UMG/playerInventory' while loading NULL.
[2017.03.08-06.26.42:229][423]LogLoad: Game class is 'abyssGameMode_C'
[2017.03.08-06.26.42:232][423]LogWorld: Bringing World /Game/Maps-Levels/startMenu.startMenu up for play (max tick rate 0) at 2017.03.08-01.26.42
[2017.03.08-06.26.42:232][423]LogWorld: Bringing up level for play took: 0.000671
[2017.03.08-06.26.42:232][423]LogGameMode: Warning - PATHS NOT DEFINED or NO PLAYERSTART with positive rating
[2017.03.08-06.26.42:236][423]LogLoad: Took 0.901825 seconds to LoadMap(/Game/Maps-Levels/startMenu)
[2017.03.08-06.26.44:174][544]Closing by request
[2017.03.08-06.26.44:174][544]LogWindows: FPlatformMisc::RequestExit(0)
[2017.03.08-06.26.44:175][545]LogMoviePlayer: Shutting down movie player
[2017.03.08-06.26.44:933][545]LogExit: Preparing to exit.
[2017.03.08-06.26.45:034][545]LogExit: Game engine shut down
[2017.03.08-06.26.45:115][545]LogObj: Freed 0b from 0 cluster array pools.
[2017.03.08-06.26.45:115][545]LogExit: Object subsystem successfully closed.
[2017.03.08-06.26.45:128][545]LogD3D11RHI: Shutdown
[2017.03.08-06.26.45:128][545]LogD3D11RHI: CleanupD3DDevice
[2017.03.08-06.26.45:158][545]LogD3D11RHI: ~FD3D11DynamicRHI
[2017.03.08-06.26.45:186][545]LogModuleManager: Shutting down and abandoning module SequenceRecorderSections (119)
[2017.03.08-06.26.45:186][545]LogModuleManager: Shutting down and abandoning module SequenceRecorder (118)
[2017.03.08-06.26.45:186][545]LogModuleManager: Shutting down and abandoning module AutomationController (117)
[2017.03.08-06.26.45:186][545]LogModuleManager: Shutting down and abandoning module AutomationWorker (116)
[2017.03.08-06.26.45:186][545]LogModuleManager: Shutting down and abandoning module GameplayDebugger (115)
[2017.03.08-06.26.45:186][545]LogModuleManager: Shutting down and abandoning module AITestSuite (114)
[2017.03.08-06.26.45:186][545]LogModuleManager: Shutting down and abandoning module AIModule (113)
[2017.03.08-06.26.45:186][545]LogModuleManager: Shutting down and abandoning module Media (112)
[2017.03.08-06.26.45:186][545]LogModuleManager: Shutting down and abandoning module WmfMediaFactory (111)
[2017.03.08-06.26.45:186][545]LogModuleManager: Shutting down and abandoning module CharacterAI (110)
[2017.03.08-06.26.45:186][545]LogModuleManager: Shutting down and abandoning module SessionServices (109)
[2017.03.08-06.26.45:186][545]LogModuleManager: Shutting down and abandoning module MovieSceneCapture (108)
[2017.03.08-06.26.45:186][545]LogModuleManager: Shutting down and abandoning module GeometryCacheEd (107)
[2017.03.08-06.26.45:186][545]LogModuleManager: Shutting down and abandoning module GeometryCache (106)
[2017.03.08-06.26.45:186][545]LogModuleManager: Shutting down and abandoning module Niagara (105)
[2017.03.08-06.26.45:186][545]LogModuleManager: Shutting down and abandoning module StreamingPauseRendering (104)
[2017.03.08-06.26.45:186][545]LogModuleManager: Shutting down and abandoning module PortalServices (103)
[2017.03.08-06.26.45:186][545]LogModuleManager: Shutting down and abandoning module PortalRpc (102)
[2017.03.08-06.26.45:186][545]LogModuleManager: Shutting down and abandoning module MessagingRpc (101)
[2017.03.08-06.26.45:187][545]LogModuleManager: Shutting down and abandoning module ProfilerService (100)
[2017.03.08-06.26.45:352][545]LogModuleManager: Shutting down and abandoning module TaskGraph (99)
[2017.03.08-06.26.45:352][545]LogModuleManager: Shutting down and abandoning module SlateRemote (98)
[2017.03.08-06.26.45:352][545]LogModuleManager: Shutting down and abandoning module ProceduralMeshComponent (97)
[2017.03.08-06.26.45:352][545]LogModuleManager: Shutting down and abandoning module CustomMeshComponent (96)
[2017.03.08-06.26.45:352][545]LogModuleManager: Shutting down and abandoning module CableComponent (95)
[2017.03.08-06.26.45:352][545]LogModuleManager: Shutting down and abandoning module ArchVisCharacter (94)
[2017.03.08-06.26.45:352][545]LogModuleManager: Shutting down and abandoning module HTML5Networking (92)
[2017.03.08-06.26.45:352][545]LogModuleManager: Shutting down and abandoning module DesktopPlatform (91)
[2017.03.08-06.26.45:352][545]LogModuleManager: Shutting down and abandoning module DirectoryWatcher (90)
[2017.03.08-06.26.45:352][545]LogModuleManager: Shutting down and abandoning module HotReload (89)
[2017.03.08-06.26.45:352][545]LogModuleManager: Shutting down and abandoning module VisualStudioSourceCodeAccess (88)
[2017.03.08-06.26.45:352][545]LogModuleManager: Shutting down and abandoning module UObjectPlugin (87)
[2017.03.08-06.26.45:352][545]LogModuleManager: Shutting down and abandoning module SubversionSourceControl (86)
[2017.03.08-06.26.45:352][545]LogModuleManager: Shutting down and abandoning module SourceControl (85)
[2017.03.08-06.26.45:352][545]LogModuleManager: Shutting down and abandoning module PerforceSourceControl (84)
[2017.03.08-06.26.45:352][545]LogModuleManager: Shutting down and abandoning module JavascriptWebSocket (83)
[2017.03.08-06.26.45:352][545]LogModuleManager: Shutting down and abandoning module JavascriptHttp (82)
[2017.03.08-06.26.45:352][545]LogModuleManager: Shutting down and abandoning module JavascriptUMG (81)
[2017.03.08-06.26.45:352][545]LogModuleManager: Shutting down and abandoning module V8 (80)
[2017.03.08-06.26.45:354][545]LogModuleManager: Shutting down and abandoning module LightPropagationVolumeRuntime (79)
[2017.03.08-06.26.45:354][545]LogModuleManager: Shutting down and abandoning module Paper2D (78)
[2017.03.08-06.26.45:354][545]LogModuleManager: Shutting down and abandoning module WindowsMoviePlayer (77)
[2017.03.08-06.26.45:354][545]LogModuleManager: Shutting down and abandoning module WmfMedia (76)
[2017.03.08-06.26.45:354][545]LogModuleManager: Shutting down and abandoning module MediaAssets (75)
[2017.03.08-06.26.45:354][545]LogModuleManager: Shutting down and abandoning module GameLiveStreaming (74)
[2017.03.08-06.26.45:354][545]LogModuleManager: Shutting down and abandoning module GameplayTagsEditor (73)
[2017.03.08-06.26.45:354][545]LogModuleManager: Shutting down and abandoning module VREditor (72)
[2017.03.08-06.26.45:354][545]LogModuleManager: Shutting down and abandoning module GameplayTasksEditor (71)
[2017.03.08-06.26.45:354][545]LogModuleManager: Shutting down and abandoning module BehaviorTreeEditor (70)
[2017.03.08-06.26.45:354][545]LogModuleManager: Shutting down and abandoning module FunctionalTesting (69)
[2017.03.08-06.26.45:354][545]LogModuleManager: Shutting down and abandoning module CollisionAnalyzer (68)
[2017.03.08-06.26.45:354][545]LogModuleManager: Shutting down and abandoning module Sequencer (67)
[2017.03.08-06.26.45:354][545]LogModuleManager: Shutting down and abandoning module WorkspaceMenuStructure (66)
[2017.03.08-06.26.45:354][545]LogModuleManager: Shutting down and abandoning module MessageLog (65)
[2017.03.08-06.26.45:354][545]LogModuleManager: Shutting down and abandoning module AssetTools (64)
[2017.03.08-06.26.45:354][545]LogModuleManager: Shutting down and abandoning module UMGEditor (63)
[2017.03.08-06.26.45:354][545]LogModuleManager: Shutting down and abandoning module UMG (62)
[2017.03.08-06.26.45:354][545]LogModuleManager: Shutting down and abandoning module SlateReflector (61)
[2017.03.08-06.26.45:354][545]LogModuleManager: Shutting down and abandoning module Slate (60)
[2017.03.08-06.26.45:354][545]LogModuleManager: Shutting down and abandoning module EditorStyle (59)
[2017.03.08-06.26.45:356][545]LogModuleManager: Shutting down and abandoning module Messaging (58)
[2017.03.08-06.26.45:356][545]LogModuleManager: Shutting down and abandoning module SourceCodeAccess (57)
[2017.03.08-06.26.45:356][545]LogModuleManager: Shutting down and abandoning module HeadMountedDisplay (56)
[2017.03.08-06.26.45:356][545]LogModuleManager: Shutting down and abandoning module XAudio2 (55)
[2017.03.08-06.26.45:356][545]LogModuleManager: Shutting down and abandoning module Networking (53)
[2017.03.08-06.26.45:356][545]LogModuleManager: Shutting down and abandoning module Core (52)
[2017.03.08-06.26.45:356][545]LogModuleManager: Shutting down and abandoning module KismetCompiler (51)
[2017.03.08-06.26.45:356][545]LogModuleManager: Shutting down and abandoning module PhysXFormats (50)
[2017.03.08-06.26.45:356][545]LogModuleManager: Shutting down and abandoning module SimplygonSwarm (49)
[2017.03.08-06.26.45:356][545]LogModuleManager: Shutting down and abandoning module SimplygonMeshReduction (48)
[2017.03.08-06.26.45:356][545]LogModuleManager: Shutting down and abandoning module QuadricMeshReduction (47)
[2017.03.08-06.26.45:356][545]LogModuleManager: Shutting down and abandoning module PropertyEditor (46)
[2017.03.08-06.26.45:357][545]LogModuleManager: Shutting down and abandoning module MeshUtilities (45)
[2017.03.08-06.26.45:357][545]LogModuleManager: Shutting down and abandoning module AssetRegistry (44)
[2017.03.08-06.26.45:357][545]LogModuleManager: Shutting down and abandoning module DerivedDataCache (43)
[2017.03.08-06.26.45:816][545]LogDerivedDataCache: Shutdown
[2017.03.08-06.26.45:816][545]LogModuleManager: Shutting down and abandoning module VulkanShaderFormat (42)
[2017.03.08-06.26.45:816][545]LogModuleManager: Shutting down and abandoning module ShaderFormatOpenGL (41)
[2017.03.08-06.26.45:816][545]LogModuleManager: Shutting down and abandoning module ShaderFormatD3D (40)
[2017.03.08-06.26.45:816][545]LogModuleManager: Shutting down and abandoning module MetalShaderFormat (39)
[2017.03.08-06.26.45:816][545]LogModuleManager: Shutting down and abandoning module TextureFormatUncompressed (38)
[2017.03.08-06.26.45:816][545]LogModuleManager: Shutting down and abandoning module TextureFormatPVR (37)
[2017.03.08-06.26.45:816][545]LogModuleManager: Shutting down and abandoning module TextureFormatDXT (36)
[2017.03.08-06.26.45:816][545]LogModuleManager: Shutting down and abandoning module TextureFormatIntelISPCTexComp (35)
[2017.03.08-06.26.45:816][545]LogModuleManager: Shutting down and abandoning module ImageWrapper (34)
[2017.03.08-06.26.45:816][545]LogModuleManager: Shutting down and abandoning module TextureFormatASTC (33)
[2017.03.08-06.26.45:816][545]LogModuleManager: Shutting down and abandoning module TextureFormatAndroid (32)
[2017.03.08-06.26.45:816][545]LogModuleManager: Shutting down and abandoning module AudioFormatOpus (31)
[2017.03.08-06.26.45:816][545]LogModuleManager: Shutting down and abandoning module AudioFormatOgg (30)
[2017.03.08-06.26.45:816][545]LogModuleManager: Shutting down and abandoning module AudioFormatADPCM (29)
[2017.03.08-06.26.45:816][545]LogModuleManager: Shutting down and abandoning module WindowsTargetPlatform (28)
[2017.03.08-06.26.45:816][545]LogModuleManager: Shutting down and abandoning module WindowsServerTargetPlatform (27)
[2017.03.08-06.26.45:816][545]LogModuleManager: Shutting down and abandoning module WindowsNoEditorTargetPlatform (26)
[2017.03.08-06.26.45:816][545]LogModuleManager: Shutting down and abandoning module WindowsClientTargetPlatform (25)
[2017.03.08-06.26.45:816][545]LogModuleManager: Shutting down and abandoning module TargetPlatform (24)
[2017.03.08-06.26.45:816][545]LogModuleManager: Shutting down and abandoning module InputCore (23)
[2017.03.08-06.26.45:816][545]LogModuleManager: Shutting down and abandoning module Settings (22)
[2017.03.08-06.26.45:816][545]LogModuleManager: Shutting down and abandoning module ExampleDeviceProfileSelector (21)
[2017.03.08-06.26.45:816][545]LogModuleManager: Shutting down and abandoning module OnlineBlueprintSupport (20)
[2017.03.08-06.26.45:816][545]LogModuleManager: Shutting down and abandoning module OnlineSubsystem (18)
[2017.03.08-06.26.45:816][545]LogOnline:Display: Unloading online subsystem: NULL
[2017.03.08-06.26.45:816][545]LogModuleManager: Shutting down and abandoning module SSL (17)
[2017.03.08-06.26.45:817][545]LogModuleManager: Shutting down and abandoning module HTTP (16)
[2017.03.08-06.26.45:817][545]LogModuleManager: Shutting down and abandoning module XMPP (15)
[2017.03.08-06.26.45:818][545]LogModuleManager: Shutting down and abandoning module TextureCompressor (14)
[2017.03.08-06.26.45:818][545]LogModuleManager: Shutting down and abandoning module ShaderCore (13)
[2017.03.08-06.26.45:818][545]LogModuleManager: Shutting down and abandoning module Landscape (12)
[2017.03.08-06.26.45:818][545]LogModuleManager: Shutting down and abandoning module SlateRHIRenderer (11)
[2017.03.08-06.26.45:818][545]LogModuleManager: Shutting down and abandoning module OpenGLDrv (10)
[2017.03.08-06.26.45:818][545]LogModuleManager: Shutting down and abandoning module D3D11RHI (9)
[2017.03.08-06.26.45:818][545]LogModuleManager: Shutting down and abandoning module AnimGraphRuntime (8)
[2017.03.08-06.26.45:818][545]LogModuleManager: Shutting down and abandoning module Renderer (7)
[2017.03.08-06.26.45:818][545]LogModuleManager: Shutting down and abandoning module Engine (6)
[2017.03.08-06.26.45:818][545]LogModuleManager: Shutting down and abandoning module CoreUObject (5)
[2017.03.08-06.26.45:818][545]LogModuleManager: Shutting down and abandoning module NetworkFile (4)
[2017.03.08-06.26.45:818][545]LogModuleManager: Shutting down and abandoning module StreamingFile (3)
[2017.03.08-06.26.45:818][545]LogModuleManager: Shutting down and abandoning module SandboxFile (2)
[2017.03.08-06.26.45:818][545]LogModuleManager: Shutting down and abandoning module PakFile (1)
[2017.03.08-06.26.45:820][545]LogExit: Exiting.
[2017.03.08-06.26.45:822][545]Log file closed, 03/08/17 01:26:45
