Log file open, 03/08/17 00:38:05
LogInit:Display: Running engine for game: Abyss
LogPlatformFile: Not using cached read wrapper
LogInit:Display: RandInit(1232776714) SRandInit(1232776714).
LogTaskGraph: Started task graph with 5 named threads and 12 total threads with 1 sets of task threads.
LogStats: Stats thread started at 0.137618
LogPluginManager: Loaded Plugin Paper2D, From E:/Game Data/Epic Games/4.14/Engine/Plugins/2D/Paper2D/Paper2D.uplugin
LogPluginManager: Loaded Plugin LightPropagationVolume, From E:/Game Data/Epic Games/4.14/Engine/Plugins/Blendables/LightPropagationVolume/LightPropagationVolume.uplugin
LogPluginManager: Loaded Plugin BlankPlugin, From E:/Game Data/Epic Games/4.14/Engine/Plugins/Developer/BlankPlugin/BlankPlugin.uplugin
LogPluginManager: Loaded Plugin CodeLiteSourceCodeAccess, From E:/Game Data/Epic Games/4.14/Engine/Plugins/Developer/CodeLiteSourceCodeAccess/CodeLiteSourceCodeAccess.uplugin
LogPluginManager: Loaded Plugin GitSourceControl, From E:/Game Data/Epic Games/4.14/Engine/Plugins/Developer/GitSourceControl/GitSourceControl.uplugin
LogPluginManager: Loaded Plugin KDevelopSourceCodeAccess, From E:/Game Data/Epic Games/4.14/Engine/Plugins/Developer/KDevelopSourceCodeAccess/KDevelopSourceCodeAccess.uplugin
LogPluginManager: Loaded Plugin NullSourceCodeAccess, From E:/Game Data/Epic Games/4.14/Engine/Plugins/Developer/NullSourceCodeAccess/NullSourceCodeAccess.uplugin
LogPluginManager: Loaded Plugin OneSkyLocalizationService, From E:/Game Data/Epic Games/4.14/Engine/Plugins/Developer/OneSkyLocalizationService/OneSkyLocalizationService.uplugin
LogPluginManager: Loaded Plugin PerforceSourceControl, From E:/Game Data/Epic Games/4.14/Engine/Plugins/Developer/PerforceSourceControl/PerforceSourceControl.uplugin
LogPluginManager: Loaded Plugin SubversionSourceControl, From E:/Game Data/Epic Games/4.14/Engine/Plugins/Developer/SubversionSourceControl/SubversionSourceControl.uplugin
LogPluginManager: Loaded Plugin UObjectPlugin, From E:/Game Data/Epic Games/4.14/Engine/Plugins/Developer/UObjectPlugin/UObjectPlugin.uplugin
LogPluginManager: Loaded Plugin VisualStudioSourceCodeAccess, From E:/Game Data/Epic Games/4.14/Engine/Plugins/Developer/VisualStudioSourceCodeAccess/VisualStudioSourceCodeAccess.uplugin
LogPluginManager: Loaded Plugin XCodeSourceCodeAccess, From E:/Game Data/Epic Games/4.14/Engine/Plugins/Developer/XCodeSourceCodeAccess/XCodeSourceCodeAccess.uplugin
LogPluginManager: Loaded Plugin AudioCapture, From E:/Game Data/Epic Games/4.14/Engine/Plugins/Editor/AudioCapture/AudioCapture.uplugin
LogPluginManager: Loaded Plugin EpicSurvey, From E:/Game Data/Epic Games/4.14/Engine/Plugins/Editor/EpicSurvey/EpicSurvey.uplugin
LogPluginManager: Loaded Plugin MacGraphicsSwitching, From E:/Game Data/Epic Games/4.14/Engine/Plugins/Editor/MacGraphicsSwitching/MacGraphicsSwitching.uplugin
LogPluginManager: Loaded Plugin MobileLauncherProfileWizard, From E:/Game Data/Epic Games/4.14/Engine/Plugins/Editor/MobileLauncherProfileWizard/MobileLauncherProfileWizard.uplugin
LogPluginManager: Loaded Plugin PluginBrowser, From E:/Game Data/Epic Games/4.14/Engine/Plugins/Editor/PluginBrowser/PluginBrowser.uplugin
LogPluginManager: Loaded Plugin SpeedTreeImporter, From E:/Game Data/Epic Games/4.14/Engine/Plugins/Editor/SpeedTreeImporter/SpeedTreeImporter.uplugin
LogPluginManager: Loaded Plugin SuperSearchEditor, From E:/Game Data/Epic Games/4.14/Engine/Plugins/Editor/SuperSearchEditor/SuperSearchEditor.uplugin
LogPluginManager: Loaded Plugin AlembicImporter, From E:/Game Data/Epic Games/4.14/Engine/Plugins/Experimental/AlembicImporter/AlembicImporter.uplugin
LogPluginManager: Loaded Plugin BlueprintStats, From E:/Game Data/Epic Games/4.14/Engine/Plugins/Experimental/BlueprintStats/BlueprintStats.uplugin
LogPluginManager: Loaded Plugin CharacterAI, From E:/Game Data/Epic Games/4.14/Engine/Plugins/Experimental/CharacterAI/CharacterAI.uplugin
LogPluginManager: Loaded Plugin CodeEditor, From E:/Game Data/Epic Games/4.14/Engine/Plugins/Experimental/CodeEditor/CodeEditor.uplugin
LogPluginManager: Loaded Plugin CodeView, From E:/Game Data/Epic Games/4.14/Engine/Plugins/Experimental/CodeView/CodeView.uplugin
LogPluginManager: Loaded Plugin HTML5Networking, From E:/Game Data/Epic Games/4.14/Engine/Plugins/Experimental/HTML5Networking/HTML5Networking.uplugin
LogPluginManager: Loaded Plugin OSVR, From E:/Game Data/Epic Games/4.14/Engine/Plugins/Experimental/OSVR/OSVR.uplugin
LogPluginManager: Loaded Plugin Phya, From E:/Game Data/Epic Games/4.14/Engine/Plugins/Experimental/Phya/Phya.uplugin
LogPluginManager: Loaded Plugin SignificanceManager, From E:/Game Data/Epic Games/4.14/Engine/Plugins/Experimental/SignificanceManager/SignificanceManager.uplugin
LogPluginManager: Loaded Plugin SimpleHMD, From E:/Game Data/Epic Games/4.14/Engine/Plugins/Experimental/SimpleHMD/SimpleHMD.uplugin
LogPluginManager: Loaded Plugin StereoPanorama, From E:/Game Data/Epic Games/4.14/Engine/Plugins/Experimental/StereoPanorama/StereoPanorama.uplugin
LogPluginManager: Loaded Plugin StructBox, From E:/Game Data/Epic Games/4.14/Engine/Plugins/Experimental/StructBox/StructBox.uplugin
LogPluginManager: Loaded Plugin HGGifImporter, From E:/Game Data/Epic Games/4.14/Engine/Plugins/Marketplace/HGGifImporter/HGGifImporter.uplugin
LogPluginManager: Loaded Plugin UnrealJS, From E:/Game Data/Epic Games/4.14/Engine/Plugins/Marketplace/UnrealJS/UnrealJS.uplugin
LogPluginManager: Loaded Plugin AndroidMedia, From E:/Game Data/Epic Games/4.14/Engine/Plugins/Media/AndroidMedia/AndroidMedia.uplugin
LogPluginManager: Loaded Plugin AvfMedia, From E:/Game Data/Epic Games/4.14/Engine/Plugins/Media/AvfMedia/AvfMedia.uplugin
LogPluginManager: Loaded Plugin MediaPlayerEditor, From E:/Game Data/Epic Games/4.14/Engine/Plugins/Media/MediaPlayerEditor/MediaPlayerEditor.uplugin
LogPluginManager: Loaded Plugin WmfMedia, From E:/Game Data/Epic Games/4.14/Engine/Plugins/Media/WmfMedia/WmfMedia.uplugin
LogPluginManager: Loaded Plugin MessagingDebugger, From E:/Game Data/Epic Games/4.14/Engine/Plugins/Messaging/MessagingDebugger/MessagingDebugger.uplugin
LogPluginManager: Loaded Plugin TcpMessaging, From E:/Game Data/Epic Games/4.14/Engine/Plugins/Messaging/TcpMessaging/TcpMessaging.uplugin
LogPluginManager: Loaded Plugin UdpMessaging, From E:/Game Data/Epic Games/4.14/Engine/Plugins/Messaging/UdpMessaging/UdpMessaging.uplugin
LogPluginManager: Loaded Plugin LevelSequenceEditor, From E:/Game Data/Epic Games/4.14/Engine/Plugins/MovieScene/LevelSequenceEditor/LevelSequenceEditor.uplugin
LogPluginManager: Loaded Plugin MatineeToLevelSequence, From E:/Game Data/Epic Games/4.14/Engine/Plugins/MovieScene/MatineeToLevelSequence/MatineeToLevelSequence.uplugin
LogPluginManager: Loaded Plugin NetcodeUnitTest, From E:/Game Data/Epic Games/4.14/Engine/Plugins/NetcodeUnitTest/NetcodeUnitTest/NetcodeUnitTest.uplugin
LogPluginManager: Loaded Plugin NUTUnrealEngine4, From E:/Game Data/Epic Games/4.14/Engine/Plugins/NetcodeUnitTest/NUTUnrealEngine4/NUTUnrealEngine4.uplugin
LogPluginManager: Loaded Plugin OnlineSubsystemGameCircle, From E:/Game Data/Epic Games/4.14/Engine/Plugins/Online/Android/OnlineSubsystemGameCircle/OnlineSubsystemGameCircle.uplugin
LogPluginManager: Loaded Plugin OnlineSubsystemGooglePlay, From E:/Game Data/Epic Games/4.14/Engine/Plugins/Online/Android/OnlineSubsystemGooglePlay/OnlineSubsystemGooglePlay.uplugin
LogPluginManager: Loaded Plugin OnlineSubsystemIOS, From E:/Game Data/Epic Games/4.14/Engine/Plugins/Online/IOS/OnlineSubsystemIOS/OnlineSubsystemIOS.uplugin
LogPluginManager: Loaded Plugin OnlineFramework, From E:/Game Data/Epic Games/4.14/Engine/Plugins/Online/OnlineFramework/OnlineFramework.uplugin
LogPluginManager: Loaded Plugin OnlineSubsystem, From E:/Game Data/Epic Games/4.14/Engine/Plugins/Online/OnlineSubsystem/OnlineSubsystem.uplugin
LogPluginManager: Loaded Plugin OnlineSubsystemAmazon, From E:/Game Data/Epic Games/4.14/Engine/Plugins/Online/OnlineSubsystemAmazon/OnlineSubsystemAmazon.uplugin
LogPluginManager: Loaded Plugin OnlineSubsystemFacebook, From E:/Game Data/Epic Games/4.14/Engine/Plugins/Online/OnlineSubsystemFacebook/OnlineSubsystemFacebook.uplugin
LogPluginManager: Loaded Plugin OnlineSubsystemNull, From E:/Game Data/Epic Games/4.14/Engine/Plugins/Online/OnlineSubsystemNull/OnlineSubsystemNull.uplugin
LogPluginManager: Loaded Plugin OnlineSubsystemOculus, From E:/Game Data/Epic Games/4.14/Engine/Plugins/Online/OnlineSubsystemOculus/OnlineSubsystemOculus.uplugin
LogPluginManager: Loaded Plugin OnlineSubsystemSteam, From E:/Game Data/Epic Games/4.14/Engine/Plugins/Online/OnlineSubsystemSteam/OnlineSubsystemSteam.uplugin
LogPluginManager: Loaded Plugin OnlineSubsystemUtils, From E:/Game Data/Epic Games/4.14/Engine/Plugins/Online/OnlineSubsystemUtils/OnlineSubsystemUtils.uplugin
LogPluginManager: Loaded Plugin IOSTapJoy, From E:/Game Data/Epic Games/4.14/Engine/Plugins/Runtime/Advertising/IOSTapJoy/IOSTapJoy.uplugin
LogPluginManager: Loaded Plugin AnalyticsBlueprintLibrary, From E:/Game Data/Epic Games/4.14/Engine/Plugins/Runtime/Analytics/AnalyticsBlueprintLibrary/AnalyticsBlueprintLibrary.uplugin
LogPluginManager: Loaded Plugin AnalyticsMulticast, From E:/Game Data/Epic Games/4.14/Engine/Plugins/Runtime/Analytics/AnalyticsMulticast/AnalyticsMulticast.uplugin
LogPluginManager: Loaded Plugin Apsalar, From E:/Game Data/Epic Games/4.14/Engine/Plugins/Runtime/Analytics/Apsalar/Apsalar.uplugin
LogPluginManager: Loaded Plugin FileLogging, From E:/Game Data/Epic Games/4.14/Engine/Plugins/Runtime/Analytics/FileLogging/FileLogging.uplugin
LogPluginManager: Loaded Plugin Flurry, From E:/Game Data/Epic Games/4.14/Engine/Plugins/Runtime/Analytics/Flurry/Flurry.uplugin
LogPluginManager: Loaded Plugin AndroidDeviceProfileSelector, From E:/Game Data/Epic Games/4.14/Engine/Plugins/Runtime/AndroidDeviceProfileSelector/AndroidDeviceProfileSelector.uplugin
LogPluginManager: Loaded Plugin AndroidMoviePlayer, From E:/Game Data/Epic Games/4.14/Engine/Plugins/Runtime/AndroidMoviePlayer/AndroidMoviePlayer.uplugin
LogPluginManager: Loaded Plugin AppleMoviePlayer, From E:/Game Data/Epic Games/4.14/Engine/Plugins/Runtime/AppleMoviePlayer/AppleMoviePlayer.uplugin
LogPluginManager: Loaded Plugin ArchVisCharacter, From E:/Game Data/Epic Games/4.14/Engine/Plugins/Runtime/ArchVisCharacter/ArchVisCharacter.uplugin
LogPluginManager: Loaded Plugin CableComponent, From E:/Game Data/Epic Games/4.14/Engine/Plugins/Runtime/CableComponent/CableComponent.uplugin
LogPluginManager: Loaded Plugin CustomMeshComponent, From E:/Game Data/Epic Games/4.14/Engine/Plugins/Runtime/CustomMeshComponent/CustomMeshComponent.uplugin
LogPluginManager: Loaded Plugin ExampleDeviceProfileSelector, From E:/Game Data/Epic Games/4.14/Engine/Plugins/Runtime/ExampleDeviceProfileSelector/ExampleDeviceProfileSelector.uplugin
LogPluginManager: Loaded Plugin GearVR, From E:/Game Data/Epic Games/4.14/Engine/Plugins/Runtime/GearVR/GearVR.uplugin
LogPluginManager: Loaded Plugin GoogleVRController, From E:/Game Data/Epic Games/4.14/Engine/Plugins/Runtime/GoogleVR/GoogleVRController/GoogleVRController.uplugin
LogPluginManager: Loaded Plugin GoogleVRHMD, From E:/Game Data/Epic Games/4.14/Engine/Plugins/Runtime/GoogleVR/GoogleVRHMD/GoogleVRHMD.uplugin
LogPluginManager: Loaded Plugin IOSDeviceProfileSelector, From E:/Game Data/Epic Games/4.14/Engine/Plugins/Runtime/IOSDeviceProfileSelector/IOSDeviceProfileSelector.uplugin
LogPluginManager: Loaded Plugin LeapMotion, From E:/Game Data/Epic Games/4.14/Engine/Plugins/Runtime/LeapMotion/LeapMotion.uplugin
LogPluginManager: Loaded Plugin LinuxDeviceProfileSelector, From E:/Game Data/Epic Games/4.14/Engine/Plugins/Runtime/LinuxDeviceProfileSelector/LinuxDeviceProfileSelector.uplugin
LogPluginManager: Loaded Plugin MIDIDevice, From E:/Game Data/Epic Games/4.14/Engine/Plugins/Runtime/MIDIDevice/MIDIDevice.uplugin
LogPluginManager: Loaded Plugin MobilePatchingUtils, From E:/Game Data/Epic Games/4.14/Engine/Plugins/Runtime/MobilePatchingUtils/MobilePatchingUtils.uplugin
LogPluginManager: Loaded Plugin Ansel, From E:/Game Data/Epic Games/4.14/Engine/Plugins/Runtime/Nvidia/Ansel/Ansel.uplugin
LogPluginManager: Loaded Plugin OculusAudio, From E:/Game Data/Epic Games/4.14/Engine/Plugins/Runtime/OculusAudio/OculusAudio.uplugin
LogPluginManager: Loaded Plugin OculusInput, From E:/Game Data/Epic Games/4.14/Engine/Plugins/Runtime/OculusInput/OculusInput.uplugin
LogPluginManager: Loaded Plugin OculusLibrary, From E:/Game Data/Epic Games/4.14/Engine/Plugins/Runtime/OculusLibrary/OculusLibrary.uplugin
LogPluginManager: Loaded Plugin OculusRift, From E:/Game Data/Epic Games/4.14/Engine/Plugins/Runtime/OculusRift/OculusRift.uplugin
LogPluginManager: Loaded Plugin Oodle, From E:/Game Data/Epic Games/4.14/Engine/Plugins/Runtime/PacketHandlers/CompressionComponents/Oodle/Oodle.uplugin
LogPluginManager: Loaded Plugin ProceduralMeshComponent, From E:/Game Data/Epic Games/4.14/Engine/Plugins/Runtime/ProceduralMeshComponent/ProceduralMeshComponent.uplugin
LogPluginManager: Loaded Plugin SoundMod, From E:/Game Data/Epic Games/4.14/Engine/Plugins/Runtime/SoundMod/SoundMod.uplugin
LogPluginManager: Loaded Plugin SoundVisualizations, From E:/Game Data/Epic Games/4.14/Engine/Plugins/Runtime/SoundVisualizations/SoundVisualizations.uplugin
LogPluginManager: Loaded Plugin SteamController, From E:/Game Data/Epic Games/4.14/Engine/Plugins/Runtime/Steam/SteamController/SteamController.uplugin
LogPluginManager: Loaded Plugin SteamVR, From E:/Game Data/Epic Games/4.14/Engine/Plugins/Runtime/Steam/SteamVR/SteamVR.uplugin
LogPluginManager: Loaded Plugin WebBrowserWidget, From E:/Game Data/Epic Games/4.14/Engine/Plugins/Runtime/WebBrowserWidget/WebBrowserWidget.uplugin
LogPluginManager: Loaded Plugin WindowsDeviceProfileSelector, From E:/Game Data/Epic Games/4.14/Engine/Plugins/Runtime/WindowsDeviceProfileSelector/WindowsDeviceProfileSelector.uplugin
LogPluginManager: Loaded Plugin WindowsMoviePlayer, From E:/Game Data/Epic Games/4.14/Engine/Plugins/Runtime/WindowsMoviePlayer/WindowsMoviePlayer.uplugin
LogPluginManager: Loaded Plugin ScriptPlugin, From E:/Game Data/Epic Games/4.14/Engine/Plugins/ScriptPlugin/ScriptPlugin.uplugin
LogPluginManager: Loaded Plugin SlateRemote, From E:/Game Data/Epic Games/4.14/Engine/Plugins/Slate/SlateRemote/SlateRemote.uplugin
LogPluginManager: Loaded Plugin EditorTests, From E:/Game Data/Epic Games/4.14/Engine/Plugins/Tests/EditorTests/EditorTests.uplugin
LogPluginManager: Loaded Plugin FbxAutomationTestBuilder, From E:/Game Data/Epic Games/4.14/Engine/Plugins/Tests/FbxAutomationTestBuilder/FbxAutomationTestBuilder.uplugin
LogPluginManager: Loaded Plugin FunctionalTestingEditor, From E:/Game Data/Epic Games/4.14/Engine/Plugins/Tests/FunctionalTestingEditor/FunctionalTestingEditor.uplugin
LogPluginManager: Loaded Plugin RuntimeTests, From E:/Game Data/Epic Games/4.14/Engine/Plugins/Tests/RuntimeTests/RuntimeTests.uplugin
LogPluginManager: Loaded Plugin ScreenshotTools, From E:/Game Data/Epic Games/4.14/Engine/Plugins/Tests/ScreenshotTools/ScreenshotTools.uplugin
LogInit: Using libcurl 7.47.1
LogInit:  - built for x86_64-pc-win32
LogInit:  - supports SSL with OpenSSL/1.0.2g
LogInit:  - supports HTTP deflate (compression) using libz 1.2.8
LogInit:  - other features:
LogInit:      CURL_VERSION_SSL
LogInit:      CURL_VERSION_LIBZ
LogInit:      CURL_VERSION_IPV6
LogInit:      CURL_VERSION_ASYNCHDNS
LogInit:      CURL_VERSION_LARGEFILE
LogInit:      CURL_VERSION_IDN
LogInit:  CurlRequestOptions (configurable via config and command line):
LogInit:  - bVerifyPeer = false  - Libcurl will NOT verify peer certificate
LogInit:  - bUseHttpProxy = false  - Libcurl will NOT use HTTP proxy
LogInit:  - bDontReuseConnections = false  - Libcurl will reuse connections
LogInit:  - CertBundlePath = nullptr  - Libcurl will use whatever was configured at build time.
LogInit: Build: ++UE4+Release-4.14-CL-3249277
LogInit: Engine Version: 4.14.3-3249277+++UE4+Release-4.14
LogInit: Compatible Engine Version: 4.14.0-3195953+++UE4+Release-4.14
LogInit: Net CL: 3195953
LogDevObjectVersion: Number of dev versions registered: 13
LogDevObjectVersion:   Dev-Blueprints (B0D832E4-1F89-4F0D-ACCF-7EB736FD4AA2): 7
LogDevObjectVersion:   Dev-Build (E1C64328-A22C-4D53-A36C-8E866417BD8C): 0
LogDevObjectVersion:   Dev-Core (375EC13C-06E4-48FB-B500-84F0262A717E): 1
LogDevObjectVersion:   Dev-Editor (E4B068ED-F494-42E9-A231-DA0B2E46BB41): 8
LogDevObjectVersion:   Dev-Framework (CFFC743F-43B0-4480-9391-14DF171D2073): 17
LogDevObjectVersion:   Dev-Mobile (B02B49B5-BB20-44E9-A304-32B752E40360): 0
LogDevObjectVersion:   Dev-Networking (A4E4105C-59A1-49B5-A7C5-40C4547EDFEE): 0
LogDevObjectVersion:   Dev-Online (39C831C9-5AE6-47DC-9A44-9C173E1C8E7C): 0
LogDevObjectVersion:   Dev-Physics (78F01B33-EBEA-4F98-B9B4-84EACCB95AA2): 0
LogDevObjectVersion:   Dev-Platform (6631380F-2D4D-43E0-8009-CF276956A95A): 0
LogDevObjectVersion:   Dev-Rendering (12F88B9F-8875-4AFC-A67C-D90C383ABD29): 12
LogDevObjectVersion:   Dev-Sequencer (7B5AE74C-D270-4C10-A958-57980B212A5A): 1
LogDevObjectVersion:   Dev-VR (D7296918-1DD6-4BDD-9DE2-64A83CC13884): 0
LogInit: Compiled (64-bit): Jan  6 2017 10:49:43
LogInit: Compiled with Visual C++: 19.00.23026.00
LogInit: Build Configuration: Development
LogInit: Branch Name: ++UE4+Release-4.14
LogInit: Command line:  
LogInit: Base directory: E:/Game Data/Epic Games/4.14/Engine/Binaries/Win64/
LogInit: Installed Engine Build: 1
LogInit: Presizing for max 8388607 objects, including 0 objects not considered by GC, pre-allocating 0 bytes for permanent pool.
LogInit: Object subsystem initialized
[2017.03.08-05.38.06:040][  0]LogInit: Selected Device Profile: [Windows]
[2017.03.08-05.38.06:040][  0]LogInit: Applying CVar settings loaded from the selected device profile: [Windows]
[2017.03.08-05.38.06:052][  0]LogInit: Computer: RAGNARÖK
[2017.03.08-05.38.06:052][  0]LogInit: User: Chris
[2017.03.08-05.38.06:052][  0]LogInit: CPU Page size=65536, Cores=8
[2017.03.08-05.38.06:052][  0]LogInit: High frequency timer resolution =3.135576 MHz
[2017.03.08-05.38.06:053][  0]LogMemory: Memory total: Physical=15.9GB (16GB approx)
[2017.03.08-05.38.06:053][  0]LogMemory: Platform Memory Stats for Windows
[2017.03.08-05.38.06:053][  0]LogMemory: Process Physical Memory: 267.44 MB used, 267.44 MB peak
[2017.03.08-05.38.06:053][  0]LogMemory: Process Virtual Memory: 266.42 MB used, 266.42 MB peak
[2017.03.08-05.38.06:053][  0]LogMemory: Physical Memory: 6304.48 MB used,  9979.59 MB free, 16284.07 MB total
[2017.03.08-05.38.06:053][  0]LogMemory: Virtual Memory: 666.03 MB used,  9979.59 MB free, 8388608.00 MB total
[2017.03.08-05.38.06:121][  0]LogTextLocalizationManager: No specific translations for ('en-US') exist, so ('en') translations will be used.
[2017.03.08-05.38.06:942][  0]LogD3D11RHI: D3D11 adapters:
[2017.03.08-05.38.06:966][  0]LogD3D11RHI:    0. 'AMD Radeon (TM) R9 380 Series' (Feature Level 11_0)
[2017.03.08-05.38.06:966][  0]LogD3D11RHI:       4074/0/3840 MB DedicatedVideo/DedicatedSystem/SharedSystem, Outputs:1, VendorId:0x1002
[2017.03.08-05.38.06:966][  0]LogD3D11RHI: Chosen D3D11 Adapter: 0
[2017.03.08-05.38.06:977][  0]LogD3D11RHI: Creating new Direct3DDevice
[2017.03.08-05.38.06:977][  0]LogD3D11RHI:     GPU DeviceId: 0x6938 (for the marketing name, search the web for "GPU Device Id")
[2017.03.08-05.38.06:977][  0]LogWindows: EnumDisplayDevices:
[2017.03.08-05.38.06:977][  0]LogWindows:    0. 'AMD Radeon (TM) R9 380 Series' (P:1 D:1)
[2017.03.08-05.38.06:977][  0]LogWindows:    1. 'AMD Radeon (TM) R9 380 Series' (P:0 D:0)
[2017.03.08-05.38.06:978][  0]LogWindows:    2. 'AMD Radeon (TM) R9 380 Series' (P:0 D:0)
[2017.03.08-05.38.06:978][  0]LogWindows:    3. 'AMD Radeon (TM) R9 380 Series' (P:0 D:0)
[2017.03.08-05.38.06:979][  0]LogWindows:    4. 'AMD Radeon (TM) R9 380 Series' (P:0 D:0)
[2017.03.08-05.38.06:979][  0]LogWindows:    5. 'AMD Radeon (TM) R9 380 Series' (P:0 D:0)
[2017.03.08-05.38.06:980][  0]LogWindows:    6. 'RDPDD Chained DD' (P:0 D:0)
[2017.03.08-05.38.06:980][  0]LogWindows:    7. 'RDP Encoder Mirror Driver' (P:0 D:0)
[2017.03.08-05.38.06:980][  0]LogWindows:    8. 'RDP Reflector Display Driver' (P:0 D:0)
[2017.03.08-05.38.06:980][  0]LogWindows: DebugString: GetVideoDriverDetailsInvalid PrimaryIsNotTheChoosenAdapter GetVideoDriverDetailsInvalid PrimaryIsNotTheChoosenAdapter GetVideoDriverDetailsInvalid PrimaryIsNotTheChoosenAdapter FoundDriverCount:6 
[2017.03.08-05.38.06:980][  0]LogD3D11RHI:     Adapter Name: AMD Radeon (TM) R9 380 Series
[2017.03.08-05.38.06:981][  0]LogD3D11RHI:   Driver Version: Crimson ReLive 17.2.1 (internal:21.19.519.2, unified:21.19.519.2)
[2017.03.08-05.38.06:981][  0]LogD3D11RHI:      Driver Date: 2-10-2017
[2017.03.08-05.38.06:981][  0]LogRHI: Texture pool is 1361 MB (70% of 1945 MB)
[2017.03.08-05.38.06:996][  0]LogD3D11RHI: Async texture creation enabled
[2017.03.08-05.38.07:009][  0]LogD3D11RHI: GPU Timing Frequency: 27.000000 (Debug: 2 1)
[2017.03.08-05.38.07:009][  0]LogShaderCompilers: Guid format shader working directory is -3 characters bigger than the processId version (../../../../../Unreal Projects/ChimeraGames/Abyss/Intermediate/Shaders/WorkingDirectory/6212/).
[2017.03.08-05.38.07:009][  0]LogShaderCompilers: Cleaned the shader compiler working directory 'C:/Users/Chris/AppData/Local/Temp/UnrealShaderWorkingDir/7118D81F4AED9C07F6AEEF983E117FF6/'.
[2017.03.08-05.38.07:009][  0]LogShaderCompilers:Display: Using Local Shader Compiler.
[2017.03.08-05.38.08:864][  0]LogTemp:Display: Loaded TP AllDesktopTargetPlatform
[2017.03.08-05.38.08:940][  0]LogTemp:Display: Loaded TP MacClientTargetPlatform
[2017.03.08-05.38.09:020][  0]LogTemp:Display: Loaded TP MacNoEditorTargetPlatform
[2017.03.08-05.38.09:097][  0]LogTemp:Display: Loaded TP MacServerTargetPlatform
[2017.03.08-05.38.09:174][  0]LogTemp:Display: Loaded TP MacTargetPlatform
[2017.03.08-05.38.09:257][  0]LogTemp:Display: Loaded TP WindowsClientTargetPlatform
[2017.03.08-05.38.09:344][  0]LogTemp:Display: Loaded TP WindowsNoEditorTargetPlatform
[2017.03.08-05.38.09:430][  0]LogTemp:Display: Loaded TP WindowsServerTargetPlatform
[2017.03.08-05.38.09:492][  0]LogTemp:Display: Loaded TP WindowsTargetPlatform
[2017.03.08-05.38.09:567][  0]LogTemp:Display: Loaded TP AndroidTargetPlatform
[2017.03.08-05.38.09:654][  0]LogTemp:Display: Loaded TP Android_ASTCTargetPlatform
[2017.03.08-05.38.09:734][  0]LogTemp:Display: Loaded TP Android_ATCTargetPlatform
[2017.03.08-05.38.09:808][  0]LogTemp:Display: Loaded TP Android_DXTTargetPlatform
[2017.03.08-05.38.09:884][  0]LogTemp:Display: Loaded TP Android_ETC1TargetPlatform
[2017.03.08-05.38.09:957][  0]LogTemp:Display: Loaded TP Android_ETC2TargetPlatform
[2017.03.08-05.38.10:104][  0]LogTemp:Display: Loaded TP Android_MultiTargetPlatform
[2017.03.08-05.38.10:104][  0]LogTemp:Display: Loaded TP Android_PVRTCTargetPlatform
[2017.03.08-05.38.10:152][  0]LogTemp:Display: Loaded TP HTML5TargetPlatform
[2017.03.08-05.38.10:262][  0]LogTemp:Display: Loaded TP IOSTargetPlatform
[2017.03.08-05.38.10:314][  0]LogTemp:Display: Loaded TP TVOSTargetPlatform
[2017.03.08-05.38.10:390][  0]LogTemp:Display: Loaded TP LinuxClientTargetPlatform
[2017.03.08-05.38.10:463][  0]LogTemp:Display: Loaded TP LinuxNoEditorTargetPlatform
[2017.03.08-05.38.10:537][  0]LogTemp:Display: Loaded TP LinuxServerTargetPlatform
[2017.03.08-05.38.10:613][  0]LogTemp:Display: Loaded TP LinuxTargetPlatform
[2017.03.08-05.38.10:613][  0]LogTargetPlatformManager:Display: Building Assets For Windows
[2017.03.08-05.38.11:103][  0]LogDerivedDataCache:Display: Max Cache Size: 512 MB
[2017.03.08-05.38.11:212][  0]LogDerivedDataCache: Loaded boot cache 0.11s 50MB C:/Users/Chris/AppData/Local/UnrealEngine/4.14/DerivedDataCache/Boot.ddc.
[2017.03.08-05.38.11:212][  0]LogDerivedDataCache:Display: Loaded Boot cache: C:/Users/Chris/AppData/Local/UnrealEngine/4.14/DerivedDataCache/Boot.ddc
[2017.03.08-05.38.11:212][  0]LogDerivedDataCache: FDerivedDataBackendGraph:  Pak pak cache file ../../../../../Unreal Projects/ChimeraGames/Abyss/DerivedDataCache/DDC.ddp not found, will not use a pak cache.
[2017.03.08-05.38.11:212][  0]LogDerivedDataCache: Unable to find inner node Pak for hierarchical cache Hierarchy.
[2017.03.08-05.38.11:212][  0]LogDerivedDataCache: FDerivedDataBackendGraph:  CompressedPak pak cache file ../../../../../Unreal Projects/ChimeraGames/Abyss/DerivedDataCache/Compressed.ddp not found, will not use a pak cache.
[2017.03.08-05.38.11:212][  0]LogDerivedDataCache: Unable to find inner node CompressedPak for hierarchical cache Hierarchy.
[2017.03.08-05.38.11:236][  0]LogDerivedDataCache:Display: Pak cache opened for reading ../../../Engine/DerivedDataCache/Compressed.ddp.
[2017.03.08-05.38.11:248][  0]LogDerivedDataCache: Using Local data cache path C:/Users/Chris/AppData/Local/UnrealEngine/Common/DerivedDataCache: Writable
[2017.03.08-05.38.11:556][  0]LogInit: Selected Device Profile: [Windows]
[2017.03.08-05.38.11:561][  0]LogContentStreaming: Texture pool size is 0.00 MB
[2017.03.08-05.38.11:833][  0]LogMeshUtilities: Using QuadricMeshReduction for automatic static mesh reduction
[2017.03.08-05.38.11:893][  0]LogSimplygon: Simplygon DLL not present - disabling.
[2017.03.08-05.38.11:958][  0]LogMeshUtilities: Using SimplygonSwarm for distributed automatic mesh merging
[2017.03.08-05.38.11:958][  0]LogMeshUtilities: No automatic skeletal mesh reduction module available
[2017.03.08-05.38.11:958][  0]LogMeshUtilities: No automatic mesh merging module available
[2017.03.08-05.38.12:750][  0]LogNetVersion: GetLocalNetworkVersion: CL: 3195953, ProjectName: abyss, ProjectVersion: , EngineNetworkVersion: 2, GameNetworkVersion: 0, NetworkChecksum: 1595127573
[2017.03.08-05.38.12:817][  0]LogAssetRegistry: FAssetRegistry took 0.0198 seconds to start up
[2017.03.08-05.38.12:878][  0]LogPackageLocalizationCache: Processed 4 localized package path(s) for 2 prioritized culture(s) in 0.035933 seconds
[2017.03.08-05.38.12:887][  0]LogUObjectArray: 31890 objects as part of root set at end of initial load.
[2017.03.08-05.38.12:887][  0]LogUObjectAllocator: 6922376 out of 0 bytes used by permanent object pool.
[2017.03.08-05.38.12:887][  0]LogUObjectArray: CloseDisregardForGC: 0/0 objects in disregard for GC pool
[2017.03.08-05.38.12:951][  0]LogInit: WinSock: version 1.1 (2.2), MaxSocks=32767, MaxUdp=65467
[2017.03.08-05.38.14:015][  0]LogSlate: Using Freetype 2.6.0
[2017.03.08-05.38.14:016][  0]LogSlate: SlateFontCache - WITH_FREETYPE: 1, WITH_HARFBUZZ: 1
[2017.03.08-05.38.14:016][  0]LogSlate: SlateFontCache - WITH_FREETYPE: 1, WITH_HARFBUZZ: 1
[2017.03.08-05.38.15:334][  0]JavascriptCmd: Unreal.js started. V8 5.7.201
[2017.03.08-05.38.15:855][  0]LogMaterial: Uniform references updated for custom material expression Custom.
[2017.03.08-05.38.16:371][  0]SourceControl: Info Source control is disabled
[2017.03.08-05.38.18:378][  0]ImportText (YAxis): Missing opening parenthesis: 0.000000,1.000000,0.000000
[2017.03.08-05.38.18:378][  0]ImportText (ZAxis): Missing opening parenthesis: 0.000000,0.000000,1.000000
[2017.03.08-05.38.18:379][  0]ImportText (Rotation): Missing opening parenthesis: -90.000000,0.000000,0.000000
[2017.03.08-05.38.18:383][  0]ImportText (B): Missing opening parenthesis: 1.000000,1.000000,1.000000
[2017.03.08-05.38.19:188][  0]LogEngine: Initializing Engine...
[2017.03.08-05.38.19:505][  0]LogAIModule: Creating AISystem for world Untitled
[2017.03.08-05.38.19:548][  0]LogInit: XAudio2 using '1 - SE32HY27 (2- AMD High Definition Audio Device)' : 2 channels at 48 kHz using 16 bits per sample (channel mask 0x3)
[2017.03.08-05.38.19:614][  0]LogInit: FAudioDevice initialized.
[2017.03.08-05.38.19:668][  0]LogDerivedDataCache: Saved boot cache 0.05s 50MB C:/Users/Chris/AppData/Local/UnrealEngine/4.14/DerivedDataCache/Boot.ddc.
[2017.03.08-05.38.19:689][  0]LogInit: Texture streaming: Enabled
[2017.03.08-05.38.19:927][  0]LogInit: Transaction tracking system initialized
[2017.03.08-05.38.20:386][  0]BlueprintLog: New page: Editor Load
[2017.03.08-05.38.21:547][  0]LocalizationService: Info Localization service is disabled
[2017.03.08-05.38.22:024][  0]LogModuleManager:Warning: No filename provided for module TcpMessaging
[2017.03.08-05.38.22:024][  0]LogModuleManager:Warning: ModuleManager: Unable to load module 'TcpMessaging' because the file 'E:/Game Data/Epic Games/4.14/Engine/Binaries/Win64/' was not found.
[2017.03.08-05.38.22:439][  0]LogConsoleResponse:Display: 
[2017.03.08-05.38.22:641][  0]LogCook:Display: Max memory allowance for cook 16384mb min free memory 0mb
[2017.03.08-05.38.22:641][  0]LogCook:Display: Mobile HDR setting 1
[2017.03.08-05.38.23:664][  0]LogFileCache: Scanning file cache for directory 'E:/Game Data/Unreal Projects/ChimeraGames/Abyss/Content/' took 0.02s
[2017.03.08-05.38.23:723][  0]Cmd: MAP LOAD FILE="../../../../../Unreal Projects/ChimeraGames/Abyss/Content/Maps-Levels/startMenu.umap" TEMPLATE=0 SHOWPROGRESS=1 FEATURELEVEL=3
[2017.03.08-05.38.23:723][  0]LightingResults: New page: Lighting Build
[2017.03.08-05.38.23:772][  0]MapCheck: New page: Map Check
[2017.03.08-05.38.23:772][  0]LightingResults: New page: Lighting Build
[2017.03.08-05.38.24:085][  0]LogAIModule: Creating AISystem for world startMenu
[2017.03.08-05.38.24:086][  0]LogEditorServer: Finished looking for orphan Actors (0.000 secs)
[2017.03.08-05.38.24:086][  0]Cmd: MAP CHECKDEP NOCLEARLOG
[2017.03.08-05.38.24:145][  0]MapCheck: Info Map check complete: 0 Error(s), 0 Warning(s), took 58.815ms to complete.
[2017.03.08-05.38.24:145][  0]LogFileHelpers: Loading map 'startMenu' took 0.423
[2017.03.08-05.38.24:311][  0]LogCollectionManager: Loaded 0 collections in 0.002720 seconds
[2017.03.08-05.38.24:406][  0]LogFileCache: Scanning file cache for directory 'E:/Game Data/Unreal Projects/ChimeraGames/Abyss/Saved/Collections/' took 0.01s
[2017.03.08-05.38.24:406][  0]LogFileCache: Scanning file cache for directory 'E:/Game Data/Unreal Projects/ChimeraGames/Abyss/Content/Developers/Chris/Collections/' took 0.01s
[2017.03.08-05.38.24:406][  0]LogFileCache: Scanning file cache for directory 'E:/Game Data/Unreal Projects/ChimeraGames/Abyss/Content/Collections/' took 0.01s
[2017.03.08-05.38.24:406][  0]LogCollectionManager: Rebuilt the GUID cache for 0 collections in 0.000002 seconds
[2017.03.08-05.38.24:425][  0]LogContentBrowser: Native class hierarchy populated in 0.0187 seconds. Added 2245 classes and 411 folders.
[2017.03.08-05.38.24:481][  0]LogStats: UGameplayTagsManager::ConstructGameplayTagTree: Construct from data asset -  0.000 s
[2017.03.08-05.38.24:481][  0]LogStats: UGameplayTagsManager::ConstructGameplayTagTree: GameplayTagTreeChangedEvent.Broadcast -  0.000 s
[2017.03.08-05.38.24:482][  0]LogContentBrowser: Native class hierarchy updated for 'GameplayTags' in 0.0009 seconds. Added 13 classes and 0 folders.
[2017.03.08-05.38.24:558][  0]LogContentBrowser: Native class hierarchy updated for 'WidgetCarousel' in 0.0007 seconds. Added 0 classes and 0 folders.
[2017.03.08-05.38.24:625][  0]LogContentBrowser: Native class hierarchy updated for 'AddContentDialog' in 0.0006 seconds. Added 0 classes and 0 folders.
[2017.03.08-05.38.24:681][  0]LogContentBrowser: Native class hierarchy updated for 'SceneOutliner' in 0.0007 seconds. Added 1 classes and 2 folders.
[2017.03.08-05.38.24:783][  0]LogCrashTracker: Crashtracker disabled due to settings.
[2017.03.08-05.38.24:787][  0]LogUObjectGlobals:Warning: Failed to find object 'Class None.'
[2017.03.08-05.38.24:869][  0]LogContentBrowser: Native class hierarchy updated for 'HierarchicalLODOutliner' in 0.0008 seconds. Added 1 classes and 2 folders.
[2017.03.08-05.38.24:869][  0]LogLoad: (Engine Initialization) Total time: 21.34 seconds
[2017.03.08-05.38.24:870][  0]LogLoad: (Engine Initialization) Total Blueprint compile time: 0.08 seconds
[2017.03.08-05.38.24:870][  0]LogExternalProfiler: Found external profiler: VSPerf
[2017.03.08-05.38.24:870][  0]LogExternalProfiler: Using external profiler: VSPerf
[2017.03.08-05.38.24:924][  0]LogContentStreaming: Texture pool size now 1000 MB
[2017.03.08-05.38.25:081][  1]LogFileCache: Retrieving MD5 hashes for directory 'E:/Game Data/Unreal Projects/ChimeraGames/Abyss/Content/' took 0.19s
[2017.03.08-05.38.25:123][  2]LogRenderer: Reallocating scene render targets to support 720x384 NumSamples 1 (Frame:2).
[2017.03.08-05.38.25:217][  2]LogAssetRegistry: Asset discovery search completed in 12.4206 seconds
[2017.03.08-05.38.25:217][  2]LogCollectionManager: Rebuilt the object cache for 0 collections in 0.000001 seconds (found 0 objects)
[2017.03.08-05.38.25:217][  2]LogCollectionManager: Fixed up redirectors for 0 collections in 0.000042 seconds (updated 0 objects)
[2017.03.08-05.38.49:156][953]LogObjectTools:Warning: ForceReplaceReferences replaced references for a transient object 'REINST_SKEL_playerInventory_C_9' or package '/Engine/Transient'.
[2017.03.08-05.38.49:156][953]LogObjectTools:Warning: ForceReplaceReferences replaced references for a transient object 'REINST_playerInventory_C_8' or package '/Engine/Transient'.
[2017.03.08-05.38.49:156][953]LogObjectTools:Warning: ForceReplaceReferences replaced references for a transient object 'DEADCLASS_playerInventory_C_0' or package '/Engine/Transient'.
[2017.03.08-05.38.49:157][953]LogObjectTools:Warning: ForceReplaceReferences replaced references for a transient object 'DEADCLASS_playerInventory_C_1' or package '/Engine/Transient'.
[2017.03.08-05.38.59:109][999]LogTemp: Repeting last play command: Selected Viewport
[2017.03.08-05.38.59:151][999]LogBlueprintUserMessages: Early PlayInEditor Detection: Level '/Game/Maps-Levels/startMenu.startMenu:PersistentLevel' has LevelScriptBlueprint '/Game/Maps-Levels/startMenu.startMenu:PersistentLevel.startMenu' with GeneratedClass '/Game/Maps-Levels/startMenu.startMenu_C' with ClassGeneratedBy '/Game/Maps-Levels/startMenu.startMenu:PersistentLevel.startMenu'
[2017.03.08-05.38.59:151][999]LogPlayLevel: PlayLevel: No blueprints needed recompiling
[2017.03.08-05.38.59:151][999]PIE: New page: PIE session: startMenu (Mar 7, 2017, 7:38:59 PM)
[2017.03.08-05.38.59:170][999]LogPlayLevel: Creating play world package: /Game/Maps-Levels/UEDPIE_0_startMenu
[2017.03.08-05.38.59:172][999]LogPlayLevel: PIE: StaticDuplicateObject took: (0.001488s)
[2017.03.08-05.38.59:172][999]LogAIModule: Creating AISystem for world startMenu
[2017.03.08-05.38.59:173][999]LogPlayLevel: PIE: World Init took: (0.000854s)
[2017.03.08-05.38.59:173][999]LogPlayLevel: PIE: Created PIE world by copying editor world from /Game/Maps-Levels/startMenu.startMenu to /Game/Maps-Levels/UEDPIE_0_startMenu.startMenu (0.002588s)
[2017.03.08-05.38.59:340][999]LogInit: XAudio2 using '1 - SE32HY27 (2- AMD High Definition Audio Device)' : 2 channels at 48 kHz using 16 bits per sample (channel mask 0x3)
[2017.03.08-05.38.59:351][999]LogInit: FAudioDevice initialized.
[2017.03.08-05.38.59:658][999]LogLinker:Warning: Can't find file '/Game/UMG/playerInventory'
[2017.03.08-05.38.59:658][999]LogLinker:Warning: Can't find file for asset '/Game/UMG/playerInventory' while loading ../../../../../Unreal Projects/ChimeraGames/Abyss/Content/UMG/playerHUD.uasset.
[2017.03.08-05.38.59:724][999]LoadErrors:Error: Error /Game/UMG/playerHUD : Can't find file for asset. /Game/UMG/playerInventory
[2017.03.08-05.38.59:751][999]LogLinker:Warning: Can't find file '/Game/UMG/playerInventory'
[2017.03.08-05.38.59:751][999]LogLinker:Warning: Can't find file for asset '/Game/UMG/playerInventory' while loading ../../../../../Unreal Projects/ChimeraGames/Abyss/Content/UMG/playerHUD.uasset.
[2017.03.08-05.38.59:890][999]LogLinker:Warning: Can't find file '/Game/UMG/playerInventory'
[2017.03.08-05.38.59:890][999]LogLinker:Warning: Can't find file for asset '/Game/UMG/playerInventory' while loading ../../../../../Unreal Projects/ChimeraGames/Abyss/Content/UMG/playerHUD.uasset.
[2017.03.08-05.38.59:891][999]LogLinker:Warning: Can't find file '/Game/UMG/playerInventory'
[2017.03.08-05.38.59:891][999]LogLinker:Warning: Can't find file for asset '/Game/UMG/playerInventory' while loading ../../../../../Unreal Projects/ChimeraGames/Abyss/Content/UMG/playerHUD.uasset.
[2017.03.08-05.38.59:892][999]LogLinker:Warning: Can't find file '/Game/UMG/playerInventory'
[2017.03.08-05.38.59:892][999]LoadErrors: Info Failed to load /Game/UMG/playerInventory.playerInventory_C Referenced by playerHUD
[2017.03.08-05.38.59:892][999]LogLinker:Warning: Can't find file for asset '/Game/UMG/playerInventory' while loading ../../../../../Unreal Projects/ChimeraGames/Abyss/Content/UMG/playerHUD.uasset.
[2017.03.08-05.38.59:986][999]LogLinker:Warning: Can't find file '/Game/UMG/playerInventory'
[2017.03.08-05.38.59:986][999]LogLinker:Warning: Can't find file for asset '/Game/UMG/playerInventory' while loading ../../../../../Unreal Projects/ChimeraGames/Abyss/Content/UMG/playerHUD.uasset.
[2017.03.08-05.39.00:763][999]LogLoad: Game class is 'abyssGameMode_C'
[2017.03.08-05.39.00:767][999]LogWorld: Bringing World /Game/Maps-Levels/UEDPIE_0_startMenu.startMenu up for play (max tick rate 0) at 2017.03.08-00.39.00
[2017.03.08-05.39.00:767][999]LogWorld: Bringing up level for play took: 0.000767
[2017.03.08-05.39.00:819][999]LogContentBrowser: Native class hierarchy updated for 'MovieSceneCapture' in 0.0007 seconds. Added 11 classes and 0 folders.
[2017.03.08-05.39.00:824][999]PIE: Info Play in editor start time for /Game/Maps-Levels/UEDPIE_0_startMenu 1.007
[2017.03.08-05.39.00:824][999]LogBlueprintUserMessages: Late PlayInEditor Detection: Level '/Game/Maps-Levels/startMenu.startMenu:PersistentLevel' has LevelScriptBlueprint '/Game/Maps-Levels/startMenu.startMenu:PersistentLevel.startMenu' with GeneratedClass '/Game/Maps-Levels/startMenu.startMenu_C' with ClassGeneratedBy '/Game/Maps-Levels/startMenu.startMenu:PersistentLevel.startMenu'
[2017.03.08-05.39.02:559][188]Cmd: SELECT NONE
[2017.03.08-05.39.04:151][373]LogBlueprintUserMessages: Early EndPlayMap Detection: Level '/Game/Maps-Levels/startMenu.startMenu:PersistentLevel' has LevelScriptBlueprint '/Game/Maps-Levels/startMenu.startMenu:PersistentLevel.startMenu' with GeneratedClass '/Game/Maps-Levels/startMenu.startMenu_C' with ClassGeneratedBy '/Game/Maps-Levels/startMenu.startMenu:PersistentLevel.startMenu'
[2017.03.08-05.39.04:186][373]LogBlueprintUserMessages: Late EndPlayMap Detection: Level '/Game/Maps-Levels/startMenu.startMenu:PersistentLevel' has LevelScriptBlueprint '/Game/Maps-Levels/startMenu.startMenu:PersistentLevel.startMenu' with GeneratedClass '/Game/Maps-Levels/startMenu.startMenu_C' with ClassGeneratedBy '/Game/Maps-Levels/startMenu.startMenu:PersistentLevel.startMenu'
[2017.03.08-05.39.09:773][911]LogSavePackage: Save=214.37ms
[2017.03.08-05.39.09:773][911]LogSavePackage: Moving '../../../../../Unreal Projects/ChimeraGames/Abyss/Saved/UEDPCstartMenuEB452A9B4D88B0C2BF5C39A59CEF19B2.tmp' to '../../../../../Unreal Projects/ChimeraGames/Abyss/Saved/Autosaves/Game/Maps-Levels/UEDPCstartMenu.umap'
[2017.03.08-05.39.09:774][911]LogSavePackage:Display: Finished SavePackage ../../../../../Unreal Projects/ChimeraGames/Abyss/Saved/Autosaves/Game/Maps-Levels/UEDPCstartMenu.umap
[2017.03.08-05.39.09:785][911]LogEditorTransaction: Undo Spawn Play From Here Start
[2017.03.08-05.41.45:082][217]LogContentBrowser: Native class hierarchy updated for 'BlueprintGraph' in 0.0013 seconds. Added 111 classes and 0 folders.
[2017.03.08-05.43.44:010][ 67]LogTexture:Display: Building textures: EdSplash (BGRA8)
[2017.03.08-05.44.29:279][449]BlueprintLog: New page: Compile mainMenu
[2017.03.08-05.44.32:400][766]Cmd: OBJ SAVEPACKAGE PACKAGE="/Game/UMG/mainMenu" FILE="../../../../../Unreal Projects/ChimeraGames/Abyss/Content/UMG/mainMenu.uasset" SILENT=true
[2017.03.08-05.44.32:462][766]LogSavePackage: Save=27.87ms
[2017.03.08-05.44.32:462][766]LogSavePackage: Moving '../../../../../Unreal Projects/ChimeraGames/Abyss/Saved/mainMenu1A2DE0D8417D3949A663A4B133A47B87.tmp' to '../../../../../Unreal Projects/ChimeraGames/Abyss/Content/UMG/mainMenu.uasset'
[2017.03.08-05.44.32:464][766]LogSavePackage:Display: Finished SavePackage ../../../../../Unreal Projects/ChimeraGames/Abyss/Content/UMG/mainMenu.uasset
[2017.03.08-05.44.33:024][833]LogTemp: Repeting last play command: Standalone Game
[2017.03.08-05.44.33:750][833]LogSavePackage: Save=252.04ms
[2017.03.08-05.44.33:751][833]LogSavePackage: Moving '../../../../../Unreal Projects/ChimeraGames/Abyss/Saved/UEDPCstartMenuE5CEF46641FBB4CD8C332CA6242130B9.tmp' to '../../../../../Unreal Projects/ChimeraGames/Abyss/Saved/Autosaves/Game/Maps-Levels/UEDPCstartMenu.umap'
[2017.03.08-05.44.33:752][833]LogSavePackage:Display: Finished SavePackage ../../../../../Unreal Projects/ChimeraGames/Abyss/Saved/Autosaves/Game/Maps-Levels/UEDPCstartMenu.umap
[2017.03.08-05.44.33:755][833]LogEditorTransaction: Undo Spawn Play From Here Start
[2017.03.08-05.45.15:367][162]LogAIModule: Creating AISystem for world Fort_Exploration1
[2017.03.08-05.45.15:561][162]Cmd: MAP LOAD FILE="../../../../../Unreal Projects/ChimeraGames/Abyss/Content/Maps-Levels/Fort/Exploration/Fort_Exploration1.umap" TEMPLATE=0 SHOWPROGRESS=1 FEATURELEVEL=3
[2017.03.08-05.45.15:561][162]LightingResults: New page: Lighting Build
[2017.03.08-05.45.15:562][162]LoadErrors: New page: Loading map: Fort_Exploration1.umap
[2017.03.08-05.45.15:563][162]MapCheck: New page: Map Check
[2017.03.08-05.45.15:563][162]LightingResults: New page: Lighting Build
[2017.03.08-05.45.15:826][162]LogEditorServer: Finished looking for orphan Actors (0.000 secs)
[2017.03.08-05.45.15:903][162]Cmd: MAP CHECKDEP NOCLEARLOG
[2017.03.08-05.45.15:985][162]MapCheck: Info Map check complete: 0 Error(s), 0 Warning(s), took 81.816ms to complete.
[2017.03.08-05.45.15:986][162]LogFileHelpers: Loading map 'Fort_Exploration1' took 0.428
[2017.03.08-05.45.19:524][564]LogEditorViewport: Clicking on Actor (context menu): PaperTileMapActor (Fort_TileMap2)
[2017.03.08-05.45.20:807][660]LogBlueprintUserMessages: Early PlayInEditor Detection: Level '/Game/Maps-Levels/Fort/Exploration/Fort_Exploration1.Fort_Exploration1:PersistentLevel' has LevelScriptBlueprint '/Game/Maps-Levels/Fort/Exploration/Fort_Exploration1.Fort_Exploration1:PersistentLevel.Fort_Exploration1' with GeneratedClass '/Game/Maps-Levels/Fort/Exploration/Fort_Exploration1.Fort_Exploration1_C' with ClassGeneratedBy '/Game/Maps-Levels/Fort/Exploration/Fort_Exploration1.Fort_Exploration1:PersistentLevel.Fort_Exploration1'
[2017.03.08-05.45.20:807][660]LogPlayLevel: PlayLevel: No blueprints needed recompiling
[2017.03.08-05.45.20:807][660]PIE: New page: PIE session: Fort_Exploration1 (Mar 7, 2017, 7:45:20 PM)
[2017.03.08-05.45.20:808][660]LogPlayLevel: Creating play world package: /Game/Maps-Levels/Fort/Exploration/UEDPIE_0_Fort_Exploration1
[2017.03.08-05.45.20:813][660]LogPlayLevel: PIE: StaticDuplicateObject took: (0.005016s)
[2017.03.08-05.45.20:813][660]LogAIModule: Creating AISystem for world Fort_Exploration1
[2017.03.08-05.45.20:814][660]LogPlayLevel: PIE: World Init took: (0.000817s)
[2017.03.08-05.45.20:814][660]LogPlayLevel: PIE: Created PIE world by copying editor world from /Game/Maps-Levels/Fort/Exploration/Fort_Exploration1.Fort_Exploration1 to /Game/Maps-Levels/Fort/Exploration/UEDPIE_0_Fort_Exploration1.Fort_Exploration1 (0.006080s)
[2017.03.08-05.45.20:994][660]LogInit: XAudio2 using '1 - SE32HY27 (2- AMD High Definition Audio Device)' : 2 channels at 48 kHz using 16 bits per sample (channel mask 0x3)
[2017.03.08-05.45.21:005][660]LogInit: FAudioDevice initialized.
[2017.03.08-05.45.21:037][660]LogLoad: Game class is 'abyssExplorationMode_C'
[2017.03.08-05.45.21:041][660]LogWorld: Bringing World /Game/Maps-Levels/Fort/Exploration/UEDPIE_0_Fort_Exploration1.Fort_Exploration1 up for play (max tick rate 0) at 2017.03.08-00.45.21
[2017.03.08-05.45.21:043][660]LogWorld: Bringing up level for play took: 0.003415
[2017.03.08-05.45.21:046][660]PIE: Info Play in editor start time for /Game/Maps-Levels/Fort/Exploration/UEDPIE_0_Fort_Exploration1 1.221
[2017.03.08-05.45.21:046][660]LogBlueprintUserMessages: Late PlayInEditor Detection: Level '/Game/Maps-Levels/Fort/Exploration/Fort_Exploration1.Fort_Exploration1:PersistentLevel' has LevelScriptBlueprint '/Game/Maps-Levels/Fort/Exploration/Fort_Exploration1.Fort_Exploration1:PersistentLevel.Fort_Exploration1' with GeneratedClass '/Game/Maps-Levels/Fort/Exploration/Fort_Exploration1.Fort_Exploration1_C' with ClassGeneratedBy '/Game/Maps-Levels/Fort/Exploration/Fort_Exploration1.Fort_Exploration1:PersistentLevel.Fort_Exploration1'
[2017.03.08-05.45.23:291][890]LogBlueprintUserMessages: [checkPoint3] Checkpoint!
[2017.03.08-05.45.24:518][ 17]LogBlueprintUserMessages: Early EndPlayMap Detection: Level '/Game/Maps-Levels/Fort/Exploration/Fort_Exploration1.Fort_Exploration1:PersistentLevel' has LevelScriptBlueprint '/Game/Maps-Levels/Fort/Exploration/Fort_Exploration1.Fort_Exploration1:PersistentLevel.Fort_Exploration1' with GeneratedClass '/Game/Maps-Levels/Fort/Exploration/Fort_Exploration1.Fort_Exploration1_C' with ClassGeneratedBy '/Game/Maps-Levels/Fort/Exploration/Fort_Exploration1.Fort_Exploration1:PersistentLevel.Fort_Exploration1'
[2017.03.08-05.45.24:571][ 17]LogBlueprintUserMessages: Late EndPlayMap Detection: Level '/Game/Maps-Levels/Fort/Exploration/Fort_Exploration1.Fort_Exploration1:PersistentLevel' has LevelScriptBlueprint '/Game/Maps-Levels/Fort/Exploration/Fort_Exploration1.Fort_Exploration1:PersistentLevel.Fort_Exploration1' with GeneratedClass '/Game/Maps-Levels/Fort/Exploration/Fort_Exploration1.Fort_Exploration1_C' with ClassGeneratedBy '/Game/Maps-Levels/Fort/Exploration/Fort_Exploration1.Fort_Exploration1:PersistentLevel.Fort_Exploration1'
[2017.03.08-05.45.30:555][670]LogEditorViewport: Clicking on Actor (LMB): PaperTileMapActor (Fort_TileMap3)
[2017.03.08-05.45.36:878][383]LogEditorViewport: Clicking on Actor (LMB): PaperTileMapActor (Fort_TileMap3)
[2017.03.08-05.45.37:408][442]LogEditorViewport: Clicking on Actor (LMB): PaperTileMapActor (Fort_TileMap)
[2017.03.08-05.45.38:734][587]LogEditorViewport: Clicking on Actor (LMB): PaperTileMapActor (Fort_TileMap3)
[2017.03.08-05.45.53:715][281]LogEditorViewport: Clicking on Actor (LMB): PaperTileMapActor (Fort_TileMap2)
[2017.03.08-05.45.55:279][456]LogEditorViewport: Clicking on Actor (LMB): PaperTileMapActor (Fort_TileMap3)
[2017.03.08-05.45.59:341][918]LogEditorViewport: Clicking on Actor (LMB): PaperTileMapActor (Fort_TileMap)
[2017.03.08-05.46.04:309][480]LogEditorViewport: Clicking on Actor (LMB): PaperTileMapActor (Fort_TileMap3)
[2017.03.08-05.46.08:081][907]LogEditorViewport: Clicking Background
[2017.03.08-05.46.11:095][267]LogEditorViewport: Clicking on Actor (LMB): PaperTileMapActor (Fort_TileMap)
[2017.03.08-05.46.12:253][396]LogEditorViewport: Clicking on Actor (LMB): PaperTileMapActor (Fort_TileMap)
[2017.03.08-05.46.12:736][451]LogEditorViewport: Clicking on Actor (LMB): PaperTileMapActor (Fort_TileMap)
[2017.03.08-05.46.12:890][461]LogEditorViewport: Clicking on Component (LMB): PaperTileMapComponent (RenderComponent)
[2017.03.08-05.46.15:463][724]LogRenderer: Reallocating scene render targets to support 824x632 NumSamples 1 (Frame:12892).
[2017.03.08-05.47.06:874][871]Cmd: TRANSACTION UNDO
[2017.03.08-05.47.06:875][871]LogEditorTransaction: Undo Tile Painting
[2017.03.08-05.47.07:266][905]Cmd: TRANSACTION UNDO
[2017.03.08-05.47.07:266][905]LogEditorTransaction: Undo Tile Painting
[2017.03.08-05.47.07:572][934]Cmd: TRANSACTION UNDO
[2017.03.08-05.47.07:572][934]LogEditorTransaction: Undo Tile Painting
[2017.03.08-05.47.07:825][964]Cmd: TRANSACTION UNDO
[2017.03.08-05.47.07:825][964]LogEditorTransaction: Undo Tile Painting
[2017.03.08-05.47.08:191][  8]Cmd: TRANSACTION UNDO
[2017.03.08-05.47.08:191][  8]LogEditorTransaction: Undo Tile Painting
[2017.03.08-05.47.08:533][ 49]Cmd: TRANSACTION UNDO
[2017.03.08-05.47.08:533][ 49]LogEditorTransaction: Undo Clicking on Components
[2017.03.08-05.47.08:812][ 77]Cmd: TRANSACTION UNDO
[2017.03.08-05.47.08:812][ 77]LogEditorTransaction: Undo Clicking on Actors
[2017.03.08-05.47.09:149][116]Cmd: TRANSACTION UNDO
[2017.03.08-05.47.09:149][116]LogEditorTransaction: Undo Clicking on Actors
[2017.03.08-05.47.11:469][394]Cmd: TRANSACTION REDO
[2017.03.08-05.47.11:469][394]LogEditorTransaction: Redo Clicking on Actors
[2017.03.08-05.47.12:373][501]Cmd: TRANSACTION REDO
[2017.03.08-05.47.12:373][501]LogEditorTransaction: Redo Clicking on Actors
[2017.03.08-05.47.13:106][589]Cmd: TRANSACTION REDO
[2017.03.08-05.47.13:106][589]LogEditorTransaction: Redo Clicking on Components
[2017.03.08-05.47.14:833][793]Cmd: TRANSACTION REDO
[2017.03.08-05.47.14:833][793]LogEditorTransaction: Redo Tile Painting
[2017.03.08-05.47.16:396][980]Cmd: TRANSACTION UNDO
[2017.03.08-05.47.16:396][980]LogEditorTransaction: Undo Tile Painting
[2017.03.08-05.47.18:049][178]Cmd: TRANSACTION UNDO
[2017.03.08-05.47.18:049][178]LogEditorTransaction: Undo Clicking on Components
[2017.03.08-05.47.19:207][314]Cmd: TRANSACTION UNDO
[2017.03.08-05.47.19:207][314]LogEditorTransaction: Undo Clicking on Actors
[2017.03.08-05.47.19:784][383]Cmd: TRANSACTION UNDO
[2017.03.08-05.47.19:784][383]LogEditorTransaction: Undo Clicking on Actors
[2017.03.08-05.47.20:120][423]Cmd: TRANSACTION UNDO
[2017.03.08-05.47.20:120][423]LogEditorTransaction: Undo Clicking on Actors
[2017.03.08-05.47.20:371][453]Cmd: TRANSACTION UNDO
[2017.03.08-05.47.20:371][453]LogEditorTransaction: Undo Clicking Background
[2017.03.08-05.47.20:656][483]Cmd: TRANSACTION UNDO
[2017.03.08-05.47.20:656][483]LogEditorTransaction: Undo Move Actors
[2017.03.08-05.47.20:895][510]Cmd: TRANSACTION UNDO
[2017.03.08-05.47.20:895][510]LogEditorTransaction: Undo Clicking on Actors
[2017.03.08-05.47.21:112][533]Cmd: TRANSACTION UNDO
[2017.03.08-05.47.21:112][533]LogEditorTransaction: Undo Clicking on Actors
[2017.03.08-05.47.21:326][556]Cmd: TRANSACTION UNDO
[2017.03.08-05.47.21:326][556]LogEditorTransaction: Undo Clicking on Actors
[2017.03.08-05.47.21:577][583]Cmd: TRANSACTION UNDO
[2017.03.08-05.47.21:577][583]LogEditorTransaction: Undo Clicking on Actors
[2017.03.08-05.47.21:883][617]Cmd: TRANSACTION UNDO
[2017.03.08-05.47.21:883][617]LogEditorTransaction: Undo Move Actors
[2017.03.08-05.47.22:146][648]Cmd: TRANSACTION UNDO
[2017.03.08-05.47.22:146][648]LogEditorTransaction: Undo Move Actors
[2017.03.08-05.47.22:346][672]Cmd: TRANSACTION UNDO
[2017.03.08-05.47.22:346][672]LogEditorTransaction: Undo Move Actors
[2017.03.08-05.47.22:621][705]Cmd: TRANSACTION UNDO
[2017.03.08-05.47.22:621][705]LogEditorTransaction: Undo Clicking on Actors
[2017.03.08-05.47.23:759][838]Cmd: TRANSACTION UNDO
[2017.03.08-05.47.23:759][838]LogEditorTransaction: Undo Clicking on Actors
[2017.03.08-05.47.24:145][882]Cmd: TRANSACTION UNDO
[2017.03.08-05.47.24:145][882]LogEditorTransaction: Undo Clicking on Actors
[2017.03.08-05.47.24:522][927]Cmd: TRANSACTION UNDO
[2017.03.08-05.47.24:522][927]LogEditorTransaction: Undo Move Actors
[2017.03.08-05.47.24:775][957]Cmd: TRANSACTION UNDO
[2017.03.08-05.47.24:775][957]LogEditorTransaction: Undo Clicking on Actors
[2017.03.08-05.47.25:568][ 49]Cmd: TRANSACTION REDO
[2017.03.08-05.47.25:568][ 49]LogEditorTransaction: Redo Clicking on Actors
[2017.03.08-05.47.25:778][ 71]Cmd: TRANSACTION REDO
[2017.03.08-05.47.25:778][ 71]LogEditorTransaction: Redo Move Actors
[2017.03.08-05.47.25:998][ 97]Cmd: TRANSACTION REDO
[2017.03.08-05.47.25:998][ 97]LogEditorTransaction: Redo Clicking on Actors
[2017.03.08-05.47.26:209][122]Cmd: TRANSACTION REDO
[2017.03.08-05.47.26:209][122]LogEditorTransaction: Redo Clicking on Actors
[2017.03.08-05.47.26:388][141]Cmd: TRANSACTION REDO
[2017.03.08-05.47.26:388][141]LogEditorTransaction: Redo Clicking on Actors
[2017.03.08-05.47.26:593][163]Cmd: TRANSACTION REDO
[2017.03.08-05.47.26:593][163]LogEditorTransaction: Redo Move Actors
[2017.03.08-05.47.26:837][192]Cmd: TRANSACTION REDO
[2017.03.08-05.47.26:837][192]LogEditorTransaction: Redo Move Actors
[2017.03.08-05.47.27:334][251]Cmd: TRANSACTION REDO
[2017.03.08-05.47.27:334][251]LogEditorTransaction: Redo Move Actors
[2017.03.08-05.47.27:558][278]Cmd: TRANSACTION REDO
[2017.03.08-05.47.27:558][278]LogEditorTransaction: Redo Clicking on Actors
[2017.03.08-05.47.27:776][301]Cmd: TRANSACTION REDO
[2017.03.08-05.47.27:776][301]LogEditorTransaction: Redo Clicking on Actors
[2017.03.08-05.47.28:371][370]Cmd: TRANSACTION REDO
[2017.03.08-05.47.28:371][370]LogEditorTransaction: Redo Clicking on Actors
[2017.03.08-05.47.28:725][410]Cmd: TRANSACTION REDO
[2017.03.08-05.47.28:725][410]LogEditorTransaction: Redo Clicking on Actors
[2017.03.08-05.47.29:045][446]Cmd: TRANSACTION REDO
[2017.03.08-05.47.29:045][446]LogEditorTransaction: Redo Move Actors
[2017.03.08-05.47.29:597][512]Cmd: TRANSACTION REDO
[2017.03.08-05.47.29:597][512]LogEditorTransaction: Redo Clicking Background
[2017.03.08-05.47.30:192][583]Cmd: TRANSACTION REDO
[2017.03.08-05.47.30:192][583]LogEditorTransaction: Redo Clicking on Actors
[2017.03.08-05.47.30:843][658]Cmd: TRANSACTION REDO
[2017.03.08-05.47.30:843][658]LogEditorTransaction: Redo Clicking on Actors
[2017.03.08-05.47.31:276][710]Cmd: TRANSACTION REDO
[2017.03.08-05.47.31:276][710]LogEditorTransaction: Redo Clicking on Actors
[2017.03.08-05.47.31:669][757]Cmd: TRANSACTION REDO
[2017.03.08-05.47.31:669][757]LogEditorTransaction: Redo Clicking on Components
[2017.03.08-05.47.32:419][844]Cmd: TRANSACTION REDO
[2017.03.08-05.47.32:419][844]LogEditorTransaction: Redo Tile Painting
[2017.03.08-05.47.34:006][ 34]Cmd: TRANSACTION UNDO
[2017.03.08-05.47.34:006][ 34]LogEditorTransaction: Undo Tile Painting
[2017.03.08-05.47.34:709][118]Cmd: TRANSACTION UNDO
[2017.03.08-05.47.34:709][118]LogEditorTransaction: Undo Clicking on Components
[2017.03.08-05.47.36:351][309]Cmd: OBJ SAVEPACKAGE PACKAGE="/Game/Maps-Levels/Fort/Exploration/Fort_TileMap" FILE="../../../../../Unreal Projects/ChimeraGames/Abyss/Content/Maps-Levels/Fort/Exploration/Fort_TileMap.uasset" SILENT=true
[2017.03.08-05.47.36:452][309]LogSavePackage: Save=67.48ms
[2017.03.08-05.47.36:452][309]LogSavePackage: Moving '../../../../../Unreal Projects/ChimeraGames/Abyss/Saved/Fort_TileMapA3AA4DA342B97DC894A88DAE9F05A73E.tmp' to '../../../../../Unreal Projects/ChimeraGames/Abyss/Content/Maps-Levels/Fort/Exploration/Fort_TileMap.uasset'
[2017.03.08-05.47.36:454][309]LogSavePackage:Display: Finished SavePackage ../../../../../Unreal Projects/ChimeraGames/Abyss/Content/Maps-Levels/Fort/Exploration/Fort_TileMap.uasset
[2017.03.08-05.47.53:997][360]LogEditorViewport: Clicking on Actor (LMB): PaperTileMapActor (Fort_TileMap)
[2017.03.08-05.48.20:293][336]LogEditorViewport: Clicking on Actor (LMB): LightableTorch_C (LightableTorch3)
[2017.03.08-05.48.23:990][734]LogEditorViewport: Clicking Background
[2017.03.08-05.48.26:311][952]LogSavePackage: Save=273.59ms
[2017.03.08-05.48.26:311][952]LogSavePackage: Moving '../../../../../Unreal Projects/ChimeraGames/Abyss/Saved/Fort_Exploration16226885F4DDBA7D8E658AFBF59B5B72E.tmp' to '../../../../../Unreal Projects/ChimeraGames/Abyss/Content/Maps-Levels/Fort/Exploration/Fort_Exploration1.umap'
[2017.03.08-05.48.26:313][952]LogSavePackage:Display: Finished SavePackage ../../../../../Unreal Projects/ChimeraGames/Abyss/Content/Maps-Levels/Fort/Exploration/Fort_Exploration1.umap
[2017.03.08-05.48.29:574][325]LogAIModule: Creating AISystem for world startMenu
[2017.03.08-05.48.29:738][325]Cmd: MAP LOAD FILE="../../../../../Unreal Projects/ChimeraGames/Abyss/Content/Maps-Levels/startMenu.umap" TEMPLATE=0 SHOWPROGRESS=1 FEATURELEVEL=3
[2017.03.08-05.48.29:738][325]LightingResults: New page: Lighting Build
[2017.03.08-05.48.29:739][325]LoadErrors: New page: Loading map: startMenu.umap
[2017.03.08-05.48.29:741][325]MapCheck: New page: Map Check
[2017.03.08-05.48.29:741][325]LightingResults: New page: Lighting Build
[2017.03.08-05.48.29:969][325]LogEditorServer: Finished looking for orphan Actors (0.000 secs)
[2017.03.08-05.48.30:045][325]Cmd: MAP CHECKDEP NOCLEARLOG
[2017.03.08-05.48.30:138][325]MapCheck: Info Map check complete: 0 Error(s), 0 Warning(s), took 92.291ms to complete.
[2017.03.08-05.48.30:139][325]LogFileHelpers: Loading map 'startMenu' took 0.402
[2017.03.08-05.49.16:655][900]LogAIModule: Creating AISystem for world Fort_Exploration1
[2017.03.08-05.49.16:832][900]Cmd: MAP LOAD FILE="../../../../../Unreal Projects/ChimeraGames/Abyss/Content/Maps-Levels/Fort/Exploration/Fort_Exploration1.umap" TEMPLATE=0 SHOWPROGRESS=1 FEATURELEVEL=3
[2017.03.08-05.49.16:832][900]LightingResults: New page: Lighting Build
[2017.03.08-05.49.16:833][900]LoadErrors: New page: Loading map: Fort_Exploration1.umap
[2017.03.08-05.49.16:834][900]MapCheck: New page: Map Check
[2017.03.08-05.49.16:834][900]LightingResults: New page: Lighting Build
[2017.03.08-05.49.17:121][900]LogEditorServer: Finished looking for orphan Actors (0.000 secs)
[2017.03.08-05.49.17:198][900]Cmd: MAP CHECKDEP NOCLEARLOG
[2017.03.08-05.49.17:284][900]MapCheck: Info Map check complete: 0 Error(s), 0 Warning(s), took 86.407ms to complete.
[2017.03.08-05.49.17:284][900]LogFileHelpers: Loading map 'Fort_Exploration1' took 0.454
[2017.03.08-05.49.35:744][988]LogEditorViewport: Clicking on Actor (LMB): PaperTileMapActor (Fort_TileMap2)
[2017.03.08-05.49.41:368][601]Cmd: TRANSACTION UNDO
[2017.03.08-05.49.41:368][601]LogEditorTransaction: Undo Move Actors
[2017.03.08-05.49.42:280][678]LogEditorViewport: Clicking on Actor (LMB): LightableTorch_C (LightableTorch5)
[2017.03.08-05.49.45:439][  6]LogEditorViewport: Clicking on Actor (LMB): PaperTileMapActor (Fort_TileMap2)
[2017.03.08-05.49.48:819][382]LogEditorViewport: Clicking on Actor (LMB): LightableTorch_C (LightableTorch5)
[2017.03.08-05.50.00:448][571]LogEditorViewport: Clicking on Actor (LMB): PaperTileMapActor (Fort_TileMap2)
[2017.03.08-05.50.02:254][769]LogEditorViewport: Clicking on Actor (LMB): LightableTorch_C (LightableTorch6)
[2017.03.08-05.50.04:900][ 48]LogEditorViewport: Clicking on Actor (LMB): PaperTileMapActor (Fort_TileMap2)
[2017.03.08-05.50.07:763][365]LogEditorViewport: Clicking on Actor (LMB): LightableTorch_C (LightableTorch6)
[2017.03.08-05.50.10:177][618]LogEditorViewport: Clicking on Actor (LMB): LightableTorch_C (LightableTorch5)
[2017.03.08-05.50.59:151][562]LogEditorViewport: Clicking on Actor (LMB): LightableTorch_C (LightableTorch6)
[2017.03.08-05.51.15:342][197]LogSavePackage: Save=268.53ms
[2017.03.08-05.51.15:342][197]LogSavePackage: Moving '../../../../../Unreal Projects/ChimeraGames/Abyss/Saved/Fort_Exploration14A47077E4E3CF69ACC37E7A6FF68BFA3.tmp' to '../../../../../Unreal Projects/ChimeraGames/Abyss/Content/Maps-Levels/Fort/Exploration/Fort_Exploration1.umap'
[2017.03.08-05.51.15:345][197]LogSavePackage:Display: Finished SavePackage ../../../../../Unreal Projects/ChimeraGames/Abyss/Content/Maps-Levels/Fort/Exploration/Fort_Exploration1.umap
[2017.03.08-05.51.17:410][403]LogEditorViewport: Clicking on Actor (context menu): PaperTileMapActor (Fort_TileMap2)
[2017.03.08-05.51.19:373][542]LogBlueprintUserMessages: Early PlayInEditor Detection: Level '/Game/Maps-Levels/Fort/Exploration/Fort_Exploration1.Fort_Exploration1:PersistentLevel' has LevelScriptBlueprint '/Game/Maps-Levels/Fort/Exploration/Fort_Exploration1.Fort_Exploration1:PersistentLevel.Fort_Exploration1' with GeneratedClass '/Game/Maps-Levels/Fort/Exploration/Fort_Exploration1.Fort_Exploration1_C' with ClassGeneratedBy '/Game/Maps-Levels/Fort/Exploration/Fort_Exploration1.Fort_Exploration1:PersistentLevel.Fort_Exploration1'
[2017.03.08-05.51.19:373][542]LogPlayLevel: PlayLevel: No blueprints needed recompiling
[2017.03.08-05.51.19:374][542]PIE: New page: PIE session: Fort_Exploration1 (Mar 7, 2017, 7:51:19 PM)
[2017.03.08-05.51.19:374][542]LogPlayLevel: Creating play world package: /Game/Maps-Levels/Fort/Exploration/UEDPIE_0_Fort_Exploration1
[2017.03.08-05.51.19:378][542]LogPlayLevel: PIE: StaticDuplicateObject took: (0.004356s)
[2017.03.08-05.51.19:379][542]LogAIModule: Creating AISystem for world Fort_Exploration1
[2017.03.08-05.51.19:379][542]LogPlayLevel: PIE: World Init took: (0.000747s)
[2017.03.08-05.51.19:379][542]LogPlayLevel: PIE: Created PIE world by copying editor world from /Game/Maps-Levels/Fort/Exploration/Fort_Exploration1.Fort_Exploration1 to /Game/Maps-Levels/Fort/Exploration/UEDPIE_0_Fort_Exploration1.Fort_Exploration1 (0.005343s)
[2017.03.08-05.51.19:554][542]LogInit: XAudio2 using '1 - SE32HY27 (2- AMD High Definition Audio Device)' : 2 channels at 48 kHz using 16 bits per sample (channel mask 0x3)
[2017.03.08-05.51.19:566][542]LogInit: FAudioDevice initialized.
[2017.03.08-05.51.19:598][542]LogLoad: Game class is 'abyssExplorationMode_C'
[2017.03.08-05.51.19:603][542]LogWorld: Bringing World /Game/Maps-Levels/Fort/Exploration/UEDPIE_0_Fort_Exploration1.Fort_Exploration1 up for play (max tick rate 0) at 2017.03.08-00.51.19
[2017.03.08-05.51.19:604][542]LogWorld: Bringing up level for play took: 0.003579
[2017.03.08-05.51.19:607][542]PIE: Info Play in editor start time for /Game/Maps-Levels/Fort/Exploration/UEDPIE_0_Fort_Exploration1 -0.225
[2017.03.08-05.51.19:607][542]LogBlueprintUserMessages: Late PlayInEditor Detection: Level '/Game/Maps-Levels/Fort/Exploration/Fort_Exploration1.Fort_Exploration1:PersistentLevel' has LevelScriptBlueprint '/Game/Maps-Levels/Fort/Exploration/Fort_Exploration1.Fort_Exploration1:PersistentLevel.Fort_Exploration1' with GeneratedClass '/Game/Maps-Levels/Fort/Exploration/Fort_Exploration1.Fort_Exploration1_C' with ClassGeneratedBy '/Game/Maps-Levels/Fort/Exploration/Fort_Exploration1.Fort_Exploration1:PersistentLevel.Fort_Exploration1'
[2017.03.08-05.51.26:913][384]LogBlueprintUserMessages: Early EndPlayMap Detection: Level '/Game/Maps-Levels/Fort/Exploration/Fort_Exploration1.Fort_Exploration1:PersistentLevel' has LevelScriptBlueprint '/Game/Maps-Levels/Fort/Exploration/Fort_Exploration1.Fort_Exploration1:PersistentLevel.Fort_Exploration1' with GeneratedClass '/Game/Maps-Levels/Fort/Exploration/Fort_Exploration1.Fort_Exploration1_C' with ClassGeneratedBy '/Game/Maps-Levels/Fort/Exploration/Fort_Exploration1.Fort_Exploration1:PersistentLevel.Fort_Exploration1'
[2017.03.08-05.51.26:965][384]LogBlueprintUserMessages: Late EndPlayMap Detection: Level '/Game/Maps-Levels/Fort/Exploration/Fort_Exploration1.Fort_Exploration1:PersistentLevel' has LevelScriptBlueprint '/Game/Maps-Levels/Fort/Exploration/Fort_Exploration1.Fort_Exploration1:PersistentLevel.Fort_Exploration1' with GeneratedClass '/Game/Maps-Levels/Fort/Exploration/Fort_Exploration1.Fort_Exploration1_C' with ClassGeneratedBy '/Game/Maps-Levels/Fort/Exploration/Fort_Exploration1.Fort_Exploration1:PersistentLevel.Fort_Exploration1'
[2017.03.08-05.51.29:476][584]LogSavePackage: Save=276.92ms
[2017.03.08-05.51.29:476][584]LogSavePackage: Moving '../../../../../Unreal Projects/ChimeraGames/Abyss/Saved/Fort_Exploration15943652544DED523E78AAD89E1EE60C5.tmp' to '../../../../../Unreal Projects/ChimeraGames/Abyss/Content/Maps-Levels/Fort/Exploration/Fort_Exploration1.umap'
[2017.03.08-05.51.29:478][584]LogSavePackage:Display: Finished SavePackage ../../../../../Unreal Projects/ChimeraGames/Abyss/Content/Maps-Levels/Fort/Exploration/Fort_Exploration1.umap
[2017.03.08-05.53.21:700][209]LogEditorViewport: Clicking Background
[2017.03.08-05.53.38:066][949]LogAIModule: Creating AISystem for world startMenu
[2017.03.08-05.53.38:240][949]Cmd: MAP LOAD FILE="../../../../../Unreal Projects/ChimeraGames/Abyss/Content/Maps-Levels/startMenu.umap" TEMPLATE=0 SHOWPROGRESS=1 FEATURELEVEL=3
[2017.03.08-05.53.38:240][949]LightingResults: New page: Lighting Build
[2017.03.08-05.53.38:241][949]LoadErrors: New page: Loading map: startMenu.umap
[2017.03.08-05.53.38:242][949]MapCheck: New page: Map Check
[2017.03.08-05.53.38:242][949]LightingResults: New page: Lighting Build
[2017.03.08-05.53.38:522][949]LogEditorServer: Finished looking for orphan Actors (0.000 secs)
[2017.03.08-05.53.38:593][949]Cmd: MAP CHECKDEP NOCLEARLOG
[2017.03.08-05.53.38:676][949]MapCheck: Info Map check complete: 0 Error(s), 0 Warning(s), took 82.563ms to complete.
[2017.03.08-05.53.38:676][949]LogFileHelpers: Loading map 'startMenu' took 0.437
[2017.03.08-05.54.36:944][403]BlueprintLog: New page: Compile mainMenu
[2017.03.08-05.54.37:840][454]Cmd: OBJ SAVEPACKAGE PACKAGE="/Game/UMG/mainMenu" FILE="../../../../../Unreal Projects/ChimeraGames/Abyss/Content/UMG/mainMenu.uasset" SILENT=true
[2017.03.08-05.54.37:897][454]LogSavePackage: Save=27.17ms
[2017.03.08-05.54.37:898][454]LogSavePackage: Moving '../../../../../Unreal Projects/ChimeraGames/Abyss/Saved/mainMenu4796E84549DDE22D2C1490AD630E1161.tmp' to '../../../../../Unreal Projects/ChimeraGames/Abyss/Content/UMG/mainMenu.uasset'
[2017.03.08-05.54.37:900][454]LogSavePackage:Display: Finished SavePackage ../../../../../Unreal Projects/ChimeraGames/Abyss/Content/UMG/mainMenu.uasset
[2017.03.08-05.56.24:285][673]LogTexture:Display: Building textures: Splash (BGRA8)
[2017.03.08-05.56.24:724][673]LogContentBrowser: Native class hierarchy updated for 'TextureEditor' in 0.0007 seconds. Added 1 classes and 2 folders.
[2017.03.08-05.56.36:755][752]LogSlate: Only BGRA pngs, bmps or icos are supported in by External Image Picker
[2017.03.08-05.56.36:862][754]LogTemp:Display: Executing iPhonePackager certificates Engine -bundlename com.YourCompany.Abyss

[2017.03.08-05.56.36:862][754]LogTemp:Display: CWD: E:\Game Data\Epic Games\4.14\Engine\Binaries\DotNet\IOS

[2017.03.08-05.56.36:862][754]LogTemp:Display: Initial Dir: E:\Game Data\Epic Games\4.14

[2017.03.08-05.56.36:862][754]LogTemp:Display: Env CWD: E:\Game Data\Epic Games\4.14\Engine\Binaries\DotNet\IOS

[2017.03.08-05.56.36:868][755]LogTemp:Display: BranchPath = RAGNAR?K/E/Game Data/Epic Games/4.14/Engine/Binaries --- GameBranchPath = RAGNAR?K/E/Game Data/Epic Games/4.14/Engine/Binaries

[2017.03.08-05.56.36:915][761]LogTemp:Display: IPP ERROR: Application exception: System.IO.DirectoryNotFoundException: Could not find a part of the path 'C:\Users\Chris\AppData\Local\Apple Computer\MobileDevice\Provisioning Profiles'.

[2017.03.08-05.56.36:915][761]LogTemp:Display:    at System.IO.__Error.WinIOError(Int32 errorCode, String maybeFullPath)

[2017.03.08-05.56.36:915][761]LogTemp:Display:    at System.IO.FileSystemEnumerableIterator`1.CommonInit()

[2017.03.08-05.56.36:915][761]LogTemp:Display:    at System.IO.Directory.EnumerateFiles(String path, String searchPattern)

[2017.03.08-05.56.36:915][761]LogTemp:Display:    at iPhonePackager.CodeSignatureBuilder.FindProvisions(String CFBundleIdentifier)

[2017.03.08-05.56.36:915][761]LogTemp:Display:    at iPhonePackager.Program.Main(String[] args)

[2017.03.08-05.57.34:370][405]BlueprintLog: New page: Compile mainMenu
[2017.03.08-05.57.35:200][446]Cmd: OBJ SAVEPACKAGE PACKAGE="/Game/UMG/mainMenu" FILE="../../../../../Unreal Projects/ChimeraGames/Abyss/Content/UMG/mainMenu.uasset" SILENT=true
[2017.03.08-05.57.35:251][446]LogSavePackage: Save=22.64ms
[2017.03.08-05.57.35:251][446]LogSavePackage: Moving '../../../../../Unreal Projects/ChimeraGames/Abyss/Saved/mainMenu704418304A793D608E7B598BCC42F974.tmp' to '../../../../../Unreal Projects/ChimeraGames/Abyss/Content/UMG/mainMenu.uasset'
[2017.03.08-05.57.35:253][446]LogSavePackage:Display: Finished SavePackage ../../../../../Unreal Projects/ChimeraGames/Abyss/Content/UMG/mainMenu.uasset
[2017.03.08-05.57.36:084][545]LogTemp: Repeting last play command: Standalone Game
[2017.03.08-05.57.36:795][545]LogSavePackage: Save=256.38ms
[2017.03.08-05.57.36:795][545]LogSavePackage: Moving '../../../../../Unreal Projects/ChimeraGames/Abyss/Saved/UEDPCstartMenu2B17B6F5474BCB3152A7B39235DAF7C8.tmp' to '../../../../../Unreal Projects/ChimeraGames/Abyss/Saved/Autosaves/Game/Maps-Levels/UEDPCstartMenu.umap'
[2017.03.08-05.57.36:796][545]LogSavePackage:Display: Finished SavePackage ../../../../../Unreal Projects/ChimeraGames/Abyss/Saved/Autosaves/Game/Maps-Levels/UEDPCstartMenu.umap
[2017.03.08-05.57.36:799][545]LogEditorTransaction: Undo Spawn Play From Here Start
[2017.03.08-05.58.05:080][424]Cmd: QUIT_EDITOR
[2017.03.08-05.58.05:212][424]LogExit: Preparing to exit.
[2017.03.08-05.58.05:213][424]Javascript: undefined
[2017.03.08-05.58.05:331][424]Javascript: undefined
[2017.03.08-05.58.05:390][424]LogDirectoryWatcher: A directory notification for 'E:/Game Data/Unreal Projects/ChimeraGames/Abyss/Content/Scripts/' was aborted.
[2017.03.08-05.58.05:391][424]LogDirectoryWatcher: A directory notification for 'E:/Game Data/Epic Games/4.14/Engine/Plugins/Marketplace/UnrealJS/Content/Scripts/' was aborted.
[2017.03.08-05.58.05:459][424]LogDirectoryWatcher: A directory notification for 'E:/Game Data/Unreal Projects/ChimeraGames/Abyss/Content/' was aborted.
[2017.03.08-05.58.05:511][424]LogExit: Editor shut down
[2017.03.08-05.58.05:512][424]LogExit: Transaction tracking system shut down
[2017.03.08-05.58.05:667][424]LogObj: Freed 0b from 0 cluster array pools.
[2017.03.08-05.58.05:667][424]LogExit: Object subsystem successfully closed.
[2017.03.08-05.58.05:687][424]LogD3D11RHI: Shutdown
[2017.03.08-05.58.05:687][424]LogD3D11RHI: CleanupD3DDevice
[2017.03.08-05.58.05:732][424]LogD3D11RHI: ~FD3D11DynamicRHI
[2017.03.08-05.58.05:742][424]LogHttp:Display: Http module shutting down, but needs to wait on 1 outstanding Http requests:
[2017.03.08-05.58.05:742][424]LogHttp:Display: 	verb=[POST] url=[https://datarouter.ol.epicgames.com/datarouter/api/v1/public/data?SessionID=%7B6CCB93E9-4E00-6D8D-6F89-34AA20754E58%7D&AppID=UEEditor.Rocket.Release&AppVersion=4.14.3-3249277%2B%2B%2BUE4%2BRelease-4.14&UserID=4070b30346c7a897c73b4dbcddaeaf4a%7C88b626781a9a49149d3e619b2484b0d7%7C34e08d0d-5267-46c8-88cc-f8a592ec94cc&AppEnvironment=datacollector-binary&UploadType=eteventstream] status=Processing
[2017.03.08-05.58.05:756][424]LogModuleManager: Shutting down and abandoning module ExternalImagePicker (241)
[2017.03.08-05.58.05:756][424]LogModuleManager: Shutting down and abandoning module TextureEditor (240)
[2017.03.08-05.58.05:756][424]LogModuleManager: Shutting down and abandoning module SequencerWidgets (239)
[2017.03.08-05.58.05:756][424]LogModuleManager: Shutting down and abandoning module BlueprintGraph (238)
[2017.03.08-05.58.05:756][424]LogModuleManager: Shutting down and abandoning module BlueprintProfiler (237)
[2017.03.08-05.58.05:756][424]LogModuleManager: Shutting down and abandoning module MovieSceneCapture (236)
[2017.03.08-05.58.05:756][424]LogModuleManager: Shutting down and abandoning module HierarchicalLODOutliner (235)
[2017.03.08-05.58.05:756][424]LogModuleManager: Shutting down and abandoning module CrashTracker (234)
[2017.03.08-05.58.05:756][424]LogModuleManager: Shutting down and abandoning module SceneOutliner (233)
[2017.03.08-05.58.05:756][424]LogModuleManager: Shutting down and abandoning module WidgetCarousel (232)
[2017.03.08-05.58.05:756][424]LogModuleManager: Shutting down and abandoning module AddContentDialog (231)
[2017.03.08-05.58.05:756][424]LogDirectoryWatcher: A directory notification for 'E:/Game Data/Epic Games/4.14/FeaturePacks/' was aborted.
[2017.03.08-05.58.05:758][424]LogModuleManager: Shutting down and abandoning module GameplayTags (230)
[2017.03.08-05.58.05:758][424]LogModuleManager: Shutting down and abandoning module EditorWidgets (229)
[2017.03.08-05.58.05:758][424]LogModuleManager: Shutting down and abandoning module CollectionManager (228)
[2017.03.08-05.58.05:758][424]LogDirectoryWatcher: A directory notification for 'E:/Game Data/Unreal Projects/ChimeraGames/Abyss/Content/Collections/' was aborted.
[2017.03.08-05.58.05:758][424]LogDirectoryWatcher: A directory notification for 'E:/Game Data/Unreal Projects/ChimeraGames/Abyss/Content/Developers/Chris/Collections/' was aborted.
[2017.03.08-05.58.05:758][424]LogDirectoryWatcher: A directory notification for 'E:/Game Data/Unreal Projects/ChimeraGames/Abyss/Saved/Collections/' was aborted.
[2017.03.08-05.58.05:758][424]LogModuleManager: Shutting down and abandoning module StatsViewer (227)
[2017.03.08-05.58.05:758][424]LogModuleManager: Shutting down and abandoning module FoliageEdit (226)
[2017.03.08-05.58.05:758][424]LogModuleManager: Shutting down and abandoning module LandscapeEditor (225)
[2017.03.08-05.58.05:812][424]LogModuleManager: Shutting down and abandoning module SceneDepthPickerMode (224)
[2017.03.08-05.58.05:812][424]LogModuleManager: Shutting down and abandoning module ActorPickerMode (223)
[2017.03.08-05.58.05:812][424]LogModuleManager: Shutting down and abandoning module GeometryMode (222)
[2017.03.08-05.58.05:812][424]LogModuleManager: Shutting down and abandoning module TextureAlignMode (221)
[2017.03.08-05.58.05:813][424]LogModuleManager: Shutting down and abandoning module BspMode (220)
[2017.03.08-05.58.05:813][424]LogModuleManager: Shutting down and abandoning module HardwareSurvey (219)
[2017.03.08-05.58.05:813][424]LogModuleManager: Shutting down and abandoning module SequenceRecorderSections (218)
[2017.03.08-05.58.05:813][424]LogModuleManager: Shutting down and abandoning module AutomationWorker (217)
[2017.03.08-05.58.05:813][424]LogModuleManager: Shutting down and abandoning module MatineeToLevelSequence (216)
[2017.03.08-05.58.05:813][424]LogModuleManager: Shutting down and abandoning module PlacementMode (215)
[2017.03.08-05.58.05:813][424]LogModuleManager: Shutting down and abandoning module LevelSequenceEditor (214)
[2017.03.08-05.58.05:813][424]LogModuleManager: Shutting down and abandoning module Media (213)
[2017.03.08-05.58.05:813][424]LogModuleManager: Shutting down and abandoning module WmfMediaFactory (212)
[2017.03.08-05.58.05:813][424]LogModuleManager: Shutting down and abandoning module WmfMediaEditor (211)
[2017.03.08-05.58.05:813][424]LogModuleManager: Shutting down and abandoning module CharacterAI (210)
[2017.03.08-05.58.05:813][424]LogModuleManager: Shutting down and abandoning module SequenceRecorder (209)
[2017.03.08-05.58.05:813][424]LogModuleManager: Shutting down and abandoning module AudioCapture (208)
[2017.03.08-05.58.05:813][424]LogModuleManager: Shutting down and abandoning module SmartSnapping (207)
[2017.03.08-05.58.05:813][424]LogModuleManager: Shutting down and abandoning module SessionServices (206)
[2017.03.08-05.58.05:813][424]LogModuleManager: Shutting down and abandoning module ViewportSnapping (205)
[2017.03.08-05.58.05:813][424]LogModuleManager: Shutting down and abandoning module ViewportInteraction (204)
[2017.03.08-05.58.05:813][424]LogModuleManager: Shutting down and abandoning module LogVisualizer (203)
[2017.03.08-05.58.05:813][424]LogModuleManager: Shutting down and abandoning module GameProjectGeneration (202)
[2017.03.08-05.58.05:813][424]LogModuleManager: Shutting down and abandoning module IntroTutorials (201)
[2017.03.08-05.58.05:813][424]LogModuleManager: Shutting down and abandoning module EditorLiveStreaming (200)
[2017.03.08-05.58.05:813][424]LogModuleManager: Shutting down and abandoning module IOSPlatformEditor (199)
[2017.03.08-05.58.05:813][424]LogModuleManager: Shutting down and abandoning module HTML5PlatformEditor (198)
[2017.03.08-05.58.05:814][424]LogModuleManager: Shutting down and abandoning module AndroidDeviceDetection (196)
[2017.03.08-05.58.06:126][424]LogModuleManager: Shutting down and abandoning module AndroidPlatformEditor (195)
[2017.03.08-05.58.06:126][424]LogModuleManager: Shutting down and abandoning module IOSRuntimeSettings (194)
[2017.03.08-05.58.06:126][424]LogModuleManager: Shutting down and abandoning module AndroidRuntimeSettings (193)
[2017.03.08-05.58.06:126][424]LogModuleManager: Shutting down and abandoning module InputBindingEditor (192)
[2017.03.08-05.58.06:126][424]LogModuleManager: Shutting down and abandoning module NiagaraEditor (191)
[2017.03.08-05.58.06:126][424]LogModuleManager: Shutting down and abandoning module MergeActors (190)
[2017.03.08-05.58.06:126][424]LogModuleManager: Shutting down and abandoning module SizeMap (189)
[2017.03.08-05.58.06:126][424]LogModuleManager: Shutting down and abandoning module TreeMap (188)
[2017.03.08-05.58.06:126][424]LogModuleManager: Shutting down and abandoning module ReferenceViewer (187)
[2017.03.08-05.58.06:126][424]LogModuleManager: Shutting down and abandoning module LocalizationService (186)
[2017.03.08-05.58.06:126][424]LogModuleManager: Shutting down and abandoning module LocalizationDashboard (185)
[2017.03.08-05.58.06:126][424]LogModuleManager: Shutting down and abandoning module HardwareTargeting (184)
[2017.03.08-05.58.06:126][424]LogModuleManager: Shutting down and abandoning module DeviceProfileEditor (183)
[2017.03.08-05.58.06:127][424]LogModuleManager: Shutting down and abandoning module UndoHistory (182)
[2017.03.08-05.58.06:127][424]LogModuleManager: Shutting down and abandoning module UserFeedback (181)
[2017.03.08-05.58.06:127][424]LogModuleManager: Shutting down and abandoning module XmlParser (180)
[2017.03.08-05.58.06:127][424]LogModuleManager: Shutting down and abandoning module Blutility (179)
[2017.03.08-05.58.06:127][424]LogModuleManager: Shutting down and abandoning module ProjectTargetPlatformEditor (178)
[2017.03.08-05.58.06:127][424]LogModuleManager: Shutting down and abandoning module ProjectSettingsViewer (177)
[2017.03.08-05.58.06:127][424]LogModuleManager: Shutting down and abandoning module EditorSettingsViewer (176)
[2017.03.08-05.58.06:127][424]LogModuleManager: Shutting down and abandoning module SettingsEditor (175)
[2017.03.08-05.58.06:127][424]LogModuleManager: Shutting down and abandoning module ProjectLauncher (174)
[2017.03.08-05.58.06:127][424]LogModuleManager: Shutting down and abandoning module SessionFrontend (173)
[2017.03.08-05.58.06:127][424]LogModuleManager: Shutting down and abandoning module ProfilerClient (172)
[2017.03.08-05.58.06:127][424]LogModuleManager: Shutting down and abandoning module TargetDeviceServices (171)
[2017.03.08-05.58.06:127][424]LogModuleManager: Shutting down and abandoning module DeviceManager (170)
[2017.03.08-05.58.06:177][424]LogModuleManager: Shutting down and abandoning module AutomationController (169)
[2017.03.08-05.58.06:177][424]LogModuleManager: Shutting down and abandoning module AutomationWindow (168)
[2017.03.08-05.58.06:177][424]LogModuleManager: Shutting down and abandoning module Layers (167)
[2017.03.08-05.58.06:177][424]LogModuleManager: Shutting down and abandoning module ComponentVisualizers (166)
[2017.03.08-05.58.06:177][424]LogModuleManager: Shutting down and abandoning module DetailCustomizations (165)
[2017.03.08-05.58.06:177][424]LogModuleManager: Shutting down and abandoning module PackagesDialog (164)
[2017.03.08-05.58.06:177][424]LogModuleManager: Shutting down and abandoning module AnimGraph (163)
[2017.03.08-05.58.06:177][424]LogModuleManager: Shutting down and abandoning module Persona (162)
[2017.03.08-05.58.06:177][424]LogModuleManager: Shutting down and abandoning module Kismet (161)
[2017.03.08-05.58.06:190][424]LogModuleManager: Shutting down and abandoning module GraphEditor (160)
[2017.03.08-05.58.06:190][424]LogModuleManager: Shutting down and abandoning module ClassViewer (159)
[2017.03.08-05.58.06:190][424]LogModuleManager: Shutting down and abandoning module Toolbox (158)
[2017.03.08-05.58.06:190][424]LogModuleManager: Shutting down and abandoning module ModuleUI (157)
[2017.03.08-05.58.06:190][424]LogModuleManager: Shutting down and abandoning module MovieSceneTools (156)
[2017.03.08-05.58.06:190][424]LogModuleManager: Shutting down and abandoning module OutputLog (155)
[2017.03.08-05.58.06:190][424]LogModuleManager: Shutting down and abandoning module GammaUI (154)
[2017.03.08-05.58.06:190][424]LogModuleManager: Shutting down and abandoning module Documentation (153)
[2017.03.08-05.58.06:190][424]LogModuleManager: Shutting down and abandoning module Niagara (152)
[2017.03.08-05.58.06:190][424]LogModuleManager: Shutting down and abandoning module StreamingPauseRendering (151)
[2017.03.08-05.58.06:190][424]LogModuleManager: Shutting down and abandoning module AnalyticsET (150)
[2017.03.08-05.58.06:190][424]LogModuleManager: Shutting down and abandoning module PortalServices (149)
[2017.03.08-05.58.06:190][424]LogModuleManager: Shutting down and abandoning module PortalRpc (148)
[2017.03.08-05.58.06:190][424]LogModuleManager: Shutting down and abandoning module MessagingRpc (147)
[2017.03.08-05.58.06:190][424]LogModuleManager: Shutting down and abandoning module GameplayDebugger (146)
[2017.03.08-05.58.06:191][424]LogModuleManager: Shutting down and abandoning module AITestSuite (145)
[2017.03.08-05.58.06:191][424]LogModuleManager: Shutting down and abandoning module AIModule (144)
[2017.03.08-05.58.06:191][424]LogModuleManager: Shutting down and abandoning module ProfilerService (143)
[2017.03.08-05.58.06:249][424]LogModuleManager: Shutting down and abandoning module TaskGraph (142)
[2017.03.08-05.58.06:249][424]LogModuleManager: Shutting down and abandoning module SlateRemote (141)
[2017.03.08-05.58.06:249][424]LogModuleManager: Shutting down and abandoning module ProceduralMeshComponentEditor (140)
[2017.03.08-05.58.06:249][424]LogModuleManager: Shutting down and abandoning module ProceduralMeshComponent (139)
[2017.03.08-05.58.06:249][424]LogModuleManager: Shutting down and abandoning module CustomMeshComponent (138)
[2017.03.08-05.58.06:249][424]LogModuleManager: Shutting down and abandoning module CableComponent (137)
[2017.03.08-05.58.06:249][424]LogModuleManager: Shutting down and abandoning module ArchVisCharacter (136)
[2017.03.08-05.58.06:249][424]LogModuleManager: Shutting down and abandoning module MediaPlayerEditor (134)
[2017.03.08-05.58.06:249][424]LogModuleManager: Shutting down and abandoning module JavascriptConsole (133)
[2017.03.08-05.58.06:249][424]LogModuleManager: Shutting down and abandoning module JavascriptEditor (132)
[2017.03.08-05.58.06:249][424]LogModuleManager: Shutting down and abandoning module HGGifImporter (131)
[2017.03.08-05.58.06:249][424]LogModuleManager: Shutting down and abandoning module HTML5Networking (130)
[2017.03.08-05.58.06:249][424]LogModuleManager: Shutting down and abandoning module GeometryCacheEd (129)
[2017.03.08-05.58.06:249][424]LogModuleManager: Shutting down and abandoning module GeometryCache (128)
[2017.03.08-05.58.06:249][424]LogModuleManager: Shutting down and abandoning module AlembicLibrary (127)
[2017.03.08-05.58.06:249][424]LogModuleManager: Shutting down and abandoning module AlembicImporter (126)
[2017.03.08-05.58.06:249][424]LogModuleManager: Shutting down and abandoning module SuperSearch (125)
[2017.03.08-05.58.06:249][424]LogModuleManager: Shutting down and abandoning module SuperSearchEditor (124)
[2017.03.08-05.58.06:249][424]LogModuleManager: Shutting down and abandoning module SpeedTreeImporter (123)
[2017.03.08-05.58.06:250][424]LogModuleManager: Shutting down and abandoning module PluginBrowser (122)
[2017.03.08-05.58.06:250][424]LogModuleManager: Shutting down and abandoning module DesktopPlatform (121)
[2017.03.08-05.58.06:250][424]LogModuleManager: Shutting down and abandoning module VisualStudioSourceCodeAccess (120)
[2017.03.08-05.58.06:250][424]LogModuleManager: Shutting down and abandoning module UObjectPlugin (119)
[2017.03.08-05.58.06:250][424]LogModuleManager: Shutting down and abandoning module SubversionSourceControl (118)
[2017.03.08-05.58.06:250][424]LogModuleManager: Shutting down and abandoning module PerforceSourceControl (117)
[2017.03.08-05.58.06:250][424]LogModuleManager: Shutting down and abandoning module SourceControl (116)
[2017.03.08-05.58.06:250][424]LogModuleManager: Shutting down and abandoning module GitSourceControl (115)
[2017.03.08-05.58.06:250][424]LogModuleManager: Shutting down and abandoning module LightPropagationVolumeEditor (114)
[2017.03.08-05.58.06:250][424]LogModuleManager: Shutting down and abandoning module PaperTiledImporter (113)
[2017.03.08-05.58.06:250][424]LogModuleManager: Shutting down and abandoning module PaperSpriteSheetImporter (112)
[2017.03.08-05.58.06:250][424]LogModuleManager: Shutting down and abandoning module MeshPaint (111)
[2017.03.08-05.58.06:250][424]LogModuleManager: Shutting down and abandoning module PixelInspectorModule (110)
[2017.03.08-05.58.06:250][424]LogModuleManager: Shutting down and abandoning module HotReload (109)
[2017.03.08-05.58.06:251][424]LogModuleManager: Shutting down and abandoning module MainFrame (108)
[2017.03.08-05.58.06:251][424]LogModuleManager: Shutting down and abandoning module LevelEditor (107)
[2017.03.08-05.58.06:252][424]LogModuleManager: Shutting down and abandoning module ContentBrowser (106)
[2017.03.08-05.58.06:253][424]LogModuleManager: Shutting down and abandoning module Paper2DEditor (105)
[2017.03.08-05.58.06:253][424]LogModuleManager: Shutting down and abandoning module JavascriptWebSocket (104)
[2017.03.08-05.58.06:253][424]LogModuleManager: Shutting down and abandoning module JavascriptHttp (103)
[2017.03.08-05.58.06:253][424]LogModuleManager: Shutting down and abandoning module JavascriptUMG (102)
[2017.03.08-05.58.06:253][424]LogModuleManager: Shutting down and abandoning module V8 (101)
[2017.03.08-05.58.06:255][424]LogModuleManager: Shutting down and abandoning module LightPropagationVolumeRuntime (100)
[2017.03.08-05.58.06:255][424]LogModuleManager: Shutting down and abandoning module Paper2D (99)
[2017.03.08-05.58.06:255][424]LogModuleManager: Shutting down and abandoning module WindowsMoviePlayer (98)
[2017.03.08-05.58.06:255][424]LogModuleManager: Shutting down and abandoning module WmfMedia (97)
[2017.03.08-05.58.06:256][424]LogModuleManager: Shutting down and abandoning module MediaAssets (96)
[2017.03.08-05.58.06:256][424]LogModuleManager: Shutting down and abandoning module GameLiveStreaming (95)
[2017.03.08-05.58.06:256][424]LogModuleManager: Shutting down and abandoning module GameplayTagsEditor (94)
[2017.03.08-05.58.06:256][424]LogModuleManager: Shutting down and abandoning module VREditor (93)
[2017.03.08-05.58.06:256][424]LogModuleManager: Shutting down and abandoning module GameplayTasksEditor (92)
[2017.03.08-05.58.06:256][424]LogModuleManager: Shutting down and abandoning module BehaviorTreeEditor (91)
[2017.03.08-05.58.06:256][424]LogModuleManager: Shutting down and abandoning module FunctionalTesting (90)
[2017.03.08-05.58.06:256][424]LogModuleManager: Shutting down and abandoning module CollisionAnalyzer (89)
[2017.03.08-05.58.06:256][424]LogModuleManager: Shutting down and abandoning module Sequencer (88)
[2017.03.08-05.58.06:256][424]LogModuleManager: Shutting down and abandoning module WorkspaceMenuStructure (87)
[2017.03.08-05.58.06:256][424]LogModuleManager: Shutting down and abandoning module MessageLog (86)
[2017.03.08-05.58.06:256][424]LogModuleManager: Shutting down and abandoning module AssetTools (85)
[2017.03.08-05.58.06:256][424]LogModuleManager: Shutting down and abandoning module UMGEditor (84)
[2017.03.08-05.58.06:256][424]LogModuleManager: Shutting down and abandoning module UMG (83)
[2017.03.08-05.58.06:256][424]LogModuleManager: Shutting down and abandoning module SlateReflector (82)
[2017.03.08-05.58.06:256][424]LogModuleManager: Shutting down and abandoning module Slate (81)
[2017.03.08-05.58.06:256][424]LogModuleManager: Shutting down and abandoning module EditorStyle (80)
[2017.03.08-05.58.06:259][424]LogModuleManager: Shutting down and abandoning module SourceCodeAccess (79)
[2017.03.08-05.58.06:259][424]LogModuleManager: Shutting down and abandoning module HeadMountedDisplay (78)
[2017.03.08-05.58.06:259][424]LogModuleManager: Shutting down and abandoning module XAudio2 (77)
[2017.03.08-05.58.06:259][424]LogModuleManager: Shutting down and abandoning module Networking (75)
[2017.03.08-05.58.06:259][424]LogModuleManager: Shutting down and abandoning module Core (74)
[2017.03.08-05.58.06:259][424]LogModuleManager: Shutting down and abandoning module DirectoryWatcher (73)
[2017.03.08-05.58.06:259][424]LogDirectoryWatcher: A directory notification for '../../../Engine/Content/' was aborted.
[2017.03.08-05.58.06:259][424]LogDirectoryWatcher: A directory notification for '../../../../../Unreal Projects/ChimeraGames/Abyss/Content/' was aborted.
[2017.03.08-05.58.06:259][424]LogDirectoryWatcher: A directory notification for '../../../Engine/Plugins/2D/Paper2D/Content/' was aborted.
[2017.03.08-05.58.06:259][424]LogDirectoryWatcher: A directory notification for '../../../Engine/Plugins/Marketplace/UnrealJS/Content/' was aborted.
[2017.03.08-05.58.06:260][424]LogModuleManager: Shutting down and abandoning module AssetRegistry (72)
[2017.03.08-05.58.06:387][424]LogModuleManager: Shutting down and abandoning module KismetCompiler (71)
[2017.03.08-05.58.06:387][424]LogModuleManager: Shutting down and abandoning module PhysXFormats (70)
[2017.03.08-05.58.06:387][424]LogModuleManager: Shutting down and abandoning module SimplygonSwarm (69)
[2017.03.08-05.58.06:387][424]LogModuleManager: Shutting down and abandoning module SimplygonMeshReduction (68)
[2017.03.08-05.58.06:387][424]LogModuleManager: Shutting down and abandoning module QuadricMeshReduction (67)
[2017.03.08-05.58.06:387][424]LogModuleManager: Shutting down and abandoning module PropertyEditor (66)
[2017.03.08-05.58.06:387][424]LogModuleManager: Shutting down and abandoning module MeshUtilities (65)
[2017.03.08-05.58.06:387][424]LogModuleManager: Shutting down and abandoning module DerivedDataCache (64)
[2017.03.08-05.58.06:434][424]LogDerivedDataCache: Shutdown
[2017.03.08-05.58.06:434][424]LogModuleManager: Shutting down and abandoning module VulkanShaderFormat (63)
[2017.03.08-05.58.06:434][424]LogModuleManager: Shutting down and abandoning module ShaderFormatOpenGL (62)
[2017.03.08-05.58.06:434][424]LogModuleManager: Shutting down and abandoning module ShaderFormatD3D (61)
[2017.03.08-05.58.06:434][424]LogModuleManager: Shutting down and abandoning module MetalShaderFormat (60)
[2017.03.08-05.58.06:434][424]LogModuleManager: Shutting down and abandoning module TextureFormatUncompressed (59)
[2017.03.08-05.58.06:434][424]LogModuleManager: Shutting down and abandoning module TextureFormatPVR (58)
[2017.03.08-05.58.06:434][424]LogModuleManager: Shutting down and abandoning module TextureFormatDXT (57)
[2017.03.08-05.58.06:434][424]LogModuleManager: Shutting down and abandoning module TextureFormatIntelISPCTexComp (56)
[2017.03.08-05.58.06:434][424]LogModuleManager: Shutting down and abandoning module ImageWrapper (55)
[2017.03.08-05.58.06:434][424]LogModuleManager: Shutting down and abandoning module TextureFormatASTC (54)
[2017.03.08-05.58.06:434][424]LogModuleManager: Shutting down and abandoning module TextureFormatAndroid (53)
[2017.03.08-05.58.06:435][424]LogModuleManager: Shutting down and abandoning module AudioFormatOpus (52)
[2017.03.08-05.58.06:435][424]LogModuleManager: Shutting down and abandoning module AudioFormatOgg (51)
[2017.03.08-05.58.06:435][424]LogModuleManager: Shutting down and abandoning module AudioFormatADPCM (50)
[2017.03.08-05.58.06:435][424]LogModuleManager: Shutting down and abandoning module LinuxTargetPlatform (49)
[2017.03.08-05.58.06:435][424]LogModuleManager: Shutting down and abandoning module LinuxServerTargetPlatform (48)
[2017.03.08-05.58.06:435][424]LogModuleManager: Shutting down and abandoning module LinuxNoEditorTargetPlatform (47)
[2017.03.08-05.58.06:435][424]LogModuleManager: Shutting down and abandoning module LinuxClientTargetPlatform (46)
[2017.03.08-05.58.06:435][424]LogModuleManager: Shutting down and abandoning module TVOSTargetPlatform (45)
[2017.03.08-05.58.06:435][424]LogModuleManager: Shutting down and abandoning module Messaging (44)
[2017.03.08-05.58.06:435][424]LogModuleManager: Shutting down and abandoning module IOSTargetPlatform (43)
[2017.03.08-05.58.06:435][424]LogModuleManager: Shutting down and abandoning module HTML5TargetPlatform (42)
[2017.03.08-05.58.06:435][424]LogModuleManager: Shutting down and abandoning module Android_PVRTCTargetPlatform (41)
[2017.03.08-05.58.06:435][424]LogModuleManager: Shutting down and abandoning module Android_MultiTargetPlatform (40)
[2017.03.08-05.58.06:435][424]LogModuleManager: Shutting down and abandoning module Android_ETC2TargetPlatform (39)
[2017.03.08-05.58.06:435][424]LogModuleManager: Shutting down and abandoning module Android_ETC1TargetPlatform (38)
[2017.03.08-05.58.06:435][424]LogModuleManager: Shutting down and abandoning module Android_DXTTargetPlatform (37)
[2017.03.08-05.58.06:435][424]LogModuleManager: Shutting down and abandoning module Android_ATCTargetPlatform (36)
[2017.03.08-05.58.06:435][424]LogModuleManager: Shutting down and abandoning module Android_ASTCTargetPlatform (35)
[2017.03.08-05.58.06:435][424]LogModuleManager: Shutting down and abandoning module AndroidTargetPlatform (34)
[2017.03.08-05.58.06:435][424]LogModuleManager: Shutting down and abandoning module WindowsTargetPlatform (33)
[2017.03.08-05.58.06:435][424]LogModuleManager: Shutting down and abandoning module WindowsServerTargetPlatform (32)
[2017.03.08-05.58.06:435][424]LogModuleManager: Shutting down and abandoning module WindowsNoEditorTargetPlatform (31)
[2017.03.08-05.58.06:435][424]LogModuleManager: Shutting down and abandoning module WindowsClientTargetPlatform (30)
[2017.03.08-05.58.06:435][424]LogModuleManager: Shutting down and abandoning module MacTargetPlatform (29)
[2017.03.08-05.58.06:435][424]LogModuleManager: Shutting down and abandoning module MacServerTargetPlatform (28)
[2017.03.08-05.58.06:435][424]LogModuleManager: Shutting down and abandoning module MacNoEditorTargetPlatform (27)
[2017.03.08-05.58.06:435][424]LogModuleManager: Shutting down and abandoning module MacClientTargetPlatform (26)
[2017.03.08-05.58.06:435][424]LogModuleManager: Shutting down and abandoning module AllDesktopTargetPlatform (25)
[2017.03.08-05.58.06:435][424]LogModuleManager: Shutting down and abandoning module TargetPlatform (24)
[2017.03.08-05.58.06:435][424]LogModuleManager: Shutting down and abandoning module InputCore (23)
[2017.03.08-05.58.06:435][424]LogModuleManager: Shutting down and abandoning module Settings (22)
[2017.03.08-05.58.06:435][424]LogModuleManager: Shutting down and abandoning module ExampleDeviceProfileSelector (21)
[2017.03.08-05.58.06:435][424]LogModuleManager: Shutting down and abandoning module OnlineBlueprintSupport (20)
[2017.03.08-05.58.06:435][424]LogModuleManager: Shutting down and abandoning module OnlineSubsystem (18)
[2017.03.08-05.58.06:435][424]LogOnline:Display: Unloading online subsystem: NULL
[2017.03.08-05.58.06:435][424]LogModuleManager: Shutting down and abandoning module SSL (17)
[2017.03.08-05.58.06:437][424]LogModuleManager: Shutting down and abandoning module HTTP (16)
[2017.03.08-05.58.06:437][424]LogModuleManager: Shutting down and abandoning module XMPP (15)
[2017.03.08-05.58.06:437][424]LogModuleManager: Shutting down and abandoning module TextureCompressor (14)
[2017.03.08-05.58.06:437][424]LogModuleManager: Shutting down and abandoning module ShaderCore (13)
[2017.03.08-05.58.06:437][424]LogModuleManager: Shutting down and abandoning module Landscape (12)
[2017.03.08-05.58.06:437][424]LogModuleManager: Shutting down and abandoning module SlateRHIRenderer (11)
[2017.03.08-05.58.06:443][424]LogModuleManager: Shutting down and abandoning module OpenGLDrv (10)
[2017.03.08-05.58.06:443][424]LogModuleManager: Shutting down and abandoning module D3D11RHI (9)
[2017.03.08-05.58.06:443][424]LogModuleManager: Shutting down and abandoning module AnimGraphRuntime (8)
[2017.03.08-05.58.06:443][424]LogModuleManager: Shutting down and abandoning module Renderer (7)
[2017.03.08-05.58.06:443][424]LogModuleManager: Shutting down and abandoning module Engine (6)
[2017.03.08-05.58.06:443][424]LogModuleManager: Shutting down and abandoning module CoreUObject (5)
[2017.03.08-05.58.06:443][424]LogModuleManager: Shutting down and abandoning module NetworkFile (4)
[2017.03.08-05.58.06:443][424]LogModuleManager: Shutting down and abandoning module StreamingFile (3)
[2017.03.08-05.58.06:443][424]LogModuleManager: Shutting down and abandoning module SandboxFile (2)
[2017.03.08-05.58.06:443][424]LogModuleManager: Shutting down and abandoning module PakFile (1)
[2017.03.08-05.58.06:447][424]LogExit: Exiting.
[2017.03.08-05.58.06:489][424]Log file closed, 03/08/17 00:58:06
