Log file open, 03/04/17 18:50:27
LogInit:Display: Running engine for game: Abyss
LogPlatformFile: Not using cached read wrapper
LogInit:Display: RandInit(-482754289) SRandInit(-482754289).
LogTaskGraph: Started task graph with 5 named threads and 9 total threads with 1 sets of task threads.
LogStats: Stats thread started at 0.120578
LogPluginManager: Loaded Plugin Paper2D, From E:/Game Data/Epic Games/4.14/Engine/Plugins/2D/Paper2D/Paper2D.uplugin
LogPluginManager: Loaded Plugin LightPropagationVolume, From E:/Game Data/Epic Games/4.14/Engine/Plugins/Blendables/LightPropagationVolume/LightPropagationVolume.uplugin
LogPluginManager: Loaded Plugin BlankPlugin, From E:/Game Data/Epic Games/4.14/Engine/Plugins/Developer/BlankPlugin/BlankPlugin.uplugin
LogPluginManager: Loaded Plugin CodeLiteSourceCodeAccess, From E:/Game Data/Epic Games/4.14/Engine/Plugins/Developer/CodeLiteSourceCodeAccess/CodeLiteSourceCodeAccess.uplugin
LogPluginManager: Loaded Plugin GitSourceControl, From E:/Game Data/Epic Games/4.14/Engine/Plugins/Developer/GitSourceControl/GitSourceControl.uplugin
LogPluginManager: Loaded Plugin KDevelopSourceCodeAccess, From E:/Game Data/Epic Games/4.14/Engine/Plugins/Developer/KDevelopSourceCodeAccess/KDevelopSourceCodeAccess.uplugin
LogPluginManager: Loaded Plugin NullSourceCodeAccess, From E:/Game Data/Epic Games/4.14/Engine/Plugins/Developer/NullSourceCodeAccess/NullSourceCodeAccess.uplugin
LogPluginManager: Loaded Plugin OneSkyLocalizationService, From E:/Game Data/Epic Games/4.14/Engine/Plugins/Developer/OneSkyLocalizationService/OneSkyLocalizationService.uplugin
LogPluginManager: Loaded Plugin PerforceSourceControl, From E:/Game Data/Epic Games/4.14/Engine/Plugins/Developer/PerforceSourceControl/PerforceSourceControl.uplugin
LogPluginManager: Loaded Plugin SubversionSourceControl, From E:/Game Data/Epic Games/4.14/Engine/Plugins/Developer/SubversionSourceControl/SubversionSourceControl.uplugin
LogPluginManager: Loaded Plugin UObjectPlugin, From E:/Game Data/Epic Games/4.14/Engine/Plugins/Developer/UObjectPlugin/UObjectPlugin.uplugin
LogPluginManager: Loaded Plugin VisualStudioSourceCodeAccess, From E:/Game Data/Epic Games/4.14/Engine/Plugins/Developer/VisualStudioSourceCodeAccess/VisualStudioSourceCodeAccess.uplugin
LogPluginManager: Loaded Plugin XCodeSourceCodeAccess, From E:/Game Data/Epic Games/4.14/Engine/Plugins/Developer/XCodeSourceCodeAccess/XCodeSourceCodeAccess.uplugin
LogPluginManager: Loaded Plugin AudioCapture, From E:/Game Data/Epic Games/4.14/Engine/Plugins/Editor/AudioCapture/AudioCapture.uplugin
LogPluginManager: Loaded Plugin EpicSurvey, From E:/Game Data/Epic Games/4.14/Engine/Plugins/Editor/EpicSurvey/EpicSurvey.uplugin
LogPluginManager: Loaded Plugin MacGraphicsSwitching, From E:/Game Data/Epic Games/4.14/Engine/Plugins/Editor/MacGraphicsSwitching/MacGraphicsSwitching.uplugin
LogPluginManager: Loaded Plugin MobileLauncherProfileWizard, From E:/Game Data/Epic Games/4.14/Engine/Plugins/Editor/MobileLauncherProfileWizard/MobileLauncherProfileWizard.uplugin
LogPluginManager: Loaded Plugin PluginBrowser, From E:/Game Data/Epic Games/4.14/Engine/Plugins/Editor/PluginBrowser/PluginBrowser.uplugin
LogPluginManager: Loaded Plugin SpeedTreeImporter, From E:/Game Data/Epic Games/4.14/Engine/Plugins/Editor/SpeedTreeImporter/SpeedTreeImporter.uplugin
LogPluginManager: Loaded Plugin SuperSearchEditor, From E:/Game Data/Epic Games/4.14/Engine/Plugins/Editor/SuperSearchEditor/SuperSearchEditor.uplugin
LogPluginManager: Loaded Plugin AlembicImporter, From E:/Game Data/Epic Games/4.14/Engine/Plugins/Experimental/AlembicImporter/AlembicImporter.uplugin
LogPluginManager: Loaded Plugin BlueprintStats, From E:/Game Data/Epic Games/4.14/Engine/Plugins/Experimental/BlueprintStats/BlueprintStats.uplugin
LogPluginManager: Loaded Plugin CharacterAI, From E:/Game Data/Epic Games/4.14/Engine/Plugins/Experimental/CharacterAI/CharacterAI.uplugin
LogPluginManager: Loaded Plugin CodeEditor, From E:/Game Data/Epic Games/4.14/Engine/Plugins/Experimental/CodeEditor/CodeEditor.uplugin
LogPluginManager: Loaded Plugin CodeView, From E:/Game Data/Epic Games/4.14/Engine/Plugins/Experimental/CodeView/CodeView.uplugin
LogPluginManager: Loaded Plugin HTML5Networking, From E:/Game Data/Epic Games/4.14/Engine/Plugins/Experimental/HTML5Networking/HTML5Networking.uplugin
LogPluginManager: Loaded Plugin OSVR, From E:/Game Data/Epic Games/4.14/Engine/Plugins/Experimental/OSVR/OSVR.uplugin
LogPluginManager: Loaded Plugin Phya, From E:/Game Data/Epic Games/4.14/Engine/Plugins/Experimental/Phya/Phya.uplugin
LogPluginManager: Loaded Plugin SignificanceManager, From E:/Game Data/Epic Games/4.14/Engine/Plugins/Experimental/SignificanceManager/SignificanceManager.uplugin
LogPluginManager: Loaded Plugin SimpleHMD, From E:/Game Data/Epic Games/4.14/Engine/Plugins/Experimental/SimpleHMD/SimpleHMD.uplugin
LogPluginManager: Loaded Plugin StereoPanorama, From E:/Game Data/Epic Games/4.14/Engine/Plugins/Experimental/StereoPanorama/StereoPanorama.uplugin
LogPluginManager: Loaded Plugin StructBox, From E:/Game Data/Epic Games/4.14/Engine/Plugins/Experimental/StructBox/StructBox.uplugin
LogPluginManager: Loaded Plugin HGGifImporter, From E:/Game Data/Epic Games/4.14/Engine/Plugins/Marketplace/HGGifImporter/HGGifImporter.uplugin
LogPluginManager: Loaded Plugin UnrealJS, From E:/Game Data/Epic Games/4.14/Engine/Plugins/Marketplace/UnrealJS/UnrealJS.uplugin
LogPluginManager: Loaded Plugin AndroidMedia, From E:/Game Data/Epic Games/4.14/Engine/Plugins/Media/AndroidMedia/AndroidMedia.uplugin
LogPluginManager: Loaded Plugin AvfMedia, From E:/Game Data/Epic Games/4.14/Engine/Plugins/Media/AvfMedia/AvfMedia.uplugin
LogPluginManager: Loaded Plugin MediaPlayerEditor, From E:/Game Data/Epic Games/4.14/Engine/Plugins/Media/MediaPlayerEditor/MediaPlayerEditor.uplugin
LogPluginManager: Loaded Plugin WmfMedia, From E:/Game Data/Epic Games/4.14/Engine/Plugins/Media/WmfMedia/WmfMedia.uplugin
LogPluginManager: Loaded Plugin MessagingDebugger, From E:/Game Data/Epic Games/4.14/Engine/Plugins/Messaging/MessagingDebugger/MessagingDebugger.uplugin
LogPluginManager: Loaded Plugin TcpMessaging, From E:/Game Data/Epic Games/4.14/Engine/Plugins/Messaging/TcpMessaging/TcpMessaging.uplugin
LogPluginManager: Loaded Plugin UdpMessaging, From E:/Game Data/Epic Games/4.14/Engine/Plugins/Messaging/UdpMessaging/UdpMessaging.uplugin
LogPluginManager: Loaded Plugin LevelSequenceEditor, From E:/Game Data/Epic Games/4.14/Engine/Plugins/MovieScene/LevelSequenceEditor/LevelSequenceEditor.uplugin
LogPluginManager: Loaded Plugin MatineeToLevelSequence, From E:/Game Data/Epic Games/4.14/Engine/Plugins/MovieScene/MatineeToLevelSequence/MatineeToLevelSequence.uplugin
LogPluginManager: Loaded Plugin NetcodeUnitTest, From E:/Game Data/Epic Games/4.14/Engine/Plugins/NetcodeUnitTest/NetcodeUnitTest/NetcodeUnitTest.uplugin
LogPluginManager: Loaded Plugin NUTUnrealEngine4, From E:/Game Data/Epic Games/4.14/Engine/Plugins/NetcodeUnitTest/NUTUnrealEngine4/NUTUnrealEngine4.uplugin
LogPluginManager: Loaded Plugin OnlineSubsystemGameCircle, From E:/Game Data/Epic Games/4.14/Engine/Plugins/Online/Android/OnlineSubsystemGameCircle/OnlineSubsystemGameCircle.uplugin
LogPluginManager: Loaded Plugin OnlineSubsystemGooglePlay, From E:/Game Data/Epic Games/4.14/Engine/Plugins/Online/Android/OnlineSubsystemGooglePlay/OnlineSubsystemGooglePlay.uplugin
LogPluginManager: Loaded Plugin OnlineSubsystemIOS, From E:/Game Data/Epic Games/4.14/Engine/Plugins/Online/IOS/OnlineSubsystemIOS/OnlineSubsystemIOS.uplugin
LogPluginManager: Loaded Plugin OnlineFramework, From E:/Game Data/Epic Games/4.14/Engine/Plugins/Online/OnlineFramework/OnlineFramework.uplugin
LogPluginManager: Loaded Plugin OnlineSubsystem, From E:/Game Data/Epic Games/4.14/Engine/Plugins/Online/OnlineSubsystem/OnlineSubsystem.uplugin
LogPluginManager: Loaded Plugin OnlineSubsystemAmazon, From E:/Game Data/Epic Games/4.14/Engine/Plugins/Online/OnlineSubsystemAmazon/OnlineSubsystemAmazon.uplugin
LogPluginManager: Loaded Plugin OnlineSubsystemFacebook, From E:/Game Data/Epic Games/4.14/Engine/Plugins/Online/OnlineSubsystemFacebook/OnlineSubsystemFacebook.uplugin
LogPluginManager: Loaded Plugin OnlineSubsystemNull, From E:/Game Data/Epic Games/4.14/Engine/Plugins/Online/OnlineSubsystemNull/OnlineSubsystemNull.uplugin
LogPluginManager: Loaded Plugin OnlineSubsystemOculus, From E:/Game Data/Epic Games/4.14/Engine/Plugins/Online/OnlineSubsystemOculus/OnlineSubsystemOculus.uplugin
LogPluginManager: Loaded Plugin OnlineSubsystemSteam, From E:/Game Data/Epic Games/4.14/Engine/Plugins/Online/OnlineSubsystemSteam/OnlineSubsystemSteam.uplugin
LogPluginManager: Loaded Plugin OnlineSubsystemUtils, From E:/Game Data/Epic Games/4.14/Engine/Plugins/Online/OnlineSubsystemUtils/OnlineSubsystemUtils.uplugin
LogPluginManager: Loaded Plugin IOSTapJoy, From E:/Game Data/Epic Games/4.14/Engine/Plugins/Runtime/Advertising/IOSTapJoy/IOSTapJoy.uplugin
LogPluginManager: Loaded Plugin AnalyticsBlueprintLibrary, From E:/Game Data/Epic Games/4.14/Engine/Plugins/Runtime/Analytics/AnalyticsBlueprintLibrary/AnalyticsBlueprintLibrary.uplugin
LogPluginManager: Loaded Plugin AnalyticsMulticast, From E:/Game Data/Epic Games/4.14/Engine/Plugins/Runtime/Analytics/AnalyticsMulticast/AnalyticsMulticast.uplugin
LogPluginManager: Loaded Plugin Apsalar, From E:/Game Data/Epic Games/4.14/Engine/Plugins/Runtime/Analytics/Apsalar/Apsalar.uplugin
LogPluginManager: Loaded Plugin FileLogging, From E:/Game Data/Epic Games/4.14/Engine/Plugins/Runtime/Analytics/FileLogging/FileLogging.uplugin
LogPluginManager: Loaded Plugin Flurry, From E:/Game Data/Epic Games/4.14/Engine/Plugins/Runtime/Analytics/Flurry/Flurry.uplugin
LogPluginManager: Loaded Plugin AndroidDeviceProfileSelector, From E:/Game Data/Epic Games/4.14/Engine/Plugins/Runtime/AndroidDeviceProfileSelector/AndroidDeviceProfileSelector.uplugin
LogPluginManager: Loaded Plugin AndroidMoviePlayer, From E:/Game Data/Epic Games/4.14/Engine/Plugins/Runtime/AndroidMoviePlayer/AndroidMoviePlayer.uplugin
LogPluginManager: Loaded Plugin AppleMoviePlayer, From E:/Game Data/Epic Games/4.14/Engine/Plugins/Runtime/AppleMoviePlayer/AppleMoviePlayer.uplugin
LogPluginManager: Loaded Plugin ArchVisCharacter, From E:/Game Data/Epic Games/4.14/Engine/Plugins/Runtime/ArchVisCharacter/ArchVisCharacter.uplugin
LogPluginManager: Loaded Plugin CableComponent, From E:/Game Data/Epic Games/4.14/Engine/Plugins/Runtime/CableComponent/CableComponent.uplugin
LogPluginManager: Loaded Plugin CustomMeshComponent, From E:/Game Data/Epic Games/4.14/Engine/Plugins/Runtime/CustomMeshComponent/CustomMeshComponent.uplugin
LogPluginManager: Loaded Plugin ExampleDeviceProfileSelector, From E:/Game Data/Epic Games/4.14/Engine/Plugins/Runtime/ExampleDeviceProfileSelector/ExampleDeviceProfileSelector.uplugin
LogPluginManager: Loaded Plugin GearVR, From E:/Game Data/Epic Games/4.14/Engine/Plugins/Runtime/GearVR/GearVR.uplugin
LogPluginManager: Loaded Plugin GoogleVRController, From E:/Game Data/Epic Games/4.14/Engine/Plugins/Runtime/GoogleVR/GoogleVRController/GoogleVRController.uplugin
LogPluginManager: Loaded Plugin GoogleVRHMD, From E:/Game Data/Epic Games/4.14/Engine/Plugins/Runtime/GoogleVR/GoogleVRHMD/GoogleVRHMD.uplugin
LogPluginManager: Loaded Plugin IOSDeviceProfileSelector, From E:/Game Data/Epic Games/4.14/Engine/Plugins/Runtime/IOSDeviceProfileSelector/IOSDeviceProfileSelector.uplugin
LogPluginManager: Loaded Plugin LeapMotion, From E:/Game Data/Epic Games/4.14/Engine/Plugins/Runtime/LeapMotion/LeapMotion.uplugin
LogPluginManager: Loaded Plugin LinuxDeviceProfileSelector, From E:/Game Data/Epic Games/4.14/Engine/Plugins/Runtime/LinuxDeviceProfileSelector/LinuxDeviceProfileSelector.uplugin
LogPluginManager: Loaded Plugin MIDIDevice, From E:/Game Data/Epic Games/4.14/Engine/Plugins/Runtime/MIDIDevice/MIDIDevice.uplugin
LogPluginManager: Loaded Plugin MobilePatchingUtils, From E:/Game Data/Epic Games/4.14/Engine/Plugins/Runtime/MobilePatchingUtils/MobilePatchingUtils.uplugin
LogPluginManager: Loaded Plugin Ansel, From E:/Game Data/Epic Games/4.14/Engine/Plugins/Runtime/Nvidia/Ansel/Ansel.uplugin
LogPluginManager: Loaded Plugin OculusAudio, From E:/Game Data/Epic Games/4.14/Engine/Plugins/Runtime/OculusAudio/OculusAudio.uplugin
LogPluginManager: Loaded Plugin OculusInput, From E:/Game Data/Epic Games/4.14/Engine/Plugins/Runtime/OculusInput/OculusInput.uplugin
LogPluginManager: Loaded Plugin OculusLibrary, From E:/Game Data/Epic Games/4.14/Engine/Plugins/Runtime/OculusLibrary/OculusLibrary.uplugin
LogPluginManager: Loaded Plugin OculusRift, From E:/Game Data/Epic Games/4.14/Engine/Plugins/Runtime/OculusRift/OculusRift.uplugin
LogPluginManager: Loaded Plugin Oodle, From E:/Game Data/Epic Games/4.14/Engine/Plugins/Runtime/PacketHandlers/CompressionComponents/Oodle/Oodle.uplugin
LogPluginManager: Loaded Plugin ProceduralMeshComponent, From E:/Game Data/Epic Games/4.14/Engine/Plugins/Runtime/ProceduralMeshComponent/ProceduralMeshComponent.uplugin
LogPluginManager: Loaded Plugin SoundMod, From E:/Game Data/Epic Games/4.14/Engine/Plugins/Runtime/SoundMod/SoundMod.uplugin
LogPluginManager: Loaded Plugin SoundVisualizations, From E:/Game Data/Epic Games/4.14/Engine/Plugins/Runtime/SoundVisualizations/SoundVisualizations.uplugin
LogPluginManager: Loaded Plugin SteamController, From E:/Game Data/Epic Games/4.14/Engine/Plugins/Runtime/Steam/SteamController/SteamController.uplugin
LogPluginManager: Loaded Plugin SteamVR, From E:/Game Data/Epic Games/4.14/Engine/Plugins/Runtime/Steam/SteamVR/SteamVR.uplugin
LogPluginManager: Loaded Plugin WebBrowserWidget, From E:/Game Data/Epic Games/4.14/Engine/Plugins/Runtime/WebBrowserWidget/WebBrowserWidget.uplugin
LogPluginManager: Loaded Plugin WindowsDeviceProfileSelector, From E:/Game Data/Epic Games/4.14/Engine/Plugins/Runtime/WindowsDeviceProfileSelector/WindowsDeviceProfileSelector.uplugin
LogPluginManager: Loaded Plugin WindowsMoviePlayer, From E:/Game Data/Epic Games/4.14/Engine/Plugins/Runtime/WindowsMoviePlayer/WindowsMoviePlayer.uplugin
LogPluginManager: Loaded Plugin ScriptPlugin, From E:/Game Data/Epic Games/4.14/Engine/Plugins/ScriptPlugin/ScriptPlugin.uplugin
LogPluginManager: Loaded Plugin SlateRemote, From E:/Game Data/Epic Games/4.14/Engine/Plugins/Slate/SlateRemote/SlateRemote.uplugin
LogPluginManager: Loaded Plugin EditorTests, From E:/Game Data/Epic Games/4.14/Engine/Plugins/Tests/EditorTests/EditorTests.uplugin
LogPluginManager: Loaded Plugin FbxAutomationTestBuilder, From E:/Game Data/Epic Games/4.14/Engine/Plugins/Tests/FbxAutomationTestBuilder/FbxAutomationTestBuilder.uplugin
LogPluginManager: Loaded Plugin FunctionalTestingEditor, From E:/Game Data/Epic Games/4.14/Engine/Plugins/Tests/FunctionalTestingEditor/FunctionalTestingEditor.uplugin
LogPluginManager: Loaded Plugin RuntimeTests, From E:/Game Data/Epic Games/4.14/Engine/Plugins/Tests/RuntimeTests/RuntimeTests.uplugin
LogPluginManager: Loaded Plugin ScreenshotTools, From E:/Game Data/Epic Games/4.14/Engine/Plugins/Tests/ScreenshotTools/ScreenshotTools.uplugin
LogInit: Using libcurl 7.47.1
LogInit:  - built for x86_64-pc-win32
LogInit:  - supports SSL with OpenSSL/1.0.2g
LogInit:  - supports HTTP deflate (compression) using libz 1.2.8
LogInit:  - other features:
LogInit:      CURL_VERSION_SSL
LogInit:      CURL_VERSION_LIBZ
LogInit:      CURL_VERSION_IPV6
LogInit:      CURL_VERSION_ASYNCHDNS
LogInit:      CURL_VERSION_LARGEFILE
LogInit:      CURL_VERSION_IDN
LogInit:  CurlRequestOptions (configurable via config and command line):
LogInit:  - bVerifyPeer = false  - Libcurl will NOT verify peer certificate
LogInit:  - bUseHttpProxy = false  - Libcurl will NOT use HTTP proxy
LogInit:  - bDontReuseConnections = false  - Libcurl will reuse connections
LogInit:  - CertBundlePath = nullptr  - Libcurl will use whatever was configured at build time.
LogInit: Build: ++UE4+Release-4.14-CL-3249277
LogInit: Engine Version: 4.14.3-3249277+++UE4+Release-4.14
LogInit: Compatible Engine Version: 4.14.0-3195953+++UE4+Release-4.14
LogInit: Net CL: 3195953
LogDevObjectVersion: Number of dev versions registered: 13
LogDevObjectVersion:   Dev-Blueprints (B0D832E4-1F89-4F0D-ACCF-7EB736FD4AA2): 7
LogDevObjectVersion:   Dev-Build (E1C64328-A22C-4D53-A36C-8E866417BD8C): 0
LogDevObjectVersion:   Dev-Core (375EC13C-06E4-48FB-B500-84F0262A717E): 1
LogDevObjectVersion:   Dev-Editor (E4B068ED-F494-42E9-A231-DA0B2E46BB41): 8
LogDevObjectVersion:   Dev-Framework (CFFC743F-43B0-4480-9391-14DF171D2073): 17
LogDevObjectVersion:   Dev-Mobile (B02B49B5-BB20-44E9-A304-32B752E40360): 0
LogDevObjectVersion:   Dev-Networking (A4E4105C-59A1-49B5-A7C5-40C4547EDFEE): 0
LogDevObjectVersion:   Dev-Online (39C831C9-5AE6-47DC-9A44-9C173E1C8E7C): 0
LogDevObjectVersion:   Dev-Physics (78F01B33-EBEA-4F98-B9B4-84EACCB95AA2): 0
LogDevObjectVersion:   Dev-Platform (6631380F-2D4D-43E0-8009-CF276956A95A): 0
LogDevObjectVersion:   Dev-Rendering (12F88B9F-8875-4AFC-A67C-D90C383ABD29): 12
LogDevObjectVersion:   Dev-Sequencer (7B5AE74C-D270-4C10-A958-57980B212A5A): 1
LogDevObjectVersion:   Dev-VR (D7296918-1DD6-4BDD-9DE2-64A83CC13884): 0
LogInit: Compiled (64-bit): Jan  6 2017 10:49:43
LogInit: Compiled with Visual C++: 19.00.23026.00
LogInit: Build Configuration: Development
LogInit: Branch Name: ++UE4+Release-4.14
LogInit: Command line:  /Temp/Autosaves/Game/Maps-Levels/UEDPCstartMenu -game -PIEVIACONSOLE -ResX=1280 -ResY=720  -Multiprocess -messaging -SessionName="Play in Standalone Game" -windowed 
LogInit: Base directory: E:/Game Data/Epic Games/4.14/Engine/Binaries/Win64/
LogInit: Installed Engine Build: 1
LogInit: Presizing for max 8388607 objects, including 0 objects not considered by GC, pre-allocating 0 bytes for permanent pool.
LogInit: Object subsystem initialized
[2017.03.04-23.50.28:031][  0]LogInit: Selected Device Profile: [Windows]
[2017.03.04-23.50.28:031][  0]LogInit: Applying CVar settings loaded from the selected device profile: [Windows]
[2017.03.04-23.50.28:038][  0]LogInit: Computer: RAGNARÖK
[2017.03.04-23.50.28:038][  0]LogInit: User: Chris
[2017.03.04-23.50.28:038][  0]LogInit: CPU Page size=65536, Cores=8
[2017.03.04-23.50.28:038][  0]LogInit: High frequency timer resolution =3.135537 MHz
[2017.03.04-23.50.28:039][  0]LogMemory: Memory total: Physical=15.9GB (16GB approx)
[2017.03.04-23.50.28:039][  0]LogMemory: Platform Memory Stats for Windows
[2017.03.04-23.50.28:039][  0]LogMemory: Process Physical Memory: 267.17 MB used, 267.17 MB peak
[2017.03.04-23.50.28:039][  0]LogMemory: Process Virtual Memory: 266.21 MB used, 266.21 MB peak
[2017.03.04-23.50.28:039][  0]LogMemory: Physical Memory: 7656.30 MB used,  8627.77 MB free, 16284.07 MB total
[2017.03.04-23.50.28:039][  0]LogMemory: Virtual Memory: 664.53 MB used,  8627.77 MB free, 8388608.00 MB total
[2017.03.04-23.50.28:115][  0]LogTextLocalizationManager: No specific translations for ('en-US') exist, so ('en') translations will be used.
[2017.03.04-23.50.28:774][  0]LogD3D11RHI: D3D11 adapters:
[2017.03.04-23.50.28:799][  0]LogD3D11RHI:    0. 'AMD Radeon (TM) R9 380 Series' (Feature Level 11_0)
[2017.03.04-23.50.28:799][  0]LogD3D11RHI:       4074/0/3840 MB DedicatedVideo/DedicatedSystem/SharedSystem, Outputs:1, VendorId:0x1002
[2017.03.04-23.50.28:799][  0]LogD3D11RHI: Chosen D3D11 Adapter: 0
[2017.03.04-23.50.28:811][  0]LogD3D11RHI: Creating new Direct3DDevice
[2017.03.04-23.50.28:812][  0]LogD3D11RHI:     GPU DeviceId: 0x6938 (for the marketing name, search the web for "GPU Device Id")
[2017.03.04-23.50.28:812][  0]LogWindows: EnumDisplayDevices:
[2017.03.04-23.50.28:812][  0]LogWindows:    0. 'AMD Radeon (TM) R9 380 Series' (P:1 D:1)
[2017.03.04-23.50.28:812][  0]LogWindows:    1. 'AMD Radeon (TM) R9 380 Series' (P:0 D:0)
[2017.03.04-23.50.28:813][  0]LogWindows:    2. 'AMD Radeon (TM) R9 380 Series' (P:0 D:0)
[2017.03.04-23.50.28:814][  0]LogWindows:    3. 'AMD Radeon (TM) R9 380 Series' (P:0 D:0)
[2017.03.04-23.50.28:814][  0]LogWindows:    4. 'AMD Radeon (TM) R9 380 Series' (P:0 D:0)
[2017.03.04-23.50.28:815][  0]LogWindows:    5. 'AMD Radeon (TM) R9 380 Series' (P:0 D:0)
[2017.03.04-23.50.28:815][  0]LogWindows:    6. 'RDPDD Chained DD' (P:0 D:0)
[2017.03.04-23.50.28:815][  0]LogWindows:    7. 'RDP Encoder Mirror Driver' (P:0 D:0)
[2017.03.04-23.50.28:816][  0]LogWindows:    8. 'RDP Reflector Display Driver' (P:0 D:0)
[2017.03.04-23.50.28:816][  0]LogWindows: DebugString: GetVideoDriverDetailsInvalid PrimaryIsNotTheChoosenAdapter GetVideoDriverDetailsInvalid PrimaryIsNotTheChoosenAdapter GetVideoDriverDetailsInvalid PrimaryIsNotTheChoosenAdapter FoundDriverCount:6 
[2017.03.04-23.50.28:816][  0]LogD3D11RHI:     Adapter Name: AMD Radeon (TM) R9 380 Series
[2017.03.04-23.50.28:816][  0]LogD3D11RHI:   Driver Version: Crimson ReLive 17.2.1 (internal:21.19.519.2, unified:21.19.519.2)
[2017.03.04-23.50.28:816][  0]LogD3D11RHI:      Driver Date: 2-10-2017
[2017.03.04-23.50.28:816][  0]LogRHI: Texture pool is 1361 MB (70% of 1945 MB)
[2017.03.04-23.50.28:834][  0]LogD3D11RHI: Async texture creation enabled
[2017.03.04-23.50.28:848][  0]LogD3D11RHI: GPU Timing Frequency: 27.000000 (Debug: 2 1)
[2017.03.04-23.50.28:849][  0]LogShaderCompilers: Guid format shader working directory is -3 characters bigger than the processId version (../../../../../Unreal Projects/ChimeraGames/Abyss/Intermediate/Shaders/WorkingDirectory/6776/).
[2017.03.04-23.50.28:849][  0]LogShaderCompilers: Cleaned the shader compiler working directory 'C:/Users/Chris/AppData/Local/Temp/UnrealShaderWorkingDir/8CF71EB1461A12EF5748FDAC97473C01/'.
[2017.03.04-23.50.28:849][  0]LogShaderCompilers:Display: Using Local Shader Compiler.
[2017.03.04-23.50.30:581][  0]LogTemp:Display: Loaded TP WindowsClientTargetPlatform
[2017.03.04-23.50.30:660][  0]LogTemp:Display: Loaded TP WindowsNoEditorTargetPlatform
[2017.03.04-23.50.30:744][  0]LogTemp:Display: Loaded TP WindowsServerTargetPlatform
[2017.03.04-23.50.30:805][  0]LogTemp:Display: Loaded TP WindowsTargetPlatform
[2017.03.04-23.50.30:805][  0]LogTargetPlatformManager:Display: Building Assets For Windows
[2017.03.04-23.50.31:320][  0]LogDerivedDataCache:Display: Max Cache Size: 512 MB
[2017.03.04-23.50.31:437][  0]LogDerivedDataCache: Loaded boot cache 0.12s 50MB C:/Users/Chris/AppData/Local/UnrealEngine/4.14/DerivedDataCache/Boot.ddc.
[2017.03.04-23.50.31:437][  0]LogDerivedDataCache:Display: Loaded Boot cache: C:/Users/Chris/AppData/Local/UnrealEngine/4.14/DerivedDataCache/Boot.ddc
[2017.03.04-23.50.31:437][  0]LogDerivedDataCache: FDerivedDataBackendGraph:  Pak pak cache file ../../../../../Unreal Projects/ChimeraGames/Abyss/DerivedDataCache/DDC.ddp not found, will not use a pak cache.
[2017.03.04-23.50.31:437][  0]LogDerivedDataCache: Unable to find inner node Pak for hierarchical cache Hierarchy.
[2017.03.04-23.50.31:437][  0]LogDerivedDataCache: FDerivedDataBackendGraph:  CompressedPak pak cache file ../../../../../Unreal Projects/ChimeraGames/Abyss/DerivedDataCache/Compressed.ddp not found, will not use a pak cache.
[2017.03.04-23.50.31:437][  0]LogDerivedDataCache: Unable to find inner node CompressedPak for hierarchical cache Hierarchy.
[2017.03.04-23.50.31:464][  0]LogDerivedDataCache:Display: Pak cache opened for reading ../../../Engine/DerivedDataCache/Compressed.ddp.
[2017.03.04-23.50.31:476][  0]LogDerivedDataCache: Using Local data cache path C:/Users/Chris/AppData/Local/UnrealEngine/Common/DerivedDataCache: Writable
[2017.03.04-23.50.31:803][  0]LogAssetRegistry: FAssetRegistry took 0.0001 seconds to start up
[2017.03.04-23.50.31:812][  0]LogPackageLocalizationCache: Processed 4 localized package path(s) for 2 prioritized culture(s) in 0.008727 seconds
[2017.03.04-23.50.31:843][  0]LogInit: Selected Device Profile: [Windows]
[2017.03.04-23.50.31:847][  0]LogContentStreaming: Texture pool size is 1000.00 MB
[2017.03.04-23.50.32:135][  0]LogMeshUtilities: Using QuadricMeshReduction for automatic static mesh reduction
[2017.03.04-23.50.32:193][  0]LogSimplygon: Simplygon DLL not present - disabling.
[2017.03.04-23.50.32:258][  0]LogMeshUtilities: Using SimplygonSwarm for distributed automatic mesh merging
[2017.03.04-23.50.32:258][  0]LogMeshUtilities: No automatic skeletal mesh reduction module available
[2017.03.04-23.50.32:258][  0]LogMeshUtilities: No automatic mesh merging module available
[2017.03.04-23.50.33:008][  0]LogNetVersion: GetLocalNetworkVersion: CL: 3195953, ProjectName: abyss, ProjectVersion: , EngineNetworkVersion: 2, GameNetworkVersion: 0, NetworkChecksum: 1595127573
[2017.03.04-23.50.33:090][  0]LogInit: WinSock: version 1.1 (2.2), MaxSocks=32767, MaxUdp=65467
[2017.03.04-23.50.34:034][  0]LogSlate: Using Freetype 2.6.0
[2017.03.04-23.50.34:035][  0]LogSlate: SlateFontCache - WITH_FREETYPE: 1, WITH_HARFBUZZ: 1
[2017.03.04-23.50.34:035][  0]LogSlate: SlateFontCache - WITH_FREETYPE: 1, WITH_HARFBUZZ: 1
[2017.03.04-23.50.34:212][  0]LogMoviePlayer: Initializing movie player
[2017.03.04-23.50.34:295][  0]LogWindowsMoviePlayer: Unable to load movie: ../../../../../Unreal Projects/ChimeraGames/Abyss/Content/Movies/Default_Startup.mp4
[2017.03.04-23.50.34:561][  0]JavascriptCmd: Unreal.js started. V8 5.7.201
[2017.03.04-23.50.34:870][  0]SourceControl: Info Source control is disabled
[2017.03.04-23.50.34:870][  0]SourceControl: Info Source control is disabled
[2017.03.04-23.50.34:936][  0]SourceControl: Info Source control is disabled
[2017.03.04-23.50.35:515][  0]LogUObjectArray: 34631 objects as part of root set at end of initial load.
[2017.03.04-23.50.35:515][  0]LogUObjectAllocator: 7649240 out of 0 bytes used by permanent object pool.
[2017.03.04-23.50.35:515][  0]LogUObjectArray: CloseDisregardForGC: 0/0 objects in disregard for GC pool
[2017.03.04-23.50.35:655][  0]LogEngine: Initializing Engine...
[2017.03.04-23.50.35:863][  0]LogInit: XAudio2 using '1 - SE32HY27 (2- AMD High Definition Audio Device)' : 2 channels at 48 kHz using 16 bits per sample (channel mask 0x3)
[2017.03.04-23.50.35:881][  0]LogInit: FAudioDevice initialized.
[2017.03.04-23.50.35:907][  0]LogInit: Texture streaming: Enabled
[2017.03.04-23.50.35:935][  0]LogMaterial: Uniform references updated for custom material expression Custom.
[2017.03.04-23.50.36:493][  0]LogInit:Display: Game Engine Initialized.
[2017.03.04-23.50.36:607][  0]LogInit:Display: Starting Game.
[2017.03.04-23.50.36:607][  0]LogNet: Browse: /Temp/Autosaves/Game/Maps-Levels/UEDPCstartMenu?Name=Player
[2017.03.04-23.50.36:608][  0]LogLoad: LoadMap: /Temp/Autosaves/Game/Maps-Levels/UEDPCstartMenu?Name=Player
[2017.03.04-23.50.36:651][  0]LogMemory: Platform Memory Stats for Windows
[2017.03.04-23.50.36:651][  0]LogMemory: Process Physical Memory: 638.41 MB used, 657.91 MB peak
[2017.03.04-23.50.36:651][  0]LogMemory: Process Virtual Memory: 608.09 MB used, 644.16 MB peak
[2017.03.04-23.50.36:651][  0]LogMemory: Physical Memory: 7981.37 MB used,  8302.70 MB free, 16284.07 MB total
[2017.03.04-23.50.36:651][  0]LogMemory: Virtual Memory: 1250.87 MB used,  8302.70 MB free, 8388608.00 MB total
[2017.03.04-23.50.36:651][  0]LogMemory: 
[2017.03.04-23.50.36:651][  0]Allocator Stats for TBB: (not implemented)
[2017.03.04-23.50.36:839][  0]LogAIModule: Creating AISystem for world startMenu
[2017.03.04-23.50.37:358][  0]LogLoad: Game class is 'abyssGameMode_C'
[2017.03.04-23.50.37:361][  0]LogWorld: Bringing World /Temp/Autosaves/Game/Maps-Levels/UEDPCstartMenu.startMenu up for play (max tick rate 0) at 2017.03.04-18.50.37
[2017.03.04-23.50.37:361][  0]LogWorld: Bringing up level for play took: 0.000987
[2017.03.04-23.50.37:368][  0]LogLoad: Took 0.760141 seconds to LoadMap(/Temp/Autosaves/Game/Maps-Levels/UEDPCstartMenu)
[2017.03.04-23.50.37:773][  0]LogLoad: (Engine Initialization) Total time: 12.36 seconds
[2017.03.04-23.50.37:773][  0]LogLoad: (Engine Initialization) Total Blueprint compile time: 0.41 seconds
[2017.03.04-23.50.37:773][  0]LogExternalProfiler: Found external profiler: VSPerf
[2017.03.04-23.50.37:773][  0]LogExternalProfiler: Using external profiler: VSPerf
[2017.03.04-23.50.37:925][  2]LogRenderer: Reallocating scene render targets to support 1280x720 NumSamples 1 (Frame:2).
[2017.03.04-23.50.39:597][ 75]LogPackageName: SearchForPackageOnDisk took   0.124s to resolve Fort_Exploration.umap.
[2017.03.04-23.50.39:731][ 75]LogPackageName: SearchForPackageOnDisk took   0.133s to resolve Fort_Exploration.umap.
[2017.03.04-23.50.39:731][ 75]LogNet: Browse: /Game/Maps-Levels/Fort/Exploration/Fort_Exploration
[2017.03.04-23.50.39:731][ 75]LogLoad: LoadMap: /Game/Maps-Levels/Fort/Exploration/Fort_Exploration
[2017.03.04-23.50.39:787][ 75]LogMemory: Platform Memory Stats for Windows
[2017.03.04-23.50.39:787][ 75]LogMemory: Process Physical Memory: 689.39 MB used, 689.39 MB peak
[2017.03.04-23.50.39:787][ 75]LogMemory: Process Virtual Memory: 642.88 MB used, 650.85 MB peak
[2017.03.04-23.50.39:787][ 75]LogMemory: Physical Memory: 8026.30 MB used,  8257.77 MB free, 16284.07 MB total
[2017.03.04-23.50.39:788][ 75]LogMemory: Virtual Memory: 1314.88 MB used,  8257.77 MB free, 8388608.00 MB total
[2017.03.04-23.50.39:788][ 75]LogMemory: 
[2017.03.04-23.50.39:788][ 75]Allocator Stats for TBB: (not implemented)
[2017.03.04-23.50.40:369][ 75]LogAIModule: Creating AISystem for world Fort_Exploration
[2017.03.04-23.50.40:369][ 75]LogLoad: Game class is 'abyssExplorationMode_C'
[2017.03.04-23.50.40:375][ 75]LogWorld: Bringing World /Game/Maps-Levels/Fort/Exploration/Fort_Exploration.Fort_Exploration up for play (max tick rate 0) at 2017.03.04-18.50.40
[2017.03.04-23.50.40:375][ 75]LogWorld: Bringing up level for play took: 0.004279
[2017.03.04-23.50.40:379][ 75]LogLoad: Took 0.648158 seconds to LoadMap(/Game/Maps-Levels/Fort/Exploration/Fort_Exploration)
[2017.03.04-23.50.44:520][325]LogPackageName: SearchForPackageOnDisk took   0.123s to resolve startMenu.umap.
[2017.03.04-23.50.44:644][325]LogPackageName: SearchForPackageOnDisk took   0.124s to resolve startMenu.umap.
[2017.03.04-23.50.44:644][325]LogNet: Browse: /Game/Maps-Levels/startMenu
[2017.03.04-23.50.44:644][325]LogLoad: LoadMap: /Game/Maps-Levels/startMenu
[2017.03.04-23.50.44:685][325]LogAudio:Warning: Audio Component is being destroyed without stopping looping sound 'ambientBackground'
[2017.03.04-23.50.44:720][325]LogMemory: Platform Memory Stats for Windows
[2017.03.04-23.50.44:720][325]LogMemory: Process Physical Memory: 700.15 MB used, 700.15 MB peak
[2017.03.04-23.50.44:720][325]LogMemory: Process Virtual Memory: 648.87 MB used, 650.85 MB peak
[2017.03.04-23.50.44:720][325]LogMemory: Physical Memory: 8017.00 MB used,  8267.07 MB free, 16284.07 MB total
[2017.03.04-23.50.44:720][325]LogMemory: Virtual Memory: 1320.00 MB used,  8267.07 MB free, 8388608.00 MB total
[2017.03.04-23.50.44:720][325]LogMemory: 
[2017.03.04-23.50.44:720][325]Allocator Stats for TBB: (not implemented)
[2017.03.04-23.50.44:754][325]LogAIModule: Creating AISystem for world startMenu
[2017.03.04-23.50.45:283][325]LogLoad: Game class is 'abyssGameMode_C'
[2017.03.04-23.50.45:286][325]LogWorld: Bringing World /Game/Maps-Levels/startMenu.startMenu up for play (max tick rate 0) at 2017.03.04-18.50.45
[2017.03.04-23.50.45:286][325]LogWorld: Bringing up level for play took: 0.000775
[2017.03.04-23.50.45:286][325]LogGameMode: Warning - PATHS NOT DEFINED or NO PLAYERSTART with positive rating
[2017.03.04-23.50.45:290][325]LogLoad: Took 0.645610 seconds to LoadMap(/Game/Maps-Levels/startMenu)
[2017.03.04-23.50.46:535][395]LogPackageName: SearchForPackageOnDisk took   0.129s to resolve Fort_Exploration.umap.
[2017.03.04-23.50.46:663][395]LogPackageName: SearchForPackageOnDisk took   0.128s to resolve Fort_Exploration.umap.
[2017.03.04-23.50.46:663][395]LogNet: Browse: /Game/Maps-Levels/Fort/Exploration/Fort_Exploration
[2017.03.04-23.50.46:663][395]LogLoad: LoadMap: /Game/Maps-Levels/Fort/Exploration/Fort_Exploration
[2017.03.04-23.50.46:718][395]LogMemory: Platform Memory Stats for Windows
[2017.03.04-23.50.46:718][395]LogMemory: Process Physical Memory: 700.76 MB used, 700.76 MB peak
[2017.03.04-23.50.46:718][395]LogMemory: Process Virtual Memory: 649.20 MB used, 650.85 MB peak
[2017.03.04-23.50.46:718][395]LogMemory: Physical Memory: 8020.96 MB used,  8263.11 MB free, 16284.07 MB total
[2017.03.04-23.50.46:718][395]LogMemory: Virtual Memory: 1316.00 MB used,  8263.11 MB free, 8388608.00 MB total
[2017.03.04-23.50.46:718][395]LogMemory: 
[2017.03.04-23.50.46:718][395]Allocator Stats for TBB: (not implemented)
[2017.03.04-23.50.47:316][395]LogAIModule: Creating AISystem for world Fort_Exploration
[2017.03.04-23.50.47:316][395]LogLoad: Game class is 'abyssExplorationMode_C'
[2017.03.04-23.50.47:322][395]LogWorld: Bringing World /Game/Maps-Levels/Fort/Exploration/Fort_Exploration.Fort_Exploration up for play (max tick rate 0) at 2017.03.04-18.50.47
[2017.03.04-23.50.47:323][395]LogWorld: Bringing up level for play took: 0.004850
[2017.03.04-23.50.47:327][395]LogLoad: Took 0.663885 seconds to LoadMap(/Game/Maps-Levels/Fort/Exploration/Fort_Exploration)
[2017.03.04-23.50.58:042][ 60]LogBlueprintUserMessages: [checkPoint_765] Checkpoint!
[2017.03.04-23.51.06:107][560]Closing by request
[2017.03.04-23.51.06:107][560]LogWindows: FPlatformMisc::RequestExit(0)
[2017.03.04-23.51.06:108][561]LogMoviePlayer: Shutting down movie player
[2017.03.04-23.51.06:685][561]LogExit: Preparing to exit.
[2017.03.04-23.51.06:764][561]LogExit: Game engine shut down
[2017.03.04-23.51.06:849][561]LogObj: Freed 0b from 0 cluster array pools.
[2017.03.04-23.51.06:850][561]LogExit: Object subsystem successfully closed.
[2017.03.04-23.51.06:863][561]LogD3D11RHI: Shutdown
[2017.03.04-23.51.06:863][561]LogD3D11RHI: CleanupD3DDevice
[2017.03.04-23.51.06:899][561]LogD3D11RHI: ~FD3D11DynamicRHI
[2017.03.04-23.51.06:934][561]LogModuleManager: Shutting down and abandoning module SequenceRecorderSections (119)
[2017.03.04-23.51.06:934][561]LogModuleManager: Shutting down and abandoning module SequenceRecorder (118)
[2017.03.04-23.51.06:934][561]LogModuleManager: Shutting down and abandoning module AutomationController (117)
[2017.03.04-23.51.06:934][561]LogModuleManager: Shutting down and abandoning module AutomationWorker (116)
[2017.03.04-23.51.06:934][561]LogModuleManager: Shutting down and abandoning module GameplayDebugger (115)
[2017.03.04-23.51.06:934][561]LogModuleManager: Shutting down and abandoning module AITestSuite (114)
[2017.03.04-23.51.06:934][561]LogModuleManager: Shutting down and abandoning module AIModule (113)
[2017.03.04-23.51.06:934][561]LogModuleManager: Shutting down and abandoning module Media (112)
[2017.03.04-23.51.06:934][561]LogModuleManager: Shutting down and abandoning module WmfMediaFactory (111)
[2017.03.04-23.51.06:934][561]LogModuleManager: Shutting down and abandoning module CharacterAI (110)
[2017.03.04-23.51.06:934][561]LogModuleManager: Shutting down and abandoning module SessionServices (109)
[2017.03.04-23.51.06:934][561]LogModuleManager: Shutting down and abandoning module MovieSceneCapture (108)
[2017.03.04-23.51.06:934][561]LogModuleManager: Shutting down and abandoning module GeometryCacheEd (107)
[2017.03.04-23.51.06:934][561]LogModuleManager: Shutting down and abandoning module GeometryCache (106)
[2017.03.04-23.51.06:934][561]LogModuleManager: Shutting down and abandoning module Niagara (105)
[2017.03.04-23.51.06:934][561]LogModuleManager: Shutting down and abandoning module StreamingPauseRendering (104)
[2017.03.04-23.51.06:934][561]LogModuleManager: Shutting down and abandoning module PortalServices (103)
[2017.03.04-23.51.06:934][561]LogModuleManager: Shutting down and abandoning module PortalRpc (102)
[2017.03.04-23.51.06:934][561]LogModuleManager: Shutting down and abandoning module MessagingRpc (101)
[2017.03.04-23.51.06:934][561]LogModuleManager: Shutting down and abandoning module ProfilerService (100)
[2017.03.04-23.51.07:103][561]LogModuleManager: Shutting down and abandoning module TaskGraph (99)
[2017.03.04-23.51.07:103][561]LogModuleManager: Shutting down and abandoning module SlateRemote (98)
[2017.03.04-23.51.07:103][561]LogModuleManager: Shutting down and abandoning module ProceduralMeshComponent (97)
[2017.03.04-23.51.07:103][561]LogModuleManager: Shutting down and abandoning module CustomMeshComponent (96)
[2017.03.04-23.51.07:103][561]LogModuleManager: Shutting down and abandoning module CableComponent (95)
[2017.03.04-23.51.07:103][561]LogModuleManager: Shutting down and abandoning module ArchVisCharacter (94)
[2017.03.04-23.51.07:103][561]LogModuleManager: Shutting down and abandoning module HTML5Networking (92)
[2017.03.04-23.51.07:103][561]LogModuleManager: Shutting down and abandoning module DesktopPlatform (91)
[2017.03.04-23.51.07:103][561]LogModuleManager: Shutting down and abandoning module DirectoryWatcher (90)
[2017.03.04-23.51.07:103][561]LogModuleManager: Shutting down and abandoning module HotReload (89)
[2017.03.04-23.51.07:103][561]LogModuleManager: Shutting down and abandoning module VisualStudioSourceCodeAccess (88)
[2017.03.04-23.51.07:103][561]LogModuleManager: Shutting down and abandoning module UObjectPlugin (87)
[2017.03.04-23.51.07:103][561]LogModuleManager: Shutting down and abandoning module SubversionSourceControl (86)
[2017.03.04-23.51.07:103][561]LogModuleManager: Shutting down and abandoning module SourceControl (85)
[2017.03.04-23.51.07:103][561]LogModuleManager: Shutting down and abandoning module PerforceSourceControl (84)
[2017.03.04-23.51.07:103][561]LogModuleManager: Shutting down and abandoning module JavascriptWebSocket (83)
[2017.03.04-23.51.07:103][561]LogModuleManager: Shutting down and abandoning module JavascriptHttp (82)
[2017.03.04-23.51.07:103][561]LogModuleManager: Shutting down and abandoning module JavascriptUMG (81)
[2017.03.04-23.51.07:103][561]LogModuleManager: Shutting down and abandoning module V8 (80)
[2017.03.04-23.51.07:105][561]LogModuleManager: Shutting down and abandoning module LightPropagationVolumeRuntime (79)
[2017.03.04-23.51.07:105][561]LogModuleManager: Shutting down and abandoning module Paper2D (78)
[2017.03.04-23.51.07:105][561]LogModuleManager: Shutting down and abandoning module WindowsMoviePlayer (77)
[2017.03.04-23.51.07:105][561]LogModuleManager: Shutting down and abandoning module WmfMedia (76)
[2017.03.04-23.51.07:105][561]LogModuleManager: Shutting down and abandoning module MediaAssets (75)
[2017.03.04-23.51.07:105][561]LogModuleManager: Shutting down and abandoning module GameLiveStreaming (74)
[2017.03.04-23.51.07:105][561]LogModuleManager: Shutting down and abandoning module GameplayTagsEditor (73)
[2017.03.04-23.51.07:105][561]LogModuleManager: Shutting down and abandoning module VREditor (72)
[2017.03.04-23.51.07:106][561]LogModuleManager: Shutting down and abandoning module GameplayTasksEditor (71)
[2017.03.04-23.51.07:106][561]LogModuleManager: Shutting down and abandoning module BehaviorTreeEditor (70)
[2017.03.04-23.51.07:106][561]LogModuleManager: Shutting down and abandoning module FunctionalTesting (69)
[2017.03.04-23.51.07:106][561]LogModuleManager: Shutting down and abandoning module CollisionAnalyzer (68)
[2017.03.04-23.51.07:106][561]LogModuleManager: Shutting down and abandoning module Sequencer (67)
[2017.03.04-23.51.07:106][561]LogModuleManager: Shutting down and abandoning module WorkspaceMenuStructure (66)
[2017.03.04-23.51.07:106][561]LogModuleManager: Shutting down and abandoning module MessageLog (65)
[2017.03.04-23.51.07:106][561]LogModuleManager: Shutting down and abandoning module AssetTools (64)
[2017.03.04-23.51.07:106][561]LogModuleManager: Shutting down and abandoning module UMGEditor (63)
[2017.03.04-23.51.07:106][561]LogModuleManager: Shutting down and abandoning module UMG (62)
[2017.03.04-23.51.07:106][561]LogModuleManager: Shutting down and abandoning module SlateReflector (61)
[2017.03.04-23.51.07:106][561]LogModuleManager: Shutting down and abandoning module Slate (60)
[2017.03.04-23.51.07:106][561]LogModuleManager: Shutting down and abandoning module EditorStyle (59)
[2017.03.04-23.51.07:108][561]LogModuleManager: Shutting down and abandoning module Messaging (58)
[2017.03.04-23.51.07:108][561]LogModuleManager: Shutting down and abandoning module SourceCodeAccess (57)
[2017.03.04-23.51.07:108][561]LogModuleManager: Shutting down and abandoning module HeadMountedDisplay (56)
[2017.03.04-23.51.07:108][561]LogModuleManager: Shutting down and abandoning module XAudio2 (55)
[2017.03.04-23.51.07:108][561]LogModuleManager: Shutting down and abandoning module Networking (53)
[2017.03.04-23.51.07:108][561]LogModuleManager: Shutting down and abandoning module Core (52)
[2017.03.04-23.51.07:108][561]LogModuleManager: Shutting down and abandoning module KismetCompiler (51)
[2017.03.04-23.51.07:108][561]LogModuleManager: Shutting down and abandoning module PhysXFormats (50)
[2017.03.04-23.51.07:108][561]LogModuleManager: Shutting down and abandoning module SimplygonSwarm (49)
[2017.03.04-23.51.07:108][561]LogModuleManager: Shutting down and abandoning module SimplygonMeshReduction (48)
[2017.03.04-23.51.07:108][561]LogModuleManager: Shutting down and abandoning module QuadricMeshReduction (47)
[2017.03.04-23.51.07:108][561]LogModuleManager: Shutting down and abandoning module PropertyEditor (46)
[2017.03.04-23.51.07:108][561]LogModuleManager: Shutting down and abandoning module MeshUtilities (45)
[2017.03.04-23.51.07:108][561]LogModuleManager: Shutting down and abandoning module AssetRegistry (44)
[2017.03.04-23.51.07:108][561]LogModuleManager: Shutting down and abandoning module DerivedDataCache (43)
[2017.03.04-23.51.07:469][561]LogDerivedDataCache: Shutdown
[2017.03.04-23.51.07:469][561]LogModuleManager: Shutting down and abandoning module VulkanShaderFormat (42)
[2017.03.04-23.51.07:469][561]LogModuleManager: Shutting down and abandoning module ShaderFormatOpenGL (41)
[2017.03.04-23.51.07:469][561]LogModuleManager: Shutting down and abandoning module ShaderFormatD3D (40)
[2017.03.04-23.51.07:469][561]LogModuleManager: Shutting down and abandoning module MetalShaderFormat (39)
[2017.03.04-23.51.07:469][561]LogModuleManager: Shutting down and abandoning module TextureFormatUncompressed (38)
[2017.03.04-23.51.07:469][561]LogModuleManager: Shutting down and abandoning module TextureFormatPVR (37)
[2017.03.04-23.51.07:469][561]LogModuleManager: Shutting down and abandoning module TextureFormatDXT (36)
[2017.03.04-23.51.07:469][561]LogModuleManager: Shutting down and abandoning module TextureFormatIntelISPCTexComp (35)
[2017.03.04-23.51.07:469][561]LogModuleManager: Shutting down and abandoning module ImageWrapper (34)
[2017.03.04-23.51.07:469][561]LogModuleManager: Shutting down and abandoning module TextureFormatASTC (33)
[2017.03.04-23.51.07:469][561]LogModuleManager: Shutting down and abandoning module TextureFormatAndroid (32)
[2017.03.04-23.51.07:469][561]LogModuleManager: Shutting down and abandoning module AudioFormatOpus (31)
[2017.03.04-23.51.07:469][561]LogModuleManager: Shutting down and abandoning module AudioFormatOgg (30)
[2017.03.04-23.51.07:469][561]LogModuleManager: Shutting down and abandoning module AudioFormatADPCM (29)
[2017.03.04-23.51.07:469][561]LogModuleManager: Shutting down and abandoning module WindowsTargetPlatform (28)
[2017.03.04-23.51.07:469][561]LogModuleManager: Shutting down and abandoning module WindowsServerTargetPlatform (27)
[2017.03.04-23.51.07:469][561]LogModuleManager: Shutting down and abandoning module WindowsNoEditorTargetPlatform (26)
[2017.03.04-23.51.07:469][561]LogModuleManager: Shutting down and abandoning module WindowsClientTargetPlatform (25)
[2017.03.04-23.51.07:469][561]LogModuleManager: Shutting down and abandoning module TargetPlatform (24)
[2017.03.04-23.51.07:469][561]LogModuleManager: Shutting down and abandoning module InputCore (23)
[2017.03.04-23.51.07:469][561]LogModuleManager: Shutting down and abandoning module Settings (22)
[2017.03.04-23.51.07:469][561]LogModuleManager: Shutting down and abandoning module ExampleDeviceProfileSelector (21)
[2017.03.04-23.51.07:469][561]LogModuleManager: Shutting down and abandoning module OnlineBlueprintSupport (20)
[2017.03.04-23.51.07:469][561]LogModuleManager: Shutting down and abandoning module OnlineSubsystem (18)
[2017.03.04-23.51.07:469][561]LogOnline:Display: Unloading online subsystem: NULL
[2017.03.04-23.51.07:469][561]LogModuleManager: Shutting down and abandoning module SSL (17)
[2017.03.04-23.51.07:471][561]LogModuleManager: Shutting down and abandoning module HTTP (16)
[2017.03.04-23.51.07:471][561]LogModuleManager: Shutting down and abandoning module XMPP (15)
[2017.03.04-23.51.07:471][561]LogModuleManager: Shutting down and abandoning module TextureCompressor (14)
[2017.03.04-23.51.07:471][561]LogModuleManager: Shutting down and abandoning module ShaderCore (13)
[2017.03.04-23.51.07:471][561]LogModuleManager: Shutting down and abandoning module Landscape (12)
[2017.03.04-23.51.07:471][561]LogModuleManager: Shutting down and abandoning module SlateRHIRenderer (11)
[2017.03.04-23.51.07:473][561]LogModuleManager: Shutting down and abandoning module OpenGLDrv (10)
[2017.03.04-23.51.07:473][561]LogModuleManager: Shutting down and abandoning module D3D11RHI (9)
[2017.03.04-23.51.07:473][561]LogModuleManager: Shutting down and abandoning module AnimGraphRuntime (8)
[2017.03.04-23.51.07:473][561]LogModuleManager: Shutting down and abandoning module Renderer (7)
[2017.03.04-23.51.07:473][561]LogModuleManager: Shutting down and abandoning module Engine (6)
[2017.03.04-23.51.07:473][561]LogModuleManager: Shutting down and abandoning module CoreUObject (5)
[2017.03.04-23.51.07:473][561]LogModuleManager: Shutting down and abandoning module NetworkFile (4)
[2017.03.04-23.51.07:473][561]LogModuleManager: Shutting down and abandoning module StreamingFile (3)
[2017.03.04-23.51.07:473][561]LogModuleManager: Shutting down and abandoning module SandboxFile (2)
[2017.03.04-23.51.07:473][561]LogModuleManager: Shutting down and abandoning module PakFile (1)
[2017.03.04-23.51.07:474][561]LogExit: Exiting.
[2017.03.04-23.51.07:476][561]Log file closed, 03/04/17 18:51:07
