Log file open, 03/08/17 18:03:41
LogInit:Display: Running engine for game: Abyss
LogPlatformFile: Not using cached read wrapper
LogInit:Display: RandInit(-1077179824) SRandInit(-1077179823).
LogTaskGraph: Started task graph with 5 named threads and 6 total threads with 1 sets of task threads.
LogStats: Stats thread started at 1.541464
LogPluginManager: Loaded Plugin Paper2D, From C:/Program Files (x86)/Epic Games/4.14/Engine/Plugins/2D/Paper2D/Paper2D.uplugin
LogPluginManager: Loaded Plugin LightPropagationVolume, From C:/Program Files (x86)/Epic Games/4.14/Engine/Plugins/Blendables/LightPropagationVolume/LightPropagationVolume.uplugin
LogPluginManager: Loaded Plugin BlankPlugin, From C:/Program Files (x86)/Epic Games/4.14/Engine/Plugins/Developer/BlankPlugin/BlankPlugin.uplugin
LogPluginManager: Loaded Plugin CodeLiteSourceCodeAccess, From C:/Program Files (x86)/Epic Games/4.14/Engine/Plugins/Developer/CodeLiteSourceCodeAccess/CodeLiteSourceCodeAccess.uplugin
LogPluginManager: Loaded Plugin GitSourceControl, From C:/Program Files (x86)/Epic Games/4.14/Engine/Plugins/Developer/GitSourceControl/GitSourceControl.uplugin
LogPluginManager: Loaded Plugin KDevelopSourceCodeAccess, From C:/Program Files (x86)/Epic Games/4.14/Engine/Plugins/Developer/KDevelopSourceCodeAccess/KDevelopSourceCodeAccess.uplugin
LogPluginManager: Loaded Plugin NullSourceCodeAccess, From C:/Program Files (x86)/Epic Games/4.14/Engine/Plugins/Developer/NullSourceCodeAccess/NullSourceCodeAccess.uplugin
LogPluginManager: Loaded Plugin OneSkyLocalizationService, From C:/Program Files (x86)/Epic Games/4.14/Engine/Plugins/Developer/OneSkyLocalizationService/OneSkyLocalizationService.uplugin
LogPluginManager: Loaded Plugin PerforceSourceControl, From C:/Program Files (x86)/Epic Games/4.14/Engine/Plugins/Developer/PerforceSourceControl/PerforceSourceControl.uplugin
LogPluginManager: Loaded Plugin SubversionSourceControl, From C:/Program Files (x86)/Epic Games/4.14/Engine/Plugins/Developer/SubversionSourceControl/SubversionSourceControl.uplugin
LogPluginManager: Loaded Plugin UObjectPlugin, From C:/Program Files (x86)/Epic Games/4.14/Engine/Plugins/Developer/UObjectPlugin/UObjectPlugin.uplugin
LogPluginManager: Loaded Plugin VisualStudioSourceCodeAccess, From C:/Program Files (x86)/Epic Games/4.14/Engine/Plugins/Developer/VisualStudioSourceCodeAccess/VisualStudioSourceCodeAccess.uplugin
LogPluginManager: Loaded Plugin XCodeSourceCodeAccess, From C:/Program Files (x86)/Epic Games/4.14/Engine/Plugins/Developer/XCodeSourceCodeAccess/XCodeSourceCodeAccess.uplugin
LogPluginManager: Loaded Plugin AudioCapture, From C:/Program Files (x86)/Epic Games/4.14/Engine/Plugins/Editor/AudioCapture/AudioCapture.uplugin
LogPluginManager: Loaded Plugin EpicSurvey, From C:/Program Files (x86)/Epic Games/4.14/Engine/Plugins/Editor/EpicSurvey/EpicSurvey.uplugin
LogPluginManager: Loaded Plugin MacGraphicsSwitching, From C:/Program Files (x86)/Epic Games/4.14/Engine/Plugins/Editor/MacGraphicsSwitching/MacGraphicsSwitching.uplugin
LogPluginManager: Loaded Plugin MobileLauncherProfileWizard, From C:/Program Files (x86)/Epic Games/4.14/Engine/Plugins/Editor/MobileLauncherProfileWizard/MobileLauncherProfileWizard.uplugin
LogPluginManager: Loaded Plugin PluginBrowser, From C:/Program Files (x86)/Epic Games/4.14/Engine/Plugins/Editor/PluginBrowser/PluginBrowser.uplugin
LogPluginManager: Loaded Plugin SpeedTreeImporter, From C:/Program Files (x86)/Epic Games/4.14/Engine/Plugins/Editor/SpeedTreeImporter/SpeedTreeImporter.uplugin
LogPluginManager: Loaded Plugin SuperSearchEditor, From C:/Program Files (x86)/Epic Games/4.14/Engine/Plugins/Editor/SuperSearchEditor/SuperSearchEditor.uplugin
LogPluginManager: Loaded Plugin AlembicImporter, From C:/Program Files (x86)/Epic Games/4.14/Engine/Plugins/Experimental/AlembicImporter/AlembicImporter.uplugin
LogPluginManager: Loaded Plugin BlueprintStats, From C:/Program Files (x86)/Epic Games/4.14/Engine/Plugins/Experimental/BlueprintStats/BlueprintStats.uplugin
LogPluginManager: Loaded Plugin CharacterAI, From C:/Program Files (x86)/Epic Games/4.14/Engine/Plugins/Experimental/CharacterAI/CharacterAI.uplugin
LogPluginManager: Loaded Plugin CodeEditor, From C:/Program Files (x86)/Epic Games/4.14/Engine/Plugins/Experimental/CodeEditor/CodeEditor.uplugin
LogPluginManager: Loaded Plugin CodeView, From C:/Program Files (x86)/Epic Games/4.14/Engine/Plugins/Experimental/CodeView/CodeView.uplugin
LogPluginManager: Loaded Plugin HTML5Networking, From C:/Program Files (x86)/Epic Games/4.14/Engine/Plugins/Experimental/HTML5Networking/HTML5Networking.uplugin
LogPluginManager: Loaded Plugin OSVR, From C:/Program Files (x86)/Epic Games/4.14/Engine/Plugins/Experimental/OSVR/OSVR.uplugin
LogPluginManager: Loaded Plugin Phya, From C:/Program Files (x86)/Epic Games/4.14/Engine/Plugins/Experimental/Phya/Phya.uplugin
LogPluginManager: Loaded Plugin SignificanceManager, From C:/Program Files (x86)/Epic Games/4.14/Engine/Plugins/Experimental/SignificanceManager/SignificanceManager.uplugin
LogPluginManager: Loaded Plugin SimpleHMD, From C:/Program Files (x86)/Epic Games/4.14/Engine/Plugins/Experimental/SimpleHMD/SimpleHMD.uplugin
LogPluginManager: Loaded Plugin StereoPanorama, From C:/Program Files (x86)/Epic Games/4.14/Engine/Plugins/Experimental/StereoPanorama/StereoPanorama.uplugin
LogPluginManager: Loaded Plugin StructBox, From C:/Program Files (x86)/Epic Games/4.14/Engine/Plugins/Experimental/StructBox/StructBox.uplugin
LogPluginManager: Loaded Plugin HGGifImporter, From C:/Program Files (x86)/Epic Games/4.14/Engine/Plugins/Marketplace/HGGifImporter/HGGifImporter.uplugin
LogPluginManager: Loaded Plugin MidiAsset, From C:/Program Files (x86)/Epic Games/4.14/Engine/Plugins/Marketplace/MidiAsset/MidiAsset.uplugin
LogPluginManager: Loaded Plugin UnrealJS, From C:/Program Files (x86)/Epic Games/4.14/Engine/Plugins/Marketplace/UnrealJS/UnrealJS.uplugin
LogPluginManager: Loaded Plugin AndroidMedia, From C:/Program Files (x86)/Epic Games/4.14/Engine/Plugins/Media/AndroidMedia/AndroidMedia.uplugin
LogPluginManager: Loaded Plugin AvfMedia, From C:/Program Files (x86)/Epic Games/4.14/Engine/Plugins/Media/AvfMedia/AvfMedia.uplugin
LogPluginManager: Loaded Plugin MediaPlayerEditor, From C:/Program Files (x86)/Epic Games/4.14/Engine/Plugins/Media/MediaPlayerEditor/MediaPlayerEditor.uplugin
LogPluginManager: Loaded Plugin WmfMedia, From C:/Program Files (x86)/Epic Games/4.14/Engine/Plugins/Media/WmfMedia/WmfMedia.uplugin
LogPluginManager: Loaded Plugin MessagingDebugger, From C:/Program Files (x86)/Epic Games/4.14/Engine/Plugins/Messaging/MessagingDebugger/MessagingDebugger.uplugin
LogPluginManager: Loaded Plugin TcpMessaging, From C:/Program Files (x86)/Epic Games/4.14/Engine/Plugins/Messaging/TcpMessaging/TcpMessaging.uplugin
LogPluginManager: Loaded Plugin UdpMessaging, From C:/Program Files (x86)/Epic Games/4.14/Engine/Plugins/Messaging/UdpMessaging/UdpMessaging.uplugin
LogPluginManager: Loaded Plugin LevelSequenceEditor, From C:/Program Files (x86)/Epic Games/4.14/Engine/Plugins/MovieScene/LevelSequenceEditor/LevelSequenceEditor.uplugin
LogPluginManager: Loaded Plugin MatineeToLevelSequence, From C:/Program Files (x86)/Epic Games/4.14/Engine/Plugins/MovieScene/MatineeToLevelSequence/MatineeToLevelSequence.uplugin
LogPluginManager: Loaded Plugin NetcodeUnitTest, From C:/Program Files (x86)/Epic Games/4.14/Engine/Plugins/NetcodeUnitTest/NetcodeUnitTest/NetcodeUnitTest.uplugin
LogPluginManager: Loaded Plugin NUTUnrealEngine4, From C:/Program Files (x86)/Epic Games/4.14/Engine/Plugins/NetcodeUnitTest/NUTUnrealEngine4/NUTUnrealEngine4.uplugin
LogPluginManager: Loaded Plugin OnlineSubsystemGameCircle, From C:/Program Files (x86)/Epic Games/4.14/Engine/Plugins/Online/Android/OnlineSubsystemGameCircle/OnlineSubsystemGameCircle.uplugin
LogPluginManager: Loaded Plugin OnlineSubsystemGooglePlay, From C:/Program Files (x86)/Epic Games/4.14/Engine/Plugins/Online/Android/OnlineSubsystemGooglePlay/OnlineSubsystemGooglePlay.uplugin
LogPluginManager: Loaded Plugin OnlineSubsystemIOS, From C:/Program Files (x86)/Epic Games/4.14/Engine/Plugins/Online/IOS/OnlineSubsystemIOS/OnlineSubsystemIOS.uplugin
LogPluginManager: Loaded Plugin OnlineFramework, From C:/Program Files (x86)/Epic Games/4.14/Engine/Plugins/Online/OnlineFramework/OnlineFramework.uplugin
LogPluginManager: Loaded Plugin OnlineSubsystem, From C:/Program Files (x86)/Epic Games/4.14/Engine/Plugins/Online/OnlineSubsystem/OnlineSubsystem.uplugin
LogPluginManager: Loaded Plugin OnlineSubsystemAmazon, From C:/Program Files (x86)/Epic Games/4.14/Engine/Plugins/Online/OnlineSubsystemAmazon/OnlineSubsystemAmazon.uplugin
LogPluginManager: Loaded Plugin OnlineSubsystemFacebook, From C:/Program Files (x86)/Epic Games/4.14/Engine/Plugins/Online/OnlineSubsystemFacebook/OnlineSubsystemFacebook.uplugin
LogPluginManager: Loaded Plugin OnlineSubsystemNull, From C:/Program Files (x86)/Epic Games/4.14/Engine/Plugins/Online/OnlineSubsystemNull/OnlineSubsystemNull.uplugin
LogPluginManager: Loaded Plugin OnlineSubsystemOculus, From C:/Program Files (x86)/Epic Games/4.14/Engine/Plugins/Online/OnlineSubsystemOculus/OnlineSubsystemOculus.uplugin
LogPluginManager: Loaded Plugin OnlineSubsystemSteam, From C:/Program Files (x86)/Epic Games/4.14/Engine/Plugins/Online/OnlineSubsystemSteam/OnlineSubsystemSteam.uplugin
LogPluginManager: Loaded Plugin OnlineSubsystemUtils, From C:/Program Files (x86)/Epic Games/4.14/Engine/Plugins/Online/OnlineSubsystemUtils/OnlineSubsystemUtils.uplugin
LogPluginManager: Loaded Plugin IOSTapJoy, From C:/Program Files (x86)/Epic Games/4.14/Engine/Plugins/Runtime/Advertising/IOSTapJoy/IOSTapJoy.uplugin
LogPluginManager: Loaded Plugin AnalyticsBlueprintLibrary, From C:/Program Files (x86)/Epic Games/4.14/Engine/Plugins/Runtime/Analytics/AnalyticsBlueprintLibrary/AnalyticsBlueprintLibrary.uplugin
LogPluginManager: Loaded Plugin AnalyticsMulticast, From C:/Program Files (x86)/Epic Games/4.14/Engine/Plugins/Runtime/Analytics/AnalyticsMulticast/AnalyticsMulticast.uplugin
LogPluginManager: Loaded Plugin Apsalar, From C:/Program Files (x86)/Epic Games/4.14/Engine/Plugins/Runtime/Analytics/Apsalar/Apsalar.uplugin
LogPluginManager: Loaded Plugin FileLogging, From C:/Program Files (x86)/Epic Games/4.14/Engine/Plugins/Runtime/Analytics/FileLogging/FileLogging.uplugin
LogPluginManager: Loaded Plugin Flurry, From C:/Program Files (x86)/Epic Games/4.14/Engine/Plugins/Runtime/Analytics/Flurry/Flurry.uplugin
LogPluginManager: Loaded Plugin AndroidDeviceProfileSelector, From C:/Program Files (x86)/Epic Games/4.14/Engine/Plugins/Runtime/AndroidDeviceProfileSelector/AndroidDeviceProfileSelector.uplugin
LogPluginManager: Loaded Plugin AndroidMoviePlayer, From C:/Program Files (x86)/Epic Games/4.14/Engine/Plugins/Runtime/AndroidMoviePlayer/AndroidMoviePlayer.uplugin
LogPluginManager: Loaded Plugin AppleMoviePlayer, From C:/Program Files (x86)/Epic Games/4.14/Engine/Plugins/Runtime/AppleMoviePlayer/AppleMoviePlayer.uplugin
LogPluginManager: Loaded Plugin ArchVisCharacter, From C:/Program Files (x86)/Epic Games/4.14/Engine/Plugins/Runtime/ArchVisCharacter/ArchVisCharacter.uplugin
LogPluginManager: Loaded Plugin CableComponent, From C:/Program Files (x86)/Epic Games/4.14/Engine/Plugins/Runtime/CableComponent/CableComponent.uplugin
LogPluginManager: Loaded Plugin CustomMeshComponent, From C:/Program Files (x86)/Epic Games/4.14/Engine/Plugins/Runtime/CustomMeshComponent/CustomMeshComponent.uplugin
LogPluginManager: Loaded Plugin ExampleDeviceProfileSelector, From C:/Program Files (x86)/Epic Games/4.14/Engine/Plugins/Runtime/ExampleDeviceProfileSelector/ExampleDeviceProfileSelector.uplugin
LogPluginManager: Loaded Plugin GearVR, From C:/Program Files (x86)/Epic Games/4.14/Engine/Plugins/Runtime/GearVR/GearVR.uplugin
LogPluginManager: Loaded Plugin GoogleVRController, From C:/Program Files (x86)/Epic Games/4.14/Engine/Plugins/Runtime/GoogleVR/GoogleVRController/GoogleVRController.uplugin
LogPluginManager: Loaded Plugin GoogleVRHMD, From C:/Program Files (x86)/Epic Games/4.14/Engine/Plugins/Runtime/GoogleVR/GoogleVRHMD/GoogleVRHMD.uplugin
LogPluginManager: Loaded Plugin IOSDeviceProfileSelector, From C:/Program Files (x86)/Epic Games/4.14/Engine/Plugins/Runtime/IOSDeviceProfileSelector/IOSDeviceProfileSelector.uplugin
LogPluginManager: Loaded Plugin LeapMotion, From C:/Program Files (x86)/Epic Games/4.14/Engine/Plugins/Runtime/LeapMotion/LeapMotion.uplugin
LogPluginManager: Loaded Plugin LinuxDeviceProfileSelector, From C:/Program Files (x86)/Epic Games/4.14/Engine/Plugins/Runtime/LinuxDeviceProfileSelector/LinuxDeviceProfileSelector.uplugin
LogPluginManager: Loaded Plugin MIDIDevice, From C:/Program Files (x86)/Epic Games/4.14/Engine/Plugins/Runtime/MIDIDevice/MIDIDevice.uplugin
LogPluginManager: Loaded Plugin MobilePatchingUtils, From C:/Program Files (x86)/Epic Games/4.14/Engine/Plugins/Runtime/MobilePatchingUtils/MobilePatchingUtils.uplugin
LogPluginManager: Loaded Plugin Ansel, From C:/Program Files (x86)/Epic Games/4.14/Engine/Plugins/Runtime/Nvidia/Ansel/Ansel.uplugin
LogPluginManager: Loaded Plugin OculusAudio, From C:/Program Files (x86)/Epic Games/4.14/Engine/Plugins/Runtime/OculusAudio/OculusAudio.uplugin
LogPluginManager: Loaded Plugin OculusInput, From C:/Program Files (x86)/Epic Games/4.14/Engine/Plugins/Runtime/OculusInput/OculusInput.uplugin
LogPluginManager: Loaded Plugin OculusLibrary, From C:/Program Files (x86)/Epic Games/4.14/Engine/Plugins/Runtime/OculusLibrary/OculusLibrary.uplugin
LogPluginManager: Loaded Plugin OculusRift, From C:/Program Files (x86)/Epic Games/4.14/Engine/Plugins/Runtime/OculusRift/OculusRift.uplugin
LogPluginManager: Loaded Plugin Oodle, From C:/Program Files (x86)/Epic Games/4.14/Engine/Plugins/Runtime/PacketHandlers/CompressionComponents/Oodle/Oodle.uplugin
LogPluginManager: Loaded Plugin ProceduralMeshComponent, From C:/Program Files (x86)/Epic Games/4.14/Engine/Plugins/Runtime/ProceduralMeshComponent/ProceduralMeshComponent.uplugin
LogPluginManager: Loaded Plugin SoundMod, From C:/Program Files (x86)/Epic Games/4.14/Engine/Plugins/Runtime/SoundMod/SoundMod.uplugin
LogPluginManager: Loaded Plugin SoundVisualizations, From C:/Program Files (x86)/Epic Games/4.14/Engine/Plugins/Runtime/SoundVisualizations/SoundVisualizations.uplugin
LogPluginManager: Loaded Plugin SteamController, From C:/Program Files (x86)/Epic Games/4.14/Engine/Plugins/Runtime/Steam/SteamController/SteamController.uplugin
LogPluginManager: Loaded Plugin SteamVR, From C:/Program Files (x86)/Epic Games/4.14/Engine/Plugins/Runtime/Steam/SteamVR/SteamVR.uplugin
LogPluginManager: Loaded Plugin WebBrowserWidget, From C:/Program Files (x86)/Epic Games/4.14/Engine/Plugins/Runtime/WebBrowserWidget/WebBrowserWidget.uplugin
LogPluginManager: Loaded Plugin WindowsDeviceProfileSelector, From C:/Program Files (x86)/Epic Games/4.14/Engine/Plugins/Runtime/WindowsDeviceProfileSelector/WindowsDeviceProfileSelector.uplugin
LogPluginManager: Loaded Plugin WindowsMoviePlayer, From C:/Program Files (x86)/Epic Games/4.14/Engine/Plugins/Runtime/WindowsMoviePlayer/WindowsMoviePlayer.uplugin
LogPluginManager: Loaded Plugin ScriptPlugin, From C:/Program Files (x86)/Epic Games/4.14/Engine/Plugins/ScriptPlugin/ScriptPlugin.uplugin
LogPluginManager: Loaded Plugin SlateRemote, From C:/Program Files (x86)/Epic Games/4.14/Engine/Plugins/Slate/SlateRemote/SlateRemote.uplugin
LogPluginManager: Loaded Plugin EditorTests, From C:/Program Files (x86)/Epic Games/4.14/Engine/Plugins/Tests/EditorTests/EditorTests.uplugin
LogPluginManager: Loaded Plugin FbxAutomationTestBuilder, From C:/Program Files (x86)/Epic Games/4.14/Engine/Plugins/Tests/FbxAutomationTestBuilder/FbxAutomationTestBuilder.uplugin
LogPluginManager: Loaded Plugin FunctionalTestingEditor, From C:/Program Files (x86)/Epic Games/4.14/Engine/Plugins/Tests/FunctionalTestingEditor/FunctionalTestingEditor.uplugin
LogPluginManager: Loaded Plugin RuntimeTests, From C:/Program Files (x86)/Epic Games/4.14/Engine/Plugins/Tests/RuntimeTests/RuntimeTests.uplugin
LogPluginManager: Loaded Plugin ScreenshotTools, From C:/Program Files (x86)/Epic Games/4.14/Engine/Plugins/Tests/ScreenshotTools/ScreenshotTools.uplugin
LogInit: Using libcurl 7.47.1
LogInit:  - built for x86_64-pc-win32
LogInit:  - supports SSL with OpenSSL/1.0.2g
LogInit:  - supports HTTP deflate (compression) using libz 1.2.8
LogInit:  - other features:
LogInit:      CURL_VERSION_SSL
LogInit:      CURL_VERSION_LIBZ
LogInit:      CURL_VERSION_IPV6
LogInit:      CURL_VERSION_ASYNCHDNS
LogInit:      CURL_VERSION_LARGEFILE
LogInit:      CURL_VERSION_IDN
LogInit:  CurlRequestOptions (configurable via config and command line):
LogInit:  - bVerifyPeer = false  - Libcurl will NOT verify peer certificate
LogInit:  - bUseHttpProxy = false  - Libcurl will NOT use HTTP proxy
LogInit:  - bDontReuseConnections = false  - Libcurl will reuse connections
LogInit:  - CertBundlePath = nullptr  - Libcurl will use whatever was configured at build time.
LogInit: Build: ++UE4+Release-4.14-CL-3249277
LogInit: Engine Version: 4.14.3-3249277+++UE4+Release-4.14
LogInit: Compatible Engine Version: 4.14.0-3195953+++UE4+Release-4.14
LogInit: Net CL: 3195953
LogDevObjectVersion: Number of dev versions registered: 13
LogDevObjectVersion:   Dev-Blueprints (B0D832E4-1F89-4F0D-ACCF-7EB736FD4AA2): 7
LogDevObjectVersion:   Dev-Build (E1C64328-A22C-4D53-A36C-8E866417BD8C): 0
LogDevObjectVersion:   Dev-Core (375EC13C-06E4-48FB-B500-84F0262A717E): 1
LogDevObjectVersion:   Dev-Editor (E4B068ED-F494-42E9-A231-DA0B2E46BB41): 8
LogDevObjectVersion:   Dev-Framework (CFFC743F-43B0-4480-9391-14DF171D2073): 17
LogDevObjectVersion:   Dev-Mobile (B02B49B5-BB20-44E9-A304-32B752E40360): 0
LogDevObjectVersion:   Dev-Networking (A4E4105C-59A1-49B5-A7C5-40C4547EDFEE): 0
LogDevObjectVersion:   Dev-Online (39C831C9-5AE6-47DC-9A44-9C173E1C8E7C): 0
LogDevObjectVersion:   Dev-Physics (78F01B33-EBEA-4F98-B9B4-84EACCB95AA2): 0
LogDevObjectVersion:   Dev-Platform (6631380F-2D4D-43E0-8009-CF276956A95A): 0
LogDevObjectVersion:   Dev-Rendering (12F88B9F-8875-4AFC-A67C-D90C383ABD29): 12
LogDevObjectVersion:   Dev-Sequencer (7B5AE74C-D270-4C10-A958-57980B212A5A): 1
LogDevObjectVersion:   Dev-VR (D7296918-1DD6-4BDD-9DE2-64A83CC13884): 0
LogInit: Compiled (64-bit): Jan  6 2017 10:49:43
LogInit: Compiled with Visual C++: 19.00.23026.00
LogInit: Build Configuration: Development
LogInit: Branch Name: ++UE4+Release-4.14
LogInit: Command line:  /Temp/Autosaves/Game/Maps-Levels/Fort/Exploration/UEDPCFort_Exploration1 -game -PIEVIACONSOLE -ResX=1280 -ResY=720  -Multiprocess -messaging -SessionName="Play in Standalone Game" -windowed 
LogInit: Base directory: C:/Program Files (x86)/Epic Games/4.14/Engine/Binaries/Win64/
LogInit: Installed Engine Build: 1
LogInit: Presizing for max 8388607 objects, including 0 objects not considered by GC, pre-allocating 0 bytes for permanent pool.
LogInit: Object subsystem initialized
[2017.03.08-23.03.44:776][  0]LogInit: Selected Device Profile: [Windows]
[2017.03.08-23.03.44:776][  0]LogInit: Applying CVar settings loaded from the selected device profile: [Windows]
[2017.03.08-23.03.44:929][  0]LogInit: Computer: THEPOWERPC
[2017.03.08-23.03.44:929][  0]LogInit: User: Anthony
[2017.03.08-23.03.44:929][  0]LogInit: CPU Page size=65536, Cores=2
[2017.03.08-23.03.44:929][  0]LogInit: High frequency timer resolution =1.607353 MHz
[2017.03.08-23.03.44:930][  0]LogMemory: Memory total: Physical=3.7GB (4GB approx)
[2017.03.08-23.03.44:930][  0]LogMemory: Platform Memory Stats for Windows
[2017.03.08-23.03.44:930][  0]LogMemory: Process Physical Memory: 264.23 MB used, 264.23 MB peak
[2017.03.08-23.03.44:930][  0]LogMemory: Process Virtual Memory: 262.82 MB used, 262.82 MB peak
[2017.03.08-23.03.44:930][  0]LogMemory: Physical Memory: 2999.78 MB used,  819.12 MB free, 3818.90 MB total
[2017.03.08-23.03.44:930][  0]LogMemory: Virtual Memory: 650.93 MB used,  819.12 MB free, 8388608.00 MB total
[2017.03.08-23.03.46:618][  0]LogTextLocalizationManager: No specific translations for ('en-US') exist, so ('en') translations will be used.
[2017.03.08-23.03.48:461][  0]LogD3D11RHI: D3D11 adapters:
[2017.03.08-23.03.48:563][  0]LogD3D11RHI:    0. 'AMD Radeon HD 6320 Graphics' (Feature Level 11_0)
[2017.03.08-23.03.48:563][  0]LogD3D11RHI:       250/0/1653 MB DedicatedVideo/DedicatedSystem/SharedSystem, Outputs:1, VendorId:0x1002
[2017.03.08-23.03.48:563][  0]LogD3D11RHI: Chosen D3D11 Adapter: 0
[2017.03.08-23.03.48:588][  0]LogD3D11RHI: Creating new Direct3DDevice
[2017.03.08-23.03.48:588][  0]LogD3D11RHI:     GPU DeviceId: 0x9806 (for the marketing name, search the web for "GPU Device Id")
[2017.03.08-23.03.48:588][  0]LogWindows: EnumDisplayDevices:
[2017.03.08-23.03.48:588][  0]LogWindows:    0. 'AMD Radeon HD 6320 Graphics' (P:1 D:1)
[2017.03.08-23.03.48:589][  0]LogWindows:    1. 'AMD Radeon HD 6320 Graphics' (P:0 D:0)
[2017.03.08-23.03.48:589][  0]LogWindows:    2. 'RDPDD Chained DD' (P:0 D:0)
[2017.03.08-23.03.48:590][  0]LogWindows:    3. 'RDP Encoder Mirror Driver' (P:0 D:0)
[2017.03.08-23.03.48:591][  0]LogWindows:    4. 'RDP Reflector Display Driver' (P:0 D:0)
[2017.03.08-23.03.48:591][  0]LogWindows: DebugString: GetVideoDriverDetailsInvalid PrimaryIsNotTheChoosenAdapter GetVideoDriverDetailsInvalid PrimaryIsNotTheChoosenAdapter GetVideoDriverDetailsInvalid PrimaryIsNotTheChoosenAdapter FoundDriverCount:2 
[2017.03.08-23.03.48:591][  0]LogD3D11RHI:     Adapter Name: AMD Radeon HD 6320 Graphics
[2017.03.08-23.03.48:591][  0]LogD3D11RHI:   Driver Version: Catalyst 15.7.1 (internal:15.200.1062.1004, unified:15.200.1062.1004)
[2017.03.08-23.03.48:591][  0]LogD3D11RHI:      Driver Date: 8-3-2015
[2017.03.08-23.03.48:591][  0]LogRHI: Texture pool is 175 MB (70% of 250 MB)
[2017.03.08-23.03.48:619][  0]LogD3D11RHI: Async texture creation enabled
[2017.03.08-23.03.48:654][  0]LogD3D11RHI: GPU Timing Frequency: 50.000000 (Debug: 2 2)
[2017.03.08-23.03.48:657][  0]LogShaderCompilers: Guid format shader working directory is -20 characters bigger than the processId version (../../../../../../Users/Anthony/Documents/GitHub/ChimeraGames/Abyss/Intermediate/Shaders/WorkingDirectory/68324/).
[2017.03.08-23.03.48:658][  0]LogShaderCompilers: Cleaned the shader compiler working directory 'C:/Users/Anthony/AppData/Local/Temp/UnrealShaderWorkingDir/D9F8CA614877C6D7C8D815B7F291BD1B/'.
[2017.03.08-23.03.48:658][  0]LogShaderCompilers:Display: Using Local Shader Compiler.
[2017.03.08-23.04.02:254][  0]LogTemp:Display: Loaded TP WindowsClientTargetPlatform
[2017.03.08-23.04.02:491][  0]LogTemp:Display: Loaded TP WindowsNoEditorTargetPlatform
[2017.03.08-23.04.02:730][  0]LogTemp:Display: Loaded TP WindowsServerTargetPlatform
[2017.03.08-23.04.02:965][  0]LogTemp:Display: Loaded TP WindowsTargetPlatform
[2017.03.08-23.04.02:965][  0]LogTargetPlatformManager:Display: Building Assets For Windows
[2017.03.08-23.04.05:279][  0]LogDerivedDataCache:Display: Max Cache Size: 512 MB
[2017.03.08-23.04.06:202][  0]LogDerivedDataCache: Loaded boot cache 0.92s 50MB C:/Users/Anthony/AppData/Local/UnrealEngine/4.14/DerivedDataCache/Boot.ddc.
[2017.03.08-23.04.06:202][  0]LogDerivedDataCache:Display: Loaded Boot cache: C:/Users/Anthony/AppData/Local/UnrealEngine/4.14/DerivedDataCache/Boot.ddc
[2017.03.08-23.04.06:203][  0]LogDerivedDataCache: FDerivedDataBackendGraph:  Pak pak cache file ../../../../../../Users/Anthony/Documents/GitHub/ChimeraGames/Abyss/DerivedDataCache/DDC.ddp not found, will not use a pak cache.
[2017.03.08-23.04.06:203][  0]LogDerivedDataCache: Unable to find inner node Pak for hierarchical cache Hierarchy.
[2017.03.08-23.04.06:203][  0]LogDerivedDataCache: FDerivedDataBackendGraph:  CompressedPak pak cache file ../../../../../../Users/Anthony/Documents/GitHub/ChimeraGames/Abyss/DerivedDataCache/Compressed.ddp not found, will not use a pak cache.
[2017.03.08-23.04.06:203][  0]LogDerivedDataCache: Unable to find inner node CompressedPak for hierarchical cache Hierarchy.
[2017.03.08-23.04.06:304][  0]LogDerivedDataCache:Display: Pak cache opened for reading ../../../Engine/DerivedDataCache/Compressed.ddp.
[2017.03.08-23.04.06:319][  0]LogDerivedDataCache: Using Local data cache path C:/Users/Anthony/AppData/Local/UnrealEngine/Common/DerivedDataCache: Writable
[2017.03.08-23.04.10:405][  0]LogAssetRegistry: FAssetRegistry took 0.0010 seconds to start up
[2017.03.08-23.04.10:447][  0]LogPackageLocalizationCache: Processed 4 localized package path(s) for 2 prioritized culture(s) in 0.041626 seconds
[2017.03.08-23.04.10:533][  0]LogInit: Selected Device Profile: [Windows]
[2017.03.08-23.04.10:540][  0]LogContentStreaming: Texture pool size is 1000.00 MB
[2017.03.08-23.04.11:560][  0]LogMeshUtilities: Using QuadricMeshReduction for automatic static mesh reduction
[2017.03.08-23.04.11:802][  0]LogSimplygon: Simplygon DLL not present - disabling.
[2017.03.08-23.04.11:990][  0]LogMeshUtilities: Using SimplygonSwarm for distributed automatic mesh merging
[2017.03.08-23.04.11:990][  0]LogMeshUtilities: No automatic skeletal mesh reduction module available
[2017.03.08-23.04.11:990][  0]LogMeshUtilities: No automatic mesh merging module available
[2017.03.08-23.04.14:635][  0]LogNetVersion: GetLocalNetworkVersion: CL: 3195953, ProjectName: abyss, ProjectVersion: , EngineNetworkVersion: 2, GameNetworkVersion: 0, NetworkChecksum: 1595127573
[2017.03.08-23.04.14:954][  0]LogInit: WinSock: version 1.1 (2.2), MaxSocks=32767, MaxUdp=65467
[2017.03.08-23.04.18:834][  0]LogSlate: Using Freetype 2.6.0
[2017.03.08-23.04.18:838][  0]LogSlate: SlateFontCache - WITH_FREETYPE: 1, WITH_HARFBUZZ: 1
[2017.03.08-23.04.18:838][  0]LogSlate: SlateFontCache - WITH_FREETYPE: 1, WITH_HARFBUZZ: 1
[2017.03.08-23.04.20:197][  0]LogMoviePlayer: Initializing movie player
[2017.03.08-23.04.20:364][  0]LogWindowsMoviePlayer: Unable to load movie: ../../../../../../Users/Anthony/Documents/GitHub/ChimeraGames/Abyss/Content/Movies/Default_Startup.mp4
[2017.03.08-23.04.21:585][  0]JavascriptCmd: Unreal.js started. V8 5.7.201
[2017.03.08-23.04.22:956][  0]SourceControl: Info Source control is disabled
[2017.03.08-23.04.22:956][  0]SourceControl: Info Source control is disabled
[2017.03.08-23.04.23:222][  0]SourceControl: Info Source control is disabled
[2017.03.08-23.04.25:942][  0]LogUObjectArray: 34631 objects as part of root set at end of initial load.
[2017.03.08-23.04.25:942][  0]LogUObjectAllocator: 7649240 out of 0 bytes used by permanent object pool.
[2017.03.08-23.04.25:942][  0]LogUObjectArray: CloseDisregardForGC: 0/0 objects in disregard for GC pool
[2017.03.08-23.04.26:754][  0]LogEngine: Initializing Engine...
[2017.03.08-23.04.27:580][  0]LogInit: XAudio2 using 'Speakers (Conexant High Definition Audio)' : 2 channels at 44.1 kHz using 16 bits per sample (channel mask 0x3)
[2017.03.08-23.04.27:637][  0]LogInit: FAudioDevice initialized.
[2017.03.08-23.04.27:696][  0]LogInit: Texture streaming: Enabled
[2017.03.08-23.04.27:883][  0]LogMaterial: Uniform references updated for custom material expression Custom.
[2017.03.08-23.04.30:422][  0]LogInit:Display: Game Engine Initialized.
[2017.03.08-23.04.30:858][  0]LogInit:Display: Starting Game.
[2017.03.08-23.04.30:859][  0]LogNet: Browse: /Temp/Autosaves/Game/Maps-Levels/Fort/Exploration/UEDPCFort_Exploration1?Name=Player
[2017.03.08-23.04.30:859][  0]LogLoad: LoadMap: /Temp/Autosaves/Game/Maps-Levels/Fort/Exploration/UEDPCFort_Exploration1?Name=Player
[2017.03.08-23.04.30:977][  0]LogMemory: Platform Memory Stats for Windows
[2017.03.08-23.04.30:977][  0]LogMemory: Process Physical Memory: 621.27 MB used, 641.31 MB peak
[2017.03.08-23.04.30:977][  0]LogMemory: Process Virtual Memory: 592.57 MB used, 626.45 MB peak
[2017.03.08-23.04.30:977][  0]LogMemory: Physical Memory: 3280.30 MB used,  538.61 MB free, 3818.90 MB total
[2017.03.08-23.04.30:977][  0]LogMemory: Virtual Memory: 1203.54 MB used,  538.61 MB free, 8388608.00 MB total
[2017.03.08-23.04.30:977][  0]LogMemory: 
[2017.03.08-23.04.30:977][  0]Allocator Stats for TBB: (not implemented)
[2017.03.08-23.04.34:713][  0]LogAIModule: Creating AISystem for world Fort_Exploration1
[2017.03.08-23.04.34:714][  0]LogLoad: Game class is 'abyssExplorationMode_C'
[2017.03.08-23.04.34:762][  0]LogWorld: Bringing World /Temp/Autosaves/Game/Maps-Levels/Fort/Exploration/UEDPCFort_Exploration1.Fort_Exploration1 up for play (max tick rate 0) at 2017.03.08-18.04.34
[2017.03.08-23.04.34:767][  0]LogWorld: Bringing up level for play took: 0.050820
[2017.03.08-23.04.34:807][  0]LogLoad: Took 3.948624 seconds to LoadMap(/Temp/Autosaves/Game/Maps-Levels/Fort/Exploration/UEDPCFort_Exploration1)
[2017.03.08-23.04.35:830][  0]LogLoad: (Engine Initialization) Total time: 64.17 seconds
[2017.03.08-23.04.35:830][  0]LogLoad: (Engine Initialization) Total Blueprint compile time: 1.83 seconds
[2017.03.08-23.04.35:830][  0]LogExternalProfiler: Found external profiler: VSPerf
[2017.03.08-23.04.35:830][  0]LogExternalProfiler: Using external profiler: VSPerf
[2017.03.08-23.04.36:168][  2]LogRenderer: Reallocating scene render targets to support 1280x720 NumSamples 1 (Frame:2).
[2017.03.08-23.04.52:768][100]LogPackageName: SearchForPackageOnDisk took   1.728s to resolve Fort_Battle.umap.
[2017.03.08-23.04.53:101][101]LogPackageName: SearchForPackageOnDisk took   0.263s to resolve Fort_Battle.umap.
[2017.03.08-23.04.53:101][101]LogNet: Browse: /Game/Maps-Levels/Fort_Battle
[2017.03.08-23.04.53:101][101]LogLoad: LoadMap: /Game/Maps-Levels/Fort_Battle
[2017.03.08-23.04.53:287][101]LogAudio:Warning: Audio Component is being destroyed without stopping looping sound 'ambientBackground'
[2017.03.08-23.04.53:581][101]LogMemory: Platform Memory Stats for Windows
[2017.03.08-23.04.53:581][101]LogMemory: Process Physical Memory: 691.78 MB used, 705.25 MB peak
[2017.03.08-23.04.53:581][101]LogMemory: Process Virtual Memory: 642.94 MB used, 647.40 MB peak
[2017.03.08-23.04.53:581][101]LogMemory: Physical Memory: 3301.91 MB used,  517.00 MB free, 3818.90 MB total
[2017.03.08-23.04.53:581][101]LogMemory: Virtual Memory: 1279.86 MB used,  517.00 MB free, 8388608.00 MB total
[2017.03.08-23.04.53:581][101]LogMemory: 
[2017.03.08-23.04.53:581][101]Allocator Stats for TBB: (not implemented)
[2017.03.08-23.04.56:142][101]LogAIModule: Creating AISystem for world Fort_Battle
[2017.03.08-23.04.56:143][101]LogLoad: Game class is 'abyssBattleScene_C'
[2017.03.08-23.04.56:242][101]LogWorld: Bringing World /Game/Maps-Levels/Fort_Battle.Fort_Battle up for play (max tick rate 0) at 2017.03.08-18.04.56
[2017.03.08-23.04.56:300][101]LogWorld: Bringing up level for play took: 0.154843
[2017.03.08-23.04.56:303][101]LogGameMode: Warning - PATHS NOT DEFINED or NO PLAYERSTART with positive rating
[2017.03.08-23.04.56:379][101]LogLoad: Took 3.276855 seconds to LoadMap(/Game/Maps-Levels/Fort_Battle)
[2017.03.08-23.05.05:991][183]LogBlueprintUserMessages: [BattleHUD_C_0] Enemy is dead
[2017.03.08-23.05.09:168][215]LogBlueprintUserMessages: [ItemSlot0] Changed!
[2017.03.08-23.05.11:300][233]LogPackageName: SearchForPackageOnDisk took   0.309s to resolve Fort_Exploration.umap.
[2017.03.08-23.05.11:555][233]LogPackageName: SearchForPackageOnDisk took   0.249s to resolve Fort_Exploration.umap.
[2017.03.08-23.05.11:555][233]LogNet: Browse: /Game/Maps-Levels/Fort/Fort_Exploration
[2017.03.08-23.05.11:555][233]LogLoad: LoadMap: /Game/Maps-Levels/Fort/Fort_Exploration
[2017.03.08-23.05.11:802][233]LogMemory: Platform Memory Stats for Windows
[2017.03.08-23.05.11:803][233]LogMemory: Process Physical Memory: 702.70 MB used, 718.57 MB peak
[2017.03.08-23.05.11:803][233]LogMemory: Process Virtual Memory: 647.93 MB used, 651.62 MB peak
[2017.03.08-23.05.11:803][233]LogMemory: Physical Memory: 3269.91 MB used,  549.00 MB free, 3818.90 MB total
[2017.03.08-23.05.11:803][233]LogMemory: Virtual Memory: 1283.86 MB used,  549.00 MB free, 8388608.00 MB total
[2017.03.08-23.05.11:803][233]LogMemory: 
[2017.03.08-23.05.11:803][233]Allocator Stats for TBB: (not implemented)
[2017.03.08-23.05.14:742][233]LogAIModule: Creating AISystem for world Fort_Exploration
[2017.03.08-23.05.14:743][233]LogLoad: Game class is 'abyssExplorationMode_C'
[2017.03.08-23.05.14:808][233]LogWorld: Bringing World /Game/Maps-Levels/Fort/Fort_Exploration.Fort_Exploration up for play (max tick rate 0) at 2017.03.08-18.05.14
[2017.03.08-23.05.14:810][233]LogWorld: Bringing up level for play took: 0.065718
[2017.03.08-23.05.14:852][233]LogLoad: Took 3.296689 seconds to LoadMap(/Game/Maps-Levels/Fort/Fort_Exploration)
[2017.03.08-23.05.14:878][233]LogScriptCore:Warning: Script Msg: Attempted to access index 7 from array CallFunc_GetAllActorsOfClass_OutActors2 of length 2!
[2017.03.08-23.05.33:576][416]LogBlueprintUserMessages: [checkPoint_486] Checkpoint!
[2017.03.08-23.05.57:396][638]LogEngine: All Windows Closed
[2017.03.08-23.05.57:396][638]LogWindows: FPlatformMisc::RequestExit(0)
[2017.03.08-23.05.57:422][639]LogMoviePlayer: Shutting down movie player
[2017.03.08-23.05.58:949][639]LogExit: Preparing to exit.
[2017.03.08-23.05.59:674][639]LogExit: Game engine shut down
[2017.03.08-23.06.06:925][639]LogObj: Freed 0b from 0 cluster array pools.
[2017.03.08-23.06.06:926][639]LogExit: Object subsystem successfully closed.
[2017.03.08-23.06.07:514][639]LogD3D11RHI: Shutdown
[2017.03.08-23.06.07:552][639]LogD3D11RHI: CleanupD3DDevice
[2017.03.08-23.06.09:861][639]LogD3D11RHI: ~FD3D11DynamicRHI
[2017.03.08-23.06.12:978][639]LogModuleManager: Shutting down and abandoning module SequenceRecorderSections (119)
[2017.03.08-23.06.13:018][639]LogModuleManager: Shutting down and abandoning module SequenceRecorder (118)
[2017.03.08-23.06.13:030][639]LogModuleManager: Shutting down and abandoning module AutomationController (117)
[2017.03.08-23.06.13:069][639]LogModuleManager: Shutting down and abandoning module AutomationWorker (116)
[2017.03.08-23.06.13:094][639]LogModuleManager: Shutting down and abandoning module GameplayDebugger (115)
[2017.03.08-23.06.13:109][639]LogModuleManager: Shutting down and abandoning module AITestSuite (114)
[2017.03.08-23.06.13:135][639]LogModuleManager: Shutting down and abandoning module AIModule (113)
[2017.03.08-23.06.13:135][639]LogModuleManager: Shutting down and abandoning module Media (112)
[2017.03.08-23.06.13:135][639]LogModuleManager: Shutting down and abandoning module WmfMediaFactory (111)
[2017.03.08-23.06.13:135][639]LogModuleManager: Shutting down and abandoning module CharacterAI (110)
[2017.03.08-23.06.13:135][639]LogModuleManager: Shutting down and abandoning module SessionServices (109)
[2017.03.08-23.06.13:135][639]LogModuleManager: Shutting down and abandoning module MovieSceneCapture (108)
[2017.03.08-23.06.13:135][639]LogModuleManager: Shutting down and abandoning module GeometryCacheEd (107)
[2017.03.08-23.06.13:135][639]LogModuleManager: Shutting down and abandoning module GeometryCache (106)
[2017.03.08-23.06.13:135][639]LogModuleManager: Shutting down and abandoning module Niagara (105)
[2017.03.08-23.06.13:135][639]LogModuleManager: Shutting down and abandoning module StreamingPauseRendering (104)
[2017.03.08-23.06.13:135][639]LogModuleManager: Shutting down and abandoning module PortalServices (103)
[2017.03.08-23.06.13:135][639]LogModuleManager: Shutting down and abandoning module PortalRpc (102)
[2017.03.08-23.06.13:135][639]LogModuleManager: Shutting down and abandoning module MessagingRpc (101)
[2017.03.08-23.06.13:135][639]LogModuleManager: Shutting down and abandoning module ProfilerService (100)
[2017.03.08-23.06.13:184][639]LogModuleManager: Shutting down and abandoning module TaskGraph (99)
[2017.03.08-23.06.13:222][639]LogModuleManager: Shutting down and abandoning module SlateRemote (98)
[2017.03.08-23.06.13:222][639]LogModuleManager: Shutting down and abandoning module ProceduralMeshComponent (97)
[2017.03.08-23.06.13:256][639]LogModuleManager: Shutting down and abandoning module CustomMeshComponent (96)
[2017.03.08-23.06.13:256][639]LogModuleManager: Shutting down and abandoning module CableComponent (95)
[2017.03.08-23.06.13:256][639]LogModuleManager: Shutting down and abandoning module ArchVisCharacter (94)
[2017.03.08-23.06.13:256][639]LogModuleManager: Shutting down and abandoning module HTML5Networking (92)
[2017.03.08-23.06.13:256][639]LogModuleManager: Shutting down and abandoning module DesktopPlatform (91)
[2017.03.08-23.06.13:256][639]LogModuleManager: Shutting down and abandoning module DirectoryWatcher (90)
[2017.03.08-23.06.13:256][639]LogModuleManager: Shutting down and abandoning module HotReload (89)
[2017.03.08-23.06.13:257][639]LogModuleManager: Shutting down and abandoning module VisualStudioSourceCodeAccess (88)
[2017.03.08-23.06.13:257][639]LogModuleManager: Shutting down and abandoning module UObjectPlugin (87)
[2017.03.08-23.06.13:257][639]LogModuleManager: Shutting down and abandoning module SubversionSourceControl (86)
[2017.03.08-23.06.13:291][639]LogModuleManager: Shutting down and abandoning module SourceControl (85)
[2017.03.08-23.06.13:326][639]LogModuleManager: Shutting down and abandoning module PerforceSourceControl (84)
[2017.03.08-23.06.13:365][639]LogModuleManager: Shutting down and abandoning module JavascriptWebSocket (83)
[2017.03.08-23.06.13:365][639]LogModuleManager: Shutting down and abandoning module JavascriptHttp (82)
[2017.03.08-23.06.13:365][639]LogModuleManager: Shutting down and abandoning module JavascriptUMG (81)
[2017.03.08-23.06.13:365][639]LogModuleManager: Shutting down and abandoning module V8 (80)
[2017.03.08-23.06.13:413][639]LogModuleManager: Shutting down and abandoning module LightPropagationVolumeRuntime (79)
[2017.03.08-23.06.13:413][639]LogModuleManager: Shutting down and abandoning module Paper2D (78)
[2017.03.08-23.06.13:413][639]LogModuleManager: Shutting down and abandoning module WindowsMoviePlayer (77)
[2017.03.08-23.06.13:413][639]LogModuleManager: Shutting down and abandoning module WmfMedia (76)
[2017.03.08-23.06.13:491][639]LogModuleManager: Shutting down and abandoning module MediaAssets (75)
[2017.03.08-23.06.13:491][639]LogModuleManager: Shutting down and abandoning module GameLiveStreaming (74)
[2017.03.08-23.06.13:492][639]LogModuleManager: Shutting down and abandoning module GameplayTagsEditor (73)
[2017.03.08-23.06.13:522][639]LogModuleManager: Shutting down and abandoning module VREditor (72)
[2017.03.08-23.06.13:522][639]LogModuleManager: Shutting down and abandoning module GameplayTasksEditor (71)
[2017.03.08-23.06.13:522][639]LogModuleManager: Shutting down and abandoning module BehaviorTreeEditor (70)
[2017.03.08-23.06.13:564][639]LogModuleManager: Shutting down and abandoning module FunctionalTesting (69)
[2017.03.08-23.06.13:579][639]LogModuleManager: Shutting down and abandoning module CollisionAnalyzer (68)
[2017.03.08-23.06.13:579][639]LogModuleManager: Shutting down and abandoning module Sequencer (67)
[2017.03.08-23.06.13:579][639]LogModuleManager: Shutting down and abandoning module WorkspaceMenuStructure (66)
[2017.03.08-23.06.13:579][639]LogModuleManager: Shutting down and abandoning module MessageLog (65)
[2017.03.08-23.06.13:579][639]LogModuleManager: Shutting down and abandoning module AssetTools (64)
[2017.03.08-23.06.13:581][639]LogModuleManager: Shutting down and abandoning module UMGEditor (63)
[2017.03.08-23.06.13:581][639]LogModuleManager: Shutting down and abandoning module UMG (62)
[2017.03.08-23.06.13:581][639]LogModuleManager: Shutting down and abandoning module SlateReflector (61)
[2017.03.08-23.06.13:581][639]LogModuleManager: Shutting down and abandoning module Slate (60)
[2017.03.08-23.06.13:581][639]LogModuleManager: Shutting down and abandoning module EditorStyle (59)
[2017.03.08-23.06.13:595][639]LogModuleManager: Shutting down and abandoning module Messaging (58)
[2017.03.08-23.06.13:595][639]LogModuleManager: Shutting down and abandoning module SourceCodeAccess (57)
[2017.03.08-23.06.13:595][639]LogModuleManager: Shutting down and abandoning module HeadMountedDisplay (56)
[2017.03.08-23.06.13:595][639]LogModuleManager: Shutting down and abandoning module XAudio2 (55)
[2017.03.08-23.06.13:595][639]LogModuleManager: Shutting down and abandoning module Networking (53)
[2017.03.08-23.06.13:595][639]LogModuleManager: Shutting down and abandoning module Core (52)
[2017.03.08-23.06.13:595][639]LogModuleManager: Shutting down and abandoning module KismetCompiler (51)
[2017.03.08-23.06.13:595][639]LogModuleManager: Shutting down and abandoning module PhysXFormats (50)
[2017.03.08-23.06.13:595][639]LogModuleManager: Shutting down and abandoning module SimplygonSwarm (49)
[2017.03.08-23.06.13:643][639]LogModuleManager: Shutting down and abandoning module SimplygonMeshReduction (48)
[2017.03.08-23.06.13:643][639]LogModuleManager: Shutting down and abandoning module QuadricMeshReduction (47)
[2017.03.08-23.06.13:643][639]LogModuleManager: Shutting down and abandoning module PropertyEditor (46)
[2017.03.08-23.06.13:643][639]LogModuleManager: Shutting down and abandoning module MeshUtilities (45)
[2017.03.08-23.06.13:776][639]LogModuleManager: Shutting down and abandoning module AssetRegistry (44)
[2017.03.08-23.06.13:776][639]LogModuleManager: Shutting down and abandoning module DerivedDataCache (43)
[2017.03.08-23.06.13:895][639]LogDerivedDataCache: Shutdown
[2017.03.08-23.06.13:895][639]LogModuleManager: Shutting down and abandoning module VulkanShaderFormat (42)
[2017.03.08-23.06.13:913][639]LogModuleManager: Shutting down and abandoning module ShaderFormatOpenGL (41)
[2017.03.08-23.06.13:955][639]LogModuleManager: Shutting down and abandoning module ShaderFormatD3D (40)
[2017.03.08-23.06.13:955][639]LogModuleManager: Shutting down and abandoning module MetalShaderFormat (39)
[2017.03.08-23.06.14:013][639]LogModuleManager: Shutting down and abandoning module TextureFormatUncompressed (38)
[2017.03.08-23.06.14:013][639]LogModuleManager: Shutting down and abandoning module TextureFormatPVR (37)
[2017.03.08-23.06.14:013][639]LogModuleManager: Shutting down and abandoning module TextureFormatDXT (36)
[2017.03.08-23.06.14:013][639]LogModuleManager: Shutting down and abandoning module TextureFormatIntelISPCTexComp (35)
[2017.03.08-23.06.14:062][639]LogModuleManager: Shutting down and abandoning module ImageWrapper (34)
[2017.03.08-23.06.14:062][639]LogModuleManager: Shutting down and abandoning module TextureFormatASTC (33)
[2017.03.08-23.06.14:062][639]LogModuleManager: Shutting down and abandoning module TextureFormatAndroid (32)
[2017.03.08-23.06.14:062][639]LogModuleManager: Shutting down and abandoning module AudioFormatOpus (31)
[2017.03.08-23.06.14:089][639]LogModuleManager: Shutting down and abandoning module AudioFormatOgg (30)
[2017.03.08-23.06.14:089][639]LogModuleManager: Shutting down and abandoning module AudioFormatADPCM (29)
[2017.03.08-23.06.14:089][639]LogModuleManager: Shutting down and abandoning module WindowsTargetPlatform (28)
[2017.03.08-23.06.14:089][639]LogModuleManager: Shutting down and abandoning module WindowsServerTargetPlatform (27)
[2017.03.08-23.06.14:089][639]LogModuleManager: Shutting down and abandoning module WindowsNoEditorTargetPlatform (26)
[2017.03.08-23.06.14:089][639]LogModuleManager: Shutting down and abandoning module WindowsClientTargetPlatform (25)
[2017.03.08-23.06.14:089][639]LogModuleManager: Shutting down and abandoning module TargetPlatform (24)
[2017.03.08-23.06.14:089][639]LogModuleManager: Shutting down and abandoning module InputCore (23)
[2017.03.08-23.06.14:089][639]LogModuleManager: Shutting down and abandoning module Settings (22)
[2017.03.08-23.06.14:089][639]LogModuleManager: Shutting down and abandoning module ExampleDeviceProfileSelector (21)
[2017.03.08-23.06.14:089][639]LogModuleManager: Shutting down and abandoning module OnlineBlueprintSupport (20)
[2017.03.08-23.06.14:089][639]LogModuleManager: Shutting down and abandoning module OnlineSubsystem (18)
[2017.03.08-23.06.14:090][639]LogOnline:Display: Unloading online subsystem: NULL
[2017.03.08-23.06.14:130][639]LogModuleManager: Shutting down and abandoning module SSL (17)
[2017.03.08-23.06.14:148][639]LogModuleManager: Shutting down and abandoning module HTTP (16)
[2017.03.08-23.06.14:148][639]LogModuleManager: Shutting down and abandoning module XMPP (15)
[2017.03.08-23.06.14:211][639]LogModuleManager: Shutting down and abandoning module TextureCompressor (14)
[2017.03.08-23.06.14:227][639]LogModuleManager: Shutting down and abandoning module ShaderCore (13)
[2017.03.08-23.06.14:227][639]LogModuleManager: Shutting down and abandoning module Landscape (12)
[2017.03.08-23.06.14:227][639]LogModuleManager: Shutting down and abandoning module SlateRHIRenderer (11)
[2017.03.08-23.06.14:263][639]LogModuleManager: Shutting down and abandoning module OpenGLDrv (10)
[2017.03.08-23.06.14:303][639]LogModuleManager: Shutting down and abandoning module D3D11RHI (9)
[2017.03.08-23.06.14:303][639]LogModuleManager: Shutting down and abandoning module AnimGraphRuntime (8)
[2017.03.08-23.06.14:325][639]LogModuleManager: Shutting down and abandoning module Renderer (7)
[2017.03.08-23.06.14:340][639]LogModuleManager: Shutting down and abandoning module Engine (6)
[2017.03.08-23.06.14:340][639]LogModuleManager: Shutting down and abandoning module CoreUObject (5)
[2017.03.08-23.06.14:340][639]LogModuleManager: Shutting down and abandoning module NetworkFile (4)
[2017.03.08-23.06.14:365][639]LogModuleManager: Shutting down and abandoning module StreamingFile (3)
[2017.03.08-23.06.14:365][639]LogModuleManager: Shutting down and abandoning module SandboxFile (2)
[2017.03.08-23.06.14:365][639]LogModuleManager: Shutting down and abandoning module PakFile (1)
[2017.03.08-23.06.14:408][639]LogExit: Exiting.
[2017.03.08-23.06.14:466][639]Log file closed, 03/08/17 18:06:14
