Log file open, 02/27/17 20:22:32
LogInit:Display: Running engine for game: Abyss
LogPlatformFile: Not using cached read wrapper
LogInit:Display: RandInit(630187898) SRandInit(630187898).
LogTaskGraph: Started task graph with 5 named threads and 6 total threads with 1 sets of task threads.
LogStats: Stats thread started at 0.163602
LogPluginManager: Loaded Plugin Paper2D, From C:/Program Files (x86)/Epic Games/4.14/Engine/Plugins/2D/Paper2D/Paper2D.uplugin
LogPluginManager: Loaded Plugin LightPropagationVolume, From C:/Program Files (x86)/Epic Games/4.14/Engine/Plugins/Blendables/LightPropagationVolume/LightPropagationVolume.uplugin
LogPluginManager: Loaded Plugin BlankPlugin, From C:/Program Files (x86)/Epic Games/4.14/Engine/Plugins/Developer/BlankPlugin/BlankPlugin.uplugin
LogPluginManager: Loaded Plugin CodeLiteSourceCodeAccess, From C:/Program Files (x86)/Epic Games/4.14/Engine/Plugins/Developer/CodeLiteSourceCodeAccess/CodeLiteSourceCodeAccess.uplugin
LogPluginManager: Loaded Plugin GitSourceControl, From C:/Program Files (x86)/Epic Games/4.14/Engine/Plugins/Developer/GitSourceControl/GitSourceControl.uplugin
LogPluginManager: Loaded Plugin KDevelopSourceCodeAccess, From C:/Program Files (x86)/Epic Games/4.14/Engine/Plugins/Developer/KDevelopSourceCodeAccess/KDevelopSourceCodeAccess.uplugin
LogPluginManager: Loaded Plugin NullSourceCodeAccess, From C:/Program Files (x86)/Epic Games/4.14/Engine/Plugins/Developer/NullSourceCodeAccess/NullSourceCodeAccess.uplugin
LogPluginManager: Loaded Plugin OneSkyLocalizationService, From C:/Program Files (x86)/Epic Games/4.14/Engine/Plugins/Developer/OneSkyLocalizationService/OneSkyLocalizationService.uplugin
LogPluginManager: Loaded Plugin PerforceSourceControl, From C:/Program Files (x86)/Epic Games/4.14/Engine/Plugins/Developer/PerforceSourceControl/PerforceSourceControl.uplugin
LogPluginManager: Loaded Plugin SubversionSourceControl, From C:/Program Files (x86)/Epic Games/4.14/Engine/Plugins/Developer/SubversionSourceControl/SubversionSourceControl.uplugin
LogPluginManager: Loaded Plugin UObjectPlugin, From C:/Program Files (x86)/Epic Games/4.14/Engine/Plugins/Developer/UObjectPlugin/UObjectPlugin.uplugin
LogPluginManager: Loaded Plugin VisualStudioSourceCodeAccess, From C:/Program Files (x86)/Epic Games/4.14/Engine/Plugins/Developer/VisualStudioSourceCodeAccess/VisualStudioSourceCodeAccess.uplugin
LogPluginManager: Loaded Plugin XCodeSourceCodeAccess, From C:/Program Files (x86)/Epic Games/4.14/Engine/Plugins/Developer/XCodeSourceCodeAccess/XCodeSourceCodeAccess.uplugin
LogPluginManager: Loaded Plugin AudioCapture, From C:/Program Files (x86)/Epic Games/4.14/Engine/Plugins/Editor/AudioCapture/AudioCapture.uplugin
LogPluginManager: Loaded Plugin EpicSurvey, From C:/Program Files (x86)/Epic Games/4.14/Engine/Plugins/Editor/EpicSurvey/EpicSurvey.uplugin
LogPluginManager: Loaded Plugin MacGraphicsSwitching, From C:/Program Files (x86)/Epic Games/4.14/Engine/Plugins/Editor/MacGraphicsSwitching/MacGraphicsSwitching.uplugin
LogPluginManager: Loaded Plugin MobileLauncherProfileWizard, From C:/Program Files (x86)/Epic Games/4.14/Engine/Plugins/Editor/MobileLauncherProfileWizard/MobileLauncherProfileWizard.uplugin
LogPluginManager: Loaded Plugin PluginBrowser, From C:/Program Files (x86)/Epic Games/4.14/Engine/Plugins/Editor/PluginBrowser/PluginBrowser.uplugin
LogPluginManager: Loaded Plugin SpeedTreeImporter, From C:/Program Files (x86)/Epic Games/4.14/Engine/Plugins/Editor/SpeedTreeImporter/SpeedTreeImporter.uplugin
LogPluginManager: Loaded Plugin SuperSearchEditor, From C:/Program Files (x86)/Epic Games/4.14/Engine/Plugins/Editor/SuperSearchEditor/SuperSearchEditor.uplugin
LogPluginManager: Loaded Plugin AlembicImporter, From C:/Program Files (x86)/Epic Games/4.14/Engine/Plugins/Experimental/AlembicImporter/AlembicImporter.uplugin
LogPluginManager: Loaded Plugin BlueprintStats, From C:/Program Files (x86)/Epic Games/4.14/Engine/Plugins/Experimental/BlueprintStats/BlueprintStats.uplugin
LogPluginManager: Loaded Plugin CharacterAI, From C:/Program Files (x86)/Epic Games/4.14/Engine/Plugins/Experimental/CharacterAI/CharacterAI.uplugin
LogPluginManager: Loaded Plugin CodeEditor, From C:/Program Files (x86)/Epic Games/4.14/Engine/Plugins/Experimental/CodeEditor/CodeEditor.uplugin
LogPluginManager: Loaded Plugin CodeView, From C:/Program Files (x86)/Epic Games/4.14/Engine/Plugins/Experimental/CodeView/CodeView.uplugin
LogPluginManager: Loaded Plugin HTML5Networking, From C:/Program Files (x86)/Epic Games/4.14/Engine/Plugins/Experimental/HTML5Networking/HTML5Networking.uplugin
LogPluginManager: Loaded Plugin OSVR, From C:/Program Files (x86)/Epic Games/4.14/Engine/Plugins/Experimental/OSVR/OSVR.uplugin
LogPluginManager: Loaded Plugin Phya, From C:/Program Files (x86)/Epic Games/4.14/Engine/Plugins/Experimental/Phya/Phya.uplugin
LogPluginManager: Loaded Plugin SignificanceManager, From C:/Program Files (x86)/Epic Games/4.14/Engine/Plugins/Experimental/SignificanceManager/SignificanceManager.uplugin
LogPluginManager: Loaded Plugin SimpleHMD, From C:/Program Files (x86)/Epic Games/4.14/Engine/Plugins/Experimental/SimpleHMD/SimpleHMD.uplugin
LogPluginManager: Loaded Plugin StereoPanorama, From C:/Program Files (x86)/Epic Games/4.14/Engine/Plugins/Experimental/StereoPanorama/StereoPanorama.uplugin
LogPluginManager: Loaded Plugin StructBox, From C:/Program Files (x86)/Epic Games/4.14/Engine/Plugins/Experimental/StructBox/StructBox.uplugin
LogPluginManager: Loaded Plugin HGGifImporter, From C:/Program Files (x86)/Epic Games/4.14/Engine/Plugins/Marketplace/HGGifImporter/HGGifImporter.uplugin
LogPluginManager: Loaded Plugin MidiAsset, From C:/Program Files (x86)/Epic Games/4.14/Engine/Plugins/Marketplace/MidiAsset/MidiAsset.uplugin
LogPluginManager: Loaded Plugin UnrealJS, From C:/Program Files (x86)/Epic Games/4.14/Engine/Plugins/Marketplace/UnrealJS/UnrealJS.uplugin
LogPluginManager: Loaded Plugin AndroidMedia, From C:/Program Files (x86)/Epic Games/4.14/Engine/Plugins/Media/AndroidMedia/AndroidMedia.uplugin
LogPluginManager: Loaded Plugin AvfMedia, From C:/Program Files (x86)/Epic Games/4.14/Engine/Plugins/Media/AvfMedia/AvfMedia.uplugin
LogPluginManager: Loaded Plugin MediaPlayerEditor, From C:/Program Files (x86)/Epic Games/4.14/Engine/Plugins/Media/MediaPlayerEditor/MediaPlayerEditor.uplugin
LogPluginManager: Loaded Plugin WmfMedia, From C:/Program Files (x86)/Epic Games/4.14/Engine/Plugins/Media/WmfMedia/WmfMedia.uplugin
LogPluginManager: Loaded Plugin MessagingDebugger, From C:/Program Files (x86)/Epic Games/4.14/Engine/Plugins/Messaging/MessagingDebugger/MessagingDebugger.uplugin
LogPluginManager: Loaded Plugin TcpMessaging, From C:/Program Files (x86)/Epic Games/4.14/Engine/Plugins/Messaging/TcpMessaging/TcpMessaging.uplugin
LogPluginManager: Loaded Plugin UdpMessaging, From C:/Program Files (x86)/Epic Games/4.14/Engine/Plugins/Messaging/UdpMessaging/UdpMessaging.uplugin
LogPluginManager: Loaded Plugin LevelSequenceEditor, From C:/Program Files (x86)/Epic Games/4.14/Engine/Plugins/MovieScene/LevelSequenceEditor/LevelSequenceEditor.uplugin
LogPluginManager: Loaded Plugin MatineeToLevelSequence, From C:/Program Files (x86)/Epic Games/4.14/Engine/Plugins/MovieScene/MatineeToLevelSequence/MatineeToLevelSequence.uplugin
LogPluginManager: Loaded Plugin NetcodeUnitTest, From C:/Program Files (x86)/Epic Games/4.14/Engine/Plugins/NetcodeUnitTest/NetcodeUnitTest/NetcodeUnitTest.uplugin
LogPluginManager: Loaded Plugin NUTUnrealEngine4, From C:/Program Files (x86)/Epic Games/4.14/Engine/Plugins/NetcodeUnitTest/NUTUnrealEngine4/NUTUnrealEngine4.uplugin
LogPluginManager: Loaded Plugin OnlineSubsystemGameCircle, From C:/Program Files (x86)/Epic Games/4.14/Engine/Plugins/Online/Android/OnlineSubsystemGameCircle/OnlineSubsystemGameCircle.uplugin
LogPluginManager: Loaded Plugin OnlineSubsystemGooglePlay, From C:/Program Files (x86)/Epic Games/4.14/Engine/Plugins/Online/Android/OnlineSubsystemGooglePlay/OnlineSubsystemGooglePlay.uplugin
LogPluginManager: Loaded Plugin OnlineSubsystemIOS, From C:/Program Files (x86)/Epic Games/4.14/Engine/Plugins/Online/IOS/OnlineSubsystemIOS/OnlineSubsystemIOS.uplugin
LogPluginManager: Loaded Plugin OnlineFramework, From C:/Program Files (x86)/Epic Games/4.14/Engine/Plugins/Online/OnlineFramework/OnlineFramework.uplugin
LogPluginManager: Loaded Plugin OnlineSubsystem, From C:/Program Files (x86)/Epic Games/4.14/Engine/Plugins/Online/OnlineSubsystem/OnlineSubsystem.uplugin
LogPluginManager: Loaded Plugin OnlineSubsystemAmazon, From C:/Program Files (x86)/Epic Games/4.14/Engine/Plugins/Online/OnlineSubsystemAmazon/OnlineSubsystemAmazon.uplugin
LogPluginManager: Loaded Plugin OnlineSubsystemFacebook, From C:/Program Files (x86)/Epic Games/4.14/Engine/Plugins/Online/OnlineSubsystemFacebook/OnlineSubsystemFacebook.uplugin
LogPluginManager: Loaded Plugin OnlineSubsystemNull, From C:/Program Files (x86)/Epic Games/4.14/Engine/Plugins/Online/OnlineSubsystemNull/OnlineSubsystemNull.uplugin
LogPluginManager: Loaded Plugin OnlineSubsystemOculus, From C:/Program Files (x86)/Epic Games/4.14/Engine/Plugins/Online/OnlineSubsystemOculus/OnlineSubsystemOculus.uplugin
LogPluginManager: Loaded Plugin OnlineSubsystemSteam, From C:/Program Files (x86)/Epic Games/4.14/Engine/Plugins/Online/OnlineSubsystemSteam/OnlineSubsystemSteam.uplugin
LogPluginManager: Loaded Plugin OnlineSubsystemUtils, From C:/Program Files (x86)/Epic Games/4.14/Engine/Plugins/Online/OnlineSubsystemUtils/OnlineSubsystemUtils.uplugin
LogPluginManager: Loaded Plugin IOSTapJoy, From C:/Program Files (x86)/Epic Games/4.14/Engine/Plugins/Runtime/Advertising/IOSTapJoy/IOSTapJoy.uplugin
LogPluginManager: Loaded Plugin AnalyticsBlueprintLibrary, From C:/Program Files (x86)/Epic Games/4.14/Engine/Plugins/Runtime/Analytics/AnalyticsBlueprintLibrary/AnalyticsBlueprintLibrary.uplugin
LogPluginManager: Loaded Plugin AnalyticsMulticast, From C:/Program Files (x86)/Epic Games/4.14/Engine/Plugins/Runtime/Analytics/AnalyticsMulticast/AnalyticsMulticast.uplugin
LogPluginManager: Loaded Plugin Apsalar, From C:/Program Files (x86)/Epic Games/4.14/Engine/Plugins/Runtime/Analytics/Apsalar/Apsalar.uplugin
LogPluginManager: Loaded Plugin FileLogging, From C:/Program Files (x86)/Epic Games/4.14/Engine/Plugins/Runtime/Analytics/FileLogging/FileLogging.uplugin
LogPluginManager: Loaded Plugin Flurry, From C:/Program Files (x86)/Epic Games/4.14/Engine/Plugins/Runtime/Analytics/Flurry/Flurry.uplugin
LogPluginManager: Loaded Plugin AndroidDeviceProfileSelector, From C:/Program Files (x86)/Epic Games/4.14/Engine/Plugins/Runtime/AndroidDeviceProfileSelector/AndroidDeviceProfileSelector.uplugin
LogPluginManager: Loaded Plugin AndroidMoviePlayer, From C:/Program Files (x86)/Epic Games/4.14/Engine/Plugins/Runtime/AndroidMoviePlayer/AndroidMoviePlayer.uplugin
LogPluginManager: Loaded Plugin AppleMoviePlayer, From C:/Program Files (x86)/Epic Games/4.14/Engine/Plugins/Runtime/AppleMoviePlayer/AppleMoviePlayer.uplugin
LogPluginManager: Loaded Plugin ArchVisCharacter, From C:/Program Files (x86)/Epic Games/4.14/Engine/Plugins/Runtime/ArchVisCharacter/ArchVisCharacter.uplugin
LogPluginManager: Loaded Plugin CableComponent, From C:/Program Files (x86)/Epic Games/4.14/Engine/Plugins/Runtime/CableComponent/CableComponent.uplugin
LogPluginManager: Loaded Plugin CustomMeshComponent, From C:/Program Files (x86)/Epic Games/4.14/Engine/Plugins/Runtime/CustomMeshComponent/CustomMeshComponent.uplugin
LogPluginManager: Loaded Plugin ExampleDeviceProfileSelector, From C:/Program Files (x86)/Epic Games/4.14/Engine/Plugins/Runtime/ExampleDeviceProfileSelector/ExampleDeviceProfileSelector.uplugin
LogPluginManager: Loaded Plugin GearVR, From C:/Program Files (x86)/Epic Games/4.14/Engine/Plugins/Runtime/GearVR/GearVR.uplugin
LogPluginManager: Loaded Plugin GoogleVRController, From C:/Program Files (x86)/Epic Games/4.14/Engine/Plugins/Runtime/GoogleVR/GoogleVRController/GoogleVRController.uplugin
LogPluginManager: Loaded Plugin GoogleVRHMD, From C:/Program Files (x86)/Epic Games/4.14/Engine/Plugins/Runtime/GoogleVR/GoogleVRHMD/GoogleVRHMD.uplugin
LogPluginManager: Loaded Plugin IOSDeviceProfileSelector, From C:/Program Files (x86)/Epic Games/4.14/Engine/Plugins/Runtime/IOSDeviceProfileSelector/IOSDeviceProfileSelector.uplugin
LogPluginManager: Loaded Plugin LeapMotion, From C:/Program Files (x86)/Epic Games/4.14/Engine/Plugins/Runtime/LeapMotion/LeapMotion.uplugin
LogPluginManager: Loaded Plugin LinuxDeviceProfileSelector, From C:/Program Files (x86)/Epic Games/4.14/Engine/Plugins/Runtime/LinuxDeviceProfileSelector/LinuxDeviceProfileSelector.uplugin
LogPluginManager: Loaded Plugin MIDIDevice, From C:/Program Files (x86)/Epic Games/4.14/Engine/Plugins/Runtime/MIDIDevice/MIDIDevice.uplugin
LogPluginManager: Loaded Plugin MobilePatchingUtils, From C:/Program Files (x86)/Epic Games/4.14/Engine/Plugins/Runtime/MobilePatchingUtils/MobilePatchingUtils.uplugin
LogPluginManager: Loaded Plugin Ansel, From C:/Program Files (x86)/Epic Games/4.14/Engine/Plugins/Runtime/Nvidia/Ansel/Ansel.uplugin
LogPluginManager: Loaded Plugin OculusAudio, From C:/Program Files (x86)/Epic Games/4.14/Engine/Plugins/Runtime/OculusAudio/OculusAudio.uplugin
LogPluginManager: Loaded Plugin OculusInput, From C:/Program Files (x86)/Epic Games/4.14/Engine/Plugins/Runtime/OculusInput/OculusInput.uplugin
LogPluginManager: Loaded Plugin OculusLibrary, From C:/Program Files (x86)/Epic Games/4.14/Engine/Plugins/Runtime/OculusLibrary/OculusLibrary.uplugin
LogPluginManager: Loaded Plugin OculusRift, From C:/Program Files (x86)/Epic Games/4.14/Engine/Plugins/Runtime/OculusRift/OculusRift.uplugin
LogPluginManager: Loaded Plugin Oodle, From C:/Program Files (x86)/Epic Games/4.14/Engine/Plugins/Runtime/PacketHandlers/CompressionComponents/Oodle/Oodle.uplugin
LogPluginManager: Loaded Plugin ProceduralMeshComponent, From C:/Program Files (x86)/Epic Games/4.14/Engine/Plugins/Runtime/ProceduralMeshComponent/ProceduralMeshComponent.uplugin
LogPluginManager: Loaded Plugin SoundMod, From C:/Program Files (x86)/Epic Games/4.14/Engine/Plugins/Runtime/SoundMod/SoundMod.uplugin
LogPluginManager: Loaded Plugin SoundVisualizations, From C:/Program Files (x86)/Epic Games/4.14/Engine/Plugins/Runtime/SoundVisualizations/SoundVisualizations.uplugin
LogPluginManager: Loaded Plugin SteamController, From C:/Program Files (x86)/Epic Games/4.14/Engine/Plugins/Runtime/Steam/SteamController/SteamController.uplugin
LogPluginManager: Loaded Plugin SteamVR, From C:/Program Files (x86)/Epic Games/4.14/Engine/Plugins/Runtime/Steam/SteamVR/SteamVR.uplugin
LogPluginManager: Loaded Plugin WebBrowserWidget, From C:/Program Files (x86)/Epic Games/4.14/Engine/Plugins/Runtime/WebBrowserWidget/WebBrowserWidget.uplugin
LogPluginManager: Loaded Plugin WindowsDeviceProfileSelector, From C:/Program Files (x86)/Epic Games/4.14/Engine/Plugins/Runtime/WindowsDeviceProfileSelector/WindowsDeviceProfileSelector.uplugin
LogPluginManager: Loaded Plugin WindowsMoviePlayer, From C:/Program Files (x86)/Epic Games/4.14/Engine/Plugins/Runtime/WindowsMoviePlayer/WindowsMoviePlayer.uplugin
LogPluginManager: Loaded Plugin ScriptPlugin, From C:/Program Files (x86)/Epic Games/4.14/Engine/Plugins/ScriptPlugin/ScriptPlugin.uplugin
LogPluginManager: Loaded Plugin SlateRemote, From C:/Program Files (x86)/Epic Games/4.14/Engine/Plugins/Slate/SlateRemote/SlateRemote.uplugin
LogPluginManager: Loaded Plugin EditorTests, From C:/Program Files (x86)/Epic Games/4.14/Engine/Plugins/Tests/EditorTests/EditorTests.uplugin
LogPluginManager: Loaded Plugin FbxAutomationTestBuilder, From C:/Program Files (x86)/Epic Games/4.14/Engine/Plugins/Tests/FbxAutomationTestBuilder/FbxAutomationTestBuilder.uplugin
LogPluginManager: Loaded Plugin FunctionalTestingEditor, From C:/Program Files (x86)/Epic Games/4.14/Engine/Plugins/Tests/FunctionalTestingEditor/FunctionalTestingEditor.uplugin
LogPluginManager: Loaded Plugin RuntimeTests, From C:/Program Files (x86)/Epic Games/4.14/Engine/Plugins/Tests/RuntimeTests/RuntimeTests.uplugin
LogPluginManager: Loaded Plugin ScreenshotTools, From C:/Program Files (x86)/Epic Games/4.14/Engine/Plugins/Tests/ScreenshotTools/ScreenshotTools.uplugin
LogInit: Using libcurl 7.47.1
LogInit:  - built for x86_64-pc-win32
LogInit:  - supports SSL with OpenSSL/1.0.2g
LogInit:  - supports HTTP deflate (compression) using libz 1.2.8
LogInit:  - other features:
LogInit:      CURL_VERSION_SSL
LogInit:      CURL_VERSION_LIBZ
LogInit:      CURL_VERSION_IPV6
LogInit:      CURL_VERSION_ASYNCHDNS
LogInit:      CURL_VERSION_LARGEFILE
LogInit:      CURL_VERSION_IDN
LogInit:  CurlRequestOptions (configurable via config and command line):
LogInit:  - bVerifyPeer = false  - Libcurl will NOT verify peer certificate
LogInit:  - bUseHttpProxy = false  - Libcurl will NOT use HTTP proxy
LogInit:  - bDontReuseConnections = false  - Libcurl will reuse connections
LogInit:  - CertBundlePath = nullptr  - Libcurl will use whatever was configured at build time.
LogInit: Build: ++UE4+Release-4.14-CL-3249277
LogInit: Engine Version: 4.14.3-3249277+++UE4+Release-4.14
LogInit: Compatible Engine Version: 4.14.0-3195953+++UE4+Release-4.14
LogInit: Net CL: 3195953
LogDevObjectVersion: Number of dev versions registered: 13
LogDevObjectVersion:   Dev-Blueprints (B0D832E4-1F89-4F0D-ACCF-7EB736FD4AA2): 7
LogDevObjectVersion:   Dev-Build (E1C64328-A22C-4D53-A36C-8E866417BD8C): 0
LogDevObjectVersion:   Dev-Core (375EC13C-06E4-48FB-B500-84F0262A717E): 1
LogDevObjectVersion:   Dev-Editor (E4B068ED-F494-42E9-A231-DA0B2E46BB41): 8
LogDevObjectVersion:   Dev-Framework (CFFC743F-43B0-4480-9391-14DF171D2073): 17
LogDevObjectVersion:   Dev-Mobile (B02B49B5-BB20-44E9-A304-32B752E40360): 0
LogDevObjectVersion:   Dev-Networking (A4E4105C-59A1-49B5-A7C5-40C4547EDFEE): 0
LogDevObjectVersion:   Dev-Online (39C831C9-5AE6-47DC-9A44-9C173E1C8E7C): 0
LogDevObjectVersion:   Dev-Physics (78F01B33-EBEA-4F98-B9B4-84EACCB95AA2): 0
LogDevObjectVersion:   Dev-Platform (6631380F-2D4D-43E0-8009-CF276956A95A): 0
LogDevObjectVersion:   Dev-Rendering (12F88B9F-8875-4AFC-A67C-D90C383ABD29): 12
LogDevObjectVersion:   Dev-Sequencer (7B5AE74C-D270-4C10-A958-57980B212A5A): 1
LogDevObjectVersion:   Dev-VR (D7296918-1DD6-4BDD-9DE2-64A83CC13884): 0
LogInit: Compiled (64-bit): Jan  6 2017 10:49:43
LogInit: Compiled with Visual C++: 19.00.23026.00
LogInit: Build Configuration: Development
LogInit: Branch Name: ++UE4+Release-4.14
LogInit: Command line:  
LogInit: Base directory: C:/Program Files (x86)/Epic Games/4.14/Engine/Binaries/Win64/
LogInit: Installed Engine Build: 1
LogInit: Presizing for max 8388607 objects, including 0 objects not considered by GC, pre-allocating 0 bytes for permanent pool.
LogInit: Object subsystem initialized
[2017.02.28-01.22.33:606][  0]LogInit: Selected Device Profile: [Windows]
[2017.02.28-01.22.33:606][  0]LogInit: Applying CVar settings loaded from the selected device profile: [Windows]
[2017.02.28-01.22.33:644][  0]LogInit: Computer: THEPOWERPC
[2017.02.28-01.22.33:644][  0]LogInit: User: Anthony
[2017.02.28-01.22.33:644][  0]LogInit: CPU Page size=65536, Cores=2
[2017.02.28-01.22.33:644][  0]LogInit: High frequency timer resolution =1.607343 MHz
[2017.02.28-01.22.33:645][  0]LogMemory: Memory total: Physical=3.7GB (4GB approx)
[2017.02.28-01.22.33:645][  0]LogMemory: Platform Memory Stats for Windows
[2017.02.28-01.22.33:645][  0]LogMemory: Process Physical Memory: 263.94 MB used, 263.94 MB peak
[2017.02.28-01.22.33:645][  0]LogMemory: Process Virtual Memory: 262.76 MB used, 262.76 MB peak
[2017.02.28-01.22.33:645][  0]LogMemory: Physical Memory: 2275.20 MB used,  1543.71 MB free, 3818.90 MB total
[2017.02.28-01.22.33:645][  0]LogMemory: Virtual Memory: 652.16 MB used,  1543.71 MB free, 8388608.00 MB total
[2017.02.28-01.22.33:776][  0]LogTextLocalizationManager: No specific translations for ('en-US') exist, so ('en') translations will be used.
[2017.02.28-01.22.36:370][  0]LogD3D11RHI: D3D11 adapters:
[2017.02.28-01.22.36:412][  0]LogD3D11RHI:    0. 'AMD Radeon HD 6320 Graphics' (Feature Level 11_0)
[2017.02.28-01.22.36:412][  0]LogD3D11RHI:       250/0/1653 MB DedicatedVideo/DedicatedSystem/SharedSystem, Outputs:1, VendorId:0x1002
[2017.02.28-01.22.36:412][  0]LogD3D11RHI: Chosen D3D11 Adapter: 0
[2017.02.28-01.22.36:429][  0]LogD3D11RHI: Creating new Direct3DDevice
[2017.02.28-01.22.36:429][  0]LogD3D11RHI:     GPU DeviceId: 0x9806 (for the marketing name, search the web for "GPU Device Id")
[2017.02.28-01.22.36:429][  0]LogWindows: EnumDisplayDevices:
[2017.02.28-01.22.36:430][  0]LogWindows:    0. 'AMD Radeon HD 6320 Graphics' (P:1 D:1)
[2017.02.28-01.22.36:430][  0]LogWindows:    1. 'AMD Radeon HD 6320 Graphics' (P:0 D:0)
[2017.02.28-01.22.36:431][  0]LogWindows:    2. 'RDPDD Chained DD' (P:0 D:0)
[2017.02.28-01.22.36:431][  0]LogWindows:    3. 'RDP Encoder Mirror Driver' (P:0 D:0)
[2017.02.28-01.22.36:432][  0]LogWindows:    4. 'RDP Reflector Display Driver' (P:0 D:0)
[2017.02.28-01.22.36:433][  0]LogWindows: DebugString: GetVideoDriverDetailsInvalid PrimaryIsNotTheChoosenAdapter GetVideoDriverDetailsInvalid PrimaryIsNotTheChoosenAdapter GetVideoDriverDetailsInvalid PrimaryIsNotTheChoosenAdapter FoundDriverCount:2 
[2017.02.28-01.22.36:433][  0]LogD3D11RHI:     Adapter Name: AMD Radeon HD 6320 Graphics
[2017.02.28-01.22.36:433][  0]LogD3D11RHI:   Driver Version: Catalyst 15.7.1 (internal:15.200.1062.1004, unified:15.200.1062.1004)
[2017.02.28-01.22.36:433][  0]LogD3D11RHI:      Driver Date: 8-3-2015
[2017.02.28-01.22.36:433][  0]LogRHI: Texture pool is 175 MB (70% of 250 MB)
[2017.02.28-01.22.36:458][  0]LogD3D11RHI: Async texture creation enabled
[2017.02.28-01.22.36:486][  0]LogD3D11RHI: GPU Timing Frequency: 50.000000 (Debug: 2 1)
[2017.02.28-01.22.36:489][  0]LogShaderCompilers: Guid format shader working directory is 14 characters bigger than the processId version (../../../../../../Epic Games/Abyss/Intermediate/Shaders/WorkingDirectory/8168/).
[2017.02.28-01.22.36:490][  0]LogShaderCompilers: Cleaned the shader compiler working directory 'C:/Users/Anthony/AppData/Local/Temp/UnrealShaderWorkingDir/80778AE743DFDB615C03DB8F84C77B21/'.
[2017.02.28-01.22.36:490][  0]LogShaderCompilers:Display: Using Local Shader Compiler.
[2017.02.28-01.22.42:921][  0]LogTemp:Display: Loaded TP AllDesktopTargetPlatform
[2017.02.28-01.22.43:220][  0]LogTemp:Display: Loaded TP MacClientTargetPlatform
[2017.02.28-01.22.43:501][  0]LogTemp:Display: Loaded TP MacNoEditorTargetPlatform
[2017.02.28-01.22.43:787][  0]LogTemp:Display: Loaded TP MacServerTargetPlatform
[2017.02.28-01.22.44:071][  0]LogTemp:Display: Loaded TP MacTargetPlatform
[2017.02.28-01.22.44:356][  0]LogTemp:Display: Loaded TP WindowsClientTargetPlatform
[2017.02.28-01.22.44:644][  0]LogTemp:Display: Loaded TP WindowsNoEditorTargetPlatform
[2017.02.28-01.22.44:946][  0]LogTemp:Display: Loaded TP WindowsServerTargetPlatform
[2017.02.28-01.22.45:194][  0]LogTemp:Display: Loaded TP WindowsTargetPlatform
[2017.02.28-01.22.45:526][  0]LogTemp:Display: Loaded TP AndroidTargetPlatform
[2017.02.28-01.22.45:855][  0]LogTemp:Display: Loaded TP Android_ASTCTargetPlatform
[2017.02.28-01.22.46:228][  0]LogTemp:Display: Loaded TP Android_ATCTargetPlatform
[2017.02.28-01.22.46:593][  0]LogTemp:Display: Loaded TP Android_DXTTargetPlatform
[2017.02.28-01.22.46:875][  0]LogTemp:Display: Loaded TP Android_ETC1TargetPlatform
[2017.02.28-01.22.47:152][  0]LogTemp:Display: Loaded TP Android_ETC2TargetPlatform
[2017.02.28-01.22.47:703][  0]LogTemp:Display: Loaded TP Android_MultiTargetPlatform
[2017.02.28-01.22.47:703][  0]LogTemp:Display: Loaded TP Android_PVRTCTargetPlatform
[2017.02.28-01.22.47:910][  0]LogTemp:Display: Loaded TP HTML5TargetPlatform
[2017.02.28-01.22.48:304][  0]LogTemp:Display: Loaded TP IOSTargetPlatform
[2017.02.28-01.22.48:479][  0]LogTemp:Display: Loaded TP TVOSTargetPlatform
[2017.02.28-01.22.48:756][  0]LogTemp:Display: Loaded TP LinuxClientTargetPlatform
[2017.02.28-01.22.49:036][  0]LogTemp:Display: Loaded TP LinuxNoEditorTargetPlatform
[2017.02.28-01.22.49:310][  0]LogTemp:Display: Loaded TP LinuxServerTargetPlatform
[2017.02.28-01.22.49:593][  0]LogTemp:Display: Loaded TP LinuxTargetPlatform
[2017.02.28-01.22.49:593][  0]LogTargetPlatformManager:Display: Building Assets For Windows
[2017.02.28-01.22.51:883][  0]LogDerivedDataCache:Display: Max Cache Size: 512 MB
[2017.02.28-01.22.52:218][  0]LogDerivedDataCache: Loaded boot cache 0.33s 50MB C:/Users/Anthony/AppData/Local/UnrealEngine/4.14/DerivedDataCache/Boot.ddc.
[2017.02.28-01.22.52:219][  0]LogDerivedDataCache:Display: Loaded Boot cache: C:/Users/Anthony/AppData/Local/UnrealEngine/4.14/DerivedDataCache/Boot.ddc
[2017.02.28-01.22.52:219][  0]LogDerivedDataCache: FDerivedDataBackendGraph:  Pak pak cache file ../../../../../../Epic Games/Abyss/DerivedDataCache/DDC.ddp not found, will not use a pak cache.
[2017.02.28-01.22.52:219][  0]LogDerivedDataCache: Unable to find inner node Pak for hierarchical cache Hierarchy.
[2017.02.28-01.22.52:220][  0]LogDerivedDataCache: FDerivedDataBackendGraph:  CompressedPak pak cache file ../../../../../../Epic Games/Abyss/DerivedDataCache/Compressed.ddp not found, will not use a pak cache.
[2017.02.28-01.22.52:220][  0]LogDerivedDataCache: Unable to find inner node CompressedPak for hierarchical cache Hierarchy.
[2017.02.28-01.22.52:305][  0]LogDerivedDataCache:Display: Pak cache opened for reading ../../../Engine/DerivedDataCache/Compressed.ddp.
[2017.02.28-01.22.52:322][  0]LogDerivedDataCache: Using Local data cache path C:/Users/Anthony/AppData/Local/UnrealEngine/Common/DerivedDataCache: Writable
[2017.02.28-01.22.53:315][  0]LogInit: Selected Device Profile: [Windows]
[2017.02.28-01.22.53:339][  0]LogContentStreaming: Texture pool size is 0.00 MB
[2017.02.28-01.22.54:529][  0]LogMeshUtilities: Using QuadricMeshReduction for automatic static mesh reduction
[2017.02.28-01.22.54:797][  0]LogSimplygon: Simplygon DLL not present - disabling.
[2017.02.28-01.22.55:078][  0]LogMeshUtilities: Using SimplygonSwarm for distributed automatic mesh merging
[2017.02.28-01.22.55:078][  0]LogMeshUtilities: No automatic skeletal mesh reduction module available
[2017.02.28-01.22.55:078][  0]LogMeshUtilities: No automatic mesh merging module available
[2017.02.28-01.22.57:686][  0]LogNetVersion: GetLocalNetworkVersion: CL: 3195953, ProjectName: abyss, ProjectVersion: , EngineNetworkVersion: 2, GameNetworkVersion: 0, NetworkChecksum: 1595127573
[2017.02.28-01.22.57:876][  0]LogAssetRegistry: FAssetRegistry took 0.0222 seconds to start up
[2017.02.28-01.22.58:163][  0]LogPackageLocalizationCache: Processed 4 localized package path(s) for 2 prioritized culture(s) in 0.160314 seconds
[2017.02.28-01.22.58:198][  0]LogUObjectArray: 31946 objects as part of root set at end of initial load.
[2017.02.28-01.22.58:198][  0]LogUObjectAllocator: 6935848 out of 0 bytes used by permanent object pool.
[2017.02.28-01.22.58:198][  0]LogUObjectArray: CloseDisregardForGC: 0/0 objects in disregard for GC pool
[2017.02.28-01.22.58:577][  0]LogInit: WinSock: version 1.1 (2.2), MaxSocks=32767, MaxUdp=65467
[2017.02.28-01.23.02:773][  0]LogSlate: Using Freetype 2.6.0
[2017.02.28-01.23.02:776][  0]LogSlate: SlateFontCache - WITH_FREETYPE: 1, WITH_HARFBUZZ: 1
[2017.02.28-01.23.02:776][  0]LogSlate: SlateFontCache - WITH_FREETYPE: 1, WITH_HARFBUZZ: 1
[2017.02.28-01.23.07:313][  0]JavascriptCmd: Unreal.js started. V8 5.7.201
[2017.02.28-01.23.08:222][  0]LogTcpMessaging: Initializing TcpMessaging bridge
[2017.02.28-01.23.08:373][  0]LogUdpMessaging: Initializing bridge on interface 0.0.0.0:0 to multicast group 230.0.0.1:6666.
[2017.02.28-01.23.09:856][  0]LogMaterial: Uniform references updated for custom material expression Custom.
[2017.02.28-01.23.12:062][  0]SourceControl: Info Source control is disabled
[2017.02.28-01.23.12:062][  0]SourceControl: Info Source control is disabled
[2017.02.28-01.23.12:307][  0]SourceControl: Info Source control is disabled
[2017.02.28-01.23.12:548][  0]SourceControl: Info Source control is disabled
[2017.02.28-01.23.21:581][  0]ImportText (YAxis): Missing opening parenthesis: 0.000000,1.000000,0.000000
[2017.02.28-01.23.21:582][  0]ImportText (ZAxis): Missing opening parenthesis: 0.000000,0.000000,1.000000
[2017.02.28-01.23.21:586][  0]ImportText (Rotation): Missing opening parenthesis: -90.000000,0.000000,0.000000
[2017.02.28-01.23.21:596][  0]ImportText (B): Missing opening parenthesis: 1.000000,1.000000,1.000000
[2017.02.28-01.23.26:707][  0]LogEngine: Initializing Engine...
[2017.02.28-01.23.26:709][  0]LogHMD: Failed to initialize OpenVR with code 110
[2017.02.28-01.23.28:020][  0]LogAIModule: Creating AISystem for world Untitled
[2017.02.28-01.23.28:046][  0]LogInit: XAudio2 using 'Speakers (Conexant High Definition Audio)' : 2 channels at 44.1 kHz using 16 bits per sample (channel mask 0x3)
[2017.02.28-01.23.28:076][  0]LogInit: FAudioDevice initialized.
[2017.02.28-01.23.28:186][  0]LogDerivedDataCache: Saved boot cache 0.11s 50MB C:/Users/Anthony/AppData/Local/UnrealEngine/4.14/DerivedDataCache/Boot.ddc.
[2017.02.28-01.23.28:230][  0]LogInit: Texture streaming: Enabled
[2017.02.28-01.23.29:194][  0]LogInit: Transaction tracking system initialized
[2017.02.28-01.23.31:159][  0]BlueprintLog: New page: Editor Load
[2017.02.28-01.23.36:353][  0]LocalizationService: Info Localization service is disabled
[2017.02.28-01.23.39:769][  0]LogConsoleResponse:Display: 
[2017.02.28-01.23.40:550][  0]LogCook:Display: Max memory allowance for cook 16384mb min free memory 0mb
[2017.02.28-01.23.40:550][  0]LogCook:Display: Mobile HDR setting 1
[2017.02.28-01.23.41:677][  0]LogFileCache: Scanning file cache for directory 'C:/Epic Games/Abyss/Content/' took 0.05s
[2017.02.28-01.23.45:568][  0]SourceControl: Info Source control is disabled
[2017.02.28-01.23.45:569][  0]Cmd: MAP LOAD FILE="../../../../../../Epic Games/Abyss/Content/Maps-Levels/starterWorld.umap" TEMPLATE=0 SHOWPROGRESS=1 FEATURELEVEL=3
[2017.02.28-01.23.45:569][  0]LogEditorServer:Warning: Can't find file '../../../../../../Epic Games/Abyss/Content/Maps-Levels/starterWorld.umap'
[2017.02.28-01.23.45:569][  0]Cmd: MAP CHECKDEP NOCLEARLOG
[2017.02.28-01.23.45:815][  0]MapCheck: Info Map check complete: 0 Error(s), 0 Warning(s), took 245.77ms to complete.
[2017.02.28-01.23.45:816][  0]LogFileHelpers: Loading map 'starterWorld' took 0.248
[2017.02.28-01.23.46:201][  0]LogCollectionManager: Loaded 0 collections in 0.005431 seconds
[2017.02.28-01.23.46:464][  0]LogFileCache: Scanning file cache for directory 'C:/Epic Games/Abyss/Saved/Collections/' took 0.01s
[2017.02.28-01.23.46:464][  0]LogFileCache: Scanning file cache for directory 'C:/Epic Games/Abyss/Content/Developers/Anthony/Collections/' took 0.01s
[2017.02.28-01.23.46:464][  0]LogFileCache: Scanning file cache for directory 'C:/Epic Games/Abyss/Content/Collections/' took 0.01s
[2017.02.28-01.23.46:464][  0]LogCollectionManager: Rebuilt the GUID cache for 0 collections in 0.000005 seconds
[2017.02.28-01.23.46:502][  0]LogContentBrowser: Native class hierarchy populated in 0.0371 seconds. Added 2268 classes and 453 folders.
[2017.02.28-01.23.46:716][  0]LogStats: UGameplayTagsManager::ConstructGameplayTagTree: Construct from data asset -  0.000 s
[2017.02.28-01.23.46:716][  0]LogStats: UGameplayTagsManager::ConstructGameplayTagTree: GameplayTagTreeChangedEvent.Broadcast -  0.000 s
[2017.02.28-01.23.46:718][  0]LogContentBrowser: Native class hierarchy updated for 'GameplayTags' in 0.0021 seconds. Added 13 classes and 0 folders.
[2017.02.28-01.23.47:060][  0]LogContentBrowser: Native class hierarchy updated for 'WidgetCarousel' in 0.0028 seconds. Added 0 classes and 0 folders.
[2017.02.28-01.23.47:299][  0]LogContentBrowser: Native class hierarchy updated for 'AddContentDialog' in 0.0019 seconds. Added 0 classes and 0 folders.
[2017.02.28-01.23.47:543][  0]LogContentBrowser: Native class hierarchy updated for 'SceneOutliner' in 0.0024 seconds. Added 1 classes and 2 folders.
[2017.02.28-01.23.47:733][  0]LogCrashTracker: Crashtracker disabled due to settings.
[2017.02.28-01.23.47:752][  0]LogUObjectGlobals:Warning: Failed to find object 'Class None.'
[2017.02.28-01.23.48:092][  0]LogContentBrowser: Native class hierarchy updated for 'HierarchicalLODOutliner' in 0.0020 seconds. Added 1 classes and 2 folders.
[2017.02.28-01.23.48:093][  0]LogLoad: (Engine Initialization) Total time: 80.51 seconds
[2017.02.28-01.23.48:093][  0]LogLoad: (Engine Initialization) Total Blueprint compile time: 0.22 seconds
[2017.02.28-01.23.48:094][  0]LogExternalProfiler: Found external profiler: VSPerf
[2017.02.28-01.23.48:094][  0]LogExternalProfiler: Using external profiler: VSPerf
[2017.02.28-01.23.48:437][  0]LogOcInput: OculusInput pre-init called
[2017.02.28-01.23.48:468][  0]LogContentStreaming: Texture pool size now 1000 MB
[2017.02.28-01.23.49:210][  0]LogRenderer: Reallocating scene render targets to support 856x372 NumSamples 1 (Frame:2).
[2017.02.28-01.23.51:602][  7]LogAssetRegistry: Asset discovery search completed in 53.7469 seconds
[2017.02.28-01.23.51:602][  7]LogCollectionManager: Rebuilt the object cache for 0 collections in 0.000002 seconds (found 0 objects)
[2017.02.28-01.23.51:602][  7]LogCollectionManager: Fixed up redirectors for 0 collections in 0.000101 seconds (updated 0 objects)
[2017.02.28-01.24.42:965][477]LogAIModule: Creating AISystem for world Fort_Exploration
[2017.02.28-01.24.43:477][477]Cmd: MAP LOAD FILE="../../../../../../Epic Games/Abyss/Content/Maps-Levels/Fort/Fort_Exploration.umap" TEMPLATE=0 SHOWPROGRESS=1 FEATURELEVEL=3
[2017.02.28-01.24.43:480][477]LightingResults: New page: Lighting Build
[2017.02.28-01.24.43:699][477]LogContentBrowser: Native class hierarchy updated for 'StatsViewer' in 0.0019 seconds. Added 5 classes and 0 folders.
[2017.02.28-01.24.43:702][477]LoadErrors: New page: Loading map: Fort_Exploration.umap
[2017.02.28-01.24.43:704][477]MapCheck: New page: Map Check
[2017.02.28-01.24.43:704][477]LightingResults: New page: Lighting Build
[2017.02.28-01.24.44:187][477]LogEditorServer: Finished looking for orphan Actors (0.000 secs)
[2017.02.28-01.24.44:357][477]Cmd: MAP CHECKDEP NOCLEARLOG
[2017.02.28-01.24.44:631][477]MapCheck: Info Map check complete: 0 Error(s), 0 Warning(s), took 273.498ms to complete.
[2017.02.28-01.24.44:634][477]LogFileHelpers: Loading map 'Fort_Exploration' took 1.160
[2017.02.28-01.24.53:545][703]LogEditorViewport: Clicking on Actor (LMB): Ladder_C (Ladder)
[2017.02.28-01.24.56:914][781]LogEditorViewport: Clicking on Actor (CTRL LMB): Ladder_C (Ladder2)
[2017.02.28-01.25.13:360][140]LogContentBrowser: Native class hierarchy updated for 'BlueprintGraph' in 0.0036 seconds. Added 111 classes and 0 folders.
[2017.02.28-01.29.39:774][156]BlueprintLog: New page: Compile Ladder
[2017.02.28-01.29.58:659][395]LogTemp: Repeting last play command: Selected Viewport
[2017.02.28-01.29.58:764][395]LogBlueprintUserMessages: Early PlayInEditor Detection: Level '/Game/Maps-Levels/Fort/Fort_Exploration.Fort_Exploration:PersistentLevel' has LevelScriptBlueprint '/Game/Maps-Levels/Fort/Fort_Exploration.Fort_Exploration:PersistentLevel.Fort_Exploration' with GeneratedClass '/Game/Maps-Levels/Fort/Fort_Exploration.Fort_Exploration_C' with ClassGeneratedBy '/Game/Maps-Levels/Fort/Fort_Exploration.Fort_Exploration:PersistentLevel.Fort_Exploration'
[2017.02.28-01.29.58:764][395]LogPlayLevel: PlayLevel: No blueprints needed recompiling
[2017.02.28-01.29.58:765][395]PIE: New page: PIE session: Fort_Exploration (Feb 27, 2017, 3:29:58 PM)
[2017.02.28-01.29.58:769][395]LogPlayLevel: Creating play world package: /Game/Maps-Levels/Fort/UEDPIE_0_Fort_Exploration
[2017.02.28-01.29.58:777][395]LogPlayLevel: PIE: StaticDuplicateObject took: (0.007873s)
[2017.02.28-01.29.58:779][395]LogAIModule: Creating AISystem for world Fort_Exploration
[2017.02.28-01.29.58:779][395]LogPlayLevel: PIE: World Init took: (0.002668s)
[2017.02.28-01.29.58:780][395]LogPlayLevel: PIE: Created PIE world by copying editor world from /Game/Maps-Levels/Fort/Fort_Exploration.Fort_Exploration to /Game/Maps-Levels/Fort/UEDPIE_0_Fort_Exploration.Fort_Exploration (0.011224s)
[2017.02.28-01.29.59:318][395]LogInit: XAudio2 using 'Speakers (Conexant High Definition Audio)' : 2 channels at 44.1 kHz using 16 bits per sample (channel mask 0x3)
[2017.02.28-01.29.59:363][395]LogInit: FAudioDevice initialized.
[2017.02.28-01.29.59:516][395]LogLoad: Game class is 'abyssGameMode_C'
[2017.02.28-01.29.59:528][395]LogWorld: Bringing World /Game/Maps-Levels/Fort/UEDPIE_0_Fort_Exploration.Fort_Exploration up for play (max tick rate 60) at 2017.02.27-20.29.59
[2017.02.28-01.29.59:529][395]LogWorld: Bringing up level for play took: 0.009938
[2017.02.28-01.29.59:794][395]LogContentBrowser: Native class hierarchy updated for 'MovieSceneCapture' in 0.0022 seconds. Added 11 classes and 0 folders.
[2017.02.28-01.29.59:806][395]PIE: Info Play in editor start time for /Game/Maps-Levels/Fort/UEDPIE_0_Fort_Exploration 0.784
[2017.02.28-01.29.59:807][395]LogBlueprintUserMessages: Late PlayInEditor Detection: Level '/Game/Maps-Levels/Fort/Fort_Exploration.Fort_Exploration:PersistentLevel' has LevelScriptBlueprint '/Game/Maps-Levels/Fort/Fort_Exploration.Fort_Exploration:PersistentLevel.Fort_Exploration' with GeneratedClass '/Game/Maps-Levels/Fort/Fort_Exploration.Fort_Exploration_C' with ClassGeneratedBy '/Game/Maps-Levels/Fort/Fort_Exploration.Fort_Exploration:PersistentLevel.Fort_Exploration'
[2017.02.28-01.30.10:115][520]LogBlueprintUserMessages: Early EndPlayMap Detection: Level '/Game/Maps-Levels/Fort/Fort_Exploration.Fort_Exploration:PersistentLevel' has LevelScriptBlueprint '/Game/Maps-Levels/Fort/Fort_Exploration.Fort_Exploration:PersistentLevel.Fort_Exploration' with GeneratedClass '/Game/Maps-Levels/Fort/Fort_Exploration.Fort_Exploration_C' with ClassGeneratedBy '/Game/Maps-Levels/Fort/Fort_Exploration.Fort_Exploration:PersistentLevel.Fort_Exploration'
[2017.02.28-01.30.10:324][520]LogBlueprintUserMessages: Late EndPlayMap Detection: Level '/Game/Maps-Levels/Fort/Fort_Exploration.Fort_Exploration:PersistentLevel' has LevelScriptBlueprint '/Game/Maps-Levels/Fort/Fort_Exploration.Fort_Exploration:PersistentLevel.Fort_Exploration' with GeneratedClass '/Game/Maps-Levels/Fort/Fort_Exploration.Fort_Exploration_C' with ClassGeneratedBy '/Game/Maps-Levels/Fort/Fort_Exploration.Fort_Exploration:PersistentLevel.Fort_Exploration'
[2017.02.28-01.32.42:690][ 21]LogEditorViewport: Clicking on Actor (LMB): PaperTileMapActor (Fort_TileMap)
[2017.02.28-01.32.44:109][ 44]LogEditorViewport: Clicking on Actor (LMB): PaperTileMapActor (Fort_TileMap)
[2017.02.28-01.32.45:301][ 68]LogEditorViewport: Clicking Background
[2017.02.28-01.32.48:347][145]LogEditorViewport: Clicking on Actor (LMB): Ladder_C (Ladder)
[2017.02.28-01.33.29:744][ 81]LogTemp: Repeting last play command: Selected Viewport
[2017.02.28-01.33.29:840][ 81]LogBlueprintUserMessages: Early PlayInEditor Detection: Level '/Game/Maps-Levels/Fort/Fort_Exploration.Fort_Exploration:PersistentLevel' has LevelScriptBlueprint '/Game/Maps-Levels/Fort/Fort_Exploration.Fort_Exploration:PersistentLevel.Fort_Exploration' with GeneratedClass '/Game/Maps-Levels/Fort/Fort_Exploration.Fort_Exploration_C' with ClassGeneratedBy '/Game/Maps-Levels/Fort/Fort_Exploration.Fort_Exploration:PersistentLevel.Fort_Exploration'
[2017.02.28-01.33.29:840][ 81]LogPlayLevel: PlayLevel: No blueprints needed recompiling
[2017.02.28-01.33.29:840][ 81]PIE: New page: PIE session: Fort_Exploration (Feb 27, 2017, 3:33:29 PM)
[2017.02.28-01.33.29:843][ 81]LogPlayLevel: Creating play world package: /Game/Maps-Levels/Fort/UEDPIE_0_Fort_Exploration
[2017.02.28-01.33.29:849][ 81]LogPlayLevel: PIE: StaticDuplicateObject took: (0.005724s)
[2017.02.28-01.33.29:851][ 81]LogAIModule: Creating AISystem for world Fort_Exploration
[2017.02.28-01.33.29:852][ 81]LogPlayLevel: PIE: World Init took: (0.002630s)
[2017.02.28-01.33.29:852][ 81]LogPlayLevel: PIE: Created PIE world by copying editor world from /Game/Maps-Levels/Fort/Fort_Exploration.Fort_Exploration to /Game/Maps-Levels/Fort/UEDPIE_0_Fort_Exploration.Fort_Exploration (0.008972s)
[2017.02.28-01.33.30:364][ 81]LogInit: XAudio2 using 'Speakers (Conexant High Definition Audio)' : 2 channels at 44.1 kHz using 16 bits per sample (channel mask 0x3)
[2017.02.28-01.33.30:387][ 81]LogInit: FAudioDevice initialized.
[2017.02.28-01.33.30:438][ 81]LogLoad: Game class is 'abyssGameMode_C'
[2017.02.28-01.33.30:446][ 81]LogWorld: Bringing World /Game/Maps-Levels/Fort/UEDPIE_0_Fort_Exploration.Fort_Exploration up for play (max tick rate 60) at 2017.02.27-20.33.30
[2017.02.28-01.33.30:447][ 81]LogWorld: Bringing up level for play took: 0.007636
[2017.02.28-01.33.30:458][ 81]PIE: Info Play in editor start time for /Game/Maps-Levels/Fort/UEDPIE_0_Fort_Exploration 1.438
[2017.02.28-01.33.30:459][ 81]LogBlueprintUserMessages: Late PlayInEditor Detection: Level '/Game/Maps-Levels/Fort/Fort_Exploration.Fort_Exploration:PersistentLevel' has LevelScriptBlueprint '/Game/Maps-Levels/Fort/Fort_Exploration.Fort_Exploration:PersistentLevel.Fort_Exploration' with GeneratedClass '/Game/Maps-Levels/Fort/Fort_Exploration.Fort_Exploration_C' with ClassGeneratedBy '/Game/Maps-Levels/Fort/Fort_Exploration.Fort_Exploration:PersistentLevel.Fort_Exploration'
[2017.02.28-01.33.32:291][107]LogBlueprintUserMessages: Early EndPlayMap Detection: Level '/Game/Maps-Levels/Fort/Fort_Exploration.Fort_Exploration:PersistentLevel' has LevelScriptBlueprint '/Game/Maps-Levels/Fort/Fort_Exploration.Fort_Exploration:PersistentLevel.Fort_Exploration' with GeneratedClass '/Game/Maps-Levels/Fort/Fort_Exploration.Fort_Exploration_C' with ClassGeneratedBy '/Game/Maps-Levels/Fort/Fort_Exploration.Fort_Exploration:PersistentLevel.Fort_Exploration'
[2017.02.28-01.33.32:689][107]LogBlueprintUserMessages: Late EndPlayMap Detection: Level '/Game/Maps-Levels/Fort/Fort_Exploration.Fort_Exploration:PersistentLevel' has LevelScriptBlueprint '/Game/Maps-Levels/Fort/Fort_Exploration.Fort_Exploration:PersistentLevel.Fort_Exploration' with GeneratedClass '/Game/Maps-Levels/Fort/Fort_Exploration.Fort_Exploration_C' with ClassGeneratedBy '/Game/Maps-Levels/Fort/Fort_Exploration.Fort_Exploration:PersistentLevel.Fort_Exploration'
[2017.02.28-01.33.35:121][144]LogEditorViewport: Clicking on Actor (LMB): Fort_BattleTrigger_C (Fort_BattleTrigger)
[2017.02.28-01.33.40:371][252]LogTemp: Repeting last play command: Selected Viewport
[2017.02.28-01.33.40:474][252]LogBlueprintUserMessages: Early PlayInEditor Detection: Level '/Game/Maps-Levels/Fort/Fort_Exploration.Fort_Exploration:PersistentLevel' has LevelScriptBlueprint '/Game/Maps-Levels/Fort/Fort_Exploration.Fort_Exploration:PersistentLevel.Fort_Exploration' with GeneratedClass '/Game/Maps-Levels/Fort/Fort_Exploration.Fort_Exploration_C' with ClassGeneratedBy '/Game/Maps-Levels/Fort/Fort_Exploration.Fort_Exploration:PersistentLevel.Fort_Exploration'
[2017.02.28-01.33.40:474][252]LogPlayLevel: PlayLevel: No blueprints needed recompiling
[2017.02.28-01.33.40:474][252]PIE: New page: PIE session: Fort_Exploration (Feb 27, 2017, 3:33:40 PM)
[2017.02.28-01.33.40:477][252]LogPlayLevel: Creating play world package: /Game/Maps-Levels/Fort/UEDPIE_0_Fort_Exploration
[2017.02.28-01.33.40:484][252]LogPlayLevel: PIE: StaticDuplicateObject took: (0.006710s)
[2017.02.28-01.33.40:488][252]LogAIModule: Creating AISystem for world Fort_Exploration
[2017.02.28-01.33.40:489][252]LogPlayLevel: PIE: World Init took: (0.004546s)
[2017.02.28-01.33.40:489][252]LogPlayLevel: PIE: Created PIE world by copying editor world from /Game/Maps-Levels/Fort/Fort_Exploration.Fort_Exploration to /Game/Maps-Levels/Fort/UEDPIE_0_Fort_Exploration.Fort_Exploration (0.011882s)
[2017.02.28-01.33.41:027][252]LogInit: XAudio2 using 'Speakers (Conexant High Definition Audio)' : 2 channels at 44.1 kHz using 16 bits per sample (channel mask 0x3)
[2017.02.28-01.33.41:072][252]LogInit: FAudioDevice initialized.
[2017.02.28-01.33.41:121][252]LogLoad: Game class is 'abyssGameMode_C'
[2017.02.28-01.33.41:128][252]LogWorld: Bringing World /Game/Maps-Levels/Fort/UEDPIE_0_Fort_Exploration.Fort_Exploration up for play (max tick rate 60) at 2017.02.27-20.33.41
[2017.02.28-01.33.41:129][252]LogWorld: Bringing up level for play took: 0.006758
[2017.02.28-01.33.41:141][252]PIE: Info Play in editor start time for /Game/Maps-Levels/Fort/UEDPIE_0_Fort_Exploration 0.119
[2017.02.28-01.33.41:142][252]LogBlueprintUserMessages: Late PlayInEditor Detection: Level '/Game/Maps-Levels/Fort/Fort_Exploration.Fort_Exploration:PersistentLevel' has LevelScriptBlueprint '/Game/Maps-Levels/Fort/Fort_Exploration.Fort_Exploration:PersistentLevel.Fort_Exploration' with GeneratedClass '/Game/Maps-Levels/Fort/Fort_Exploration.Fort_Exploration_C' with ClassGeneratedBy '/Game/Maps-Levels/Fort/Fort_Exploration.Fort_Exploration:PersistentLevel.Fort_Exploration'
[2017.02.28-01.33.56:356][476]LogBlueprintUserMessages: Early EndPlayMap Detection: Level '/Game/Maps-Levels/Fort/Fort_Exploration.Fort_Exploration:PersistentLevel' has LevelScriptBlueprint '/Game/Maps-Levels/Fort/Fort_Exploration.Fort_Exploration:PersistentLevel.Fort_Exploration' with GeneratedClass '/Game/Maps-Levels/Fort/Fort_Exploration.Fort_Exploration_C' with ClassGeneratedBy '/Game/Maps-Levels/Fort/Fort_Exploration.Fort_Exploration:PersistentLevel.Fort_Exploration'
[2017.02.28-01.33.56:543][476]LogBlueprintUserMessages: Late EndPlayMap Detection: Level '/Game/Maps-Levels/Fort/Fort_Exploration.Fort_Exploration:PersistentLevel' has LevelScriptBlueprint '/Game/Maps-Levels/Fort/Fort_Exploration.Fort_Exploration:PersistentLevel.Fort_Exploration' with GeneratedClass '/Game/Maps-Levels/Fort/Fort_Exploration.Fort_Exploration_C' with ClassGeneratedBy '/Game/Maps-Levels/Fort/Fort_Exploration.Fort_Exploration:PersistentLevel.Fort_Exploration'
[2017.02.28-01.37.39:854][436]LogEditorViewport: Clicking on Actor (LMB): Ladder_C (Ladder2)
[2017.02.28-01.38.15:686][270]LogEditorViewport: Clicking Background
[2017.02.28-01.38.18:512][344]LogTemp: Repeting last play command: Selected Viewport
[2017.02.28-01.38.18:609][344]LogBlueprintUserMessages: Early PlayInEditor Detection: Level '/Game/Maps-Levels/Fort/Fort_Exploration.Fort_Exploration:PersistentLevel' has LevelScriptBlueprint '/Game/Maps-Levels/Fort/Fort_Exploration.Fort_Exploration:PersistentLevel.Fort_Exploration' with GeneratedClass '/Game/Maps-Levels/Fort/Fort_Exploration.Fort_Exploration_C' with ClassGeneratedBy '/Game/Maps-Levels/Fort/Fort_Exploration.Fort_Exploration:PersistentLevel.Fort_Exploration'
[2017.02.28-01.38.18:609][344]LogPlayLevel: PlayLevel: No blueprints needed recompiling
[2017.02.28-01.38.18:610][344]PIE: New page: PIE session: Fort_Exploration (Feb 27, 2017, 3:38:18 PM)
[2017.02.28-01.38.18:612][344]LogPlayLevel: Creating play world package: /Game/Maps-Levels/Fort/UEDPIE_0_Fort_Exploration
[2017.02.28-01.38.18:618][344]LogPlayLevel: PIE: StaticDuplicateObject took: (0.005676s)
[2017.02.28-01.38.18:620][344]LogAIModule: Creating AISystem for world Fort_Exploration
[2017.02.28-01.38.18:621][344]LogPlayLevel: PIE: World Init took: (0.002699s)
[2017.02.28-01.38.18:621][344]LogPlayLevel: PIE: Created PIE world by copying editor world from /Game/Maps-Levels/Fort/Fort_Exploration.Fort_Exploration to /Game/Maps-Levels/Fort/UEDPIE_0_Fort_Exploration.Fort_Exploration (0.009004s)
[2017.02.28-01.38.19:126][344]LogInit: XAudio2 using 'Speakers (Conexant High Definition Audio)' : 2 channels at 44.1 kHz using 16 bits per sample (channel mask 0x3)
[2017.02.28-01.38.19:173][344]LogInit: FAudioDevice initialized.
[2017.02.28-01.38.19:222][344]LogLoad: Game class is 'abyssGameMode_C'
[2017.02.28-01.38.19:231][344]LogWorld: Bringing World /Game/Maps-Levels/Fort/UEDPIE_0_Fort_Exploration.Fort_Exploration up for play (max tick rate 60) at 2017.02.27-20.38.19
[2017.02.28-01.38.19:233][344]LogWorld: Bringing up level for play took: 0.008677
[2017.02.28-01.38.19:245][344]PIE: Info Play in editor start time for /Game/Maps-Levels/Fort/UEDPIE_0_Fort_Exploration 0.227
[2017.02.28-01.38.19:247][344]LogBlueprintUserMessages: Late PlayInEditor Detection: Level '/Game/Maps-Levels/Fort/Fort_Exploration.Fort_Exploration:PersistentLevel' has LevelScriptBlueprint '/Game/Maps-Levels/Fort/Fort_Exploration.Fort_Exploration:PersistentLevel.Fort_Exploration' with GeneratedClass '/Game/Maps-Levels/Fort/Fort_Exploration.Fort_Exploration_C' with ClassGeneratedBy '/Game/Maps-Levels/Fort/Fort_Exploration.Fort_Exploration:PersistentLevel.Fort_Exploration'
[2017.02.28-01.38.42:363][678]LogBlueprintUserMessages: Early EndPlayMap Detection: Level '/Game/Maps-Levels/Fort/Fort_Exploration.Fort_Exploration:PersistentLevel' has LevelScriptBlueprint '/Game/Maps-Levels/Fort/Fort_Exploration.Fort_Exploration:PersistentLevel.Fort_Exploration' with GeneratedClass '/Game/Maps-Levels/Fort/Fort_Exploration.Fort_Exploration_C' with ClassGeneratedBy '/Game/Maps-Levels/Fort/Fort_Exploration.Fort_Exploration:PersistentLevel.Fort_Exploration'
[2017.02.28-01.38.42:477][678]LogBlueprintUserMessages: Late EndPlayMap Detection: Level '/Game/Maps-Levels/Fort/Fort_Exploration.Fort_Exploration:PersistentLevel' has LevelScriptBlueprint '/Game/Maps-Levels/Fort/Fort_Exploration.Fort_Exploration:PersistentLevel.Fort_Exploration' with GeneratedClass '/Game/Maps-Levels/Fort/Fort_Exploration.Fort_Exploration_C' with ClassGeneratedBy '/Game/Maps-Levels/Fort/Fort_Exploration.Fort_Exploration:PersistentLevel.Fort_Exploration'
[2017.02.28-01.38.46:392][764]LogEditorViewport: Clicking on Actor (LMB): Ladder_C (Ladder2)
[2017.02.28-01.38.52:918][922]LogEditorViewport: Clicking Background
[2017.02.28-01.47.28:347][691]Cmd: OBJ SAVEPACKAGE PACKAGE="/Game/Maps-Levels/Fort/Fort_Exploration" FILE="../../../../../../Epic Games/Abyss/Content/Maps-Levels/Fort/Fort_Exploration.umap" SILENT=true AUTOSAVING=false KEEPDIRTY=false
[2017.02.28-01.47.32:052][691]LogSavePackage: Save=1093.62ms
[2017.02.28-01.47.32:052][691]LogSavePackage: Moving '../../../../../../Epic Games/Abyss/Saved/Fort_Exploration0D2EB79A4BDE58D2F4314CA6E2894D4B.tmp' to '../../../../../../Epic Games/Abyss/Content/Maps-Levels/Fort/Fort_Exploration.umap'
[2017.02.28-01.47.32:062][691]LogSavePackage:Display: Finished SavePackage ../../../../../../Epic Games/Abyss/Content/Maps-Levels/Fort/Fort_Exploration.umap
[2017.02.28-01.47.36:709][725]Cmd: OBJ SAVEPACKAGE PACKAGE="/Game/BluePrints/Ladder" FILE="../../../../../../Epic Games/Abyss/Content/BluePrints/Ladder.uasset" SILENT=true
[2017.02.28-01.47.36:920][725]LogSavePackage: Save=77.88ms
[2017.02.28-01.47.36:920][725]LogSavePackage: Moving '../../../../../../Epic Games/Abyss/Saved/Ladder42353D9447B98251B1C67AB0C4637F7F.tmp' to '../../../../../../Epic Games/Abyss/Content/BluePrints/Ladder.uasset'
[2017.02.28-01.47.36:929][725]LogSavePackage:Display: Finished SavePackage ../../../../../../Epic Games/Abyss/Content/BluePrints/Ladder.uasset
[2017.02.28-01.47.37:880][726]Cmd: QUIT_EDITOR
[2017.02.28-01.47.38:163][726]LogExit: Preparing to exit.
[2017.02.28-01.47.38:165][726]Javascript: undefined
[2017.02.28-01.47.38:550][726]Javascript: undefined
[2017.02.28-01.47.38:655][726]LogDirectoryWatcher: A directory notification for 'C:/Epic Games/Abyss/Content/Scripts/' was aborted.
[2017.02.28-01.47.38:655][726]LogDirectoryWatcher: A directory notification for 'C:/Program Files (x86)/Epic Games/4.14/Engine/Plugins/Marketplace/UnrealJS/Content/Scripts/' was aborted.
[2017.02.28-01.47.39:357][726]LogDirectoryWatcher: A directory notification for 'C:/Epic Games/Abyss/Content/' was aborted.
[2017.02.28-01.47.39:573][726]LogExit: Editor shut down
[2017.02.28-01.47.39:575][726]LogExit: Transaction tracking system shut down
[2017.02.28-01.47.39:945][726]LogObj: Freed 0b from 0 cluster array pools.
[2017.02.28-01.47.39:946][726]LogExit: Object subsystem successfully closed.
[2017.02.28-01.47.39:989][726]LogD3D11RHI: Shutdown
[2017.02.28-01.47.39:989][726]LogD3D11RHI: CleanupD3DDevice
[2017.02.28-01.47.40:317][726]LogD3D11RHI: ~FD3D11DynamicRHI
[2017.02.28-01.47.40:394][726]LogHttp:Display: Http module shutting down, but needs to wait on 1 outstanding Http requests:
[2017.02.28-01.47.40:394][726]LogHttp:Display: 	verb=[POST] url=[https://datarouter.ol.epicgames.com/datarouter/api/v1/public/data?SessionID=%7BC163F838-4138-BE69-0592-3F835EC4B2D9%7D&AppID=UEEditor.Rocket.Release&AppVersion=4.14.3-3249277%2B%2B%2BUE4%2BRelease-4.14&UserID=e8e222f54742c54e8c0e5b9b8358f314%7Cdabbf80a43e14cda8842ca5b55e8523f%7C8a9726c6-f878-40e5-a4a1-000ac1d633e0&AppEnvironment=datacollector-binary&UploadType=eteventstream] status=Processing
[2017.02.28-01.47.40:422][726]LogModuleManager: Shutting down and abandoning module MovieSceneCapture (257)
[2017.02.28-01.47.40:422][726]LogModuleManager: Shutting down and abandoning module BlueprintGraph (256)
[2017.02.28-01.47.40:422][726]LogModuleManager: Shutting down and abandoning module BlueprintProfiler (255)
[2017.02.28-01.47.40:458][726]LogModuleManager: Shutting down and abandoning module StatsViewer (254)
[2017.02.28-01.47.40:458][726]LogModuleManager: Shutting down and abandoning module HierarchicalLODOutliner (253)
[2017.02.28-01.47.40:458][726]LogModuleManager: Shutting down and abandoning module CrashTracker (252)
[2017.02.28-01.47.40:458][726]LogModuleManager: Shutting down and abandoning module SceneOutliner (251)
[2017.02.28-01.47.40:458][726]LogModuleManager: Shutting down and abandoning module WidgetCarousel (250)
[2017.02.28-01.47.40:458][726]LogModuleManager: Shutting down and abandoning module AddContentDialog (249)
[2017.02.28-01.47.40:458][726]LogDirectoryWatcher: A directory notification for 'C:/Program Files (x86)/Epic Games/4.14/FeaturePacks/' was aborted.
[2017.02.28-01.47.40:463][726]LogModuleManager: Shutting down and abandoning module GameplayTags (248)
[2017.02.28-01.47.40:463][726]LogModuleManager: Shutting down and abandoning module EditorWidgets (247)
[2017.02.28-01.47.40:463][726]LogModuleManager: Shutting down and abandoning module CollectionManager (246)
[2017.02.28-01.47.40:463][726]LogDirectoryWatcher: A directory notification for 'C:/Epic Games/Abyss/Content/Collections/' was aborted.
[2017.02.28-01.47.40:463][726]LogDirectoryWatcher: A directory notification for 'C:/Epic Games/Abyss/Content/Developers/Anthony/Collections/' was aborted.
[2017.02.28-01.47.40:464][726]LogDirectoryWatcher: A directory notification for 'C:/Epic Games/Abyss/Saved/Collections/' was aborted.
[2017.02.28-01.47.40:464][726]LogModuleManager: Shutting down and abandoning module FoliageEdit (245)
[2017.02.28-01.47.40:464][726]LogModuleManager: Shutting down and abandoning module LandscapeEditor (244)
[2017.02.28-01.47.40:464][726]LogModuleManager: Shutting down and abandoning module SceneDepthPickerMode (243)
[2017.02.28-01.47.40:464][726]LogModuleManager: Shutting down and abandoning module ActorPickerMode (242)
[2017.02.28-01.47.40:464][726]LogModuleManager: Shutting down and abandoning module GeometryMode (241)
[2017.02.28-01.47.40:464][726]LogModuleManager: Shutting down and abandoning module TextureAlignMode (240)
[2017.02.28-01.47.40:464][726]LogModuleManager: Shutting down and abandoning module BspMode (239)
[2017.02.28-01.47.40:464][726]LogModuleManager: Shutting down and abandoning module HardwareSurvey (238)
[2017.02.28-01.47.40:464][726]LogModuleManager: Shutting down and abandoning module SequenceRecorderSections (237)
[2017.02.28-01.47.40:465][726]LogModuleManager: Shutting down and abandoning module AutomationWorker (236)
[2017.02.28-01.47.40:465][726]LogModuleManager: Shutting down and abandoning module MatineeToLevelSequence (235)
[2017.02.28-01.47.40:465][726]LogModuleManager: Shutting down and abandoning module PlacementMode (234)
[2017.02.28-01.47.40:465][726]LogModuleManager: Shutting down and abandoning module LevelSequenceEditor (233)
[2017.02.28-01.47.40:465][726]LogModuleManager: Shutting down and abandoning module WmfMediaFactory (232)
[2017.02.28-01.47.40:465][726]LogModuleManager: Shutting down and abandoning module WmfMediaEditor (231)
[2017.02.28-01.47.40:465][726]LogModuleManager: Shutting down and abandoning module AvfMediaFactory (230)
[2017.02.28-01.47.40:465][726]LogModuleManager: Shutting down and abandoning module AvfMediaEditor (229)
[2017.02.28-01.47.40:465][726]LogModuleManager: Shutting down and abandoning module Media (228)
[2017.02.28-01.47.40:465][726]LogModuleManager: Shutting down and abandoning module AndroidMediaFactory (227)
[2017.02.28-01.47.40:465][726]LogModuleManager: Shutting down and abandoning module AndroidMediaEditor (226)
[2017.02.28-01.47.40:465][726]LogModuleManager: Shutting down and abandoning module CharacterAI (225)
[2017.02.28-01.47.40:465][726]LogModuleManager: Shutting down and abandoning module SequenceRecorder (224)
[2017.02.28-01.47.40:465][726]LogModuleManager: Shutting down and abandoning module AudioCapture (223)
[2017.02.28-01.47.40:466][726]LogModuleManager: Shutting down and abandoning module SmartSnapping (222)
[2017.02.28-01.47.40:466][726]LogModuleManager: Shutting down and abandoning module SessionServices (221)
[2017.02.28-01.47.40:466][726]LogModuleManager: Shutting down and abandoning module ViewportSnapping (220)
[2017.02.28-01.47.40:466][726]LogModuleManager: Shutting down and abandoning module ViewportInteraction (219)
[2017.02.28-01.47.40:466][726]LogModuleManager: Shutting down and abandoning module LogVisualizer (218)
[2017.02.28-01.47.40:466][726]LogModuleManager: Shutting down and abandoning module GameProjectGeneration (217)
[2017.02.28-01.47.40:466][726]LogModuleManager: Shutting down and abandoning module IntroTutorials (216)
[2017.02.28-01.47.40:466][726]LogModuleManager: Shutting down and abandoning module EditorLiveStreaming (215)
[2017.02.28-01.47.40:466][726]LogModuleManager: Shutting down and abandoning module IOSPlatformEditor (214)
[2017.02.28-01.47.40:466][726]LogModuleManager: Shutting down and abandoning module HTML5PlatformEditor (213)
[2017.02.28-01.47.40:466][726]LogModuleManager: Shutting down and abandoning module AndroidDeviceDetection (212)
[2017.02.28-01.47.40:774][726]LogModuleManager: Shutting down and abandoning module AndroidPlatformEditor (211)
[2017.02.28-01.47.40:774][726]LogModuleManager: Shutting down and abandoning module IOSRuntimeSettings (210)
[2017.02.28-01.47.40:774][726]LogModuleManager: Shutting down and abandoning module AndroidRuntimeSettings (209)
[2017.02.28-01.47.40:774][726]LogModuleManager: Shutting down and abandoning module InputBindingEditor (208)
[2017.02.28-01.47.40:774][726]LogModuleManager: Shutting down and abandoning module NiagaraEditor (207)
[2017.02.28-01.47.40:774][726]LogModuleManager: Shutting down and abandoning module MergeActors (206)
[2017.02.28-01.47.40:774][726]LogModuleManager: Shutting down and abandoning module SizeMap (205)
[2017.02.28-01.47.40:774][726]LogModuleManager: Shutting down and abandoning module TreeMap (204)
[2017.02.28-01.47.40:774][726]LogModuleManager: Shutting down and abandoning module ReferenceViewer (203)
[2017.02.28-01.47.40:774][726]LogModuleManager: Shutting down and abandoning module LocalizationService (202)
[2017.02.28-01.47.40:774][726]LogModuleManager: Shutting down and abandoning module LocalizationDashboard (201)
[2017.02.28-01.47.40:775][726]LogModuleManager: Shutting down and abandoning module HardwareTargeting (200)
[2017.02.28-01.47.40:775][726]LogModuleManager: Shutting down and abandoning module DeviceProfileEditor (199)
[2017.02.28-01.47.40:775][726]LogModuleManager: Shutting down and abandoning module UndoHistory (198)
[2017.02.28-01.47.40:775][726]LogModuleManager: Shutting down and abandoning module UserFeedback (197)
[2017.02.28-01.47.40:775][726]LogModuleManager: Shutting down and abandoning module XmlParser (196)
[2017.02.28-01.47.40:775][726]LogModuleManager: Shutting down and abandoning module Blutility (195)
[2017.02.28-01.47.40:775][726]LogModuleManager: Shutting down and abandoning module ProjectTargetPlatformEditor (194)
[2017.02.28-01.47.40:776][726]LogModuleManager: Shutting down and abandoning module ProjectSettingsViewer (193)
[2017.02.28-01.47.40:776][726]LogModuleManager: Shutting down and abandoning module EditorSettingsViewer (192)
[2017.02.28-01.47.40:776][726]LogModuleManager: Shutting down and abandoning module SettingsEditor (191)
[2017.02.28-01.47.40:776][726]LogModuleManager: Shutting down and abandoning module ProjectLauncher (190)
[2017.02.28-01.47.40:776][726]LogModuleManager: Shutting down and abandoning module SessionFrontend (189)
[2017.02.28-01.47.40:776][726]LogModuleManager: Shutting down and abandoning module ProfilerClient (188)
[2017.02.28-01.47.40:776][726]LogModuleManager: Shutting down and abandoning module TargetDeviceServices (187)
[2017.02.28-01.47.40:776][726]LogModuleManager: Shutting down and abandoning module DeviceManager (186)
[2017.02.28-01.47.40:817][726]LogModuleManager: Shutting down and abandoning module AutomationController (185)
[2017.02.28-01.47.40:817][726]LogModuleManager: Shutting down and abandoning module AutomationWindow (184)
[2017.02.28-01.47.40:817][726]LogModuleManager: Shutting down and abandoning module Layers (183)
[2017.02.28-01.47.40:817][726]LogModuleManager: Shutting down and abandoning module ComponentVisualizers (182)
[2017.02.28-01.47.40:817][726]LogModuleManager: Shutting down and abandoning module DetailCustomizations (181)
[2017.02.28-01.47.40:817][726]LogModuleManager: Shutting down and abandoning module PackagesDialog (180)
[2017.02.28-01.47.40:818][726]LogModuleManager: Shutting down and abandoning module AnimGraph (179)
[2017.02.28-01.47.40:818][726]LogModuleManager: Shutting down and abandoning module Persona (178)
[2017.02.28-01.47.40:818][726]LogModuleManager: Shutting down and abandoning module Kismet (177)
[2017.02.28-01.47.40:849][726]LogModuleManager: Shutting down and abandoning module GraphEditor (176)
[2017.02.28-01.47.40:849][726]LogModuleManager: Shutting down and abandoning module ClassViewer (175)
[2017.02.28-01.47.40:849][726]LogModuleManager: Shutting down and abandoning module Toolbox (174)
[2017.02.28-01.47.40:849][726]LogModuleManager: Shutting down and abandoning module ModuleUI (173)
[2017.02.28-01.47.40:855][726]LogModuleManager: Shutting down and abandoning module MovieSceneTools (172)
[2017.02.28-01.47.40:855][726]LogModuleManager: Shutting down and abandoning module OutputLog (171)
[2017.02.28-01.47.40:855][726]LogModuleManager: Shutting down and abandoning module GammaUI (170)
[2017.02.28-01.47.40:855][726]LogModuleManager: Shutting down and abandoning module Documentation (169)
[2017.02.28-01.47.40:855][726]LogModuleManager: Shutting down and abandoning module Niagara (168)
[2017.02.28-01.47.40:855][726]LogModuleManager: Shutting down and abandoning module StreamingPauseRendering (167)
[2017.02.28-01.47.40:855][726]LogModuleManager: Shutting down and abandoning module AnalyticsET (166)
[2017.02.28-01.47.40:855][726]LogModuleManager: Shutting down and abandoning module PortalServices (165)
[2017.02.28-01.47.40:855][726]LogModuleManager: Shutting down and abandoning module PortalRpc (164)
[2017.02.28-01.47.40:856][726]LogModuleManager: Shutting down and abandoning module MessagingRpc (163)
[2017.02.28-01.47.40:856][726]LogModuleManager: Shutting down and abandoning module GameplayDebugger (162)
[2017.02.28-01.47.40:856][726]LogModuleManager: Shutting down and abandoning module AITestSuite (161)
[2017.02.28-01.47.40:856][726]LogModuleManager: Shutting down and abandoning module AIModule (160)
[2017.02.28-01.47.40:856][726]LogModuleManager: Shutting down and abandoning module ProfilerService (159)
[2017.02.28-01.47.40:976][726]LogModuleManager: Shutting down and abandoning module TaskGraph (158)
[2017.02.28-01.47.40:976][726]LogModuleManager: Shutting down and abandoning module SlateRemote (157)
[2017.02.28-01.47.40:976][726]LogModuleManager: Shutting down and abandoning module SteamVRController (156)
[2017.02.28-01.47.40:976][726]LogModuleManager: Shutting down and abandoning module SteamVR (155)
[2017.02.28-01.47.40:976][726]LogModuleManager: Shutting down and abandoning module ProceduralMeshComponentEditor (154)
[2017.02.28-01.47.40:976][726]LogModuleManager: Shutting down and abandoning module ProceduralMeshComponent (153)
[2017.02.28-01.47.40:976][726]LogModuleManager: Shutting down and abandoning module OculusLibrary (152)
[2017.02.28-01.47.40:976][726]LogModuleManager: Shutting down and abandoning module OculusInput (151)
[2017.02.28-01.47.40:976][726]LogModuleManager: Shutting down and abandoning module MobilePatchingUtils (150)
[2017.02.28-01.47.40:976][726]LogModuleManager: Shutting down and abandoning module CustomMeshComponent (149)
[2017.02.28-01.47.40:976][726]LogModuleManager: Shutting down and abandoning module CableComponent (148)
[2017.02.28-01.47.40:977][726]LogModuleManager: Shutting down and abandoning module ArchVisCharacter (147)
[2017.02.28-01.47.40:977][726]LogModuleManager: Shutting down and abandoning module MediaPlayerEditor (145)
[2017.02.28-01.47.40:977][726]LogModuleManager: Shutting down and abandoning module JavascriptConsole (144)
[2017.02.28-01.47.40:977][726]LogModuleManager: Shutting down and abandoning module JavascriptEditor (143)
[2017.02.28-01.47.40:977][726]LogModuleManager: Shutting down and abandoning module ProceduralAudio (142)
[2017.02.28-01.47.40:977][726]LogModuleManager: Shutting down and abandoning module MusicMacroLanguage (141)
[2017.02.28-01.47.40:977][726]LogModuleManager: Shutting down and abandoning module MidiInterface (140)
[2017.02.28-01.47.40:977][726]LogModuleManager: Shutting down and abandoning module MidiAssetEditor (139)
[2017.02.28-01.47.40:977][726]LogModuleManager: Shutting down and abandoning module MidiAsset (138)
[2017.02.28-01.47.40:977][726]LogModuleManager: Shutting down and abandoning module Midi (137)
[2017.02.28-01.47.40:977][726]LogModuleManager: Shutting down and abandoning module HGGifImporter (136)
[2017.02.28-01.47.40:977][726]LogModuleManager: Shutting down and abandoning module HTML5Networking (135)
[2017.02.28-01.47.40:977][726]LogModuleManager: Shutting down and abandoning module GeometryCacheEd (134)
[2017.02.28-01.47.40:977][726]LogModuleManager: Shutting down and abandoning module GeometryCache (133)
[2017.02.28-01.47.40:977][726]LogModuleManager: Shutting down and abandoning module AlembicLibrary (132)
[2017.02.28-01.47.40:977][726]LogModuleManager: Shutting down and abandoning module AlembicImporter (131)
[2017.02.28-01.47.40:978][726]LogModuleManager: Shutting down and abandoning module SuperSearch (130)
[2017.02.28-01.47.40:978][726]LogModuleManager: Shutting down and abandoning module SuperSearchEditor (129)
[2017.02.28-01.47.40:978][726]LogModuleManager: Shutting down and abandoning module SpeedTreeImporter (128)
[2017.02.28-01.47.40:978][726]LogModuleManager: Shutting down and abandoning module PluginBrowser (127)
[2017.02.28-01.47.40:978][726]LogModuleManager: Shutting down and abandoning module MobileLauncherProfileWizard (126)
[2017.02.28-01.47.40:978][726]LogModuleManager: Shutting down and abandoning module EpicSurvey (125)
[2017.02.28-01.47.40:978][726]LogModuleManager: Shutting down and abandoning module DesktopPlatform (124)
[2017.02.28-01.47.40:978][726]LogModuleManager: Shutting down and abandoning module VisualStudioSourceCodeAccess (123)
[2017.02.28-01.47.40:978][726]LogModuleManager: Shutting down and abandoning module UObjectPlugin (122)
[2017.02.28-01.47.40:979][726]LogModuleManager: Shutting down and abandoning module SubversionSourceControl (121)
[2017.02.28-01.47.40:979][726]LogModuleManager: Shutting down and abandoning module PerforceSourceControl (120)
[2017.02.28-01.47.40:979][726]LogModuleManager: Shutting down and abandoning module SourceControl (119)
[2017.02.28-01.47.40:984][726]LogModuleManager: Shutting down and abandoning module GitSourceControl (118)
[2017.02.28-01.47.40:984][726]LogModuleManager: Shutting down and abandoning module LightPropagationVolumeEditor (117)
[2017.02.28-01.47.40:984][726]LogModuleManager: Shutting down and abandoning module PaperTiledImporter (116)
[2017.02.28-01.47.40:984][726]LogModuleManager: Shutting down and abandoning module PaperSpriteSheetImporter (115)
[2017.02.28-01.47.40:984][726]LogModuleManager: Shutting down and abandoning module MeshPaint (114)
[2017.02.28-01.47.40:984][726]LogModuleManager: Shutting down and abandoning module PixelInspectorModule (113)
[2017.02.28-01.47.40:984][726]LogModuleManager: Shutting down and abandoning module HotReload (112)
[2017.02.28-01.47.40:987][726]LogModuleManager: Shutting down and abandoning module MainFrame (111)
[2017.02.28-01.47.40:988][726]LogModuleManager: Shutting down and abandoning module LevelEditor (110)
[2017.02.28-01.47.40:990][726]LogModuleManager: Shutting down and abandoning module ContentBrowser (109)
[2017.02.28-01.47.41:000][726]LogModuleManager: Shutting down and abandoning module Paper2DEditor (108)
[2017.02.28-01.47.41:001][726]LogModuleManager: Shutting down and abandoning module UdpMessaging (107)
[2017.02.28-01.47.41:101][726]LogModuleManager: Shutting down and abandoning module TcpMessaging (106)
[2017.02.28-01.47.41:201][726]LogModuleManager: Shutting down and abandoning module JavascriptWebSocket (105)
[2017.02.28-01.47.41:201][726]LogModuleManager: Shutting down and abandoning module JavascriptHttp (104)
[2017.02.28-01.47.41:201][726]LogModuleManager: Shutting down and abandoning module JavascriptUMG (103)
[2017.02.28-01.47.41:201][726]LogModuleManager: Shutting down and abandoning module V8 (102)
[2017.02.28-01.47.41:204][726]LogModuleManager: Shutting down and abandoning module LightPropagationVolumeRuntime (101)
[2017.02.28-01.47.41:209][726]LogModuleManager: Shutting down and abandoning module Paper2D (100)
[2017.02.28-01.47.41:209][726]LogModuleManager: Shutting down and abandoning module WindowsMoviePlayer (99)
[2017.02.28-01.47.41:210][726]LogModuleManager: Shutting down and abandoning module WmfMedia (98)
[2017.02.28-01.47.41:254][726]LogModuleManager: Shutting down and abandoning module MediaAssets (97)
[2017.02.28-01.47.41:254][726]LogModuleManager: Shutting down and abandoning module GameLiveStreaming (96)
[2017.02.28-01.47.41:255][726]LogModuleManager: Shutting down and abandoning module GameplayTagsEditor (95)
[2017.02.28-01.47.41:255][726]LogModuleManager: Shutting down and abandoning module VREditor (94)
[2017.02.28-01.47.41:255][726]LogModuleManager: Shutting down and abandoning module GameplayTasksEditor (93)
[2017.02.28-01.47.41:255][726]LogModuleManager: Shutting down and abandoning module BehaviorTreeEditor (92)
[2017.02.28-01.47.41:255][726]LogModuleManager: Shutting down and abandoning module FunctionalTesting (91)
[2017.02.28-01.47.41:255][726]LogModuleManager: Shutting down and abandoning module CollisionAnalyzer (90)
[2017.02.28-01.47.41:255][726]LogModuleManager: Shutting down and abandoning module Sequencer (89)
[2017.02.28-01.47.41:255][726]LogModuleManager: Shutting down and abandoning module WorkspaceMenuStructure (88)
[2017.02.28-01.47.41:255][726]LogModuleManager: Shutting down and abandoning module MessageLog (87)
[2017.02.28-01.47.41:255][726]LogModuleManager: Shutting down and abandoning module AssetTools (86)
[2017.02.28-01.47.41:255][726]LogModuleManager: Shutting down and abandoning module UMGEditor (85)
[2017.02.28-01.47.41:256][726]LogModuleManager: Shutting down and abandoning module UMG (84)
[2017.02.28-01.47.41:256][726]LogModuleManager: Shutting down and abandoning module SlateReflector (83)
[2017.02.28-01.47.41:256][726]LogModuleManager: Shutting down and abandoning module Slate (82)
[2017.02.28-01.47.41:256][726]LogModuleManager: Shutting down and abandoning module EditorStyle (81)
[2017.02.28-01.47.41:281][726]LogModuleManager: Shutting down and abandoning module SourceCodeAccess (80)
[2017.02.28-01.47.41:281][726]LogModuleManager: Shutting down and abandoning module HeadMountedDisplay (79)
[2017.02.28-01.47.41:281][726]LogModuleManager: Shutting down and abandoning module XAudio2 (78)
[2017.02.28-01.47.41:282][726]LogModuleManager: Shutting down and abandoning module Networking (76)
[2017.02.28-01.47.41:282][726]LogModuleManager: Shutting down and abandoning module Core (75)
[2017.02.28-01.47.41:282][726]LogModuleManager: Shutting down and abandoning module DirectoryWatcher (74)
[2017.02.28-01.47.41:282][726]LogDirectoryWatcher: A directory notification for '../../../Engine/Content/' was aborted.
[2017.02.28-01.47.41:282][726]LogDirectoryWatcher: A directory notification for '../../../../../../Epic Games/Abyss/Content/' was aborted.
[2017.02.28-01.47.41:283][726]LogDirectoryWatcher: A directory notification for '../../../Engine/Plugins/2D/Paper2D/Content/' was aborted.
[2017.02.28-01.47.41:284][726]LogDirectoryWatcher: A directory notification for '../../../Engine/Plugins/Marketplace/UnrealJS/Content/' was aborted.
[2017.02.28-01.47.41:286][726]LogModuleManager: Shutting down and abandoning module AssetRegistry (73)
[2017.02.28-01.47.41:471][726]LogModuleManager: Shutting down and abandoning module KismetCompiler (72)
[2017.02.28-01.47.41:471][726]LogModuleManager: Shutting down and abandoning module PhysXFormats (71)
[2017.02.28-01.47.41:471][726]LogModuleManager: Shutting down and abandoning module SimplygonSwarm (70)
[2017.02.28-01.47.41:471][726]LogModuleManager: Shutting down and abandoning module SimplygonMeshReduction (69)
[2017.02.28-01.47.41:472][726]LogModuleManager: Shutting down and abandoning module QuadricMeshReduction (68)
[2017.02.28-01.47.41:472][726]LogModuleManager: Shutting down and abandoning module PropertyEditor (67)
[2017.02.28-01.47.41:472][726]LogModuleManager: Shutting down and abandoning module MeshUtilities (66)
[2017.02.28-01.47.41:472][726]LogModuleManager: Shutting down and abandoning module DerivedDataCache (65)
[2017.02.28-01.47.41:527][726]LogDerivedDataCache: Shutdown
[2017.02.28-01.47.41:527][726]LogModuleManager: Shutting down and abandoning module VulkanShaderFormat (64)
[2017.02.28-01.47.41:527][726]LogModuleManager: Shutting down and abandoning module ShaderFormatOpenGL (63)
[2017.02.28-01.47.41:527][726]LogModuleManager: Shutting down and abandoning module ShaderFormatD3D (62)
[2017.02.28-01.47.41:527][726]LogModuleManager: Shutting down and abandoning module MetalShaderFormat (61)
[2017.02.28-01.47.41:527][726]LogModuleManager: Shutting down and abandoning module TextureFormatUncompressed (60)
[2017.02.28-01.47.41:527][726]LogModuleManager: Shutting down and abandoning module TextureFormatPVR (59)
[2017.02.28-01.47.41:527][726]LogModuleManager: Shutting down and abandoning module TextureFormatDXT (58)
[2017.02.28-01.47.41:527][726]LogModuleManager: Shutting down and abandoning module TextureFormatIntelISPCTexComp (57)
[2017.02.28-01.47.41:529][726]LogModuleManager: Shutting down and abandoning module ImageWrapper (56)
[2017.02.28-01.47.41:529][726]LogModuleManager: Shutting down and abandoning module TextureFormatASTC (55)
[2017.02.28-01.47.41:529][726]LogModuleManager: Shutting down and abandoning module TextureFormatAndroid (54)
[2017.02.28-01.47.41:529][726]LogModuleManager: Shutting down and abandoning module AudioFormatOpus (53)
[2017.02.28-01.47.41:529][726]LogModuleManager: Shutting down and abandoning module AudioFormatOgg (52)
[2017.02.28-01.47.41:529][726]LogModuleManager: Shutting down and abandoning module AudioFormatADPCM (51)
[2017.02.28-01.47.41:529][726]LogModuleManager: Shutting down and abandoning module LinuxTargetPlatform (50)
[2017.02.28-01.47.41:529][726]LogModuleManager: Shutting down and abandoning module LinuxServerTargetPlatform (49)
[2017.02.28-01.47.41:529][726]LogModuleManager: Shutting down and abandoning module LinuxNoEditorTargetPlatform (48)
[2017.02.28-01.47.41:529][726]LogModuleManager: Shutting down and abandoning module LinuxClientTargetPlatform (47)
[2017.02.28-01.47.41:529][726]LogModuleManager: Shutting down and abandoning module TVOSTargetPlatform (46)
[2017.02.28-01.47.41:529][726]LogModuleManager: Shutting down and abandoning module Messaging (45)
[2017.02.28-01.47.41:530][726]LogModuleManager: Shutting down and abandoning module IOSTargetPlatform (44)
[2017.02.28-01.47.41:535][726]LogModuleManager: Shutting down and abandoning module HTML5TargetPlatform (43)
[2017.02.28-01.47.41:535][726]LogModuleManager: Shutting down and abandoning module Android_PVRTCTargetPlatform (42)
[2017.02.28-01.47.41:535][726]LogModuleManager: Shutting down and abandoning module Android_MultiTargetPlatform (41)
[2017.02.28-01.47.41:535][726]LogModuleManager: Shutting down and abandoning module Android_ETC2TargetPlatform (40)
[2017.02.28-01.47.41:535][726]LogModuleManager: Shutting down and abandoning module Android_ETC1TargetPlatform (39)
[2017.02.28-01.47.41:535][726]LogModuleManager: Shutting down and abandoning module Android_DXTTargetPlatform (38)
[2017.02.28-01.47.41:535][726]LogModuleManager: Shutting down and abandoning module Android_ATCTargetPlatform (37)
[2017.02.28-01.47.41:535][726]LogModuleManager: Shutting down and abandoning module Android_ASTCTargetPlatform (36)
[2017.02.28-01.47.41:535][726]LogModuleManager: Shutting down and abandoning module AndroidTargetPlatform (35)
[2017.02.28-01.47.41:535][726]LogModuleManager: Shutting down and abandoning module WindowsTargetPlatform (34)
[2017.02.28-01.47.41:535][726]LogModuleManager: Shutting down and abandoning module WindowsServerTargetPlatform (33)
[2017.02.28-01.47.41:535][726]LogModuleManager: Shutting down and abandoning module WindowsNoEditorTargetPlatform (32)
[2017.02.28-01.47.41:535][726]LogModuleManager: Shutting down and abandoning module WindowsClientTargetPlatform (31)
[2017.02.28-01.47.41:535][726]LogModuleManager: Shutting down and abandoning module MacTargetPlatform (30)
[2017.02.28-01.47.41:535][726]LogModuleManager: Shutting down and abandoning module MacServerTargetPlatform (29)
[2017.02.28-01.47.41:535][726]LogModuleManager: Shutting down and abandoning module MacNoEditorTargetPlatform (28)
[2017.02.28-01.47.41:535][726]LogModuleManager: Shutting down and abandoning module MacClientTargetPlatform (27)
[2017.02.28-01.47.41:535][726]LogModuleManager: Shutting down and abandoning module AllDesktopTargetPlatform (26)
[2017.02.28-01.47.41:535][726]LogModuleManager: Shutting down and abandoning module TargetPlatform (25)
[2017.02.28-01.47.41:535][726]LogModuleManager: Shutting down and abandoning module InputCore (24)
[2017.02.28-01.47.41:535][726]LogModuleManager: Shutting down and abandoning module Settings (23)
[2017.02.28-01.47.41:556][726]LogModuleManager: Shutting down and abandoning module OculusRift (22)
[2017.02.28-01.47.41:556][726]LogModuleManager: Shutting down and abandoning module ExampleDeviceProfileSelector (21)
[2017.02.28-01.47.41:556][726]LogModuleManager: Shutting down and abandoning module OnlineBlueprintSupport (20)
[2017.02.28-01.47.41:556][726]LogModuleManager: Shutting down and abandoning module OnlineSubsystem (18)
[2017.02.28-01.47.41:556][726]LogOnline:Display: Unloading online subsystem: NULL
[2017.02.28-01.47.41:556][726]LogModuleManager: Shutting down and abandoning module SSL (17)
[2017.02.28-01.47.41:560][726]LogModuleManager: Shutting down and abandoning module HTTP (16)
[2017.02.28-01.47.41:560][726]LogModuleManager: Shutting down and abandoning module XMPP (15)
[2017.02.28-01.47.41:560][726]LogModuleManager: Shutting down and abandoning module TextureCompressor (14)
[2017.02.28-01.47.41:561][726]LogModuleManager: Shutting down and abandoning module ShaderCore (13)
[2017.02.28-01.47.41:561][726]LogModuleManager: Shutting down and abandoning module Landscape (12)
[2017.02.28-01.47.41:561][726]LogModuleManager: Shutting down and abandoning module SlateRHIRenderer (11)
[2017.02.28-01.47.41:590][726]LogModuleManager: Shutting down and abandoning module OpenGLDrv (10)
[2017.02.28-01.47.41:590][726]LogModuleManager: Shutting down and abandoning module D3D11RHI (9)
[2017.02.28-01.47.41:590][726]LogModuleManager: Shutting down and abandoning module AnimGraphRuntime (8)
[2017.02.28-01.47.41:590][726]LogModuleManager: Shutting down and abandoning module Renderer (7)
[2017.02.28-01.47.41:591][726]LogModuleManager: Shutting down and abandoning module Engine (6)
[2017.02.28-01.47.41:591][726]LogModuleManager: Shutting down and abandoning module CoreUObject (5)
[2017.02.28-01.47.41:591][726]LogModuleManager: Shutting down and abandoning module NetworkFile (4)
[2017.02.28-01.47.41:591][726]LogModuleManager: Shutting down and abandoning module StreamingFile (3)
[2017.02.28-01.47.41:591][726]LogModuleManager: Shutting down and abandoning module SandboxFile (2)
[2017.02.28-01.47.41:591][726]LogModuleManager: Shutting down and abandoning module PakFile (1)
[2017.02.28-01.47.41:623][726]LogExit: Exiting.
[2017.02.28-01.47.41:694][726]Log file closed, 02/27/17 20:47:41
