Log file open, 02/28/17 16:53:02
LogInit:Display: Running engine for game: Abyss
LogPlatformFile: Not using cached read wrapper
LogInit:Display: RandInit(1334340913) SRandInit(1334340913).
LogTaskGraph: Started task graph with 5 named threads and 8 total threads with 1 sets of task threads.
LogStats: Stats thread started at 0.077476
LogPluginManager: Loaded Plugin Paper2D, From C:/Program Files/Epic Games/UE_4.14/Engine/Plugins/2D/Paper2D/Paper2D.uplugin
LogPluginManager: Loaded Plugin LightPropagationVolume, From C:/Program Files/Epic Games/UE_4.14/Engine/Plugins/Blendables/LightPropagationVolume/LightPropagationVolume.uplugin
LogPluginManager: Loaded Plugin BlankPlugin, From C:/Program Files/Epic Games/UE_4.14/Engine/Plugins/Developer/BlankPlugin/BlankPlugin.uplugin
LogPluginManager: Loaded Plugin CodeLiteSourceCodeAccess, From C:/Program Files/Epic Games/UE_4.14/Engine/Plugins/Developer/CodeLiteSourceCodeAccess/CodeLiteSourceCodeAccess.uplugin
LogPluginManager: Loaded Plugin GitSourceControl, From C:/Program Files/Epic Games/UE_4.14/Engine/Plugins/Developer/GitSourceControl/GitSourceControl.uplugin
LogPluginManager: Loaded Plugin KDevelopSourceCodeAccess, From C:/Program Files/Epic Games/UE_4.14/Engine/Plugins/Developer/KDevelopSourceCodeAccess/KDevelopSourceCodeAccess.uplugin
LogPluginManager: Loaded Plugin NullSourceCodeAccess, From C:/Program Files/Epic Games/UE_4.14/Engine/Plugins/Developer/NullSourceCodeAccess/NullSourceCodeAccess.uplugin
LogPluginManager: Loaded Plugin OneSkyLocalizationService, From C:/Program Files/Epic Games/UE_4.14/Engine/Plugins/Developer/OneSkyLocalizationService/OneSkyLocalizationService.uplugin
LogPluginManager: Loaded Plugin PerforceSourceControl, From C:/Program Files/Epic Games/UE_4.14/Engine/Plugins/Developer/PerforceSourceControl/PerforceSourceControl.uplugin
LogPluginManager: Loaded Plugin SubversionSourceControl, From C:/Program Files/Epic Games/UE_4.14/Engine/Plugins/Developer/SubversionSourceControl/SubversionSourceControl.uplugin
LogPluginManager: Loaded Plugin UObjectPlugin, From C:/Program Files/Epic Games/UE_4.14/Engine/Plugins/Developer/UObjectPlugin/UObjectPlugin.uplugin
LogPluginManager: Loaded Plugin VisualStudioSourceCodeAccess, From C:/Program Files/Epic Games/UE_4.14/Engine/Plugins/Developer/VisualStudioSourceCodeAccess/VisualStudioSourceCodeAccess.uplugin
LogPluginManager: Loaded Plugin XCodeSourceCodeAccess, From C:/Program Files/Epic Games/UE_4.14/Engine/Plugins/Developer/XCodeSourceCodeAccess/XCodeSourceCodeAccess.uplugin
LogPluginManager: Loaded Plugin AudioCapture, From C:/Program Files/Epic Games/UE_4.14/Engine/Plugins/Editor/AudioCapture/AudioCapture.uplugin
LogPluginManager: Loaded Plugin EpicSurvey, From C:/Program Files/Epic Games/UE_4.14/Engine/Plugins/Editor/EpicSurvey/EpicSurvey.uplugin
LogPluginManager: Loaded Plugin MacGraphicsSwitching, From C:/Program Files/Epic Games/UE_4.14/Engine/Plugins/Editor/MacGraphicsSwitching/MacGraphicsSwitching.uplugin
LogPluginManager: Loaded Plugin MobileLauncherProfileWizard, From C:/Program Files/Epic Games/UE_4.14/Engine/Plugins/Editor/MobileLauncherProfileWizard/MobileLauncherProfileWizard.uplugin
LogPluginManager: Loaded Plugin PluginBrowser, From C:/Program Files/Epic Games/UE_4.14/Engine/Plugins/Editor/PluginBrowser/PluginBrowser.uplugin
LogPluginManager: Loaded Plugin SpeedTreeImporter, From C:/Program Files/Epic Games/UE_4.14/Engine/Plugins/Editor/SpeedTreeImporter/SpeedTreeImporter.uplugin
LogPluginManager: Loaded Plugin SuperSearchEditor, From C:/Program Files/Epic Games/UE_4.14/Engine/Plugins/Editor/SuperSearchEditor/SuperSearchEditor.uplugin
LogPluginManager: Loaded Plugin AlembicImporter, From C:/Program Files/Epic Games/UE_4.14/Engine/Plugins/Experimental/AlembicImporter/AlembicImporter.uplugin
LogPluginManager: Loaded Plugin BlueprintStats, From C:/Program Files/Epic Games/UE_4.14/Engine/Plugins/Experimental/BlueprintStats/BlueprintStats.uplugin
LogPluginManager: Loaded Plugin CharacterAI, From C:/Program Files/Epic Games/UE_4.14/Engine/Plugins/Experimental/CharacterAI/CharacterAI.uplugin
LogPluginManager: Loaded Plugin CodeEditor, From C:/Program Files/Epic Games/UE_4.14/Engine/Plugins/Experimental/CodeEditor/CodeEditor.uplugin
LogPluginManager: Loaded Plugin CodeView, From C:/Program Files/Epic Games/UE_4.14/Engine/Plugins/Experimental/CodeView/CodeView.uplugin
LogPluginManager: Loaded Plugin HTML5Networking, From C:/Program Files/Epic Games/UE_4.14/Engine/Plugins/Experimental/HTML5Networking/HTML5Networking.uplugin
LogPluginManager: Loaded Plugin OSVR, From C:/Program Files/Epic Games/UE_4.14/Engine/Plugins/Experimental/OSVR/OSVR.uplugin
LogPluginManager: Loaded Plugin Phya, From C:/Program Files/Epic Games/UE_4.14/Engine/Plugins/Experimental/Phya/Phya.uplugin
LogPluginManager: Loaded Plugin SignificanceManager, From C:/Program Files/Epic Games/UE_4.14/Engine/Plugins/Experimental/SignificanceManager/SignificanceManager.uplugin
LogPluginManager: Loaded Plugin SimpleHMD, From C:/Program Files/Epic Games/UE_4.14/Engine/Plugins/Experimental/SimpleHMD/SimpleHMD.uplugin
LogPluginManager: Loaded Plugin StereoPanorama, From C:/Program Files/Epic Games/UE_4.14/Engine/Plugins/Experimental/StereoPanorama/StereoPanorama.uplugin
LogPluginManager: Loaded Plugin StructBox, From C:/Program Files/Epic Games/UE_4.14/Engine/Plugins/Experimental/StructBox/StructBox.uplugin
LogPluginManager: Loaded Plugin AndroidMedia, From C:/Program Files/Epic Games/UE_4.14/Engine/Plugins/Media/AndroidMedia/AndroidMedia.uplugin
LogPluginManager: Loaded Plugin AvfMedia, From C:/Program Files/Epic Games/UE_4.14/Engine/Plugins/Media/AvfMedia/AvfMedia.uplugin
LogPluginManager: Loaded Plugin MediaPlayerEditor, From C:/Program Files/Epic Games/UE_4.14/Engine/Plugins/Media/MediaPlayerEditor/MediaPlayerEditor.uplugin
LogPluginManager: Loaded Plugin WmfMedia, From C:/Program Files/Epic Games/UE_4.14/Engine/Plugins/Media/WmfMedia/WmfMedia.uplugin
LogPluginManager: Loaded Plugin MessagingDebugger, From C:/Program Files/Epic Games/UE_4.14/Engine/Plugins/Messaging/MessagingDebugger/MessagingDebugger.uplugin
LogPluginManager: Loaded Plugin TcpMessaging, From C:/Program Files/Epic Games/UE_4.14/Engine/Plugins/Messaging/TcpMessaging/TcpMessaging.uplugin
LogPluginManager: Loaded Plugin UdpMessaging, From C:/Program Files/Epic Games/UE_4.14/Engine/Plugins/Messaging/UdpMessaging/UdpMessaging.uplugin
LogPluginManager: Loaded Plugin LevelSequenceEditor, From C:/Program Files/Epic Games/UE_4.14/Engine/Plugins/MovieScene/LevelSequenceEditor/LevelSequenceEditor.uplugin
LogPluginManager: Loaded Plugin MatineeToLevelSequence, From C:/Program Files/Epic Games/UE_4.14/Engine/Plugins/MovieScene/MatineeToLevelSequence/MatineeToLevelSequence.uplugin
LogPluginManager: Loaded Plugin NetcodeUnitTest, From C:/Program Files/Epic Games/UE_4.14/Engine/Plugins/NetcodeUnitTest/NetcodeUnitTest/NetcodeUnitTest.uplugin
LogPluginManager: Loaded Plugin NUTUnrealEngine4, From C:/Program Files/Epic Games/UE_4.14/Engine/Plugins/NetcodeUnitTest/NUTUnrealEngine4/NUTUnrealEngine4.uplugin
LogPluginManager: Loaded Plugin OnlineSubsystemGameCircle, From C:/Program Files/Epic Games/UE_4.14/Engine/Plugins/Online/Android/OnlineSubsystemGameCircle/OnlineSubsystemGameCircle.uplugin
LogPluginManager: Loaded Plugin OnlineSubsystemGooglePlay, From C:/Program Files/Epic Games/UE_4.14/Engine/Plugins/Online/Android/OnlineSubsystemGooglePlay/OnlineSubsystemGooglePlay.uplugin
LogPluginManager: Loaded Plugin OnlineSubsystemIOS, From C:/Program Files/Epic Games/UE_4.14/Engine/Plugins/Online/IOS/OnlineSubsystemIOS/OnlineSubsystemIOS.uplugin
LogPluginManager: Loaded Plugin OnlineFramework, From C:/Program Files/Epic Games/UE_4.14/Engine/Plugins/Online/OnlineFramework/OnlineFramework.uplugin
LogPluginManager: Loaded Plugin OnlineSubsystem, From C:/Program Files/Epic Games/UE_4.14/Engine/Plugins/Online/OnlineSubsystem/OnlineSubsystem.uplugin
LogPluginManager: Loaded Plugin OnlineSubsystemAmazon, From C:/Program Files/Epic Games/UE_4.14/Engine/Plugins/Online/OnlineSubsystemAmazon/OnlineSubsystemAmazon.uplugin
LogPluginManager: Loaded Plugin OnlineSubsystemFacebook, From C:/Program Files/Epic Games/UE_4.14/Engine/Plugins/Online/OnlineSubsystemFacebook/OnlineSubsystemFacebook.uplugin
LogPluginManager: Loaded Plugin OnlineSubsystemNull, From C:/Program Files/Epic Games/UE_4.14/Engine/Plugins/Online/OnlineSubsystemNull/OnlineSubsystemNull.uplugin
LogPluginManager: Loaded Plugin OnlineSubsystemOculus, From C:/Program Files/Epic Games/UE_4.14/Engine/Plugins/Online/OnlineSubsystemOculus/OnlineSubsystemOculus.uplugin
LogPluginManager: Loaded Plugin OnlineSubsystemSteam, From C:/Program Files/Epic Games/UE_4.14/Engine/Plugins/Online/OnlineSubsystemSteam/OnlineSubsystemSteam.uplugin
LogPluginManager: Loaded Plugin OnlineSubsystemUtils, From C:/Program Files/Epic Games/UE_4.14/Engine/Plugins/Online/OnlineSubsystemUtils/OnlineSubsystemUtils.uplugin
LogPluginManager: Loaded Plugin IOSTapJoy, From C:/Program Files/Epic Games/UE_4.14/Engine/Plugins/Runtime/Advertising/IOSTapJoy/IOSTapJoy.uplugin
LogPluginManager: Loaded Plugin AnalyticsBlueprintLibrary, From C:/Program Files/Epic Games/UE_4.14/Engine/Plugins/Runtime/Analytics/AnalyticsBlueprintLibrary/AnalyticsBlueprintLibrary.uplugin
LogPluginManager: Loaded Plugin AnalyticsMulticast, From C:/Program Files/Epic Games/UE_4.14/Engine/Plugins/Runtime/Analytics/AnalyticsMulticast/AnalyticsMulticast.uplugin
LogPluginManager: Loaded Plugin Apsalar, From C:/Program Files/Epic Games/UE_4.14/Engine/Plugins/Runtime/Analytics/Apsalar/Apsalar.uplugin
LogPluginManager: Loaded Plugin FileLogging, From C:/Program Files/Epic Games/UE_4.14/Engine/Plugins/Runtime/Analytics/FileLogging/FileLogging.uplugin
LogPluginManager: Loaded Plugin Flurry, From C:/Program Files/Epic Games/UE_4.14/Engine/Plugins/Runtime/Analytics/Flurry/Flurry.uplugin
LogPluginManager: Loaded Plugin AndroidDeviceProfileSelector, From C:/Program Files/Epic Games/UE_4.14/Engine/Plugins/Runtime/AndroidDeviceProfileSelector/AndroidDeviceProfileSelector.uplugin
LogPluginManager: Loaded Plugin AndroidMoviePlayer, From C:/Program Files/Epic Games/UE_4.14/Engine/Plugins/Runtime/AndroidMoviePlayer/AndroidMoviePlayer.uplugin
LogPluginManager: Loaded Plugin AppleMoviePlayer, From C:/Program Files/Epic Games/UE_4.14/Engine/Plugins/Runtime/AppleMoviePlayer/AppleMoviePlayer.uplugin
LogPluginManager: Loaded Plugin ArchVisCharacter, From C:/Program Files/Epic Games/UE_4.14/Engine/Plugins/Runtime/ArchVisCharacter/ArchVisCharacter.uplugin
LogPluginManager: Loaded Plugin CableComponent, From C:/Program Files/Epic Games/UE_4.14/Engine/Plugins/Runtime/CableComponent/CableComponent.uplugin
LogPluginManager: Loaded Plugin CustomMeshComponent, From C:/Program Files/Epic Games/UE_4.14/Engine/Plugins/Runtime/CustomMeshComponent/CustomMeshComponent.uplugin
LogPluginManager: Loaded Plugin ExampleDeviceProfileSelector, From C:/Program Files/Epic Games/UE_4.14/Engine/Plugins/Runtime/ExampleDeviceProfileSelector/ExampleDeviceProfileSelector.uplugin
LogPluginManager: Loaded Plugin GearVR, From C:/Program Files/Epic Games/UE_4.14/Engine/Plugins/Runtime/GearVR/GearVR.uplugin
LogPluginManager: Loaded Plugin GoogleVRController, From C:/Program Files/Epic Games/UE_4.14/Engine/Plugins/Runtime/GoogleVR/GoogleVRController/GoogleVRController.uplugin
LogPluginManager: Loaded Plugin GoogleVRHMD, From C:/Program Files/Epic Games/UE_4.14/Engine/Plugins/Runtime/GoogleVR/GoogleVRHMD/GoogleVRHMD.uplugin
LogPluginManager: Loaded Plugin IOSDeviceProfileSelector, From C:/Program Files/Epic Games/UE_4.14/Engine/Plugins/Runtime/IOSDeviceProfileSelector/IOSDeviceProfileSelector.uplugin
LogPluginManager: Loaded Plugin LeapMotion, From C:/Program Files/Epic Games/UE_4.14/Engine/Plugins/Runtime/LeapMotion/LeapMotion.uplugin
LogPluginManager: Loaded Plugin LinuxDeviceProfileSelector, From C:/Program Files/Epic Games/UE_4.14/Engine/Plugins/Runtime/LinuxDeviceProfileSelector/LinuxDeviceProfileSelector.uplugin
LogPluginManager: Loaded Plugin MIDIDevice, From C:/Program Files/Epic Games/UE_4.14/Engine/Plugins/Runtime/MIDIDevice/MIDIDevice.uplugin
LogPluginManager: Loaded Plugin MobilePatchingUtils, From C:/Program Files/Epic Games/UE_4.14/Engine/Plugins/Runtime/MobilePatchingUtils/MobilePatchingUtils.uplugin
LogPluginManager: Loaded Plugin Ansel, From C:/Program Files/Epic Games/UE_4.14/Engine/Plugins/Runtime/Nvidia/Ansel/Ansel.uplugin
LogPluginManager: Loaded Plugin OculusAudio, From C:/Program Files/Epic Games/UE_4.14/Engine/Plugins/Runtime/OculusAudio/OculusAudio.uplugin
LogPluginManager: Loaded Plugin OculusInput, From C:/Program Files/Epic Games/UE_4.14/Engine/Plugins/Runtime/OculusInput/OculusInput.uplugin
LogPluginManager: Loaded Plugin OculusLibrary, From C:/Program Files/Epic Games/UE_4.14/Engine/Plugins/Runtime/OculusLibrary/OculusLibrary.uplugin
LogPluginManager: Loaded Plugin OculusRift, From C:/Program Files/Epic Games/UE_4.14/Engine/Plugins/Runtime/OculusRift/OculusRift.uplugin
LogPluginManager: Loaded Plugin Oodle, From C:/Program Files/Epic Games/UE_4.14/Engine/Plugins/Runtime/PacketHandlers/CompressionComponents/Oodle/Oodle.uplugin
LogPluginManager: Loaded Plugin ProceduralMeshComponent, From C:/Program Files/Epic Games/UE_4.14/Engine/Plugins/Runtime/ProceduralMeshComponent/ProceduralMeshComponent.uplugin
LogPluginManager: Loaded Plugin SoundMod, From C:/Program Files/Epic Games/UE_4.14/Engine/Plugins/Runtime/SoundMod/SoundMod.uplugin
LogPluginManager: Loaded Plugin SoundVisualizations, From C:/Program Files/Epic Games/UE_4.14/Engine/Plugins/Runtime/SoundVisualizations/SoundVisualizations.uplugin
LogPluginManager: Loaded Plugin SteamController, From C:/Program Files/Epic Games/UE_4.14/Engine/Plugins/Runtime/Steam/SteamController/SteamController.uplugin
LogPluginManager: Loaded Plugin SteamVR, From C:/Program Files/Epic Games/UE_4.14/Engine/Plugins/Runtime/Steam/SteamVR/SteamVR.uplugin
LogPluginManager: Loaded Plugin WebBrowserWidget, From C:/Program Files/Epic Games/UE_4.14/Engine/Plugins/Runtime/WebBrowserWidget/WebBrowserWidget.uplugin
LogPluginManager: Loaded Plugin WindowsDeviceProfileSelector, From C:/Program Files/Epic Games/UE_4.14/Engine/Plugins/Runtime/WindowsDeviceProfileSelector/WindowsDeviceProfileSelector.uplugin
LogPluginManager: Loaded Plugin WindowsMoviePlayer, From C:/Program Files/Epic Games/UE_4.14/Engine/Plugins/Runtime/WindowsMoviePlayer/WindowsMoviePlayer.uplugin
LogPluginManager: Loaded Plugin ScriptPlugin, From C:/Program Files/Epic Games/UE_4.14/Engine/Plugins/ScriptPlugin/ScriptPlugin.uplugin
LogPluginManager: Loaded Plugin SlateRemote, From C:/Program Files/Epic Games/UE_4.14/Engine/Plugins/Slate/SlateRemote/SlateRemote.uplugin
LogPluginManager: Loaded Plugin EditorTests, From C:/Program Files/Epic Games/UE_4.14/Engine/Plugins/Tests/EditorTests/EditorTests.uplugin
LogPluginManager: Loaded Plugin FbxAutomationTestBuilder, From C:/Program Files/Epic Games/UE_4.14/Engine/Plugins/Tests/FbxAutomationTestBuilder/FbxAutomationTestBuilder.uplugin
LogPluginManager: Loaded Plugin FunctionalTestingEditor, From C:/Program Files/Epic Games/UE_4.14/Engine/Plugins/Tests/FunctionalTestingEditor/FunctionalTestingEditor.uplugin
LogPluginManager: Loaded Plugin RuntimeTests, From C:/Program Files/Epic Games/UE_4.14/Engine/Plugins/Tests/RuntimeTests/RuntimeTests.uplugin
LogPluginManager: Loaded Plugin ScreenshotTools, From C:/Program Files/Epic Games/UE_4.14/Engine/Plugins/Tests/ScreenshotTools/ScreenshotTools.uplugin
LogInit: Using libcurl 7.47.1
LogInit:  - built for x86_64-pc-win32
LogInit:  - supports SSL with OpenSSL/1.0.2g
LogInit:  - supports HTTP deflate (compression) using libz 1.2.8
LogInit:  - other features:
LogInit:      CURL_VERSION_SSL
LogInit:      CURL_VERSION_LIBZ
LogInit:      CURL_VERSION_IPV6
LogInit:      CURL_VERSION_ASYNCHDNS
LogInit:      CURL_VERSION_LARGEFILE
LogInit:      CURL_VERSION_IDN
LogInit:  CurlRequestOptions (configurable via config and command line):
LogInit:  - bVerifyPeer = false  - Libcurl will NOT verify peer certificate
LogInit:  - bUseHttpProxy = false  - Libcurl will NOT use HTTP proxy
LogInit:  - bDontReuseConnections = false  - Libcurl will reuse connections
LogInit:  - CertBundlePath = nullptr  - Libcurl will use whatever was configured at build time.
LogInit: Build: ++UE4+Release-4.14-CL-3249277
LogInit: Engine Version: 4.14.3-3249277+++UE4+Release-4.14
LogInit: Compatible Engine Version: 4.14.0-3195953+++UE4+Release-4.14
LogInit: Net CL: 3195953
LogDevObjectVersion: Number of dev versions registered: 13
LogDevObjectVersion:   Dev-Blueprints (B0D832E4-1F89-4F0D-ACCF-7EB736FD4AA2): 7
LogDevObjectVersion:   Dev-Build (E1C64328-A22C-4D53-A36C-8E866417BD8C): 0
LogDevObjectVersion:   Dev-Core (375EC13C-06E4-48FB-B500-84F0262A717E): 1
LogDevObjectVersion:   Dev-Editor (E4B068ED-F494-42E9-A231-DA0B2E46BB41): 8
LogDevObjectVersion:   Dev-Framework (CFFC743F-43B0-4480-9391-14DF171D2073): 17
LogDevObjectVersion:   Dev-Mobile (B02B49B5-BB20-44E9-A304-32B752E40360): 0
LogDevObjectVersion:   Dev-Networking (A4E4105C-59A1-49B5-A7C5-40C4547EDFEE): 0
LogDevObjectVersion:   Dev-Online (39C831C9-5AE6-47DC-9A44-9C173E1C8E7C): 0
LogDevObjectVersion:   Dev-Physics (78F01B33-EBEA-4F98-B9B4-84EACCB95AA2): 0
LogDevObjectVersion:   Dev-Platform (6631380F-2D4D-43E0-8009-CF276956A95A): 0
LogDevObjectVersion:   Dev-Rendering (12F88B9F-8875-4AFC-A67C-D90C383ABD29): 12
LogDevObjectVersion:   Dev-Sequencer (7B5AE74C-D270-4C10-A958-57980B212A5A): 1
LogDevObjectVersion:   Dev-VR (D7296918-1DD6-4BDD-9DE2-64A83CC13884): 0
LogInit: Compiled (64-bit): Jan  6 2017 10:49:43
LogInit: Compiled with Visual C++: 19.00.23026.00
LogInit: Build Configuration: Development
LogInit: Branch Name: ++UE4+Release-4.14
LogInit: Command line: -EpicPortal 
LogInit: Base directory: C:/Program Files/Epic Games/UE_4.14/Engine/Binaries/Win64/
LogInit: Installed Engine Build: 1
LogInit: Presizing for max 8388607 objects, including 0 objects not considered by GC, pre-allocating 0 bytes for permanent pool.
LogInit: Object subsystem initialized
[2017.02.28-21.53.02:500][  0]LogInit: Selected Device Profile: [Windows]
[2017.02.28-21.53.02:500][  0]LogInit: Applying CVar settings loaded from the selected device profile: [Windows]
[2017.02.28-21.53.02:508][  0]LogInit: Computer: 200OM158014
[2017.02.28-21.53.02:508][  0]LogInit: User: nyost448
[2017.02.28-21.53.02:508][  0]LogInit: CPU Page size=65536, Cores=4
[2017.02.28-21.53.02:508][  0]LogInit: High frequency timer resolution =3.117195 MHz
[2017.02.28-21.53.02:508][  0]LogMemory: Memory total: Physical=15.9GB (16GB approx)
[2017.02.28-21.53.02:508][  0]LogMemory: Platform Memory Stats for Windows
[2017.02.28-21.53.02:508][  0]LogMemory: Process Physical Memory: 263.52 MB used, 263.52 MB peak
[2017.02.28-21.53.02:508][  0]LogMemory: Process Virtual Memory: 262.39 MB used, 262.39 MB peak
[2017.02.28-21.53.02:508][  0]LogMemory: Physical Memory: 5426.13 MB used,  10839.64 MB free, 16265.76 MB total
[2017.02.28-21.53.02:508][  0]LogMemory: Virtual Memory: 675.02 MB used,  10839.64 MB free, 134217728.00 MB total
[2017.02.28-21.53.02:532][  0]LogTextLocalizationManager: No specific translations for ('en-US') exist, so ('en') translations will be used.
[2017.02.28-21.53.03:056][  0]LogD3D11RHI: D3D11 adapters:
[2017.02.28-21.53.03:062][  0]LogD3D11RHI:    0. 'Intel(R) HD Graphics 530' (Feature Level 11_0)
[2017.02.28-21.53.03:062][  0]LogD3D11RHI:       128/0/8132 MB DedicatedVideo/DedicatedSystem/SharedSystem, Outputs:1, VendorId:0x8086
[2017.02.28-21.53.03:063][  0]LogD3D11RHI:    1. 'Microsoft Basic Render Driver' (Feature Level 11_0)
[2017.02.28-21.53.03:063][  0]LogD3D11RHI:       0/0/8132 MB DedicatedVideo/DedicatedSystem/SharedSystem, Outputs:0, VendorId:0x1414
[2017.02.28-21.53.03:063][  0]LogD3D11RHI: Chosen D3D11 Adapter: 0
[2017.02.28-21.53.03:067][  0]LogD3D11RHI: Creating new Direct3DDevice
[2017.02.28-21.53.03:067][  0]LogD3D11RHI:     GPU DeviceId: 0x1912 (for the marketing name, search the web for "GPU Device Id")
[2017.02.28-21.53.03:067][  0]LogWindows: EnumDisplayDevices:
[2017.02.28-21.53.03:067][  0]LogWindows:    0. 'Intel(R) HD Graphics 530' (P:1 D:1)
[2017.02.28-21.53.03:068][  0]LogWindows:    1. 'Intel(R) HD Graphics 530' (P:0 D:0)
[2017.02.28-21.53.03:068][  0]LogWindows:    2. 'Intel(R) HD Graphics 530' (P:0 D:0)
[2017.02.28-21.53.03:068][  0]LogWindows:    3. 'DameWare Development Mirror Driver 64-bit' (P:0 D:0)
[2017.02.28-21.53.03:068][  0]LogWindows:    4. 'Freedom Scientific Accessibility Display Driver' (P:0 D:0)
[2017.02.28-21.53.03:068][  0]LogWindows: DebugString: GetVideoDriverDetailsInvalid PrimaryIsNotTheChoosenAdapter GetVideoDriverDetailsInvalid PrimaryIsNotTheChoosenAdapter FoundDriverCount:3 
[2017.02.28-21.53.03:068][  0]LogD3D11RHI:     Adapter Name: Intel(R) HD Graphics 530
[2017.02.28-21.53.03:068][  0]LogD3D11RHI:   Driver Version: 20.19.15.4474 (internal:20.19.15.4474, unified:20.19.15.4474)
[2017.02.28-21.53.03:068][  0]LogD3D11RHI:      Driver Date: 6-13-2016
[2017.02.28-21.53.03:068][  0]LogRHI: Texture pool is 1361 MB (70% of 1945 MB)
[2017.02.28-21.53.03:074][  0]LogD3D11RHI: Async texture creation enabled
[2017.02.28-21.53.03:077][  0]LogD3D11RHI: GPU Timing Frequency: 12.000000 (Debug: 2 0)
[2017.02.28-21.53.03:078][  0]LogShaderCompilers: Guid format shader working directory is -10 characters bigger than the processId version (../../../../../../Users/nyost448/Desktop/ChimeraGames/Abyss/Intermediate/Shaders/WorkingDirectory/2400/).
[2017.02.28-21.53.03:078][  0]LogShaderCompilers: Cleaned the shader compiler working directory 'C:/Users/nyost448/AppData/Local/Temp/UnrealShaderWorkingDir/FE3C6A8E4A982F77D246B79AD8519825/'.
[2017.02.28-21.53.03:078][  0]LogShaderCompilers:Display: Using Local Shader Compiler.
[2017.02.28-21.53.03:958][  0]LogTemp:Display: Loaded TP AllDesktopTargetPlatform
[2017.02.28-21.53.03:999][  0]LogTemp:Display: Loaded TP MacClientTargetPlatform
[2017.02.28-21.53.04:036][  0]LogTemp:Display: Loaded TP MacNoEditorTargetPlatform
[2017.02.28-21.53.04:075][  0]LogTemp:Display: Loaded TP MacServerTargetPlatform
[2017.02.28-21.53.04:113][  0]LogTemp:Display: Loaded TP MacTargetPlatform
[2017.02.28-21.53.04:150][  0]LogTemp:Display: Loaded TP WindowsClientTargetPlatform
[2017.02.28-21.53.04:189][  0]LogTemp:Display: Loaded TP WindowsNoEditorTargetPlatform
[2017.02.28-21.53.04:227][  0]LogTemp:Display: Loaded TP WindowsServerTargetPlatform
[2017.02.28-21.53.04:255][  0]LogTemp:Display: Loaded TP WindowsTargetPlatform
[2017.02.28-21.53.04:290][  0]LogTemp:Display: Loaded TP AndroidTargetPlatform
[2017.02.28-21.53.04:328][  0]LogTemp:Display: Loaded TP Android_ASTCTargetPlatform
[2017.02.28-21.53.04:364][  0]LogTemp:Display: Loaded TP Android_ATCTargetPlatform
[2017.02.28-21.53.04:400][  0]LogTemp:Display: Loaded TP Android_DXTTargetPlatform
[2017.02.28-21.53.04:439][  0]LogTemp:Display: Loaded TP Android_ETC1TargetPlatform
[2017.02.28-21.53.04:476][  0]LogTemp:Display: Loaded TP Android_ETC2TargetPlatform
[2017.02.28-21.53.04:557][  0]LogTemp:Display: Loaded TP Android_MultiTargetPlatform
[2017.02.28-21.53.04:557][  0]LogTemp:Display: Loaded TP Android_PVRTCTargetPlatform
[2017.02.28-21.53.04:583][  0]LogTemp:Display: Loaded TP HTML5TargetPlatform
[2017.02.28-21.53.04:648][  0]LogTemp:Display: Loaded TP IOSTargetPlatform
[2017.02.28-21.53.04:673][  0]LogTemp:Display: Loaded TP TVOSTargetPlatform
[2017.02.28-21.53.04:709][  0]LogTemp:Display: Loaded TP LinuxClientTargetPlatform
[2017.02.28-21.53.04:746][  0]LogTemp:Display: Loaded TP LinuxNoEditorTargetPlatform
[2017.02.28-21.53.04:783][  0]LogTemp:Display: Loaded TP LinuxServerTargetPlatform
[2017.02.28-21.53.04:818][  0]LogTemp:Display: Loaded TP LinuxTargetPlatform
[2017.02.28-21.53.04:818][  0]LogTargetPlatformManager:Display: Building Assets For Windows
[2017.02.28-21.53.05:056][  0]LogDerivedDataCache:Display: Max Cache Size: 512 MB
[2017.02.28-21.53.05:107][  0]LogDerivedDataCache: Loaded boot cache 0.05s 64MB C:/Users/nyost448/AppData/Local/UnrealEngine/4.14/DerivedDataCache/Boot.ddc.
[2017.02.28-21.53.05:107][  0]LogDerivedDataCache:Display: Loaded Boot cache: C:/Users/nyost448/AppData/Local/UnrealEngine/4.14/DerivedDataCache/Boot.ddc
[2017.02.28-21.53.05:107][  0]LogDerivedDataCache: FDerivedDataBackendGraph:  Pak pak cache file ../../../../../../Users/nyost448/Desktop/ChimeraGames/Abyss/DerivedDataCache/DDC.ddp not found, will not use a pak cache.
[2017.02.28-21.53.05:107][  0]LogDerivedDataCache: Unable to find inner node Pak for hierarchical cache Hierarchy.
[2017.02.28-21.53.05:107][  0]LogDerivedDataCache: FDerivedDataBackendGraph:  CompressedPak pak cache file ../../../../../../Users/nyost448/Desktop/ChimeraGames/Abyss/DerivedDataCache/Compressed.ddp not found, will not use a pak cache.
[2017.02.28-21.53.05:107][  0]LogDerivedDataCache: Unable to find inner node CompressedPak for hierarchical cache Hierarchy.
[2017.02.28-21.53.05:122][  0]LogDerivedDataCache:Display: Pak cache opened for reading ../../../Engine/DerivedDataCache/Compressed.ddp.
[2017.02.28-21.53.05:133][  0]LogDerivedDataCache: Using Local data cache path C:/Users/nyost448/AppData/Local/UnrealEngine/Common/DerivedDataCache: Writable
[2017.02.28-21.53.05:298][  0]LogInit: Selected Device Profile: [Windows]
[2017.02.28-21.53.05:301][  0]LogContentStreaming: Texture pool size is 0.00 MB
[2017.02.28-21.53.05:448][  0]LogMeshUtilities: Using QuadricMeshReduction for automatic static mesh reduction
[2017.02.28-21.53.05:474][  0]LogSimplygon: Simplygon DLL not present - disabling.
[2017.02.28-21.53.05:500][  0]LogMeshUtilities: Using SimplygonSwarm for distributed automatic mesh merging
[2017.02.28-21.53.05:500][  0]LogMeshUtilities: No automatic skeletal mesh reduction module available
[2017.02.28-21.53.05:500][  0]LogMeshUtilities: No automatic mesh merging module available
[2017.02.28-21.53.05:893][  0]LogNetVersion: GetLocalNetworkVersion: CL: 3195953, ProjectName: abyss, ProjectVersion: , EngineNetworkVersion: 2, GameNetworkVersion: 0, NetworkChecksum: 1595127573
[2017.02.28-21.53.05:936][  0]LogAssetRegistry: FAssetRegistry took 0.0213 seconds to start up
[2017.02.28-21.53.05:965][  0]LogPackageLocalizationCache: Processed 3 localized package path(s) for 2 prioritized culture(s) in 0.016220 seconds
[2017.02.28-21.53.05:970][  0]LogUObjectArray: 31890 objects as part of root set at end of initial load.
[2017.02.28-21.53.05:970][  0]LogUObjectAllocator: 6922376 out of 0 bytes used by permanent object pool.
[2017.02.28-21.53.05:970][  0]LogUObjectArray: CloseDisregardForGC: 0/0 objects in disregard for GC pool
[2017.02.28-21.53.06:009][  0]LogInit: WinSock: version 1.1 (2.2), MaxSocks=32767, MaxUdp=65467
[2017.02.28-21.53.06:483][  0]LogSlate: Using Freetype 2.6.0
[2017.02.28-21.53.06:484][  0]LogSlate: SlateFontCache - WITH_FREETYPE: 1, WITH_HARFBUZZ: 1
[2017.02.28-21.53.06:484][  0]LogSlate: SlateFontCache - WITH_FREETYPE: 1, WITH_HARFBUZZ: 1
[2017.02.28-21.53.07:232][  0]LogMaterial: Uniform references updated for custom material expression Custom.
[2017.02.28-21.53.07:488][  0]SourceControl: Info Source control is disabled
[2017.02.28-21.53.07:488][  0]SourceControl: Info Source control is disabled
[2017.02.28-21.53.07:515][  0]SourceControl: Info Source control is disabled
[2017.02.28-21.53.07:540][  0]SourceControl: Info Source control is disabled
[2017.02.28-21.53.08:101][  0]LogEngine: Initializing Engine...
[2017.02.28-21.53.08:278][  0]LogAIModule: Creating AISystem for world Untitled
[2017.02.28-21.53.08:283][  0]LogInit: XAudio2 using 'Speakers (Realtek High Definition Audio)' : 2 channels at 48 kHz using 32 bits per sample (channel mask 0x3)
[2017.02.28-21.53.08:291][  0]LogInit: FAudioDevice initialized.
[2017.02.28-21.53.08:314][  0]LogDerivedDataCache: Saved boot cache 0.02s 52MB C:/Users/nyost448/AppData/Local/UnrealEngine/4.14/DerivedDataCache/Boot.ddc.
[2017.02.28-21.53.08:318][  0]LogInit: Texture streaming: Enabled
[2017.02.28-21.53.08:423][  0]LogInit: Transaction tracking system initialized
[2017.02.28-21.53.08:621][  0]BlueprintLog: New page: Editor Load
[2017.02.28-21.53.09:131][  0]LocalizationService: Info Localization service is disabled
[2017.02.28-21.53.09:337][  0]LogModuleManager:Warning: No filename provided for module TcpMessaging
[2017.02.28-21.53.09:337][  0]LogModuleManager:Warning: ModuleManager: Unable to load module 'TcpMessaging' because the file 'C:/Program Files/Epic Games/UE_4.14/Engine/Binaries/Win64/' was not found.
[2017.02.28-21.53.09:515][  0]LogConsoleResponse:Display: 
[2017.02.28-21.53.09:624][  0]LogCook:Display: Max memory allowance for cook 16384mb min free memory 0mb
[2017.02.28-21.53.09:624][  0]LogCook:Display: Mobile HDR setting 1
[2017.02.28-21.53.09:699][  0]LogFileCache: Scanning file cache for directory 'C:/Users/nyost448/Desktop/ChimeraGames/Abyss/Content/' took 0.01s
[2017.02.28-21.53.10:091][  0]SourceControl: Info Source control is disabled
[2017.02.28-21.53.10:091][  0]Cmd: MAP LOAD FILE="../../../../../../Users/nyost448/Desktop/ChimeraGames/Abyss/Content/Maps-Levels/Fort/Fort_Exploration.umap" TEMPLATE=0 SHOWPROGRESS=1 FEATURELEVEL=3
[2017.02.28-21.53.10:091][  0]LogEditorServer:Warning: Can't find file '../../../../../../Users/nyost448/Desktop/ChimeraGames/Abyss/Content/Maps-Levels/Fort/Fort_Exploration.umap'
[2017.02.28-21.53.10:091][  0]Cmd: MAP CHECKDEP NOCLEARLOG
[2017.02.28-21.53.10:114][  0]MapCheck: Info Map check complete: 0 Error(s), 0 Warning(s), took 23.182ms to complete.
[2017.02.28-21.53.10:114][  0]LogFileHelpers: Loading map 'Fort_Exploration' took 0.023
[2017.02.28-21.53.10:255][  0]LogCollectionManager: Loaded 0 collections in 0.001209 seconds
[2017.02.28-21.53.10:320][  0]LogFileCache: Scanning file cache for directory 'C:/Users/nyost448/Desktop/ChimeraGames/Abyss/Saved/Collections/' took 0.01s
[2017.02.28-21.53.10:320][  0]LogFileCache: Scanning file cache for directory 'C:/Users/nyost448/Desktop/ChimeraGames/Abyss/Content/Developers/nyost448/Collections/' took 0.01s
[2017.02.28-21.53.10:320][  0]LogFileCache: Scanning file cache for directory 'C:/Users/nyost448/Desktop/ChimeraGames/Abyss/Content/Collections/' took 0.01s
[2017.02.28-21.53.10:320][  0]LogCollectionManager: Rebuilt the GUID cache for 0 collections in 0.000002 seconds
[2017.02.28-21.53.10:327][  0]LogContentBrowser: Native class hierarchy populated in 0.0074 seconds. Added 2178 classes and 401 folders.
[2017.02.28-21.53.10:355][  0]LogStats: UGameplayTagsManager::ConstructGameplayTagTree: Construct from data asset -  0.000 s
[2017.02.28-21.53.10:355][  0]LogStats: UGameplayTagsManager::ConstructGameplayTagTree: GameplayTagTreeChangedEvent.Broadcast -  0.000 s
[2017.02.28-21.53.10:356][  0]LogContentBrowser: Native class hierarchy updated for 'GameplayTags' in 0.0004 seconds. Added 13 classes and 0 folders.
[2017.02.28-21.53.10:396][  0]LogContentBrowser: Native class hierarchy updated for 'WidgetCarousel' in 0.0004 seconds. Added 0 classes and 0 folders.
[2017.02.28-21.53.10:420][  0]LogContentBrowser: Native class hierarchy updated for 'AddContentDialog' in 0.0004 seconds. Added 0 classes and 0 folders.
[2017.02.28-21.53.10:446][  0]LogContentBrowser: Native class hierarchy updated for 'SceneOutliner' in 0.0005 seconds. Added 1 classes and 2 folders.
[2017.02.28-21.53.10:476][  0]LogCrashTracker: Crashtracker disabled due to settings.
[2017.02.28-21.53.10:483][  0]LogUObjectGlobals:Warning: Failed to find object 'Class None.'
[2017.02.28-21.53.10:536][  0]LogContentBrowser: Native class hierarchy updated for 'HierarchicalLODOutliner' in 0.0006 seconds. Added 1 classes and 2 folders.
[2017.02.28-21.53.10:537][  0]LogLoad: (Engine Initialization) Total time: 9.02 seconds
[2017.02.28-21.53.10:537][  0]LogLoad: (Engine Initialization) Total Blueprint compile time: 0.02 seconds
[2017.02.28-21.53.10:537][  0]LogExternalProfiler: No external profilers were discovered.  External profiling features will not be available.
[2017.02.28-21.53.10:564][  0]LogContentStreaming: Texture pool size now 1000 MB
[2017.02.28-21.53.10:704][  0]LogRenderer: Reallocating scene render targets to support 1208x576 NumSamples 1 (Frame:2).
[2017.02.28-21.53.10:858][  1]LogAssetRegistry: Asset discovery search completed in 4.9436 seconds
[2017.02.28-21.53.10:858][  1]LogCollectionManager: Rebuilt the object cache for 0 collections in 0.000000 seconds (found 0 objects)
[2017.02.28-21.53.10:858][  1]LogCollectionManager: Fixed up redirectors for 0 collections in 0.000013 seconds (updated 0 objects)
[2017.02.28-21.53.25:541][567]LogAIModule: Creating AISystem for world Fort_Battle
[2017.02.28-21.53.25:570][567]Cmd: MAP LOAD FILE="../../../../../../Users/nyost448/Desktop/ChimeraGames/Abyss/Content/Maps-Levels/Fort/Battle/Fort_Battle.umap" TEMPLATE=0 SHOWPROGRESS=1 FEATURELEVEL=3
[2017.02.28-21.53.25:570][567]LightingResults: New page: Lighting Build
[2017.02.28-21.53.25:595][567]LogContentBrowser: Native class hierarchy updated for 'StatsViewer' in 0.0005 seconds. Added 5 classes and 0 folders.
[2017.02.28-21.53.25:595][567]LoadErrors: New page: Loading map: Fort_Battle.umap
[2017.02.28-21.53.25:596][567]MapCheck: New page: Map Check
[2017.02.28-21.53.25:596][567]LightingResults: New page: Lighting Build
[2017.02.28-21.53.25:608][567]LogEditorServer: Finished looking for orphan Actors (0.000 secs)
[2017.02.28-21.53.25:641][567]Cmd: MAP CHECKDEP NOCLEARLOG
[2017.02.28-21.53.25:667][567]MapCheck: Info Map check complete: 0 Error(s), 0 Warning(s), took 25.583ms to complete.
[2017.02.28-21.53.25:667][567]LogFileHelpers: Loading map 'Fort_Battle' took 0.098
[2017.02.28-21.54.10:194][622]LogSavePackage: Save=66.70ms
[2017.02.28-21.54.10:194][622]LogSavePackage: Moving '../../../../../../Users/nyost448/Desktop/ChimeraGames/Abyss/Saved/Fort_Battle25733B5F409A21F65B81EBB0A608EBE5.tmp' to '../../../../../../Users/nyost448/Desktop/ChimeraGames/Abyss/Content/Maps-Levels/Fort/Battle/Fort_Battle.umap'
[2017.02.28-21.54.10:196][622]LogSavePackage:Display: Finished SavePackage ../../../../../../Users/nyost448/Desktop/ChimeraGames/Abyss/Content/Maps-Levels/Fort/Battle/Fort_Battle.umap
[2017.02.28-21.54.12:463][703]LogContentBrowser: Native class hierarchy updated for 'BlueprintGraph' in 0.0008 seconds. Added 111 classes and 0 folders.
[2017.02.28-21.54.13:085][703]LogTexture:Display: Building textures: TilePatine_N (BC5)
[2017.02.28-21.54.13:143][703]LogTexture:Display: Building textures: TilePatine_D (AutoDXT)
[2017.02.28-21.54.13:583][703]LogTexture:Display: Building textures: LevelGrid1DStripes (BGRA8)
[2017.02.28-21.54.13:645][704]LogRenderer: Reallocating scene render targets to support 1208x900 NumSamples 1 (Frame:2424).
[2017.02.28-21.54.27:366][596]LogTexture:Display: Building textures: Knight_Idle_Frame1 (BGRA8)
[2017.02.28-21.54.29:041][633]BlueprintLog: New page: Compile BS_Player
[2017.02.28-21.54.48:934][455]LogTexture:Display: Building textures: Enemy_Skeleton_Idle_Frame1 (BGRA8)
[2017.02.28-21.54.49:891][474]BlueprintLog: New page: Compile BS_Enemy
[2017.02.28-21.54.50:609][485]Cmd: OBJ SAVEPACKAGE PACKAGE="/Game/BluePrints/BattleScene/BS_Enemy" FILE="../../../../../../Users/nyost448/Desktop/ChimeraGames/Abyss/Content/BluePrints/BattleScene/BS_Enemy.uasset" SILENT=true
[2017.02.28-21.54.50:617][485]LogSavePackage: Save=7.14ms
[2017.02.28-21.54.50:617][485]LogSavePackage: Moving '../../../../../../Users/nyost448/Desktop/ChimeraGames/Abyss/Saved/BS_Enemy328613A44D6292CD29CD60B38D200A89.tmp' to '../../../../../../Users/nyost448/Desktop/ChimeraGames/Abyss/Content/BluePrints/BattleScene/BS_Enemy.uasset'
[2017.02.28-21.54.50:618][485]LogSavePackage:Display: Finished SavePackage ../../../../../../Users/nyost448/Desktop/ChimeraGames/Abyss/Content/BluePrints/BattleScene/BS_Enemy.uasset
[2017.02.28-21.55.00:857][148]BlueprintLog: New page: Compile BS_Actor
[2017.02.28-21.55.00:879][148]LogBlueprint:Warning: USimpleConstructionScript::FixupRootNodeParentReferences() - Couldn't find inherited parent component 'DefaultSceneRoot' for 'PaperSprite' in BlueprintGeneratedClass 'BS_Player_C' (it may have been removed)
[2017.02.28-21.55.00:895][148]LogBlueprint:Warning: USimpleConstructionScript::FixupRootNodeParentReferences() - Couldn't find inherited parent component 'DefaultSceneRoot' for 'PaperSprite' in BlueprintGeneratedClass 'BS_Enemy_C' (it may have been removed)
[2017.02.28-21.55.01:539][170]Cmd: OBJ SAVEPACKAGE PACKAGE="/Game/BluePrints/BattleScene/BS_Actor" FILE="../../../../../../Users/nyost448/Desktop/ChimeraGames/Abyss/Content/BluePrints/BattleScene/BS_Actor.uasset" SILENT=true
[2017.02.28-21.55.01:569][170]LogSavePackage: Save=16.74ms
[2017.02.28-21.55.01:569][170]LogSavePackage: Moving '../../../../../../Users/nyost448/Desktop/ChimeraGames/Abyss/Saved/BS_Actor4D6F34F24A6EE232D8F3BBABA47D3B26.tmp' to '../../../../../../Users/nyost448/Desktop/ChimeraGames/Abyss/Content/BluePrints/BattleScene/BS_Actor.uasset'
[2017.02.28-21.55.01:570][170]LogSavePackage:Display: Finished SavePackage ../../../../../../Users/nyost448/Desktop/ChimeraGames/Abyss/Content/BluePrints/BattleScene/BS_Actor.uasset
[2017.02.28-21.55.05:134][334]LogEditorViewport: Clicking on Actor (LMB): BS_Player_C (BS_Player)
[2017.02.28-21.55.05:758][357]LogEditorViewport: Clicking on Actor (LMB): CameraActor (CameraActor)
[2017.02.28-21.55.09:521][474]LogEditorViewport: Clicking on Actor (LMB): BS_Enemy_C (BS_Enemy)
[2017.02.28-21.55.14:473][617]LogEditorViewport: Clicking on Actor (LMB): BS_Player_C (BS_Player)
[2017.02.28-21.55.20:706][809]LogEditorViewport: Clicking on Actor (LMB): BS_Enemy_C (BS_Enemy)
[2017.02.28-21.55.26:532][990]LogEditorViewport: Clicking on Actor (LMB): BS_Player_C (BS_Player)
[2017.02.28-21.55.33:519][205]LogSavePackage: Save=87.22ms
[2017.02.28-21.55.33:519][205]LogSavePackage: Moving '../../../../../../Users/nyost448/Desktop/ChimeraGames/Abyss/Saved/Fort_Battle1E0442E44B236ECD80EDC49088DECFC3.tmp' to '../../../../../../Users/nyost448/Desktop/ChimeraGames/Abyss/Content/Maps-Levels/Fort/Battle/Fort_Battle.umap'
[2017.02.28-21.55.33:520][205]LogSavePackage:Display: Finished SavePackage ../../../../../../Users/nyost448/Desktop/ChimeraGames/Abyss/Content/Maps-Levels/Fort/Battle/Fort_Battle.umap
[2017.02.28-21.55.35:310][260]LogEditorViewport: Clicking on Actor (LMB): BS_Enemy_C (BS_Enemy)
[2017.02.28-21.55.37:604][331]LogTemp: Repeting last play command: Selected Viewport
[2017.02.28-21.55.37:628][331]LogBlueprintUserMessages: Early PlayInEditor Detection: Level '/Game/Maps-Levels/Fort/Battle/Fort_Battle.Fort_Battle:PersistentLevel' has LevelScriptBlueprint '/Game/Maps-Levels/Fort/Battle/Fort_Battle.Fort_Battle:PersistentLevel.Fort_Battle' with GeneratedClass '/Game/Maps-Levels/Fort/Battle/Fort_Battle.Fort_Battle_C' with ClassGeneratedBy '/Game/Maps-Levels/Fort/Battle/Fort_Battle.Fort_Battle:PersistentLevel.Fort_Battle'
[2017.02.28-21.55.37:628][331]LogPlayLevel: PlayLevel: No blueprints needed recompiling
[2017.02.28-21.55.37:628][331]PIE: New page: PIE session: Fort_Battle (Feb 28, 2017, 11:55:37 AM)
[2017.02.28-21.55.37:629][331]LogPlayLevel: Creating play world package: /Game/Maps-Levels/Fort/Battle/UEDPIE_0_Fort_Battle
[2017.02.28-21.55.37:632][331]LogPlayLevel: PIE: StaticDuplicateObject took: (0.002973s)
[2017.02.28-21.55.37:632][331]LogAIModule: Creating AISystem for world Fort_Battle
[2017.02.28-21.55.37:632][331]LogPlayLevel: PIE: World Init took: (0.000728s)
[2017.02.28-21.55.37:632][331]LogPlayLevel: PIE: Created PIE world by copying editor world from /Game/Maps-Levels/Fort/Battle/Fort_Battle.Fort_Battle to /Game/Maps-Levels/Fort/Battle/UEDPIE_0_Fort_Battle.Fort_Battle (0.003939s)
[2017.02.28-21.55.37:653][331]LogInit: XAudio2 using 'Speakers (Realtek High Definition Audio)' : 2 channels at 48 kHz using 32 bits per sample (channel mask 0x3)
[2017.02.28-21.55.37:659][331]LogInit: FAudioDevice initialized.
[2017.02.28-21.55.37:701][331]LogLoad: Game class is 'abyssBattleScene_C'
[2017.02.28-21.55.37:704][331]LogWorld: Bringing World /Game/Maps-Levels/Fort/Battle/UEDPIE_0_Fort_Battle.Fort_Battle up for play (max tick rate 0) at 2017.02.28-16.55.37
[2017.02.28-21.55.37:710][331]LogWorld: Bringing up level for play took: 0.006633
[2017.02.28-21.55.37:733][331]LogContentBrowser: Native class hierarchy updated for 'MovieSceneCapture' in 0.0005 seconds. Added 11 classes and 0 folders.
[2017.02.28-21.55.37:736][331]PIE: Info Play in editor start time for /Game/Maps-Levels/Fort/Battle/UEDPIE_0_Fort_Battle 0.075
[2017.02.28-21.55.37:736][331]LogBlueprintUserMessages: Late PlayInEditor Detection: Level '/Game/Maps-Levels/Fort/Battle/Fort_Battle.Fort_Battle:PersistentLevel' has LevelScriptBlueprint '/Game/Maps-Levels/Fort/Battle/Fort_Battle.Fort_Battle:PersistentLevel.Fort_Battle' with GeneratedClass '/Game/Maps-Levels/Fort/Battle/Fort_Battle.Fort_Battle_C' with ClassGeneratedBy '/Game/Maps-Levels/Fort/Battle/Fort_Battle.Fort_Battle:PersistentLevel.Fort_Battle'
[2017.02.28-21.55.37:756][331]LogScriptCore:Warning: Script Msg: Divide by zero
Script call stack:
	Function /Game/UMG/BattleHUD.BattleHUD_C:SetEnemyHPBar

[2017.02.28-21.55.37:756][331]LogScriptCore:Warning: Script Msg: Divide by zero
Script call stack:
	Function /Game/UMG/BattleHUD.BattleHUD_C:SetEnemyHPBar

[2017.02.28-21.55.37:756][331]LogScriptCore:Warning: Script Msg: Divide by zero
Script call stack:
	Function /Game/UMG/BattleHUD.BattleHUD_C:SetEnemyMPBar

[2017.02.28-21.55.37:756][331]LogScriptCore:Warning: Script Msg: Divide by zero
Script call stack:
	Function /Game/UMG/BattleHUD.BattleHUD_C:SetEnemyMPBar

[2017.02.28-21.55.37:988][332]LogScriptCore:Warning: Script Msg: Divide by zero
Script call stack:
	Function /Game/UMG/BattleHUD.BattleHUD_C:SetEnemyHPBar

[2017.02.28-21.55.37:988][332]LogScriptCore:Warning: Script Msg: Divide by zero
Script call stack:
	Function /Game/UMG/BattleHUD.BattleHUD_C:SetEnemyMPBar

[2017.02.28-21.55.37:999][333]LogScriptCore:Warning: Script Msg: Divide by zero
Script call stack:
	Function /Game/UMG/BattleHUD.BattleHUD_C:SetEnemyHPBar

[2017.02.28-21.55.37:999][333]LogScriptCore:Warning: Script Msg: Divide by zero
Script call stack:
	Function /Game/UMG/BattleHUD.BattleHUD_C:SetEnemyMPBar

[2017.02.28-21.55.38:006][334]LogScriptCore:Warning: Script Msg: Divide by zero
Script call stack:
	Function /Game/UMG/BattleHUD.BattleHUD_C:SetEnemyHPBar

[2017.02.28-21.55.38:006][334]LogScriptCore:Warning: Script Msg: Divide by zero
Script call stack:
	Function /Game/UMG/BattleHUD.BattleHUD_C:SetEnemyMPBar

[2017.02.28-21.55.38:032][335]LogScriptCore:Warning: Script Msg: Divide by zero
Script call stack:
	Function /Game/UMG/BattleHUD.BattleHUD_C:SetEnemyHPBar

[2017.02.28-21.55.38:032][335]LogScriptCore:Warning: Script Msg: Divide by zero
Script call stack:
	Function /Game/UMG/BattleHUD.BattleHUD_C:SetEnemyMPBar

[2017.02.28-21.55.38:072][336]LogScriptCore:Warning: Script Msg: Divide by zero
Script call stack:
	Function /Game/UMG/BattleHUD.BattleHUD_C:SetEnemyHPBar

[2017.02.28-21.55.38:072][336]LogScriptCore:Warning: Script Msg: Divide by zero
Script call stack:
	Function /Game/UMG/BattleHUD.BattleHUD_C:SetEnemyMPBar

[2017.02.28-21.55.38:110][337]LogScriptCore:Warning: Script Msg: Divide by zero
Script call stack:
	Function /Game/UMG/BattleHUD.BattleHUD_C:SetEnemyHPBar

[2017.02.28-21.55.38:110][337]LogScriptCore:Warning: Script Msg: Divide by zero
Script call stack:
	Function /Game/UMG/BattleHUD.BattleHUD_C:SetEnemyMPBar

[2017.02.28-21.55.38:150][338]LogScriptCore:Warning: Script Msg: Divide by zero
Script call stack:
	Function /Game/UMG/BattleHUD.BattleHUD_C:SetEnemyHPBar

[2017.02.28-21.55.38:150][338]LogScriptCore:Warning: Script Msg: Divide by zero
Script call stack:
	Function /Game/UMG/BattleHUD.BattleHUD_C:SetEnemyMPBar

[2017.02.28-21.55.38:190][339]LogScriptCore:Warning: Script Msg: Divide by zero
Script call stack:
	Function /Game/UMG/BattleHUD.BattleHUD_C:SetEnemyHPBar

[2017.02.28-21.55.38:191][339]LogScriptCore:Warning: Script Msg: Divide by zero
Script call stack:
	Function /Game/UMG/BattleHUD.BattleHUD_C:SetEnemyMPBar

[2017.02.28-21.55.38:227][340]LogScriptCore:Warning: Script Msg: Divide by zero
Script call stack:
	Function /Game/UMG/BattleHUD.BattleHUD_C:SetEnemyHPBar

[2017.02.28-21.55.38:227][340]LogScriptCore:Warning: Script Msg: Divide by zero
Script call stack:
	Function /Game/UMG/BattleHUD.BattleHUD_C:SetEnemyMPBar

[2017.02.28-21.55.38:261][341]LogScriptCore:Warning: Script Msg: Divide by zero
Script call stack:
	Function /Game/UMG/BattleHUD.BattleHUD_C:SetEnemyHPBar

[2017.02.28-21.55.38:261][341]LogScriptCore:Warning: Script Msg: Divide by zero
Script call stack:
	Function /Game/UMG/BattleHUD.BattleHUD_C:SetEnemyMPBar

[2017.02.28-21.55.38:296][342]LogScriptCore:Warning: Script Msg: Divide by zero
Script call stack:
	Function /Game/UMG/BattleHUD.BattleHUD_C:SetEnemyHPBar

[2017.02.28-21.55.38:296][342]LogScriptCore:Warning: Script Msg: Divide by zero
Script call stack:
	Function /Game/UMG/BattleHUD.BattleHUD_C:SetEnemyMPBar

[2017.02.28-21.55.38:330][343]LogScriptCore:Warning: Script Msg: Divide by zero
Script call stack:
	Function /Game/UMG/BattleHUD.BattleHUD_C:SetEnemyHPBar

[2017.02.28-21.55.38:331][343]LogScriptCore:Warning: Script Msg: Divide by zero
Script call stack:
	Function /Game/UMG/BattleHUD.BattleHUD_C:SetEnemyMPBar

[2017.02.28-21.55.38:365][344]LogScriptCore:Warning: Script Msg: Divide by zero
Script call stack:
	Function /Game/UMG/BattleHUD.BattleHUD_C:SetEnemyHPBar

[2017.02.28-21.55.38:365][344]LogScriptCore:Warning: Script Msg: Divide by zero
Script call stack:
	Function /Game/UMG/BattleHUD.BattleHUD_C:SetEnemyMPBar

[2017.02.28-21.55.38:399][345]LogScriptCore:Warning: Script Msg: Divide by zero
Script call stack:
	Function /Game/UMG/BattleHUD.BattleHUD_C:SetEnemyHPBar

[2017.02.28-21.55.38:399][345]LogScriptCore:Warning: Script Msg: Divide by zero
Script call stack:
	Function /Game/UMG/BattleHUD.BattleHUD_C:SetEnemyMPBar

[2017.02.28-21.55.38:434][346]LogScriptCore:Warning: Script Msg: Divide by zero
Script call stack:
	Function /Game/UMG/BattleHUD.BattleHUD_C:SetEnemyHPBar

[2017.02.28-21.55.38:434][346]LogScriptCore:Warning: Script Msg: Divide by zero
Script call stack:
	Function /Game/UMG/BattleHUD.BattleHUD_C:SetEnemyMPBar

[2017.02.28-21.55.38:468][347]LogScriptCore:Warning: Script Msg: Divide by zero
Script call stack:
	Function /Game/UMG/BattleHUD.BattleHUD_C:SetEnemyHPBar

[2017.02.28-21.55.38:468][347]LogScriptCore:Warning: Script Msg: Divide by zero
Script call stack:
	Function /Game/UMG/BattleHUD.BattleHUD_C:SetEnemyMPBar

[2017.02.28-21.55.38:503][348]LogScriptCore:Warning: Script Msg: Divide by zero
Script call stack:
	Function /Game/UMG/BattleHUD.BattleHUD_C:SetEnemyHPBar

[2017.02.28-21.55.38:503][348]LogScriptCore:Warning: Script Msg: Divide by zero
Script call stack:
	Function /Game/UMG/BattleHUD.BattleHUD_C:SetEnemyMPBar

[2017.02.28-21.55.38:537][349]LogScriptCore:Warning: Script Msg: Divide by zero
Script call stack:
	Function /Game/UMG/BattleHUD.BattleHUD_C:SetEnemyHPBar

[2017.02.28-21.55.38:537][349]LogScriptCore:Warning: Script Msg: Divide by zero
Script call stack:
	Function /Game/UMG/BattleHUD.BattleHUD_C:SetEnemyMPBar

[2017.02.28-21.55.38:571][350]LogScriptCore:Warning: Script Msg: Divide by zero
Script call stack:
	Function /Game/UMG/BattleHUD.BattleHUD_C:SetEnemyHPBar

[2017.02.28-21.55.38:571][350]LogScriptCore:Warning: Script Msg: Divide by zero
Script call stack:
	Function /Game/UMG/BattleHUD.BattleHUD_C:SetEnemyMPBar

[2017.02.28-21.55.38:607][351]LogScriptCore:Warning: Script Msg: Divide by zero
Script call stack:
	Function /Game/UMG/BattleHUD.BattleHUD_C:SetEnemyHPBar

[2017.02.28-21.55.38:607][351]LogScriptCore:Warning: Script Msg: Divide by zero
Script call stack:
	Function /Game/UMG/BattleHUD.BattleHUD_C:SetEnemyMPBar

[2017.02.28-21.55.38:641][352]LogScriptCore:Warning: Script Msg: Divide by zero
Script call stack:
	Function /Game/UMG/BattleHUD.BattleHUD_C:SetEnemyHPBar

[2017.02.28-21.55.38:641][352]LogScriptCore:Warning: Script Msg: Divide by zero
Script call stack:
	Function /Game/UMG/BattleHUD.BattleHUD_C:SetEnemyMPBar

[2017.02.28-21.55.38:675][353]LogScriptCore:Warning: Script Msg: Divide by zero
Script call stack:
	Function /Game/UMG/BattleHUD.BattleHUD_C:SetEnemyHPBar

[2017.02.28-21.55.38:675][353]LogScriptCore:Warning: Script Msg: Divide by zero
Script call stack:
	Function /Game/UMG/BattleHUD.BattleHUD_C:SetEnemyMPBar

[2017.02.28-21.55.38:709][354]LogScriptCore:Warning: Script Msg: Divide by zero
Script call stack:
	Function /Game/UMG/BattleHUD.BattleHUD_C:SetEnemyHPBar

[2017.02.28-21.55.38:709][354]LogScriptCore:Warning: Script Msg: Divide by zero
Script call stack:
	Function /Game/UMG/BattleHUD.BattleHUD_C:SetEnemyMPBar

[2017.02.28-21.55.38:743][355]LogScriptCore:Warning: Script Msg: Divide by zero
Script call stack:
	Function /Game/UMG/BattleHUD.BattleHUD_C:SetEnemyHPBar

[2017.02.28-21.55.38:743][355]LogScriptCore:Warning: Script Msg: Divide by zero
Script call stack:
	Function /Game/UMG/BattleHUD.BattleHUD_C:SetEnemyMPBar

[2017.02.28-21.55.38:777][356]LogScriptCore:Warning: Script Msg: Divide by zero
Script call stack:
	Function /Game/UMG/BattleHUD.BattleHUD_C:SetEnemyHPBar

[2017.02.28-21.55.38:777][356]LogScriptCore:Warning: Script Msg: Divide by zero
Script call stack:
	Function /Game/UMG/BattleHUD.BattleHUD_C:SetEnemyMPBar

[2017.02.28-21.55.38:812][357]LogScriptCore:Warning: Script Msg: Divide by zero
Script call stack:
	Function /Game/UMG/BattleHUD.BattleHUD_C:SetEnemyHPBar

[2017.02.28-21.55.38:812][357]LogScriptCore:Warning: Script Msg: Divide by zero
Script call stack:
	Function /Game/UMG/BattleHUD.BattleHUD_C:SetEnemyMPBar

[2017.02.28-21.55.38:846][358]LogScriptCore:Warning: Script Msg: Divide by zero
Script call stack:
	Function /Game/UMG/BattleHUD.BattleHUD_C:SetEnemyHPBar

[2017.02.28-21.55.38:847][358]LogScriptCore:Warning: Script Msg: Divide by zero
Script call stack:
	Function /Game/UMG/BattleHUD.BattleHUD_C:SetEnemyMPBar

[2017.02.28-21.55.38:881][359]LogScriptCore:Warning: Script Msg: Divide by zero
Script call stack:
	Function /Game/UMG/BattleHUD.BattleHUD_C:SetEnemyHPBar

[2017.02.28-21.55.38:881][359]LogScriptCore:Warning: Script Msg: Divide by zero
Script call stack:
	Function /Game/UMG/BattleHUD.BattleHUD_C:SetEnemyMPBar

[2017.02.28-21.55.38:915][360]LogScriptCore:Warning: Script Msg: Divide by zero
Script call stack:
	Function /Game/UMG/BattleHUD.BattleHUD_C:SetEnemyHPBar

[2017.02.28-21.55.38:915][360]LogScriptCore:Warning: Script Msg: Divide by zero
Script call stack:
	Function /Game/UMG/BattleHUD.BattleHUD_C:SetEnemyMPBar

[2017.02.28-21.55.38:950][361]LogScriptCore:Warning: Script Msg: Divide by zero
Script call stack:
	Function /Game/UMG/BattleHUD.BattleHUD_C:SetEnemyHPBar

[2017.02.28-21.55.38:950][361]LogScriptCore:Warning: Script Msg: Divide by zero
Script call stack:
	Function /Game/UMG/BattleHUD.BattleHUD_C:SetEnemyMPBar

[2017.02.28-21.55.38:985][362]LogScriptCore:Warning: Script Msg: Divide by zero
Script call stack:
	Function /Game/UMG/BattleHUD.BattleHUD_C:SetEnemyHPBar

[2017.02.28-21.55.38:985][362]LogScriptCore:Warning: Script Msg: Divide by zero
Script call stack:
	Function /Game/UMG/BattleHUD.BattleHUD_C:SetEnemyMPBar

[2017.02.28-21.55.39:020][363]LogScriptCore:Warning: Script Msg: Divide by zero
Script call stack:
	Function /Game/UMG/BattleHUD.BattleHUD_C:SetEnemyHPBar

[2017.02.28-21.55.39:020][363]LogScriptCore:Warning: Script Msg: Divide by zero
Script call stack:
	Function /Game/UMG/BattleHUD.BattleHUD_C:SetEnemyMPBar

[2017.02.28-21.55.39:055][364]LogScriptCore:Warning: Script Msg: Divide by zero
Script call stack:
	Function /Game/UMG/BattleHUD.BattleHUD_C:SetEnemyHPBar

[2017.02.28-21.55.39:055][364]LogScriptCore:Warning: Script Msg: Divide by zero
Script call stack:
	Function /Game/UMG/BattleHUD.BattleHUD_C:SetEnemyMPBar

[2017.02.28-21.55.39:089][365]LogScriptCore:Warning: Script Msg: Divide by zero
Script call stack:
	Function /Game/UMG/BattleHUD.BattleHUD_C:SetEnemyHPBar

[2017.02.28-21.55.39:089][365]LogScriptCore:Warning: Script Msg: Divide by zero
Script call stack:
	Function /Game/UMG/BattleHUD.BattleHUD_C:SetEnemyMPBar

[2017.02.28-21.55.39:123][366]LogScriptCore:Warning: Script Msg: Divide by zero
Script call stack:
	Function /Game/UMG/BattleHUD.BattleHUD_C:SetEnemyHPBar

[2017.02.28-21.55.39:123][366]LogScriptCore:Warning: Script Msg: Divide by zero
Script call stack:
	Function /Game/UMG/BattleHUD.BattleHUD_C:SetEnemyMPBar

[2017.02.28-21.55.39:157][367]LogScriptCore:Warning: Script Msg: Divide by zero
Script call stack:
	Function /Game/UMG/BattleHUD.BattleHUD_C:SetEnemyHPBar

[2017.02.28-21.55.39:157][367]LogScriptCore:Warning: Script Msg: Divide by zero
Script call stack:
	Function /Game/UMG/BattleHUD.BattleHUD_C:SetEnemyMPBar

[2017.02.28-21.55.39:191][368]LogScriptCore:Warning: Script Msg: Divide by zero
Script call stack:
	Function /Game/UMG/BattleHUD.BattleHUD_C:SetEnemyHPBar

[2017.02.28-21.55.39:191][368]LogScriptCore:Warning: Script Msg: Divide by zero
Script call stack:
	Function /Game/UMG/BattleHUD.BattleHUD_C:SetEnemyMPBar

[2017.02.28-21.55.39:224][369]LogScriptCore:Warning: Script Msg: Divide by zero
Script call stack:
	Function /Game/UMG/BattleHUD.BattleHUD_C:SetEnemyHPBar

[2017.02.28-21.55.39:224][369]LogScriptCore:Warning: Script Msg: Divide by zero
Script call stack:
	Function /Game/UMG/BattleHUD.BattleHUD_C:SetEnemyMPBar

[2017.02.28-21.55.39:259][370]LogScriptCore:Warning: Script Msg: Divide by zero
Script call stack:
	Function /Game/UMG/BattleHUD.BattleHUD_C:SetEnemyHPBar

[2017.02.28-21.55.39:259][370]LogScriptCore:Warning: Script Msg: Divide by zero
Script call stack:
	Function /Game/UMG/BattleHUD.BattleHUD_C:SetEnemyMPBar

[2017.02.28-21.55.39:293][371]LogScriptCore:Warning: Script Msg: Divide by zero
Script call stack:
	Function /Game/UMG/BattleHUD.BattleHUD_C:SetEnemyHPBar

[2017.02.28-21.55.39:293][371]LogScriptCore:Warning: Script Msg: Divide by zero
Script call stack:
	Function /Game/UMG/BattleHUD.BattleHUD_C:SetEnemyMPBar

[2017.02.28-21.55.39:327][372]LogScriptCore:Warning: Script Msg: Divide by zero
Script call stack:
	Function /Game/UMG/BattleHUD.BattleHUD_C:SetEnemyHPBar

[2017.02.28-21.55.39:327][372]LogScriptCore:Warning: Script Msg: Divide by zero
Script call stack:
	Function /Game/UMG/BattleHUD.BattleHUD_C:SetEnemyMPBar

[2017.02.28-21.55.39:362][373]LogScriptCore:Warning: Script Msg: Divide by zero
Script call stack:
	Function /Game/UMG/BattleHUD.BattleHUD_C:SetEnemyHPBar

[2017.02.28-21.55.39:362][373]LogScriptCore:Warning: Script Msg: Divide by zero
Script call stack:
	Function /Game/UMG/BattleHUD.BattleHUD_C:SetEnemyMPBar

[2017.02.28-21.55.39:396][374]LogScriptCore:Warning: Script Msg: Divide by zero
Script call stack:
	Function /Game/UMG/BattleHUD.BattleHUD_C:SetEnemyHPBar

[2017.02.28-21.55.39:396][374]LogScriptCore:Warning: Script Msg: Divide by zero
Script call stack:
	Function /Game/UMG/BattleHUD.BattleHUD_C:SetEnemyMPBar

[2017.02.28-21.55.39:430][375]LogScriptCore:Warning: Script Msg: Divide by zero
Script call stack:
	Function /Game/UMG/BattleHUD.BattleHUD_C:SetEnemyHPBar

[2017.02.28-21.55.39:430][375]LogScriptCore:Warning: Script Msg: Divide by zero
Script call stack:
	Function /Game/UMG/BattleHUD.BattleHUD_C:SetEnemyMPBar

[2017.02.28-21.55.39:464][376]LogScriptCore:Warning: Script Msg: Divide by zero
Script call stack:
	Function /Game/UMG/BattleHUD.BattleHUD_C:SetEnemyHPBar

[2017.02.28-21.55.39:464][376]LogScriptCore:Warning: Script Msg: Divide by zero
Script call stack:
	Function /Game/UMG/BattleHUD.BattleHUD_C:SetEnemyMPBar

[2017.02.28-21.55.39:498][377]LogScriptCore:Warning: Script Msg: Divide by zero
Script call stack:
	Function /Game/UMG/BattleHUD.BattleHUD_C:SetEnemyHPBar

[2017.02.28-21.55.39:498][377]LogScriptCore:Warning: Script Msg: Divide by zero
Script call stack:
	Function /Game/UMG/BattleHUD.BattleHUD_C:SetEnemyMPBar

[2017.02.28-21.55.39:532][378]LogScriptCore:Warning: Script Msg: Divide by zero
Script call stack:
	Function /Game/UMG/BattleHUD.BattleHUD_C:SetEnemyHPBar

[2017.02.28-21.55.39:532][378]LogScriptCore:Warning: Script Msg: Divide by zero
Script call stack:
	Function /Game/UMG/BattleHUD.BattleHUD_C:SetEnemyMPBar

[2017.02.28-21.55.39:566][379]LogScriptCore:Warning: Script Msg: Divide by zero
Script call stack:
	Function /Game/UMG/BattleHUD.BattleHUD_C:SetEnemyHPBar

[2017.02.28-21.55.39:566][379]LogScriptCore:Warning: Script Msg: Divide by zero
Script call stack:
	Function /Game/UMG/BattleHUD.BattleHUD_C:SetEnemyMPBar

[2017.02.28-21.55.39:600][380]LogScriptCore:Warning: Script Msg: Divide by zero
Script call stack:
	Function /Game/UMG/BattleHUD.BattleHUD_C:SetEnemyHPBar

[2017.02.28-21.55.39:600][380]LogScriptCore:Warning: Script Msg: Divide by zero
Script call stack:
	Function /Game/UMG/BattleHUD.BattleHUD_C:SetEnemyMPBar

[2017.02.28-21.55.39:634][381]LogScriptCore:Warning: Script Msg: Divide by zero
Script call stack:
	Function /Game/UMG/BattleHUD.BattleHUD_C:SetEnemyHPBar

[2017.02.28-21.55.39:634][381]LogScriptCore:Warning: Script Msg: Divide by zero
Script call stack:
	Function /Game/UMG/BattleHUD.BattleHUD_C:SetEnemyMPBar

[2017.02.28-21.55.39:668][382]LogScriptCore:Warning: Script Msg: Divide by zero
Script call stack:
	Function /Game/UMG/BattleHUD.BattleHUD_C:SetEnemyHPBar

[2017.02.28-21.55.39:669][382]LogScriptCore:Warning: Script Msg: Divide by zero
Script call stack:
	Function /Game/UMG/BattleHUD.BattleHUD_C:SetEnemyMPBar

[2017.02.28-21.55.39:702][383]LogScriptCore:Warning: Script Msg: Divide by zero
Script call stack:
	Function /Game/UMG/BattleHUD.BattleHUD_C:SetEnemyHPBar

[2017.02.28-21.55.39:702][383]LogScriptCore:Warning: Script Msg: Divide by zero
Script call stack:
	Function /Game/UMG/BattleHUD.BattleHUD_C:SetEnemyMPBar

[2017.02.28-21.55.39:737][384]LogScriptCore:Warning: Script Msg: Divide by zero
Script call stack:
	Function /Game/UMG/BattleHUD.BattleHUD_C:SetEnemyHPBar

[2017.02.28-21.55.39:737][384]LogScriptCore:Warning: Script Msg: Divide by zero
Script call stack:
	Function /Game/UMG/BattleHUD.BattleHUD_C:SetEnemyMPBar

[2017.02.28-21.55.39:771][385]LogScriptCore:Warning: Script Msg: Divide by zero
Script call stack:
	Function /Game/UMG/BattleHUD.BattleHUD_C:SetEnemyHPBar

[2017.02.28-21.55.39:771][385]LogScriptCore:Warning: Script Msg: Divide by zero
Script call stack:
	Function /Game/UMG/BattleHUD.BattleHUD_C:SetEnemyHPBar

[2017.02.28-21.55.39:771][385]LogScriptCore:Warning: Script Msg: Divide by zero
Script call stack:
	Function /Game/UMG/BattleHUD.BattleHUD_C:SetEnemyMPBar

[2017.02.28-21.55.39:771][385]LogScriptCore:Warning: Script Msg: Divide by zero
Script call stack:
	Function /Game/UMG/BattleHUD.BattleHUD_C:SetEnemyMPBar

[2017.02.28-21.55.39:804][386]LogScriptCore:Warning: Script Msg: Divide by zero
Script call stack:
	Function /Game/UMG/BattleHUD.BattleHUD_C:SetEnemyHPBar

[2017.02.28-21.55.39:804][386]LogScriptCore:Warning: Script Msg: Divide by zero
Script call stack:
	Function /Game/UMG/BattleHUD.BattleHUD_C:SetEnemyMPBar

[2017.02.28-21.55.39:838][387]LogScriptCore:Warning: Script Msg: Divide by zero
Script call stack:
	Function /Game/UMG/BattleHUD.BattleHUD_C:SetEnemyHPBar

[2017.02.28-21.55.39:839][387]LogScriptCore:Warning: Script Msg: Divide by zero
Script call stack:
	Function /Game/UMG/BattleHUD.BattleHUD_C:SetEnemyMPBar

[2017.02.28-21.55.39:874][388]LogScriptCore:Warning: Script Msg: Divide by zero
Script call stack:
	Function /Game/UMG/BattleHUD.BattleHUD_C:SetEnemyHPBar

[2017.02.28-21.55.39:874][388]LogScriptCore:Warning: Script Msg: Divide by zero
Script call stack:
	Function /Game/UMG/BattleHUD.BattleHUD_C:SetEnemyMPBar

[2017.02.28-21.55.39:907][389]LogScriptCore:Warning: Script Msg: Divide by zero
Script call stack:
	Function /Game/UMG/BattleHUD.BattleHUD_C:SetEnemyHPBar

[2017.02.28-21.55.39:907][389]LogScriptCore:Warning: Script Msg: Divide by zero
Script call stack:
	Function /Game/UMG/BattleHUD.BattleHUD_C:SetEnemyMPBar

[2017.02.28-21.55.39:941][390]LogScriptCore:Warning: Script Msg: Divide by zero
Script call stack:
	Function /Game/UMG/BattleHUD.BattleHUD_C:SetEnemyHPBar

[2017.02.28-21.55.39:941][390]LogScriptCore:Warning: Script Msg: Divide by zero
Script call stack:
	Function /Game/UMG/BattleHUD.BattleHUD_C:SetEnemyMPBar

[2017.02.28-21.55.39:974][391]LogScriptCore:Warning: Script Msg: Divide by zero
Script call stack:
	Function /Game/UMG/BattleHUD.BattleHUD_C:SetEnemyHPBar

[2017.02.28-21.55.39:974][391]LogScriptCore:Warning: Script Msg: Divide by zero
Script call stack:
	Function /Game/UMG/BattleHUD.BattleHUD_C:SetEnemyMPBar

[2017.02.28-21.55.40:008][392]LogScriptCore:Warning: Script Msg: Divide by zero
Script call stack:
	Function /Game/UMG/BattleHUD.BattleHUD_C:SetEnemyHPBar

[2017.02.28-21.55.40:008][392]LogScriptCore:Warning: Script Msg: Divide by zero
Script call stack:
	Function /Game/UMG/BattleHUD.BattleHUD_C:SetEnemyMPBar

[2017.02.28-21.55.40:045][393]LogScriptCore:Warning: Script Msg: Divide by zero
Script call stack:
	Function /Game/UMG/BattleHUD.BattleHUD_C:SetEnemyHPBar

[2017.02.28-21.55.40:045][393]LogScriptCore:Warning: Script Msg: Divide by zero
Script call stack:
	Function /Game/UMG/BattleHUD.BattleHUD_C:SetEnemyMPBar

[2017.02.28-21.55.40:076][394]LogScriptCore:Warning: Script Msg: Divide by zero
Script call stack:
	Function /Game/UMG/BattleHUD.BattleHUD_C:SetEnemyHPBar

[2017.02.28-21.55.40:076][394]LogScriptCore:Warning: Script Msg: Divide by zero
Script call stack:
	Function /Game/UMG/BattleHUD.BattleHUD_C:SetEnemyMPBar

[2017.02.28-21.55.40:110][395]LogScriptCore:Warning: Script Msg: Divide by zero
Script call stack:
	Function /Game/UMG/BattleHUD.BattleHUD_C:SetEnemyHPBar

[2017.02.28-21.55.40:110][395]LogScriptCore:Warning: Script Msg: Divide by zero
Script call stack:
	Function /Game/UMG/BattleHUD.BattleHUD_C:SetEnemyMPBar

[2017.02.28-21.55.40:149][396]LogScriptCore:Warning: Script Msg: Divide by zero
Script call stack:
	Function /Game/UMG/BattleHUD.BattleHUD_C:SetEnemyHPBar

[2017.02.28-21.55.40:149][396]LogScriptCore:Warning: Script Msg: Divide by zero
Script call stack:
	Function /Game/UMG/BattleHUD.BattleHUD_C:SetEnemyMPBar

[2017.02.28-21.55.40:187][397]LogScriptCore:Warning: Script Msg: Divide by zero
Script call stack:
	Function /Game/UMG/BattleHUD.BattleHUD_C:SetEnemyHPBar

[2017.02.28-21.55.40:187][397]LogScriptCore:Warning: Script Msg: Divide by zero
Script call stack:
	Function /Game/UMG/BattleHUD.BattleHUD_C:SetEnemyMPBar

[2017.02.28-21.55.40:220][398]LogScriptCore:Warning: Script Msg: Divide by zero
Script call stack:
	Function /Game/UMG/BattleHUD.BattleHUD_C:SetEnemyHPBar

[2017.02.28-21.55.40:220][398]LogScriptCore:Warning: Script Msg: Divide by zero
Script call stack:
	Function /Game/UMG/BattleHUD.BattleHUD_C:SetEnemyMPBar

[2017.02.28-21.55.40:251][399]LogScriptCore:Warning: Script Msg: Divide by zero
Script call stack:
	Function /Game/UMG/BattleHUD.BattleHUD_C:SetEnemyHPBar

[2017.02.28-21.55.40:251][399]LogScriptCore:Warning: Script Msg: Divide by zero
Script call stack:
	Function /Game/UMG/BattleHUD.BattleHUD_C:SetEnemyMPBar

[2017.02.28-21.55.40:291][400]LogScriptCore:Warning: Script Msg: Divide by zero
Script call stack:
	Function /Game/UMG/BattleHUD.BattleHUD_C:SetEnemyHPBar

[2017.02.28-21.55.40:291][400]LogScriptCore:Warning: Script Msg: Divide by zero
Script call stack:
	Function /Game/UMG/BattleHUD.BattleHUD_C:SetEnemyMPBar

[2017.02.28-21.55.40:326][401]LogScriptCore:Warning: Script Msg: Divide by zero
Script call stack:
	Function /Game/UMG/BattleHUD.BattleHUD_C:SetEnemyHPBar

[2017.02.28-21.55.40:326][401]LogScriptCore:Warning: Script Msg: Divide by zero
Script call stack:
	Function /Game/UMG/BattleHUD.BattleHUD_C:SetEnemyMPBar

[2017.02.28-21.55.40:361][402]LogScriptCore:Warning: Script Msg: Divide by zero
Script call stack:
	Function /Game/UMG/BattleHUD.BattleHUD_C:SetEnemyHPBar

[2017.02.28-21.55.40:361][402]LogScriptCore:Warning: Script Msg: Divide by zero
Script call stack:
	Function /Game/UMG/BattleHUD.BattleHUD_C:SetEnemyMPBar

[2017.02.28-21.55.40:393][403]LogScriptCore:Warning: Script Msg: Divide by zero
Script call stack:
	Function /Game/UMG/BattleHUD.BattleHUD_C:SetEnemyHPBar

[2017.02.28-21.55.40:393][403]LogScriptCore:Warning: Script Msg: Divide by zero
Script call stack:
	Function /Game/UMG/BattleHUD.BattleHUD_C:SetEnemyMPBar

[2017.02.28-21.55.40:427][404]LogScriptCore:Warning: Script Msg: Divide by zero
Script call stack:
	Function /Game/UMG/BattleHUD.BattleHUD_C:SetEnemyHPBar

[2017.02.28-21.55.40:427][404]LogScriptCore:Warning: Script Msg: Divide by zero
Script call stack:
	Function /Game/UMG/BattleHUD.BattleHUD_C:SetEnemyMPBar

[2017.02.28-21.55.40:462][405]LogScriptCore:Warning: Script Msg: Divide by zero
Script call stack:
	Function /Game/UMG/BattleHUD.BattleHUD_C:SetEnemyHPBar

[2017.02.28-21.55.40:462][405]LogScriptCore:Warning: Script Msg: Divide by zero
Script call stack:
	Function /Game/UMG/BattleHUD.BattleHUD_C:SetEnemyMPBar

[2017.02.28-21.55.40:496][406]LogScriptCore:Warning: Script Msg: Divide by zero
Script call stack:
	Function /Game/UMG/BattleHUD.BattleHUD_C:SetEnemyHPBar

[2017.02.28-21.55.40:496][406]LogScriptCore:Warning: Script Msg: Divide by zero
Script call stack:
	Function /Game/UMG/BattleHUD.BattleHUD_C:SetEnemyMPBar

[2017.02.28-21.55.40:530][407]LogScriptCore:Warning: Script Msg: Divide by zero
Script call stack:
	Function /Game/UMG/BattleHUD.BattleHUD_C:SetEnemyHPBar

[2017.02.28-21.55.40:530][407]LogScriptCore:Warning: Script Msg: Divide by zero
Script call stack:
	Function /Game/UMG/BattleHUD.BattleHUD_C:SetEnemyMPBar

[2017.02.28-21.55.40:564][408]LogScriptCore:Warning: Script Msg: Divide by zero
Script call stack:
	Function /Game/UMG/BattleHUD.BattleHUD_C:SetEnemyHPBar

[2017.02.28-21.55.40:564][408]LogScriptCore:Warning: Script Msg: Divide by zero
Script call stack:
	Function /Game/UMG/BattleHUD.BattleHUD_C:SetEnemyMPBar

[2017.02.28-21.55.40:597][409]LogScriptCore:Warning: Script Msg: Divide by zero
Script call stack:
	Function /Game/UMG/BattleHUD.BattleHUD_C:SetEnemyHPBar

[2017.02.28-21.55.40:597][409]LogScriptCore:Warning: Script Msg: Divide by zero
Script call stack:
	Function /Game/UMG/BattleHUD.BattleHUD_C:SetEnemyMPBar

[2017.02.28-21.55.40:609][410]LogScriptCore:Warning: Script Msg: Divide by zero
Script call stack:
	Function /Game/UMG/BattleHUD.BattleHUD_C:SetEnemyHPBar

[2017.02.28-21.55.40:609][410]LogScriptCore:Warning: Script Msg: Divide by zero
Script call stack:
	Function /Game/UMG/BattleHUD.BattleHUD_C:SetEnemyMPBar

[2017.02.28-21.55.40:618][411]LogScriptCore:Warning: Script Msg: Divide by zero
Script call stack:
	Function /Game/UMG/BattleHUD.BattleHUD_C:SetEnemyHPBar

[2017.02.28-21.55.40:618][411]LogScriptCore:Warning: Script Msg: Divide by zero
Script call stack:
	Function /Game/UMG/BattleHUD.BattleHUD_C:SetEnemyMPBar

[2017.02.28-21.55.40:630][412]LogScriptCore:Warning: Script Msg: Divide by zero
Script call stack:
	Function /Game/UMG/BattleHUD.BattleHUD_C:SetEnemyHPBar

[2017.02.28-21.55.40:630][412]LogScriptCore:Warning: Script Msg: Divide by zero
Script call stack:
	Function /Game/UMG/BattleHUD.BattleHUD_C:SetEnemyMPBar

[2017.02.28-21.55.40:640][413]LogScriptCore:Warning: Script Msg: Divide by zero
Script call stack:
	Function /Game/UMG/BattleHUD.BattleHUD_C:SetEnemyHPBar

[2017.02.28-21.55.40:641][413]LogScriptCore:Warning: Script Msg: Divide by zero
Script call stack:
	Function /Game/UMG/BattleHUD.BattleHUD_C:SetEnemyMPBar

[2017.02.28-21.55.40:648][414]LogScriptCore:Warning: Script Msg: Divide by zero
Script call stack:
	Function /Game/UMG/BattleHUD.BattleHUD_C:SetEnemyHPBar

[2017.02.28-21.55.40:648][414]LogScriptCore:Warning: Script Msg: Divide by zero
Script call stack:
	Function /Game/UMG/BattleHUD.BattleHUD_C:SetEnemyMPBar

[2017.02.28-21.55.40:655][415]LogBlueprintUserMessages: Early EndPlayMap Detection: Level '/Game/Maps-Levels/Fort/Battle/Fort_Battle.Fort_Battle:PersistentLevel' has LevelScriptBlueprint '/Game/Maps-Levels/Fort/Battle/Fort_Battle.Fort_Battle:PersistentLevel.Fort_Battle' with GeneratedClass '/Game/Maps-Levels/Fort/Battle/Fort_Battle.Fort_Battle_C' with ClassGeneratedBy '/Game/Maps-Levels/Fort/Battle/Fort_Battle.Fort_Battle:PersistentLevel.Fort_Battle'
[2017.02.28-21.55.40:703][415]LogBlueprintUserMessages: Late EndPlayMap Detection: Level '/Game/Maps-Levels/Fort/Battle/Fort_Battle.Fort_Battle:PersistentLevel' has LevelScriptBlueprint '/Game/Maps-Levels/Fort/Battle/Fort_Battle.Fort_Battle:PersistentLevel.Fort_Battle' with GeneratedClass '/Game/Maps-Levels/Fort/Battle/Fort_Battle.Fort_Battle_C' with ClassGeneratedBy '/Game/Maps-Levels/Fort/Battle/Fort_Battle.Fort_Battle:PersistentLevel.Fort_Battle'
[2017.02.28-21.55.44:901][557]LogSavePackage: Save=85.42ms
[2017.02.28-21.55.44:902][557]LogSavePackage: Moving '../../../../../../Users/nyost448/Desktop/ChimeraGames/Abyss/Saved/Fort_Battle3D9DF295407A783BD637B18FC675E2BF.tmp' to '../../../../../../Users/nyost448/Desktop/ChimeraGames/Abyss/Content/Maps-Levels/Fort/Battle/Fort_Battle.umap'
[2017.02.28-21.55.44:902][557]LogSavePackage:Display: Finished SavePackage ../../../../../../Users/nyost448/Desktop/ChimeraGames/Abyss/Content/Maps-Levels/Fort/Battle/Fort_Battle.umap
[2017.02.28-21.55.50:319][838]Cmd: OBJ SAVEPACKAGE PACKAGE="/Game/BluePrints/BattleScene/BS_Player" FILE="../../../../../../Users/nyost448/Desktop/ChimeraGames/Abyss/Content/BluePrints/BattleScene/BS_Player.uasset" SILENT=true
[2017.02.28-21.55.50:327][838]LogSavePackage: Save=7.20ms
[2017.02.28-21.55.50:327][838]LogSavePackage: Moving '../../../../../../Users/nyost448/Desktop/ChimeraGames/Abyss/Saved/BS_Player38CE58284DFCBC05BB29F6A138500755.tmp' to '../../../../../../Users/nyost448/Desktop/ChimeraGames/Abyss/Content/BluePrints/BattleScene/BS_Player.uasset'
[2017.02.28-21.55.50:328][838]LogSavePackage:Display: Finished SavePackage ../../../../../../Users/nyost448/Desktop/ChimeraGames/Abyss/Content/BluePrints/BattleScene/BS_Player.uasset
[2017.02.28-21.55.52:043][903]LogWindowsTextInputMethodSystem:Display: IME system now deactivated.
[2017.02.28-21.55.52:235][904]Cmd: QUIT_EDITOR
[2017.02.28-21.55.52:324][904]LogExit: Preparing to exit.
[2017.02.28-21.55.52:377][904]LogDirectoryWatcher: A directory notification for 'C:/Users/nyost448/Desktop/ChimeraGames/Abyss/Content/' was aborted.
[2017.02.28-21.55.52:405][904]LogExit: Editor shut down
[2017.02.28-21.55.52:405][904]LogExit: Transaction tracking system shut down
[2017.02.28-21.55.52:478][904]LogObj: Freed 0b from 0 cluster array pools.
[2017.02.28-21.55.52:478][904]LogExit: Object subsystem successfully closed.
[2017.02.28-21.55.52:494][904]LogD3D11RHI: Shutdown
[2017.02.28-21.55.52:494][904]LogD3D11RHI: CleanupD3DDevice
[2017.02.28-21.55.52:603][904]LogD3D11RHI: ~FD3D11DynamicRHI
[2017.02.28-21.55.52:618][904]LogHttp:Display: Http module shutting down, but needs to wait on 1 outstanding Http requests:
[2017.02.28-21.55.52:618][904]LogHttp:Display: 	verb=[POST] url=[https://datarouter.ol.epicgames.com/datarouter/api/v1/public/data?SessionID=%7B4CBC49D1-40C3-875F-F877-6B9C70059B0F%7D&AppID=UEEditor.Rocket.Release&AppVersion=4.14.3-3249277%2B%2B%2BUE4%2BRelease-4.14&UserID=6f3eedcf40bd69ddf1b44daef6d9dc04%7Cdf2486657973442ea895399024942a3f%7Cfda9739b-1307-4f59-a55c-303b10f2fc5e&AppEnvironment=datacollector-binary&UploadType=eteventstream] status=Processing
[2017.02.28-21.55.52:623][904]LogModuleManager: Shutting down and abandoning module MovieSceneCapture (231)
[2017.02.28-21.55.52:623][904]LogModuleManager: Shutting down and abandoning module BlueprintGraph (230)
[2017.02.28-21.55.52:623][904]LogModuleManager: Shutting down and abandoning module BlueprintProfiler (229)
[2017.02.28-21.55.52:625][904]LogModuleManager: Shutting down and abandoning module StatsViewer (228)
[2017.02.28-21.55.52:625][904]LogModuleManager: Shutting down and abandoning module HierarchicalLODOutliner (227)
[2017.02.28-21.55.52:625][904]LogModuleManager: Shutting down and abandoning module CrashTracker (226)
[2017.02.28-21.55.52:625][904]LogModuleManager: Shutting down and abandoning module SceneOutliner (225)
[2017.02.28-21.55.52:625][904]LogModuleManager: Shutting down and abandoning module WidgetCarousel (224)
[2017.02.28-21.55.52:625][904]LogModuleManager: Shutting down and abandoning module AddContentDialog (223)
[2017.02.28-21.55.52:625][904]LogDirectoryWatcher: A directory notification for 'C:/Program Files/Epic Games/UE_4.14/FeaturePacks/' was aborted.
[2017.02.28-21.55.52:626][904]LogModuleManager: Shutting down and abandoning module GameplayTags (222)
[2017.02.28-21.55.52:626][904]LogModuleManager: Shutting down and abandoning module EditorWidgets (221)
[2017.02.28-21.55.52:626][904]LogModuleManager: Shutting down and abandoning module CollectionManager (220)
[2017.02.28-21.55.52:626][904]LogDirectoryWatcher: A directory notification for 'C:/Users/nyost448/Desktop/ChimeraGames/Abyss/Content/Collections/' was aborted.
[2017.02.28-21.55.52:626][904]LogDirectoryWatcher: A directory notification for 'C:/Users/nyost448/Desktop/ChimeraGames/Abyss/Content/Developers/nyost448/Collections/' was aborted.
[2017.02.28-21.55.52:626][904]LogDirectoryWatcher: A directory notification for 'C:/Users/nyost448/Desktop/ChimeraGames/Abyss/Saved/Collections/' was aborted.
[2017.02.28-21.55.52:626][904]LogModuleManager: Shutting down and abandoning module FoliageEdit (219)
[2017.02.28-21.55.52:626][904]LogModuleManager: Shutting down and abandoning module LandscapeEditor (218)
[2017.02.28-21.55.52:626][904]LogModuleManager: Shutting down and abandoning module SceneDepthPickerMode (217)
[2017.02.28-21.55.52:626][904]LogModuleManager: Shutting down and abandoning module ActorPickerMode (216)
[2017.02.28-21.55.52:626][904]LogModuleManager: Shutting down and abandoning module GeometryMode (215)
[2017.02.28-21.55.52:626][904]LogModuleManager: Shutting down and abandoning module TextureAlignMode (214)
[2017.02.28-21.55.52:626][904]LogModuleManager: Shutting down and abandoning module BspMode (213)
[2017.02.28-21.55.52:626][904]LogModuleManager: Shutting down and abandoning module HardwareSurvey (212)
[2017.02.28-21.55.52:626][904]LogModuleManager: Shutting down and abandoning module SequenceRecorderSections (211)
[2017.02.28-21.55.52:626][904]LogModuleManager: Shutting down and abandoning module AutomationWorker (210)
[2017.02.28-21.55.52:626][904]LogModuleManager: Shutting down and abandoning module MatineeToLevelSequence (209)
[2017.02.28-21.55.52:626][904]LogModuleManager: Shutting down and abandoning module PlacementMode (208)
[2017.02.28-21.55.52:626][904]LogModuleManager: Shutting down and abandoning module LevelSequenceEditor (207)
[2017.02.28-21.55.52:626][904]LogModuleManager: Shutting down and abandoning module Media (206)
[2017.02.28-21.55.52:626][904]LogModuleManager: Shutting down and abandoning module WmfMediaFactory (205)
[2017.02.28-21.55.52:626][904]LogModuleManager: Shutting down and abandoning module WmfMediaEditor (204)
[2017.02.28-21.55.52:626][904]LogModuleManager: Shutting down and abandoning module CharacterAI (203)
[2017.02.28-21.55.52:626][904]LogModuleManager: Shutting down and abandoning module SequenceRecorder (202)
[2017.02.28-21.55.52:626][904]LogModuleManager: Shutting down and abandoning module AudioCapture (201)
[2017.02.28-21.55.52:626][904]LogModuleManager: Shutting down and abandoning module SmartSnapping (200)
[2017.02.28-21.55.52:626][904]LogModuleManager: Shutting down and abandoning module SessionServices (199)
[2017.02.28-21.55.52:626][904]LogModuleManager: Shutting down and abandoning module ViewportSnapping (198)
[2017.02.28-21.55.52:626][904]LogModuleManager: Shutting down and abandoning module ViewportInteraction (197)
[2017.02.28-21.55.52:626][904]LogModuleManager: Shutting down and abandoning module LogVisualizer (196)
[2017.02.28-21.55.52:627][904]LogModuleManager: Shutting down and abandoning module GameProjectGeneration (195)
[2017.02.28-21.55.52:627][904]LogModuleManager: Shutting down and abandoning module IntroTutorials (194)
[2017.02.28-21.55.52:627][904]LogModuleManager: Shutting down and abandoning module EditorLiveStreaming (193)
[2017.02.28-21.55.52:627][904]LogModuleManager: Shutting down and abandoning module IOSPlatformEditor (192)
[2017.02.28-21.55.52:627][904]LogModuleManager: Shutting down and abandoning module HTML5PlatformEditor (191)
[2017.02.28-21.55.52:627][904]LogModuleManager: Shutting down and abandoning module AndroidDeviceDetection (189)
[2017.02.28-21.55.53:390][904]LogModuleManager: Shutting down and abandoning module AndroidPlatformEditor (188)
[2017.02.28-21.55.53:390][904]LogModuleManager: Shutting down and abandoning module IOSRuntimeSettings (187)
[2017.02.28-21.55.53:390][904]LogModuleManager: Shutting down and abandoning module AndroidRuntimeSettings (186)
[2017.02.28-21.55.53:390][904]LogModuleManager: Shutting down and abandoning module InputBindingEditor (185)
[2017.02.28-21.55.53:390][904]LogModuleManager: Shutting down and abandoning module NiagaraEditor (184)
[2017.02.28-21.55.53:390][904]LogModuleManager: Shutting down and abandoning module MergeActors (183)
[2017.02.28-21.55.53:390][904]LogModuleManager: Shutting down and abandoning module SizeMap (182)
[2017.02.28-21.55.53:390][904]LogModuleManager: Shutting down and abandoning module TreeMap (181)
[2017.02.28-21.55.53:390][904]LogModuleManager: Shutting down and abandoning module ReferenceViewer (180)
[2017.02.28-21.55.53:390][904]LogModuleManager: Shutting down and abandoning module LocalizationService (179)
[2017.02.28-21.55.53:390][904]LogModuleManager: Shutting down and abandoning module LocalizationDashboard (178)
[2017.02.28-21.55.53:390][904]LogModuleManager: Shutting down and abandoning module HardwareTargeting (177)
[2017.02.28-21.55.53:390][904]LogModuleManager: Shutting down and abandoning module DeviceProfileEditor (176)
[2017.02.28-21.55.53:390][904]LogModuleManager: Shutting down and abandoning module UndoHistory (175)
[2017.02.28-21.55.53:391][904]LogModuleManager: Shutting down and abandoning module UserFeedback (174)
[2017.02.28-21.55.53:391][904]LogModuleManager: Shutting down and abandoning module XmlParser (173)
[2017.02.28-21.55.53:391][904]LogModuleManager: Shutting down and abandoning module Blutility (172)
[2017.02.28-21.55.53:391][904]LogModuleManager: Shutting down and abandoning module ProjectTargetPlatformEditor (171)
[2017.02.28-21.55.53:391][904]LogModuleManager: Shutting down and abandoning module ProjectSettingsViewer (170)
[2017.02.28-21.55.53:391][904]LogModuleManager: Shutting down and abandoning module EditorSettingsViewer (169)
[2017.02.28-21.55.53:391][904]LogModuleManager: Shutting down and abandoning module SettingsEditor (168)
[2017.02.28-21.55.53:391][904]LogModuleManager: Shutting down and abandoning module ProjectLauncher (167)
[2017.02.28-21.55.53:391][904]LogModuleManager: Shutting down and abandoning module SessionFrontend (166)
[2017.02.28-21.55.53:391][904]LogModuleManager: Shutting down and abandoning module ProfilerClient (165)
[2017.02.28-21.55.53:391][904]LogModuleManager: Shutting down and abandoning module TargetDeviceServices (164)
[2017.02.28-21.55.53:391][904]LogModuleManager: Shutting down and abandoning module DeviceManager (163)
[2017.02.28-21.55.53:454][904]LogModuleManager: Shutting down and abandoning module AutomationController (162)
[2017.02.28-21.55.53:454][904]LogModuleManager: Shutting down and abandoning module AutomationWindow (161)
[2017.02.28-21.55.53:454][904]LogModuleManager: Shutting down and abandoning module Layers (160)
[2017.02.28-21.55.53:454][904]LogModuleManager: Shutting down and abandoning module ComponentVisualizers (159)
[2017.02.28-21.55.53:454][904]LogModuleManager: Shutting down and abandoning module DetailCustomizations (158)
[2017.02.28-21.55.53:454][904]LogModuleManager: Shutting down and abandoning module PackagesDialog (157)
[2017.02.28-21.55.53:454][904]LogModuleManager: Shutting down and abandoning module AnimGraph (156)
[2017.02.28-21.55.53:454][904]LogModuleManager: Shutting down and abandoning module Persona (155)
[2017.02.28-21.55.53:454][904]LogModuleManager: Shutting down and abandoning module Kismet (154)
[2017.02.28-21.55.53:462][904]LogModuleManager: Shutting down and abandoning module GraphEditor (153)
[2017.02.28-21.55.53:462][904]LogModuleManager: Shutting down and abandoning module ClassViewer (152)
[2017.02.28-21.55.53:462][904]LogModuleManager: Shutting down and abandoning module Toolbox (151)
[2017.02.28-21.55.53:462][904]LogModuleManager: Shutting down and abandoning module ModuleUI (150)
[2017.02.28-21.55.53:462][904]LogModuleManager: Shutting down and abandoning module MovieSceneTools (149)
[2017.02.28-21.55.53:462][904]LogModuleManager: Shutting down and abandoning module OutputLog (148)
[2017.02.28-21.55.53:462][904]LogModuleManager: Shutting down and abandoning module GammaUI (147)
[2017.02.28-21.55.53:462][904]LogModuleManager: Shutting down and abandoning module Documentation (146)
[2017.02.28-21.55.53:462][904]LogModuleManager: Shutting down and abandoning module Niagara (145)
[2017.02.28-21.55.53:462][904]LogModuleManager: Shutting down and abandoning module StreamingPauseRendering (144)
[2017.02.28-21.55.53:462][904]LogModuleManager: Shutting down and abandoning module AnalyticsET (143)
[2017.02.28-21.55.53:462][904]LogModuleManager: Shutting down and abandoning module PortalServices (142)
[2017.02.28-21.55.53:462][904]LogModuleManager: Shutting down and abandoning module PortalRpc (141)
[2017.02.28-21.55.53:462][904]LogModuleManager: Shutting down and abandoning module MessagingRpc (140)
[2017.02.28-21.55.53:462][904]LogModuleManager: Shutting down and abandoning module GameplayDebugger (139)
[2017.02.28-21.55.53:462][904]LogModuleManager: Shutting down and abandoning module AITestSuite (138)
[2017.02.28-21.55.53:462][904]LogModuleManager: Shutting down and abandoning module AIModule (137)
[2017.02.28-21.55.53:462][904]LogModuleManager: Shutting down and abandoning module ProfilerService (136)
[2017.02.28-21.55.53:491][904]LogModuleManager: Shutting down and abandoning module TaskGraph (135)
[2017.02.28-21.55.53:492][904]LogModuleManager: Shutting down and abandoning module SlateRemote (134)
[2017.02.28-21.55.53:492][904]LogModuleManager: Shutting down and abandoning module ProceduralMeshComponentEditor (133)
[2017.02.28-21.55.53:492][904]LogModuleManager: Shutting down and abandoning module ProceduralMeshComponent (132)
[2017.02.28-21.55.53:492][904]LogModuleManager: Shutting down and abandoning module CustomMeshComponent (131)
[2017.02.28-21.55.53:492][904]LogModuleManager: Shutting down and abandoning module CableComponent (130)
[2017.02.28-21.55.53:492][904]LogModuleManager: Shutting down and abandoning module ArchVisCharacter (129)
[2017.02.28-21.55.53:492][904]LogModuleManager: Shutting down and abandoning module MediaPlayerEditor (127)
[2017.02.28-21.55.53:492][904]LogModuleManager: Shutting down and abandoning module HTML5Networking (126)
[2017.02.28-21.55.53:492][904]LogModuleManager: Shutting down and abandoning module GeometryCacheEd (125)
[2017.02.28-21.55.53:492][904]LogModuleManager: Shutting down and abandoning module GeometryCache (124)
[2017.02.28-21.55.53:492][904]LogModuleManager: Shutting down and abandoning module AlembicLibrary (123)
[2017.02.28-21.55.53:492][904]LogModuleManager: Shutting down and abandoning module AlembicImporter (122)
[2017.02.28-21.55.53:492][904]LogModuleManager: Shutting down and abandoning module SuperSearch (121)
[2017.02.28-21.55.53:492][904]LogModuleManager: Shutting down and abandoning module SuperSearchEditor (120)
[2017.02.28-21.55.53:492][904]LogModuleManager: Shutting down and abandoning module SpeedTreeImporter (119)
[2017.02.28-21.55.53:492][904]LogModuleManager: Shutting down and abandoning module PluginBrowser (118)
[2017.02.28-21.55.53:492][904]LogModuleManager: Shutting down and abandoning module DesktopPlatform (117)
[2017.02.28-21.55.53:492][904]LogModuleManager: Shutting down and abandoning module VisualStudioSourceCodeAccess (116)
[2017.02.28-21.55.53:492][904]LogModuleManager: Shutting down and abandoning module UObjectPlugin (115)
[2017.02.28-21.55.53:492][904]LogModuleManager: Shutting down and abandoning module SubversionSourceControl (114)
[2017.02.28-21.55.53:492][904]LogModuleManager: Shutting down and abandoning module PerforceSourceControl (113)
[2017.02.28-21.55.53:492][904]LogModuleManager: Shutting down and abandoning module SourceControl (112)
[2017.02.28-21.55.53:492][904]LogModuleManager: Shutting down and abandoning module GitSourceControl (111)
[2017.02.28-21.55.53:492][904]LogModuleManager: Shutting down and abandoning module LightPropagationVolumeEditor (110)
[2017.02.28-21.55.53:492][904]LogModuleManager: Shutting down and abandoning module PaperTiledImporter (109)
[2017.02.28-21.55.53:492][904]LogModuleManager: Shutting down and abandoning module PaperSpriteSheetImporter (108)
[2017.02.28-21.55.53:492][904]LogModuleManager: Shutting down and abandoning module MeshPaint (107)
[2017.02.28-21.55.53:492][904]LogModuleManager: Shutting down and abandoning module PixelInspectorModule (106)
[2017.02.28-21.55.53:492][904]LogModuleManager: Shutting down and abandoning module HotReload (105)
[2017.02.28-21.55.53:492][904]LogModuleManager: Shutting down and abandoning module MainFrame (104)
[2017.02.28-21.55.53:492][904]LogModuleManager: Shutting down and abandoning module LevelEditor (103)
[2017.02.28-21.55.53:493][904]LogModuleManager: Shutting down and abandoning module ContentBrowser (102)
[2017.02.28-21.55.53:494][904]LogModuleManager: Shutting down and abandoning module Paper2DEditor (101)
[2017.02.28-21.55.53:494][904]LogModuleManager: Shutting down and abandoning module LightPropagationVolumeRuntime (100)
[2017.02.28-21.55.53:494][904]LogModuleManager: Shutting down and abandoning module Paper2D (99)
[2017.02.28-21.55.53:494][904]LogModuleManager: Shutting down and abandoning module WindowsMoviePlayer (98)
[2017.02.28-21.55.53:494][904]LogModuleManager: Shutting down and abandoning module WmfMedia (97)
[2017.02.28-21.55.53:494][904]LogModuleManager: Shutting down and abandoning module MediaAssets (96)
[2017.02.28-21.55.53:494][904]LogModuleManager: Shutting down and abandoning module GameLiveStreaming (95)
[2017.02.28-21.55.53:494][904]LogModuleManager: Shutting down and abandoning module GameplayTagsEditor (94)
[2017.02.28-21.55.53:494][904]LogModuleManager: Shutting down and abandoning module VREditor (93)
[2017.02.28-21.55.53:494][904]LogModuleManager: Shutting down and abandoning module GameplayTasksEditor (92)
[2017.02.28-21.55.53:494][904]LogModuleManager: Shutting down and abandoning module BehaviorTreeEditor (91)
[2017.02.28-21.55.53:494][904]LogModuleManager: Shutting down and abandoning module FunctionalTesting (90)
[2017.02.28-21.55.53:494][904]LogModuleManager: Shutting down and abandoning module CollisionAnalyzer (89)
[2017.02.28-21.55.53:494][904]LogModuleManager: Shutting down and abandoning module Sequencer (88)
[2017.02.28-21.55.53:494][904]LogModuleManager: Shutting down and abandoning module WorkspaceMenuStructure (87)
[2017.02.28-21.55.53:494][904]LogModuleManager: Shutting down and abandoning module MessageLog (86)
[2017.02.28-21.55.53:494][904]LogModuleManager: Shutting down and abandoning module AssetTools (85)
[2017.02.28-21.55.53:494][904]LogModuleManager: Shutting down and abandoning module UMGEditor (84)
[2017.02.28-21.55.53:494][904]LogModuleManager: Shutting down and abandoning module UMG (83)
[2017.02.28-21.55.53:494][904]LogModuleManager: Shutting down and abandoning module SlateReflector (82)
[2017.02.28-21.55.53:494][904]LogModuleManager: Shutting down and abandoning module Slate (81)
[2017.02.28-21.55.53:494][904]LogModuleManager: Shutting down and abandoning module EditorStyle (80)
[2017.02.28-21.55.53:496][904]LogModuleManager: Shutting down and abandoning module SourceCodeAccess (79)
[2017.02.28-21.55.53:496][904]LogModuleManager: Shutting down and abandoning module HeadMountedDisplay (78)
[2017.02.28-21.55.53:496][904]LogModuleManager: Shutting down and abandoning module XAudio2 (77)
[2017.02.28-21.55.53:496][904]LogModuleManager: Shutting down and abandoning module Networking (75)
[2017.02.28-21.55.53:496][904]LogModuleManager: Shutting down and abandoning module Core (74)
[2017.02.28-21.55.53:496][904]LogModuleManager: Shutting down and abandoning module DirectoryWatcher (73)
[2017.02.28-21.55.53:496][904]LogDirectoryWatcher: A directory notification for '../../../Engine/Content/' was aborted.
[2017.02.28-21.55.53:496][904]LogDirectoryWatcher: A directory notification for '../../../../../../Users/nyost448/Desktop/ChimeraGames/Abyss/Content/' was aborted.
[2017.02.28-21.55.53:496][904]LogDirectoryWatcher: A directory notification for '../../../Engine/Plugins/2D/Paper2D/Content/' was aborted.
[2017.02.28-21.55.53:496][904]LogModuleManager: Shutting down and abandoning module AssetRegistry (72)
[2017.02.28-21.55.53:558][904]LogModuleManager: Shutting down and abandoning module KismetCompiler (71)
[2017.02.28-21.55.53:558][904]LogModuleManager: Shutting down and abandoning module PhysXFormats (70)
[2017.02.28-21.55.53:558][904]LogModuleManager: Shutting down and abandoning module SimplygonSwarm (69)
[2017.02.28-21.55.53:558][904]LogModuleManager: Shutting down and abandoning module SimplygonMeshReduction (68)
[2017.02.28-21.55.53:558][904]LogModuleManager: Shutting down and abandoning module QuadricMeshReduction (67)
[2017.02.28-21.55.53:558][904]LogModuleManager: Shutting down and abandoning module PropertyEditor (66)
[2017.02.28-21.55.53:558][904]LogModuleManager: Shutting down and abandoning module MeshUtilities (65)
[2017.02.28-21.55.53:558][904]LogModuleManager: Shutting down and abandoning module DerivedDataCache (64)
[2017.02.28-21.55.53:573][904]LogDerivedDataCache: Shutdown
[2017.02.28-21.55.53:573][904]LogModuleManager: Shutting down and abandoning module VulkanShaderFormat (63)
[2017.02.28-21.55.53:573][904]LogModuleManager: Shutting down and abandoning module ShaderFormatOpenGL (62)
[2017.02.28-21.55.53:573][904]LogModuleManager: Shutting down and abandoning module ShaderFormatD3D (61)
[2017.02.28-21.55.53:573][904]LogModuleManager: Shutting down and abandoning module MetalShaderFormat (60)
[2017.02.28-21.55.53:573][904]LogModuleManager: Shutting down and abandoning module TextureFormatUncompressed (59)
[2017.02.28-21.55.53:573][904]LogModuleManager: Shutting down and abandoning module TextureFormatPVR (58)
[2017.02.28-21.55.53:573][904]LogModuleManager: Shutting down and abandoning module TextureFormatDXT (57)
[2017.02.28-21.55.53:573][904]LogModuleManager: Shutting down and abandoning module TextureFormatIntelISPCTexComp (56)
[2017.02.28-21.55.53:573][904]LogModuleManager: Shutting down and abandoning module ImageWrapper (55)
[2017.02.28-21.55.53:573][904]LogModuleManager: Shutting down and abandoning module TextureFormatASTC (54)
[2017.02.28-21.55.53:573][904]LogModuleManager: Shutting down and abandoning module TextureFormatAndroid (53)
[2017.02.28-21.55.53:573][904]LogModuleManager: Shutting down and abandoning module AudioFormatOpus (52)
[2017.02.28-21.55.53:573][904]LogModuleManager: Shutting down and abandoning module AudioFormatOgg (51)
[2017.02.28-21.55.53:573][904]LogModuleManager: Shutting down and abandoning module AudioFormatADPCM (50)
[2017.02.28-21.55.53:573][904]LogModuleManager: Shutting down and abandoning module LinuxTargetPlatform (49)
[2017.02.28-21.55.53:573][904]LogModuleManager: Shutting down and abandoning module LinuxServerTargetPlatform (48)
[2017.02.28-21.55.53:573][904]LogModuleManager: Shutting down and abandoning module LinuxNoEditorTargetPlatform (47)
[2017.02.28-21.55.53:573][904]LogModuleManager: Shutting down and abandoning module LinuxClientTargetPlatform (46)
[2017.02.28-21.55.53:573][904]LogModuleManager: Shutting down and abandoning module TVOSTargetPlatform (45)
[2017.02.28-21.55.53:573][904]LogModuleManager: Shutting down and abandoning module Messaging (44)
[2017.02.28-21.55.53:573][904]LogModuleManager: Shutting down and abandoning module IOSTargetPlatform (43)
[2017.02.28-21.55.53:573][904]LogModuleManager: Shutting down and abandoning module HTML5TargetPlatform (42)
[2017.02.28-21.55.53:573][904]LogModuleManager: Shutting down and abandoning module Android_PVRTCTargetPlatform (41)
[2017.02.28-21.55.53:573][904]LogModuleManager: Shutting down and abandoning module Android_MultiTargetPlatform (40)
[2017.02.28-21.55.53:573][904]LogModuleManager: Shutting down and abandoning module Android_ETC2TargetPlatform (39)
[2017.02.28-21.55.53:573][904]LogModuleManager: Shutting down and abandoning module Android_ETC1TargetPlatform (38)
[2017.02.28-21.55.53:573][904]LogModuleManager: Shutting down and abandoning module Android_DXTTargetPlatform (37)
[2017.02.28-21.55.53:573][904]LogModuleManager: Shutting down and abandoning module Android_ATCTargetPlatform (36)
[2017.02.28-21.55.53:573][904]LogModuleManager: Shutting down and abandoning module Android_ASTCTargetPlatform (35)
[2017.02.28-21.55.53:573][904]LogModuleManager: Shutting down and abandoning module AndroidTargetPlatform (34)
[2017.02.28-21.55.53:573][904]LogModuleManager: Shutting down and abandoning module WindowsTargetPlatform (33)
[2017.02.28-21.55.53:573][904]LogModuleManager: Shutting down and abandoning module WindowsServerTargetPlatform (32)
[2017.02.28-21.55.53:573][904]LogModuleManager: Shutting down and abandoning module WindowsNoEditorTargetPlatform (31)
[2017.02.28-21.55.53:573][904]LogModuleManager: Shutting down and abandoning module WindowsClientTargetPlatform (30)
[2017.02.28-21.55.53:573][904]LogModuleManager: Shutting down and abandoning module MacTargetPlatform (29)
[2017.02.28-21.55.53:573][904]LogModuleManager: Shutting down and abandoning module MacServerTargetPlatform (28)
[2017.02.28-21.55.53:573][904]LogModuleManager: Shutting down and abandoning module MacNoEditorTargetPlatform (27)
[2017.02.28-21.55.53:573][904]LogModuleManager: Shutting down and abandoning module MacClientTargetPlatform (26)
[2017.02.28-21.55.53:573][904]LogModuleManager: Shutting down and abandoning module AllDesktopTargetPlatform (25)
[2017.02.28-21.55.53:573][904]LogModuleManager: Shutting down and abandoning module TargetPlatform (24)
[2017.02.28-21.55.53:573][904]LogModuleManager: Shutting down and abandoning module InputCore (23)
[2017.02.28-21.55.53:573][904]LogModuleManager: Shutting down and abandoning module Settings (22)
[2017.02.28-21.55.53:573][904]LogModuleManager: Shutting down and abandoning module ExampleDeviceProfileSelector (21)
[2017.02.28-21.55.53:573][904]LogModuleManager: Shutting down and abandoning module OnlineBlueprintSupport (20)
[2017.02.28-21.55.53:573][904]LogModuleManager: Shutting down and abandoning module OnlineSubsystem (18)
[2017.02.28-21.55.53:573][904]LogOnline:Display: Unloading online subsystem: NULL
[2017.02.28-21.55.53:573][904]LogModuleManager: Shutting down and abandoning module SSL (17)
[2017.02.28-21.55.53:574][904]LogModuleManager: Shutting down and abandoning module HTTP (16)
[2017.02.28-21.55.53:574][904]LogModuleManager: Shutting down and abandoning module XMPP (15)
[2017.02.28-21.55.53:574][904]LogModuleManager: Shutting down and abandoning module TextureCompressor (14)
[2017.02.28-21.55.53:574][904]LogModuleManager: Shutting down and abandoning module ShaderCore (13)
[2017.02.28-21.55.53:574][904]LogModuleManager: Shutting down and abandoning module Landscape (12)
[2017.02.28-21.55.53:574][904]LogModuleManager: Shutting down and abandoning module SlateRHIRenderer (11)
[2017.02.28-21.55.53:575][904]LogModuleManager: Shutting down and abandoning module OpenGLDrv (10)
[2017.02.28-21.55.53:575][904]LogModuleManager: Shutting down and abandoning module D3D11RHI (9)
[2017.02.28-21.55.53:575][904]LogModuleManager: Shutting down and abandoning module AnimGraphRuntime (8)
[2017.02.28-21.55.53:575][904]LogModuleManager: Shutting down and abandoning module Renderer (7)
[2017.02.28-21.55.53:575][904]LogModuleManager: Shutting down and abandoning module Engine (6)
[2017.02.28-21.55.53:575][904]LogModuleManager: Shutting down and abandoning module CoreUObject (5)
[2017.02.28-21.55.53:575][904]LogModuleManager: Shutting down and abandoning module NetworkFile (4)
[2017.02.28-21.55.53:575][904]LogModuleManager: Shutting down and abandoning module StreamingFile (3)
[2017.02.28-21.55.53:575][904]LogModuleManager: Shutting down and abandoning module SandboxFile (2)
[2017.02.28-21.55.53:575][904]LogModuleManager: Shutting down and abandoning module PakFile (1)
[2017.02.28-21.55.53:577][904]LogExit: Exiting.
[2017.02.28-21.55.53:593][904]Log file closed, 02/28/17 16:55:53
