Log file open, 02/18/17 22:27:16
LogInit:Display: Running engine for game: Abyss
LogPlatformFile: Not using cached read wrapper
LogInit:Display: RandInit(2057972519) SRandInit(2057972519).
LogTaskGraph: Started task graph with 5 named threads and 8 total threads with 1 sets of task threads.
LogStats: Stats thread started at 0.178003
LogPluginManager: Loaded Plugin Paper2D, From D:/UE4/UE_4.13/Engine/Plugins/2D/Paper2D/Paper2D.uplugin
LogPluginManager: Loaded Plugin LightPropagationVolume, From D:/UE4/UE_4.13/Engine/Plugins/Blendables/LightPropagationVolume/LightPropagationVolume.uplugin
LogPluginManager: Loaded Plugin BlankPlugin, From D:/UE4/UE_4.13/Engine/Plugins/Developer/BlankPlugin/BlankPlugin.uplugin
LogPluginManager: Loaded Plugin CodeLiteSourceCodeAccess, From D:/UE4/UE_4.13/Engine/Plugins/Developer/CodeLiteSourceCodeAccess/CodeLiteSourceCodeAccess.uplugin
LogPluginManager: Loaded Plugin GitSourceControl, From D:/UE4/UE_4.13/Engine/Plugins/Developer/GitSourceControl/GitSourceControl.uplugin
LogPluginManager: Loaded Plugin KDevelopSourceCodeAccess, From D:/UE4/UE_4.13/Engine/Plugins/Developer/KDevelopSourceCodeAccess/KDevelopSourceCodeAccess.uplugin
LogPluginManager: Loaded Plugin NullSourceCodeAccess, From D:/UE4/UE_4.13/Engine/Plugins/Developer/NullSourceCodeAccess/NullSourceCodeAccess.uplugin
LogPluginManager: Loaded Plugin OneSkyLocalizationService, From D:/UE4/UE_4.13/Engine/Plugins/Developer/OneSkyLocalizationService/OneSkyLocalizationService.uplugin
LogPluginManager: Loaded Plugin PerforceSourceControl, From D:/UE4/UE_4.13/Engine/Plugins/Developer/PerforceSourceControl/PerforceSourceControl.uplugin
LogPluginManager: Loaded Plugin SubversionSourceControl, From D:/UE4/UE_4.13/Engine/Plugins/Developer/SubversionSourceControl/SubversionSourceControl.uplugin
LogPluginManager: Loaded Plugin UObjectPlugin, From D:/UE4/UE_4.13/Engine/Plugins/Developer/UObjectPlugin/UObjectPlugin.uplugin
LogPluginManager: Loaded Plugin VisualStudioSourceCodeAccess, From D:/UE4/UE_4.13/Engine/Plugins/Developer/VisualStudioSourceCodeAccess/VisualStudioSourceCodeAccess.uplugin
LogPluginManager: Loaded Plugin XCodeSourceCodeAccess, From D:/UE4/UE_4.13/Engine/Plugins/Developer/XCodeSourceCodeAccess/XCodeSourceCodeAccess.uplugin
LogPluginManager: Loaded Plugin EpicSurvey, From D:/UE4/UE_4.13/Engine/Plugins/Editor/EpicSurvey/EpicSurvey.uplugin
LogPluginManager: Loaded Plugin MacGraphicsSwitching, From D:/UE4/UE_4.13/Engine/Plugins/Editor/MacGraphicsSwitching/MacGraphicsSwitching.uplugin
LogPluginManager: Loaded Plugin MobileLauncherProfileWizard, From D:/UE4/UE_4.13/Engine/Plugins/Editor/MobileLauncherProfileWizard/MobileLauncherProfileWizard.uplugin
LogPluginManager: Loaded Plugin PluginBrowser, From D:/UE4/UE_4.13/Engine/Plugins/Editor/PluginBrowser/PluginBrowser.uplugin
LogPluginManager: Loaded Plugin SpeedTreeImporter, From D:/UE4/UE_4.13/Engine/Plugins/Editor/SpeedTreeImporter/SpeedTreeImporter.uplugin
LogPluginManager: Loaded Plugin SuperSearchEditor, From D:/UE4/UE_4.13/Engine/Plugins/Editor/SuperSearchEditor/SuperSearchEditor.uplugin
LogPluginManager: Loaded Plugin AlembicImporter, From D:/UE4/UE_4.13/Engine/Plugins/Experimental/AlembicImporter/AlembicImporter.uplugin
LogPluginManager: Loaded Plugin BlueprintStats, From D:/UE4/UE_4.13/Engine/Plugins/Experimental/BlueprintStats/BlueprintStats.uplugin
LogPluginManager: Loaded Plugin CharacterAI, From D:/UE4/UE_4.13/Engine/Plugins/Experimental/CharacterAI/CharacterAI.uplugin
LogPluginManager: Loaded Plugin CodeEditor, From D:/UE4/UE_4.13/Engine/Plugins/Experimental/CodeEditor/CodeEditor.uplugin
LogPluginManager: Loaded Plugin CodeView, From D:/UE4/UE_4.13/Engine/Plugins/Experimental/CodeView/CodeView.uplugin
LogPluginManager: Loaded Plugin HTML5Networking, From D:/UE4/UE_4.13/Engine/Plugins/Experimental/HTML5Networking/HTML5Networking.uplugin
LogPluginManager: Loaded Plugin LiveEditor, From D:/UE4/UE_4.13/Engine/Plugins/Experimental/LiveEditor/LiveEditor.uplugin
LogPluginManager: Loaded Plugin OSVR, From D:/UE4/UE_4.13/Engine/Plugins/Experimental/OSVR/OSVR.uplugin
LogPluginManager: Loaded Plugin Phya, From D:/UE4/UE_4.13/Engine/Plugins/Experimental/Phya/Phya.uplugin
LogPluginManager: Loaded Plugin SignificanceManager, From D:/UE4/UE_4.13/Engine/Plugins/Experimental/SignificanceManager/SignificanceManager.uplugin
LogPluginManager: Loaded Plugin SimpleHMD, From D:/UE4/UE_4.13/Engine/Plugins/Experimental/SimpleHMD/SimpleHMD.uplugin
LogPluginManager: Loaded Plugin StereoPanorama, From D:/UE4/UE_4.13/Engine/Plugins/Experimental/StereoPanorama/StereoPanorama.uplugin
LogPluginManager: Loaded Plugin StructBox, From D:/UE4/UE_4.13/Engine/Plugins/Experimental/StructBox/StructBox.uplugin
LogPluginManager: Loaded Plugin AndroidMedia, From D:/UE4/UE_4.13/Engine/Plugins/Media/AndroidMedia/AndroidMedia.uplugin
LogPluginManager: Loaded Plugin AvfMedia, From D:/UE4/UE_4.13/Engine/Plugins/Media/AvfMedia/AvfMedia.uplugin
LogPluginManager: Loaded Plugin MediaPlayerEditor, From D:/UE4/UE_4.13/Engine/Plugins/Media/MediaPlayerEditor/MediaPlayerEditor.uplugin
LogPluginManager: Loaded Plugin WmfMedia, From D:/UE4/UE_4.13/Engine/Plugins/Media/WmfMedia/WmfMedia.uplugin
LogPluginManager: Loaded Plugin MessagingDebugger, From D:/UE4/UE_4.13/Engine/Plugins/Messaging/MessagingDebugger/MessagingDebugger.uplugin
LogPluginManager: Loaded Plugin TcpMessaging, From D:/UE4/UE_4.13/Engine/Plugins/Messaging/TcpMessaging/TcpMessaging.uplugin
LogPluginManager: Loaded Plugin UdpMessaging, From D:/UE4/UE_4.13/Engine/Plugins/Messaging/UdpMessaging/UdpMessaging.uplugin
LogPluginManager: Loaded Plugin LevelSequenceEditor, From D:/UE4/UE_4.13/Engine/Plugins/MovieScene/LevelSequenceEditor/LevelSequenceEditor.uplugin
LogPluginManager: Loaded Plugin MatineeToLevelSequence, From D:/UE4/UE_4.13/Engine/Plugins/MovieScene/MatineeToLevelSequence/MatineeToLevelSequence.uplugin
LogPluginManager: Loaded Plugin NetcodeUnitTest, From D:/UE4/UE_4.13/Engine/Plugins/NetcodeUnitTest/NetcodeUnitTest/NetcodeUnitTest.uplugin
LogPluginManager: Loaded Plugin NUTUnrealEngine4, From D:/UE4/UE_4.13/Engine/Plugins/NetcodeUnitTest/NUTUnrealEngine4/NUTUnrealEngine4.uplugin
LogPluginManager: Loaded Plugin OnlineSubsystemGooglePlay, From D:/UE4/UE_4.13/Engine/Plugins/Online/Android/OnlineSubsystemGooglePlay/OnlineSubsystemGooglePlay.uplugin
LogPluginManager: Loaded Plugin OnlineSubsystemIOS, From D:/UE4/UE_4.13/Engine/Plugins/Online/IOS/OnlineSubsystemIOS/OnlineSubsystemIOS.uplugin
LogPluginManager: Loaded Plugin OnlineFramework, From D:/UE4/UE_4.13/Engine/Plugins/Online/OnlineFramework/OnlineFramework.uplugin
LogPluginManager: Loaded Plugin OnlineSubsystem, From D:/UE4/UE_4.13/Engine/Plugins/Online/OnlineSubsystem/OnlineSubsystem.uplugin
LogPluginManager: Loaded Plugin OnlineSubsystemAmazon, From D:/UE4/UE_4.13/Engine/Plugins/Online/OnlineSubsystemAmazon/OnlineSubsystemAmazon.uplugin
LogPluginManager: Loaded Plugin OnlineSubsystemFacebook, From D:/UE4/UE_4.13/Engine/Plugins/Online/OnlineSubsystemFacebook/OnlineSubsystemFacebook.uplugin
LogPluginManager: Loaded Plugin OnlineSubsystemNull, From D:/UE4/UE_4.13/Engine/Plugins/Online/OnlineSubsystemNull/OnlineSubsystemNull.uplugin
LogPluginManager: Loaded Plugin OnlineSubsystemOculus, From D:/UE4/UE_4.13/Engine/Plugins/Online/OnlineSubsystemOculus/OnlineSubsystemOculus.uplugin
LogPluginManager: Loaded Plugin OnlineSubsystemSteam, From D:/UE4/UE_4.13/Engine/Plugins/Online/OnlineSubsystemSteam/OnlineSubsystemSteam.uplugin
LogPluginManager: Loaded Plugin OnlineSubsystemUtils, From D:/UE4/UE_4.13/Engine/Plugins/Online/OnlineSubsystemUtils/OnlineSubsystemUtils.uplugin
LogPluginManager: Loaded Plugin IOSTapJoy, From D:/UE4/UE_4.13/Engine/Plugins/Runtime/Advertising/IOSTapJoy/IOSTapJoy.uplugin
LogPluginManager: Loaded Plugin AnalyticsBlueprintLibrary, From D:/UE4/UE_4.13/Engine/Plugins/Runtime/Analytics/AnalyticsBlueprintLibrary/AnalyticsBlueprintLibrary.uplugin
LogPluginManager: Loaded Plugin AnalyticsMulticast, From D:/UE4/UE_4.13/Engine/Plugins/Runtime/Analytics/AnalyticsMulticast/AnalyticsMulticast.uplugin
LogPluginManager: Loaded Plugin Apsalar, From D:/UE4/UE_4.13/Engine/Plugins/Runtime/Analytics/Apsalar/Apsalar.uplugin
LogPluginManager: Loaded Plugin FileLogging, From D:/UE4/UE_4.13/Engine/Plugins/Runtime/Analytics/FileLogging/FileLogging.uplugin
LogPluginManager: Loaded Plugin Flurry, From D:/UE4/UE_4.13/Engine/Plugins/Runtime/Analytics/Flurry/Flurry.uplugin
LogPluginManager: Loaded Plugin AndroidDeviceProfileSelector, From D:/UE4/UE_4.13/Engine/Plugins/Runtime/AndroidDeviceProfileSelector/AndroidDeviceProfileSelector.uplugin
LogPluginManager: Loaded Plugin AndroidMoviePlayer, From D:/UE4/UE_4.13/Engine/Plugins/Runtime/AndroidMoviePlayer/AndroidMoviePlayer.uplugin
LogPluginManager: Loaded Plugin AppleMoviePlayer, From D:/UE4/UE_4.13/Engine/Plugins/Runtime/AppleMoviePlayer/AppleMoviePlayer.uplugin
LogPluginManager: Loaded Plugin ArchVisCharacter, From D:/UE4/UE_4.13/Engine/Plugins/Runtime/ArchVisCharacter/ArchVisCharacter.uplugin
LogPluginManager: Loaded Plugin CableComponent, From D:/UE4/UE_4.13/Engine/Plugins/Runtime/CableComponent/CableComponent.uplugin
LogPluginManager: Loaded Plugin CustomMeshComponent, From D:/UE4/UE_4.13/Engine/Plugins/Runtime/CustomMeshComponent/CustomMeshComponent.uplugin
LogPluginManager: Loaded Plugin ExampleDeviceProfileSelector, From D:/UE4/UE_4.13/Engine/Plugins/Runtime/ExampleDeviceProfileSelector/ExampleDeviceProfileSelector.uplugin
LogPluginManager: Loaded Plugin GearVR, From D:/UE4/UE_4.13/Engine/Plugins/Runtime/GearVR/GearVR.uplugin
LogPluginManager: Loaded Plugin GoogleVRController, From D:/UE4/UE_4.13/Engine/Plugins/Runtime/GoogleVR/GoogleVRController/GoogleVRController.uplugin
LogPluginManager: Loaded Plugin GoogleVRHMD, From D:/UE4/UE_4.13/Engine/Plugins/Runtime/GoogleVR/GoogleVRHMD/GoogleVRHMD.uplugin
LogPluginManager: Loaded Plugin IOSDeviceProfileSelector, From D:/UE4/UE_4.13/Engine/Plugins/Runtime/IOSDeviceProfileSelector/IOSDeviceProfileSelector.uplugin
LogPluginManager: Loaded Plugin LeapMotion, From D:/UE4/UE_4.13/Engine/Plugins/Runtime/LeapMotion/LeapMotion.uplugin
LogPluginManager: Loaded Plugin LinuxDeviceProfileSelector, From D:/UE4/UE_4.13/Engine/Plugins/Runtime/LinuxDeviceProfileSelector/LinuxDeviceProfileSelector.uplugin
LogPluginManager: Loaded Plugin LiveEditorListenServer, From D:/UE4/UE_4.13/Engine/Plugins/Runtime/LiveEditorListenServer/LiveEditorListenServer.uplugin
LogPluginManager: Loaded Plugin OculusAudio, From D:/UE4/UE_4.13/Engine/Plugins/Runtime/OculusAudio/OculusAudio.uplugin
LogPluginManager: Loaded Plugin OculusInput, From D:/UE4/UE_4.13/Engine/Plugins/Runtime/OculusInput/OculusInput.uplugin
LogPluginManager: Loaded Plugin OculusLibrary, From D:/UE4/UE_4.13/Engine/Plugins/Runtime/OculusLibrary/OculusLibrary.uplugin
LogPluginManager: Loaded Plugin OculusRift, From D:/UE4/UE_4.13/Engine/Plugins/Runtime/OculusRift/OculusRift.uplugin
LogPluginManager: Loaded Plugin Oodle, From D:/UE4/UE_4.13/Engine/Plugins/Runtime/PacketHandlers/CompressionComponents/Oodle/Oodle.uplugin
LogPluginManager: Loaded Plugin ProceduralMeshComponent, From D:/UE4/UE_4.13/Engine/Plugins/Runtime/ProceduralMeshComponent/ProceduralMeshComponent.uplugin
LogPluginManager: Loaded Plugin SoundMod, From D:/UE4/UE_4.13/Engine/Plugins/Runtime/SoundMod/SoundMod.uplugin
LogPluginManager: Loaded Plugin SoundVisualizations, From D:/UE4/UE_4.13/Engine/Plugins/Runtime/SoundVisualizations/SoundVisualizations.uplugin
LogPluginManager: Loaded Plugin SteamController, From D:/UE4/UE_4.13/Engine/Plugins/Runtime/Steam/SteamController/SteamController.uplugin
LogPluginManager: Loaded Plugin SteamVR, From D:/UE4/UE_4.13/Engine/Plugins/Runtime/Steam/SteamVR/SteamVR.uplugin
LogPluginManager: Loaded Plugin WebBrowserWidget, From D:/UE4/UE_4.13/Engine/Plugins/Runtime/WebBrowserWidget/WebBrowserWidget.uplugin
LogPluginManager: Loaded Plugin WindowsDeviceProfileSelector, From D:/UE4/UE_4.13/Engine/Plugins/Runtime/WindowsDeviceProfileSelector/WindowsDeviceProfileSelector.uplugin
LogPluginManager: Loaded Plugin WindowsMoviePlayer, From D:/UE4/UE_4.13/Engine/Plugins/Runtime/WindowsMoviePlayer/WindowsMoviePlayer.uplugin
LogPluginManager: Loaded Plugin ScriptPlugin, From D:/UE4/UE_4.13/Engine/Plugins/ScriptPlugin/ScriptPlugin.uplugin
LogPluginManager: Loaded Plugin SlateRemote, From D:/UE4/UE_4.13/Engine/Plugins/Slate/SlateRemote/SlateRemote.uplugin
LogInit: Using libcurl 7.47.1
LogInit:  - built for x86_64-pc-win32
LogInit:  - supports SSL with WinSSL
LogInit:  - other features:
LogInit:      CURL_VERSION_SSL
LogInit:      CURL_VERSION_IPV6
LogInit:      CURL_VERSION_ASYNCHDNS
LogInit:      CURL_VERSION_LARGEFILE
LogInit:      CURL_VERSION_IDN
LogInit:  CurlRequestOptions (configurable via config and command line):
LogInit:  - bVerifyPeer = false  - Libcurl will NOT verify peer certificate
LogInit:  - bUseHttpProxy = false  - Libcurl will NOT use HTTP proxy
LogInit:  - bDontReuseConnections = false  - Libcurl will reuse connections
LogInit:  - CertBundlePath = nullptr  - Libcurl will use whatever was configured at build time.
LogInit: Build: ++UE4+Release-4.13-CL-3172292
LogInit: Engine Version: 4.13.2-3172292+++UE4+Release-4.13
LogInit: Compatible Engine Version: 4.13.0-3106830+++UE4+Release-4.13
LogInit: Net CL: 3172292
LogDevObjectVersion: Number of dev versions registered: 13
LogDevObjectVersion:   Dev-Blueprints (B0D832E4-1F89-4F0D-ACCF-7EB736FD4AA2): 5
LogDevObjectVersion:   Dev-Build (E1C64328-A22C-4D53-A36C-8E866417BD8C): 0
LogDevObjectVersion:   Dev-Core (375EC13C-06E4-48FB-B500-84F0262A717E): 1
LogDevObjectVersion:   Dev-Editor (E4B068ED-F494-42E9-A231-DA0B2E46BB41): 6
LogDevObjectVersion:   Dev-Framework (CFFC743F-43B0-4480-9391-14DF171D2073): 12
LogDevObjectVersion:   Dev-Mobile (B02B49B5-BB20-44E9-A304-32B752E40360): 0
LogDevObjectVersion:   Dev-Networking (A4E4105C-59A1-49B5-A7C5-40C4547EDFEE): 0
LogDevObjectVersion:   Dev-Online (39C831C9-5AE6-47DC-9A44-9C173E1C8E7C): 0
LogDevObjectVersion:   Dev-Physics (78F01B33-EBEA-4F98-B9B4-84EACCB95AA2): 0
LogDevObjectVersion:   Dev-Platform (6631380F-2D4D-43E0-8009-CF276956A95A): 0
LogDevObjectVersion:   Dev-Rendering (12F88B9F-8875-4AFC-A67C-D90C383ABD29): 4
LogDevObjectVersion:   Dev-Sequencer (7B5AE74C-D270-4C10-A958-57980B212A5A): 0
LogDevObjectVersion:   Dev-VR (D7296918-1DD6-4BDD-9DE2-64A83CC13884): 0
LogInit: Compiled (64-bit): Oct 24 2016 14:29:06
LogInit: Compiled with Visual C++: 19.00.23026.00
LogInit: Build Configuration: Development
LogInit: Branch Name: ++UE4+Release-4.13
LogInit: Command line:  -game
LogInit: Base directory: D:/UE4/UE_4.13/Engine/Binaries/Win64/
LogInit: Installed Engine Build: 1
LogInit: Presizing for max 8388607 objects, including 0 objects not considered by GC, pre-allocating 0 bytes for permanent pool.
LogInit: Object subsystem initialized
[2017.02.19-03.27.16:443][  0]LogInit: Selected Device Profile: [Windows]
[2017.02.19-03.27.16:443][  0]LogInit: Applying CVar settings loaded from the selected device profile: [Windows]
[2017.02.19-03.27.16:454][  0]LogInit: Computer: NATHAN-PC
[2017.02.19-03.27.16:454][  0]LogInit: User: nathan
[2017.02.19-03.27.16:454][  0]LogInit: CPU Page size=65536, Cores=4
[2017.02.19-03.27.16:454][  0]LogInit: High frequency timer resolution =3.897815 MHz
[2017.02.19-03.27.16:454][  0]LogMemory: Memory total: Physical=16.0GB (16GB approx)
[2017.02.19-03.27.16:454][  0]LogMemory: Platform Memory Stats for Windows
[2017.02.19-03.27.16:454][  0]LogMemory: Process Physical Memory: 258.80 MB used, 258.80 MB peak
[2017.02.19-03.27.16:454][  0]LogMemory: Process Virtual Memory: 260.03 MB used, 260.03 MB peak
[2017.02.19-03.27.16:454][  0]LogMemory: Physical Memory: 4695.65 MB used, 16341.69 MB total
[2017.02.19-03.27.16:454][  0]LogMemory: Virtual Memory: 623.23 MB used, 134217728.00 MB total
[2017.02.19-03.27.17:198][  0]LogTextLocalizationManager: No specific translations for ('en-US') exist, so ('en') translations will be used.
[2017.02.19-03.27.17:912][  0]LogD3D11RHI: D3D11 adapters:
[2017.02.19-03.27.18:477][  0]LogD3D11RHI:    0. 'NVIDIA GeForce GTX 960' (Feature Level 11_0)
[2017.02.19-03.27.18:477][  0]LogD3D11RHI:       4061/0/8170 MB DedicatedVideo/DedicatedSystem/SharedSystem, Outputs:1, VendorId:0x10de
[2017.02.19-03.27.18:480][  0]LogD3D11RHI:    1. 'Microsoft Basic Render Driver' (Feature Level 11_0)
[2017.02.19-03.27.18:480][  0]LogD3D11RHI:       0/0/8170 MB DedicatedVideo/DedicatedSystem/SharedSystem, Outputs:0, VendorId:0x1414
[2017.02.19-03.27.18:480][  0]LogD3D11RHI: Chosen D3D11 Adapter: 0
[2017.02.19-03.27.18:488][  0]LogD3D11RHI: Creating new Direct3DDevice
[2017.02.19-03.27.18:488][  0]LogD3D11RHI:     GPU DeviceId: 0x1401 (for the marketing name, search the web for "GPU Device Id")
[2017.02.19-03.27.18:488][  0]LogWindows: EnumDisplayDevices:
[2017.02.19-03.27.18:488][  0]LogWindows:    0. 'NVIDIA GeForce GTX 960' (P:1 D:1)
[2017.02.19-03.27.18:489][  0]LogWindows:    1. 'NVIDIA GeForce GTX 960' (P:0 D:0)
[2017.02.19-03.27.18:489][  0]LogWindows:    2. 'NVIDIA GeForce GTX 960' (P:0 D:0)
[2017.02.19-03.27.18:490][  0]LogWindows:    3. 'NVIDIA GeForce GTX 960' (P:0 D:0)
[2017.02.19-03.27.18:490][  0]LogWindows: DebugString: FoundDriverCount:4 
[2017.02.19-03.27.18:490][  0]LogD3D11RHI:     Adapter Name: NVIDIA GeForce GTX 960
[2017.02.19-03.27.18:490][  0]LogD3D11RHI:   Driver Version: 376.53 (internal:21.21.13.7653, unified:376.53)
[2017.02.19-03.27.18:490][  0]LogD3D11RHI:      Driver Date: 12-29-2016
[2017.02.19-03.27.18:490][  0]LogRHI: Texture pool is 1361 MB (70% of 1945 MB)
[2017.02.19-03.27.18:997][  0]LogD3D11RHI: Async texture creation enabled
[2017.02.19-03.27.19:081][  0]LogD3D11RHI: GPU Timing Frequency: 1000.000000 (Debug: 2 1)
[2017.02.19-03.27.19:082][  0]LogShaderCompilers: Guid format shader working directory is 4 characters bigger than the processId version (C:/Users/nathan/Desktop/ChimeraGames/Abyss/Intermediate/Shaders/WorkingDirectory/10528/).
[2017.02.19-03.27.19:082][  0]LogShaderCompilers: Cleaned the shader compiler working directory 'C:/Users/nathan/AppData/Local/Temp/UnrealShaderWorkingDir/F9A16172452A2B8905646EB99F848077/'.
[2017.02.19-03.27.19:082][  0]LogShaderCompilers:Display: Using Local Shader Compiler.
[2017.02.19-03.27.21:939][  0]LogTemp:Display: Loaded TP WindowsClientTargetPlatform
[2017.02.19-03.27.21:959][  0]LogTemp:Display: Loaded TP WindowsNoEditorTargetPlatform
[2017.02.19-03.27.21:978][  0]LogTemp:Display: Loaded TP WindowsServerTargetPlatform
[2017.02.19-03.27.22:005][  0]LogTemp:Display: Loaded TP WindowsTargetPlatform
[2017.02.19-03.27.22:005][  0]LogTargetPlatformManager:Display: Building Assets For Windows
[2017.02.19-03.27.23:357][  0]LogDerivedDataCache:Display: Max Cache Size: 512 MB
[2017.02.19-03.27.23:980][  0]LogDerivedDataCache: Loaded boot cache 0.62s 62MB C:/Users/nathan/AppData/Local/UnrealEngine/4.13/DerivedDataCache/Boot.ddc.
[2017.02.19-03.27.23:980][  0]LogDerivedDataCache:Display: Loaded Boot cache: C:/Users/nathan/AppData/Local/UnrealEngine/4.13/DerivedDataCache/Boot.ddc
[2017.02.19-03.27.23:981][  0]LogDerivedDataCache: FDerivedDataBackendGraph:  Pak pak cache file C:/Users/nathan/Desktop/ChimeraGames/Abyss/DerivedDataCache/DDC.ddp not found, will not use a pak cache.
[2017.02.19-03.27.23:981][  0]LogDerivedDataCache: Unable to find inner node Pak for hierarchical cache Hierarchy.
[2017.02.19-03.27.23:981][  0]LogDerivedDataCache: FDerivedDataBackendGraph:  CompressedPak pak cache file C:/Users/nathan/Desktop/ChimeraGames/Abyss/DerivedDataCache/Compressed.ddp not found, will not use a pak cache.
[2017.02.19-03.27.23:981][  0]LogDerivedDataCache: Unable to find inner node CompressedPak for hierarchical cache Hierarchy.
[2017.02.19-03.27.24:051][  0]LogDerivedDataCache:Display: Pak cache opened for reading ../../../Engine/DerivedDataCache/Compressed.ddp.
[2017.02.19-03.27.24:064][  0]LogDerivedDataCache: Using Local data cache path C:/Users/nathan/AppData/Local/UnrealEngine/Common/DerivedDataCache: Writable
[2017.02.19-03.27.27:712][  0]LogAssetRegistry: FAssetRegistry took 0.0002 seconds to start up
[2017.02.19-03.27.27:761][  0]LogPackageLocalizationCache: Processed 3 localized package path(s) for 2 prioritized culture(s) in 0.048538 seconds
[2017.02.19-03.27.27:977][  0]LogInit: Selected Device Profile: [Windows]
[2017.02.19-03.27.27:988][  0]LogContentStreaming: Texture pool size is 1000.00 MB
[2017.02.19-03.27.28:206][  0]LogMeshUtilities: No automatic mesh reduction module available
[2017.02.19-03.27.28:206][  0]LogMeshUtilities: No automatic mesh merging module available
[2017.02.19-03.27.28:206][  0]LogMeshUtilities: No distributed automatic mesh merging module available
[2017.02.19-03.27.28:818][  0]LogMaterial: Uniform references updated for custom material expression Custom.
[2017.02.19-03.27.30:863][  0]LogNetVersion: GetLocalNetworkVersion: CL: 3106830, ProjectName: abyss, ProjectVersion: , EngineNetworkVersion: 1, GameNetworkVersion: 0, NetworkChecksum: 3721668909
[2017.02.19-03.27.30:918][  0]LogInit: WinSock: version 1.1 (2.2), MaxSocks=32767, MaxUdp=65467
[2017.02.19-03.27.37:642][  0]LogSlate: SlateFontCache - WITH_FREETYPE: 1, WITH_HARFBUZZ: 1
[2017.02.19-03.27.37:642][  0]LogSlate: SlateFontCache - WITH_FREETYPE: 1, WITH_HARFBUZZ: 1
[2017.02.19-03.27.39:966][  0]LogMoviePlayer: Initializing movie player
[2017.02.19-03.27.40:072][  0]LogWindowsMoviePlayer: Unable to load movie: C:/Users/nathan/Desktop/ChimeraGames/Abyss/Content/Movies/Default_Startup.mp4
[2017.02.19-03.27.41:394][  0]SourceControl: Info Source control is disabled
[2017.02.19-03.27.41:394][  0]SourceControl: Info Source control is disabled
[2017.02.19-03.27.41:583][  0]SourceControl: Info Source control is disabled
[2017.02.19-03.27.42:825][  0]LogUObjectArray: 32656 objects as part of root set at end of initial load.
[2017.02.19-03.27.42:825][  0]LogUObjectAllocator: 7245032 out of 0 bytes used by permanent object pool.
[2017.02.19-03.27.42:825][  0]LogUObjectArray: CloseDisregardForGC: 0/0 objects in disregard for GC pool
[2017.02.19-03.27.43:337][  0]LogEngine: Initializing Engine...
[2017.02.19-03.27.43:338][  0]LogHMD: Failed to initialize OpenVR with code 110
[2017.02.19-03.27.43:895][  0]LogInit: XAudio2 using 'Speakers (Realtek High Definition Audio)' : 2 channels at 48 kHz using 32 bits per sample (channel mask 0x3)
[2017.02.19-03.27.43:925][  0]LogInit: FAudioDevice initialized.
[2017.02.19-03.27.43:991][  0]LogDerivedDataCache: Saved boot cache 0.07s 62MB C:/Users/nathan/AppData/Local/UnrealEngine/4.13/DerivedDataCache/Boot.ddc.
[2017.02.19-03.27.44:006][  0]LogInit: Texture streaming: Enabled
[2017.02.19-03.27.44:836][  0]LogInit:Display: Game Engine Initialized.
[2017.02.19-03.27.45:065][  0]LogInit:Display: Starting Game.
[2017.02.19-03.27.45:065][  0]LogNet: Browse: /Engine/Maps/Entry?Name=Player
[2017.02.19-03.27.45:065][  0]LogLoad: LoadMap: /Engine/Maps/Entry?Name=Player
[2017.02.19-03.27.45:099][  0]LogMemory: Platform Memory Stats for Windows
[2017.02.19-03.27.45:099][  0]LogMemory: Process Physical Memory: 689.66 MB used, 722.59 MB peak
[2017.02.19-03.27.45:099][  0]LogMemory: Process Virtual Memory: 739.21 MB used, 775.02 MB peak
[2017.02.19-03.27.45:099][  0]LogMemory: Physical Memory: 6558.49 MB used, 16341.69 MB total
[2017.02.19-03.27.45:099][  0]LogMemory: Virtual Memory: 1357.70 MB used, 134217728.00 MB total
[2017.02.19-03.27.45:099][  0]LogMemory: 
[2017.02.19-03.27.45:099][  0]Allocator Stats for TBB: (not implemented)
[2017.02.19-03.27.45:312][  0]LogAIModule: Creating AISystem for world TheWorld
[2017.02.19-03.27.45:312][  0]LogWorld: Game class is 'GameMode'
[2017.02.19-03.27.45:316][  0]LogWorld: Bringing World /Engine/Maps/Entry.TheWorld up for play (max tick rate 0) at 2017.02.18-22.27.45
[2017.02.19-03.27.45:316][  0]LogWorld: Bringing up level for play took: 0.001964
[2017.02.19-03.27.45:319][  0]LogGameMode:Display: Match State Changed from EnteringMap to WaitingToStart
[2017.02.19-03.27.45:319][  0]LogGameState: Match State Changed from EnteringMap to WaitingToStart
[2017.02.19-03.27.45:319][  0]LogGameMode:Display: Match State Changed from WaitingToStart to InProgress
[2017.02.19-03.27.45:321][  0]LogGameState: Match State Changed from WaitingToStart to InProgress
[2017.02.19-03.27.45:321][  0]LogLoad: Took 0.255333 seconds to LoadMap(/Engine/Maps/Entry)
[2017.02.19-03.27.45:709][  0]LogLoad: (Engine Initialization) Total time: 31.12 seconds
[2017.02.19-03.27.45:709][  0]LogLoad: (Engine Initialization) Total Blueprint compile time: 0.23 seconds
[2017.02.19-03.27.45:709][  0]LogExternalProfiler: Found external profiler: VSPerf
[2017.02.19-03.27.45:709][  0]LogExternalProfiler: Using external profiler: VSPerf
[2017.02.19-03.27.45:727][  0]LogOcInput: OculusInput pre-init called
[2017.02.19-03.27.45:821][  0]LogRenderer: Reallocating scene render targets to support 128x128 (Frame:1).
[2017.02.19-03.27.45:942][  1]LogRenderer: Reallocating scene render targets to support 1280x720 (Frame:2).
[2017.02.19-03.28.26:616][505]LogWindowsTextInputMethodSystem:Display: IME system now deactivated.
[2017.02.19-03.28.26:626][505]LogEngine: All Windows Closed
[2017.02.19-03.28.26:626][505]LogWindows: FPlatformMisc::RequestExit(0)
[2017.02.19-03.28.26:626][506]LogMoviePlayer: Shutting down movie player
[2017.02.19-03.28.27:391][506]LogExit: Preparing to exit.
[2017.02.19-03.28.27:472][506]LogExit: Game engine shut down
[2017.02.19-03.28.27:605][506]LogObj: Freed 0b from 0 cluster array pools.
[2017.02.19-03.28.27:605][506]LogExit: Object subsystem successfully closed.
[2017.02.19-03.28.27:626][506]LogD3D11RHI: Shutdown
[2017.02.19-03.28.27:626][506]LogD3D11RHI: CleanupD3DDevice
[2017.02.19-03.28.27:727][506]LogD3D11RHI: ~FD3D11DynamicRHI
[2017.02.19-03.28.27:735][506]LogModuleManager: Shutting down and abandoning module SequenceRecorderSections (119)
[2017.02.19-03.28.27:735][506]LogModuleManager: Shutting down and abandoning module SequenceRecorder (118)
[2017.02.19-03.28.27:735][506]LogModuleManager: Shutting down and abandoning module AutomationController (117)
[2017.02.19-03.28.27:735][506]LogModuleManager: Shutting down and abandoning module AutomationWorker (116)
[2017.02.19-03.28.27:735][506]LogModuleManager: Shutting down and abandoning module GameplayDebugger (115)
[2017.02.19-03.28.27:735][506]LogModuleManager: Shutting down and abandoning module AITestSuite (114)
[2017.02.19-03.28.27:735][506]LogModuleManager: Shutting down and abandoning module AIModule (113)
[2017.02.19-03.28.27:735][506]LogModuleManager: Shutting down and abandoning module WmfMediaFactory (112)
[2017.02.19-03.28.27:735][506]LogModuleManager: Shutting down and abandoning module AvfMediaFactory (111)
[2017.02.19-03.28.27:735][506]LogModuleManager: Shutting down and abandoning module Media (110)
[2017.02.19-03.28.27:735][506]LogModuleManager: Shutting down and abandoning module AndroidMediaFactory (109)
[2017.02.19-03.28.27:735][506]LogModuleManager: Shutting down and abandoning module CharacterAI (108)
[2017.02.19-03.28.27:735][506]LogModuleManager: Shutting down and abandoning module SessionServices (107)
[2017.02.19-03.28.27:736][506]LogModuleManager: Shutting down and abandoning module MovieSceneCapture (106)
[2017.02.19-03.28.27:736][506]LogModuleManager: Shutting down and abandoning module Niagara (105)
[2017.02.19-03.28.27:736][506]LogModuleManager: Shutting down and abandoning module StreamingPauseRendering (104)
[2017.02.19-03.28.27:736][506]LogModuleManager: Shutting down and abandoning module PortalServices (103)
[2017.02.19-03.28.27:736][506]LogModuleManager: Shutting down and abandoning module PortalRpc (102)
[2017.02.19-03.28.27:736][506]LogModuleManager: Shutting down and abandoning module MessagingRpc (101)
[2017.02.19-03.28.27:736][506]LogModuleManager: Shutting down and abandoning module ProfilerService (100)
[2017.02.19-03.28.27:840][506]LogModuleManager: Shutting down and abandoning module TaskGraph (99)
[2017.02.19-03.28.27:840][506]LogModuleManager: Shutting down and abandoning module SlateRemote (98)
[2017.02.19-03.28.27:840][506]LogModuleManager: Shutting down and abandoning module SteamVRController (97)
[2017.02.19-03.28.27:840][506]LogModuleManager: Shutting down and abandoning module SteamVR (96)
[2017.02.19-03.28.27:840][506]LogModuleManager: Shutting down and abandoning module ProceduralMeshComponent (95)
[2017.02.19-03.28.27:840][506]LogModuleManager: Shutting down and abandoning module OculusLibrary (94)
[2017.02.19-03.28.27:840][506]LogModuleManager: Shutting down and abandoning module OculusInput (93)
[2017.02.19-03.28.27:840][506]LogModuleManager: Shutting down and abandoning module CustomMeshComponent (92)
[2017.02.19-03.28.27:840][506]LogModuleManager: Shutting down and abandoning module CableComponent (91)
[2017.02.19-03.28.27:840][506]LogModuleManager: Shutting down and abandoning module ArchVisCharacter (90)
[2017.02.19-03.28.27:840][506]LogModuleManager: Shutting down and abandoning module HTML5Networking (88)
[2017.02.19-03.28.27:840][506]LogModuleManager: Shutting down and abandoning module DesktopPlatform (87)
[2017.02.19-03.28.27:840][506]LogModuleManager: Shutting down and abandoning module DirectoryWatcher (86)
[2017.02.19-03.28.27:840][506]LogModuleManager: Shutting down and abandoning module HotReload (85)
[2017.02.19-03.28.27:840][506]LogModuleManager: Shutting down and abandoning module VisualStudioSourceCodeAccess (84)
[2017.02.19-03.28.27:840][506]LogModuleManager: Shutting down and abandoning module UObjectPlugin (83)
[2017.02.19-03.28.27:840][506]LogModuleManager: Shutting down and abandoning module SubversionSourceControl (82)
[2017.02.19-03.28.27:840][506]LogModuleManager: Shutting down and abandoning module SourceControl (81)
[2017.02.19-03.28.27:840][506]LogModuleManager: Shutting down and abandoning module PerforceSourceControl (80)
[2017.02.19-03.28.27:840][506]LogModuleManager: Shutting down and abandoning module UdpMessaging (79)
[2017.02.19-03.28.27:840][506]LogModuleManager: Shutting down and abandoning module TcpMessaging (78)
[2017.02.19-03.28.27:840][506]LogModuleManager: Shutting down and abandoning module LightPropagationVolumeRuntime (77)
[2017.02.19-03.28.27:840][506]LogModuleManager: Shutting down and abandoning module Paper2D (76)
[2017.02.19-03.28.27:840][506]LogModuleManager: Shutting down and abandoning module WindowsMoviePlayer (75)
[2017.02.19-03.28.27:841][506]LogModuleManager: Shutting down and abandoning module WmfMedia (74)
[2017.02.19-03.28.27:841][506]LogModuleManager: Shutting down and abandoning module MediaAssets (73)
[2017.02.19-03.28.27:841][506]LogModuleManager: Shutting down and abandoning module GameLiveStreaming (72)
[2017.02.19-03.28.27:841][506]LogModuleManager: Shutting down and abandoning module GameplayTagsEditor (71)
[2017.02.19-03.28.27:841][506]LogModuleManager: Shutting down and abandoning module VREditor (70)
[2017.02.19-03.28.27:841][506]LogModuleManager: Shutting down and abandoning module GameplayTasksEditor (69)
[2017.02.19-03.28.27:841][506]LogModuleManager: Shutting down and abandoning module PropertyEditor (68)
[2017.02.19-03.28.27:842][506]LogModuleManager: Shutting down and abandoning module BehaviorTreeEditor (67)
[2017.02.19-03.28.27:842][506]LogModuleManager: Shutting down and abandoning module FunctionalTesting (66)
[2017.02.19-03.28.27:842][506]LogModuleManager: Shutting down and abandoning module CollisionAnalyzer (65)
[2017.02.19-03.28.27:842][506]LogModuleManager: Shutting down and abandoning module Sequencer (64)
[2017.02.19-03.28.27:842][506]LogModuleManager: Shutting down and abandoning module WorkspaceMenuStructure (63)
[2017.02.19-03.28.27:842][506]LogModuleManager: Shutting down and abandoning module MessageLog (62)
[2017.02.19-03.28.27:842][506]LogModuleManager: Shutting down and abandoning module AssetTools (61)
[2017.02.19-03.28.27:842][506]LogModuleManager: Shutting down and abandoning module UMGEditor (60)
[2017.02.19-03.28.27:842][506]LogModuleManager: Shutting down and abandoning module UMG (59)
[2017.02.19-03.28.27:842][506]LogModuleManager: Shutting down and abandoning module SlateReflector (58)
[2017.02.19-03.28.27:842][506]LogModuleManager: Shutting down and abandoning module Slate (57)
[2017.02.19-03.28.27:842][506]LogModuleManager: Shutting down and abandoning module EditorStyle (56)
[2017.02.19-03.28.27:844][506]LogModuleManager: Shutting down and abandoning module Messaging (55)
[2017.02.19-03.28.27:844][506]LogModuleManager: Shutting down and abandoning module SourceCodeAccess (54)
[2017.02.19-03.28.27:844][506]LogModuleManager: Shutting down and abandoning module HeadMountedDisplay (53)
[2017.02.19-03.28.27:844][506]LogModuleManager: Shutting down and abandoning module XAudio2 (52)
[2017.02.19-03.28.27:844][506]LogModuleManager: Shutting down and abandoning module Networking (50)
[2017.02.19-03.28.27:844][506]LogModuleManager: Shutting down and abandoning module Core (49)
[2017.02.19-03.28.27:844][506]LogModuleManager: Shutting down and abandoning module KismetCompiler (48)
[2017.02.19-03.28.27:844][506]LogModuleManager: Shutting down and abandoning module PhysXFormats (47)
[2017.02.19-03.28.27:844][506]LogModuleManager: Shutting down and abandoning module MeshUtilities (46)
[2017.02.19-03.28.27:844][506]LogModuleManager: Shutting down and abandoning module AssetRegistry (45)
[2017.02.19-03.28.27:844][506]LogModuleManager: Shutting down and abandoning module DerivedDataCache (44)
[2017.02.19-03.28.28:119][506]LogDerivedDataCache: Shutdown
[2017.02.19-03.28.28:119][506]LogModuleManager: Shutting down and abandoning module VulkanShaderFormat (43)
[2017.02.19-03.28.28:119][506]LogModuleManager: Shutting down and abandoning module ShaderFormatOpenGL (42)
[2017.02.19-03.28.28:119][506]LogModuleManager: Shutting down and abandoning module ShaderFormatD3D (41)
[2017.02.19-03.28.28:119][506]LogModuleManager: Shutting down and abandoning module MetalShaderFormat (40)
[2017.02.19-03.28.28:119][506]LogModuleManager: Shutting down and abandoning module TextureFormatUncompressed (39)
[2017.02.19-03.28.28:119][506]LogModuleManager: Shutting down and abandoning module TextureFormatPVR (38)
[2017.02.19-03.28.28:119][506]LogModuleManager: Shutting down and abandoning module TextureFormatDXT (37)
[2017.02.19-03.28.28:119][506]LogModuleManager: Shutting down and abandoning module TextureFormatIntelISPCTexComp (36)
[2017.02.19-03.28.28:120][506]LogModuleManager: Shutting down and abandoning module ImageWrapper (35)
[2017.02.19-03.28.28:120][506]LogModuleManager: Shutting down and abandoning module TextureFormatASTC (34)
[2017.02.19-03.28.28:120][506]LogModuleManager: Shutting down and abandoning module TextureFormatAndroid (33)
[2017.02.19-03.28.28:120][506]LogModuleManager: Shutting down and abandoning module AudioFormatOpus (32)
[2017.02.19-03.28.28:120][506]LogModuleManager: Shutting down and abandoning module AudioFormatOgg (31)
[2017.02.19-03.28.28:120][506]LogModuleManager: Shutting down and abandoning module AudioFormatADPCM (30)
[2017.02.19-03.28.28:120][506]LogModuleManager: Shutting down and abandoning module WindowsTargetPlatform (29)
[2017.02.19-03.28.28:120][506]LogModuleManager: Shutting down and abandoning module WindowsServerTargetPlatform (28)
[2017.02.19-03.28.28:120][506]LogModuleManager: Shutting down and abandoning module WindowsNoEditorTargetPlatform (27)
[2017.02.19-03.28.28:120][506]LogModuleManager: Shutting down and abandoning module WindowsClientTargetPlatform (26)
[2017.02.19-03.28.28:120][506]LogModuleManager: Shutting down and abandoning module TargetPlatform (25)
[2017.02.19-03.28.28:120][506]LogModuleManager: Shutting down and abandoning module InputCore (24)
[2017.02.19-03.28.28:120][506]LogModuleManager: Shutting down and abandoning module Settings (23)
[2017.02.19-03.28.28:120][506]LogModuleManager: Shutting down and abandoning module OculusRift (22)
[2017.02.19-03.28.28:120][506]LogModuleManager: Shutting down and abandoning module GearVR (21)
[2017.02.19-03.28.28:120][506]LogModuleManager: Shutting down and abandoning module ExampleDeviceProfileSelector (20)
[2017.02.19-03.28.28:120][506]LogModuleManager: Shutting down and abandoning module OnlineBlueprintSupport (19)
[2017.02.19-03.28.28:120][506]LogModuleManager: Shutting down and abandoning module OnlineSubsystem (17)
[2017.02.19-03.28.28:120][506]LogOnline:Display: Unloading online subsystem: NULL
[2017.02.19-03.28.28:120][506]LogModuleManager: Shutting down and abandoning module HTTP (16)
[2017.02.19-03.28.28:140][506]LogModuleManager: Shutting down and abandoning module XMPP (15)
[2017.02.19-03.28.28:140][506]LogModuleManager: Shutting down and abandoning module TextureCompressor (14)
[2017.02.19-03.28.28:140][506]LogModuleManager: Shutting down and abandoning module ShaderCore (13)
[2017.02.19-03.28.28:141][506]LogModuleManager: Shutting down and abandoning module Landscape (12)
[2017.02.19-03.28.28:141][506]LogModuleManager: Shutting down and abandoning module SlateRHIRenderer (11)
[2017.02.19-03.28.28:141][506]LogModuleManager: Shutting down and abandoning module OpenGLDrv (10)
[2017.02.19-03.28.28:141][506]LogModuleManager: Shutting down and abandoning module D3D11RHI (9)
[2017.02.19-03.28.28:141][506]LogModuleManager: Shutting down and abandoning module AnimGraphRuntime (8)
[2017.02.19-03.28.28:141][506]LogModuleManager: Shutting down and abandoning module Renderer (7)
[2017.02.19-03.28.28:141][506]LogModuleManager: Shutting down and abandoning module Engine (6)
[2017.02.19-03.28.28:141][506]LogModuleManager: Shutting down and abandoning module CoreUObject (5)
[2017.02.19-03.28.28:141][506]LogModuleManager: Shutting down and abandoning module NetworkFile (4)
[2017.02.19-03.28.28:141][506]LogModuleManager: Shutting down and abandoning module StreamingFile (3)
[2017.02.19-03.28.28:141][506]LogModuleManager: Shutting down and abandoning module SandboxFile (2)
[2017.02.19-03.28.28:141][506]LogModuleManager: Shutting down and abandoning module PakFile (1)
[2017.02.19-03.28.28:142][506]LogExit: Exiting.
[2017.02.19-03.28.28:150][506]Log file closed, 02/18/17 22:28:28
