Log file open, 02/21/17 20:59:02
LogInit:Display: Running engine for game: Abyss
LogPlatformFile: Not using cached read wrapper
LogInit:Display: RandInit(14289326) SRandInit(14289326).
LogTaskGraph: Started task graph with 5 named threads and 8 total threads with 1 sets of task threads.
LogStats: Stats thread started at 0.095567
LogPluginManager: Loaded Plugin Paper2D, From D:/UE4/UE_4.14/Engine/Plugins/2D/Paper2D/Paper2D.uplugin
LogPluginManager: Loaded Plugin LightPropagationVolume, From D:/UE4/UE_4.14/Engine/Plugins/Blendables/LightPropagationVolume/LightPropagationVolume.uplugin
LogPluginManager: Loaded Plugin BlankPlugin, From D:/UE4/UE_4.14/Engine/Plugins/Developer/BlankPlugin/BlankPlugin.uplugin
LogPluginManager: Loaded Plugin CodeLiteSourceCodeAccess, From D:/UE4/UE_4.14/Engine/Plugins/Developer/CodeLiteSourceCodeAccess/CodeLiteSourceCodeAccess.uplugin
LogPluginManager: Loaded Plugin GitSourceControl, From D:/UE4/UE_4.14/Engine/Plugins/Developer/GitSourceControl/GitSourceControl.uplugin
LogPluginManager: Loaded Plugin KDevelopSourceCodeAccess, From D:/UE4/UE_4.14/Engine/Plugins/Developer/KDevelopSourceCodeAccess/KDevelopSourceCodeAccess.uplugin
LogPluginManager: Loaded Plugin NullSourceCodeAccess, From D:/UE4/UE_4.14/Engine/Plugins/Developer/NullSourceCodeAccess/NullSourceCodeAccess.uplugin
LogPluginManager: Loaded Plugin OneSkyLocalizationService, From D:/UE4/UE_4.14/Engine/Plugins/Developer/OneSkyLocalizationService/OneSkyLocalizationService.uplugin
LogPluginManager: Loaded Plugin PerforceSourceControl, From D:/UE4/UE_4.14/Engine/Plugins/Developer/PerforceSourceControl/PerforceSourceControl.uplugin
LogPluginManager: Loaded Plugin SubversionSourceControl, From D:/UE4/UE_4.14/Engine/Plugins/Developer/SubversionSourceControl/SubversionSourceControl.uplugin
LogPluginManager: Loaded Plugin UObjectPlugin, From D:/UE4/UE_4.14/Engine/Plugins/Developer/UObjectPlugin/UObjectPlugin.uplugin
LogPluginManager: Loaded Plugin VisualStudioSourceCodeAccess, From D:/UE4/UE_4.14/Engine/Plugins/Developer/VisualStudioSourceCodeAccess/VisualStudioSourceCodeAccess.uplugin
LogPluginManager: Loaded Plugin XCodeSourceCodeAccess, From D:/UE4/UE_4.14/Engine/Plugins/Developer/XCodeSourceCodeAccess/XCodeSourceCodeAccess.uplugin
LogPluginManager: Loaded Plugin AudioCapture, From D:/UE4/UE_4.14/Engine/Plugins/Editor/AudioCapture/AudioCapture.uplugin
LogPluginManager: Loaded Plugin EpicSurvey, From D:/UE4/UE_4.14/Engine/Plugins/Editor/EpicSurvey/EpicSurvey.uplugin
LogPluginManager: Loaded Plugin MacGraphicsSwitching, From D:/UE4/UE_4.14/Engine/Plugins/Editor/MacGraphicsSwitching/MacGraphicsSwitching.uplugin
LogPluginManager: Loaded Plugin MobileLauncherProfileWizard, From D:/UE4/UE_4.14/Engine/Plugins/Editor/MobileLauncherProfileWizard/MobileLauncherProfileWizard.uplugin
LogPluginManager: Loaded Plugin PluginBrowser, From D:/UE4/UE_4.14/Engine/Plugins/Editor/PluginBrowser/PluginBrowser.uplugin
LogPluginManager: Loaded Plugin SpeedTreeImporter, From D:/UE4/UE_4.14/Engine/Plugins/Editor/SpeedTreeImporter/SpeedTreeImporter.uplugin
LogPluginManager: Loaded Plugin SuperSearchEditor, From D:/UE4/UE_4.14/Engine/Plugins/Editor/SuperSearchEditor/SuperSearchEditor.uplugin
LogPluginManager: Loaded Plugin AlembicImporter, From D:/UE4/UE_4.14/Engine/Plugins/Experimental/AlembicImporter/AlembicImporter.uplugin
LogPluginManager: Loaded Plugin BlueprintStats, From D:/UE4/UE_4.14/Engine/Plugins/Experimental/BlueprintStats/BlueprintStats.uplugin
LogPluginManager: Loaded Plugin CharacterAI, From D:/UE4/UE_4.14/Engine/Plugins/Experimental/CharacterAI/CharacterAI.uplugin
LogPluginManager: Loaded Plugin CodeEditor, From D:/UE4/UE_4.14/Engine/Plugins/Experimental/CodeEditor/CodeEditor.uplugin
LogPluginManager: Loaded Plugin CodeView, From D:/UE4/UE_4.14/Engine/Plugins/Experimental/CodeView/CodeView.uplugin
LogPluginManager: Loaded Plugin HTML5Networking, From D:/UE4/UE_4.14/Engine/Plugins/Experimental/HTML5Networking/HTML5Networking.uplugin
LogPluginManager: Loaded Plugin OSVR, From D:/UE4/UE_4.14/Engine/Plugins/Experimental/OSVR/OSVR.uplugin
LogPluginManager: Loaded Plugin Phya, From D:/UE4/UE_4.14/Engine/Plugins/Experimental/Phya/Phya.uplugin
LogPluginManager: Loaded Plugin SignificanceManager, From D:/UE4/UE_4.14/Engine/Plugins/Experimental/SignificanceManager/SignificanceManager.uplugin
LogPluginManager: Loaded Plugin SimpleHMD, From D:/UE4/UE_4.14/Engine/Plugins/Experimental/SimpleHMD/SimpleHMD.uplugin
LogPluginManager: Loaded Plugin StereoPanorama, From D:/UE4/UE_4.14/Engine/Plugins/Experimental/StereoPanorama/StereoPanorama.uplugin
LogPluginManager: Loaded Plugin StructBox, From D:/UE4/UE_4.14/Engine/Plugins/Experimental/StructBox/StructBox.uplugin
LogPluginManager: Loaded Plugin AndroidMedia, From D:/UE4/UE_4.14/Engine/Plugins/Media/AndroidMedia/AndroidMedia.uplugin
LogPluginManager: Loaded Plugin AvfMedia, From D:/UE4/UE_4.14/Engine/Plugins/Media/AvfMedia/AvfMedia.uplugin
LogPluginManager: Loaded Plugin MediaPlayerEditor, From D:/UE4/UE_4.14/Engine/Plugins/Media/MediaPlayerEditor/MediaPlayerEditor.uplugin
LogPluginManager: Loaded Plugin WmfMedia, From D:/UE4/UE_4.14/Engine/Plugins/Media/WmfMedia/WmfMedia.uplugin
LogPluginManager: Loaded Plugin MessagingDebugger, From D:/UE4/UE_4.14/Engine/Plugins/Messaging/MessagingDebugger/MessagingDebugger.uplugin
LogPluginManager: Loaded Plugin TcpMessaging, From D:/UE4/UE_4.14/Engine/Plugins/Messaging/TcpMessaging/TcpMessaging.uplugin
LogPluginManager: Loaded Plugin UdpMessaging, From D:/UE4/UE_4.14/Engine/Plugins/Messaging/UdpMessaging/UdpMessaging.uplugin
LogPluginManager: Loaded Plugin LevelSequenceEditor, From D:/UE4/UE_4.14/Engine/Plugins/MovieScene/LevelSequenceEditor/LevelSequenceEditor.uplugin
LogPluginManager: Loaded Plugin MatineeToLevelSequence, From D:/UE4/UE_4.14/Engine/Plugins/MovieScene/MatineeToLevelSequence/MatineeToLevelSequence.uplugin
LogPluginManager: Loaded Plugin NetcodeUnitTest, From D:/UE4/UE_4.14/Engine/Plugins/NetcodeUnitTest/NetcodeUnitTest/NetcodeUnitTest.uplugin
LogPluginManager: Loaded Plugin NUTUnrealEngine4, From D:/UE4/UE_4.14/Engine/Plugins/NetcodeUnitTest/NUTUnrealEngine4/NUTUnrealEngine4.uplugin
LogPluginManager: Loaded Plugin OnlineSubsystemGameCircle, From D:/UE4/UE_4.14/Engine/Plugins/Online/Android/OnlineSubsystemGameCircle/OnlineSubsystemGameCircle.uplugin
LogPluginManager: Loaded Plugin OnlineSubsystemGooglePlay, From D:/UE4/UE_4.14/Engine/Plugins/Online/Android/OnlineSubsystemGooglePlay/OnlineSubsystemGooglePlay.uplugin
LogPluginManager: Loaded Plugin OnlineSubsystemIOS, From D:/UE4/UE_4.14/Engine/Plugins/Online/IOS/OnlineSubsystemIOS/OnlineSubsystemIOS.uplugin
LogPluginManager: Loaded Plugin OnlineFramework, From D:/UE4/UE_4.14/Engine/Plugins/Online/OnlineFramework/OnlineFramework.uplugin
LogPluginManager: Loaded Plugin OnlineSubsystem, From D:/UE4/UE_4.14/Engine/Plugins/Online/OnlineSubsystem/OnlineSubsystem.uplugin
LogPluginManager: Loaded Plugin OnlineSubsystemAmazon, From D:/UE4/UE_4.14/Engine/Plugins/Online/OnlineSubsystemAmazon/OnlineSubsystemAmazon.uplugin
LogPluginManager: Loaded Plugin OnlineSubsystemFacebook, From D:/UE4/UE_4.14/Engine/Plugins/Online/OnlineSubsystemFacebook/OnlineSubsystemFacebook.uplugin
LogPluginManager: Loaded Plugin OnlineSubsystemNull, From D:/UE4/UE_4.14/Engine/Plugins/Online/OnlineSubsystemNull/OnlineSubsystemNull.uplugin
LogPluginManager: Loaded Plugin OnlineSubsystemOculus, From D:/UE4/UE_4.14/Engine/Plugins/Online/OnlineSubsystemOculus/OnlineSubsystemOculus.uplugin
LogPluginManager: Loaded Plugin OnlineSubsystemSteam, From D:/UE4/UE_4.14/Engine/Plugins/Online/OnlineSubsystemSteam/OnlineSubsystemSteam.uplugin
LogPluginManager: Loaded Plugin OnlineSubsystemUtils, From D:/UE4/UE_4.14/Engine/Plugins/Online/OnlineSubsystemUtils/OnlineSubsystemUtils.uplugin
LogPluginManager: Loaded Plugin IOSTapJoy, From D:/UE4/UE_4.14/Engine/Plugins/Runtime/Advertising/IOSTapJoy/IOSTapJoy.uplugin
LogPluginManager: Loaded Plugin AnalyticsBlueprintLibrary, From D:/UE4/UE_4.14/Engine/Plugins/Runtime/Analytics/AnalyticsBlueprintLibrary/AnalyticsBlueprintLibrary.uplugin
LogPluginManager: Loaded Plugin AnalyticsMulticast, From D:/UE4/UE_4.14/Engine/Plugins/Runtime/Analytics/AnalyticsMulticast/AnalyticsMulticast.uplugin
LogPluginManager: Loaded Plugin Apsalar, From D:/UE4/UE_4.14/Engine/Plugins/Runtime/Analytics/Apsalar/Apsalar.uplugin
LogPluginManager: Loaded Plugin FileLogging, From D:/UE4/UE_4.14/Engine/Plugins/Runtime/Analytics/FileLogging/FileLogging.uplugin
LogPluginManager: Loaded Plugin Flurry, From D:/UE4/UE_4.14/Engine/Plugins/Runtime/Analytics/Flurry/Flurry.uplugin
LogPluginManager: Loaded Plugin AndroidDeviceProfileSelector, From D:/UE4/UE_4.14/Engine/Plugins/Runtime/AndroidDeviceProfileSelector/AndroidDeviceProfileSelector.uplugin
LogPluginManager: Loaded Plugin AndroidMoviePlayer, From D:/UE4/UE_4.14/Engine/Plugins/Runtime/AndroidMoviePlayer/AndroidMoviePlayer.uplugin
LogPluginManager: Loaded Plugin AppleMoviePlayer, From D:/UE4/UE_4.14/Engine/Plugins/Runtime/AppleMoviePlayer/AppleMoviePlayer.uplugin
LogPluginManager: Loaded Plugin ArchVisCharacter, From D:/UE4/UE_4.14/Engine/Plugins/Runtime/ArchVisCharacter/ArchVisCharacter.uplugin
LogPluginManager: Loaded Plugin CableComponent, From D:/UE4/UE_4.14/Engine/Plugins/Runtime/CableComponent/CableComponent.uplugin
LogPluginManager: Loaded Plugin CustomMeshComponent, From D:/UE4/UE_4.14/Engine/Plugins/Runtime/CustomMeshComponent/CustomMeshComponent.uplugin
LogPluginManager: Loaded Plugin ExampleDeviceProfileSelector, From D:/UE4/UE_4.14/Engine/Plugins/Runtime/ExampleDeviceProfileSelector/ExampleDeviceProfileSelector.uplugin
LogPluginManager: Loaded Plugin GearVR, From D:/UE4/UE_4.14/Engine/Plugins/Runtime/GearVR/GearVR.uplugin
LogPluginManager: Loaded Plugin GoogleVRController, From D:/UE4/UE_4.14/Engine/Plugins/Runtime/GoogleVR/GoogleVRController/GoogleVRController.uplugin
LogPluginManager: Loaded Plugin GoogleVRHMD, From D:/UE4/UE_4.14/Engine/Plugins/Runtime/GoogleVR/GoogleVRHMD/GoogleVRHMD.uplugin
LogPluginManager: Loaded Plugin IOSDeviceProfileSelector, From D:/UE4/UE_4.14/Engine/Plugins/Runtime/IOSDeviceProfileSelector/IOSDeviceProfileSelector.uplugin
LogPluginManager: Loaded Plugin LeapMotion, From D:/UE4/UE_4.14/Engine/Plugins/Runtime/LeapMotion/LeapMotion.uplugin
LogPluginManager: Loaded Plugin LinuxDeviceProfileSelector, From D:/UE4/UE_4.14/Engine/Plugins/Runtime/LinuxDeviceProfileSelector/LinuxDeviceProfileSelector.uplugin
LogPluginManager: Loaded Plugin MIDIDevice, From D:/UE4/UE_4.14/Engine/Plugins/Runtime/MIDIDevice/MIDIDevice.uplugin
LogPluginManager: Loaded Plugin MobilePatchingUtils, From D:/UE4/UE_4.14/Engine/Plugins/Runtime/MobilePatchingUtils/MobilePatchingUtils.uplugin
LogPluginManager: Loaded Plugin Ansel, From D:/UE4/UE_4.14/Engine/Plugins/Runtime/Nvidia/Ansel/Ansel.uplugin
LogPluginManager: Loaded Plugin OculusAudio, From D:/UE4/UE_4.14/Engine/Plugins/Runtime/OculusAudio/OculusAudio.uplugin
LogPluginManager: Loaded Plugin OculusInput, From D:/UE4/UE_4.14/Engine/Plugins/Runtime/OculusInput/OculusInput.uplugin
LogPluginManager: Loaded Plugin OculusLibrary, From D:/UE4/UE_4.14/Engine/Plugins/Runtime/OculusLibrary/OculusLibrary.uplugin
LogPluginManager: Loaded Plugin OculusRift, From D:/UE4/UE_4.14/Engine/Plugins/Runtime/OculusRift/OculusRift.uplugin
LogPluginManager: Loaded Plugin Oodle, From D:/UE4/UE_4.14/Engine/Plugins/Runtime/PacketHandlers/CompressionComponents/Oodle/Oodle.uplugin
LogPluginManager: Loaded Plugin ProceduralMeshComponent, From D:/UE4/UE_4.14/Engine/Plugins/Runtime/ProceduralMeshComponent/ProceduralMeshComponent.uplugin
LogPluginManager: Loaded Plugin SoundMod, From D:/UE4/UE_4.14/Engine/Plugins/Runtime/SoundMod/SoundMod.uplugin
LogPluginManager: Loaded Plugin SoundVisualizations, From D:/UE4/UE_4.14/Engine/Plugins/Runtime/SoundVisualizations/SoundVisualizations.uplugin
LogPluginManager: Loaded Plugin SteamController, From D:/UE4/UE_4.14/Engine/Plugins/Runtime/Steam/SteamController/SteamController.uplugin
LogPluginManager: Loaded Plugin SteamVR, From D:/UE4/UE_4.14/Engine/Plugins/Runtime/Steam/SteamVR/SteamVR.uplugin
LogPluginManager: Loaded Plugin WebBrowserWidget, From D:/UE4/UE_4.14/Engine/Plugins/Runtime/WebBrowserWidget/WebBrowserWidget.uplugin
LogPluginManager: Loaded Plugin WindowsDeviceProfileSelector, From D:/UE4/UE_4.14/Engine/Plugins/Runtime/WindowsDeviceProfileSelector/WindowsDeviceProfileSelector.uplugin
LogPluginManager: Loaded Plugin WindowsMoviePlayer, From D:/UE4/UE_4.14/Engine/Plugins/Runtime/WindowsMoviePlayer/WindowsMoviePlayer.uplugin
LogPluginManager: Loaded Plugin ScriptPlugin, From D:/UE4/UE_4.14/Engine/Plugins/ScriptPlugin/ScriptPlugin.uplugin
LogPluginManager: Loaded Plugin SlateRemote, From D:/UE4/UE_4.14/Engine/Plugins/Slate/SlateRemote/SlateRemote.uplugin
LogPluginManager: Loaded Plugin EditorTests, From D:/UE4/UE_4.14/Engine/Plugins/Tests/EditorTests/EditorTests.uplugin
LogPluginManager: Loaded Plugin FbxAutomationTestBuilder, From D:/UE4/UE_4.14/Engine/Plugins/Tests/FbxAutomationTestBuilder/FbxAutomationTestBuilder.uplugin
LogPluginManager: Loaded Plugin FunctionalTestingEditor, From D:/UE4/UE_4.14/Engine/Plugins/Tests/FunctionalTestingEditor/FunctionalTestingEditor.uplugin
LogPluginManager: Loaded Plugin RuntimeTests, From D:/UE4/UE_4.14/Engine/Plugins/Tests/RuntimeTests/RuntimeTests.uplugin
LogPluginManager: Loaded Plugin ScreenshotTools, From D:/UE4/UE_4.14/Engine/Plugins/Tests/ScreenshotTools/ScreenshotTools.uplugin
LogInit: Using libcurl 7.47.1
LogInit:  - built for x86_64-pc-win32
LogInit:  - supports SSL with OpenSSL/1.0.2g
LogInit:  - supports HTTP deflate (compression) using libz 1.2.8
LogInit:  - other features:
LogInit:      CURL_VERSION_SSL
LogInit:      CURL_VERSION_LIBZ
LogInit:      CURL_VERSION_IPV6
LogInit:      CURL_VERSION_ASYNCHDNS
LogInit:      CURL_VERSION_LARGEFILE
LogInit:      CURL_VERSION_IDN
LogInit:  CurlRequestOptions (configurable via config and command line):
LogInit:  - bVerifyPeer = false  - Libcurl will NOT verify peer certificate
LogInit:  - bUseHttpProxy = false  - Libcurl will NOT use HTTP proxy
LogInit:  - bDontReuseConnections = false  - Libcurl will reuse connections
LogInit:  - CertBundlePath = nullptr  - Libcurl will use whatever was configured at build time.
LogInit: Build: ++UE4+Release-4.14-CL-3249277
LogInit: Engine Version: 4.14.3-3249277+++UE4+Release-4.14
LogInit: Compatible Engine Version: 4.14.0-3195953+++UE4+Release-4.14
LogInit: Net CL: 3195953
LogDevObjectVersion: Number of dev versions registered: 13
LogDevObjectVersion:   Dev-Blueprints (B0D832E4-1F89-4F0D-ACCF-7EB736FD4AA2): 7
LogDevObjectVersion:   Dev-Build (E1C64328-A22C-4D53-A36C-8E866417BD8C): 0
LogDevObjectVersion:   Dev-Core (375EC13C-06E4-48FB-B500-84F0262A717E): 1
LogDevObjectVersion:   Dev-Editor (E4B068ED-F494-42E9-A231-DA0B2E46BB41): 8
LogDevObjectVersion:   Dev-Framework (CFFC743F-43B0-4480-9391-14DF171D2073): 17
LogDevObjectVersion:   Dev-Mobile (B02B49B5-BB20-44E9-A304-32B752E40360): 0
LogDevObjectVersion:   Dev-Networking (A4E4105C-59A1-49B5-A7C5-40C4547EDFEE): 0
LogDevObjectVersion:   Dev-Online (39C831C9-5AE6-47DC-9A44-9C173E1C8E7C): 0
LogDevObjectVersion:   Dev-Physics (78F01B33-EBEA-4F98-B9B4-84EACCB95AA2): 0
LogDevObjectVersion:   Dev-Platform (6631380F-2D4D-43E0-8009-CF276956A95A): 0
LogDevObjectVersion:   Dev-Rendering (12F88B9F-8875-4AFC-A67C-D90C383ABD29): 12
LogDevObjectVersion:   Dev-Sequencer (7B5AE74C-D270-4C10-A958-57980B212A5A): 1
LogDevObjectVersion:   Dev-VR (D7296918-1DD6-4BDD-9DE2-64A83CC13884): 0
LogInit: Compiled (64-bit): Jan  6 2017 10:49:43
LogInit: Compiled with Visual C++: 19.00.23026.00
LogInit: Build Configuration: Development
LogInit: Branch Name: ++UE4+Release-4.14
LogInit: Command line: -EpicPortal 
LogInit: Base directory: D:/UE4/UE_4.14/Engine/Binaries/Win64/
LogInit: Installed Engine Build: 1
LogInit: Presizing for max 8388607 objects, including 0 objects not considered by GC, pre-allocating 0 bytes for permanent pool.
LogInit: Object subsystem initialized
[2017.02.22-01.59.03:309][  0]LogInit: Selected Device Profile: [Windows]
[2017.02.22-01.59.03:309][  0]LogInit: Applying CVar settings loaded from the selected device profile: [Windows]
[2017.02.22-01.59.03:321][  0]LogInit: Computer: NATHAN-PC
[2017.02.22-01.59.03:321][  0]LogInit: User: nathan
[2017.02.22-01.59.03:321][  0]LogInit: CPU Page size=65536, Cores=4
[2017.02.22-01.59.03:321][  0]LogInit: High frequency timer resolution =3.897826 MHz
[2017.02.22-01.59.03:321][  0]LogMemory: Memory total: Physical=16.0GB (16GB approx)
[2017.02.22-01.59.03:322][  0]LogMemory: Platform Memory Stats for Windows
[2017.02.22-01.59.03:322][  0]LogMemory: Process Physical Memory: 267.39 MB used, 267.39 MB peak
[2017.02.22-01.59.03:322][  0]LogMemory: Process Virtual Memory: 262.82 MB used, 262.82 MB peak
[2017.02.22-01.59.03:322][  0]LogMemory: Physical Memory: 5442.68 MB used,  10899.02 MB free, 16341.69 MB total
[2017.02.22-01.59.03:322][  0]LogMemory: Virtual Memory: 676.42 MB used,  10899.02 MB free, 134217728.00 MB total
[2017.02.22-01.59.03:362][  0]LogTextLocalizationManager: No specific translations for ('en-US') exist, so ('en') translations will be used.
[2017.02.22-01.59.04:404][  0]LogD3D11RHI: D3D11 adapters:
[2017.02.22-01.59.04:932][  0]LogD3D11RHI:    0. 'NVIDIA GeForce GTX 960' (Feature Level 11_0)
[2017.02.22-01.59.04:932][  0]LogD3D11RHI:       4061/0/8170 MB DedicatedVideo/DedicatedSystem/SharedSystem, Outputs:2, VendorId:0x10de
[2017.02.22-01.59.04:936][  0]LogD3D11RHI:    1. 'Microsoft Basic Render Driver' (Feature Level 11_0)
[2017.02.22-01.59.04:936][  0]LogD3D11RHI:       0/0/8170 MB DedicatedVideo/DedicatedSystem/SharedSystem, Outputs:0, VendorId:0x1414
[2017.02.22-01.59.04:936][  0]LogD3D11RHI: Chosen D3D11 Adapter: 0
[2017.02.22-01.59.04:942][  0]LogD3D11RHI: Creating new Direct3DDevice
[2017.02.22-01.59.04:942][  0]LogD3D11RHI:     GPU DeviceId: 0x1401 (for the marketing name, search the web for "GPU Device Id")
[2017.02.22-01.59.04:942][  0]LogWindows: EnumDisplayDevices:
[2017.02.22-01.59.04:943][  0]LogWindows:    0. 'NVIDIA GeForce GTX 960' (P:1 D:1)
[2017.02.22-01.59.04:943][  0]LogWindows:    1. 'NVIDIA GeForce GTX 960' (P:0 D:1)
[2017.02.22-01.59.04:943][  0]LogWindows:    2. 'NVIDIA GeForce GTX 960' (P:0 D:0)
[2017.02.22-01.59.04:944][  0]LogWindows:    3. 'NVIDIA GeForce GTX 960' (P:0 D:0)
[2017.02.22-01.59.04:944][  0]LogWindows: DebugString: FoundDriverCount:4 
[2017.02.22-01.59.04:944][  0]LogD3D11RHI:     Adapter Name: NVIDIA GeForce GTX 960
[2017.02.22-01.59.04:944][  0]LogD3D11RHI:   Driver Version: 376.53 (internal:21.21.13.7653, unified:376.53)
[2017.02.22-01.59.04:944][  0]LogD3D11RHI:      Driver Date: 12-29-2016
[2017.02.22-01.59.04:944][  0]LogRHI: Texture pool is 1361 MB (70% of 1945 MB)
[2017.02.22-01.59.05:435][  0]LogD3D11RHI: Async texture creation enabled
[2017.02.22-01.59.05:499][  0]LogD3D11RHI: GPU Timing Frequency: 1000.000000 (Debug: 2 1)
[2017.02.22-01.59.05:500][  0]LogShaderCompilers: Guid format shader working directory is 5 characters bigger than the processId version (C:/Users/nathan/Desktop/ChimeraGames/Abyss/Intermediate/Shaders/WorkingDirectory/8464/).
[2017.02.22-01.59.05:501][  0]LogShaderCompilers: Cleaned the shader compiler working directory 'C:/Users/nathan/AppData/Local/Temp/UnrealShaderWorkingDir/2E595CDD421E851FE2D1F8A4E1DDBAA1/'.
[2017.02.22-01.59.05:501][  0]LogShaderCompilers:Display: Using Local Shader Compiler.
[2017.02.22-01.59.07:193][  0]LogTemp:Display: Loaded TP AllDesktopTargetPlatform
[2017.02.22-01.59.07:279][  0]LogTemp:Display: Loaded TP MacClientTargetPlatform
[2017.02.22-01.59.07:366][  0]LogTemp:Display: Loaded TP MacNoEditorTargetPlatform
[2017.02.22-01.59.07:453][  0]LogTemp:Display: Loaded TP MacServerTargetPlatform
[2017.02.22-01.59.07:537][  0]LogTemp:Display: Loaded TP MacTargetPlatform
[2017.02.22-01.59.07:618][  0]LogTemp:Display: Loaded TP WindowsClientTargetPlatform
[2017.02.22-01.59.07:708][  0]LogTemp:Display: Loaded TP WindowsNoEditorTargetPlatform
[2017.02.22-01.59.07:797][  0]LogTemp:Display: Loaded TP WindowsServerTargetPlatform
[2017.02.22-01.59.07:868][  0]LogTemp:Display: Loaded TP WindowsTargetPlatform
[2017.02.22-01.59.07:955][  0]LogTemp:Display: Loaded TP AndroidTargetPlatform
[2017.02.22-01.59.08:055][  0]LogTemp:Display: Loaded TP Android_ASTCTargetPlatform
[2017.02.22-01.59.08:154][  0]LogTemp:Display: Loaded TP Android_ATCTargetPlatform
[2017.02.22-01.59.08:241][  0]LogTemp:Display: Loaded TP Android_DXTTargetPlatform
[2017.02.22-01.59.08:323][  0]LogTemp:Display: Loaded TP Android_ETC1TargetPlatform
[2017.02.22-01.59.08:411][  0]LogTemp:Display: Loaded TP Android_ETC2TargetPlatform
[2017.02.22-01.59.08:589][  0]LogTemp:Display: Loaded TP Android_MultiTargetPlatform
[2017.02.22-01.59.08:589][  0]LogTemp:Display: Loaded TP Android_PVRTCTargetPlatform
[2017.02.22-01.59.08:645][  0]LogTemp:Display: Loaded TP HTML5TargetPlatform
[2017.02.22-01.59.08:761][  0]LogTemp:Display: Loaded TP IOSTargetPlatform
[2017.02.22-01.59.08:809][  0]LogTemp:Display: Loaded TP TVOSTargetPlatform
[2017.02.22-01.59.08:891][  0]LogTemp:Display: Loaded TP LinuxClientTargetPlatform
[2017.02.22-01.59.08:976][  0]LogTemp:Display: Loaded TP LinuxNoEditorTargetPlatform
[2017.02.22-01.59.09:076][  0]LogTemp:Display: Loaded TP LinuxServerTargetPlatform
[2017.02.22-01.59.09:165][  0]LogTemp:Display: Loaded TP LinuxTargetPlatform
[2017.02.22-01.59.09:165][  0]LogTargetPlatformManager:Display: Building Assets For Windows
[2017.02.22-01.59.09:750][  0]LogDerivedDataCache:Display: Max Cache Size: 512 MB
[2017.02.22-01.59.09:859][  0]LogDerivedDataCache: Loaded boot cache 0.11s 50MB C:/Users/nathan/AppData/Local/UnrealEngine/4.14/DerivedDataCache/Boot.ddc.
[2017.02.22-01.59.09:859][  0]LogDerivedDataCache:Display: Loaded Boot cache: C:/Users/nathan/AppData/Local/UnrealEngine/4.14/DerivedDataCache/Boot.ddc
[2017.02.22-01.59.09:859][  0]LogDerivedDataCache: FDerivedDataBackendGraph:  Pak pak cache file C:/Users/nathan/Desktop/ChimeraGames/Abyss/DerivedDataCache/DDC.ddp not found, will not use a pak cache.
[2017.02.22-01.59.09:859][  0]LogDerivedDataCache: Unable to find inner node Pak for hierarchical cache Hierarchy.
[2017.02.22-01.59.09:859][  0]LogDerivedDataCache: FDerivedDataBackendGraph:  CompressedPak pak cache file C:/Users/nathan/Desktop/ChimeraGames/Abyss/DerivedDataCache/Compressed.ddp not found, will not use a pak cache.
[2017.02.22-01.59.09:859][  0]LogDerivedDataCache: Unable to find inner node CompressedPak for hierarchical cache Hierarchy.
[2017.02.22-01.59.09:883][  0]LogDerivedDataCache:Display: Pak cache opened for reading ../../../Engine/DerivedDataCache/Compressed.ddp.
[2017.02.22-01.59.09:895][  0]LogDerivedDataCache: Using Local data cache path C:/Users/nathan/AppData/Local/UnrealEngine/Common/DerivedDataCache: Writable
[2017.02.22-01.59.10:239][  0]LogInit: Selected Device Profile: [Windows]
[2017.02.22-01.59.10:243][  0]LogContentStreaming: Texture pool size is 0.00 MB
[2017.02.22-01.59.10:563][  0]LogMeshUtilities: Using QuadricMeshReduction for automatic static mesh reduction
[2017.02.22-01.59.10:633][  0]LogSimplygon: Simplygon DLL not present - disabling.
[2017.02.22-01.59.10:710][  0]LogMeshUtilities: Using SimplygonSwarm for distributed automatic mesh merging
[2017.02.22-01.59.10:710][  0]LogMeshUtilities: No automatic skeletal mesh reduction module available
[2017.02.22-01.59.10:710][  0]LogMeshUtilities: No automatic mesh merging module available
[2017.02.22-01.59.11:534][  0]LogNetVersion: GetLocalNetworkVersion: CL: 3195953, ProjectName: abyss, ProjectVersion: , EngineNetworkVersion: 2, GameNetworkVersion: 0, NetworkChecksum: 1595127573
[2017.02.22-01.59.11:604][  0]LogAssetRegistry: FAssetRegistry took 0.0225 seconds to start up
[2017.02.22-01.59.11:679][  0]LogPackageLocalizationCache: Processed 3 localized package path(s) for 2 prioritized culture(s) in 0.045981 seconds
[2017.02.22-01.59.11:687][  0]LogUObjectArray: 31946 objects as part of root set at end of initial load.
[2017.02.22-01.59.11:687][  0]LogUObjectAllocator: 6935848 out of 0 bytes used by permanent object pool.
[2017.02.22-01.59.11:687][  0]LogUObjectArray: CloseDisregardForGC: 0/0 objects in disregard for GC pool
[2017.02.22-01.59.11:774][  0]LogInit: WinSock: version 1.1 (2.2), MaxSocks=32767, MaxUdp=65467
[2017.02.22-01.59.13:216][  0]LogSlate: Using Freetype 2.6.0
[2017.02.22-01.59.13:218][  0]LogSlate: SlateFontCache - WITH_FREETYPE: 1, WITH_HARFBUZZ: 1
[2017.02.22-01.59.13:218][  0]LogSlate: SlateFontCache - WITH_FREETYPE: 1, WITH_HARFBUZZ: 1
[2017.02.22-01.59.15:077][  0]LogTcpMessaging: Initializing TcpMessaging bridge
[2017.02.22-01.59.15:128][  0]LogUdpMessaging: Initializing bridge on interface 0.0.0.0:0 to multicast group 230.0.0.1:6666.
[2017.02.22-01.59.15:590][  0]LogMaterial: Uniform references updated for custom material expression Custom.
[2017.02.22-01.59.16:141][  0]SourceControl: Info Source control is disabled
[2017.02.22-01.59.18:234][  0]LogEngine: Initializing Engine...
[2017.02.22-01.59.18:235][  0]LogHMD: Failed to initialize OpenVR with code 110
[2017.02.22-01.59.18:579][  0]LogAIModule: Creating AISystem for world Untitled
[2017.02.22-01.59.18:601][  0]LogInit: XAudio2 using 'Speakers (Realtek High Definition Audio)' : 2 channels at 48 kHz using 32 bits per sample (channel mask 0x3)
[2017.02.22-01.59.18:628][  0]LogInit: FAudioDevice initialized.
[2017.02.22-01.59.18:676][  0]LogDerivedDataCache: Saved boot cache 0.05s 50MB C:/Users/nathan/AppData/Local/UnrealEngine/4.14/DerivedDataCache/Boot.ddc.
[2017.02.22-01.59.18:692][  0]LogInit: Texture streaming: Enabled
[2017.02.22-01.59.18:944][  0]LogInit: Transaction tracking system initialized
[2017.02.22-01.59.19:507][  0]BlueprintLog: New page: Editor Load
[2017.02.22-01.59.20:842][  0]LocalizationService: Info Localization service is disabled
[2017.02.22-01.59.21:777][  0]LogConsoleResponse:Display: 
[2017.02.22-01.59.21:963][  0]LogCook:Display: Max memory allowance for cook 16384mb min free memory 0mb
[2017.02.22-01.59.21:963][  0]LogCook:Display: Mobile HDR setting 1
[2017.02.22-01.59.22:672][  0]LogFileCache: Scanning file cache for directory 'C:/Users/nathan/Desktop/ChimeraGames/Abyss/Content/' took 0.01s
[2017.02.22-01.59.23:405][  0]Cmd: MAP LOAD FILE="../../../Engine/Content/Maps/Templates/Template_Default.umap" TEMPLATE=1 SHOWPROGRESS=1 FEATURELEVEL=3
[2017.02.22-01.59.23:406][  0]LightingResults: New page: Lighting Build
[2017.02.22-01.59.23:490][  0]MapCheck: New page: Map Check
[2017.02.22-01.59.23:490][  0]LightingResults: New page: Lighting Build
[2017.02.22-01.59.23:907][  0]LogAIModule: Creating AISystem for world Untitled_1
[2017.02.22-01.59.23:908][  0]LogActorComponent: RegisterComponentWithWorld: (/Temp/Untitled_1.Untitled_1:PersistentLevel.WorldSettings_1.StaticMeshComponent0) Trying to register component with IsPendingKill() == true. Aborting.
[2017.02.22-01.59.23:916][  0]LogEditorServer: Finished looking for orphan Actors (0.000 secs)
[2017.02.22-01.59.23:921][  0]Cmd: MAP CHECKDEP NOCLEARLOG
[2017.02.22-01.59.24:037][  0]MapCheck: Info Map check complete: 0 Error(s), 0 Warning(s), took 115.573ms to complete.
[2017.02.22-01.59.24:037][  0]LogFileHelpers: Loading map 'Template_Default' took 0.632
[2017.02.22-01.59.24:164][  0]LogWindowsTextInputMethodSystem:Display: IME system now deactivated.
[2017.02.22-01.59.24:472][  0]LogCollectionManager: Loaded 0 collections in 0.001999 seconds
[2017.02.22-01.59.24:584][  0]LogFileCache: Scanning file cache for directory 'C:/Users/nathan/Desktop/ChimeraGames/Abyss/Saved/Collections/' took 0.01s
[2017.02.22-01.59.24:584][  0]LogFileCache: Scanning file cache for directory 'C:/Users/nathan/Desktop/ChimeraGames/Abyss/Content/Developers/nathan/Collections/' took 0.01s
[2017.02.22-01.59.24:584][  0]LogFileCache: Scanning file cache for directory 'C:/Users/nathan/Desktop/ChimeraGames/Abyss/Content/Collections/' took 0.01s
[2017.02.22-01.59.24:584][  0]LogCollectionManager: Rebuilt the GUID cache for 0 collections in 0.000002 seconds
[2017.02.22-01.59.24:599][  0]LogContentBrowser: Native class hierarchy populated in 0.0147 seconds. Added 2190 classes and 428 folders.
[2017.02.22-01.59.24:661][  0]LogStats: UGameplayTagsManager::ConstructGameplayTagTree: Construct from data asset -  0.000 s
[2017.02.22-01.59.24:661][  0]LogStats: UGameplayTagsManager::ConstructGameplayTagTree: GameplayTagTreeChangedEvent.Broadcast -  0.000 s
[2017.02.22-01.59.24:662][  0]LogContentBrowser: Native class hierarchy updated for 'GameplayTags' in 0.0009 seconds. Added 13 classes and 0 folders.
[2017.02.22-01.59.24:756][  0]LogContentBrowser: Native class hierarchy updated for 'WidgetCarousel' in 0.0007 seconds. Added 0 classes and 0 folders.
[2017.02.22-01.59.26:519][  0]LogContentBrowser: Native class hierarchy updated for 'AddContentDialog' in 0.0007 seconds. Added 0 classes and 0 folders.
[2017.02.22-01.59.26:948][  0]LogContentBrowser: Native class hierarchy updated for 'SceneOutliner' in 0.0007 seconds. Added 1 classes and 2 folders.
[2017.02.22-01.59.27:149][  0]LogCrashTracker: Crashtracker disabled due to settings.
[2017.02.22-01.59.27:160][  0]LogUObjectGlobals:Warning: Failed to find object 'Class None.'
[2017.02.22-01.59.27:247][  0]LogContentBrowser: Native class hierarchy updated for 'HierarchicalLODOutliner' in 0.0007 seconds. Added 1 classes and 2 folders.
[2017.02.22-01.59.27:247][  0]LogLoad: (Engine Initialization) Total time: 26.01 seconds
[2017.02.22-01.59.27:247][  0]LogLoad: (Engine Initialization) Total Blueprint compile time: 0.15 seconds
[2017.02.22-01.59.27:247][  0]LogExternalProfiler: Found external profiler: VSPerf
[2017.02.22-01.59.27:247][  0]LogExternalProfiler: Using external profiler: VSPerf
[2017.02.22-01.59.27:257][  0]LogOcInput: OculusInput pre-init called
[2017.02.22-01.59.27:279][  0]LogContentStreaming: Texture pool size now 1000 MB
[2017.02.22-01.59.27:697][  0]LogRenderer: Reallocating scene render targets to support 904x456 NumSamples 1 (Frame:2).
[2017.02.22-01.59.27:927][  2]LogAssetRegistry: Asset discovery search completed in 16.3451 seconds
[2017.02.22-01.59.27:927][  2]LogCollectionManager: Rebuilt the object cache for 0 collections in 0.000002 seconds (found 0 objects)
[2017.02.22-01.59.27:927][  2]LogCollectionManager: Fixed up redirectors for 0 collections in 0.000021 seconds (updated 0 objects)
[2017.02.22-01.59.31:335][310]LogTemp: Repeting last play command: Selected Viewport
[2017.02.22-01.59.31:347][310]LogPlayLevel: PlayLevel: No blueprints needed recompiling
[2017.02.22-01.59.31:348][310]PIE: New page: PIE session: Untitled_1 (Feb 21, 2017, 3:59:31 PM)
[2017.02.22-01.59.31:348][310]LogPlayLevel: Creating play world package: /Temp/UEDPIE_0_Untitled_1
[2017.02.22-01.59.31:351][310]LogPlayLevel: PIE: StaticDuplicateObject took: (0.003100s)
[2017.02.22-01.59.31:353][310]LogAIModule: Creating AISystem for world Untitled_1
[2017.02.22-01.59.31:353][310]LogPlayLevel: PIE: World Init took: (0.001694s)
[2017.02.22-01.59.31:353][310]LogPlayLevel: PIE: Created PIE world by copying editor world from /Temp/Untitled_1.Untitled_1 to /Temp/UEDPIE_0_Untitled_1.Untitled_1 (0.005097s)
[2017.02.22-01.59.31:388][310]LogInit: XAudio2 using 'Speakers (Realtek High Definition Audio)' : 2 channels at 48 kHz using 32 bits per sample (channel mask 0x3)
[2017.02.22-01.59.31:411][310]LogInit: FAudioDevice initialized.
[2017.02.22-01.59.31:553][310]LogLoad: Game class is 'GameModeBase'
[2017.02.22-01.59.31:557][310]LogWorld: Bringing World /Temp/UEDPIE_0_Untitled_1.Untitled_1 up for play (max tick rate 0) at 2017.02.21-20.59.31
[2017.02.22-01.59.31:558][310]LogWorld: Bringing up level for play took: 0.001681
[2017.02.22-01.59.31:626][310]LogContentBrowser: Native class hierarchy updated for 'MovieSceneCapture' in 0.0009 seconds. Added 11 classes and 0 folders.
[2017.02.22-01.59.31:628][310]PIE: Info Play in editor start time for /Temp/UEDPIE_0_Untitled_1 -0.442
[2017.02.22-01.59.40:053][ 89]LogBlueprint:Warning: [Compiler Player] Warning InputAction Event references unknown Action 'Jump' for  K2Node_InputAction_67
[2017.02.22-01.59.40:058][ 89]LogBlueprint:Warning: [Compiler Player] Warning [0038.82] Compile of Player successful, but with 1 Warning(s) [in 15 ms] (/Game/BluePrints/Player.Player)
[2017.02.22-01.59.40:058][ 89]LogBlueprint:Warning: [Compiler Player] Warning [0038.82] Compile of Player successful, but with 2 Warning(s) [in 0 ms] (/Game/BluePrints/Player.Player)
[2017.02.22-01.59.40:058][ 89]LogBlueprint:Warning: [Compiler Player] Warning [0038.82] Compile of Player successful, but with 3 Warning(s) [in 0 ms] (/Game/BluePrints/Player.Player)
[2017.02.22-01.59.40:071][ 89]LogBlueprint:Warning: [Compiler Player] Warning InputAction Event references unknown Action 'Jump' for  K2Node_InputAction_67
[2017.02.22-01.59.40:077][ 89]LogBlueprint:Warning: [Compiler Player] Warning [0038.84] Compile of Player successful, but with 1 Warning(s) [in 14 ms] (/Game/BluePrints/Player.Player)
[2017.02.22-01.59.40:077][ 89]LogBlueprint:Warning: [Compiler Player] Warning [0038.84] Compile of Player successful, but with 2 Warning(s) [in 0 ms] (/Game/BluePrints/Player.Player)
[2017.02.22-01.59.40:077][ 89]LogBlueprint:Warning: [Compiler Player] Warning [0038.84] Compile of Player successful, but with 3 Warning(s) [in 0 ms] (/Game/BluePrints/Player.Player)
[2017.02.22-01.59.40:196][ 89]LogAIModule: Creating AISystem for world Battle_Scene
[2017.02.22-01.59.40:233][ 89]Cmd: MAP LOAD FILE="C:/Users/nathan/Desktop/ChimeraGames/Abyss/Content/Maps-Levels/Battle_Scene.umap" TEMPLATE=0 SHOWPROGRESS=1 FEATURELEVEL=3
[2017.02.22-01.59.40:233][ 89]LightingResults: New page: Lighting Build
[2017.02.22-01.59.40:234][ 89]LoadErrors: New page: Loading map: Battle_Scene.umap
[2017.02.22-01.59.40:234][ 89]MapCheck: New page: Map Check
[2017.02.22-01.59.40:234][ 89]LightingResults: New page: Lighting Build
[2017.02.22-01.59.40:357][ 89]LogEditorServer: Finished looking for orphan Actors (0.000 secs)
[2017.02.22-01.59.40:380][ 89]Cmd: MAP CHECKDEP NOCLEARLOG
[2017.02.22-01.59.40:524][ 89]MapCheck: Info Map check complete: 0 Error(s), 0 Warning(s), took 143.424ms to complete.
[2017.02.22-01.59.40:525][ 89]LogFileHelpers: Loading map 'Battle_Scene' took 0.293
[2017.02.22-01.59.42:397][252]LogTemp: Repeting last play command: Selected Viewport
[2017.02.22-01.59.42:409][252]LogPlayLevel: PlayLevel: No blueprints needed recompiling
[2017.02.22-01.59.42:409][252]PIE: New page: PIE session: Battle_Scene (Feb 21, 2017, 3:59:42 PM)
[2017.02.22-01.59.42:409][252]LogPlayLevel: Creating play world package: /Game/Maps-Levels/UEDPIE_0_Battle_Scene
[2017.02.22-01.59.42:413][252]LogPlayLevel: PIE: StaticDuplicateObject took: (0.003183s)
[2017.02.22-01.59.42:414][252]LogAIModule: Creating AISystem for world Battle_Scene
[2017.02.22-01.59.42:414][252]LogPlayLevel: PIE: World Init took: (0.001158s)
[2017.02.22-01.59.42:414][252]LogPlayLevel: PIE: Created PIE world by copying editor world from /Game/Maps-Levels/Battle_Scene.Battle_Scene to /Game/Maps-Levels/UEDPIE_0_Battle_Scene.Battle_Scene (0.004625s)
[2017.02.22-01.59.42:443][252]LogInit: XAudio2 using 'Speakers (Realtek High Definition Audio)' : 2 channels at 48 kHz using 32 bits per sample (channel mask 0x3)
[2017.02.22-01.59.42:463][252]LogInit: FAudioDevice initialized.
[2017.02.22-01.59.42:499][252]LogLoad: Game class is 'RenderToTexture_Game_C'
[2017.02.22-01.59.42:504][252]LogWorld: Bringing World /Game/Maps-Levels/UEDPIE_0_Battle_Scene.Battle_Scene up for play (max tick rate 0) at 2017.02.21-20.59.42
[2017.02.22-01.59.42:504][252]LogWorld: Bringing up level for play took: 0.001669
[2017.02.22-01.59.42:505][252]LogGameMode:Display: Match State Changed from EnteringMap to WaitingToStart
[2017.02.22-01.59.42:505][252]LogGameState: Match State Changed from EnteringMap to WaitingToStart
[2017.02.22-01.59.42:505][252]LogGameMode:Display: Match State Changed from WaitingToStart to InProgress
[2017.02.22-01.59.42:506][252]LogGameState: Match State Changed from WaitingToStart to InProgress
[2017.02.22-01.59.42:506][252]PIE: Info Play in editor start time for /Game/Maps-Levels/UEDPIE_0_Battle_Scene 0.436
[2017.02.22-02.00.07:215][453]LogContentBrowser: Native class hierarchy updated for 'BlueprintGraph' in 0.0015 seconds. Added 111 classes and 0 folders.
[2017.02.22-02.00.11:602][624]BlueprintLog: New page: Compile Player
[2017.02.22-02.00.11:634][624]LogBlueprint:Warning: [Compiler Player] Warning InputAction Event references unknown Action 'Jump' for  K2Node_InputAction_67
[2017.02.22-02.00.11:781][624]BlueprintEditorCompileResults:Warning: Warning InputAction Event references unknown Action 'Jump' for  K2Node_InputAction_67
[2017.02.22-02.00.11:781][624]LogBlueprint:Warning: [Compiler Player] Warning [0070.54] Compile of Player successful, but with 1 Warning(s) [in 178 ms] (/Game/BluePrints/Player.Player)
[2017.02.22-02.00.23:686][781]LogBlueprint:Warning: [Compiler BattleScene_Player] Warning InputAction Event references unknown Action 'Jump' for  K2Node_InputAction_67
[2017.02.22-02.00.23:692][781]LogBlueprint:Warning: [Compiler BattleScene_Player] Warning [0082.46] Compile of BattleScene_Player successful, but with 1 Warning(s) [in 34 ms] (/Game/BluePrints/BattleScene_Player.BattleScene_Player)
[2017.02.22-02.00.23:737][781]LogBlueprint:Warning: [Compiler BattleScene_Player] Warning InputAction Event references unknown Action 'Jump' for  K2Node_InputAction_67
[2017.02.22-02.00.23:742][781]LogBlueprint:Warning: [Compiler BattleScene_Player] Warning [0082.51] Compile of BattleScene_Player successful, but with 1 Warning(s) [in 32 ms] (/Game/BluePrints/BattleScene_Player.BattleScene_Player)
[2017.02.22-02.00.23:742][781]LogBlueprint:Warning: [Compiler BattleScene_Player] Warning [0082.51] Compile of BattleScene_Player successful, but with 2 Warning(s) [in 0 ms] (/Game/BluePrints/BattleScene_Player.BattleScene_Player)
[2017.02.22-02.00.23:742][781]LogBlueprint:Warning: [Compiler BattleScene_Player] Warning [0082.51] Compile of BattleScene_Player successful, but with 3 Warning(s) [in 0 ms] (/Game/BluePrints/BattleScene_Player.BattleScene_Player)
[2017.02.22-02.00.23:822][781]LogBlueprint:Warning: [Compiler BattleScene_Player] Warning [0082.59] Compile of BattleScene_Player successful, but with 4 Warning(s) [in 79 ms] (/Game/BluePrints/BattleScene_Player.BattleScene_Player)
[2017.02.22-02.00.23:822][781]LogBlueprint:Warning: [Compiler BattleScene_Player] Warning [0082.59] Compile of BattleScene_Player successful, but with 5 Warning(s) [in 0 ms] (/Game/BluePrints/BattleScene_Player.BattleScene_Player)
[2017.02.22-02.00.23:822][781]LogBlueprint:Warning: [Compiler BattleScene_Player] Warning [0082.59] Compile of BattleScene_Player successful, but with 6 Warning(s) [in 0 ms] (/Game/BluePrints/BattleScene_Player.BattleScene_Player)
[2017.02.22-02.00.35:597][958]LogTemp: Repeting last play command: Selected Viewport
[2017.02.22-02.00.35:620][958]LogPlayLevel: PlayLevel: No blueprints needed recompiling
[2017.02.22-02.00.35:620][958]PIE: New page: PIE session: Battle_Scene (Feb 21, 2017, 4:00:35 PM)
[2017.02.22-02.00.35:620][958]LogPlayLevel: Creating play world package: /Game/Maps-Levels/UEDPIE_0_Battle_Scene
[2017.02.22-02.00.35:623][958]LogPlayLevel: PIE: StaticDuplicateObject took: (0.002850s)
[2017.02.22-02.00.35:624][958]LogAIModule: Creating AISystem for world Battle_Scene
[2017.02.22-02.00.35:624][958]LogPlayLevel: PIE: World Init took: (0.001245s)
[2017.02.22-02.00.35:625][958]LogPlayLevel: PIE: Created PIE world by copying editor world from /Game/Maps-Levels/Battle_Scene.Battle_Scene to /Game/Maps-Levels/UEDPIE_0_Battle_Scene.Battle_Scene (0.004382s)
[2017.02.22-02.00.35:662][958]LogInit: XAudio2 using 'Speakers (Realtek High Definition Audio)' : 2 channels at 48 kHz using 32 bits per sample (channel mask 0x3)
[2017.02.22-02.00.35:682][958]LogInit: FAudioDevice initialized.
[2017.02.22-02.00.35:714][958]LogLoad: Game class is 'RenderToTexture_Game_C'
[2017.02.22-02.00.35:718][958]LogWorld: Bringing World /Game/Maps-Levels/UEDPIE_0_Battle_Scene.Battle_Scene up for play (max tick rate 0) at 2017.02.21-21.00.35
[2017.02.22-02.00.35:718][958]LogWorld: Bringing up level for play took: 0.001256
[2017.02.22-02.00.35:718][958]LogGameMode:Display: Match State Changed from EnteringMap to WaitingToStart
[2017.02.22-02.00.35:718][958]LogGameState: Match State Changed from EnteringMap to WaitingToStart
[2017.02.22-02.00.35:718][958]LogGameMode:Display: Match State Changed from WaitingToStart to InProgress
[2017.02.22-02.00.35:719][958]LogGameState: Match State Changed from WaitingToStart to InProgress
[2017.02.22-02.00.35:719][958]PIE: Info Play in editor start time for /Game/Maps-Levels/UEDPIE_0_Battle_Scene -0.351
[2017.02.22-02.00.55:826][341]BlueprintLog: New page: Compile BattleScene_Player
[2017.02.22-02.00.55:877][341]LogBlueprint:Warning: [Compiler BattleScene_Player] Warning InputAction Event references unknown Action 'Jump' for  K2Node_InputAction_67
[2017.02.22-02.00.55:994][341]BlueprintEditorCompileResults:Warning: Warning InputAction Event references unknown Action 'Jump' for  K2Node_InputAction_67
[2017.02.22-02.00.55:994][341]LogBlueprint:Warning: [Compiler BattleScene_Player] Warning [0114.76] Compile of BattleScene_Player successful, but with 1 Warning(s) [in 167 ms] (/Game/BluePrints/BattleScene_Player.BattleScene_Player)
[2017.02.22-02.00.56:820][379]LogTemp: Repeting last play command: Selected Viewport
[2017.02.22-02.00.56:835][379]LogPlayLevel: PlayLevel: No blueprints needed recompiling
[2017.02.22-02.00.56:835][379]PIE: New page: PIE session: Battle_Scene (Feb 21, 2017, 4:00:56 PM)
[2017.02.22-02.00.56:835][379]LogPlayLevel: Creating play world package: /Game/Maps-Levels/UEDPIE_0_Battle_Scene
[2017.02.22-02.00.56:838][379]LogPlayLevel: PIE: StaticDuplicateObject took: (0.002547s)
[2017.02.22-02.00.56:838][379]LogAIModule: Creating AISystem for world Battle_Scene
[2017.02.22-02.00.56:839][379]LogPlayLevel: PIE: World Init took: (0.000984s)
[2017.02.22-02.00.56:839][379]LogPlayLevel: PIE: Created PIE world by copying editor world from /Game/Maps-Levels/Battle_Scene.Battle_Scene to /Game/Maps-Levels/UEDPIE_0_Battle_Scene.Battle_Scene (0.003746s)
[2017.02.22-02.00.56:877][379]LogInit: XAudio2 using 'Speakers (Realtek High Definition Audio)' : 2 channels at 48 kHz using 32 bits per sample (channel mask 0x3)
[2017.02.22-02.00.56:896][379]LogInit: FAudioDevice initialized.
[2017.02.22-02.00.56:930][379]LogLoad: Game class is 'RenderToTexture_Game_C'
[2017.02.22-02.00.56:935][379]LogWorld: Bringing World /Game/Maps-Levels/UEDPIE_0_Battle_Scene.Battle_Scene up for play (max tick rate 0) at 2017.02.21-21.00.56
[2017.02.22-02.00.56:935][379]LogWorld: Bringing up level for play took: 0.001425
[2017.02.22-02.00.56:936][379]LogGameMode:Display: Match State Changed from EnteringMap to WaitingToStart
[2017.02.22-02.00.56:936][379]LogGameState: Match State Changed from EnteringMap to WaitingToStart
[2017.02.22-02.00.56:936][379]LogGameMode:Display: Match State Changed from WaitingToStart to InProgress
[2017.02.22-02.00.56:937][379]LogGameState: Match State Changed from WaitingToStart to InProgress
[2017.02.22-02.00.56:937][379]PIE: Info Play in editor start time for /Game/Maps-Levels/UEDPIE_0_Battle_Scene 0.867
[2017.02.22-02.01.08:362][346]BlueprintLog: New page: Compile BattleScene_Player
[2017.02.22-02.01.08:409][346]LogBlueprint:Warning: [Compiler BattleScene_Player] Warning InputAction Event references unknown Action 'Jump' for  K2Node_InputAction_67
[2017.02.22-02.01.08:544][346]BlueprintEditorCompileResults:Warning: Warning InputAction Event references unknown Action 'Jump' for  K2Node_InputAction_67
[2017.02.22-02.01.08:544][346]LogBlueprint:Warning: [Compiler BattleScene_Player] Warning [0127.31] Compile of BattleScene_Player successful, but with 1 Warning(s) [in 181 ms] (/Game/BluePrints/BattleScene_Player.BattleScene_Player)
[2017.02.22-02.01.36:257][474]LogTemp:Display: Executing iPhonePackager certificates Engine -bundlename com.YourCompany.Abyss

[2017.02.22-02.01.36:257][474]LogTemp:Display: CWD: D:\UE4\UE_4.14\Engine\Binaries\DotNet\IOS

[2017.02.22-02.01.36:257][474]LogTemp:Display: Initial Dir: D:\UE4\UE_4.14

[2017.02.22-02.01.36:257][474]LogTemp:Display: Env CWD: D:\UE4\UE_4.14\Engine\Binaries\DotNet\IOS

[2017.02.22-02.01.36:257][474]LogTemp:Display: BranchPath = NATHAN-PC/D/UE4/UE_4.14/Engine/Binaries --- GameBranchPath = NATHAN-PC/D/UE4/UE_4.14/Engine/Binaries

[2017.02.22-02.01.36:257][474]LogSlate: Only BGRA pngs, bmps or icos are supported in by External Image Picker
[2017.02.22-02.01.36:642][474]LogTemp:Display: IPP ERROR: Application exception: System.IO.DirectoryNotFoundException: Could not find a part of the path 'C:\Users\nathan\AppData\Local\Apple Computer\MobileDevice\Provisioning Profiles'.

[2017.02.22-02.01.36:642][474]LogTemp:Display:    at System.IO.__Error.WinIOError(Int32 errorCode, String maybeFullPath)

[2017.02.22-02.01.36:642][474]LogTemp:Display:    at System.IO.FileSystemEnumerableIterator`1.CommonInit()

[2017.02.22-02.01.36:642][474]LogTemp:Display:    at System.IO.Directory.EnumerateFiles(String path, String searchPattern)

[2017.02.22-02.01.36:642][474]LogTemp:Display:    at iPhonePackager.CodeSignatureBuilder.FindProvisions(String CFBundleIdentifier)

[2017.02.22-02.01.36:642][474]LogTemp:Display:    at iPhonePackager.Program.Main(String[] args)

[2017.02.22-02.02.42:405][467]BlueprintLog: New page: Compile BattleScene_Player
[2017.02.22-02.02.42:447][467]LogBlueprint:Warning: [Compiler BattleScene_Player] Warning InputAction Event references unknown Action 'Jump' for  K2Node_InputAction_67
[2017.02.22-02.02.42:606][467]BlueprintEditorCompileResults:Warning: Warning InputAction Event references unknown Action 'Jump' for  K2Node_InputAction_67
[2017.02.22-02.02.42:606][467]LogBlueprint:Warning: [Compiler BattleScene_Player] Warning [0221.37] Compile of BattleScene_Player successful, but with 1 Warning(s) [in 200 ms] (/Game/BluePrints/BattleScene_Player.BattleScene_Player)
[2017.02.22-02.03.49:367][883]LogSlate: Only BGRA pngs, bmps or icos are supported in by External Image Picker
[2017.02.22-02.03.49:489][889]LogTemp:Display: Executing iPhonePackager certificates Engine -bundlename com.YourCompany.Abyss

[2017.02.22-02.03.49:489][889]LogTemp:Display: CWD: D:\UE4\UE_4.14\Engine\Binaries\DotNet\IOS

[2017.02.22-02.03.49:489][889]LogTemp:Display: Initial Dir: D:\UE4\UE_4.14

[2017.02.22-02.03.49:489][889]LogTemp:Display: Env CWD: D:\UE4\UE_4.14\Engine\Binaries\DotNet\IOS

[2017.02.22-02.03.49:489][889]LogTemp:Display: BranchPath = NATHAN-PC/D/UE4/UE_4.14/Engine/Binaries --- GameBranchPath = NATHAN-PC/D/UE4/UE_4.14/Engine/Binaries

[2017.02.22-02.03.49:507][892]LogTemp:Display: IPP ERROR: Application exception: System.IO.DirectoryNotFoundException: Could not find a part of the path 'C:\Users\nathan\AppData\Local\Apple Computer\MobileDevice\Provisioning Profiles'.

[2017.02.22-02.03.49:507][892]LogTemp:Display:    at System.IO.__Error.WinIOError(Int32 errorCode, String maybeFullPath)

[2017.02.22-02.03.49:507][892]LogTemp:Display:    at System.IO.FileSystemEnumerableIterator`1.CommonInit()

[2017.02.22-02.03.49:507][892]LogTemp:Display:    at System.IO.Directory.EnumerateFiles(String path, String searchPattern)

[2017.02.22-02.03.49:507][892]LogTemp:Display:    at iPhonePackager.CodeSignatureBuilder.FindProvisions(String CFBundleIdentifier)

[2017.02.22-02.03.49:507][892]LogTemp:Display:    at iPhonePackager.Program.Main(String[] args)

[2017.02.22-02.04.52:466][481]BlueprintLog: New page: Compile BattleScene_Player
[2017.02.22-02.04.59:211][949]LogSlate: Only BGRA pngs, bmps or icos are supported in by External Image Picker
[2017.02.22-02.04.59:293][950]LogTemp:Display: Executing iPhonePackager certificates Engine -bundlename com.YourCompany.Abyss

[2017.02.22-02.04.59:293][950]LogTemp:Display: CWD: D:\UE4\UE_4.14\Engine\Binaries\DotNet\IOS

[2017.02.22-02.04.59:293][950]LogTemp:Display: Initial Dir: D:\UE4\UE_4.14

[2017.02.22-02.04.59:293][950]LogTemp:Display: Env CWD: D:\UE4\UE_4.14\Engine\Binaries\DotNet\IOS

[2017.02.22-02.04.59:293][950]LogTemp:Display: BranchPath = NATHAN-PC/D/UE4/UE_4.14/Engine/Binaries --- GameBranchPath = NATHAN-PC/D/UE4/UE_4.14/Engine/Binaries

[2017.02.22-02.04.59:316][951]LogTemp:Display: IPP ERROR: Application exception: System.IO.DirectoryNotFoundException: Could not find a part of the path 'C:\Users\nathan\AppData\Local\Apple Computer\MobileDevice\Provisioning Profiles'.

[2017.02.22-02.04.59:316][951]LogTemp:Display:    at System.IO.__Error.WinIOError(Int32 errorCode, String maybeFullPath)

[2017.02.22-02.04.59:316][951]LogTemp:Display:    at System.IO.FileSystemEnumerableIterator`1.CommonInit()

[2017.02.22-02.04.59:316][951]LogTemp:Display:    at System.IO.Directory.EnumerateFiles(String path, String searchPattern)

[2017.02.22-02.04.59:316][951]LogTemp:Display:    at iPhonePackager.CodeSignatureBuilder.FindProvisions(String CFBundleIdentifier)

[2017.02.22-02.04.59:316][951]LogTemp:Display:    at iPhonePackager.Program.Main(String[] args)

[2017.02.22-02.05.31:506][104]BlueprintLog: New page: Compile BattleScene_Player
[2017.02.22-02.05.34:293][294]LogTemp: Repeting last play command: Selected Viewport
[2017.02.22-02.05.34:311][294]LogPlayLevel: PlayLevel: No blueprints needed recompiling
[2017.02.22-02.05.34:311][294]PIE: New page: PIE session: Battle_Scene (Feb 21, 2017, 4:05:34 PM)
[2017.02.22-02.05.34:311][294]LogPlayLevel: Creating play world package: /Game/Maps-Levels/UEDPIE_0_Battle_Scene
[2017.02.22-02.05.34:315][294]LogPlayLevel: PIE: StaticDuplicateObject took: (0.003270s)
[2017.02.22-02.05.34:328][294]LogAIModule: Creating AISystem for world Battle_Scene
[2017.02.22-02.05.34:334][294]LogPlayLevel: PIE: World Init took: (0.019377s)
[2017.02.22-02.05.34:334][294]LogPlayLevel: PIE: Created PIE world by copying editor world from /Game/Maps-Levels/Battle_Scene.Battle_Scene to /Game/Maps-Levels/UEDPIE_0_Battle_Scene.Battle_Scene (0.022932s)
[2017.02.22-02.05.34:376][294]LogInit: XAudio2 using 'Speakers (Realtek High Definition Audio)' : 2 channels at 48 kHz using 32 bits per sample (channel mask 0x3)
[2017.02.22-02.05.34:398][294]LogInit: FAudioDevice initialized.
[2017.02.22-02.05.34:432][294]LogLoad: Game class is 'RenderToTexture_Game_C'
[2017.02.22-02.05.34:437][294]LogWorld: Bringing World /Game/Maps-Levels/UEDPIE_0_Battle_Scene.Battle_Scene up for play (max tick rate 0) at 2017.02.21-21.05.34
[2017.02.22-02.05.34:437][294]LogWorld: Bringing up level for play took: 0.001746
[2017.02.22-02.05.34:438][294]LogGameMode:Display: Match State Changed from EnteringMap to WaitingToStart
[2017.02.22-02.05.34:438][294]LogGameState: Match State Changed from EnteringMap to WaitingToStart
[2017.02.22-02.05.34:438][294]LogGameMode:Display: Match State Changed from WaitingToStart to InProgress
[2017.02.22-02.05.34:439][294]LogGameState: Match State Changed from WaitingToStart to InProgress
[2017.02.22-02.05.34:439][294]PIE: Info Play in editor start time for /Game/Maps-Levels/UEDPIE_0_Battle_Scene 0.369
[2017.02.22-02.05.45:206][265]Cmd: OBJ SAVEPACKAGE PACKAGE="/Game/Maps-Levels/Battle_Scene" FILE="C:/Users/nathan/Desktop/ChimeraGames/Abyss/Content/Maps-Levels/Battle_Scene.umap" SILENT=true AUTOSAVING=false KEEPDIRTY=false
[2017.02.22-02.05.45:951][265]LogSavePackage: Save=601.86ms
[2017.02.22-02.05.45:951][265]LogSavePackage: Moving 'C:/Users/nathan/Desktop/ChimeraGames/Abyss/Saved/Battle_Scene04BE98C5498ABA96E28C2B89D534A27E.tmp' to 'C:/Users/nathan/Desktop/ChimeraGames/Abyss/Content/Maps-Levels/Battle_Scene.umap'
[2017.02.22-02.05.45:963][265]LogSavePackage:Display: Finished SavePackage C:/Users/nathan/Desktop/ChimeraGames/Abyss/Content/Maps-Levels/Battle_Scene.umap
[2017.02.22-02.05.46:187][265]Cmd: OBJ SAVEPACKAGE PACKAGE="/Game/Maps-Levels/Battle_Scene_BuiltData" FILE="C:/Users/nathan/Desktop/ChimeraGames/Abyss/Content/Maps-Levels/Battle_Scene_BuiltData.uasset" SILENT=true
[2017.02.22-02.05.46:231][265]LogSavePackage: Save=34.92ms
[2017.02.22-02.05.46:231][265]LogSavePackage: Moving 'C:/Users/nathan/Desktop/ChimeraGames/Abyss/Saved/Battle_Scene_BuiltData93FFF3FD40E2F807D88D7498CCB94E16.tmp' to 'C:/Users/nathan/Desktop/ChimeraGames/Abyss/Content/Maps-Levels/Battle_Scene_BuiltData.uasset'
[2017.02.22-02.05.46:234][265]LogSavePackage:Display: Finished SavePackage C:/Users/nathan/Desktop/ChimeraGames/Abyss/Content/Maps-Levels/Battle_Scene_BuiltData.uasset
[2017.02.22-02.13.36:557][228]BlueprintLog: New page: Compile BattleScene_Player
[2017.02.22-02.16.47:935][986]LogFileHelpers: Editor autosave (incl. sublevels) for '/Game/Maps-Levels/Battle_Scene' took 0.026
[2017.02.22-02.16.47:939][986]OBJ SavePackage: Generating thumbnails for [0] asset(s) in package [/Engine/ArtTools/RenderToTexture/Blueprints/RenderToTexture_Game] ([1] browsable assets)...
[2017.02.22-02.16.47:939][986]OBJ SavePackage: Finished generating thumbnails for package [/Engine/ArtTools/RenderToTexture/Blueprints/RenderToTexture_Game]
[2017.02.22-02.16.47:988][986]LogSavePackage: Save=41.33ms
[2017.02.22-02.16.47:988][986]LogSavePackage: Moving 'C:/Users/nathan/Desktop/ChimeraGames/Abyss/Saved/RenderToTexture_Game_Auto15E19B0D742564CB64F2A42BC2F71BF32.tmp' to 'C:/Users/nathan/Desktop/ChimeraGames/Abyss/Saved/Autosaves/Engine/ArtTools/RenderToTexture/Blueprints/RenderToTexture_Game_Auto1.uasset'
[2017.02.22-02.16.47:991][986]LogSavePackage:Display: Finished SavePackage C:/Users/nathan/Desktop/ChimeraGames/Abyss/Saved/Autosaves/Engine/ArtTools/RenderToTexture/Blueprints/RenderToTexture_Game_Auto1.uasset
[2017.02.22-02.16.47:993][986]OBJ SavePackage: Generating thumbnails for [0] asset(s) in package [/Game/BluePrints/BattleScene_Player] ([1] browsable assets)...
[2017.02.22-02.16.47:993][986]OBJ SavePackage: Finished generating thumbnails for package [/Game/BluePrints/BattleScene_Player]
[2017.02.22-02.16.48:079][986]LogSavePackage: Save=83.73ms
[2017.02.22-02.16.48:079][986]LogSavePackage: Moving 'C:/Users/nathan/Desktop/ChimeraGames/Abyss/Saved/BattleScene_Player_Auto1EBF14007417193DB4A5CC9B9131C6E8F.tmp' to 'C:/Users/nathan/Desktop/ChimeraGames/Abyss/Saved/Autosaves/Game/BluePrints/BattleScene_Player_Auto1.uasset'
[2017.02.22-02.16.48:081][986]LogSavePackage:Display: Finished SavePackage C:/Users/nathan/Desktop/ChimeraGames/Abyss/Saved/Autosaves/Game/BluePrints/BattleScene_Player_Auto1.uasset
[2017.02.22-02.16.48:081][986]LogFileHelpers: Auto-saving content packages took 0.145
[2017.02.22-02.24.20:248][911]BlueprintLog: New page: Compile BattleScene_Player
[2017.02.22-02.24.28:033][779]BlueprintLog: New page: Compile BattleScene_Player
[2017.02.22-02.26.54:829][266]LogFileHelpers: Editor autosave (incl. sublevels) for '/Game/Maps-Levels/Battle_Scene' took 0.027
[2017.02.22-02.26.54:831][266]OBJ SavePackage: Generating thumbnails for [0] asset(s) in package [/Game/BluePrints/BattleScene_Player] ([1] browsable assets)...
[2017.02.22-02.26.54:831][266]OBJ SavePackage: Finished generating thumbnails for package [/Game/BluePrints/BattleScene_Player]
[2017.02.22-02.26.54:944][266]LogSavePackage: Save=111.63ms
[2017.02.22-02.26.54:944][266]LogSavePackage: Moving 'C:/Users/nathan/Desktop/ChimeraGames/Abyss/Saved/BattleScene_Player_Auto25E22AC794E1167EA0A77F49A7A4EA672.tmp' to 'C:/Users/nathan/Desktop/ChimeraGames/Abyss/Saved/Autosaves/Game/BluePrints/BattleScene_Player_Auto2.uasset'
[2017.02.22-02.26.54:947][266]LogSavePackage:Display: Finished SavePackage C:/Users/nathan/Desktop/ChimeraGames/Abyss/Saved/Autosaves/Game/BluePrints/BattleScene_Player_Auto2.uasset
[2017.02.22-02.26.54:947][266]LogFileHelpers: Auto-saving content packages took 0.118
[2017.02.22-02.28.00:837][220]BlueprintLog: New page: Compile BattleScene_Player
[2017.02.22-02.31.16:240][ 95]BlueprintLog: New page: Compile BattleScene_Player
[2017.02.22-02.31.16:838][128]Cmd: OBJ SAVEPACKAGE PACKAGE="/Game/BluePrints/BattleScene_Player" FILE="C:/Users/nathan/Desktop/ChimeraGames/Abyss/Content/BluePrints/BattleScene_Player.uasset" SILENT=true
[2017.02.22-02.31.16:915][128]LogSavePackage: Save=74.47ms
[2017.02.22-02.31.16:915][128]LogSavePackage: Moving 'C:/Users/nathan/Desktop/ChimeraGames/Abyss/Saved/BattleScene_Player8495BB9F4D09A15E1DD1F48B7C6B3E93.tmp' to 'C:/Users/nathan/Desktop/ChimeraGames/Abyss/Content/BluePrints/BattleScene_Player.uasset'
[2017.02.22-02.31.16:920][128]LogSavePackage:Display: Finished SavePackage C:/Users/nathan/Desktop/ChimeraGames/Abyss/Content/BluePrints/BattleScene_Player.uasset
[2017.02.22-02.31.23:339][717]Cmd: OBJ SAVEPACKAGE PACKAGE="/Game/Maps-Levels/Battle_Scene" FILE="C:/Users/nathan/Desktop/ChimeraGames/Abyss/Content/Maps-Levels/Battle_Scene.umap" SILENT=true AUTOSAVING=false KEEPDIRTY=false
[2017.02.22-02.31.23:400][717]LogSavePackage: Save=26.15ms
[2017.02.22-02.31.23:400][717]LogSavePackage: Moving 'C:/Users/nathan/Desktop/ChimeraGames/Abyss/Saved/Battle_Scene20D5C61C45164731855E83A78A4EC93E.tmp' to 'C:/Users/nathan/Desktop/ChimeraGames/Abyss/Content/Maps-Levels/Battle_Scene.umap'
[2017.02.22-02.31.23:404][717]LogSavePackage:Display: Finished SavePackage C:/Users/nathan/Desktop/ChimeraGames/Abyss/Content/Maps-Levels/Battle_Scene.umap
[2017.02.22-02.31.23:449][717]Cmd: OBJ SAVEPACKAGE PACKAGE="/Game/Maps-Levels/Battle_Scene_BuiltData" FILE="C:/Users/nathan/Desktop/ChimeraGames/Abyss/Content/Maps-Levels/Battle_Scene_BuiltData.uasset" SILENT=true
[2017.02.22-02.31.23:465][717]LogSavePackage: Save=8.14ms
[2017.02.22-02.31.23:465][717]LogSavePackage: Moving 'C:/Users/nathan/Desktop/ChimeraGames/Abyss/Saved/Battle_Scene_BuiltData180111044270DC0D23B492B527D5F498.tmp' to 'C:/Users/nathan/Desktop/ChimeraGames/Abyss/Content/Maps-Levels/Battle_Scene_BuiltData.uasset'
[2017.02.22-02.31.23:468][717]LogSavePackage:Display: Finished SavePackage C:/Users/nathan/Desktop/ChimeraGames/Abyss/Content/Maps-Levels/Battle_Scene_BuiltData.uasset
[2017.02.22-02.51.14:388][919]Cmd: OBJ SAVEPACKAGE PACKAGE="/Game/BluePrints/BattleScene_Player" FILE="C:/Users/nathan/Desktop/ChimeraGames/Abyss/Content/BluePrints/BattleScene_Player.uasset" SILENT=true
[2017.02.22-02.51.14:479][919]LogSavePackage: Save=78.33ms
[2017.02.22-02.51.14:479][919]LogSavePackage: Moving 'C:/Users/nathan/Desktop/ChimeraGames/Abyss/Saved/BattleScene_Player2816B9754866F651EA440EA09A50FE66.tmp' to 'C:/Users/nathan/Desktop/ChimeraGames/Abyss/Content/BluePrints/BattleScene_Player.uasset'
[2017.02.22-02.51.14:483][919]LogSavePackage:Display: Finished SavePackage C:/Users/nathan/Desktop/ChimeraGames/Abyss/Content/BluePrints/BattleScene_Player.uasset
[2017.02.22-02.51.57:404][818]Cmd: OBJ SAVEPACKAGE PACKAGE="/Game/BluePrints/BattleScene_Player" FILE="C:/Users/nathan/Desktop/ChimeraGames/Abyss/Content/BluePrints/BattleScene_Player.uasset" SILENT=true
[2017.02.22-02.51.57:496][818]LogSavePackage: Save=84.49ms
[2017.02.22-02.51.57:496][818]LogSavePackage: Moving 'C:/Users/nathan/Desktop/ChimeraGames/Abyss/Saved/BattleScene_Player287F463542DF8638D295F6928F6B9617.tmp' to 'C:/Users/nathan/Desktop/ChimeraGames/Abyss/Content/BluePrints/BattleScene_Player.uasset'
[2017.02.22-02.51.57:503][818]LogSavePackage:Display: Finished SavePackage C:/Users/nathan/Desktop/ChimeraGames/Abyss/Content/BluePrints/BattleScene_Player.uasset
[2017.02.22-02.52.07:154][644]Cmd: OBJ SAVEPACKAGE PACKAGE="/Engine/ArtTools/RenderToTexture/Blueprints/RenderToTexture_Game" FILE="../../../Engine/Content/ArtTools/RenderToTexture/Blueprints/RenderToTexture_Game.uasset" SILENT=true
[2017.02.22-02.52.07:175][644]LogSavePackage: Save=11.47ms
[2017.02.22-02.52.07:175][644]LogSavePackage: Moving 'C:/Users/nathan/Desktop/ChimeraGames/Abyss/Saved/RenderToTexture_GameF336826449543BE93AAFDDB2DEA5029C.tmp' to '../../../Engine/Content/ArtTools/RenderToTexture/Blueprints/RenderToTexture_Game.uasset'
[2017.02.22-02.52.07:180][644]LogSavePackage:Display: Finished SavePackage ../../../Engine/Content/ArtTools/RenderToTexture/Blueprints/RenderToTexture_Game.uasset
[2017.02.22-02.52.08:031][645]Cmd: QUIT_EDITOR
[2017.02.22-02.52.09:597][645]LogWindowsTextInputMethodSystem:Display: IME system now deactivated.
[2017.02.22-02.52.09:677][645]LogExit: Preparing to exit.
[2017.02.22-02.52.11:348][645]LogExit: Editor shut down
[2017.02.22-02.52.11:349][645]LogExit: Transaction tracking system shut down
[2017.02.22-02.52.14:675][645]LogObj: Freed 0b from 0 cluster array pools.
[2017.02.22-02.52.14:685][645]LogExit: Object subsystem successfully closed.
[2017.02.22-02.52.14:964][645]LogD3D11RHI: Shutdown
[2017.02.22-02.52.14:974][645]LogD3D11RHI: CleanupD3DDevice
[2017.02.22-02.52.15:250][645]LogD3D11RHI: ~FD3D11DynamicRHI
[2017.02.22-02.52.16:413][645]LogHttp:Display: Http module shutting down, but needs to wait on 1 outstanding Http requests:
[2017.02.22-02.52.16:413][645]LogHttp:Display: 	verb=[POST] url=[https://datarouter.ol.epicgames.com/datarouter/api/v1/public/data?SessionID=%7BC85E4AB1-4C9D-2935-BC47-D79002E69047%7D&AppID=UEEditor.Rocket.Release&AppVersion=4.14.3-3249277%2B%2B%2BUE4%2BRelease-4.14&UserID=ebd02eab4bf37fade98294bf0ac2928c%7Cdf2486657973442ea895399024942a3f%7C11ccd397-2015-4e95-b97f-e72c5e310a35&AppEnvironment=datacollector-binary&UploadType=eteventstream] status=Processing
[2017.02.22-02.52.16:528][645]LogModuleManager: Shutting down and abandoning module ExternalImagePicker (245)
[2017.02.22-02.52.16:544][645]LogModuleManager: Shutting down and abandoning module BlueprintGraph (244)
[2017.02.22-02.52.16:544][645]LogModuleManager: Shutting down and abandoning module BlueprintProfiler (243)
[2017.02.22-02.52.16:584][645]LogModuleManager: Shutting down and abandoning module MovieSceneCapture (242)
[2017.02.22-02.52.16:584][645]LogModuleManager: Shutting down and abandoning module HierarchicalLODOutliner (241)
[2017.02.22-02.52.16:595][645]LogModuleManager: Shutting down and abandoning module CrashTracker (240)
[2017.02.22-02.52.16:606][645]LogModuleManager: Shutting down and abandoning module SceneOutliner (239)
[2017.02.22-02.52.16:611][645]LogModuleManager: Shutting down and abandoning module WidgetCarousel (238)
[2017.02.22-02.52.16:611][645]LogModuleManager: Shutting down and abandoning module AddContentDialog (237)
[2017.02.22-02.52.16:652][645]LogDirectoryWatcher: A directory notification for 'D:/UE4/UE_4.14/FeaturePacks/' was aborted.
[2017.02.22-02.52.16:660][645]LogModuleManager: Shutting down and abandoning module GameplayTags (236)
[2017.02.22-02.52.16:660][645]LogModuleManager: Shutting down and abandoning module EditorWidgets (235)
[2017.02.22-02.52.16:660][645]LogModuleManager: Shutting down and abandoning module CollectionManager (234)
[2017.02.22-02.52.16:682][645]LogDirectoryWatcher: A directory notification for 'C:/Users/nathan/Desktop/ChimeraGames/Abyss/Content/Collections/' was aborted.
[2017.02.22-02.52.16:682][645]LogDirectoryWatcher: A directory notification for 'C:/Users/nathan/Desktop/ChimeraGames/Abyss/Content/Developers/nathan/Collections/' was aborted.
[2017.02.22-02.52.16:682][645]LogDirectoryWatcher: A directory notification for 'C:/Users/nathan/Desktop/ChimeraGames/Abyss/Saved/Collections/' was aborted.
[2017.02.22-02.52.16:682][645]LogModuleManager: Shutting down and abandoning module StatsViewer (233)
[2017.02.22-02.52.16:703][645]LogModuleManager: Shutting down and abandoning module FoliageEdit (232)
[2017.02.22-02.52.16:717][645]LogModuleManager: Shutting down and abandoning module LandscapeEditor (231)
[2017.02.22-02.52.16:781][645]LogModuleManager: Shutting down and abandoning module SceneDepthPickerMode (230)
[2017.02.22-02.52.16:781][645]LogModuleManager: Shutting down and abandoning module ActorPickerMode (229)
[2017.02.22-02.52.16:781][645]LogModuleManager: Shutting down and abandoning module GeometryMode (228)
[2017.02.22-02.52.16:781][645]LogModuleManager: Shutting down and abandoning module TextureAlignMode (227)
[2017.02.22-02.52.16:781][645]LogModuleManager: Shutting down and abandoning module BspMode (226)
[2017.02.22-02.52.16:787][645]LogModuleManager: Shutting down and abandoning module HardwareSurvey (225)
[2017.02.22-02.52.16:797][645]LogModuleManager: Shutting down and abandoning module SequenceRecorderSections (224)
[2017.02.22-02.52.16:805][645]LogModuleManager: Shutting down and abandoning module AutomationWorker (223)
[2017.02.22-02.52.16:818][645]LogModuleManager: Shutting down and abandoning module MatineeToLevelSequence (222)
[2017.02.22-02.52.16:847][645]LogModuleManager: Shutting down and abandoning module PlacementMode (221)
[2017.02.22-02.52.16:891][645]LogModuleManager: Shutting down and abandoning module LevelSequenceEditor (220)
[2017.02.22-02.52.16:930][645]LogModuleManager: Shutting down and abandoning module WmfMediaFactory (219)
[2017.02.22-02.52.16:931][645]LogModuleManager: Shutting down and abandoning module WmfMediaEditor (218)
[2017.02.22-02.52.16:931][645]LogModuleManager: Shutting down and abandoning module AvfMediaFactory (217)
[2017.02.22-02.52.16:931][645]LogModuleManager: Shutting down and abandoning module AvfMediaEditor (216)
[2017.02.22-02.52.16:931][645]LogModuleManager: Shutting down and abandoning module Media (215)
[2017.02.22-02.52.16:931][645]LogModuleManager: Shutting down and abandoning module AndroidMediaFactory (214)
[2017.02.22-02.52.16:931][645]LogModuleManager: Shutting down and abandoning module AndroidMediaEditor (213)
[2017.02.22-02.52.16:931][645]LogModuleManager: Shutting down and abandoning module CharacterAI (212)
[2017.02.22-02.52.16:931][645]LogModuleManager: Shutting down and abandoning module SequenceRecorder (211)
[2017.02.22-02.52.16:967][645]LogModuleManager: Shutting down and abandoning module AudioCapture (210)
[2017.02.22-02.52.16:967][645]LogModuleManager: Shutting down and abandoning module SmartSnapping (209)
[2017.02.22-02.52.16:967][645]LogModuleManager: Shutting down and abandoning module SessionServices (208)
[2017.02.22-02.52.16:967][645]LogModuleManager: Shutting down and abandoning module ViewportSnapping (207)
[2017.02.22-02.52.16:967][645]LogModuleManager: Shutting down and abandoning module ViewportInteraction (206)
[2017.02.22-02.52.16:967][645]LogModuleManager: Shutting down and abandoning module LogVisualizer (205)
[2017.02.22-02.52.17:002][645]LogModuleManager: Shutting down and abandoning module GameProjectGeneration (204)
[2017.02.22-02.52.17:155][645]LogModuleManager: Shutting down and abandoning module IntroTutorials (203)
[2017.02.22-02.52.17:206][645]LogModuleManager: Shutting down and abandoning module EditorLiveStreaming (202)
[2017.02.22-02.52.17:206][645]LogModuleManager: Shutting down and abandoning module IOSPlatformEditor (201)
[2017.02.22-02.52.17:206][645]LogModuleManager: Shutting down and abandoning module HTML5PlatformEditor (200)
[2017.02.22-02.52.17:206][645]LogModuleManager: Shutting down and abandoning module AndroidDeviceDetection (199)
[2017.02.22-02.52.17:753][645]LogModuleManager: Shutting down and abandoning module AndroidPlatformEditor (198)
[2017.02.22-02.52.17:753][645]LogModuleManager: Shutting down and abandoning module IOSRuntimeSettings (197)
[2017.02.22-02.52.17:753][645]LogModuleManager: Shutting down and abandoning module AndroidRuntimeSettings (196)
[2017.02.22-02.52.17:753][645]LogModuleManager: Shutting down and abandoning module InputBindingEditor (195)
[2017.02.22-02.52.17:753][645]LogModuleManager: Shutting down and abandoning module NiagaraEditor (194)
[2017.02.22-02.52.17:833][645]LogModuleManager: Shutting down and abandoning module MergeActors (193)
[2017.02.22-02.52.17:880][645]LogModuleManager: Shutting down and abandoning module SizeMap (192)
[2017.02.22-02.52.17:890][645]LogModuleManager: Shutting down and abandoning module TreeMap (191)
[2017.02.22-02.52.17:912][645]LogModuleManager: Shutting down and abandoning module ReferenceViewer (190)
[2017.02.22-02.52.17:912][645]LogModuleManager: Shutting down and abandoning module LocalizationService (189)
[2017.02.22-02.52.17:933][645]LogModuleManager: Shutting down and abandoning module LocalizationDashboard (188)
[2017.02.22-02.52.17:982][645]LogModuleManager: Shutting down and abandoning module HardwareTargeting (187)
[2017.02.22-02.52.17:982][645]LogModuleManager: Shutting down and abandoning module DeviceProfileEditor (186)
[2017.02.22-02.52.18:028][645]LogModuleManager: Shutting down and abandoning module UndoHistory (185)
[2017.02.22-02.52.18:046][645]LogModuleManager: Shutting down and abandoning module UserFeedback (184)
[2017.02.22-02.52.18:046][645]LogModuleManager: Shutting down and abandoning module XmlParser (183)
[2017.02.22-02.52.18:065][645]LogModuleManager: Shutting down and abandoning module Blutility (182)
[2017.02.22-02.52.18:075][645]LogModuleManager: Shutting down and abandoning module ProjectTargetPlatformEditor (181)
[2017.02.22-02.52.18:075][645]LogModuleManager: Shutting down and abandoning module ProjectSettingsViewer (180)
[2017.02.22-02.52.18:075][645]LogModuleManager: Shutting down and abandoning module EditorSettingsViewer (179)
[2017.02.22-02.52.18:075][645]LogModuleManager: Shutting down and abandoning module SettingsEditor (178)
[2017.02.22-02.52.18:075][645]LogModuleManager: Shutting down and abandoning module ProjectLauncher (177)
[2017.02.22-02.52.18:181][645]LogModuleManager: Shutting down and abandoning module SessionFrontend (176)
[2017.02.22-02.52.18:211][645]LogModuleManager: Shutting down and abandoning module ProfilerClient (175)
[2017.02.22-02.52.18:243][645]LogModuleManager: Shutting down and abandoning module TargetDeviceServices (174)
[2017.02.22-02.52.18:244][645]LogModuleManager: Shutting down and abandoning module DeviceManager (173)
[2017.02.22-02.52.18:340][645]LogModuleManager: Shutting down and abandoning module AutomationController (172)
[2017.02.22-02.52.18:360][645]LogModuleManager: Shutting down and abandoning module AutomationWindow (171)
[2017.02.22-02.52.18:387][645]LogModuleManager: Shutting down and abandoning module Layers (170)
[2017.02.22-02.52.18:404][645]LogModuleManager: Shutting down and abandoning module ComponentVisualizers (169)
[2017.02.22-02.52.18:404][645]LogModuleManager: Shutting down and abandoning module DetailCustomizations (168)
[2017.02.22-02.52.18:439][645]LogModuleManager: Shutting down and abandoning module PackagesDialog (167)
[2017.02.22-02.52.18:439][645]LogModuleManager: Shutting down and abandoning module AnimGraph (166)
[2017.02.22-02.52.18:439][645]LogModuleManager: Shutting down and abandoning module Persona (165)
[2017.02.22-02.52.18:519][645]LogModuleManager: Shutting down and abandoning module Kismet (164)
[2017.02.22-02.52.18:563][645]LogModuleManager: Shutting down and abandoning module GraphEditor (163)
[2017.02.22-02.52.18:563][645]LogModuleManager: Shutting down and abandoning module ClassViewer (162)
[2017.02.22-02.52.18:581][645]LogModuleManager: Shutting down and abandoning module Toolbox (161)
[2017.02.22-02.52.18:597][645]LogModuleManager: Shutting down and abandoning module ModuleUI (160)
[2017.02.22-02.52.18:642][645]LogModuleManager: Shutting down and abandoning module MovieSceneTools (159)
[2017.02.22-02.52.18:693][645]LogModuleManager: Shutting down and abandoning module OutputLog (158)
[2017.02.22-02.52.18:709][645]LogModuleManager: Shutting down and abandoning module GammaUI (157)
[2017.02.22-02.52.18:779][645]LogModuleManager: Shutting down and abandoning module Documentation (156)
[2017.02.22-02.52.18:779][645]LogModuleManager: Shutting down and abandoning module Niagara (155)
[2017.02.22-02.52.18:779][645]LogModuleManager: Shutting down and abandoning module StreamingPauseRendering (154)
[2017.02.22-02.52.18:779][645]LogModuleManager: Shutting down and abandoning module AnalyticsET (153)
[2017.02.22-02.52.18:779][645]LogModuleManager: Shutting down and abandoning module PortalServices (152)
[2017.02.22-02.52.18:779][645]LogModuleManager: Shutting down and abandoning module PortalRpc (151)
[2017.02.22-02.52.18:779][645]LogModuleManager: Shutting down and abandoning module MessagingRpc (150)
[2017.02.22-02.52.18:779][645]LogModuleManager: Shutting down and abandoning module GameplayDebugger (149)
[2017.02.22-02.52.18:819][645]LogModuleManager: Shutting down and abandoning module AITestSuite (148)
[2017.02.22-02.52.18:887][645]LogModuleManager: Shutting down and abandoning module AIModule (147)
[2017.02.22-02.52.18:888][645]LogModuleManager: Shutting down and abandoning module ProfilerService (146)
[2017.02.22-02.52.19:135][645]LogModuleManager: Shutting down and abandoning module TaskGraph (145)
[2017.02.22-02.52.19:331][645]LogModuleManager: Shutting down and abandoning module SlateRemote (144)
[2017.02.22-02.52.19:331][645]LogModuleManager: Shutting down and abandoning module SteamVRController (143)
[2017.02.22-02.52.19:331][645]LogModuleManager: Shutting down and abandoning module SteamVR (142)
[2017.02.22-02.52.19:331][645]LogModuleManager: Shutting down and abandoning module ProceduralMeshComponentEditor (141)
[2017.02.22-02.52.19:391][645]LogModuleManager: Shutting down and abandoning module ProceduralMeshComponent (140)
[2017.02.22-02.52.19:426][645]LogModuleManager: Shutting down and abandoning module OculusLibrary (139)
[2017.02.22-02.52.19:426][645]LogModuleManager: Shutting down and abandoning module OculusInput (138)
[2017.02.22-02.52.19:426][645]LogModuleManager: Shutting down and abandoning module MobilePatchingUtils (137)
[2017.02.22-02.52.19:426][645]LogModuleManager: Shutting down and abandoning module CustomMeshComponent (136)
[2017.02.22-02.52.19:426][645]LogModuleManager: Shutting down and abandoning module CableComponent (135)
[2017.02.22-02.52.19:469][645]LogModuleManager: Shutting down and abandoning module ArchVisCharacter (134)
[2017.02.22-02.52.19:469][645]LogModuleManager: Shutting down and abandoning module MediaPlayerEditor (132)
[2017.02.22-02.52.19:779][645]LogModuleManager: Shutting down and abandoning module HTML5Networking (131)
[2017.02.22-02.52.19:779][645]LogModuleManager: Shutting down and abandoning module GeometryCacheEd (130)
[2017.02.22-02.52.19:779][645]LogModuleManager: Shutting down and abandoning module GeometryCache (129)
[2017.02.22-02.52.19:779][645]LogModuleManager: Shutting down and abandoning module AlembicLibrary (128)
[2017.02.22-02.52.19:871][645]LogModuleManager: Shutting down and abandoning module AlembicImporter (127)
[2017.02.22-02.52.19:896][645]LogModuleManager: Shutting down and abandoning module SuperSearch (126)
[2017.02.22-02.52.19:896][645]LogModuleManager: Shutting down and abandoning module SuperSearchEditor (125)
[2017.02.22-02.52.19:896][645]LogModuleManager: Shutting down and abandoning module SpeedTreeImporter (124)
[2017.02.22-02.52.19:896][645]LogModuleManager: Shutting down and abandoning module PluginBrowser (123)
[2017.02.22-02.52.19:914][645]LogModuleManager: Shutting down and abandoning module MobileLauncherProfileWizard (122)
[2017.02.22-02.52.19:927][645]LogModuleManager: Shutting down and abandoning module EpicSurvey (121)
[2017.02.22-02.52.19:936][645]LogModuleManager: Shutting down and abandoning module DesktopPlatform (120)
[2017.02.22-02.52.19:937][645]LogModuleManager: Shutting down and abandoning module VisualStudioSourceCodeAccess (119)
[2017.02.22-02.52.19:939][645]LogModuleManager: Shutting down and abandoning module UObjectPlugin (118)
[2017.02.22-02.52.19:939][645]LogModuleManager: Shutting down and abandoning module SubversionSourceControl (117)
[2017.02.22-02.52.19:947][645]LogModuleManager: Shutting down and abandoning module PerforceSourceControl (116)
[2017.02.22-02.52.19:987][645]LogModuleManager: Shutting down and abandoning module SourceControl (115)
[2017.02.22-02.52.20:006][645]LogModuleManager: Shutting down and abandoning module GitSourceControl (114)
[2017.02.22-02.52.20:035][645]LogModuleManager: Shutting down and abandoning module LightPropagationVolumeEditor (113)
[2017.02.22-02.52.20:035][645]LogModuleManager: Shutting down and abandoning module PaperTiledImporter (112)
[2017.02.22-02.52.20:047][645]LogModuleManager: Shutting down and abandoning module PaperSpriteSheetImporter (111)
[2017.02.22-02.52.20:047][645]LogModuleManager: Shutting down and abandoning module MeshPaint (110)
[2017.02.22-02.52.20:047][645]LogModuleManager: Shutting down and abandoning module PixelInspectorModule (109)
[2017.02.22-02.52.20:065][645]LogModuleManager: Shutting down and abandoning module HotReload (108)
[2017.02.22-02.52.20:066][645]LogModuleManager: Shutting down and abandoning module MainFrame (107)
[2017.02.22-02.52.20:066][645]LogModuleManager: Shutting down and abandoning module LevelEditor (106)
[2017.02.22-02.52.20:110][645]LogModuleManager: Shutting down and abandoning module ContentBrowser (105)
[2017.02.22-02.52.20:122][645]LogModuleManager: Shutting down and abandoning module Paper2DEditor (104)
[2017.02.22-02.52.20:138][645]LogModuleManager: Shutting down and abandoning module UdpMessaging (103)
[2017.02.22-02.52.20:238][645]LogModuleManager: Shutting down and abandoning module TcpMessaging (102)
[2017.02.22-02.52.20:358][645]LogModuleManager: Shutting down and abandoning module LightPropagationVolumeRuntime (101)
[2017.02.22-02.52.20:358][645]LogModuleManager: Shutting down and abandoning module Paper2D (100)
[2017.02.22-02.52.20:358][645]LogModuleManager: Shutting down and abandoning module WindowsMoviePlayer (99)
[2017.02.22-02.52.20:376][645]LogModuleManager: Shutting down and abandoning module WmfMedia (98)
[2017.02.22-02.52.20:391][645]LogModuleManager: Shutting down and abandoning module MediaAssets (97)
[2017.02.22-02.52.20:392][645]LogModuleManager: Shutting down and abandoning module GameLiveStreaming (96)
[2017.02.22-02.52.20:412][645]LogModuleManager: Shutting down and abandoning module GameplayTagsEditor (95)
[2017.02.22-02.52.20:412][645]LogModuleManager: Shutting down and abandoning module VREditor (94)
[2017.02.22-02.52.20:412][645]LogModuleManager: Shutting down and abandoning module GameplayTasksEditor (93)
[2017.02.22-02.52.20:412][645]LogModuleManager: Shutting down and abandoning module BehaviorTreeEditor (92)
[2017.02.22-02.52.20:453][645]LogModuleManager: Shutting down and abandoning module FunctionalTesting (91)
[2017.02.22-02.52.20:461][645]LogModuleManager: Shutting down and abandoning module CollisionAnalyzer (90)
[2017.02.22-02.52.20:495][645]LogModuleManager: Shutting down and abandoning module Sequencer (89)
[2017.02.22-02.52.20:589][645]LogModuleManager: Shutting down and abandoning module WorkspaceMenuStructure (88)
[2017.02.22-02.52.20:589][645]LogModuleManager: Shutting down and abandoning module MessageLog (87)
[2017.02.22-02.52.20:589][645]LogModuleManager: Shutting down and abandoning module AssetTools (86)
[2017.02.22-02.52.20:656][645]LogModuleManager: Shutting down and abandoning module UMGEditor (85)
[2017.02.22-02.52.20:702][645]LogModuleManager: Shutting down and abandoning module UMG (84)
[2017.02.22-02.52.20:722][645]LogModuleManager: Shutting down and abandoning module SlateReflector (83)
[2017.02.22-02.52.20:821][645]LogModuleManager: Shutting down and abandoning module Slate (82)
[2017.02.22-02.52.20:821][645]LogModuleManager: Shutting down and abandoning module EditorStyle (81)
[2017.02.22-02.52.20:823][645]LogModuleManager: Shutting down and abandoning module SourceCodeAccess (80)
[2017.02.22-02.52.20:823][645]LogModuleManager: Shutting down and abandoning module HeadMountedDisplay (79)
[2017.02.22-02.52.20:824][645]LogModuleManager: Shutting down and abandoning module XAudio2 (78)
[2017.02.22-02.52.20:824][645]LogModuleManager: Shutting down and abandoning module Networking (76)
[2017.02.22-02.52.20:824][645]LogModuleManager: Shutting down and abandoning module Core (75)
[2017.02.22-02.52.20:824][645]LogModuleManager: Shutting down and abandoning module DirectoryWatcher (74)
[2017.02.22-02.52.20:824][645]LogDirectoryWatcher: A directory notification for '../../../Engine/Content/' was aborted.
[2017.02.22-02.52.20:824][645]LogDirectoryWatcher: A directory notification for 'C:/Users/nathan/Desktop/ChimeraGames/Abyss/Content/' was aborted.
[2017.02.22-02.52.20:824][645]LogDirectoryWatcher: A directory notification for '../../../Engine/Plugins/2D/Paper2D/Content/' was aborted.
[2017.02.22-02.52.20:842][645]LogModuleManager: Shutting down and abandoning module AssetRegistry (73)
[2017.02.22-02.52.21:013][645]LogModuleManager: Shutting down and abandoning module KismetCompiler (72)
[2017.02.22-02.52.21:014][645]LogModuleManager: Shutting down and abandoning module PhysXFormats (71)
[2017.02.22-02.52.21:027][645]LogModuleManager: Shutting down and abandoning module SimplygonSwarm (70)
[2017.02.22-02.52.21:055][645]LogModuleManager: Shutting down and abandoning module SimplygonMeshReduction (69)
[2017.02.22-02.52.21:069][645]LogModuleManager: Shutting down and abandoning module QuadricMeshReduction (68)
[2017.02.22-02.52.21:092][645]LogModuleManager: Shutting down and abandoning module PropertyEditor (67)
[2017.02.22-02.52.21:092][645]LogModuleManager: Shutting down and abandoning module MeshUtilities (66)
[2017.02.22-02.52.21:148][645]LogModuleManager: Shutting down and abandoning module DerivedDataCache (65)
[2017.02.22-02.52.21:246][645]LogDerivedDataCache: Shutdown
[2017.02.22-02.52.21:267][645]LogModuleManager: Shutting down and abandoning module VulkanShaderFormat (64)
[2017.02.22-02.52.21:286][645]LogModuleManager: Shutting down and abandoning module ShaderFormatOpenGL (63)
[2017.02.22-02.52.21:330][645]LogModuleManager: Shutting down and abandoning module ShaderFormatD3D (62)
[2017.02.22-02.52.21:350][645]LogModuleManager: Shutting down and abandoning module MetalShaderFormat (61)
[2017.02.22-02.52.21:405][645]LogModuleManager: Shutting down and abandoning module TextureFormatUncompressed (60)
[2017.02.22-02.52.21:405][645]LogModuleManager: Shutting down and abandoning module TextureFormatPVR (59)
[2017.02.22-02.52.21:415][645]LogModuleManager: Shutting down and abandoning module TextureFormatDXT (58)
[2017.02.22-02.52.21:431][645]LogModuleManager: Shutting down and abandoning module TextureFormatIntelISPCTexComp (57)
[2017.02.22-02.52.21:454][645]LogModuleManager: Shutting down and abandoning module ImageWrapper (56)
[2017.02.22-02.52.21:454][645]LogModuleManager: Shutting down and abandoning module TextureFormatASTC (55)
[2017.02.22-02.52.21:454][645]LogModuleManager: Shutting down and abandoning module TextureFormatAndroid (54)
[2017.02.22-02.52.21:454][645]LogModuleManager: Shutting down and abandoning module AudioFormatOpus (53)
[2017.02.22-02.52.21:482][645]LogModuleManager: Shutting down and abandoning module AudioFormatOgg (52)
[2017.02.22-02.52.21:498][645]LogModuleManager: Shutting down and abandoning module AudioFormatADPCM (51)
[2017.02.22-02.52.21:498][645]LogModuleManager: Shutting down and abandoning module LinuxTargetPlatform (50)
[2017.02.22-02.52.21:498][645]LogModuleManager: Shutting down and abandoning module LinuxServerTargetPlatform (49)
[2017.02.22-02.52.21:512][645]LogModuleManager: Shutting down and abandoning module LinuxNoEditorTargetPlatform (48)
[2017.02.22-02.52.21:530][645]LogModuleManager: Shutting down and abandoning module LinuxClientTargetPlatform (47)
[2017.02.22-02.52.21:543][645]LogModuleManager: Shutting down and abandoning module TVOSTargetPlatform (46)
[2017.02.22-02.52.21:543][645]LogModuleManager: Shutting down and abandoning module Messaging (45)
[2017.02.22-02.52.21:543][645]LogModuleManager: Shutting down and abandoning module IOSTargetPlatform (44)
[2017.02.22-02.52.21:543][645]LogModuleManager: Shutting down and abandoning module HTML5TargetPlatform (43)
[2017.02.22-02.52.21:543][645]LogModuleManager: Shutting down and abandoning module Android_PVRTCTargetPlatform (42)
[2017.02.22-02.52.21:543][645]LogModuleManager: Shutting down and abandoning module Android_MultiTargetPlatform (41)
[2017.02.22-02.52.21:543][645]LogModuleManager: Shutting down and abandoning module Android_ETC2TargetPlatform (40)
[2017.02.22-02.52.21:543][645]LogModuleManager: Shutting down and abandoning module Android_ETC1TargetPlatform (39)
[2017.02.22-02.52.21:543][645]LogModuleManager: Shutting down and abandoning module Android_DXTTargetPlatform (38)
[2017.02.22-02.52.21:543][645]LogModuleManager: Shutting down and abandoning module Android_ATCTargetPlatform (37)
[2017.02.22-02.52.21:543][645]LogModuleManager: Shutting down and abandoning module Android_ASTCTargetPlatform (36)
[2017.02.22-02.52.21:543][645]LogModuleManager: Shutting down and abandoning module AndroidTargetPlatform (35)
[2017.02.22-02.52.21:543][645]LogModuleManager: Shutting down and abandoning module WindowsTargetPlatform (34)
[2017.02.22-02.52.21:543][645]LogModuleManager: Shutting down and abandoning module WindowsServerTargetPlatform (33)
[2017.02.22-02.52.21:552][645]LogModuleManager: Shutting down and abandoning module WindowsNoEditorTargetPlatform (32)
[2017.02.22-02.52.21:566][645]LogModuleManager: Shutting down and abandoning module WindowsClientTargetPlatform (31)
[2017.02.22-02.52.21:570][645]LogModuleManager: Shutting down and abandoning module MacTargetPlatform (30)
[2017.02.22-02.52.21:570][645]LogModuleManager: Shutting down and abandoning module MacServerTargetPlatform (29)
[2017.02.22-02.52.21:570][645]LogModuleManager: Shutting down and abandoning module MacNoEditorTargetPlatform (28)
[2017.02.22-02.52.21:570][645]LogModuleManager: Shutting down and abandoning module MacClientTargetPlatform (27)
[2017.02.22-02.52.21:570][645]LogModuleManager: Shutting down and abandoning module AllDesktopTargetPlatform (26)
[2017.02.22-02.52.21:570][645]LogModuleManager: Shutting down and abandoning module TargetPlatform (25)
[2017.02.22-02.52.21:570][645]LogModuleManager: Shutting down and abandoning module InputCore (24)
[2017.02.22-02.52.21:570][645]LogModuleManager: Shutting down and abandoning module Settings (23)
[2017.02.22-02.52.21:580][645]LogModuleManager: Shutting down and abandoning module OculusRift (22)
[2017.02.22-02.52.21:599][645]LogModuleManager: Shutting down and abandoning module ExampleDeviceProfileSelector (21)
[2017.02.22-02.52.21:599][645]LogModuleManager: Shutting down and abandoning module OnlineBlueprintSupport (20)
[2017.02.22-02.52.21:599][645]LogModuleManager: Shutting down and abandoning module OnlineSubsystem (18)
[2017.02.22-02.52.21:599][645]LogOnline:Display: Unloading online subsystem: NULL
[2017.02.22-02.52.21:613][645]LogModuleManager: Shutting down and abandoning module SSL (17)
[2017.02.22-02.52.21:622][645]LogModuleManager: Shutting down and abandoning module HTTP (16)
[2017.02.22-02.52.21:622][645]LogModuleManager: Shutting down and abandoning module XMPP (15)
[2017.02.22-02.52.21:647][645]LogModuleManager: Shutting down and abandoning module TextureCompressor (14)
[2017.02.22-02.52.21:663][645]LogModuleManager: Shutting down and abandoning module ShaderCore (13)
[2017.02.22-02.52.21:663][645]LogModuleManager: Shutting down and abandoning module Landscape (12)
[2017.02.22-02.52.21:663][645]LogModuleManager: Shutting down and abandoning module SlateRHIRenderer (11)
[2017.02.22-02.52.21:717][645]LogModuleManager: Shutting down and abandoning module OpenGLDrv (10)
[2017.02.22-02.52.21:751][645]LogModuleManager: Shutting down and abandoning module D3D11RHI (9)
[2017.02.22-02.52.21:751][645]LogModuleManager: Shutting down and abandoning module AnimGraphRuntime (8)
[2017.02.22-02.52.21:769][645]LogModuleManager: Shutting down and abandoning module Renderer (7)
[2017.02.22-02.52.21:779][645]LogModuleManager: Shutting down and abandoning module Engine (6)
[2017.02.22-02.52.21:779][645]LogModuleManager: Shutting down and abandoning module CoreUObject (5)
[2017.02.22-02.52.21:779][645]LogModuleManager: Shutting down and abandoning module NetworkFile (4)
[2017.02.22-02.52.21:787][645]LogModuleManager: Shutting down and abandoning module StreamingFile (3)
[2017.02.22-02.52.21:798][645]LogModuleManager: Shutting down and abandoning module SandboxFile (2)
[2017.02.22-02.52.21:805][645]LogModuleManager: Shutting down and abandoning module PakFile (1)
[2017.02.22-02.52.21:844][645]LogExit: Exiting.
[2017.02.22-02.52.21:862][645]Log file closed, 02/21/17 21:52:21
