Log file open, 03/06/17 18:26:38
LogInit:Display: Running engine for game: Abyss
LogPlatformFile: Not using cached read wrapper
LogInit:Display: RandInit(1491395326) SRandInit(1491395326).
LogTaskGraph: Started task graph with 5 named threads and 8 total threads with 1 sets of task threads.
LogStats: Stats thread started at 0.084705
LogPluginManager: Loaded Plugin Paper2D, From D:/UE4/UE_4.14/Engine/Plugins/2D/Paper2D/Paper2D.uplugin
LogPluginManager: Loaded Plugin LightPropagationVolume, From D:/UE4/UE_4.14/Engine/Plugins/Blendables/LightPropagationVolume/LightPropagationVolume.uplugin
LogPluginManager: Loaded Plugin BlankPlugin, From D:/UE4/UE_4.14/Engine/Plugins/Developer/BlankPlugin/BlankPlugin.uplugin
LogPluginManager: Loaded Plugin CodeLiteSourceCodeAccess, From D:/UE4/UE_4.14/Engine/Plugins/Developer/CodeLiteSourceCodeAccess/CodeLiteSourceCodeAccess.uplugin
LogPluginManager: Loaded Plugin GitSourceControl, From D:/UE4/UE_4.14/Engine/Plugins/Developer/GitSourceControl/GitSourceControl.uplugin
LogPluginManager: Loaded Plugin KDevelopSourceCodeAccess, From D:/UE4/UE_4.14/Engine/Plugins/Developer/KDevelopSourceCodeAccess/KDevelopSourceCodeAccess.uplugin
LogPluginManager: Loaded Plugin NullSourceCodeAccess, From D:/UE4/UE_4.14/Engine/Plugins/Developer/NullSourceCodeAccess/NullSourceCodeAccess.uplugin
LogPluginManager: Loaded Plugin OneSkyLocalizationService, From D:/UE4/UE_4.14/Engine/Plugins/Developer/OneSkyLocalizationService/OneSkyLocalizationService.uplugin
LogPluginManager: Loaded Plugin PerforceSourceControl, From D:/UE4/UE_4.14/Engine/Plugins/Developer/PerforceSourceControl/PerforceSourceControl.uplugin
LogPluginManager: Loaded Plugin SubversionSourceControl, From D:/UE4/UE_4.14/Engine/Plugins/Developer/SubversionSourceControl/SubversionSourceControl.uplugin
LogPluginManager: Loaded Plugin UObjectPlugin, From D:/UE4/UE_4.14/Engine/Plugins/Developer/UObjectPlugin/UObjectPlugin.uplugin
LogPluginManager: Loaded Plugin VisualStudioSourceCodeAccess, From D:/UE4/UE_4.14/Engine/Plugins/Developer/VisualStudioSourceCodeAccess/VisualStudioSourceCodeAccess.uplugin
LogPluginManager: Loaded Plugin XCodeSourceCodeAccess, From D:/UE4/UE_4.14/Engine/Plugins/Developer/XCodeSourceCodeAccess/XCodeSourceCodeAccess.uplugin
LogPluginManager: Loaded Plugin AudioCapture, From D:/UE4/UE_4.14/Engine/Plugins/Editor/AudioCapture/AudioCapture.uplugin
LogPluginManager: Loaded Plugin EpicSurvey, From D:/UE4/UE_4.14/Engine/Plugins/Editor/EpicSurvey/EpicSurvey.uplugin
LogPluginManager: Loaded Plugin MacGraphicsSwitching, From D:/UE4/UE_4.14/Engine/Plugins/Editor/MacGraphicsSwitching/MacGraphicsSwitching.uplugin
LogPluginManager: Loaded Plugin MobileLauncherProfileWizard, From D:/UE4/UE_4.14/Engine/Plugins/Editor/MobileLauncherProfileWizard/MobileLauncherProfileWizard.uplugin
LogPluginManager: Loaded Plugin PluginBrowser, From D:/UE4/UE_4.14/Engine/Plugins/Editor/PluginBrowser/PluginBrowser.uplugin
LogPluginManager: Loaded Plugin SpeedTreeImporter, From D:/UE4/UE_4.14/Engine/Plugins/Editor/SpeedTreeImporter/SpeedTreeImporter.uplugin
LogPluginManager: Loaded Plugin SuperSearchEditor, From D:/UE4/UE_4.14/Engine/Plugins/Editor/SuperSearchEditor/SuperSearchEditor.uplugin
LogPluginManager: Loaded Plugin AlembicImporter, From D:/UE4/UE_4.14/Engine/Plugins/Experimental/AlembicImporter/AlembicImporter.uplugin
LogPluginManager: Loaded Plugin BlueprintStats, From D:/UE4/UE_4.14/Engine/Plugins/Experimental/BlueprintStats/BlueprintStats.uplugin
LogPluginManager: Loaded Plugin CharacterAI, From D:/UE4/UE_4.14/Engine/Plugins/Experimental/CharacterAI/CharacterAI.uplugin
LogPluginManager: Loaded Plugin CodeEditor, From D:/UE4/UE_4.14/Engine/Plugins/Experimental/CodeEditor/CodeEditor.uplugin
LogPluginManager: Loaded Plugin CodeView, From D:/UE4/UE_4.14/Engine/Plugins/Experimental/CodeView/CodeView.uplugin
LogPluginManager: Loaded Plugin HTML5Networking, From D:/UE4/UE_4.14/Engine/Plugins/Experimental/HTML5Networking/HTML5Networking.uplugin
LogPluginManager: Loaded Plugin OSVR, From D:/UE4/UE_4.14/Engine/Plugins/Experimental/OSVR/OSVR.uplugin
LogPluginManager: Loaded Plugin Phya, From D:/UE4/UE_4.14/Engine/Plugins/Experimental/Phya/Phya.uplugin
LogPluginManager: Loaded Plugin SignificanceManager, From D:/UE4/UE_4.14/Engine/Plugins/Experimental/SignificanceManager/SignificanceManager.uplugin
LogPluginManager: Loaded Plugin SimpleHMD, From D:/UE4/UE_4.14/Engine/Plugins/Experimental/SimpleHMD/SimpleHMD.uplugin
LogPluginManager: Loaded Plugin StereoPanorama, From D:/UE4/UE_4.14/Engine/Plugins/Experimental/StereoPanorama/StereoPanorama.uplugin
LogPluginManager: Loaded Plugin StructBox, From D:/UE4/UE_4.14/Engine/Plugins/Experimental/StructBox/StructBox.uplugin
LogPluginManager: Loaded Plugin HGGifImporter, From D:/UE4/UE_4.14/Engine/Plugins/Marketplace/HGGifImporter/HGGifImporter.uplugin
LogPluginManager: Loaded Plugin UnrealJS, From D:/UE4/UE_4.14/Engine/Plugins/Marketplace/UnrealJS/UnrealJS.uplugin
LogPluginManager: Loaded Plugin AndroidMedia, From D:/UE4/UE_4.14/Engine/Plugins/Media/AndroidMedia/AndroidMedia.uplugin
LogPluginManager: Loaded Plugin AvfMedia, From D:/UE4/UE_4.14/Engine/Plugins/Media/AvfMedia/AvfMedia.uplugin
LogPluginManager: Loaded Plugin MediaPlayerEditor, From D:/UE4/UE_4.14/Engine/Plugins/Media/MediaPlayerEditor/MediaPlayerEditor.uplugin
LogPluginManager: Loaded Plugin WmfMedia, From D:/UE4/UE_4.14/Engine/Plugins/Media/WmfMedia/WmfMedia.uplugin
LogPluginManager: Loaded Plugin MessagingDebugger, From D:/UE4/UE_4.14/Engine/Plugins/Messaging/MessagingDebugger/MessagingDebugger.uplugin
LogPluginManager: Loaded Plugin TcpMessaging, From D:/UE4/UE_4.14/Engine/Plugins/Messaging/TcpMessaging/TcpMessaging.uplugin
LogPluginManager: Loaded Plugin UdpMessaging, From D:/UE4/UE_4.14/Engine/Plugins/Messaging/UdpMessaging/UdpMessaging.uplugin
LogPluginManager: Loaded Plugin LevelSequenceEditor, From D:/UE4/UE_4.14/Engine/Plugins/MovieScene/LevelSequenceEditor/LevelSequenceEditor.uplugin
LogPluginManager: Loaded Plugin MatineeToLevelSequence, From D:/UE4/UE_4.14/Engine/Plugins/MovieScene/MatineeToLevelSequence/MatineeToLevelSequence.uplugin
LogPluginManager: Loaded Plugin NetcodeUnitTest, From D:/UE4/UE_4.14/Engine/Plugins/NetcodeUnitTest/NetcodeUnitTest/NetcodeUnitTest.uplugin
LogPluginManager: Loaded Plugin NUTUnrealEngine4, From D:/UE4/UE_4.14/Engine/Plugins/NetcodeUnitTest/NUTUnrealEngine4/NUTUnrealEngine4.uplugin
LogPluginManager: Loaded Plugin OnlineSubsystemGameCircle, From D:/UE4/UE_4.14/Engine/Plugins/Online/Android/OnlineSubsystemGameCircle/OnlineSubsystemGameCircle.uplugin
LogPluginManager: Loaded Plugin OnlineSubsystemGooglePlay, From D:/UE4/UE_4.14/Engine/Plugins/Online/Android/OnlineSubsystemGooglePlay/OnlineSubsystemGooglePlay.uplugin
LogPluginManager: Loaded Plugin OnlineSubsystemIOS, From D:/UE4/UE_4.14/Engine/Plugins/Online/IOS/OnlineSubsystemIOS/OnlineSubsystemIOS.uplugin
LogPluginManager: Loaded Plugin OnlineFramework, From D:/UE4/UE_4.14/Engine/Plugins/Online/OnlineFramework/OnlineFramework.uplugin
LogPluginManager: Loaded Plugin OnlineSubsystem, From D:/UE4/UE_4.14/Engine/Plugins/Online/OnlineSubsystem/OnlineSubsystem.uplugin
LogPluginManager: Loaded Plugin OnlineSubsystemAmazon, From D:/UE4/UE_4.14/Engine/Plugins/Online/OnlineSubsystemAmazon/OnlineSubsystemAmazon.uplugin
LogPluginManager: Loaded Plugin OnlineSubsystemFacebook, From D:/UE4/UE_4.14/Engine/Plugins/Online/OnlineSubsystemFacebook/OnlineSubsystemFacebook.uplugin
LogPluginManager: Loaded Plugin OnlineSubsystemNull, From D:/UE4/UE_4.14/Engine/Plugins/Online/OnlineSubsystemNull/OnlineSubsystemNull.uplugin
LogPluginManager: Loaded Plugin OnlineSubsystemOculus, From D:/UE4/UE_4.14/Engine/Plugins/Online/OnlineSubsystemOculus/OnlineSubsystemOculus.uplugin
LogPluginManager: Loaded Plugin OnlineSubsystemSteam, From D:/UE4/UE_4.14/Engine/Plugins/Online/OnlineSubsystemSteam/OnlineSubsystemSteam.uplugin
LogPluginManager: Loaded Plugin OnlineSubsystemUtils, From D:/UE4/UE_4.14/Engine/Plugins/Online/OnlineSubsystemUtils/OnlineSubsystemUtils.uplugin
LogPluginManager: Loaded Plugin IOSTapJoy, From D:/UE4/UE_4.14/Engine/Plugins/Runtime/Advertising/IOSTapJoy/IOSTapJoy.uplugin
LogPluginManager: Loaded Plugin AnalyticsBlueprintLibrary, From D:/UE4/UE_4.14/Engine/Plugins/Runtime/Analytics/AnalyticsBlueprintLibrary/AnalyticsBlueprintLibrary.uplugin
LogPluginManager: Loaded Plugin AnalyticsMulticast, From D:/UE4/UE_4.14/Engine/Plugins/Runtime/Analytics/AnalyticsMulticast/AnalyticsMulticast.uplugin
LogPluginManager: Loaded Plugin Apsalar, From D:/UE4/UE_4.14/Engine/Plugins/Runtime/Analytics/Apsalar/Apsalar.uplugin
LogPluginManager: Loaded Plugin FileLogging, From D:/UE4/UE_4.14/Engine/Plugins/Runtime/Analytics/FileLogging/FileLogging.uplugin
LogPluginManager: Loaded Plugin Flurry, From D:/UE4/UE_4.14/Engine/Plugins/Runtime/Analytics/Flurry/Flurry.uplugin
LogPluginManager: Loaded Plugin AndroidDeviceProfileSelector, From D:/UE4/UE_4.14/Engine/Plugins/Runtime/AndroidDeviceProfileSelector/AndroidDeviceProfileSelector.uplugin
LogPluginManager: Loaded Plugin AndroidMoviePlayer, From D:/UE4/UE_4.14/Engine/Plugins/Runtime/AndroidMoviePlayer/AndroidMoviePlayer.uplugin
LogPluginManager: Loaded Plugin AppleMoviePlayer, From D:/UE4/UE_4.14/Engine/Plugins/Runtime/AppleMoviePlayer/AppleMoviePlayer.uplugin
LogPluginManager: Loaded Plugin ArchVisCharacter, From D:/UE4/UE_4.14/Engine/Plugins/Runtime/ArchVisCharacter/ArchVisCharacter.uplugin
LogPluginManager: Loaded Plugin CableComponent, From D:/UE4/UE_4.14/Engine/Plugins/Runtime/CableComponent/CableComponent.uplugin
LogPluginManager: Loaded Plugin CustomMeshComponent, From D:/UE4/UE_4.14/Engine/Plugins/Runtime/CustomMeshComponent/CustomMeshComponent.uplugin
LogPluginManager: Loaded Plugin ExampleDeviceProfileSelector, From D:/UE4/UE_4.14/Engine/Plugins/Runtime/ExampleDeviceProfileSelector/ExampleDeviceProfileSelector.uplugin
LogPluginManager: Loaded Plugin GearVR, From D:/UE4/UE_4.14/Engine/Plugins/Runtime/GearVR/GearVR.uplugin
LogPluginManager: Loaded Plugin GoogleVRController, From D:/UE4/UE_4.14/Engine/Plugins/Runtime/GoogleVR/GoogleVRController/GoogleVRController.uplugin
LogPluginManager: Loaded Plugin GoogleVRHMD, From D:/UE4/UE_4.14/Engine/Plugins/Runtime/GoogleVR/GoogleVRHMD/GoogleVRHMD.uplugin
LogPluginManager: Loaded Plugin IOSDeviceProfileSelector, From D:/UE4/UE_4.14/Engine/Plugins/Runtime/IOSDeviceProfileSelector/IOSDeviceProfileSelector.uplugin
LogPluginManager: Loaded Plugin LeapMotion, From D:/UE4/UE_4.14/Engine/Plugins/Runtime/LeapMotion/LeapMotion.uplugin
LogPluginManager: Loaded Plugin LinuxDeviceProfileSelector, From D:/UE4/UE_4.14/Engine/Plugins/Runtime/LinuxDeviceProfileSelector/LinuxDeviceProfileSelector.uplugin
LogPluginManager: Loaded Plugin MIDIDevice, From D:/UE4/UE_4.14/Engine/Plugins/Runtime/MIDIDevice/MIDIDevice.uplugin
LogPluginManager: Loaded Plugin MobilePatchingUtils, From D:/UE4/UE_4.14/Engine/Plugins/Runtime/MobilePatchingUtils/MobilePatchingUtils.uplugin
LogPluginManager: Loaded Plugin Ansel, From D:/UE4/UE_4.14/Engine/Plugins/Runtime/Nvidia/Ansel/Ansel.uplugin
LogPluginManager: Loaded Plugin OculusAudio, From D:/UE4/UE_4.14/Engine/Plugins/Runtime/OculusAudio/OculusAudio.uplugin
LogPluginManager: Loaded Plugin OculusInput, From D:/UE4/UE_4.14/Engine/Plugins/Runtime/OculusInput/OculusInput.uplugin
LogPluginManager: Loaded Plugin OculusLibrary, From D:/UE4/UE_4.14/Engine/Plugins/Runtime/OculusLibrary/OculusLibrary.uplugin
LogPluginManager: Loaded Plugin OculusRift, From D:/UE4/UE_4.14/Engine/Plugins/Runtime/OculusRift/OculusRift.uplugin
LogPluginManager: Loaded Plugin Oodle, From D:/UE4/UE_4.14/Engine/Plugins/Runtime/PacketHandlers/CompressionComponents/Oodle/Oodle.uplugin
LogPluginManager: Loaded Plugin ProceduralMeshComponent, From D:/UE4/UE_4.14/Engine/Plugins/Runtime/ProceduralMeshComponent/ProceduralMeshComponent.uplugin
LogPluginManager: Loaded Plugin SoundMod, From D:/UE4/UE_4.14/Engine/Plugins/Runtime/SoundMod/SoundMod.uplugin
LogPluginManager: Loaded Plugin SoundVisualizations, From D:/UE4/UE_4.14/Engine/Plugins/Runtime/SoundVisualizations/SoundVisualizations.uplugin
LogPluginManager: Loaded Plugin SteamController, From D:/UE4/UE_4.14/Engine/Plugins/Runtime/Steam/SteamController/SteamController.uplugin
LogPluginManager: Loaded Plugin SteamVR, From D:/UE4/UE_4.14/Engine/Plugins/Runtime/Steam/SteamVR/SteamVR.uplugin
LogPluginManager: Loaded Plugin WebBrowserWidget, From D:/UE4/UE_4.14/Engine/Plugins/Runtime/WebBrowserWidget/WebBrowserWidget.uplugin
LogPluginManager: Loaded Plugin WindowsDeviceProfileSelector, From D:/UE4/UE_4.14/Engine/Plugins/Runtime/WindowsDeviceProfileSelector/WindowsDeviceProfileSelector.uplugin
LogPluginManager: Loaded Plugin WindowsMoviePlayer, From D:/UE4/UE_4.14/Engine/Plugins/Runtime/WindowsMoviePlayer/WindowsMoviePlayer.uplugin
LogPluginManager: Loaded Plugin ScriptPlugin, From D:/UE4/UE_4.14/Engine/Plugins/ScriptPlugin/ScriptPlugin.uplugin
LogPluginManager: Loaded Plugin SlateRemote, From D:/UE4/UE_4.14/Engine/Plugins/Slate/SlateRemote/SlateRemote.uplugin
LogPluginManager: Loaded Plugin EditorTests, From D:/UE4/UE_4.14/Engine/Plugins/Tests/EditorTests/EditorTests.uplugin
LogPluginManager: Loaded Plugin FbxAutomationTestBuilder, From D:/UE4/UE_4.14/Engine/Plugins/Tests/FbxAutomationTestBuilder/FbxAutomationTestBuilder.uplugin
LogPluginManager: Loaded Plugin FunctionalTestingEditor, From D:/UE4/UE_4.14/Engine/Plugins/Tests/FunctionalTestingEditor/FunctionalTestingEditor.uplugin
LogPluginManager: Loaded Plugin RuntimeTests, From D:/UE4/UE_4.14/Engine/Plugins/Tests/RuntimeTests/RuntimeTests.uplugin
LogPluginManager: Loaded Plugin ScreenshotTools, From D:/UE4/UE_4.14/Engine/Plugins/Tests/ScreenshotTools/ScreenshotTools.uplugin
LogInit: Using libcurl 7.47.1
LogInit:  - built for x86_64-pc-win32
LogInit:  - supports SSL with OpenSSL/1.0.2g
LogInit:  - supports HTTP deflate (compression) using libz 1.2.8
LogInit:  - other features:
LogInit:      CURL_VERSION_SSL
LogInit:      CURL_VERSION_LIBZ
LogInit:      CURL_VERSION_IPV6
LogInit:      CURL_VERSION_ASYNCHDNS
LogInit:      CURL_VERSION_LARGEFILE
LogInit:      CURL_VERSION_IDN
LogInit:  CurlRequestOptions (configurable via config and command line):
LogInit:  - bVerifyPeer = false  - Libcurl will NOT verify peer certificate
LogInit:  - bUseHttpProxy = false  - Libcurl will NOT use HTTP proxy
LogInit:  - bDontReuseConnections = false  - Libcurl will reuse connections
LogInit:  - CertBundlePath = nullptr  - Libcurl will use whatever was configured at build time.
LogInit: Build: ++UE4+Release-4.14-CL-3249277
LogInit: Engine Version: 4.14.3-3249277+++UE4+Release-4.14
LogInit: Compatible Engine Version: 4.14.0-3195953+++UE4+Release-4.14
LogInit: Net CL: 3195953
LogDevObjectVersion: Number of dev versions registered: 13
LogDevObjectVersion:   Dev-Blueprints (B0D832E4-1F89-4F0D-ACCF-7EB736FD4AA2): 7
LogDevObjectVersion:   Dev-Build (E1C64328-A22C-4D53-A36C-8E866417BD8C): 0
LogDevObjectVersion:   Dev-Core (375EC13C-06E4-48FB-B500-84F0262A717E): 1
LogDevObjectVersion:   Dev-Editor (E4B068ED-F494-42E9-A231-DA0B2E46BB41): 8
LogDevObjectVersion:   Dev-Framework (CFFC743F-43B0-4480-9391-14DF171D2073): 17
LogDevObjectVersion:   Dev-Mobile (B02B49B5-BB20-44E9-A304-32B752E40360): 0
LogDevObjectVersion:   Dev-Networking (A4E4105C-59A1-49B5-A7C5-40C4547EDFEE): 0
LogDevObjectVersion:   Dev-Online (39C831C9-5AE6-47DC-9A44-9C173E1C8E7C): 0
LogDevObjectVersion:   Dev-Physics (78F01B33-EBEA-4F98-B9B4-84EACCB95AA2): 0
LogDevObjectVersion:   Dev-Platform (6631380F-2D4D-43E0-8009-CF276956A95A): 0
LogDevObjectVersion:   Dev-Rendering (12F88B9F-8875-4AFC-A67C-D90C383ABD29): 12
LogDevObjectVersion:   Dev-Sequencer (7B5AE74C-D270-4C10-A958-57980B212A5A): 1
LogDevObjectVersion:   Dev-VR (D7296918-1DD6-4BDD-9DE2-64A83CC13884): 0
LogInit: Compiled (64-bit): Jan  6 2017 10:49:43
LogInit: Compiled with Visual C++: 19.00.23026.00
LogInit: Build Configuration: Development
LogInit: Branch Name: ++UE4+Release-4.14
LogInit: Command line:  
LogInit: Base directory: D:/UE4/UE_4.14/Engine/Binaries/Win64/
LogInit: Installed Engine Build: 1
LogInit: Presizing for max 8388607 objects, including 0 objects not considered by GC, pre-allocating 0 bytes for permanent pool.
LogInit: Object subsystem initialized
[2017.03.06-23.26.38:985][  0]LogInit: Selected Device Profile: [Windows]
[2017.03.06-23.26.38:985][  0]LogInit: Applying CVar settings loaded from the selected device profile: [Windows]
[2017.03.06-23.26.39:000][  0]LogInit: Computer: NATHAN-PC
[2017.03.06-23.26.39:000][  0]LogInit: User: nathan
[2017.03.06-23.26.39:000][  0]LogInit: CPU Page size=65536, Cores=4
[2017.03.06-23.26.39:000][  0]LogInit: High frequency timer resolution =3.897831 MHz
[2017.03.06-23.26.39:000][  0]LogMemory: Memory total: Physical=16.0GB (16GB approx)
[2017.03.06-23.26.39:000][  0]LogMemory: Platform Memory Stats for Windows
[2017.03.06-23.26.39:000][  0]LogMemory: Process Physical Memory: 266.85 MB used, 266.85 MB peak
[2017.03.06-23.26.39:000][  0]LogMemory: Process Virtual Memory: 262.64 MB used, 262.64 MB peak
[2017.03.06-23.26.39:000][  0]LogMemory: Physical Memory: 4369.59 MB used,  11972.10 MB free, 16341.69 MB total
[2017.03.06-23.26.39:000][  0]LogMemory: Virtual Memory: 675.18 MB used,  11972.10 MB free, 134217728.00 MB total
[2017.03.06-23.26.39:037][  0]LogTextLocalizationManager: No specific translations for ('en-US') exist, so ('en') translations will be used.
[2017.03.06-23.26.39:838][  0]LogD3D11RHI: D3D11 adapters:
[2017.03.06-23.26.40:425][  0]LogD3D11RHI:    0. 'NVIDIA GeForce GTX 960' (Feature Level 11_0)
[2017.03.06-23.26.40:425][  0]LogD3D11RHI:       4061/0/8170 MB DedicatedVideo/DedicatedSystem/SharedSystem, Outputs:2, VendorId:0x10de
[2017.03.06-23.26.40:427][  0]LogD3D11RHI:    1. 'Microsoft Basic Render Driver' (Feature Level 11_0)
[2017.03.06-23.26.40:427][  0]LogD3D11RHI:       0/0/8170 MB DedicatedVideo/DedicatedSystem/SharedSystem, Outputs:0, VendorId:0x1414
[2017.03.06-23.26.40:427][  0]LogD3D11RHI: Chosen D3D11 Adapter: 0
[2017.03.06-23.26.40:434][  0]LogD3D11RHI: Creating new Direct3DDevice
[2017.03.06-23.26.40:434][  0]LogD3D11RHI:     GPU DeviceId: 0x1401 (for the marketing name, search the web for "GPU Device Id")
[2017.03.06-23.26.40:434][  0]LogWindows: EnumDisplayDevices:
[2017.03.06-23.26.40:435][  0]LogWindows:    0. 'NVIDIA GeForce GTX 960' (P:1 D:1)
[2017.03.06-23.26.40:435][  0]LogWindows:    1. 'NVIDIA GeForce GTX 960' (P:0 D:1)
[2017.03.06-23.26.40:436][  0]LogWindows:    2. 'NVIDIA GeForce GTX 960' (P:0 D:0)
[2017.03.06-23.26.40:437][  0]LogWindows:    3. 'NVIDIA GeForce GTX 960' (P:0 D:0)
[2017.03.06-23.26.40:437][  0]LogWindows: DebugString: FoundDriverCount:4 
[2017.03.06-23.26.40:437][  0]LogD3D11RHI:     Adapter Name: NVIDIA GeForce GTX 960
[2017.03.06-23.26.40:437][  0]LogD3D11RHI:   Driver Version: 376.53 (internal:21.21.13.7653, unified:376.53)
[2017.03.06-23.26.40:437][  0]LogD3D11RHI:      Driver Date: 12-29-2016
[2017.03.06-23.26.40:437][  0]LogRHI: Texture pool is 1361 MB (70% of 1945 MB)
[2017.03.06-23.26.40:951][  0]LogD3D11RHI: Async texture creation enabled
[2017.03.06-23.26.41:008][  0]LogD3D11RHI: GPU Timing Frequency: 1000.000000 (Debug: 2 1)
[2017.03.06-23.26.41:008][  0]LogShaderCompilers: Guid format shader working directory is 13 characters bigger than the processId version (C:/Users/nathan/Desktop/Test/Abyss/Intermediate/Shaders/WorkingDirectory/1068/).
[2017.03.06-23.26.41:008][  0]LogShaderCompilers: Cleaned the shader compiler working directory 'C:/Users/nathan/AppData/Local/Temp/UnrealShaderWorkingDir/4B8AA95849280D5C59C52B975748F0A7/'.
[2017.03.06-23.26.41:008][  0]LogShaderCompilers:Display: Using Local Shader Compiler.
[2017.03.06-23.26.42:555][  0]LogTemp:Display: Loaded TP AllDesktopTargetPlatform
[2017.03.06-23.26.42:616][  0]LogTemp:Display: Loaded TP MacClientTargetPlatform
[2017.03.06-23.26.42:678][  0]LogTemp:Display: Loaded TP MacNoEditorTargetPlatform
[2017.03.06-23.26.42:741][  0]LogTemp:Display: Loaded TP MacServerTargetPlatform
[2017.03.06-23.26.42:805][  0]LogTemp:Display: Loaded TP MacTargetPlatform
[2017.03.06-23.26.42:873][  0]LogTemp:Display: Loaded TP WindowsClientTargetPlatform
[2017.03.06-23.26.42:935][  0]LogTemp:Display: Loaded TP WindowsNoEditorTargetPlatform
[2017.03.06-23.26.42:996][  0]LogTemp:Display: Loaded TP WindowsServerTargetPlatform
[2017.03.06-23.26.43:055][  0]LogTemp:Display: Loaded TP WindowsTargetPlatform
[2017.03.06-23.26.43:119][  0]LogTemp:Display: Loaded TP AndroidTargetPlatform
[2017.03.06-23.26.43:183][  0]LogTemp:Display: Loaded TP Android_ASTCTargetPlatform
[2017.03.06-23.26.43:247][  0]LogTemp:Display: Loaded TP Android_ATCTargetPlatform
[2017.03.06-23.26.43:311][  0]LogTemp:Display: Loaded TP Android_DXTTargetPlatform
[2017.03.06-23.26.43:370][  0]LogTemp:Display: Loaded TP Android_ETC1TargetPlatform
[2017.03.06-23.26.43:431][  0]LogTemp:Display: Loaded TP Android_ETC2TargetPlatform
[2017.03.06-23.26.43:562][  0]LogTemp:Display: Loaded TP Android_MultiTargetPlatform
[2017.03.06-23.26.43:562][  0]LogTemp:Display: Loaded TP Android_PVRTCTargetPlatform
[2017.03.06-23.26.43:603][  0]LogTemp:Display: Loaded TP HTML5TargetPlatform
[2017.03.06-23.26.43:691][  0]LogTemp:Display: Loaded TP IOSTargetPlatform
[2017.03.06-23.26.43:731][  0]LogTemp:Display: Loaded TP TVOSTargetPlatform
[2017.03.06-23.26.43:803][  0]LogTemp:Display: Loaded TP LinuxClientTargetPlatform
[2017.03.06-23.26.43:874][  0]LogTemp:Display: Loaded TP LinuxNoEditorTargetPlatform
[2017.03.06-23.26.43:934][  0]LogTemp:Display: Loaded TP LinuxServerTargetPlatform
[2017.03.06-23.26.43:993][  0]LogTemp:Display: Loaded TP LinuxTargetPlatform
[2017.03.06-23.26.43:993][  0]LogTargetPlatformManager:Display: Building Assets For Windows
[2017.03.06-23.26.44:377][  0]LogDerivedDataCache:Display: Max Cache Size: 512 MB
[2017.03.06-23.26.44:481][  0]LogDerivedDataCache: Loaded boot cache 0.10s 50MB C:/Users/nathan/AppData/Local/UnrealEngine/4.14/DerivedDataCache/Boot.ddc.
[2017.03.06-23.26.44:481][  0]LogDerivedDataCache:Display: Loaded Boot cache: C:/Users/nathan/AppData/Local/UnrealEngine/4.14/DerivedDataCache/Boot.ddc
[2017.03.06-23.26.44:481][  0]LogDerivedDataCache: FDerivedDataBackendGraph:  Pak pak cache file C:/Users/nathan/Desktop/Test/Abyss/DerivedDataCache/DDC.ddp not found, will not use a pak cache.
[2017.03.06-23.26.44:481][  0]LogDerivedDataCache: Unable to find inner node Pak for hierarchical cache Hierarchy.
[2017.03.06-23.26.44:481][  0]LogDerivedDataCache: FDerivedDataBackendGraph:  CompressedPak pak cache file C:/Users/nathan/Desktop/Test/Abyss/DerivedDataCache/Compressed.ddp not found, will not use a pak cache.
[2017.03.06-23.26.44:481][  0]LogDerivedDataCache: Unable to find inner node CompressedPak for hierarchical cache Hierarchy.
[2017.03.06-23.26.44:502][  0]LogDerivedDataCache:Display: Pak cache opened for reading ../../../Engine/DerivedDataCache/Compressed.ddp.
[2017.03.06-23.26.44:514][  0]LogDerivedDataCache: Using Local data cache path C:/Users/nathan/AppData/Local/UnrealEngine/Common/DerivedDataCache: Writable
[2017.03.06-23.26.44:812][  0]LogInit: Selected Device Profile: [Windows]
[2017.03.06-23.26.44:817][  0]LogContentStreaming: Texture pool size is 0.00 MB
[2017.03.06-23.26.45:034][  0]LogMeshUtilities: Using QuadricMeshReduction for automatic static mesh reduction
[2017.03.06-23.26.45:078][  0]LogSimplygon: Simplygon DLL not present - disabling.
[2017.03.06-23.26.45:123][  0]LogMeshUtilities: Using SimplygonSwarm for distributed automatic mesh merging
[2017.03.06-23.26.45:123][  0]LogMeshUtilities: No automatic skeletal mesh reduction module available
[2017.03.06-23.26.45:123][  0]LogMeshUtilities: No automatic mesh merging module available
[2017.03.06-23.26.45:858][  0]LogNetVersion: GetLocalNetworkVersion: CL: 3195953, ProjectName: abyss, ProjectVersion: , EngineNetworkVersion: 2, GameNetworkVersion: 0, NetworkChecksum: 1595127573
[2017.03.06-23.26.45:927][  0]LogAssetRegistry: FAssetRegistry took 0.0221 seconds to start up
[2017.03.06-23.26.46:004][  0]LogPackageLocalizationCache: Processed 4 localized package path(s) for 2 prioritized culture(s) in 0.052665 seconds
[2017.03.06-23.26.46:013][  0]LogUObjectArray: 31890 objects as part of root set at end of initial load.
[2017.03.06-23.26.46:013][  0]LogUObjectAllocator: 6922368 out of 0 bytes used by permanent object pool.
[2017.03.06-23.26.46:013][  0]LogUObjectArray: CloseDisregardForGC: 0/0 objects in disregard for GC pool
[2017.03.06-23.26.46:078][  0]LogInit: WinSock: version 1.1 (2.2), MaxSocks=32767, MaxUdp=65467
[2017.03.06-23.26.46:934][  0]LogSlate: Using Freetype 2.6.0
[2017.03.06-23.26.46:935][  0]LogSlate: SlateFontCache - WITH_FREETYPE: 1, WITH_HARFBUZZ: 1
[2017.03.06-23.26.46:935][  0]LogSlate: SlateFontCache - WITH_FREETYPE: 1, WITH_HARFBUZZ: 1
[2017.03.06-23.26.47:963][  0]JavascriptCmd: Unreal.js started. V8 5.7.201
[2017.03.06-23.26.48:408][  0]LogMaterial: Uniform references updated for custom material expression Custom.
[2017.03.06-23.26.48:866][  0]SourceControl: Info Source control is disabled
[2017.03.06-23.26.49:084][  0]LogSourceControl:Error: 'C:/Users/nathan/Desktop/Test/Abyss/' is not part of a Git repository
[2017.03.06-23.26.49:323][  0]LogSourceControl:Error: 'C:/Users/nathan/Desktop/Test/Abyss/' is not part of a Git repository
[2017.03.06-23.26.49:571][  0]LogSourceControl:Error: 'C:/Users/nathan/Desktop/Test/Abyss/' is not part of a Git repository
[2017.03.06-23.26.51:163][  0]ImportText (YAxis): Missing opening parenthesis: 0.000000,1.000000,0.000000
[2017.03.06-23.26.51:163][  0]ImportText (ZAxis): Missing opening parenthesis: 0.000000,0.000000,1.000000
[2017.03.06-23.26.51:164][  0]ImportText (Rotation): Missing opening parenthesis: -90.000000,0.000000,0.000000
[2017.03.06-23.26.51:167][  0]ImportText (B): Missing opening parenthesis: 1.000000,1.000000,1.000000
[2017.03.06-23.26.51:827][  0]LogEngine: Initializing Engine...
[2017.03.06-23.26.52:097][  0]LogAIModule: Creating AISystem for world Untitled
[2017.03.06-23.26.52:113][  0]LogInit: XAudio2 using 'Speakers (Realtek High Definition Audio)' : 2 channels at 48 kHz using 32 bits per sample (channel mask 0x3)
[2017.03.06-23.26.52:132][  0]LogInit: FAudioDevice initialized.
[2017.03.06-23.26.52:179][  0]LogDerivedDataCache: Saved boot cache 0.05s 50MB C:/Users/nathan/AppData/Local/UnrealEngine/4.14/DerivedDataCache/Boot.ddc.
[2017.03.06-23.26.52:196][  0]LogInit: Texture streaming: Enabled
[2017.03.06-23.26.52:359][  0]LogInit: Transaction tracking system initialized
[2017.03.06-23.26.52:678][  0]BlueprintLog: New page: Editor Load
[2017.03.06-23.26.53:482][  0]LocalizationService: Info Localization service is disabled
[2017.03.06-23.26.53:807][  0]LogModuleManager:Warning: No filename provided for module TcpMessaging
[2017.03.06-23.26.53:807][  0]LogModuleManager:Warning: ModuleManager: Unable to load module 'TcpMessaging' because the file 'D:/UE4/UE_4.14/Engine/Binaries/Win64/' was not found.
[2017.03.06-23.26.54:086][  0]LogConsoleResponse:Display: 
[2017.03.06-23.26.54:228][  0]LogCook:Display: Max memory allowance for cook 16384mb min free memory 0mb
[2017.03.06-23.26.54:228][  0]LogCook:Display: Mobile HDR setting 1
[2017.03.06-23.26.54:673][  0]LogFileCache: Scanning file cache for directory 'C:/Users/nathan/Desktop/Test/Abyss/Content/' took 0.01s
[2017.03.06-23.26.55:113][  0]LogSourceControl:Error: 'C:/Users/nathan/Desktop/Test/Abyss/' is not part of a Git repository
[2017.03.06-23.26.55:113][  0]Cmd: MAP LOAD FILE="C:/Users/nathan/Desktop/Test/Abyss/Content/Maps-Levels/startMenu.umap" TEMPLATE=0 SHOWPROGRESS=1 FEATURELEVEL=3
[2017.03.06-23.26.55:114][  0]LightingResults: New page: Lighting Build
[2017.03.06-23.26.55:149][  0]MapCheck: New page: Map Check
[2017.03.06-23.26.55:149][  0]LightingResults: New page: Lighting Build
[2017.03.06-23.26.55:289][  0]LogAIModule: Creating AISystem for world startMenu
[2017.03.06-23.26.55:290][  0]LogEditorServer: Finished looking for orphan Actors (0.000 secs)
[2017.03.06-23.26.55:291][  0]Cmd: MAP CHECKDEP NOCLEARLOG
[2017.03.06-23.26.55:334][  0]MapCheck: Info Map check complete: 0 Error(s), 0 Warning(s), took 42.931ms to complete.
[2017.03.06-23.26.55:334][  0]LogFileHelpers: Loading map 'startMenu' took 0.221
[2017.03.06-23.26.55:478][  0]LogWindowsTextInputMethodSystem:Display: IME system now deactivated.
[2017.03.06-23.26.55:608][  0]LogCollectionManager: Loaded 0 collections in 0.001072 seconds
[2017.03.06-23.26.55:689][  0]LogFileCache: Scanning file cache for directory 'C:/Users/nathan/Desktop/Test/Abyss/Saved/Collections/' took 0.01s
[2017.03.06-23.26.55:689][  0]LogFileCache: Scanning file cache for directory 'C:/Users/nathan/Desktop/Test/Abyss/Content/Developers/nathan/Collections/' took 0.01s
[2017.03.06-23.26.55:689][  0]LogFileCache: Scanning file cache for directory 'C:/Users/nathan/Desktop/Test/Abyss/Content/Collections/' took 0.01s
[2017.03.06-23.26.55:689][  0]LogCollectionManager: Rebuilt the GUID cache for 0 collections in 0.000002 seconds
[2017.03.06-23.26.55:703][  0]LogContentBrowser: Native class hierarchy populated in 0.0136 seconds. Added 2245 classes and 411 folders.
[2017.03.06-23.26.55:739][  0]LogStats: UGameplayTagsManager::ConstructGameplayTagTree: Construct from data asset -  0.000 s
[2017.03.06-23.26.55:739][  0]LogStats: UGameplayTagsManager::ConstructGameplayTagTree: GameplayTagTreeChangedEvent.Broadcast -  0.000 s
[2017.03.06-23.26.55:740][  0]LogContentBrowser: Native class hierarchy updated for 'GameplayTags' in 0.0007 seconds. Added 13 classes and 0 folders.
[2017.03.06-23.26.55:793][  0]LogContentBrowser: Native class hierarchy updated for 'WidgetCarousel' in 0.0006 seconds. Added 0 classes and 0 folders.
[2017.03.06-23.26.55:840][  0]LogContentBrowser: Native class hierarchy updated for 'AddContentDialog' in 0.0006 seconds. Added 0 classes and 0 folders.
[2017.03.06-23.26.55:879][  0]LogContentBrowser: Native class hierarchy updated for 'SceneOutliner' in 0.0006 seconds. Added 1 classes and 2 folders.
[2017.03.06-23.26.55:965][  0]LogCrashTracker: Crashtracker disabled due to settings.
[2017.03.06-23.26.55:977][  0]LogUObjectGlobals:Warning: Failed to find object 'Class None.'
[2017.03.06-23.26.56:038][  0]LogContentBrowser: Native class hierarchy updated for 'HierarchicalLODOutliner' in 0.0007 seconds. Added 1 classes and 2 folders.
[2017.03.06-23.26.56:039][  0]LogLoad: (Engine Initialization) Total time: 18.64 seconds
[2017.03.06-23.26.56:039][  0]LogLoad: (Engine Initialization) Total Blueprint compile time: 0.07 seconds
[2017.03.06-23.26.56:039][  0]LogExternalProfiler: Found external profiler: VSPerf
[2017.03.06-23.26.56:039][  0]LogExternalProfiler: Using external profiler: VSPerf
[2017.03.06-23.26.56:096][  0]LogContentStreaming: Texture pool size now 1000 MB
[2017.03.06-23.26.56:269][  0]LogRenderer: Reallocating scene render targets to support 1036x476 NumSamples 1 (Frame:2).
[2017.03.06-23.26.56:334][  1]LogFileCache: Retrieving MD5 hashes for directory 'C:/Users/nathan/Desktop/Test/Abyss/Content/' took 0.27s
[2017.03.06-23.26.56:395][  2]LogAssetRegistry: Asset discovery search completed in 10.4907 seconds
[2017.03.06-23.26.56:395][  2]LogCollectionManager: Rebuilt the object cache for 0 collections in 0.000001 seconds (found 0 objects)
[2017.03.06-23.26.56:395][  2]LogCollectionManager: Fixed up redirectors for 0 collections in 0.000020 seconds (updated 0 objects)
[2017.03.06-23.26.58:814][ 77]LogContentBrowser: Native class hierarchy updated for 'BlueprintGraph' in 0.0012 seconds. Added 111 classes and 0 folders.
[2017.03.06-23.27.12:004][596]LogTemp: Repeting last play command: Selected Viewport
[2017.03.06-23.27.12:051][596]LogBlueprintUserMessages: Early PlayInEditor Detection: Level '/Game/Maps-Levels/startMenu.startMenu:PersistentLevel' has LevelScriptBlueprint '/Game/Maps-Levels/startMenu.startMenu:PersistentLevel.startMenu' with GeneratedClass '/Game/Maps-Levels/startMenu.startMenu_C' with ClassGeneratedBy '/Game/Maps-Levels/startMenu.startMenu:PersistentLevel.startMenu'
[2017.03.06-23.27.12:051][596]LogPlayLevel: PlayLevel: No blueprints needed recompiling
[2017.03.06-23.27.12:051][596]PIE: New page: PIE session: startMenu (Mar 6, 2017, 1:27:12 PM)
[2017.03.06-23.27.12:052][596]LogPlayLevel: Creating play world package: /Game/Maps-Levels/UEDPIE_0_startMenu
[2017.03.06-23.27.12:053][596]LogPlayLevel: PIE: StaticDuplicateObject took: (0.001466s)
[2017.03.06-23.27.12:054][596]LogAIModule: Creating AISystem for world startMenu
[2017.03.06-23.27.12:054][596]LogPlayLevel: PIE: World Init took: (0.000804s)
[2017.03.06-23.27.12:054][596]LogPlayLevel: PIE: Created PIE world by copying editor world from /Game/Maps-Levels/startMenu.startMenu to /Game/Maps-Levels/UEDPIE_0_startMenu.startMenu (0.002531s)
[2017.03.06-23.27.12:118][596]LogInit: XAudio2 using 'Speakers (Realtek High Definition Audio)' : 2 channels at 48 kHz using 32 bits per sample (channel mask 0x3)
[2017.03.06-23.27.12:134][596]LogInit: FAudioDevice initialized.
[2017.03.06-23.27.12:192][596]LogLoad: Game class is 'abyssGameMode_C'
[2017.03.06-23.27.12:196][596]LogWorld: Bringing World /Game/Maps-Levels/UEDPIE_0_startMenu.startMenu up for play (max tick rate 0) at 2017.03.06-18.27.12
[2017.03.06-23.27.12:196][596]LogWorld: Bringing up level for play took: 0.000771
[2017.03.06-23.27.12:232][596]LogContentBrowser: Native class hierarchy updated for 'MovieSceneCapture' in 0.0007 seconds. Added 11 classes and 0 folders.
[2017.03.06-23.27.12:250][596]PIE: Info Play in editor start time for /Game/Maps-Levels/UEDPIE_0_startMenu 0.179
[2017.03.06-23.27.12:250][596]LogBlueprintUserMessages: Late PlayInEditor Detection: Level '/Game/Maps-Levels/startMenu.startMenu:PersistentLevel' has LevelScriptBlueprint '/Game/Maps-Levels/startMenu.startMenu:PersistentLevel.startMenu' with GeneratedClass '/Game/Maps-Levels/startMenu.startMenu_C' with ClassGeneratedBy '/Game/Maps-Levels/startMenu.startMenu:PersistentLevel.startMenu'
[2017.03.06-23.27.13:710][762]LogNet: Browse: /Game/Maps-Levels/Fort/Exploration/Fort_Exploration
[2017.03.06-23.27.13:710][762]LogLoad: LoadMap: /Game/Maps-Levels/Fort/Exploration/Fort_Exploration
[2017.03.06-23.27.13:739][762]Cmd: MEM
[2017.03.06-23.27.13:767][762]LogMemory: Platform Memory Stats for Windows
[2017.03.06-23.27.13:767][762]LogMemory: Process Physical Memory: 1314.43 MB used, 1332.48 MB peak
[2017.03.06-23.27.13:767][762]LogMemory: Process Virtual Memory: 1660.95 MB used, 1667.70 MB peak
[2017.03.06-23.27.13:767][762]LogMemory: Physical Memory: 5369.23 MB used,  10972.46 MB free, 16341.69 MB total
[2017.03.06-23.27.13:767][762]LogMemory: Virtual Memory: 3011.49 MB used,  10972.46 MB free, 134217728.00 MB total
[2017.03.06-23.27.13:767][762]LogMemory: 
[2017.03.06-23.27.13:767][762]Allocator Stats for TBB: (not implemented)
[2017.03.06-23.27.13:982][762]LogAIModule: Creating AISystem for world Fort_Exploration
[2017.03.06-23.27.13:982][762]LogLoad: Game class is 'abyssExplorationMode_C'
[2017.03.06-23.27.13:988][762]LogWorld: Bringing World /Game/Maps-Levels/Fort/Exploration/UEDPIE_0_Fort_Exploration.Fort_Exploration up for play (max tick rate 0) at 2017.03.06-18.27.13
[2017.03.06-23.27.13:989][762]LogWorld: Bringing up level for play took: 0.004866
[2017.03.06-23.27.13:992][762]LogLoad: Took 0.281570 seconds to LoadMap(/Game/Maps-Levels/Fort/Exploration/Fort_Exploration)
[2017.03.06-23.27.17:449][164]LogNet: Browse: /Game/Maps-Levels/Fort_Battle
[2017.03.06-23.27.17:449][164]LogLoad: LoadMap: /Game/Maps-Levels/Fort_Battle
[2017.03.06-23.27.17:486][164]Cmd: MEM
[2017.03.06-23.27.17:515][164]LogMemory: Platform Memory Stats for Windows
[2017.03.06-23.27.17:515][164]LogMemory: Process Physical Memory: 1374.62 MB used, 1428.09 MB peak
[2017.03.06-23.27.17:515][164]LogMemory: Process Virtual Memory: 1485.05 MB used, 1705.52 MB peak
[2017.03.06-23.27.17:515][164]LogMemory: Physical Memory: 5401.38 MB used,  10940.31 MB free, 16341.69 MB total
[2017.03.06-23.27.17:515][164]LogMemory: Virtual Memory: 2898.24 MB used,  10940.31 MB free, 134217728.00 MB total
[2017.03.06-23.27.17:515][164]LogMemory: 
[2017.03.06-23.27.17:515][164]Allocator Stats for TBB: (not implemented)
[2017.03.06-23.27.18:158][164]LogBlueprint:Warning: USimpleConstructionScript::FixupRootNodeParentReferences() - Couldn't find inherited parent component 'DefaultSceneRoot' for 'PaperSprite' in BlueprintGeneratedClass 'BS_Enemy_C' (it may have been removed)
[2017.03.06-23.27.18:175][164]LogStats: FPlatformStackWalk::StackWalkAndDump -  0.011 s
[2017.03.06-23.27.18:175][164]LogOutputDevice:Error: === Handled ensure: ===
[2017.03.06-23.27.18:175][164]LogOutputDevice:Error: 
[2017.03.06-23.27.18:175][164]LogOutputDevice:Error: Ensure condition failed: IsObjectValidForDatabase(AssetObject) [File:D:\Build\++UE4+Release-4.14+Compile\Sync\Engine\Source\Editor\BlueprintGraph\Private\BlueprintActionDatabase.cpp] [Line: 1263]
[2017.03.06-23.27.18:175][164]LogOutputDevice:Error: 
[2017.03.06-23.27.18:175][164]LogOutputDevice:Error: Stack: 
[2017.03.06-23.27.18:175][164]LogOutputDevice:Error: UE4Editor-Core.dll
[2017.03.06-23.27.18:175][164]LogOutputDevice:Error: UE4Editor-Core.dll
[2017.03.06-23.27.18:175][164]LogOutputDevice:Error: UE4Editor-Core.dll
[2017.03.06-23.27.18:175][164]LogOutputDevice:Error: UE4Editor-BlueprintGraph.dll
[2017.03.06-23.27.18:175][164]LogOutputDevice:Error: UE4Editor-BlueprintGraph.dll
[2017.03.06-23.27.18:175][164]LogOutputDevice:Error: UE4Editor-CoreUObject.dll
[2017.03.06-23.27.18:175][164]LogOutputDevice:Error: UE4Editor-CoreUObject.dll
[2017.03.06-23.27.18:175][164]LogOutputDevice:Error: UE4Editor-CoreUObject.dll
[2017.03.06-23.27.18:175][164]LogOutputDevice:Error: UE4Editor-CoreUObject.dll
[2017.03.06-23.27.18:175][164]LogOutputDevice:Error: UE4Editor-Engine.dll
[2017.03.06-23.27.18:175][164]LogOutputDevice:Error: UE4Editor-Engine.dll
[2017.03.06-23.27.18:176][164]LogOutputDevice:Error: UE4Editor-Engine.dll
[2017.03.06-23.27.18:176][164]LogOutputDevice:Error: UE4Editor-UnrealEd.dll
[2017.03.06-23.27.18:176][164]LogOutputDevice:Error: UE4Editor-UnrealEd.dll
[2017.03.06-23.27.18:176][164]LogOutputDevice:Error: UE4Editor.exe
[2017.03.06-23.27.18:176][164]LogOutputDevice:Error: UE4Editor.exe
[2017.03.06-23.27.18:176][164]LogOutputDevice:Error: UE4Editor.exe
[2017.03.06-23.27.18:176][164]LogOutputDevice:Error: UE4Editor.exe
[2017.03.06-23.27.18:176][164]LogOutputDevice:Error: UE4Editor.exe
[2017.03.06-23.27.18:176][164]LogOutputDevice:Error: KERNEL32.DLL
[2017.03.06-23.27.18:176][164]LogOutputDevice:Error: ntdll.dll
[2017.03.06-23.27.18:176][164]LogOutputDevice:Error: 
[2017.03.06-23.27.18:177][164]LogStats:                SubmitErrorReport -  0.000 s
[2017.03.06-23.27.18:421][164]LogStats:                    SendNewReport -  0.244 s
[2017.03.06-23.27.18:421][164]LogStats:             FDebug::EnsureFailed -  0.257 s
[2017.03.06-23.27.18:469][164]LogAIModule: Creating AISystem for world Fort_Battle
[2017.03.06-23.27.18:469][164]LogLoad: Game class is 'abyssBattleScene_C'
[2017.03.06-23.27.18:474][164]LogWorld: Bringing World /Game/Maps-Levels/UEDPIE_0_Fort_Battle.Fort_Battle up for play (max tick rate 0) at 2017.03.06-18.27.18
[2017.03.06-23.27.18:475][164]LogWorld: Bringing up level for play took: 0.002733
[2017.03.06-23.27.18:475][164]LogGameMode: Warning - PATHS NOT DEFINED or NO PLAYERSTART with positive rating
[2017.03.06-23.27.18:482][164]LogLoad: Took 1.033210 seconds to LoadMap(/Game/Maps-Levels/Fort_Battle)
[2017.03.06-23.27.22:206][603]LogBlueprintUserMessages: Early EndPlayMap Detection: Level '/Game/Maps-Levels/startMenu.startMenu:PersistentLevel' has LevelScriptBlueprint '/Game/Maps-Levels/startMenu.startMenu:PersistentLevel.startMenu' with GeneratedClass '/Game/Maps-Levels/startMenu.startMenu_C' with ClassGeneratedBy '/Game/Maps-Levels/startMenu.startMenu:PersistentLevel.startMenu'
[2017.03.06-23.27.22:247][603]LogBlueprintUserMessages: Late EndPlayMap Detection: Level '/Game/Maps-Levels/startMenu.startMenu:PersistentLevel' has LevelScriptBlueprint '/Game/Maps-Levels/startMenu.startMenu:PersistentLevel.startMenu' with GeneratedClass '/Game/Maps-Levels/startMenu.startMenu_C' with ClassGeneratedBy '/Game/Maps-Levels/startMenu.startMenu:PersistentLevel.startMenu'
[2017.03.06-23.27.23:205][708]LogTemp: Repeting last play command: Selected Viewport
[2017.03.06-23.27.23:240][708]LogBlueprintUserMessages: Early PlayInEditor Detection: Level '/Game/Maps-Levels/startMenu.startMenu:PersistentLevel' has LevelScriptBlueprint '/Game/Maps-Levels/startMenu.startMenu:PersistentLevel.startMenu' with GeneratedClass '/Game/Maps-Levels/startMenu.startMenu_C' with ClassGeneratedBy '/Game/Maps-Levels/startMenu.startMenu:PersistentLevel.startMenu'
[2017.03.06-23.27.23:240][708]LogPlayLevel: PlayLevel: No blueprints needed recompiling
[2017.03.06-23.27.23:240][708]PIE: New page: PIE session: startMenu (Mar 6, 2017, 1:27:23 PM)
[2017.03.06-23.27.23:246][708]LogPlayLevel: Creating play world package: /Game/Maps-Levels/UEDPIE_0_startMenu
[2017.03.06-23.27.23:247][708]LogPlayLevel: PIE: StaticDuplicateObject took: (0.001370s)
[2017.03.06-23.27.23:248][708]LogAIModule: Creating AISystem for world startMenu
[2017.03.06-23.27.23:248][708]LogPlayLevel: PIE: World Init took: (0.000772s)
[2017.03.06-23.27.23:248][708]LogPlayLevel: PIE: Created PIE world by copying editor world from /Game/Maps-Levels/startMenu.startMenu to /Game/Maps-Levels/UEDPIE_0_startMenu.startMenu (0.002374s)
[2017.03.06-23.27.23:282][708]LogInit: XAudio2 using 'Speakers (Realtek High Definition Audio)' : 2 channels at 48 kHz using 32 bits per sample (channel mask 0x3)
[2017.03.06-23.27.23:299][708]LogInit: FAudioDevice initialized.
[2017.03.06-23.27.23:336][708]LogLoad: Game class is 'abyssGameMode_C'
[2017.03.06-23.27.23:339][708]LogWorld: Bringing World /Game/Maps-Levels/UEDPIE_0_startMenu.startMenu up for play (max tick rate 0) at 2017.03.06-18.27.23
[2017.03.06-23.27.23:339][708]LogWorld: Bringing up level for play took: 0.000831
[2017.03.06-23.27.23:342][708]PIE: Info Play in editor start time for /Game/Maps-Levels/UEDPIE_0_startMenu -0.728
[2017.03.06-23.27.23:343][708]LogBlueprintUserMessages: Late PlayInEditor Detection: Level '/Game/Maps-Levels/startMenu.startMenu:PersistentLevel' has LevelScriptBlueprint '/Game/Maps-Levels/startMenu.startMenu:PersistentLevel.startMenu' with GeneratedClass '/Game/Maps-Levels/startMenu.startMenu_C' with ClassGeneratedBy '/Game/Maps-Levels/startMenu.startMenu:PersistentLevel.startMenu'
[2017.03.06-23.27.24:323][821]LogNet: Browse: /Game/Maps-Levels/Fort/Exploration/Fort_Exploration
[2017.03.06-23.27.24:323][821]LogLoad: LoadMap: /Game/Maps-Levels/Fort/Exploration/Fort_Exploration
[2017.03.06-23.27.24:351][821]Cmd: MEM
[2017.03.06-23.27.24:376][821]LogMemory: Platform Memory Stats for Windows
[2017.03.06-23.27.24:376][821]LogMemory: Process Physical Memory: 1398.91 MB used, 1428.09 MB peak
[2017.03.06-23.27.24:376][821]LogMemory: Process Virtual Memory: 1547.42 MB used, 1705.52 MB peak
[2017.03.06-23.27.24:376][821]LogMemory: Physical Memory: 5423.52 MB used,  10918.18 MB free, 16341.69 MB total
[2017.03.06-23.27.24:376][821]LogMemory: Virtual Memory: 2979.55 MB used,  10918.18 MB free, 134217728.00 MB total
[2017.03.06-23.27.24:376][821]LogMemory: 
[2017.03.06-23.27.24:376][821]Allocator Stats for TBB: (not implemented)
[2017.03.06-23.27.24:534][821]LogAIModule: Creating AISystem for world Fort_Exploration
[2017.03.06-23.27.24:534][821]LogLoad: Game class is 'abyssExplorationMode_C'
[2017.03.06-23.27.24:541][821]LogWorld: Bringing World /Game/Maps-Levels/Fort/Exploration/UEDPIE_0_Fort_Exploration.Fort_Exploration up for play (max tick rate 0) at 2017.03.06-18.27.24
[2017.03.06-23.27.24:542][821]LogWorld: Bringing up level for play took: 0.004634
[2017.03.06-23.27.24:545][821]LogLoad: Took 0.221663 seconds to LoadMap(/Game/Maps-Levels/Fort/Exploration/Fort_Exploration)
[2017.03.06-23.27.26:754][ 84]LogNet: Browse: /Game/Maps-Levels/Fort_Battle
[2017.03.06-23.27.26:754][ 84]LogLoad: LoadMap: /Game/Maps-Levels/Fort_Battle
[2017.03.06-23.27.26:787][ 84]Cmd: MEM
[2017.03.06-23.27.26:817][ 84]LogMemory: Platform Memory Stats for Windows
[2017.03.06-23.27.26:817][ 84]LogMemory: Process Physical Memory: 1396.02 MB used, 1428.09 MB peak
[2017.03.06-23.27.26:817][ 84]LogMemory: Process Virtual Memory: 1583.15 MB used, 1705.52 MB peak
[2017.03.06-23.27.26:817][ 84]LogMemory: Physical Memory: 5403.41 MB used,  10938.28 MB free, 16341.69 MB total
[2017.03.06-23.27.26:817][ 84]LogMemory: Virtual Memory: 2991.55 MB used,  10938.28 MB free, 134217728.00 MB total
[2017.03.06-23.27.26:817][ 84]LogMemory: 
[2017.03.06-23.27.26:817][ 84]Allocator Stats for TBB: (not implemented)
[2017.03.06-23.27.26:924][ 84]LogAIModule: Creating AISystem for world Fort_Battle
[2017.03.06-23.27.26:925][ 84]LogLoad: Game class is 'abyssBattleScene_C'
[2017.03.06-23.27.26:929][ 84]LogWorld: Bringing World /Game/Maps-Levels/UEDPIE_0_Fort_Battle.Fort_Battle up for play (max tick rate 0) at 2017.03.06-18.27.26
[2017.03.06-23.27.26:930][ 84]LogWorld: Bringing up level for play took: 0.002700
[2017.03.06-23.27.26:930][ 84]LogGameMode: Warning - PATHS NOT DEFINED or NO PLAYERSTART with positive rating
[2017.03.06-23.27.26:937][ 84]LogLoad: Took 0.182925 seconds to LoadMap(/Game/Maps-Levels/Fort_Battle)
[2017.03.06-23.27.31:989][689]LogBlueprintUserMessages: [BattleHUD_C_1] Enemy is dead
[2017.03.06-23.28.16:801][ 62]LogNet: Browse: /Game/Maps-Levels/Fort/Exploration/Fort_Exploration
[2017.03.06-23.28.16:801][ 62]LogLoad: LoadMap: /Game/Maps-Levels/Fort/Exploration/Fort_Exploration
[2017.03.06-23.28.16:829][ 62]Cmd: MEM
[2017.03.06-23.28.16:854][ 62]LogMemory: Platform Memory Stats for Windows
[2017.03.06-23.28.16:854][ 62]LogMemory: Process Physical Memory: 1393.05 MB used, 1428.09 MB peak
[2017.03.06-23.28.16:854][ 62]LogMemory: Process Virtual Memory: 1516.29 MB used, 1705.52 MB peak
[2017.03.06-23.28.16:854][ 62]LogMemory: Physical Memory: 5388.83 MB used,  10952.86 MB free, 16341.69 MB total
[2017.03.06-23.28.16:854][ 62]LogMemory: Virtual Memory: 2958.17 MB used,  10952.86 MB free, 134217728.00 MB total
[2017.03.06-23.28.16:854][ 62]LogMemory: 
[2017.03.06-23.28.16:854][ 62]Allocator Stats for TBB: (not implemented)
[2017.03.06-23.28.17:011][ 62]LogAIModule: Creating AISystem for world Fort_Exploration
[2017.03.06-23.28.17:012][ 62]LogLoad: Game class is 'abyssExplorationMode_C'
[2017.03.06-23.28.17:018][ 62]LogWorld: Bringing World /Game/Maps-Levels/Fort/Exploration/UEDPIE_0_Fort_Exploration.Fort_Exploration up for play (max tick rate 0) at 2017.03.06-18.28.17
[2017.03.06-23.28.17:019][ 62]LogWorld: Bringing up level for play took: 0.004828
[2017.03.06-23.28.17:022][ 62]LogLoad: Took 0.220826 seconds to LoadMap(/Game/Maps-Levels/Fort/Exploration/Fort_Exploration)
[2017.03.06-23.28.25:209][ 42]LogBlueprintUserMessages: [checkPoint_765] Checkpoint!
[2017.03.06-23.28.30:531][680]LogNet: Browse: /Game/Maps-Levels/Fort_Battle
[2017.03.06-23.28.30:531][680]LogLoad: LoadMap: /Game/Maps-Levels/Fort_Battle
[2017.03.06-23.28.30:565][680]Cmd: MEM
[2017.03.06-23.28.30:595][680]LogMemory: Platform Memory Stats for Windows
[2017.03.06-23.28.30:595][680]LogMemory: Process Physical Memory: 1360.22 MB used, 1428.09 MB peak
[2017.03.06-23.28.30:595][680]LogMemory: Process Virtual Memory: 1518.91 MB used, 1705.52 MB peak
[2017.03.06-23.28.30:595][680]LogMemory: Physical Memory: 5366.35 MB used,  10975.34 MB free, 16341.69 MB total
[2017.03.06-23.28.30:595][680]LogMemory: Virtual Memory: 2946.23 MB used,  10975.34 MB free, 134217728.00 MB total
[2017.03.06-23.28.30:595][680]LogMemory: 
[2017.03.06-23.28.30:595][680]Allocator Stats for TBB: (not implemented)
[2017.03.06-23.28.30:702][680]LogAIModule: Creating AISystem for world Fort_Battle
[2017.03.06-23.28.30:702][680]LogLoad: Game class is 'abyssBattleScene_C'
[2017.03.06-23.28.30:707][680]LogWorld: Bringing World /Game/Maps-Levels/UEDPIE_0_Fort_Battle.Fort_Battle up for play (max tick rate 0) at 2017.03.06-18.28.30
[2017.03.06-23.28.30:707][680]LogWorld: Bringing up level for play took: 0.002740
[2017.03.06-23.28.30:708][680]LogGameMode: Warning - PATHS NOT DEFINED or NO PLAYERSTART with positive rating
[2017.03.06-23.28.30:714][680]LogLoad: Took 0.183129 seconds to LoadMap(/Game/Maps-Levels/Fort_Battle)
[2017.03.06-23.28.32:640][910]LogBlueprintUserMessages: [BattleHUD_C_2] Attack missed!
[2017.03.06-23.28.33:665][ 33]LogBlueprintUserMessages: [BattleHUD_C_2] Attack missed!
[2017.03.06-23.28.34:515][135]LogBlueprintUserMessages: [BattleHUD_C_2] Enemy missed!
[2017.03.06-23.28.34:873][178]LogBlueprintUserMessages: [BattleHUD_C_2] Enemy is dead
[2017.03.06-23.28.40:793][888]LogNet: Browse: /Game/Maps-Levels/Fort/Exploration/Fort_Exploration
[2017.03.06-23.28.40:793][888]LogLoad: LoadMap: /Game/Maps-Levels/Fort/Exploration/Fort_Exploration
[2017.03.06-23.28.40:842][888]Cmd: MEM
[2017.03.06-23.28.40:866][888]LogMemory: Platform Memory Stats for Windows
[2017.03.06-23.28.40:866][888]LogMemory: Process Physical Memory: 1374.33 MB used, 1428.09 MB peak
[2017.03.06-23.28.40:866][888]LogMemory: Process Virtual Memory: 1520.71 MB used, 1705.52 MB peak
[2017.03.06-23.28.40:866][888]LogMemory: Physical Memory: 5378.79 MB used,  10962.90 MB free, 16341.69 MB total
[2017.03.06-23.28.40:866][888]LogMemory: Virtual Memory: 2949.42 MB used,  10962.90 MB free, 134217728.00 MB total
[2017.03.06-23.28.40:866][888]LogMemory: 
[2017.03.06-23.28.40:866][888]Allocator Stats for TBB: (not implemented)
[2017.03.06-23.28.41:023][888]LogAIModule: Creating AISystem for world Fort_Exploration
[2017.03.06-23.28.41:023][888]LogLoad: Game class is 'abyssExplorationMode_C'
[2017.03.06-23.28.41:030][888]LogWorld: Bringing World /Game/Maps-Levels/Fort/Exploration/UEDPIE_0_Fort_Exploration.Fort_Exploration up for play (max tick rate 0) at 2017.03.06-18.28.41
[2017.03.06-23.28.41:030][888]LogWorld: Bringing up level for play took: 0.004445
[2017.03.06-23.28.41:033][888]LogLoad: Took 0.239956 seconds to LoadMap(/Game/Maps-Levels/Fort/Exploration/Fort_Exploration)
[2017.03.06-23.28.52:641][269]LogBlueprintUserMessages: Early EndPlayMap Detection: Level '/Game/Maps-Levels/startMenu.startMenu:PersistentLevel' has LevelScriptBlueprint '/Game/Maps-Levels/startMenu.startMenu:PersistentLevel.startMenu' with GeneratedClass '/Game/Maps-Levels/startMenu.startMenu_C' with ClassGeneratedBy '/Game/Maps-Levels/startMenu.startMenu:PersistentLevel.startMenu'
[2017.03.06-23.28.52:679][269]LogBlueprintUserMessages: Late EndPlayMap Detection: Level '/Game/Maps-Levels/startMenu.startMenu:PersistentLevel' has LevelScriptBlueprint '/Game/Maps-Levels/startMenu.startMenu:PersistentLevel.startMenu' with GeneratedClass '/Game/Maps-Levels/startMenu.startMenu_C' with ClassGeneratedBy '/Game/Maps-Levels/startMenu.startMenu:PersistentLevel.startMenu'
[2017.03.06-23.28.53:624][375]LogTemp: Repeting last play command: Selected Viewport
[2017.03.06-23.28.53:658][375]LogBlueprintUserMessages: Early PlayInEditor Detection: Level '/Game/Maps-Levels/startMenu.startMenu:PersistentLevel' has LevelScriptBlueprint '/Game/Maps-Levels/startMenu.startMenu:PersistentLevel.startMenu' with GeneratedClass '/Game/Maps-Levels/startMenu.startMenu_C' with ClassGeneratedBy '/Game/Maps-Levels/startMenu.startMenu:PersistentLevel.startMenu'
[2017.03.06-23.28.53:658][375]LogPlayLevel: PlayLevel: No blueprints needed recompiling
[2017.03.06-23.28.53:658][375]PIE: New page: PIE session: startMenu (Mar 6, 2017, 1:28:53 PM)
[2017.03.06-23.28.53:664][375]LogPlayLevel: Creating play world package: /Game/Maps-Levels/UEDPIE_0_startMenu
[2017.03.06-23.28.53:665][375]LogPlayLevel: PIE: StaticDuplicateObject took: (0.001345s)
[2017.03.06-23.28.53:666][375]LogAIModule: Creating AISystem for world startMenu
[2017.03.06-23.28.53:666][375]LogPlayLevel: PIE: World Init took: (0.000762s)
[2017.03.06-23.28.53:666][375]LogPlayLevel: PIE: Created PIE world by copying editor world from /Game/Maps-Levels/startMenu.startMenu to /Game/Maps-Levels/UEDPIE_0_startMenu.startMenu (0.002336s)
[2017.03.06-23.28.53:700][375]LogInit: XAudio2 using 'Speakers (Realtek High Definition Audio)' : 2 channels at 48 kHz using 32 bits per sample (channel mask 0x3)
[2017.03.06-23.28.53:716][375]LogInit: FAudioDevice initialized.
[2017.03.06-23.28.53:755][375]LogLoad: Game class is 'abyssGameMode_C'
[2017.03.06-23.28.53:758][375]LogWorld: Bringing World /Game/Maps-Levels/UEDPIE_0_startMenu.startMenu up for play (max tick rate 0) at 2017.03.06-18.28.53
[2017.03.06-23.28.53:758][375]LogWorld: Bringing up level for play took: 0.000866
[2017.03.06-23.28.53:762][375]PIE: Info Play in editor start time for /Game/Maps-Levels/UEDPIE_0_startMenu -0.309
[2017.03.06-23.28.53:762][375]LogBlueprintUserMessages: Late PlayInEditor Detection: Level '/Game/Maps-Levels/startMenu.startMenu:PersistentLevel' has LevelScriptBlueprint '/Game/Maps-Levels/startMenu.startMenu:PersistentLevel.startMenu' with GeneratedClass '/Game/Maps-Levels/startMenu.startMenu_C' with ClassGeneratedBy '/Game/Maps-Levels/startMenu.startMenu:PersistentLevel.startMenu'
[2017.03.06-23.28.54:650][479]LogNet: Browse: /Game/Maps-Levels/Fort/Exploration/Fort_Exploration
[2017.03.06-23.28.54:650][479]LogLoad: LoadMap: /Game/Maps-Levels/Fort/Exploration/Fort_Exploration
[2017.03.06-23.28.54:679][479]Cmd: MEM
[2017.03.06-23.28.54:708][479]LogMemory: Platform Memory Stats for Windows
[2017.03.06-23.28.54:708][479]LogMemory: Process Physical Memory: 1421.09 MB used, 1428.09 MB peak
[2017.03.06-23.28.54:708][479]LogMemory: Process Virtual Memory: 1526.58 MB used, 1705.52 MB peak
[2017.03.06-23.28.54:708][479]LogMemory: Physical Memory: 5429.32 MB used,  10912.37 MB free, 16341.69 MB total
[2017.03.06-23.28.54:708][479]LogMemory: Virtual Memory: 2941.42 MB used,  10912.37 MB free, 134217728.00 MB total
[2017.03.06-23.28.54:708][479]LogMemory: 
[2017.03.06-23.28.54:708][479]Allocator Stats for TBB: (not implemented)
[2017.03.06-23.28.54:861][479]LogAIModule: Creating AISystem for world Fort_Exploration
[2017.03.06-23.28.54:861][479]LogLoad: Game class is 'abyssExplorationMode_C'
[2017.03.06-23.28.54:868][479]LogWorld: Bringing World /Game/Maps-Levels/Fort/Exploration/UEDPIE_0_Fort_Exploration.Fort_Exploration up for play (max tick rate 0) at 2017.03.06-18.28.54
[2017.03.06-23.28.54:868][479]LogWorld: Bringing up level for play took: 0.004518
[2017.03.06-23.28.54:871][479]LogLoad: Took 0.220344 seconds to LoadMap(/Game/Maps-Levels/Fort/Exploration/Fort_Exploration)
[2017.03.06-23.28.57:053][740]LogNet: Browse: /Game/Maps-Levels/Fort_Battle
[2017.03.06-23.28.57:053][740]LogLoad: LoadMap: /Game/Maps-Levels/Fort_Battle
[2017.03.06-23.28.57:085][740]Cmd: MEM
[2017.03.06-23.28.57:112][740]LogMemory: Platform Memory Stats for Windows
[2017.03.06-23.28.57:112][740]LogMemory: Process Physical Memory: 1421.71 MB used, 1428.09 MB peak
[2017.03.06-23.28.57:112][740]LogMemory: Process Virtual Memory: 1582.71 MB used, 1705.52 MB peak
[2017.03.06-23.28.57:112][740]LogMemory: Physical Memory: 5426.53 MB used,  10915.16 MB free, 16341.69 MB total
[2017.03.06-23.28.57:112][740]LogMemory: Virtual Memory: 2993.42 MB used,  10915.16 MB free, 134217728.00 MB total
[2017.03.06-23.28.57:112][740]LogMemory: 
[2017.03.06-23.28.57:112][740]Allocator Stats for TBB: (not implemented)
[2017.03.06-23.28.57:218][740]LogAIModule: Creating AISystem for world Fort_Battle
[2017.03.06-23.28.57:219][740]LogLoad: Game class is 'abyssBattleScene_C'
[2017.03.06-23.28.57:225][740]LogWorld: Bringing World /Game/Maps-Levels/UEDPIE_0_Fort_Battle.Fort_Battle up for play (max tick rate 0) at 2017.03.06-18.28.57
[2017.03.06-23.28.57:226][740]LogWorld: Bringing up level for play took: 0.004262
[2017.03.06-23.28.57:227][740]LogGameMode: Warning - PATHS NOT DEFINED or NO PLAYERSTART with positive rating
[2017.03.06-23.28.57:237][740]LogLoad: Took 0.184777 seconds to LoadMap(/Game/Maps-Levels/Fort_Battle)
[2017.03.06-23.28.58:557][897]LogBlueprintUserMessages: [BattleHUD_C_3] Enemy missed!
[2017.03.06-23.28.59:248][980]LogBlueprintUserMessages: [BattleHUD_C_3] Enemy missed!
[2017.03.06-23.28.59:432][  2]LogBlueprintUserMessages: [BattleHUD_C_3] Enemy is dead
[2017.03.06-23.29.02:355][352]LogNet: Browse: /Game/Maps-Levels/Fort/Exploration/Fort_Exploration
[2017.03.06-23.29.02:355][352]LogLoad: LoadMap: /Game/Maps-Levels/Fort/Exploration/Fort_Exploration
[2017.03.06-23.29.02:388][352]Cmd: MEM
[2017.03.06-23.29.02:415][352]LogMemory: Platform Memory Stats for Windows
[2017.03.06-23.29.02:415][352]LogMemory: Process Physical Memory: 1432.80 MB used, 1438.57 MB peak
[2017.03.06-23.29.02:415][352]LogMemory: Process Virtual Memory: 1529.37 MB used, 1705.52 MB peak
[2017.03.06-23.29.02:415][352]LogMemory: Physical Memory: 5442.20 MB used,  10899.49 MB free, 16341.69 MB total
[2017.03.06-23.29.02:415][352]LogMemory: Virtual Memory: 2953.42 MB used,  10899.49 MB free, 134217728.00 MB total
[2017.03.06-23.29.02:415][352]LogMemory: 
[2017.03.06-23.29.02:415][352]Allocator Stats for TBB: (not implemented)
[2017.03.06-23.29.02:573][352]LogAIModule: Creating AISystem for world Fort_Exploration
[2017.03.06-23.29.02:574][352]LogLoad: Game class is 'abyssExplorationMode_C'
[2017.03.06-23.29.02:580][352]LogWorld: Bringing World /Game/Maps-Levels/Fort/Exploration/UEDPIE_0_Fort_Exploration.Fort_Exploration up for play (max tick rate 0) at 2017.03.06-18.29.02
[2017.03.06-23.29.02:581][352]LogWorld: Bringing up level for play took: 0.004589
[2017.03.06-23.29.02:584][352]LogLoad: Took 0.228505 seconds to LoadMap(/Game/Maps-Levels/Fort/Exploration/Fort_Exploration)
[2017.03.06-23.29.04:800][580]LogBlueprintUserMessages: Early EndPlayMap Detection: Level '/Game/Maps-Levels/startMenu.startMenu:PersistentLevel' has LevelScriptBlueprint '/Game/Maps-Levels/startMenu.startMenu:PersistentLevel.startMenu' with GeneratedClass '/Game/Maps-Levels/startMenu.startMenu_C' with ClassGeneratedBy '/Game/Maps-Levels/startMenu.startMenu:PersistentLevel.startMenu'
[2017.03.06-23.29.04:836][580]LogBlueprintUserMessages: Late EndPlayMap Detection: Level '/Game/Maps-Levels/startMenu.startMenu:PersistentLevel' has LevelScriptBlueprint '/Game/Maps-Levels/startMenu.startMenu:PersistentLevel.startMenu' with GeneratedClass '/Game/Maps-Levels/startMenu.startMenu_C' with ClassGeneratedBy '/Game/Maps-Levels/startMenu.startMenu:PersistentLevel.startMenu'
[2017.03.06-23.30.00:853][964]BlueprintLog: New page: Compile BattleHUD
[2017.03.06-23.30.01:247][964]BlueprintEditorCompileResults: Info The execution path doesn't end with a return node.  CastFailed
[2017.03.06-23.30.01:941][ 39]Cmd: OBJ SAVEPACKAGE PACKAGE="/Game/UMG/BattleHUD" FILE="C:/Users/nathan/Desktop/Test/Abyss/Content/UMG/BattleHUD.uasset" SILENT=true
[2017.03.06-23.30.02:280][ 39]LogSavePackage: Save=263.54ms
[2017.03.06-23.30.02:280][ 39]LogSavePackage: Moving 'C:/Users/nathan/Desktop/Test/Abyss/Saved/BattleHUDB28DDCC64B123A0C24DD199ADC57777D.tmp' to 'C:/Users/nathan/Desktop/Test/Abyss/Content/UMG/BattleHUD.uasset'
[2017.03.06-23.30.02:285][ 39]LogSavePackage:Display: Finished SavePackage C:/Users/nathan/Desktop/Test/Abyss/Content/UMG/BattleHUD.uasset
[2017.03.06-23.32.37:675][912]LogEditorTransaction: Undo Move Node
[2017.03.06-23.32.39:817][129]LogEditorTransaction: Undo Move Node
[2017.03.06-23.32.45:167][737]LogEditorTransaction: Undo Move Node
[2017.03.06-23.32.48:020][ 10]LogEditorTransaction: Undo Move Node
[2017.03.06-23.35.37:435][978]BlueprintLog: New page: Compile BattleHUD
[2017.03.06-23.35.37:852][978]BlueprintEditorCompileResults: Info The execution path doesn't end with a return node.  CastFailed
[2017.03.06-23.35.38:290][ 22]Cmd: OBJ SAVEPACKAGE PACKAGE="/Game/UMG/BattleHUD" FILE="C:/Users/nathan/Desktop/Test/Abyss/Content/UMG/BattleHUD.uasset" SILENT=true
[2017.03.06-23.35.38:610][ 22]LogSavePackage: Save=258.46ms
[2017.03.06-23.35.38:610][ 22]LogSavePackage: Moving 'C:/Users/nathan/Desktop/Test/Abyss/Saved/BattleHUD80774B614EFDB965001EA6A19D023E34.tmp' to 'C:/Users/nathan/Desktop/Test/Abyss/Content/UMG/BattleHUD.uasset'
[2017.03.06-23.35.38:614][ 22]LogSavePackage:Display: Finished SavePackage C:/Users/nathan/Desktop/Test/Abyss/Content/UMG/BattleHUD.uasset
[2017.03.07-00.22.35:666][846]Cmd: OBJ SAVEPACKAGE PACKAGE="/Game/UMG/BattleHUD" FILE="C:/Users/nathan/Desktop/Test/Abyss/Content/UMG/BattleHUD.uasset" SILENT=true
[2017.03.07-00.22.35:994][846]LogSavePackage: Save=257.59ms
[2017.03.07-00.22.35:994][846]LogSavePackage: Moving 'C:/Users/nathan/Desktop/Test/Abyss/Saved/BattleHUDBCCD72FC43F824BFD724CABF814C04AD.tmp' to 'C:/Users/nathan/Desktop/Test/Abyss/Content/UMG/BattleHUD.uasset'
[2017.03.07-00.22.35:998][846]LogSavePackage:Display: Finished SavePackage C:/Users/nathan/Desktop/Test/Abyss/Content/UMG/BattleHUD.uasset
[2017.03.07-00.24.21:111][841]BlueprintLog: New page: Compile BattleHUD
[2017.03.07-00.24.21:510][841]BlueprintEditorCompileResults: Info The execution path doesn't end with a return node.  CastFailed
[2017.03.07-00.25.37:383][492]Cmd: OBJ SAVEPACKAGE PACKAGE="/Game/UMG/BattleHUD" FILE="C:/Users/nathan/Desktop/Test/Abyss/Content/UMG/BattleHUD.uasset" SILENT=true
[2017.03.07-00.25.37:694][492]LogSavePackage: Save=257.77ms
[2017.03.07-00.25.37:694][492]LogSavePackage: Moving 'C:/Users/nathan/Desktop/Test/Abyss/Saved/BattleHUDC9F2A843473476BF4082EF839C7B7324.tmp' to 'C:/Users/nathan/Desktop/Test/Abyss/Content/UMG/BattleHUD.uasset'
[2017.03.07-00.25.37:698][492]LogSavePackage:Display: Finished SavePackage C:/Users/nathan/Desktop/Test/Abyss/Content/UMG/BattleHUD.uasset
[2017.03.07-00.25.38:187][493]Cmd: QUIT_EDITOR
[2017.03.07-00.25.38:871][493]LogWindowsTextInputMethodSystem:Display: IME system now deactivated.
[2017.03.07-00.25.38:898][493]LogExit: Preparing to exit.
[2017.03.07-00.25.38:898][493]Javascript: undefined
[2017.03.07-00.25.39:004][493]Javascript: undefined
[2017.03.07-00.25.39:040][493]LogDirectoryWatcher: A directory notification for 'C:/Users/nathan/Desktop/Test/Abyss/Content/Scripts/' was aborted.
[2017.03.07-00.25.39:040][493]LogDirectoryWatcher: A directory notification for 'D:/UE4/UE_4.14/Engine/Plugins/Marketplace/UnrealJS/Content/Scripts/' was aborted.
[2017.03.07-00.25.39:176][493]LogExit: Editor shut down
[2017.03.07-00.25.39:176][493]LogExit: Transaction tracking system shut down
[2017.03.07-00.25.39:328][493]LogObj: Freed 0b from 0 cluster array pools.
[2017.03.07-00.25.39:328][493]LogExit: Object subsystem successfully closed.
[2017.03.07-00.25.39:338][493]LogD3D11RHI: Shutdown
[2017.03.07-00.25.39:338][493]LogD3D11RHI: CleanupD3DDevice
[2017.03.07-00.25.39:436][493]LogD3D11RHI: ~FD3D11DynamicRHI
[2017.03.07-00.25.39:446][493]LogHttp:Display: Http module shutting down, but needs to wait on 1 outstanding Http requests:
[2017.03.07-00.25.39:446][493]LogHttp:Display: 	verb=[POST] url=[https://datarouter.ol.epicgames.com/datarouter/api/v1/public/data?SessionID=%7BE18E4C0D-4EC0-80EE-37E4-C5B101CD55C7%7D&AppID=UEEditor.Rocket.Release&AppVersion=4.14.3-3249277%2B%2B%2BUE4%2BRelease-4.14&UserID=ebd02eab4bf37fade98294bf0ac2928c%7Cdf2486657973442ea895399024942a3f%7C11ccd397-2015-4e95-b97f-e72c5e310a35&AppEnvironment=datacollector-binary&UploadType=eteventstream] status=Processing
[2017.03.07-00.25.39:449][493]LogModuleManager: Shutting down and abandoning module MovieSceneCapture (239)
[2017.03.07-00.25.39:449][493]LogModuleManager: Shutting down and abandoning module SequencerWidgets (238)
[2017.03.07-00.25.39:449][493]LogModuleManager: Shutting down and abandoning module BlueprintGraph (237)
[2017.03.07-00.25.39:449][493]LogModuleManager: Shutting down and abandoning module BlueprintProfiler (236)
[2017.03.07-00.25.39:449][493]LogModuleManager: Shutting down and abandoning module HierarchicalLODOutliner (235)
[2017.03.07-00.25.39:449][493]LogModuleManager: Shutting down and abandoning module CrashTracker (234)
[2017.03.07-00.25.39:449][493]LogModuleManager: Shutting down and abandoning module SceneOutliner (233)
[2017.03.07-00.25.39:449][493]LogModuleManager: Shutting down and abandoning module WidgetCarousel (232)
[2017.03.07-00.25.39:449][493]LogModuleManager: Shutting down and abandoning module AddContentDialog (231)
[2017.03.07-00.25.39:449][493]LogDirectoryWatcher: A directory notification for 'D:/UE4/UE_4.14/FeaturePacks/' was aborted.
[2017.03.07-00.25.39:461][493]LogModuleManager: Shutting down and abandoning module GameplayTags (230)
[2017.03.07-00.25.39:461][493]LogModuleManager: Shutting down and abandoning module EditorWidgets (229)
[2017.03.07-00.25.39:461][493]LogModuleManager: Shutting down and abandoning module CollectionManager (228)
[2017.03.07-00.25.39:461][493]LogDirectoryWatcher: A directory notification for 'C:/Users/nathan/Desktop/Test/Abyss/Content/Collections/' was aborted.
[2017.03.07-00.25.39:461][493]LogDirectoryWatcher: A directory notification for 'C:/Users/nathan/Desktop/Test/Abyss/Content/Developers/nathan/Collections/' was aborted.
[2017.03.07-00.25.39:461][493]LogDirectoryWatcher: A directory notification for 'C:/Users/nathan/Desktop/Test/Abyss/Saved/Collections/' was aborted.
[2017.03.07-00.25.39:461][493]LogModuleManager: Shutting down and abandoning module StatsViewer (227)
[2017.03.07-00.25.39:461][493]LogModuleManager: Shutting down and abandoning module FoliageEdit (226)
[2017.03.07-00.25.39:461][493]LogModuleManager: Shutting down and abandoning module LandscapeEditor (225)
[2017.03.07-00.25.39:462][493]LogModuleManager: Shutting down and abandoning module SceneDepthPickerMode (224)
[2017.03.07-00.25.39:462][493]LogModuleManager: Shutting down and abandoning module ActorPickerMode (223)
[2017.03.07-00.25.39:462][493]LogModuleManager: Shutting down and abandoning module GeometryMode (222)
[2017.03.07-00.25.39:462][493]LogModuleManager: Shutting down and abandoning module TextureAlignMode (221)
[2017.03.07-00.25.39:462][493]LogModuleManager: Shutting down and abandoning module BspMode (220)
[2017.03.07-00.25.39:462][493]LogModuleManager: Shutting down and abandoning module HardwareSurvey (219)
[2017.03.07-00.25.39:462][493]LogModuleManager: Shutting down and abandoning module SequenceRecorderSections (218)
[2017.03.07-00.25.39:462][493]LogModuleManager: Shutting down and abandoning module AutomationWorker (217)
[2017.03.07-00.25.39:462][493]LogModuleManager: Shutting down and abandoning module MatineeToLevelSequence (216)
[2017.03.07-00.25.39:462][493]LogModuleManager: Shutting down and abandoning module PlacementMode (215)
[2017.03.07-00.25.39:462][493]LogModuleManager: Shutting down and abandoning module LevelSequenceEditor (214)
[2017.03.07-00.25.39:462][493]LogModuleManager: Shutting down and abandoning module Media (213)
[2017.03.07-00.25.39:462][493]LogModuleManager: Shutting down and abandoning module WmfMediaFactory (212)
[2017.03.07-00.25.39:462][493]LogModuleManager: Shutting down and abandoning module WmfMediaEditor (211)
[2017.03.07-00.25.39:462][493]LogModuleManager: Shutting down and abandoning module CharacterAI (210)
[2017.03.07-00.25.39:462][493]LogModuleManager: Shutting down and abandoning module SequenceRecorder (209)
[2017.03.07-00.25.39:462][493]LogModuleManager: Shutting down and abandoning module AudioCapture (208)
[2017.03.07-00.25.39:462][493]LogModuleManager: Shutting down and abandoning module SmartSnapping (207)
[2017.03.07-00.25.39:462][493]LogModuleManager: Shutting down and abandoning module SessionServices (206)
[2017.03.07-00.25.39:462][493]LogModuleManager: Shutting down and abandoning module ViewportSnapping (205)
[2017.03.07-00.25.39:462][493]LogModuleManager: Shutting down and abandoning module ViewportInteraction (204)
[2017.03.07-00.25.39:462][493]LogModuleManager: Shutting down and abandoning module LogVisualizer (203)
[2017.03.07-00.25.39:462][493]LogModuleManager: Shutting down and abandoning module GameProjectGeneration (202)
[2017.03.07-00.25.39:462][493]LogModuleManager: Shutting down and abandoning module IntroTutorials (201)
[2017.03.07-00.25.39:462][493]LogModuleManager: Shutting down and abandoning module EditorLiveStreaming (200)
[2017.03.07-00.25.39:462][493]LogModuleManager: Shutting down and abandoning module IOSPlatformEditor (199)
[2017.03.07-00.25.39:462][493]LogModuleManager: Shutting down and abandoning module HTML5PlatformEditor (198)
[2017.03.07-00.25.39:462][493]LogModuleManager: Shutting down and abandoning module AndroidDeviceDetection (196)
[2017.03.07-00.25.40:336][493]LogModuleManager: Shutting down and abandoning module AndroidPlatformEditor (195)
[2017.03.07-00.25.40:336][493]LogModuleManager: Shutting down and abandoning module IOSRuntimeSettings (194)
[2017.03.07-00.25.40:336][493]LogModuleManager: Shutting down and abandoning module AndroidRuntimeSettings (193)
[2017.03.07-00.25.40:336][493]LogModuleManager: Shutting down and abandoning module InputBindingEditor (192)
[2017.03.07-00.25.40:336][493]LogModuleManager: Shutting down and abandoning module NiagaraEditor (191)
[2017.03.07-00.25.40:336][493]LogModuleManager: Shutting down and abandoning module MergeActors (190)
[2017.03.07-00.25.40:336][493]LogModuleManager: Shutting down and abandoning module SizeMap (189)
[2017.03.07-00.25.40:336][493]LogModuleManager: Shutting down and abandoning module TreeMap (188)
[2017.03.07-00.25.40:336][493]LogModuleManager: Shutting down and abandoning module ReferenceViewer (187)
[2017.03.07-00.25.40:336][493]LogModuleManager: Shutting down and abandoning module LocalizationService (186)
[2017.03.07-00.25.40:336][493]LogModuleManager: Shutting down and abandoning module LocalizationDashboard (185)
[2017.03.07-00.25.40:336][493]LogModuleManager: Shutting down and abandoning module HardwareTargeting (184)
[2017.03.07-00.25.40:336][493]LogModuleManager: Shutting down and abandoning module DeviceProfileEditor (183)
[2017.03.07-00.25.40:336][493]LogModuleManager: Shutting down and abandoning module UndoHistory (182)
[2017.03.07-00.25.40:336][493]LogModuleManager: Shutting down and abandoning module UserFeedback (181)
[2017.03.07-00.25.40:336][493]LogModuleManager: Shutting down and abandoning module XmlParser (180)
[2017.03.07-00.25.40:336][493]LogModuleManager: Shutting down and abandoning module Blutility (179)
[2017.03.07-00.25.40:336][493]LogModuleManager: Shutting down and abandoning module ProjectTargetPlatformEditor (178)
[2017.03.07-00.25.40:336][493]LogModuleManager: Shutting down and abandoning module ProjectSettingsViewer (177)
[2017.03.07-00.25.40:336][493]LogModuleManager: Shutting down and abandoning module EditorSettingsViewer (176)
[2017.03.07-00.25.40:336][493]LogModuleManager: Shutting down and abandoning module SettingsEditor (175)
[2017.03.07-00.25.40:336][493]LogModuleManager: Shutting down and abandoning module ProjectLauncher (174)
[2017.03.07-00.25.40:337][493]LogModuleManager: Shutting down and abandoning module SessionFrontend (173)
[2017.03.07-00.25.40:337][493]LogModuleManager: Shutting down and abandoning module ProfilerClient (172)
[2017.03.07-00.25.40:337][493]LogModuleManager: Shutting down and abandoning module TargetDeviceServices (171)
[2017.03.07-00.25.40:337][493]LogModuleManager: Shutting down and abandoning module DeviceManager (170)
[2017.03.07-00.25.40:390][493]LogModuleManager: Shutting down and abandoning module AutomationController (169)
[2017.03.07-00.25.40:390][493]LogModuleManager: Shutting down and abandoning module AutomationWindow (168)
[2017.03.07-00.25.40:390][493]LogModuleManager: Shutting down and abandoning module Layers (167)
[2017.03.07-00.25.40:390][493]LogModuleManager: Shutting down and abandoning module ComponentVisualizers (166)
[2017.03.07-00.25.40:390][493]LogModuleManager: Shutting down and abandoning module DetailCustomizations (165)
[2017.03.07-00.25.40:391][493]LogModuleManager: Shutting down and abandoning module PackagesDialog (164)
[2017.03.07-00.25.40:391][493]LogModuleManager: Shutting down and abandoning module AnimGraph (163)
[2017.03.07-00.25.40:391][493]LogModuleManager: Shutting down and abandoning module Persona (162)
[2017.03.07-00.25.40:391][493]LogModuleManager: Shutting down and abandoning module Kismet (161)
[2017.03.07-00.25.40:403][493]LogModuleManager: Shutting down and abandoning module GraphEditor (160)
[2017.03.07-00.25.40:403][493]LogModuleManager: Shutting down and abandoning module ClassViewer (159)
[2017.03.07-00.25.40:403][493]LogModuleManager: Shutting down and abandoning module Toolbox (158)
[2017.03.07-00.25.40:403][493]LogModuleManager: Shutting down and abandoning module ModuleUI (157)
[2017.03.07-00.25.40:403][493]LogModuleManager: Shutting down and abandoning module MovieSceneTools (156)
[2017.03.07-00.25.40:403][493]LogModuleManager: Shutting down and abandoning module OutputLog (155)
[2017.03.07-00.25.40:403][493]LogModuleManager: Shutting down and abandoning module GammaUI (154)
[2017.03.07-00.25.40:403][493]LogModuleManager: Shutting down and abandoning module Documentation (153)
[2017.03.07-00.25.40:403][493]LogModuleManager: Shutting down and abandoning module Niagara (152)
[2017.03.07-00.25.40:403][493]LogModuleManager: Shutting down and abandoning module StreamingPauseRendering (151)
[2017.03.07-00.25.40:403][493]LogModuleManager: Shutting down and abandoning module AnalyticsET (150)
[2017.03.07-00.25.40:403][493]LogModuleManager: Shutting down and abandoning module PortalServices (149)
[2017.03.07-00.25.40:403][493]LogModuleManager: Shutting down and abandoning module PortalRpc (148)
[2017.03.07-00.25.40:403][493]LogModuleManager: Shutting down and abandoning module MessagingRpc (147)
[2017.03.07-00.25.40:403][493]LogModuleManager: Shutting down and abandoning module GameplayDebugger (146)
[2017.03.07-00.25.40:403][493]LogModuleManager: Shutting down and abandoning module AITestSuite (145)
[2017.03.07-00.25.40:403][493]LogModuleManager: Shutting down and abandoning module AIModule (144)
[2017.03.07-00.25.40:403][493]LogModuleManager: Shutting down and abandoning module ProfilerService (143)
[2017.03.07-00.25.40:566][493]LogModuleManager: Shutting down and abandoning module TaskGraph (142)
[2017.03.07-00.25.40:566][493]LogModuleManager: Shutting down and abandoning module SlateRemote (141)
[2017.03.07-00.25.40:566][493]LogModuleManager: Shutting down and abandoning module ProceduralMeshComponentEditor (140)
[2017.03.07-00.25.40:566][493]LogModuleManager: Shutting down and abandoning module ProceduralMeshComponent (139)
[2017.03.07-00.25.40:566][493]LogModuleManager: Shutting down and abandoning module CustomMeshComponent (138)
[2017.03.07-00.25.40:566][493]LogModuleManager: Shutting down and abandoning module CableComponent (137)
[2017.03.07-00.25.40:566][493]LogModuleManager: Shutting down and abandoning module ArchVisCharacter (136)
[2017.03.07-00.25.40:566][493]LogModuleManager: Shutting down and abandoning module MediaPlayerEditor (134)
[2017.03.07-00.25.40:566][493]LogModuleManager: Shutting down and abandoning module JavascriptConsole (133)
[2017.03.07-00.25.40:566][493]LogModuleManager: Shutting down and abandoning module JavascriptEditor (132)
[2017.03.07-00.25.40:566][493]LogModuleManager: Shutting down and abandoning module HGGifImporter (131)
[2017.03.07-00.25.40:566][493]LogModuleManager: Shutting down and abandoning module HTML5Networking (130)
[2017.03.07-00.25.40:566][493]LogModuleManager: Shutting down and abandoning module GeometryCacheEd (129)
[2017.03.07-00.25.40:566][493]LogModuleManager: Shutting down and abandoning module GeometryCache (128)
[2017.03.07-00.25.40:566][493]LogModuleManager: Shutting down and abandoning module AlembicLibrary (127)
[2017.03.07-00.25.40:566][493]LogModuleManager: Shutting down and abandoning module AlembicImporter (126)
[2017.03.07-00.25.40:566][493]LogModuleManager: Shutting down and abandoning module SuperSearch (125)
[2017.03.07-00.25.40:566][493]LogModuleManager: Shutting down and abandoning module SuperSearchEditor (124)
[2017.03.07-00.25.40:566][493]LogModuleManager: Shutting down and abandoning module SpeedTreeImporter (123)
[2017.03.07-00.25.40:566][493]LogModuleManager: Shutting down and abandoning module PluginBrowser (122)
[2017.03.07-00.25.40:566][493]LogModuleManager: Shutting down and abandoning module DesktopPlatform (121)
[2017.03.07-00.25.40:566][493]LogModuleManager: Shutting down and abandoning module VisualStudioSourceCodeAccess (120)
[2017.03.07-00.25.40:566][493]LogModuleManager: Shutting down and abandoning module UObjectPlugin (119)
[2017.03.07-00.25.40:566][493]LogModuleManager: Shutting down and abandoning module SubversionSourceControl (118)
[2017.03.07-00.25.40:566][493]LogModuleManager: Shutting down and abandoning module PerforceSourceControl (117)
[2017.03.07-00.25.40:566][493]LogModuleManager: Shutting down and abandoning module SourceControl (116)
[2017.03.07-00.25.40:567][493]LogModuleManager: Shutting down and abandoning module GitSourceControl (115)
[2017.03.07-00.25.40:567][493]LogModuleManager: Shutting down and abandoning module LightPropagationVolumeEditor (114)
[2017.03.07-00.25.40:567][493]LogModuleManager: Shutting down and abandoning module PaperTiledImporter (113)
[2017.03.07-00.25.40:567][493]LogModuleManager: Shutting down and abandoning module PaperSpriteSheetImporter (112)
[2017.03.07-00.25.40:567][493]LogModuleManager: Shutting down and abandoning module MeshPaint (111)
[2017.03.07-00.25.40:567][493]LogModuleManager: Shutting down and abandoning module PixelInspectorModule (110)
[2017.03.07-00.25.40:567][493]LogModuleManager: Shutting down and abandoning module HotReload (109)
[2017.03.07-00.25.40:567][493]LogDirectoryWatcher: A directory notification for 'C:/Users/nathan/Desktop/Test/Abyss/Binaries/Win64' was aborted.
[2017.03.07-00.25.40:567][493]LogModuleManager: Shutting down and abandoning module MainFrame (108)
[2017.03.07-00.25.40:567][493]LogModuleManager: Shutting down and abandoning module LevelEditor (107)
[2017.03.07-00.25.40:568][493]LogModuleManager: Shutting down and abandoning module ContentBrowser (106)
[2017.03.07-00.25.40:569][493]LogModuleManager: Shutting down and abandoning module Paper2DEditor (105)
[2017.03.07-00.25.40:569][493]LogModuleManager: Shutting down and abandoning module JavascriptWebSocket (104)
[2017.03.07-00.25.40:569][493]LogModuleManager: Shutting down and abandoning module JavascriptHttp (103)
[2017.03.07-00.25.40:569][493]LogModuleManager: Shutting down and abandoning module JavascriptUMG (102)
[2017.03.07-00.25.40:569][493]LogModuleManager: Shutting down and abandoning module V8 (101)
[2017.03.07-00.25.40:572][493]LogModuleManager: Shutting down and abandoning module LightPropagationVolumeRuntime (100)
[2017.03.07-00.25.40:572][493]LogModuleManager: Shutting down and abandoning module Paper2D (99)
[2017.03.07-00.25.40:572][493]LogModuleManager: Shutting down and abandoning module WindowsMoviePlayer (98)
[2017.03.07-00.25.40:572][493]LogModuleManager: Shutting down and abandoning module WmfMedia (97)
[2017.03.07-00.25.40:572][493]LogModuleManager: Shutting down and abandoning module MediaAssets (96)
[2017.03.07-00.25.40:572][493]LogModuleManager: Shutting down and abandoning module GameLiveStreaming (95)
[2017.03.07-00.25.40:572][493]LogModuleManager: Shutting down and abandoning module GameplayTagsEditor (94)
[2017.03.07-00.25.40:572][493]LogModuleManager: Shutting down and abandoning module VREditor (93)
[2017.03.07-00.25.40:572][493]LogModuleManager: Shutting down and abandoning module GameplayTasksEditor (92)
[2017.03.07-00.25.40:572][493]LogModuleManager: Shutting down and abandoning module BehaviorTreeEditor (91)
[2017.03.07-00.25.40:572][493]LogModuleManager: Shutting down and abandoning module FunctionalTesting (90)
[2017.03.07-00.25.40:572][493]LogModuleManager: Shutting down and abandoning module CollisionAnalyzer (89)
[2017.03.07-00.25.40:572][493]LogModuleManager: Shutting down and abandoning module Sequencer (88)
[2017.03.07-00.25.40:572][493]LogModuleManager: Shutting down and abandoning module WorkspaceMenuStructure (87)
[2017.03.07-00.25.40:572][493]LogModuleManager: Shutting down and abandoning module MessageLog (86)
[2017.03.07-00.25.40:572][493]LogModuleManager: Shutting down and abandoning module AssetTools (85)
[2017.03.07-00.25.40:572][493]LogModuleManager: Shutting down and abandoning module UMGEditor (84)
[2017.03.07-00.25.40:572][493]LogModuleManager: Shutting down and abandoning module UMG (83)
[2017.03.07-00.25.40:572][493]LogModuleManager: Shutting down and abandoning module SlateReflector (82)
[2017.03.07-00.25.40:572][493]LogModuleManager: Shutting down and abandoning module Slate (81)
[2017.03.07-00.25.40:572][493]LogModuleManager: Shutting down and abandoning module EditorStyle (80)
[2017.03.07-00.25.40:575][493]LogModuleManager: Shutting down and abandoning module SourceCodeAccess (79)
[2017.03.07-00.25.40:575][493]LogModuleManager: Shutting down and abandoning module HeadMountedDisplay (78)
[2017.03.07-00.25.40:575][493]LogModuleManager: Shutting down and abandoning module XAudio2 (77)
[2017.03.07-00.25.40:575][493]LogModuleManager: Shutting down and abandoning module Networking (75)
[2017.03.07-00.25.40:575][493]LogModuleManager: Shutting down and abandoning module Core (74)
[2017.03.07-00.25.40:575][493]LogModuleManager: Shutting down and abandoning module DirectoryWatcher (73)
[2017.03.07-00.25.40:575][493]LogDirectoryWatcher: A directory notification for '../../../Engine/Content/' was aborted.
[2017.03.07-00.25.40:575][493]LogDirectoryWatcher: A directory notification for 'C:/Users/nathan/Desktop/Test/Abyss/Content/' was aborted.
[2017.03.07-00.25.40:575][493]LogDirectoryWatcher: A directory notification for '../../../Engine/Plugins/2D/Paper2D/Content/' was aborted.
[2017.03.07-00.25.40:575][493]LogDirectoryWatcher: A directory notification for '../../../Engine/Plugins/Marketplace/UnrealJS/Content/' was aborted.
[2017.03.07-00.25.40:577][493]LogModuleManager: Shutting down and abandoning module AssetRegistry (72)
[2017.03.07-00.25.40:683][493]LogModuleManager: Shutting down and abandoning module KismetCompiler (71)
[2017.03.07-00.25.40:683][493]LogModuleManager: Shutting down and abandoning module PhysXFormats (70)
[2017.03.07-00.25.40:683][493]LogModuleManager: Shutting down and abandoning module SimplygonSwarm (69)
[2017.03.07-00.25.40:683][493]LogModuleManager: Shutting down and abandoning module SimplygonMeshReduction (68)
[2017.03.07-00.25.40:683][493]LogModuleManager: Shutting down and abandoning module QuadricMeshReduction (67)
[2017.03.07-00.25.40:683][493]LogModuleManager: Shutting down and abandoning module PropertyEditor (66)
[2017.03.07-00.25.40:683][493]LogModuleManager: Shutting down and abandoning module MeshUtilities (65)
[2017.03.07-00.25.40:683][493]LogModuleManager: Shutting down and abandoning module DerivedDataCache (64)
[2017.03.07-00.25.40:707][493]LogDerivedDataCache: Shutdown
[2017.03.07-00.25.40:707][493]LogModuleManager: Shutting down and abandoning module VulkanShaderFormat (63)
[2017.03.07-00.25.40:707][493]LogModuleManager: Shutting down and abandoning module ShaderFormatOpenGL (62)
[2017.03.07-00.25.40:707][493]LogModuleManager: Shutting down and abandoning module ShaderFormatD3D (61)
[2017.03.07-00.25.40:707][493]LogModuleManager: Shutting down and abandoning module MetalShaderFormat (60)
[2017.03.07-00.25.40:707][493]LogModuleManager: Shutting down and abandoning module TextureFormatUncompressed (59)
[2017.03.07-00.25.40:707][493]LogModuleManager: Shutting down and abandoning module TextureFormatPVR (58)
[2017.03.07-00.25.40:707][493]LogModuleManager: Shutting down and abandoning module TextureFormatDXT (57)
[2017.03.07-00.25.40:707][493]LogModuleManager: Shutting down and abandoning module TextureFormatIntelISPCTexComp (56)
[2017.03.07-00.25.40:707][493]LogModuleManager: Shutting down and abandoning module ImageWrapper (55)
[2017.03.07-00.25.40:707][493]LogModuleManager: Shutting down and abandoning module TextureFormatASTC (54)
[2017.03.07-00.25.40:707][493]LogModuleManager: Shutting down and abandoning module TextureFormatAndroid (53)
[2017.03.07-00.25.40:707][493]LogModuleManager: Shutting down and abandoning module AudioFormatOpus (52)
[2017.03.07-00.25.40:707][493]LogModuleManager: Shutting down and abandoning module AudioFormatOgg (51)
[2017.03.07-00.25.40:707][493]LogModuleManager: Shutting down and abandoning module AudioFormatADPCM (50)
[2017.03.07-00.25.40:707][493]LogModuleManager: Shutting down and abandoning module LinuxTargetPlatform (49)
[2017.03.07-00.25.40:707][493]LogModuleManager: Shutting down and abandoning module LinuxServerTargetPlatform (48)
[2017.03.07-00.25.40:707][493]LogModuleManager: Shutting down and abandoning module LinuxNoEditorTargetPlatform (47)
[2017.03.07-00.25.40:707][493]LogModuleManager: Shutting down and abandoning module LinuxClientTargetPlatform (46)
[2017.03.07-00.25.40:707][493]LogModuleManager: Shutting down and abandoning module TVOSTargetPlatform (45)
[2017.03.07-00.25.40:707][493]LogModuleManager: Shutting down and abandoning module Messaging (44)
[2017.03.07-00.25.40:707][493]LogModuleManager: Shutting down and abandoning module IOSTargetPlatform (43)
[2017.03.07-00.25.40:708][493]LogModuleManager: Shutting down and abandoning module HTML5TargetPlatform (42)
[2017.03.07-00.25.40:708][493]LogModuleManager: Shutting down and abandoning module Android_PVRTCTargetPlatform (41)
[2017.03.07-00.25.40:708][493]LogModuleManager: Shutting down and abandoning module Android_MultiTargetPlatform (40)
[2017.03.07-00.25.40:708][493]LogModuleManager: Shutting down and abandoning module Android_ETC2TargetPlatform (39)
[2017.03.07-00.25.40:708][493]LogModuleManager: Shutting down and abandoning module Android_ETC1TargetPlatform (38)
[2017.03.07-00.25.40:708][493]LogModuleManager: Shutting down and abandoning module Android_DXTTargetPlatform (37)
[2017.03.07-00.25.40:708][493]LogModuleManager: Shutting down and abandoning module Android_ATCTargetPlatform (36)
[2017.03.07-00.25.40:708][493]LogModuleManager: Shutting down and abandoning module Android_ASTCTargetPlatform (35)
[2017.03.07-00.25.40:708][493]LogModuleManager: Shutting down and abandoning module AndroidTargetPlatform (34)
[2017.03.07-00.25.40:708][493]LogModuleManager: Shutting down and abandoning module WindowsTargetPlatform (33)
[2017.03.07-00.25.40:708][493]LogModuleManager: Shutting down and abandoning module WindowsServerTargetPlatform (32)
[2017.03.07-00.25.40:708][493]LogModuleManager: Shutting down and abandoning module WindowsNoEditorTargetPlatform (31)
[2017.03.07-00.25.40:708][493]LogModuleManager: Shutting down and abandoning module WindowsClientTargetPlatform (30)
[2017.03.07-00.25.40:708][493]LogModuleManager: Shutting down and abandoning module MacTargetPlatform (29)
[2017.03.07-00.25.40:708][493]LogModuleManager: Shutting down and abandoning module MacServerTargetPlatform (28)
[2017.03.07-00.25.40:708][493]LogModuleManager: Shutting down and abandoning module MacNoEditorTargetPlatform (27)
[2017.03.07-00.25.40:708][493]LogModuleManager: Shutting down and abandoning module MacClientTargetPlatform (26)
[2017.03.07-00.25.40:708][493]LogModuleManager: Shutting down and abandoning module AllDesktopTargetPlatform (25)
[2017.03.07-00.25.40:708][493]LogModuleManager: Shutting down and abandoning module TargetPlatform (24)
[2017.03.07-00.25.40:708][493]LogModuleManager: Shutting down and abandoning module InputCore (23)
[2017.03.07-00.25.40:708][493]LogModuleManager: Shutting down and abandoning module Settings (22)
[2017.03.07-00.25.40:708][493]LogModuleManager: Shutting down and abandoning module ExampleDeviceProfileSelector (21)
[2017.03.07-00.25.40:708][493]LogModuleManager: Shutting down and abandoning module OnlineBlueprintSupport (20)
[2017.03.07-00.25.40:708][493]LogModuleManager: Shutting down and abandoning module OnlineSubsystem (18)
[2017.03.07-00.25.40:708][493]LogOnline:Display: Unloading online subsystem: NULL
[2017.03.07-00.25.40:708][493]LogModuleManager: Shutting down and abandoning module SSL (17)
[2017.03.07-00.25.40:709][493]LogModuleManager: Shutting down and abandoning module HTTP (16)
[2017.03.07-00.25.40:709][493]LogModuleManager: Shutting down and abandoning module XMPP (15)
[2017.03.07-00.25.40:710][493]LogModuleManager: Shutting down and abandoning module TextureCompressor (14)
[2017.03.07-00.25.40:710][493]LogModuleManager: Shutting down and abandoning module ShaderCore (13)
[2017.03.07-00.25.40:710][493]LogModuleManager: Shutting down and abandoning module Landscape (12)
[2017.03.07-00.25.40:710][493]LogModuleManager: Shutting down and abandoning module SlateRHIRenderer (11)
[2017.03.07-00.25.40:716][493]LogModuleManager: Shutting down and abandoning module OpenGLDrv (10)
[2017.03.07-00.25.40:716][493]LogModuleManager: Shutting down and abandoning module D3D11RHI (9)
[2017.03.07-00.25.40:716][493]LogModuleManager: Shutting down and abandoning module AnimGraphRuntime (8)
[2017.03.07-00.25.40:716][493]LogModuleManager: Shutting down and abandoning module Renderer (7)
[2017.03.07-00.25.40:716][493]LogModuleManager: Shutting down and abandoning module Engine (6)
[2017.03.07-00.25.40:716][493]LogModuleManager: Shutting down and abandoning module CoreUObject (5)
[2017.03.07-00.25.40:716][493]LogModuleManager: Shutting down and abandoning module NetworkFile (4)
[2017.03.07-00.25.40:716][493]LogModuleManager: Shutting down and abandoning module StreamingFile (3)
[2017.03.07-00.25.40:717][493]LogModuleManager: Shutting down and abandoning module SandboxFile (2)
[2017.03.07-00.25.40:717][493]LogModuleManager: Shutting down and abandoning module PakFile (1)
[2017.03.07-00.25.40:720][493]LogExit: Exiting.
[2017.03.07-00.25.40:722][493]Log file closed, 03/06/17 19:25:40
