Log file open, 03/05/17 19:07:55
LogInit:Display: Running engine for game: Abyss
LogPlatformFile: Not using cached read wrapper
LogInit:Display: RandInit(-766414135) SRandInit(-766414135).
LogTaskGraph: Started task graph with 5 named threads and 8 total threads with 1 sets of task threads.
LogStats: Stats thread started at 0.082522
LogPluginManager: Loaded Plugin Paper2D, From C:/Program Files/Epic Games/UE_4.14/Engine/Plugins/2D/Paper2D/Paper2D.uplugin
LogPluginManager: Loaded Plugin LightPropagationVolume, From C:/Program Files/Epic Games/UE_4.14/Engine/Plugins/Blendables/LightPropagationVolume/LightPropagationVolume.uplugin
LogPluginManager: Loaded Plugin BlankPlugin, From C:/Program Files/Epic Games/UE_4.14/Engine/Plugins/Developer/BlankPlugin/BlankPlugin.uplugin
LogPluginManager: Loaded Plugin CodeLiteSourceCodeAccess, From C:/Program Files/Epic Games/UE_4.14/Engine/Plugins/Developer/CodeLiteSourceCodeAccess/CodeLiteSourceCodeAccess.uplugin
LogPluginManager: Loaded Plugin GitSourceControl, From C:/Program Files/Epic Games/UE_4.14/Engine/Plugins/Developer/GitSourceControl/GitSourceControl.uplugin
LogPluginManager: Loaded Plugin KDevelopSourceCodeAccess, From C:/Program Files/Epic Games/UE_4.14/Engine/Plugins/Developer/KDevelopSourceCodeAccess/KDevelopSourceCodeAccess.uplugin
LogPluginManager: Loaded Plugin NullSourceCodeAccess, From C:/Program Files/Epic Games/UE_4.14/Engine/Plugins/Developer/NullSourceCodeAccess/NullSourceCodeAccess.uplugin
LogPluginManager: Loaded Plugin OneSkyLocalizationService, From C:/Program Files/Epic Games/UE_4.14/Engine/Plugins/Developer/OneSkyLocalizationService/OneSkyLocalizationService.uplugin
LogPluginManager: Loaded Plugin PerforceSourceControl, From C:/Program Files/Epic Games/UE_4.14/Engine/Plugins/Developer/PerforceSourceControl/PerforceSourceControl.uplugin
LogPluginManager: Loaded Plugin SubversionSourceControl, From C:/Program Files/Epic Games/UE_4.14/Engine/Plugins/Developer/SubversionSourceControl/SubversionSourceControl.uplugin
LogPluginManager: Loaded Plugin UObjectPlugin, From C:/Program Files/Epic Games/UE_4.14/Engine/Plugins/Developer/UObjectPlugin/UObjectPlugin.uplugin
LogPluginManager: Loaded Plugin VisualStudioSourceCodeAccess, From C:/Program Files/Epic Games/UE_4.14/Engine/Plugins/Developer/VisualStudioSourceCodeAccess/VisualStudioSourceCodeAccess.uplugin
LogPluginManager: Loaded Plugin XCodeSourceCodeAccess, From C:/Program Files/Epic Games/UE_4.14/Engine/Plugins/Developer/XCodeSourceCodeAccess/XCodeSourceCodeAccess.uplugin
LogPluginManager: Loaded Plugin AudioCapture, From C:/Program Files/Epic Games/UE_4.14/Engine/Plugins/Editor/AudioCapture/AudioCapture.uplugin
LogPluginManager: Loaded Plugin EpicSurvey, From C:/Program Files/Epic Games/UE_4.14/Engine/Plugins/Editor/EpicSurvey/EpicSurvey.uplugin
LogPluginManager: Loaded Plugin MacGraphicsSwitching, From C:/Program Files/Epic Games/UE_4.14/Engine/Plugins/Editor/MacGraphicsSwitching/MacGraphicsSwitching.uplugin
LogPluginManager: Loaded Plugin MobileLauncherProfileWizard, From C:/Program Files/Epic Games/UE_4.14/Engine/Plugins/Editor/MobileLauncherProfileWizard/MobileLauncherProfileWizard.uplugin
LogPluginManager: Loaded Plugin PluginBrowser, From C:/Program Files/Epic Games/UE_4.14/Engine/Plugins/Editor/PluginBrowser/PluginBrowser.uplugin
LogPluginManager: Loaded Plugin SpeedTreeImporter, From C:/Program Files/Epic Games/UE_4.14/Engine/Plugins/Editor/SpeedTreeImporter/SpeedTreeImporter.uplugin
LogPluginManager: Loaded Plugin SuperSearchEditor, From C:/Program Files/Epic Games/UE_4.14/Engine/Plugins/Editor/SuperSearchEditor/SuperSearchEditor.uplugin
LogPluginManager: Loaded Plugin AlembicImporter, From C:/Program Files/Epic Games/UE_4.14/Engine/Plugins/Experimental/AlembicImporter/AlembicImporter.uplugin
LogPluginManager: Loaded Plugin BlueprintStats, From C:/Program Files/Epic Games/UE_4.14/Engine/Plugins/Experimental/BlueprintStats/BlueprintStats.uplugin
LogPluginManager: Loaded Plugin CharacterAI, From C:/Program Files/Epic Games/UE_4.14/Engine/Plugins/Experimental/CharacterAI/CharacterAI.uplugin
LogPluginManager: Loaded Plugin CodeEditor, From C:/Program Files/Epic Games/UE_4.14/Engine/Plugins/Experimental/CodeEditor/CodeEditor.uplugin
LogPluginManager: Loaded Plugin CodeView, From C:/Program Files/Epic Games/UE_4.14/Engine/Plugins/Experimental/CodeView/CodeView.uplugin
LogPluginManager: Loaded Plugin HTML5Networking, From C:/Program Files/Epic Games/UE_4.14/Engine/Plugins/Experimental/HTML5Networking/HTML5Networking.uplugin
LogPluginManager: Loaded Plugin OSVR, From C:/Program Files/Epic Games/UE_4.14/Engine/Plugins/Experimental/OSVR/OSVR.uplugin
LogPluginManager: Loaded Plugin Phya, From C:/Program Files/Epic Games/UE_4.14/Engine/Plugins/Experimental/Phya/Phya.uplugin
LogPluginManager: Loaded Plugin SignificanceManager, From C:/Program Files/Epic Games/UE_4.14/Engine/Plugins/Experimental/SignificanceManager/SignificanceManager.uplugin
LogPluginManager: Loaded Plugin SimpleHMD, From C:/Program Files/Epic Games/UE_4.14/Engine/Plugins/Experimental/SimpleHMD/SimpleHMD.uplugin
LogPluginManager: Loaded Plugin StereoPanorama, From C:/Program Files/Epic Games/UE_4.14/Engine/Plugins/Experimental/StereoPanorama/StereoPanorama.uplugin
LogPluginManager: Loaded Plugin StructBox, From C:/Program Files/Epic Games/UE_4.14/Engine/Plugins/Experimental/StructBox/StructBox.uplugin
LogPluginManager: Loaded Plugin AndroidMedia, From C:/Program Files/Epic Games/UE_4.14/Engine/Plugins/Media/AndroidMedia/AndroidMedia.uplugin
LogPluginManager: Loaded Plugin AvfMedia, From C:/Program Files/Epic Games/UE_4.14/Engine/Plugins/Media/AvfMedia/AvfMedia.uplugin
LogPluginManager: Loaded Plugin MediaPlayerEditor, From C:/Program Files/Epic Games/UE_4.14/Engine/Plugins/Media/MediaPlayerEditor/MediaPlayerEditor.uplugin
LogPluginManager: Loaded Plugin WmfMedia, From C:/Program Files/Epic Games/UE_4.14/Engine/Plugins/Media/WmfMedia/WmfMedia.uplugin
LogPluginManager: Loaded Plugin MessagingDebugger, From C:/Program Files/Epic Games/UE_4.14/Engine/Plugins/Messaging/MessagingDebugger/MessagingDebugger.uplugin
LogPluginManager: Loaded Plugin TcpMessaging, From C:/Program Files/Epic Games/UE_4.14/Engine/Plugins/Messaging/TcpMessaging/TcpMessaging.uplugin
LogPluginManager: Loaded Plugin UdpMessaging, From C:/Program Files/Epic Games/UE_4.14/Engine/Plugins/Messaging/UdpMessaging/UdpMessaging.uplugin
LogPluginManager: Loaded Plugin LevelSequenceEditor, From C:/Program Files/Epic Games/UE_4.14/Engine/Plugins/MovieScene/LevelSequenceEditor/LevelSequenceEditor.uplugin
LogPluginManager: Loaded Plugin MatineeToLevelSequence, From C:/Program Files/Epic Games/UE_4.14/Engine/Plugins/MovieScene/MatineeToLevelSequence/MatineeToLevelSequence.uplugin
LogPluginManager: Loaded Plugin NetcodeUnitTest, From C:/Program Files/Epic Games/UE_4.14/Engine/Plugins/NetcodeUnitTest/NetcodeUnitTest/NetcodeUnitTest.uplugin
LogPluginManager: Loaded Plugin NUTUnrealEngine4, From C:/Program Files/Epic Games/UE_4.14/Engine/Plugins/NetcodeUnitTest/NUTUnrealEngine4/NUTUnrealEngine4.uplugin
LogPluginManager: Loaded Plugin OnlineSubsystemGameCircle, From C:/Program Files/Epic Games/UE_4.14/Engine/Plugins/Online/Android/OnlineSubsystemGameCircle/OnlineSubsystemGameCircle.uplugin
LogPluginManager: Loaded Plugin OnlineSubsystemGooglePlay, From C:/Program Files/Epic Games/UE_4.14/Engine/Plugins/Online/Android/OnlineSubsystemGooglePlay/OnlineSubsystemGooglePlay.uplugin
LogPluginManager: Loaded Plugin OnlineSubsystemIOS, From C:/Program Files/Epic Games/UE_4.14/Engine/Plugins/Online/IOS/OnlineSubsystemIOS/OnlineSubsystemIOS.uplugin
LogPluginManager: Loaded Plugin OnlineFramework, From C:/Program Files/Epic Games/UE_4.14/Engine/Plugins/Online/OnlineFramework/OnlineFramework.uplugin
LogPluginManager: Loaded Plugin OnlineSubsystem, From C:/Program Files/Epic Games/UE_4.14/Engine/Plugins/Online/OnlineSubsystem/OnlineSubsystem.uplugin
LogPluginManager: Loaded Plugin OnlineSubsystemAmazon, From C:/Program Files/Epic Games/UE_4.14/Engine/Plugins/Online/OnlineSubsystemAmazon/OnlineSubsystemAmazon.uplugin
LogPluginManager: Loaded Plugin OnlineSubsystemFacebook, From C:/Program Files/Epic Games/UE_4.14/Engine/Plugins/Online/OnlineSubsystemFacebook/OnlineSubsystemFacebook.uplugin
LogPluginManager: Loaded Plugin OnlineSubsystemNull, From C:/Program Files/Epic Games/UE_4.14/Engine/Plugins/Online/OnlineSubsystemNull/OnlineSubsystemNull.uplugin
LogPluginManager: Loaded Plugin OnlineSubsystemOculus, From C:/Program Files/Epic Games/UE_4.14/Engine/Plugins/Online/OnlineSubsystemOculus/OnlineSubsystemOculus.uplugin
LogPluginManager: Loaded Plugin OnlineSubsystemSteam, From C:/Program Files/Epic Games/UE_4.14/Engine/Plugins/Online/OnlineSubsystemSteam/OnlineSubsystemSteam.uplugin
LogPluginManager: Loaded Plugin OnlineSubsystemUtils, From C:/Program Files/Epic Games/UE_4.14/Engine/Plugins/Online/OnlineSubsystemUtils/OnlineSubsystemUtils.uplugin
LogPluginManager: Loaded Plugin IOSTapJoy, From C:/Program Files/Epic Games/UE_4.14/Engine/Plugins/Runtime/Advertising/IOSTapJoy/IOSTapJoy.uplugin
LogPluginManager: Loaded Plugin AnalyticsBlueprintLibrary, From C:/Program Files/Epic Games/UE_4.14/Engine/Plugins/Runtime/Analytics/AnalyticsBlueprintLibrary/AnalyticsBlueprintLibrary.uplugin
LogPluginManager: Loaded Plugin AnalyticsMulticast, From C:/Program Files/Epic Games/UE_4.14/Engine/Plugins/Runtime/Analytics/AnalyticsMulticast/AnalyticsMulticast.uplugin
LogPluginManager: Loaded Plugin Apsalar, From C:/Program Files/Epic Games/UE_4.14/Engine/Plugins/Runtime/Analytics/Apsalar/Apsalar.uplugin
LogPluginManager: Loaded Plugin FileLogging, From C:/Program Files/Epic Games/UE_4.14/Engine/Plugins/Runtime/Analytics/FileLogging/FileLogging.uplugin
LogPluginManager: Loaded Plugin Flurry, From C:/Program Files/Epic Games/UE_4.14/Engine/Plugins/Runtime/Analytics/Flurry/Flurry.uplugin
LogPluginManager: Loaded Plugin AndroidDeviceProfileSelector, From C:/Program Files/Epic Games/UE_4.14/Engine/Plugins/Runtime/AndroidDeviceProfileSelector/AndroidDeviceProfileSelector.uplugin
LogPluginManager: Loaded Plugin AndroidMoviePlayer, From C:/Program Files/Epic Games/UE_4.14/Engine/Plugins/Runtime/AndroidMoviePlayer/AndroidMoviePlayer.uplugin
LogPluginManager: Loaded Plugin AppleMoviePlayer, From C:/Program Files/Epic Games/UE_4.14/Engine/Plugins/Runtime/AppleMoviePlayer/AppleMoviePlayer.uplugin
LogPluginManager: Loaded Plugin ArchVisCharacter, From C:/Program Files/Epic Games/UE_4.14/Engine/Plugins/Runtime/ArchVisCharacter/ArchVisCharacter.uplugin
LogPluginManager: Loaded Plugin CableComponent, From C:/Program Files/Epic Games/UE_4.14/Engine/Plugins/Runtime/CableComponent/CableComponent.uplugin
LogPluginManager: Loaded Plugin CustomMeshComponent, From C:/Program Files/Epic Games/UE_4.14/Engine/Plugins/Runtime/CustomMeshComponent/CustomMeshComponent.uplugin
LogPluginManager: Loaded Plugin ExampleDeviceProfileSelector, From C:/Program Files/Epic Games/UE_4.14/Engine/Plugins/Runtime/ExampleDeviceProfileSelector/ExampleDeviceProfileSelector.uplugin
LogPluginManager: Loaded Plugin GearVR, From C:/Program Files/Epic Games/UE_4.14/Engine/Plugins/Runtime/GearVR/GearVR.uplugin
LogPluginManager: Loaded Plugin GoogleVRController, From C:/Program Files/Epic Games/UE_4.14/Engine/Plugins/Runtime/GoogleVR/GoogleVRController/GoogleVRController.uplugin
LogPluginManager: Loaded Plugin GoogleVRHMD, From C:/Program Files/Epic Games/UE_4.14/Engine/Plugins/Runtime/GoogleVR/GoogleVRHMD/GoogleVRHMD.uplugin
LogPluginManager: Loaded Plugin IOSDeviceProfileSelector, From C:/Program Files/Epic Games/UE_4.14/Engine/Plugins/Runtime/IOSDeviceProfileSelector/IOSDeviceProfileSelector.uplugin
LogPluginManager: Loaded Plugin LeapMotion, From C:/Program Files/Epic Games/UE_4.14/Engine/Plugins/Runtime/LeapMotion/LeapMotion.uplugin
LogPluginManager: Loaded Plugin LinuxDeviceProfileSelector, From C:/Program Files/Epic Games/UE_4.14/Engine/Plugins/Runtime/LinuxDeviceProfileSelector/LinuxDeviceProfileSelector.uplugin
LogPluginManager: Loaded Plugin MIDIDevice, From C:/Program Files/Epic Games/UE_4.14/Engine/Plugins/Runtime/MIDIDevice/MIDIDevice.uplugin
LogPluginManager: Loaded Plugin MobilePatchingUtils, From C:/Program Files/Epic Games/UE_4.14/Engine/Plugins/Runtime/MobilePatchingUtils/MobilePatchingUtils.uplugin
LogPluginManager: Loaded Plugin Ansel, From C:/Program Files/Epic Games/UE_4.14/Engine/Plugins/Runtime/Nvidia/Ansel/Ansel.uplugin
LogPluginManager: Loaded Plugin OculusAudio, From C:/Program Files/Epic Games/UE_4.14/Engine/Plugins/Runtime/OculusAudio/OculusAudio.uplugin
LogPluginManager: Loaded Plugin OculusInput, From C:/Program Files/Epic Games/UE_4.14/Engine/Plugins/Runtime/OculusInput/OculusInput.uplugin
LogPluginManager: Loaded Plugin OculusLibrary, From C:/Program Files/Epic Games/UE_4.14/Engine/Plugins/Runtime/OculusLibrary/OculusLibrary.uplugin
LogPluginManager: Loaded Plugin OculusRift, From C:/Program Files/Epic Games/UE_4.14/Engine/Plugins/Runtime/OculusRift/OculusRift.uplugin
LogPluginManager: Loaded Plugin Oodle, From C:/Program Files/Epic Games/UE_4.14/Engine/Plugins/Runtime/PacketHandlers/CompressionComponents/Oodle/Oodle.uplugin
LogPluginManager: Loaded Plugin ProceduralMeshComponent, From C:/Program Files/Epic Games/UE_4.14/Engine/Plugins/Runtime/ProceduralMeshComponent/ProceduralMeshComponent.uplugin
LogPluginManager: Loaded Plugin SoundMod, From C:/Program Files/Epic Games/UE_4.14/Engine/Plugins/Runtime/SoundMod/SoundMod.uplugin
LogPluginManager: Loaded Plugin SoundVisualizations, From C:/Program Files/Epic Games/UE_4.14/Engine/Plugins/Runtime/SoundVisualizations/SoundVisualizations.uplugin
LogPluginManager: Loaded Plugin SteamController, From C:/Program Files/Epic Games/UE_4.14/Engine/Plugins/Runtime/Steam/SteamController/SteamController.uplugin
LogPluginManager: Loaded Plugin SteamVR, From C:/Program Files/Epic Games/UE_4.14/Engine/Plugins/Runtime/Steam/SteamVR/SteamVR.uplugin
LogPluginManager: Loaded Plugin WebBrowserWidget, From C:/Program Files/Epic Games/UE_4.14/Engine/Plugins/Runtime/WebBrowserWidget/WebBrowserWidget.uplugin
LogPluginManager: Loaded Plugin WindowsDeviceProfileSelector, From C:/Program Files/Epic Games/UE_4.14/Engine/Plugins/Runtime/WindowsDeviceProfileSelector/WindowsDeviceProfileSelector.uplugin
LogPluginManager: Loaded Plugin WindowsMoviePlayer, From C:/Program Files/Epic Games/UE_4.14/Engine/Plugins/Runtime/WindowsMoviePlayer/WindowsMoviePlayer.uplugin
LogPluginManager: Loaded Plugin ScriptPlugin, From C:/Program Files/Epic Games/UE_4.14/Engine/Plugins/ScriptPlugin/ScriptPlugin.uplugin
LogPluginManager: Loaded Plugin SlateRemote, From C:/Program Files/Epic Games/UE_4.14/Engine/Plugins/Slate/SlateRemote/SlateRemote.uplugin
LogPluginManager: Loaded Plugin EditorTests, From C:/Program Files/Epic Games/UE_4.14/Engine/Plugins/Tests/EditorTests/EditorTests.uplugin
LogPluginManager: Loaded Plugin FbxAutomationTestBuilder, From C:/Program Files/Epic Games/UE_4.14/Engine/Plugins/Tests/FbxAutomationTestBuilder/FbxAutomationTestBuilder.uplugin
LogPluginManager: Loaded Plugin FunctionalTestingEditor, From C:/Program Files/Epic Games/UE_4.14/Engine/Plugins/Tests/FunctionalTestingEditor/FunctionalTestingEditor.uplugin
LogPluginManager: Loaded Plugin RuntimeTests, From C:/Program Files/Epic Games/UE_4.14/Engine/Plugins/Tests/RuntimeTests/RuntimeTests.uplugin
LogPluginManager: Loaded Plugin ScreenshotTools, From C:/Program Files/Epic Games/UE_4.14/Engine/Plugins/Tests/ScreenshotTools/ScreenshotTools.uplugin
LogInit: Using libcurl 7.47.1
LogInit:  - built for x86_64-pc-win32
LogInit:  - supports SSL with OpenSSL/1.0.2g
LogInit:  - supports HTTP deflate (compression) using libz 1.2.8
LogInit:  - other features:
LogInit:      CURL_VERSION_SSL
LogInit:      CURL_VERSION_LIBZ
LogInit:      CURL_VERSION_IPV6
LogInit:      CURL_VERSION_ASYNCHDNS
LogInit:      CURL_VERSION_LARGEFILE
LogInit:      CURL_VERSION_IDN
LogInit:  CurlRequestOptions (configurable via config and command line):
LogInit:  - bVerifyPeer = false  - Libcurl will NOT verify peer certificate
LogInit:  - bUseHttpProxy = false  - Libcurl will NOT use HTTP proxy
LogInit:  - bDontReuseConnections = false  - Libcurl will reuse connections
LogInit:  - CertBundlePath = nullptr  - Libcurl will use whatever was configured at build time.
LogInit: Build: ++UE4+Release-4.14-CL-3249277
LogInit: Engine Version: 4.14.3-3249277+++UE4+Release-4.14
LogInit: Compatible Engine Version: 4.14.0-3195953+++UE4+Release-4.14
LogInit: Net CL: 3195953
LogDevObjectVersion: Number of dev versions registered: 13
LogDevObjectVersion:   Dev-Blueprints (B0D832E4-1F89-4F0D-ACCF-7EB736FD4AA2): 7
LogDevObjectVersion:   Dev-Build (E1C64328-A22C-4D53-A36C-8E866417BD8C): 0
LogDevObjectVersion:   Dev-Core (375EC13C-06E4-48FB-B500-84F0262A717E): 1
LogDevObjectVersion:   Dev-Editor (E4B068ED-F494-42E9-A231-DA0B2E46BB41): 8
LogDevObjectVersion:   Dev-Framework (CFFC743F-43B0-4480-9391-14DF171D2073): 17
LogDevObjectVersion:   Dev-Mobile (B02B49B5-BB20-44E9-A304-32B752E40360): 0
LogDevObjectVersion:   Dev-Networking (A4E4105C-59A1-49B5-A7C5-40C4547EDFEE): 0
LogDevObjectVersion:   Dev-Online (39C831C9-5AE6-47DC-9A44-9C173E1C8E7C): 0
LogDevObjectVersion:   Dev-Physics (78F01B33-EBEA-4F98-B9B4-84EACCB95AA2): 0
LogDevObjectVersion:   Dev-Platform (6631380F-2D4D-43E0-8009-CF276956A95A): 0
LogDevObjectVersion:   Dev-Rendering (12F88B9F-8875-4AFC-A67C-D90C383ABD29): 12
LogDevObjectVersion:   Dev-Sequencer (7B5AE74C-D270-4C10-A958-57980B212A5A): 1
LogDevObjectVersion:   Dev-VR (D7296918-1DD6-4BDD-9DE2-64A83CC13884): 0
LogInit: Compiled (64-bit): Jan  6 2017 10:49:43
LogInit: Compiled with Visual C++: 19.00.23026.00
LogInit: Build Configuration: Development
LogInit: Branch Name: ++UE4+Release-4.14
LogInit: Command line: -EpicPortal 
LogInit: Base directory: C:/Program Files/Epic Games/UE_4.14/Engine/Binaries/Win64/
LogInit: Installed Engine Build: 1
LogInit: Presizing for max 8388607 objects, including 0 objects not considered by GC, pre-allocating 0 bytes for permanent pool.
LogInit: Object subsystem initialized
[2017.03.06-00.07.55:437][  0]LogInit: Selected Device Profile: [Windows]
[2017.03.06-00.07.55:437][  0]LogInit: Applying CVar settings loaded from the selected device profile: [Windows]
[2017.03.06-00.07.55:445][  0]LogInit: Computer: ARCTURUS
[2017.03.06-00.07.55:445][  0]LogInit: User: Braden
[2017.03.06-00.07.55:445][  0]LogInit: CPU Page size=65536, Cores=4
[2017.03.06-00.07.55:445][  0]LogInit: High frequency timer resolution =2.338344 MHz
[2017.03.06-00.07.55:445][  0]LogMemory: Memory total: Physical=7.9GB (8GB approx)
[2017.03.06-00.07.55:445][  0]LogMemory: Platform Memory Stats for Windows
[2017.03.06-00.07.55:445][  0]LogMemory: Process Physical Memory: 264.46 MB used, 264.46 MB peak
[2017.03.06-00.07.55:445][  0]LogMemory: Process Virtual Memory: 262.42 MB used, 262.42 MB peak
[2017.03.06-00.07.55:445][  0]LogMemory: Physical Memory: 5857.11 MB used,  2247.17 MB free, 8104.27 MB total
[2017.03.06-00.07.55:445][  0]LogMemory: Virtual Memory: 689.43 MB used,  2247.17 MB free, 134217728.00 MB total
[2017.03.06-00.07.55:504][  0]LogTextLocalizationManager: No specific translations for ('en-US') exist, so ('en') translations will be used.
[2017.03.06-00.07.56:254][  0]LogD3D11RHI: D3D11 adapters:
[2017.03.06-00.07.56:291][  0]LogD3D11RHI:    0. 'Intel(R) HD Graphics 4600' (Feature Level 11_0)
[2017.03.06-00.07.56:291][  0]LogD3D11RHI:       0/0/1792 MB DedicatedVideo/DedicatedSystem/SharedSystem, Outputs:2, VendorId:0x8086
[2017.03.06-00.07.56:319][  0]LogD3D11RHI:    1. 'NVIDIA GeForce GT 755M' (Feature Level 11_0)
[2017.03.06-00.07.56:319][  0]LogD3D11RHI:       1977/0/4052 MB DedicatedVideo/DedicatedSystem/SharedSystem, Outputs:0, VendorId:0x10de
[2017.03.06-00.07.56:320][  0]LogD3D11RHI:    2. 'Microsoft Basic Render Driver' (Feature Level 11_0)
[2017.03.06-00.07.56:320][  0]LogD3D11RHI:       0/0/256 MB DedicatedVideo/DedicatedSystem/SharedSystem, Outputs:0, VendorId:0x1414
[2017.03.06-00.07.56:320][  0]LogD3D11RHI: Chosen D3D11 Adapter: 1
[2017.03.06-00.07.56:327][  0]LogD3D11RHI: Creating new Direct3DDevice
[2017.03.06-00.07.56:327][  0]LogD3D11RHI:     GPU DeviceId: 0xfcd (for the marketing name, search the web for "GPU Device Id")
[2017.03.06-00.07.56:327][  0]LogWindows: EnumDisplayDevices:
[2017.03.06-00.07.56:328][  0]LogWindows:    0. 'Intel(R) HD Graphics 4600' (P:1 D:1)
[2017.03.06-00.07.56:328][  0]LogWindows:    1. 'Intel(R) HD Graphics 4600' (P:0 D:1)
[2017.03.06-00.07.56:328][  0]LogWindows:    2. 'Intel(R) HD Graphics 4600' (P:0 D:0)
[2017.03.06-00.07.56:328][  0]LogWindows:    3. 'NVIDIA GeForce GT 755M' (P:0 D:0)
[2017.03.06-00.07.56:328][  0]LogWindows: DebugString: PrimaryIsNotTheChoosenAdapter PrimaryIsNotTheChoosenAdapter PrimaryIsNotTheChoosenAdapter 
[2017.03.06-00.07.56:328][  0]LogD3D11RHI:     Adapter Name: NVIDIA GeForce GT 755M
[2017.03.06-00.07.56:328][  0]LogD3D11RHI:   Driver Version: 378.66 (internal:21.21.13.7866, unified:378.66)
[2017.03.06-00.07.56:328][  0]LogD3D11RHI:      Driver Date: 2-9-2017
[2017.03.06-00.07.56:328][  0]LogRHI: Texture pool is 1361 MB (70% of 1945 MB)
[2017.03.06-00.07.56:346][  0]LogD3D11RHI:Warning: Timestamp queries are currently disabled on this hardware due to instability. Realtime GPU stats will not be available. You can override this behaviour by setting r.NVIDIATimestampWorkaround to 0
[2017.03.06-00.07.56:346][  0]LogD3D11RHI: Async texture creation enabled
[2017.03.06-00.07.56:365][  0]LogD3D11RHI: GPU Timing Frequency: 1000.000000 (Debug: 2 2)
[2017.03.06-00.07.56:365][  0]LogShaderCompilers: Guid format shader working directory is -20 characters bigger than the processId version (../../../../../../Users/Braden/Documents/GitHub/ChimeraGames/Abyss/Intermediate/Shaders/WorkingDirectory/15408/).
[2017.03.06-00.07.56:365][  0]LogShaderCompilers: Cleaned the shader compiler working directory 'C:/Users/Braden/AppData/Local/Temp/UnrealShaderWorkingDir/F85F00784C2C608DBA11869A41BA6FC4/'.
[2017.03.06-00.07.56:365][  0]LogShaderCompilers:Display: Using Local Shader Compiler.
[2017.03.06-00.07.57:430][  0]LogTemp:Display: Loaded TP AllDesktopTargetPlatform
[2017.03.06-00.07.57:474][  0]LogTemp:Display: Loaded TP MacClientTargetPlatform
[2017.03.06-00.07.57:516][  0]LogTemp:Display: Loaded TP MacNoEditorTargetPlatform
[2017.03.06-00.07.57:559][  0]LogTemp:Display: Loaded TP MacServerTargetPlatform
[2017.03.06-00.07.57:601][  0]LogTemp:Display: Loaded TP MacTargetPlatform
[2017.03.06-00.07.57:640][  0]LogTemp:Display: Loaded TP WindowsClientTargetPlatform
[2017.03.06-00.07.57:683][  0]LogTemp:Display: Loaded TP WindowsNoEditorTargetPlatform
[2017.03.06-00.07.57:721][  0]LogTemp:Display: Loaded TP WindowsServerTargetPlatform
[2017.03.06-00.07.57:751][  0]LogTemp:Display: Loaded TP WindowsTargetPlatform
[2017.03.06-00.07.57:790][  0]LogTemp:Display: Loaded TP AndroidTargetPlatform
[2017.03.06-00.07.57:829][  0]LogTemp:Display: Loaded TP Android_ASTCTargetPlatform
[2017.03.06-00.07.57:870][  0]LogTemp:Display: Loaded TP Android_ATCTargetPlatform
[2017.03.06-00.07.57:911][  0]LogTemp:Display: Loaded TP Android_DXTTargetPlatform
[2017.03.06-00.07.57:951][  0]LogTemp:Display: Loaded TP Android_ETC1TargetPlatform
[2017.03.06-00.07.57:992][  0]LogTemp:Display: Loaded TP Android_ETC2TargetPlatform
[2017.03.06-00.07.58:071][  0]LogTemp:Display: Loaded TP Android_MultiTargetPlatform
[2017.03.06-00.07.58:071][  0]LogTemp:Display: Loaded TP Android_PVRTCTargetPlatform
[2017.03.06-00.07.58:095][  0]LogTemp:Display: Loaded TP HTML5TargetPlatform
[2017.03.06-00.07.58:164][  0]LogTemp:Display: Loaded TP IOSTargetPlatform
[2017.03.06-00.07.58:196][  0]LogTemp:Display: Loaded TP TVOSTargetPlatform
[2017.03.06-00.07.58:245][  0]LogTemp:Display: Loaded TP LinuxClientTargetPlatform
[2017.03.06-00.07.58:287][  0]LogTemp:Display: Loaded TP LinuxNoEditorTargetPlatform
[2017.03.06-00.07.58:325][  0]LogTemp:Display: Loaded TP LinuxServerTargetPlatform
[2017.03.06-00.07.58:365][  0]LogTemp:Display: Loaded TP LinuxTargetPlatform
[2017.03.06-00.07.58:365][  0]LogTargetPlatformManager:Display: Building Assets For Windows
[2017.03.06-00.07.58:616][  0]LogDerivedDataCache:Display: Max Cache Size: 512 MB
[2017.03.06-00.07.58:684][  0]LogDerivedDataCache: Loaded boot cache 0.07s 52MB C:/Users/Braden/AppData/Local/UnrealEngine/4.14/DerivedDataCache/Boot.ddc.
[2017.03.06-00.07.58:684][  0]LogDerivedDataCache:Display: Loaded Boot cache: C:/Users/Braden/AppData/Local/UnrealEngine/4.14/DerivedDataCache/Boot.ddc
[2017.03.06-00.07.58:684][  0]LogDerivedDataCache: FDerivedDataBackendGraph:  Pak pak cache file ../../../../../../Users/Braden/Documents/GitHub/ChimeraGames/Abyss/DerivedDataCache/DDC.ddp not found, will not use a pak cache.
[2017.03.06-00.07.58:684][  0]LogDerivedDataCache: Unable to find inner node Pak for hierarchical cache Hierarchy.
[2017.03.06-00.07.58:685][  0]LogDerivedDataCache: FDerivedDataBackendGraph:  CompressedPak pak cache file ../../../../../../Users/Braden/Documents/GitHub/ChimeraGames/Abyss/DerivedDataCache/Compressed.ddp not found, will not use a pak cache.
[2017.03.06-00.07.58:685][  0]LogDerivedDataCache: Unable to find inner node CompressedPak for hierarchical cache Hierarchy.
[2017.03.06-00.07.58:704][  0]LogDerivedDataCache:Display: Pak cache opened for reading ../../../Engine/DerivedDataCache/Compressed.ddp.
[2017.03.06-00.07.58:716][  0]LogDerivedDataCache: Using Local data cache path C:/Users/Braden/AppData/Local/UnrealEngine/Common/DerivedDataCache: Writable
[2017.03.06-00.07.58:924][  0]LogInit: Selected Device Profile: [Windows]
[2017.03.06-00.07.58:927][  0]LogContentStreaming: Texture pool size is 0.00 MB
[2017.03.06-00.07.59:102][  0]LogMeshUtilities: Using QuadricMeshReduction for automatic static mesh reduction
[2017.03.06-00.07.59:128][  0]LogSimplygon: Simplygon DLL not present - disabling.
[2017.03.06-00.07.59:157][  0]LogMeshUtilities: Using SimplygonSwarm for distributed automatic mesh merging
[2017.03.06-00.07.59:157][  0]LogMeshUtilities: No automatic skeletal mesh reduction module available
[2017.03.06-00.07.59:157][  0]LogMeshUtilities: No automatic mesh merging module available
[2017.03.06-00.07.59:734][  0]LogNetVersion: GetLocalNetworkVersion: CL: 3195953, ProjectName: abyss, ProjectVersion: , EngineNetworkVersion: 2, GameNetworkVersion: 0, NetworkChecksum: 1595127573
[2017.03.06-00.07.59:784][  0]LogAssetRegistry: FAssetRegistry took 0.0222 seconds to start up
[2017.03.06-00.07.59:818][  0]LogPackageLocalizationCache: Processed 3 localized package path(s) for 2 prioritized culture(s) in 0.021017 seconds
[2017.03.06-00.07.59:825][  0]LogUObjectArray: 31890 objects as part of root set at end of initial load.
[2017.03.06-00.07.59:825][  0]LogUObjectAllocator: 6922376 out of 0 bytes used by permanent object pool.
[2017.03.06-00.07.59:825][  0]LogUObjectArray: CloseDisregardForGC: 0/0 objects in disregard for GC pool
[2017.03.06-00.07.59:861][  0]LogInit: WinSock: version 1.1 (2.2), MaxSocks=32767, MaxUdp=65467
[2017.03.06-00.08.00:367][  0]LogSlate: Using Freetype 2.6.0
[2017.03.06-00.08.00:368][  0]LogSlate: SlateFontCache - WITH_FREETYPE: 1, WITH_HARFBUZZ: 1
[2017.03.06-00.08.00:368][  0]LogSlate: SlateFontCache - WITH_FREETYPE: 1, WITH_HARFBUZZ: 1
[2017.03.06-00.08.01:256][  0]LogMaterial: Uniform references updated for custom material expression Custom.
[2017.03.06-00.08.01:559][  0]SourceControl: Info Source control is disabled
[2017.03.06-00.08.02:490][  0]LogEngine: Initializing Engine...
[2017.03.06-00.08.02:752][  0]LogAIModule: Creating AISystem for world Untitled
[2017.03.06-00.08.02:763][  0]LogInit: XAudio2 using 'Speakers (Realtek High Definition Audio)' : 2 channels at 44.1 kHz using 16 bits per sample (channel mask 0x3)
[2017.03.06-00.08.02:772][  0]LogInit: FAudioDevice initialized.
[2017.03.06-00.08.02:817][  0]LogDerivedDataCache: Saved boot cache 0.04s 52MB C:/Users/Braden/AppData/Local/UnrealEngine/4.14/DerivedDataCache/Boot.ddc.
[2017.03.06-00.08.02:824][  0]LogInit: Texture streaming: Enabled
[2017.03.06-00.08.02:959][  0]LogInit: Transaction tracking system initialized
[2017.03.06-00.08.03:180][  0]BlueprintLog: New page: Editor Load
[2017.03.06-00.08.03:735][  0]LocalizationService: Info Localization service is disabled
[2017.03.06-00.08.03:950][  0]LogModuleManager:Warning: No filename provided for module TcpMessaging
[2017.03.06-00.08.03:950][  0]LogModuleManager:Warning: ModuleManager: Unable to load module 'TcpMessaging' because the file 'C:/Program Files/Epic Games/UE_4.14/Engine/Binaries/Win64/' was not found.
[2017.03.06-00.08.04:366][  0]LogConsoleResponse:Display: 
[2017.03.06-00.08.04:503][  0]LogCook:Display: Max memory allowance for cook 16384mb min free memory 0mb
[2017.03.06-00.08.04:503][  0]LogCook:Display: Mobile HDR setting 1
[2017.03.06-00.08.05:105][  0]LogFileCache: Scanning file cache for directory 'C:/Users/Braden/Documents/GitHub/ChimeraGames/Abyss/Content/' took 0.01s
[2017.03.06-00.08.05:106][  0]Cmd: MAP LOAD FILE="../../../../../../Users/Braden/Documents/GitHub/ChimeraGames/Abyss/Content/Maps-Levels/startMenu.umap" TEMPLATE=0 SHOWPROGRESS=1 FEATURELEVEL=3
[2017.03.06-00.08.05:106][  0]LightingResults: New page: Lighting Build
[2017.03.06-00.08.05:130][  0]MapCheck: New page: Map Check
[2017.03.06-00.08.05:131][  0]LightingResults: New page: Lighting Build
[2017.03.06-00.08.05:234][  0]LogAIModule: Creating AISystem for world startMenu
[2017.03.06-00.08.05:235][  0]LogEditorServer: Finished looking for orphan Actors (0.000 secs)
[2017.03.06-00.08.05:235][  0]Cmd: MAP CHECKDEP NOCLEARLOG
[2017.03.06-00.08.05:267][  0]MapCheck: Info Map check complete: 0 Error(s), 0 Warning(s), took 31.343ms to complete.
[2017.03.06-00.08.05:267][  0]LogFileHelpers: Loading map 'startMenu' took 0.161
[2017.03.06-00.08.05:421][  0]LogCollectionManager: Loaded 0 collections in 0.001919 seconds
[2017.03.06-00.08.05:486][  0]LogFileCache: Scanning file cache for directory 'C:/Users/Braden/Documents/GitHub/ChimeraGames/Abyss/Saved/Collections/' took 0.01s
[2017.03.06-00.08.05:486][  0]LogFileCache: Scanning file cache for directory 'C:/Users/Braden/Documents/GitHub/ChimeraGames/Abyss/Content/Developers/Braden/Collections/' took 0.01s
[2017.03.06-00.08.05:486][  0]LogFileCache: Scanning file cache for directory 'C:/Users/Braden/Documents/GitHub/ChimeraGames/Abyss/Content/Collections/' took 0.01s
[2017.03.06-00.08.05:486][  0]LogCollectionManager: Rebuilt the GUID cache for 0 collections in 0.000002 seconds
[2017.03.06-00.08.05:496][  0]LogContentBrowser: Native class hierarchy populated in 0.0103 seconds. Added 2178 classes and 401 folders.
[2017.03.06-00.08.05:520][  0]LogStats: UGameplayTagsManager::ConstructGameplayTagTree: Construct from data asset -  0.000 s
[2017.03.06-00.08.05:520][  0]LogStats: UGameplayTagsManager::ConstructGameplayTagTree: GameplayTagTreeChangedEvent.Broadcast -  0.000 s
[2017.03.06-00.08.05:521][  0]LogContentBrowser: Native class hierarchy updated for 'GameplayTags' in 0.0005 seconds. Added 13 classes and 0 folders.
[2017.03.06-00.08.05:559][  0]LogContentBrowser: Native class hierarchy updated for 'WidgetCarousel' in 0.0015 seconds. Added 0 classes and 0 folders.
[2017.03.06-00.08.05:589][  0]LogContentBrowser: Native class hierarchy updated for 'AddContentDialog' in 0.0005 seconds. Added 0 classes and 0 folders.
[2017.03.06-00.08.05:615][  0]LogContentBrowser: Native class hierarchy updated for 'SceneOutliner' in 0.0004 seconds. Added 1 classes and 2 folders.
[2017.03.06-00.08.05:645][  0]LogCrashTracker: Crashtracker disabled due to settings.
[2017.03.06-00.08.05:650][  0]LogUObjectGlobals:Warning: Failed to find object 'Class None.'
[2017.03.06-00.08.05:702][  0]LogContentBrowser: Native class hierarchy updated for 'HierarchicalLODOutliner' in 0.0005 seconds. Added 1 classes and 2 folders.
[2017.03.06-00.08.05:702][  0]LogLoad: (Engine Initialization) Total time: 22.07 seconds
[2017.03.06-00.08.05:702][  0]LogLoad: (Engine Initialization) Total Blueprint compile time: 0.05 seconds
[2017.03.06-00.08.05:702][  0]LogExternalProfiler: Found external profiler: VSPerf
[2017.03.06-00.08.05:702][  0]LogExternalProfiler: Using external profiler: VSPerf
[2017.03.06-00.08.05:738][  0]SourceControl: Info On branch master
[2017.03.06-00.08.05:738][  0]SourceControl: Info Your branch is up-to-date with 'origin/master'.
[2017.03.06-00.08.05:738][  0]SourceControl: Info Changes to be committed:
[2017.03.06-00.08.05:738][  0]SourceControl: Info   (use "git reset HEAD <file>..." to unstage)
[2017.03.06-00.08.05:738][  0]SourceControl: Info 	new file:   Abyss/Content/Assets/Sprites/Character/Knight_Attack_Frame2.uasset
[2017.03.06-00.08.05:738][  0]SourceControl: Info 	new file:   Abyss/Content/Assets/Sprites/Character/Knight_Climb_Frame1.uasset
[2017.03.06-00.08.05:738][  0]SourceControl: Info 	new file:   Abyss/Content/Assets/Sprites/Character/Knight_Climb_Frame2.uasset
[2017.03.06-00.08.05:738][  0]SourceControl: Info 	new file:   Abyss/Content/Assets/Sprites/Character/Knight_Death_Frame1.uasset
[2017.03.06-00.08.05:738][  0]SourceControl: Info 	new file:   Abyss/Content/Assets/Sprites/Enemy/Enemy_Ghost_Attack_Frame2.uasset
[2017.03.06-00.08.05:738][  0]SourceControl: Info 	new file:   Abyss/Content/Assets/Sprites/Enemy/Enemy_Ghost_Death.uasset
[2017.03.06-00.08.05:738][  0]SourceControl: Info 	new file:   Abyss/Content/Assets/Sprites/Enemy/Enemy_Ghost_Idle_Frame2.uasset
[2017.03.06-00.08.05:738][  0]SourceControl: Info 	new file:   Abyss/Content/Assets/Sprites/Enemy/Enemy_Lich_AttackFrame2.uasset
[2017.03.06-00.08.05:738][  0]SourceControl: Info 	new file:   Abyss/Content/Assets/Sprites/Enemy/Enemy_Lich_Death.uasset
[2017.03.06-00.08.05:738][  0]SourceControl: Info 	new file:   Abyss/Content/Assets/Sprites/Enemy/Enemy_Lich_Idle_Frame2.uasset
[2017.03.06-00.08.05:738][  0]SourceControl: Info 	new file:   Abyss/Content/Assets/Sprites/Enemy/Enemy_Skeleton_Attack_Frame2.uasset
[2017.03.06-00.08.05:738][  0]SourceControl: Info 	new file:   Abyss/Content/Assets/Sprites/Enemy/Enemy_Skeleton_Death.uasset
[2017.03.06-00.08.05:738][  0]SourceControl: Info 	new file:   Abyss/Content/Assets/Sprites/Enemy/Enemy_Skeleton_Idle_Frame2.uasset
[2017.03.06-00.08.05:738][  0]SourceControl: Info Changes not staged for commit:
[2017.03.06-00.08.05:738][  0]SourceControl: Info   (use "git add/rm <file>..." to update what will be committed)
[2017.03.06-00.08.05:738][  0]SourceControl: Info   (use "git checkout -- <file>..." to discard changes in working directory)
[2017.03.06-00.08.05:738][  0]SourceControl: Info 	modified:   Abyss/Intermediate/CachedAssetRegistry.bin
[2017.03.06-00.08.05:738][  0]SourceControl: Info 	modified:   Abyss/Saved/AutoScreenshot.png
[2017.03.06-00.08.05:738][  0]SourceControl: Info 	modified:   Abyss/Saved/Autosaves/PackageRestoreData.json
[2017.03.06-00.08.05:738][  0]SourceControl: Info 	modified:   Abyss/Saved/Config/Windows/Editor.ini
[2017.03.06-00.08.05:738][  0]SourceControl: Info 	modified:   Abyss/Saved/Config/Windows/EditorPerProjectUserSettings.ini
[2017.03.06-00.08.05:738][  0]SourceControl: Info 	deleted:    Abyss/Saved/Logs/Abyss-backup-2017.03.05-13.00.04.log
[2017.03.06-00.08.05:738][  0]SourceControl: Info 	modified:   Abyss/Saved/Logs/Abyss.log
[2017.03.06-00.08.05:738][  0]SourceControl: Info 	deleted:    Abyss/Saved/Logs/Abyss_2-backup-2017.03.05-13.07.40.log
[2017.03.06-00.08.05:738][  0]SourceControl: Info 	deleted:    Abyss/Saved/Logs/Abyss_2-backup-2017.03.05-13.22.16.log
[2017.03.06-00.08.05:738][  0]SourceControl: Info 	deleted:    Abyss/Saved/Logs/Abyss_2-backup-2017.03.05-13.27.31.log
[2017.03.06-00.08.05:738][  0]SourceControl: Info Untracked files:
[2017.03.06-00.08.05:738][  0]SourceControl: Info   (use "git add <file>..." to include in what will be committed)
[2017.03.06-00.08.05:738][  0]SourceControl: Info 	Abyss/Saved/Logs/Abyss-backup-2017.03.05-17.27.43.log
[2017.03.06-00.08.05:738][  0]SourceControl: Info 	Abyss/Saved/Logs/Abyss-backup-2017.03.05-19.03.22.log
[2017.03.06-00.08.05:738][  0]SourceControl: Info 	Abyss/Saved/Logs/Abyss-backup-2017.03.05-19.07.55.log
[2017.03.06-00.08.05:738][  0]SourceControl: Info 	Abyss/Saved/Logs/UE4CC-Windows-6E92F9ED4F812169E0EC93BA41299BA1/
[2017.03.06-00.08.05:738][  0]SourceControl: Info 	Abyss/Saved/Logs/UE4CC-Windows-759252A948DF1CEDAD131BB883894FD7/
[2017.03.06-00.08.05:738][  0]SourceControl: Info 	Abyss/Saved/Logs/UE4CC-Windows-EB6FF5C94BBD6E26BFC46496C2899550/
[2017.03.06-00.08.05:739][  0]LogContentStreaming: Texture pool size now 400 MB
[2017.03.06-00.08.05:893][  0]LogRenderer: Reallocating scene render targets to support 932x456 NumSamples 1 (Frame:2).
[2017.03.06-00.08.06:003][  2]LogAssetRegistry: Asset discovery search completed in 6.2406 seconds
[2017.03.06-00.08.06:003][  2]LogCollectionManager: Rebuilt the object cache for 0 collections in 0.000002 seconds (found 0 objects)
[2017.03.06-00.08.06:003][  2]LogCollectionManager: Fixed up redirectors for 0 collections in 0.000111 seconds (updated 0 objects)
[2017.03.06-00.08.16:155][485]LogSlate: Only BGRA pngs, bmps or icos are supported in by External Image Picker
[2017.03.06-00.08.16:425][490]LogTemp:Display: Executing iPhonePackager certificates Engine -bundlename com.YourCompany.Abyss

[2017.03.06-00.08.16:425][490]LogTemp:Display: CWD: C:\Program Files\Epic Games\UE_4.14\Engine\Binaries\DotNet\IOS

[2017.03.06-00.08.16:425][490]LogTemp:Display: Initial Dir: C:\Program Files\Epic Games\UE_4.14

[2017.03.06-00.08.16:425][490]LogTemp:Display: Env CWD: C:\Program Files\Epic Games\UE_4.14\Engine\Binaries\DotNet\IOS

[2017.03.06-00.08.16:425][490]LogTemp:Display: BranchPath = ARCTURUS/C/Program Files/Epic Games/UE_4.14/Engine/Binaries --- GameBranchPath = ARCTURUS/C/Program Files/Epic Games/UE_4.14/Engine/Binaries

[2017.03.06-00.08.16:454][491]LogTemp:Display: IPP ERROR: Application exception: System.IO.DirectoryNotFoundException: Could not find a part of the path 'C:\Users\Braden\AppData\Local\Apple Computer\MobileDevice\Provisioning Profiles'.

[2017.03.06-00.08.16:454][491]LogTemp:Display:    at System.IO.__Error.WinIOError(Int32 errorCode, String maybeFullPath)

[2017.03.06-00.08.16:454][491]LogTemp:Display:    at System.IO.FileSystemEnumerableIterator`1.CommonInit()

[2017.03.06-00.08.16:454][491]LogTemp:Display:    at System.IO.FileSystemEnumerableIterator`1..ctor(String path, String originalUserPath, String searchPattern, SearchOption searchOption, SearchResultHandler`1 resultHandler, Boolean checkHost)

[2017.03.06-00.08.16:454][491]LogTemp:Display:    at System.IO.Directory.EnumerateFiles(String path, String searchPattern)

[2017.03.06-00.08.16:454][491]LogTemp:Display:    at iPhonePackager.CodeSignatureBuilder.FindProvisions(String CFBundleIdentifier)

[2017.03.06-00.08.16:454][491]LogTemp:Display:    at iPhonePackager.Program.Main(String[] args)

[2017.03.06-00.08.38:574][562]AssetReimport: New page: Outstanding source content changes 2:08:38 PM
[2017.03.06-00.08.38:576][562]LogFactory: FactoryCreateFile: Texture with ReimportTextureFactory (0 0 C:/Users/Braden/Documents/GitHub/ChimeraGames/Abyss/Content/Splash/EdSplash.png)
[2017.03.06-00.08.38:624][563]LogFactory: FactoryCreateFile: Texture with ReimportTextureFactory (0 0 C:/Users/Braden/Documents/GitHub/ChimeraGames/Abyss/Content/Splash/Splash.png)
[2017.03.06-00.08.38:929][564]Cmd: OBJ SAVEPACKAGE PACKAGE="/Game/Splash/EdSplash" FILE="../../../../../../Users/Braden/Documents/GitHub/ChimeraGames/Abyss/Content/Splash/EdSplash.uasset" SILENT=true
[2017.03.06-00.08.38:936][564]LogSavePackage: Save=6.47ms
[2017.03.06-00.08.38:936][564]LogSavePackage: Moving '../../../../../../Users/Braden/Documents/GitHub/ChimeraGames/Abyss/Saved/EdSplash99672446439ADB1E177684B7F4056D5D.tmp' to '../../../../../../Users/Braden/Documents/GitHub/ChimeraGames/Abyss/Content/Splash/EdSplash.uasset'
[2017.03.06-00.08.38:938][564]LogSavePackage:Display: Finished SavePackage ../../../../../../Users/Braden/Documents/GitHub/ChimeraGames/Abyss/Content/Splash/EdSplash.uasset
[2017.03.06-00.08.39:090][564]Cmd: OBJ SAVEPACKAGE PACKAGE="/Game/Splash/Splash" FILE="../../../../../../Users/Braden/Documents/GitHub/ChimeraGames/Abyss/Content/Splash/Splash.uasset" SILENT=true
[2017.03.06-00.08.39:099][564]LogSavePackage: Save=6.80ms
[2017.03.06-00.08.39:099][564]LogSavePackage: Moving '../../../../../../Users/Braden/Documents/GitHub/ChimeraGames/Abyss/Saved/Splash25C7D8134DBD41714D75FFBE2B9032F9.tmp' to '../../../../../../Users/Braden/Documents/GitHub/ChimeraGames/Abyss/Content/Splash/Splash.uasset'
[2017.03.06-00.08.39:100][564]LogSavePackage:Display: Finished SavePackage ../../../../../../Users/Braden/Documents/GitHub/ChimeraGames/Abyss/Content/Splash/Splash.uasset
[2017.03.06-00.08.42:198][736]AssetReimport: Info Importing new asset /Game/Splash/EdSplash.
[2017.03.06-00.08.42:199][736]AssetReimport: Info Importing new asset /Game/Splash/Splash.
[2017.03.06-00.08.53:207][371]LogContentBrowser: Native class hierarchy updated for 'TextureEditor' in 0.0005 seconds. Added 1 classes and 2 folders.
[2017.03.06-00.09.05:349][ 68]LogTexture:Display: Building textures: EdSplash (BGRA8)
[2017.03.06-00.09.06:410][119]Cmd: OBJ SAVEPACKAGE PACKAGE="/Game/Splash/EdSplash" FILE="../../../../../../Users/Braden/Documents/GitHub/ChimeraGames/Abyss/Content/Splash/EdSplash.uasset" SILENT=true
[2017.03.06-00.09.06:525][119]LogSavePackage: Save=21.23ms
[2017.03.06-00.09.06:525][119]LogSavePackage: Moving '../../../../../../Users/Braden/Documents/GitHub/ChimeraGames/Abyss/Saved/EdSplash38B6F5564F2DA34F97C2EDAA69E4B503.tmp' to '../../../../../../Users/Braden/Documents/GitHub/ChimeraGames/Abyss/Content/Splash/EdSplash.uasset'
[2017.03.06-00.09.06:526][119]LogSavePackage:Display: Finished SavePackage ../../../../../../Users/Braden/Documents/GitHub/ChimeraGames/Abyss/Content/Splash/EdSplash.uasset
[2017.03.06-00.09.12:033][416]LogTexture:Display: Building textures: Splash (BGRA8)
[2017.03.06-00.09.14:981][578]Cmd: OBJ SAVEPACKAGE PACKAGE="/Game/Splash/Splash" FILE="../../../../../../Users/Braden/Documents/GitHub/ChimeraGames/Abyss/Content/Splash/Splash.uasset" SILENT=true
[2017.03.06-00.09.15:048][578]LogSavePackage: Save=2.88ms
[2017.03.06-00.09.15:048][578]LogSavePackage: Moving '../../../../../../Users/Braden/Documents/GitHub/ChimeraGames/Abyss/Saved/Splash68292D2E4050E4BE5028A19AC24F4FB5.tmp' to '../../../../../../Users/Braden/Documents/GitHub/ChimeraGames/Abyss/Content/Splash/Splash.uasset'
[2017.03.06-00.09.15:050][578]LogSavePackage:Display: Finished SavePackage ../../../../../../Users/Braden/Documents/GitHub/ChimeraGames/Abyss/Content/Splash/Splash.uasset
[2017.03.06-00.09.18:494][778]LogTemp: Repeting last play command: Selected Viewport
[2017.03.06-00.09.18:531][778]LogBlueprintUserMessages: Early PlayInEditor Detection: Level '/Game/Maps-Levels/startMenu.startMenu:PersistentLevel' has LevelScriptBlueprint '/Game/Maps-Levels/startMenu.startMenu:PersistentLevel.startMenu' with GeneratedClass '/Game/Maps-Levels/startMenu.startMenu_C' with ClassGeneratedBy '/Game/Maps-Levels/startMenu.startMenu:PersistentLevel.startMenu'
[2017.03.06-00.09.18:532][778]LogPlayLevel: PlayLevel: No blueprints needed recompiling
[2017.03.06-00.09.18:537][778]PIE: New page: PIE session: startMenu (Mar 5, 2017, 2:09:18 PM)
[2017.03.06-00.09.18:554][778]LogPlayLevel: Creating play world package: /Game/Maps-Levels/UEDPIE_0_startMenu
[2017.03.06-00.09.18:557][778]LogPlayLevel: PIE: StaticDuplicateObject took: (0.002757s)
[2017.03.06-00.09.18:558][778]LogAIModule: Creating AISystem for world startMenu
[2017.03.06-00.09.18:558][778]LogPlayLevel: PIE: World Init took: (0.000786s)
[2017.03.06-00.09.18:559][778]LogPlayLevel: PIE: Created PIE world by copying editor world from /Game/Maps-Levels/startMenu.startMenu to /Game/Maps-Levels/UEDPIE_0_startMenu.startMenu (0.004432s)
[2017.03.06-00.09.18:581][778]LogInit: XAudio2 using 'Speakers (Realtek High Definition Audio)' : 2 channels at 44.1 kHz using 16 bits per sample (channel mask 0x3)
[2017.03.06-00.09.18:592][778]LogInit: FAudioDevice initialized.
[2017.03.06-00.09.19:708][778]LogLoad: Game class is 'abyssGameMode_C'
[2017.03.06-00.09.19:711][778]LogWorld: Bringing World /Game/Maps-Levels/UEDPIE_0_startMenu.startMenu up for play (max tick rate 60) at 2017.03.05-19.09.19
[2017.03.06-00.09.19:711][778]LogWorld: Bringing up level for play took: 0.001061
[2017.03.06-00.09.19:745][778]LogContentBrowser: Native class hierarchy updated for 'MovieSceneCapture' in 0.0007 seconds. Added 11 classes and 0 folders.
[2017.03.06-00.09.19:750][778]PIE: Info Play in editor start time for /Game/Maps-Levels/UEDPIE_0_startMenu 1.929
[2017.03.06-00.09.19:751][778]LogBlueprintUserMessages: Late PlayInEditor Detection: Level '/Game/Maps-Levels/startMenu.startMenu:PersistentLevel' has LevelScriptBlueprint '/Game/Maps-Levels/startMenu.startMenu:PersistentLevel.startMenu' with GeneratedClass '/Game/Maps-Levels/startMenu.startMenu_C' with ClassGeneratedBy '/Game/Maps-Levels/startMenu.startMenu:PersistentLevel.startMenu'
[2017.03.06-00.09.21:676][890]LogBlueprintUserMessages: Early EndPlayMap Detection: Level '/Game/Maps-Levels/startMenu.startMenu:PersistentLevel' has LevelScriptBlueprint '/Game/Maps-Levels/startMenu.startMenu:PersistentLevel.startMenu' with GeneratedClass '/Game/Maps-Levels/startMenu.startMenu_C' with ClassGeneratedBy '/Game/Maps-Levels/startMenu.startMenu:PersistentLevel.startMenu'
[2017.03.06-00.09.21:726][890]LogBlueprintUserMessages: Late EndPlayMap Detection: Level '/Game/Maps-Levels/startMenu.startMenu:PersistentLevel' has LevelScriptBlueprint '/Game/Maps-Levels/startMenu.startMenu:PersistentLevel.startMenu' with GeneratedClass '/Game/Maps-Levels/startMenu.startMenu_C' with ClassGeneratedBy '/Game/Maps-Levels/startMenu.startMenu:PersistentLevel.startMenu'
[2017.03.06-00.09.24:115][ 26]LogBlueprintUserMessages: Early PlayInEditor Detection: Level '/Game/Maps-Levels/startMenu.startMenu:PersistentLevel' has LevelScriptBlueprint '/Game/Maps-Levels/startMenu.startMenu:PersistentLevel.startMenu' with GeneratedClass '/Game/Maps-Levels/startMenu.startMenu_C' with ClassGeneratedBy '/Game/Maps-Levels/startMenu.startMenu:PersistentLevel.startMenu'
[2017.03.06-00.09.24:115][ 26]LogPlayLevel: PlayLevel: No blueprints needed recompiling
[2017.03.06-00.09.24:115][ 26]PIE: New page: SIE session: startMenu (Mar 5, 2017, 2:09:24 PM)
[2017.03.06-00.09.24:116][ 26]LogPlayLevel: Creating play world package: /Game/Maps-Levels/UEDPIE_0_startMenu
[2017.03.06-00.09.24:118][ 26]LogPlayLevel: PIE: StaticDuplicateObject took: (0.001702s)
[2017.03.06-00.09.24:119][ 26]LogAIModule: Creating AISystem for world startMenu
[2017.03.06-00.09.24:119][ 26]LogPlayLevel: PIE: World Init took: (0.000858s)
[2017.03.06-00.09.24:119][ 26]LogPlayLevel: PIE: Created PIE world by copying editor world from /Game/Maps-Levels/startMenu.startMenu to /Game/Maps-Levels/UEDPIE_0_startMenu.startMenu (0.002823s)
[2017.03.06-00.09.24:142][ 26]LogInit: XAudio2 using 'Speakers (Realtek High Definition Audio)' : 2 channels at 44.1 kHz using 16 bits per sample (channel mask 0x3)
[2017.03.06-00.09.24:150][ 26]LogInit: FAudioDevice initialized.
[2017.03.06-00.09.24:188][ 26]LogLoad: Game class is 'abyssGameMode_C'
[2017.03.06-00.09.24:190][ 26]LogWorld: Bringing World /Game/Maps-Levels/UEDPIE_0_startMenu.startMenu up for play (max tick rate 60) at 2017.03.05-19.09.24
[2017.03.06-00.09.24:190][ 26]LogWorld: Bringing up level for play took: 0.001157
[2017.03.06-00.09.24:191][ 26]LogGameMode: Warning - PATHS NOT DEFINED or NO PLAYERSTART with positive rating
[2017.03.06-00.09.24:195][ 26]PIE: Info Play in editor start time for /Game/Maps-Levels/UEDPIE_0_startMenu 0.373
[2017.03.06-00.09.24:215][ 26]LogBlueprintUserMessages: Late PlayInEditor Detection: Level '/Game/Maps-Levels/startMenu.startMenu:PersistentLevel' has LevelScriptBlueprint '/Game/Maps-Levels/startMenu.startMenu:PersistentLevel.startMenu' with GeneratedClass '/Game/Maps-Levels/startMenu.startMenu_C' with ClassGeneratedBy '/Game/Maps-Levels/startMenu.startMenu:PersistentLevel.startMenu'
[2017.03.06-00.09.24:950][ 69]LogBlueprintUserMessages: Early EndPlayMap Detection: Level '/Game/Maps-Levels/startMenu.startMenu:PersistentLevel' has LevelScriptBlueprint '/Game/Maps-Levels/startMenu.startMenu:PersistentLevel.startMenu' with GeneratedClass '/Game/Maps-Levels/startMenu.startMenu_C' with ClassGeneratedBy '/Game/Maps-Levels/startMenu.startMenu:PersistentLevel.startMenu'
[2017.03.06-00.09.25:022][ 69]LogBlueprintUserMessages: Late EndPlayMap Detection: Level '/Game/Maps-Levels/startMenu.startMenu:PersistentLevel' has LevelScriptBlueprint '/Game/Maps-Levels/startMenu.startMenu:PersistentLevel.startMenu' with GeneratedClass '/Game/Maps-Levels/startMenu.startMenu_C' with ClassGeneratedBy '/Game/Maps-Levels/startMenu.startMenu:PersistentLevel.startMenu'
[2017.03.06-00.09.26:830][158]LogSavePackage: Save=85.03ms
[2017.03.06-00.09.26:830][158]LogSavePackage: Moving '../../../../../../Users/Braden/Documents/GitHub/ChimeraGames/Abyss/Saved/UEDPCstartMenu4646E97A4A8CE716097D54998233AC36.tmp' to '../../../../../../Users/Braden/Documents/GitHub/ChimeraGames/Abyss/Saved/Autosaves/Game/Maps-Levels/UEDPCstartMenu.umap'
[2017.03.06-00.09.26:832][158]LogSavePackage:Display: Finished SavePackage ../../../../../../Users/Braden/Documents/GitHub/ChimeraGames/Abyss/Saved/Autosaves/Game/Maps-Levels/UEDPCstartMenu.umap
[2017.03.06-00.09.26:839][158]LogEditorTransaction: Undo Spawn Play From Here Start
[2017.03.06-00.09.27:183][179]LogTemp: Repeting last play command: Standalone Game
[2017.03.06-00.09.27:486][179]LogSavePackage: Save=90.16ms
[2017.03.06-00.09.27:486][179]LogSavePackage: Moving '../../../../../../Users/Braden/Documents/GitHub/ChimeraGames/Abyss/Saved/UEDPCstartMenuA8A51420403503704165DDA07E119096.tmp' to '../../../../../../Users/Braden/Documents/GitHub/ChimeraGames/Abyss/Saved/Autosaves/Game/Maps-Levels/UEDPCstartMenu.umap'
[2017.03.06-00.09.27:487][179]LogSavePackage:Display: Finished SavePackage ../../../../../../Users/Braden/Documents/GitHub/ChimeraGames/Abyss/Saved/Autosaves/Game/Maps-Levels/UEDPCstartMenu.umap
[2017.03.06-00.09.27:491][179]LogEditorTransaction: Undo Spawn Play From Here Start
[2017.03.06-00.09.57:669][450]LogTemp: Repeting last play command: Standalone Game
[2017.03.06-00.09.57:979][450]LogSavePackage: Save=82.37ms
[2017.03.06-00.09.57:979][450]LogSavePackage: Moving '../../../../../../Users/Braden/Documents/GitHub/ChimeraGames/Abyss/Saved/UEDPCstartMenu9B8EE39B4962D5C231DE7DB090FB5225.tmp' to '../../../../../../Users/Braden/Documents/GitHub/ChimeraGames/Abyss/Saved/Autosaves/Game/Maps-Levels/UEDPCstartMenu.umap'
[2017.03.06-00.09.57:980][450]LogSavePackage:Display: Finished SavePackage ../../../../../../Users/Braden/Documents/GitHub/ChimeraGames/Abyss/Saved/Autosaves/Game/Maps-Levels/UEDPCstartMenu.umap
[2017.03.06-00.09.57:988][450]LogEditorTransaction: Undo Spawn Play From Here Start
[2017.03.06-00.10.48:288][ 89]LogContentBrowser: Native class hierarchy updated for 'BlueprintGraph' in 0.0011 seconds. Added 111 classes and 0 folders.
[2017.03.06-00.12.38:501][ 15]Cmd: OBJ SAVEPACKAGE PACKAGE="/Game/UMG/BattleHUD" FILE="../../../../../../Users/Braden/Documents/GitHub/ChimeraGames/Abyss/Content/UMG/BattleHUD.uasset" SILENT=true
[2017.03.06-00.12.38:709][ 15]LogSavePackage: Save=162.03ms
[2017.03.06-00.12.38:709][ 15]LogSavePackage: Moving '../../../../../../Users/Braden/Documents/GitHub/ChimeraGames/Abyss/Saved/BattleHUDB32D192148611C4475A930A3E445C9BD.tmp' to '../../../../../../Users/Braden/Documents/GitHub/ChimeraGames/Abyss/Content/UMG/BattleHUD.uasset'
[2017.03.06-00.12.38:710][ 15]LogSavePackage:Display: Finished SavePackage ../../../../../../Users/Braden/Documents/GitHub/ChimeraGames/Abyss/Content/UMG/BattleHUD.uasset
[2017.03.06-00.12.39:022][ 33]BlueprintLog: New page: Compile BattleHUD
[2017.03.06-00.12.39:125][ 33]LogBlueprint:Error: [Compiler BattleHUD] Error Binding: Property ' PercentDelegate ' on Widget ' ProgressBar_0 ': Member:SetVictoryXPProgress Has the wrong number of arguments, it needs to return 1 value and take no parameters.
[2017.03.06-00.12.39:400][ 33]BlueprintEditorCompileResults:Error: Error Binding: Property ' PercentDelegate ' on Widget ' ProgressBar_0 ': Member:SetVictoryXPProgress Has the wrong number of arguments, it needs to return 1 value and take no parameters.
[2017.03.06-00.12.39:400][ 33]LogBlueprint:Warning: [Compiler BattleHUD] Warning [0295.77] Compile of BattleHUD failed. 1 Fatal Issue(s) 0 Warning(s) [in 376 ms] (/Game/UMG/BattleHUD.BattleHUD)
[2017.03.06-00.12.45:797][401]Cmd: OBJ SAVEPACKAGE PACKAGE="/Game/UMG/BattleHUD" FILE="../../../../../../Users/Braden/Documents/GitHub/ChimeraGames/Abyss/Content/UMG/BattleHUD.uasset" SILENT=true
[2017.03.06-00.12.45:998][401]LogSavePackage: Save=153.48ms
[2017.03.06-00.12.45:998][401]LogSavePackage: Moving '../../../../../../Users/Braden/Documents/GitHub/ChimeraGames/Abyss/Saved/BattleHUDFBAD485E416320B0EDCB56AD79A5DEBD.tmp' to '../../../../../../Users/Braden/Documents/GitHub/ChimeraGames/Abyss/Content/UMG/BattleHUD.uasset'
[2017.03.06-00.12.46:000][401]LogSavePackage:Display: Finished SavePackage ../../../../../../Users/Braden/Documents/GitHub/ChimeraGames/Abyss/Content/UMG/BattleHUD.uasset
[2017.03.06-00.12.46:109][407]BlueprintLog: New page: Compile BattleHUD
[2017.03.06-00.12.46:330][407]BlueprintEditorCompileResults: Info The execution path doesn't end with a return node.  CastFailed
[2017.03.06-00.12.51:204][698]LogTemp: Repeting last play command: Standalone Game
[2017.03.06-00.12.51:506][698]LogSavePackage: Save=96.38ms
[2017.03.06-00.12.51:506][698]LogSavePackage: Moving '../../../../../../Users/Braden/Documents/GitHub/ChimeraGames/Abyss/Saved/UEDPCstartMenuFFA8DC734FF41A0C2B60079E8BC116E0.tmp' to '../../../../../../Users/Braden/Documents/GitHub/ChimeraGames/Abyss/Saved/Autosaves/Game/Maps-Levels/UEDPCstartMenu.umap'
[2017.03.06-00.12.51:507][698]LogSavePackage:Display: Finished SavePackage ../../../../../../Users/Braden/Documents/GitHub/ChimeraGames/Abyss/Saved/Autosaves/Game/Maps-Levels/UEDPCstartMenu.umap
[2017.03.06-00.12.51:518][698]LogEditorTransaction: Undo Spawn Play From Here Start
[2017.03.06-00.14.04:943][787]LogWindowsTextInputMethodSystem:Display: IME system now deactivated.
[2017.03.06-00.14.05:209][788]Cmd: QUIT_EDITOR
[2017.03.06-00.14.05:480][788]LogExit: Preparing to exit.
[2017.03.06-00.14.05:561][788]LogDirectoryWatcher: A directory notification for 'C:/Users/Braden/Documents/GitHub/ChimeraGames/Abyss/Content/' was aborted.
[2017.03.06-00.14.05:608][788]LogExit: Editor shut down
[2017.03.06-00.14.05:609][788]LogExit: Transaction tracking system shut down
[2017.03.06-00.14.05:724][788]LogObj: Freed 0b from 0 cluster array pools.
[2017.03.06-00.14.05:725][788]LogExit: Object subsystem successfully closed.
[2017.03.06-00.14.05:743][788]LogD3D11RHI: Shutdown
[2017.03.06-00.14.05:743][788]LogD3D11RHI: CleanupD3DDevice
[2017.03.06-00.14.05:800][788]LogD3D11RHI: ~FD3D11DynamicRHI
[2017.03.06-00.14.05:814][788]LogHttp:Display: Http module shutting down, but needs to wait on 1 outstanding Http requests:
[2017.03.06-00.14.05:814][788]LogHttp:Display: 	verb=[POST] url=[https://datarouter.ol.epicgames.com/datarouter/api/v1/public/data?SessionID=%7B8FF525F8-407E-CCFC-67D8-DCA302DDDA22%7D&AppID=UEEditor.Rocket.Release&AppVersion=4.14.3-3249277%2B%2B%2BUE4%2BRelease-4.14&UserID=bcab204c4eba50f4cbc298a0a41b2c7b%7C19b914fd1bf446109fa5a9d924e5dd7a%7C388d880e-e76b-426c-9d5d-4ed7ee87f56f&AppEnvironment=datacollector-binary&UploadType=eteventstream] status=Processing
[2017.03.06-00.14.05:839][788]LogModuleManager: Shutting down and abandoning module SequencerWidgets (234)
[2017.03.06-00.14.05:839][788]LogModuleManager: Shutting down and abandoning module BlueprintGraph (233)
[2017.03.06-00.14.05:839][788]LogModuleManager: Shutting down and abandoning module BlueprintProfiler (232)
[2017.03.06-00.14.05:842][788]LogModuleManager: Shutting down and abandoning module MovieSceneCapture (231)
[2017.03.06-00.14.05:842][788]LogModuleManager: Shutting down and abandoning module TextureEditor (230)
[2017.03.06-00.14.05:842][788]LogModuleManager: Shutting down and abandoning module ExternalImagePicker (229)
[2017.03.06-00.14.05:842][788]LogModuleManager: Shutting down and abandoning module HierarchicalLODOutliner (228)
[2017.03.06-00.14.05:842][788]LogModuleManager: Shutting down and abandoning module CrashTracker (227)
[2017.03.06-00.14.05:842][788]LogModuleManager: Shutting down and abandoning module SceneOutliner (226)
[2017.03.06-00.14.05:842][788]LogModuleManager: Shutting down and abandoning module WidgetCarousel (225)
[2017.03.06-00.14.05:842][788]LogModuleManager: Shutting down and abandoning module AddContentDialog (224)
[2017.03.06-00.14.05:842][788]LogDirectoryWatcher: A directory notification for 'C:/Program Files/Epic Games/UE_4.14/FeaturePacks/' was aborted.
[2017.03.06-00.14.05:843][788]LogModuleManager: Shutting down and abandoning module GameplayTags (223)
[2017.03.06-00.14.05:843][788]LogModuleManager: Shutting down and abandoning module EditorWidgets (222)
[2017.03.06-00.14.05:843][788]LogModuleManager: Shutting down and abandoning module CollectionManager (221)
[2017.03.06-00.14.05:843][788]LogDirectoryWatcher: A directory notification for 'C:/Users/Braden/Documents/GitHub/ChimeraGames/Abyss/Content/Collections/' was aborted.
[2017.03.06-00.14.05:843][788]LogDirectoryWatcher: A directory notification for 'C:/Users/Braden/Documents/GitHub/ChimeraGames/Abyss/Content/Developers/Braden/Collections/' was aborted.
[2017.03.06-00.14.05:843][788]LogDirectoryWatcher: A directory notification for 'C:/Users/Braden/Documents/GitHub/ChimeraGames/Abyss/Saved/Collections/' was aborted.
[2017.03.06-00.14.05:843][788]LogModuleManager: Shutting down and abandoning module StatsViewer (220)
[2017.03.06-00.14.05:843][788]LogModuleManager: Shutting down and abandoning module FoliageEdit (219)
[2017.03.06-00.14.05:843][788]LogModuleManager: Shutting down and abandoning module LandscapeEditor (218)
[2017.03.06-00.14.05:844][788]LogModuleManager: Shutting down and abandoning module SceneDepthPickerMode (217)
[2017.03.06-00.14.05:844][788]LogModuleManager: Shutting down and abandoning module ActorPickerMode (216)
[2017.03.06-00.14.05:844][788]LogModuleManager: Shutting down and abandoning module GeometryMode (215)
[2017.03.06-00.14.05:844][788]LogModuleManager: Shutting down and abandoning module TextureAlignMode (214)
[2017.03.06-00.14.05:844][788]LogModuleManager: Shutting down and abandoning module BspMode (213)
[2017.03.06-00.14.05:844][788]LogModuleManager: Shutting down and abandoning module HardwareSurvey (212)
[2017.03.06-00.14.05:844][788]LogModuleManager: Shutting down and abandoning module SequenceRecorderSections (211)
[2017.03.06-00.14.05:844][788]LogModuleManager: Shutting down and abandoning module AutomationWorker (210)
[2017.03.06-00.14.05:844][788]LogModuleManager: Shutting down and abandoning module MatineeToLevelSequence (209)
[2017.03.06-00.14.05:844][788]LogModuleManager: Shutting down and abandoning module PlacementMode (208)
[2017.03.06-00.14.05:844][788]LogModuleManager: Shutting down and abandoning module LevelSequenceEditor (207)
[2017.03.06-00.14.05:845][788]LogModuleManager: Shutting down and abandoning module Media (206)
[2017.03.06-00.14.05:845][788]LogModuleManager: Shutting down and abandoning module WmfMediaFactory (205)
[2017.03.06-00.14.05:845][788]LogModuleManager: Shutting down and abandoning module WmfMediaEditor (204)
[2017.03.06-00.14.05:845][788]LogModuleManager: Shutting down and abandoning module CharacterAI (203)
[2017.03.06-00.14.05:845][788]LogModuleManager: Shutting down and abandoning module SequenceRecorder (202)
[2017.03.06-00.14.05:845][788]LogModuleManager: Shutting down and abandoning module AudioCapture (201)
[2017.03.06-00.14.05:845][788]LogModuleManager: Shutting down and abandoning module SmartSnapping (200)
[2017.03.06-00.14.05:845][788]LogModuleManager: Shutting down and abandoning module SessionServices (199)
[2017.03.06-00.14.05:845][788]LogModuleManager: Shutting down and abandoning module ViewportSnapping (198)
[2017.03.06-00.14.05:845][788]LogModuleManager: Shutting down and abandoning module ViewportInteraction (197)
[2017.03.06-00.14.05:845][788]LogModuleManager: Shutting down and abandoning module LogVisualizer (196)
[2017.03.06-00.14.05:845][788]LogModuleManager: Shutting down and abandoning module GameProjectGeneration (195)
[2017.03.06-00.14.05:845][788]LogModuleManager: Shutting down and abandoning module IntroTutorials (194)
[2017.03.06-00.14.05:845][788]LogModuleManager: Shutting down and abandoning module EditorLiveStreaming (193)
[2017.03.06-00.14.05:845][788]LogModuleManager: Shutting down and abandoning module IOSPlatformEditor (192)
[2017.03.06-00.14.05:845][788]LogModuleManager: Shutting down and abandoning module HTML5PlatformEditor (191)
[2017.03.06-00.14.05:845][788]LogModuleManager: Shutting down and abandoning module AndroidDeviceDetection (189)
[2017.03.06-00.14.06:163][788]LogModuleManager: Shutting down and abandoning module AndroidPlatformEditor (188)
[2017.03.06-00.14.06:163][788]LogModuleManager: Shutting down and abandoning module IOSRuntimeSettings (187)
[2017.03.06-00.14.06:163][788]LogModuleManager: Shutting down and abandoning module AndroidRuntimeSettings (186)
[2017.03.06-00.14.06:163][788]LogModuleManager: Shutting down and abandoning module InputBindingEditor (185)
[2017.03.06-00.14.06:163][788]LogModuleManager: Shutting down and abandoning module NiagaraEditor (184)
[2017.03.06-00.14.06:163][788]LogModuleManager: Shutting down and abandoning module MergeActors (183)
[2017.03.06-00.14.06:163][788]LogModuleManager: Shutting down and abandoning module SizeMap (182)
[2017.03.06-00.14.06:163][788]LogModuleManager: Shutting down and abandoning module TreeMap (181)
[2017.03.06-00.14.06:163][788]LogModuleManager: Shutting down and abandoning module ReferenceViewer (180)
[2017.03.06-00.14.06:163][788]LogModuleManager: Shutting down and abandoning module LocalizationService (179)
[2017.03.06-00.14.06:163][788]LogModuleManager: Shutting down and abandoning module LocalizationDashboard (178)
[2017.03.06-00.14.06:163][788]LogModuleManager: Shutting down and abandoning module HardwareTargeting (177)
[2017.03.06-00.14.06:163][788]LogModuleManager: Shutting down and abandoning module DeviceProfileEditor (176)
[2017.03.06-00.14.06:163][788]LogModuleManager: Shutting down and abandoning module UndoHistory (175)
[2017.03.06-00.14.06:164][788]LogModuleManager: Shutting down and abandoning module UserFeedback (174)
[2017.03.06-00.14.06:164][788]LogModuleManager: Shutting down and abandoning module XmlParser (173)
[2017.03.06-00.14.06:164][788]LogModuleManager: Shutting down and abandoning module Blutility (172)
[2017.03.06-00.14.06:164][788]LogModuleManager: Shutting down and abandoning module ProjectTargetPlatformEditor (171)
[2017.03.06-00.14.06:164][788]LogModuleManager: Shutting down and abandoning module ProjectSettingsViewer (170)
[2017.03.06-00.14.06:164][788]LogModuleManager: Shutting down and abandoning module EditorSettingsViewer (169)
[2017.03.06-00.14.06:164][788]LogModuleManager: Shutting down and abandoning module SettingsEditor (168)
[2017.03.06-00.14.06:164][788]LogModuleManager: Shutting down and abandoning module ProjectLauncher (167)
[2017.03.06-00.14.06:164][788]LogModuleManager: Shutting down and abandoning module SessionFrontend (166)
[2017.03.06-00.14.06:164][788]LogModuleManager: Shutting down and abandoning module ProfilerClient (165)
[2017.03.06-00.14.06:164][788]LogModuleManager: Shutting down and abandoning module TargetDeviceServices (164)
[2017.03.06-00.14.06:165][788]LogModuleManager: Shutting down and abandoning module DeviceManager (163)
[2017.03.06-00.14.06:208][788]LogModuleManager: Shutting down and abandoning module AutomationController (162)
[2017.03.06-00.14.06:208][788]LogModuleManager: Shutting down and abandoning module AutomationWindow (161)
[2017.03.06-00.14.06:208][788]LogModuleManager: Shutting down and abandoning module Layers (160)
[2017.03.06-00.14.06:209][788]LogModuleManager: Shutting down and abandoning module ComponentVisualizers (159)
[2017.03.06-00.14.06:209][788]LogModuleManager: Shutting down and abandoning module DetailCustomizations (158)
[2017.03.06-00.14.06:209][788]LogModuleManager: Shutting down and abandoning module PackagesDialog (157)
[2017.03.06-00.14.06:210][788]LogModuleManager: Shutting down and abandoning module AnimGraph (156)
[2017.03.06-00.14.06:210][788]LogModuleManager: Shutting down and abandoning module Persona (155)
[2017.03.06-00.14.06:210][788]LogModuleManager: Shutting down and abandoning module Kismet (154)
[2017.03.06-00.14.06:231][788]LogModuleManager: Shutting down and abandoning module GraphEditor (153)
[2017.03.06-00.14.06:231][788]LogModuleManager: Shutting down and abandoning module ClassViewer (152)
[2017.03.06-00.14.06:232][788]LogModuleManager: Shutting down and abandoning module Toolbox (151)
[2017.03.06-00.14.06:232][788]LogModuleManager: Shutting down and abandoning module ModuleUI (150)
[2017.03.06-00.14.06:232][788]LogModuleManager: Shutting down and abandoning module MovieSceneTools (149)
[2017.03.06-00.14.06:232][788]LogModuleManager: Shutting down and abandoning module OutputLog (148)
[2017.03.06-00.14.06:232][788]LogModuleManager: Shutting down and abandoning module GammaUI (147)
[2017.03.06-00.14.06:232][788]LogModuleManager: Shutting down and abandoning module Documentation (146)
[2017.03.06-00.14.06:232][788]LogModuleManager: Shutting down and abandoning module Niagara (145)
[2017.03.06-00.14.06:232][788]LogModuleManager: Shutting down and abandoning module StreamingPauseRendering (144)
[2017.03.06-00.14.06:232][788]LogModuleManager: Shutting down and abandoning module AnalyticsET (143)
[2017.03.06-00.14.06:232][788]LogModuleManager: Shutting down and abandoning module PortalServices (142)
[2017.03.06-00.14.06:232][788]LogModuleManager: Shutting down and abandoning module PortalRpc (141)
[2017.03.06-00.14.06:232][788]LogModuleManager: Shutting down and abandoning module MessagingRpc (140)
[2017.03.06-00.14.06:232][788]LogModuleManager: Shutting down and abandoning module GameplayDebugger (139)
[2017.03.06-00.14.06:232][788]LogModuleManager: Shutting down and abandoning module AITestSuite (138)
[2017.03.06-00.14.06:232][788]LogModuleManager: Shutting down and abandoning module AIModule (137)
[2017.03.06-00.14.06:232][788]LogModuleManager: Shutting down and abandoning module ProfilerService (136)
[2017.03.06-00.14.06:399][788]LogModuleManager: Shutting down and abandoning module TaskGraph (135)
[2017.03.06-00.14.06:399][788]LogModuleManager: Shutting down and abandoning module SlateRemote (134)
[2017.03.06-00.14.06:399][788]LogModuleManager: Shutting down and abandoning module ProceduralMeshComponentEditor (133)
[2017.03.06-00.14.06:399][788]LogModuleManager: Shutting down and abandoning module ProceduralMeshComponent (132)
[2017.03.06-00.14.06:399][788]LogModuleManager: Shutting down and abandoning module CustomMeshComponent (131)
[2017.03.06-00.14.06:400][788]LogModuleManager: Shutting down and abandoning module CableComponent (130)
[2017.03.06-00.14.06:400][788]LogModuleManager: Shutting down and abandoning module ArchVisCharacter (129)
[2017.03.06-00.14.06:400][788]LogModuleManager: Shutting down and abandoning module MediaPlayerEditor (127)
[2017.03.06-00.14.06:400][788]LogModuleManager: Shutting down and abandoning module HTML5Networking (126)
[2017.03.06-00.14.06:400][788]LogModuleManager: Shutting down and abandoning module GeometryCacheEd (125)
[2017.03.06-00.14.06:400][788]LogModuleManager: Shutting down and abandoning module GeometryCache (124)
[2017.03.06-00.14.06:400][788]LogModuleManager: Shutting down and abandoning module AlembicLibrary (123)
[2017.03.06-00.14.06:400][788]LogModuleManager: Shutting down and abandoning module AlembicImporter (122)
[2017.03.06-00.14.06:400][788]LogModuleManager: Shutting down and abandoning module SuperSearch (121)
[2017.03.06-00.14.06:400][788]LogModuleManager: Shutting down and abandoning module SuperSearchEditor (120)
[2017.03.06-00.14.06:400][788]LogModuleManager: Shutting down and abandoning module SpeedTreeImporter (119)
[2017.03.06-00.14.06:400][788]LogModuleManager: Shutting down and abandoning module PluginBrowser (118)
[2017.03.06-00.14.06:400][788]LogModuleManager: Shutting down and abandoning module DesktopPlatform (117)
[2017.03.06-00.14.06:400][788]LogModuleManager: Shutting down and abandoning module VisualStudioSourceCodeAccess (116)
[2017.03.06-00.14.06:400][788]LogModuleManager: Shutting down and abandoning module UObjectPlugin (115)
[2017.03.06-00.14.06:400][788]LogModuleManager: Shutting down and abandoning module SubversionSourceControl (114)
[2017.03.06-00.14.06:400][788]LogModuleManager: Shutting down and abandoning module PerforceSourceControl (113)
[2017.03.06-00.14.06:400][788]LogModuleManager: Shutting down and abandoning module SourceControl (112)
[2017.03.06-00.14.06:400][788]LogModuleManager: Shutting down and abandoning module GitSourceControl (111)
[2017.03.06-00.14.06:400][788]LogModuleManager: Shutting down and abandoning module LightPropagationVolumeEditor (110)
[2017.03.06-00.14.06:400][788]LogModuleManager: Shutting down and abandoning module PaperTiledImporter (109)
[2017.03.06-00.14.06:400][788]LogModuleManager: Shutting down and abandoning module PaperSpriteSheetImporter (108)
[2017.03.06-00.14.06:400][788]LogModuleManager: Shutting down and abandoning module MeshPaint (107)
[2017.03.06-00.14.06:400][788]LogModuleManager: Shutting down and abandoning module PixelInspectorModule (106)
[2017.03.06-00.14.06:400][788]LogModuleManager: Shutting down and abandoning module HotReload (105)
[2017.03.06-00.14.06:401][788]LogModuleManager: Shutting down and abandoning module MainFrame (104)
[2017.03.06-00.14.06:401][788]LogModuleManager: Shutting down and abandoning module LevelEditor (103)
[2017.03.06-00.14.06:404][788]LogModuleManager: Shutting down and abandoning module ContentBrowser (102)
[2017.03.06-00.14.06:405][788]LogModuleManager: Shutting down and abandoning module Paper2DEditor (101)
[2017.03.06-00.14.06:405][788]LogModuleManager: Shutting down and abandoning module LightPropagationVolumeRuntime (100)
[2017.03.06-00.14.06:405][788]LogModuleManager: Shutting down and abandoning module Paper2D (99)
[2017.03.06-00.14.06:405][788]LogModuleManager: Shutting down and abandoning module WindowsMoviePlayer (98)
[2017.03.06-00.14.06:405][788]LogModuleManager: Shutting down and abandoning module WmfMedia (97)
[2017.03.06-00.14.06:406][788]LogModuleManager: Shutting down and abandoning module MediaAssets (96)
[2017.03.06-00.14.06:406][788]LogModuleManager: Shutting down and abandoning module GameLiveStreaming (95)
[2017.03.06-00.14.06:406][788]LogModuleManager: Shutting down and abandoning module GameplayTagsEditor (94)
[2017.03.06-00.14.06:406][788]LogModuleManager: Shutting down and abandoning module VREditor (93)
[2017.03.06-00.14.06:406][788]LogModuleManager: Shutting down and abandoning module GameplayTasksEditor (92)
[2017.03.06-00.14.06:406][788]LogModuleManager: Shutting down and abandoning module BehaviorTreeEditor (91)
[2017.03.06-00.14.06:406][788]LogModuleManager: Shutting down and abandoning module FunctionalTesting (90)
[2017.03.06-00.14.06:406][788]LogModuleManager: Shutting down and abandoning module CollisionAnalyzer (89)
[2017.03.06-00.14.06:406][788]LogModuleManager: Shutting down and abandoning module Sequencer (88)
[2017.03.06-00.14.06:406][788]LogModuleManager: Shutting down and abandoning module WorkspaceMenuStructure (87)
[2017.03.06-00.14.06:406][788]LogModuleManager: Shutting down and abandoning module MessageLog (86)
[2017.03.06-00.14.06:406][788]LogModuleManager: Shutting down and abandoning module AssetTools (85)
[2017.03.06-00.14.06:406][788]LogModuleManager: Shutting down and abandoning module UMGEditor (84)
[2017.03.06-00.14.06:406][788]LogModuleManager: Shutting down and abandoning module UMG (83)
[2017.03.06-00.14.06:406][788]LogModuleManager: Shutting down and abandoning module SlateReflector (82)
[2017.03.06-00.14.06:406][788]LogModuleManager: Shutting down and abandoning module Slate (81)
[2017.03.06-00.14.06:406][788]LogModuleManager: Shutting down and abandoning module EditorStyle (80)
[2017.03.06-00.14.06:410][788]LogModuleManager: Shutting down and abandoning module SourceCodeAccess (79)
[2017.03.06-00.14.06:410][788]LogModuleManager: Shutting down and abandoning module HeadMountedDisplay (78)
[2017.03.06-00.14.06:410][788]LogModuleManager: Shutting down and abandoning module XAudio2 (77)
[2017.03.06-00.14.06:410][788]LogModuleManager: Shutting down and abandoning module Networking (75)
[2017.03.06-00.14.06:410][788]LogModuleManager: Shutting down and abandoning module Core (74)
[2017.03.06-00.14.06:410][788]LogModuleManager: Shutting down and abandoning module DirectoryWatcher (73)
[2017.03.06-00.14.06:411][788]LogDirectoryWatcher: A directory notification for '../../../Engine/Content/' was aborted.
[2017.03.06-00.14.06:411][788]LogDirectoryWatcher: A directory notification for '../../../../../../Users/Braden/Documents/GitHub/ChimeraGames/Abyss/Content/' was aborted.
[2017.03.06-00.14.06:411][788]LogDirectoryWatcher: A directory notification for '../../../Engine/Plugins/2D/Paper2D/Content/' was aborted.
[2017.03.06-00.14.06:412][788]LogModuleManager: Shutting down and abandoning module AssetRegistry (72)
[2017.03.06-00.14.06:563][788]LogModuleManager: Shutting down and abandoning module KismetCompiler (71)
[2017.03.06-00.14.06:563][788]LogModuleManager: Shutting down and abandoning module PhysXFormats (70)
[2017.03.06-00.14.06:563][788]LogModuleManager: Shutting down and abandoning module SimplygonSwarm (69)
[2017.03.06-00.14.06:563][788]LogModuleManager: Shutting down and abandoning module SimplygonMeshReduction (68)
[2017.03.06-00.14.06:563][788]LogModuleManager: Shutting down and abandoning module QuadricMeshReduction (67)
[2017.03.06-00.14.06:563][788]LogModuleManager: Shutting down and abandoning module PropertyEditor (66)
[2017.03.06-00.14.06:563][788]LogModuleManager: Shutting down and abandoning module MeshUtilities (65)
[2017.03.06-00.14.06:563][788]LogModuleManager: Shutting down and abandoning module DerivedDataCache (64)
[2017.03.06-00.14.06:583][788]LogDerivedDataCache: Shutdown
[2017.03.06-00.14.06:583][788]LogModuleManager: Shutting down and abandoning module VulkanShaderFormat (63)
[2017.03.06-00.14.06:583][788]LogModuleManager: Shutting down and abandoning module ShaderFormatOpenGL (62)
[2017.03.06-00.14.06:583][788]LogModuleManager: Shutting down and abandoning module ShaderFormatD3D (61)
[2017.03.06-00.14.06:583][788]LogModuleManager: Shutting down and abandoning module MetalShaderFormat (60)
[2017.03.06-00.14.06:583][788]LogModuleManager: Shutting down and abandoning module TextureFormatUncompressed (59)
[2017.03.06-00.14.06:583][788]LogModuleManager: Shutting down and abandoning module TextureFormatPVR (58)
[2017.03.06-00.14.06:583][788]LogModuleManager: Shutting down and abandoning module TextureFormatDXT (57)
[2017.03.06-00.14.06:583][788]LogModuleManager: Shutting down and abandoning module TextureFormatIntelISPCTexComp (56)
[2017.03.06-00.14.06:583][788]LogModuleManager: Shutting down and abandoning module ImageWrapper (55)
[2017.03.06-00.14.06:583][788]LogModuleManager: Shutting down and abandoning module TextureFormatASTC (54)
[2017.03.06-00.14.06:583][788]LogModuleManager: Shutting down and abandoning module TextureFormatAndroid (53)
[2017.03.06-00.14.06:583][788]LogModuleManager: Shutting down and abandoning module AudioFormatOpus (52)
[2017.03.06-00.14.06:584][788]LogModuleManager: Shutting down and abandoning module AudioFormatOgg (51)
[2017.03.06-00.14.06:584][788]LogModuleManager: Shutting down and abandoning module AudioFormatADPCM (50)
[2017.03.06-00.14.06:584][788]LogModuleManager: Shutting down and abandoning module LinuxTargetPlatform (49)
[2017.03.06-00.14.06:584][788]LogModuleManager: Shutting down and abandoning module LinuxServerTargetPlatform (48)
[2017.03.06-00.14.06:584][788]LogModuleManager: Shutting down and abandoning module LinuxNoEditorTargetPlatform (47)
[2017.03.06-00.14.06:584][788]LogModuleManager: Shutting down and abandoning module LinuxClientTargetPlatform (46)
[2017.03.06-00.14.06:584][788]LogModuleManager: Shutting down and abandoning module TVOSTargetPlatform (45)
[2017.03.06-00.14.06:584][788]LogModuleManager: Shutting down and abandoning module Messaging (44)
[2017.03.06-00.14.06:584][788]LogModuleManager: Shutting down and abandoning module IOSTargetPlatform (43)
[2017.03.06-00.14.06:584][788]LogModuleManager: Shutting down and abandoning module HTML5TargetPlatform (42)
[2017.03.06-00.14.06:584][788]LogModuleManager: Shutting down and abandoning module Android_PVRTCTargetPlatform (41)
[2017.03.06-00.14.06:584][788]LogModuleManager: Shutting down and abandoning module Android_MultiTargetPlatform (40)
[2017.03.06-00.14.06:584][788]LogModuleManager: Shutting down and abandoning module Android_ETC2TargetPlatform (39)
[2017.03.06-00.14.06:584][788]LogModuleManager: Shutting down and abandoning module Android_ETC1TargetPlatform (38)
[2017.03.06-00.14.06:584][788]LogModuleManager: Shutting down and abandoning module Android_DXTTargetPlatform (37)
[2017.03.06-00.14.06:584][788]LogModuleManager: Shutting down and abandoning module Android_ATCTargetPlatform (36)
[2017.03.06-00.14.06:584][788]LogModuleManager: Shutting down and abandoning module Android_ASTCTargetPlatform (35)
[2017.03.06-00.14.06:584][788]LogModuleManager: Shutting down and abandoning module AndroidTargetPlatform (34)
[2017.03.06-00.14.06:584][788]LogModuleManager: Shutting down and abandoning module WindowsTargetPlatform (33)
[2017.03.06-00.14.06:584][788]LogModuleManager: Shutting down and abandoning module WindowsServerTargetPlatform (32)
[2017.03.06-00.14.06:584][788]LogModuleManager: Shutting down and abandoning module WindowsNoEditorTargetPlatform (31)
[2017.03.06-00.14.06:584][788]LogModuleManager: Shutting down and abandoning module WindowsClientTargetPlatform (30)
[2017.03.06-00.14.06:584][788]LogModuleManager: Shutting down and abandoning module MacTargetPlatform (29)
[2017.03.06-00.14.06:584][788]LogModuleManager: Shutting down and abandoning module MacServerTargetPlatform (28)
[2017.03.06-00.14.06:584][788]LogModuleManager: Shutting down and abandoning module MacNoEditorTargetPlatform (27)
[2017.03.06-00.14.06:584][788]LogModuleManager: Shutting down and abandoning module MacClientTargetPlatform (26)
[2017.03.06-00.14.06:584][788]LogModuleManager: Shutting down and abandoning module AllDesktopTargetPlatform (25)
[2017.03.06-00.14.06:584][788]LogModuleManager: Shutting down and abandoning module TargetPlatform (24)
[2017.03.06-00.14.06:584][788]LogModuleManager: Shutting down and abandoning module InputCore (23)
[2017.03.06-00.14.06:584][788]LogModuleManager: Shutting down and abandoning module Settings (22)
[2017.03.06-00.14.06:584][788]LogModuleManager: Shutting down and abandoning module ExampleDeviceProfileSelector (21)
[2017.03.06-00.14.06:584][788]LogModuleManager: Shutting down and abandoning module OnlineBlueprintSupport (20)
[2017.03.06-00.14.06:584][788]LogModuleManager: Shutting down and abandoning module OnlineSubsystem (18)
[2017.03.06-00.14.06:584][788]LogOnline:Display: Unloading online subsystem: NULL
[2017.03.06-00.14.06:584][788]LogModuleManager: Shutting down and abandoning module SSL (17)
[2017.03.06-00.14.06:585][788]LogModuleManager: Shutting down and abandoning module HTTP (16)
[2017.03.06-00.14.06:585][788]LogModuleManager: Shutting down and abandoning module XMPP (15)
[2017.03.06-00.14.06:586][788]LogModuleManager: Shutting down and abandoning module TextureCompressor (14)
[2017.03.06-00.14.06:586][788]LogModuleManager: Shutting down and abandoning module ShaderCore (13)
[2017.03.06-00.14.06:586][788]LogModuleManager: Shutting down and abandoning module Landscape (12)
[2017.03.06-00.14.06:586][788]LogModuleManager: Shutting down and abandoning module SlateRHIRenderer (11)
[2017.03.06-00.14.06:587][788]LogModuleManager: Shutting down and abandoning module OpenGLDrv (10)
[2017.03.06-00.14.06:587][788]LogModuleManager: Shutting down and abandoning module D3D11RHI (9)
[2017.03.06-00.14.06:587][788]LogModuleManager: Shutting down and abandoning module AnimGraphRuntime (8)
[2017.03.06-00.14.06:587][788]LogModuleManager: Shutting down and abandoning module Renderer (7)
[2017.03.06-00.14.06:587][788]LogModuleManager: Shutting down and abandoning module Engine (6)
[2017.03.06-00.14.06:587][788]LogModuleManager: Shutting down and abandoning module CoreUObject (5)
[2017.03.06-00.14.06:587][788]LogModuleManager: Shutting down and abandoning module NetworkFile (4)
[2017.03.06-00.14.06:587][788]LogModuleManager: Shutting down and abandoning module StreamingFile (3)
[2017.03.06-00.14.06:587][788]LogModuleManager: Shutting down and abandoning module SandboxFile (2)
[2017.03.06-00.14.06:588][788]LogModuleManager: Shutting down and abandoning module PakFile (1)
[2017.03.06-00.14.06:589][788]LogExit: Exiting.
[2017.03.06-00.14.06:622][788]Log file closed, 03/05/17 19:14:06
