Log file open, 02/27/17 20:04:29
LogInit:Display: Running engine for game: Abyss
LogPlatformFile: Not using cached read wrapper
LogInit:Display: RandInit(-1118671072) SRandInit(-1118671071).
LogTaskGraph: Started task graph with 5 named threads and 6 total threads with 1 sets of task threads.
LogStats: Stats thread started at 3.460879
LogPluginManager: Loaded Plugin Paper2D, From C:/Program Files (x86)/Epic Games/4.14/Engine/Plugins/2D/Paper2D/Paper2D.uplugin
LogPluginManager: Loaded Plugin LightPropagationVolume, From C:/Program Files (x86)/Epic Games/4.14/Engine/Plugins/Blendables/LightPropagationVolume/LightPropagationVolume.uplugin
LogPluginManager: Loaded Plugin BlankPlugin, From C:/Program Files (x86)/Epic Games/4.14/Engine/Plugins/Developer/BlankPlugin/BlankPlugin.uplugin
LogPluginManager: Loaded Plugin CodeLiteSourceCodeAccess, From C:/Program Files (x86)/Epic Games/4.14/Engine/Plugins/Developer/CodeLiteSourceCodeAccess/CodeLiteSourceCodeAccess.uplugin
LogPluginManager: Loaded Plugin GitSourceControl, From C:/Program Files (x86)/Epic Games/4.14/Engine/Plugins/Developer/GitSourceControl/GitSourceControl.uplugin
LogPluginManager: Loaded Plugin KDevelopSourceCodeAccess, From C:/Program Files (x86)/Epic Games/4.14/Engine/Plugins/Developer/KDevelopSourceCodeAccess/KDevelopSourceCodeAccess.uplugin
LogPluginManager: Loaded Plugin NullSourceCodeAccess, From C:/Program Files (x86)/Epic Games/4.14/Engine/Plugins/Developer/NullSourceCodeAccess/NullSourceCodeAccess.uplugin
LogPluginManager: Loaded Plugin OneSkyLocalizationService, From C:/Program Files (x86)/Epic Games/4.14/Engine/Plugins/Developer/OneSkyLocalizationService/OneSkyLocalizationService.uplugin
LogPluginManager: Loaded Plugin PerforceSourceControl, From C:/Program Files (x86)/Epic Games/4.14/Engine/Plugins/Developer/PerforceSourceControl/PerforceSourceControl.uplugin
LogPluginManager: Loaded Plugin SubversionSourceControl, From C:/Program Files (x86)/Epic Games/4.14/Engine/Plugins/Developer/SubversionSourceControl/SubversionSourceControl.uplugin
LogPluginManager: Loaded Plugin UObjectPlugin, From C:/Program Files (x86)/Epic Games/4.14/Engine/Plugins/Developer/UObjectPlugin/UObjectPlugin.uplugin
LogPluginManager: Loaded Plugin VisualStudioSourceCodeAccess, From C:/Program Files (x86)/Epic Games/4.14/Engine/Plugins/Developer/VisualStudioSourceCodeAccess/VisualStudioSourceCodeAccess.uplugin
LogPluginManager: Loaded Plugin XCodeSourceCodeAccess, From C:/Program Files (x86)/Epic Games/4.14/Engine/Plugins/Developer/XCodeSourceCodeAccess/XCodeSourceCodeAccess.uplugin
LogPluginManager: Loaded Plugin AudioCapture, From C:/Program Files (x86)/Epic Games/4.14/Engine/Plugins/Editor/AudioCapture/AudioCapture.uplugin
LogPluginManager: Loaded Plugin EpicSurvey, From C:/Program Files (x86)/Epic Games/4.14/Engine/Plugins/Editor/EpicSurvey/EpicSurvey.uplugin
LogPluginManager: Loaded Plugin MacGraphicsSwitching, From C:/Program Files (x86)/Epic Games/4.14/Engine/Plugins/Editor/MacGraphicsSwitching/MacGraphicsSwitching.uplugin
LogPluginManager: Loaded Plugin MobileLauncherProfileWizard, From C:/Program Files (x86)/Epic Games/4.14/Engine/Plugins/Editor/MobileLauncherProfileWizard/MobileLauncherProfileWizard.uplugin
LogPluginManager: Loaded Plugin PluginBrowser, From C:/Program Files (x86)/Epic Games/4.14/Engine/Plugins/Editor/PluginBrowser/PluginBrowser.uplugin
LogPluginManager: Loaded Plugin SpeedTreeImporter, From C:/Program Files (x86)/Epic Games/4.14/Engine/Plugins/Editor/SpeedTreeImporter/SpeedTreeImporter.uplugin
LogPluginManager: Loaded Plugin SuperSearchEditor, From C:/Program Files (x86)/Epic Games/4.14/Engine/Plugins/Editor/SuperSearchEditor/SuperSearchEditor.uplugin
LogPluginManager: Loaded Plugin AlembicImporter, From C:/Program Files (x86)/Epic Games/4.14/Engine/Plugins/Experimental/AlembicImporter/AlembicImporter.uplugin
LogPluginManager: Loaded Plugin BlueprintStats, From C:/Program Files (x86)/Epic Games/4.14/Engine/Plugins/Experimental/BlueprintStats/BlueprintStats.uplugin
LogPluginManager: Loaded Plugin CharacterAI, From C:/Program Files (x86)/Epic Games/4.14/Engine/Plugins/Experimental/CharacterAI/CharacterAI.uplugin
LogPluginManager: Loaded Plugin CodeEditor, From C:/Program Files (x86)/Epic Games/4.14/Engine/Plugins/Experimental/CodeEditor/CodeEditor.uplugin
LogPluginManager: Loaded Plugin CodeView, From C:/Program Files (x86)/Epic Games/4.14/Engine/Plugins/Experimental/CodeView/CodeView.uplugin
LogPluginManager: Loaded Plugin HTML5Networking, From C:/Program Files (x86)/Epic Games/4.14/Engine/Plugins/Experimental/HTML5Networking/HTML5Networking.uplugin
LogPluginManager: Loaded Plugin OSVR, From C:/Program Files (x86)/Epic Games/4.14/Engine/Plugins/Experimental/OSVR/OSVR.uplugin
LogPluginManager: Loaded Plugin Phya, From C:/Program Files (x86)/Epic Games/4.14/Engine/Plugins/Experimental/Phya/Phya.uplugin
LogPluginManager: Loaded Plugin SignificanceManager, From C:/Program Files (x86)/Epic Games/4.14/Engine/Plugins/Experimental/SignificanceManager/SignificanceManager.uplugin
LogPluginManager: Loaded Plugin SimpleHMD, From C:/Program Files (x86)/Epic Games/4.14/Engine/Plugins/Experimental/SimpleHMD/SimpleHMD.uplugin
LogPluginManager: Loaded Plugin StereoPanorama, From C:/Program Files (x86)/Epic Games/4.14/Engine/Plugins/Experimental/StereoPanorama/StereoPanorama.uplugin
LogPluginManager: Loaded Plugin StructBox, From C:/Program Files (x86)/Epic Games/4.14/Engine/Plugins/Experimental/StructBox/StructBox.uplugin
LogPluginManager: Loaded Plugin HGGifImporter, From C:/Program Files (x86)/Epic Games/4.14/Engine/Plugins/Marketplace/HGGifImporter/HGGifImporter.uplugin
LogPluginManager: Loaded Plugin MidiAsset, From C:/Program Files (x86)/Epic Games/4.14/Engine/Plugins/Marketplace/MidiAsset/MidiAsset.uplugin
LogPluginManager: Loaded Plugin UnrealJS, From C:/Program Files (x86)/Epic Games/4.14/Engine/Plugins/Marketplace/UnrealJS/UnrealJS.uplugin
LogPluginManager: Loaded Plugin AndroidMedia, From C:/Program Files (x86)/Epic Games/4.14/Engine/Plugins/Media/AndroidMedia/AndroidMedia.uplugin
LogPluginManager: Loaded Plugin AvfMedia, From C:/Program Files (x86)/Epic Games/4.14/Engine/Plugins/Media/AvfMedia/AvfMedia.uplugin
LogPluginManager: Loaded Plugin MediaPlayerEditor, From C:/Program Files (x86)/Epic Games/4.14/Engine/Plugins/Media/MediaPlayerEditor/MediaPlayerEditor.uplugin
LogPluginManager: Loaded Plugin WmfMedia, From C:/Program Files (x86)/Epic Games/4.14/Engine/Plugins/Media/WmfMedia/WmfMedia.uplugin
LogPluginManager: Loaded Plugin MessagingDebugger, From C:/Program Files (x86)/Epic Games/4.14/Engine/Plugins/Messaging/MessagingDebugger/MessagingDebugger.uplugin
LogPluginManager: Loaded Plugin TcpMessaging, From C:/Program Files (x86)/Epic Games/4.14/Engine/Plugins/Messaging/TcpMessaging/TcpMessaging.uplugin
LogPluginManager: Loaded Plugin UdpMessaging, From C:/Program Files (x86)/Epic Games/4.14/Engine/Plugins/Messaging/UdpMessaging/UdpMessaging.uplugin
LogPluginManager: Loaded Plugin LevelSequenceEditor, From C:/Program Files (x86)/Epic Games/4.14/Engine/Plugins/MovieScene/LevelSequenceEditor/LevelSequenceEditor.uplugin
LogPluginManager: Loaded Plugin MatineeToLevelSequence, From C:/Program Files (x86)/Epic Games/4.14/Engine/Plugins/MovieScene/MatineeToLevelSequence/MatineeToLevelSequence.uplugin
LogPluginManager: Loaded Plugin NetcodeUnitTest, From C:/Program Files (x86)/Epic Games/4.14/Engine/Plugins/NetcodeUnitTest/NetcodeUnitTest/NetcodeUnitTest.uplugin
LogPluginManager: Loaded Plugin NUTUnrealEngine4, From C:/Program Files (x86)/Epic Games/4.14/Engine/Plugins/NetcodeUnitTest/NUTUnrealEngine4/NUTUnrealEngine4.uplugin
LogPluginManager: Loaded Plugin OnlineSubsystemGameCircle, From C:/Program Files (x86)/Epic Games/4.14/Engine/Plugins/Online/Android/OnlineSubsystemGameCircle/OnlineSubsystemGameCircle.uplugin
LogPluginManager: Loaded Plugin OnlineSubsystemGooglePlay, From C:/Program Files (x86)/Epic Games/4.14/Engine/Plugins/Online/Android/OnlineSubsystemGooglePlay/OnlineSubsystemGooglePlay.uplugin
LogPluginManager: Loaded Plugin OnlineSubsystemIOS, From C:/Program Files (x86)/Epic Games/4.14/Engine/Plugins/Online/IOS/OnlineSubsystemIOS/OnlineSubsystemIOS.uplugin
LogPluginManager: Loaded Plugin OnlineFramework, From C:/Program Files (x86)/Epic Games/4.14/Engine/Plugins/Online/OnlineFramework/OnlineFramework.uplugin
LogPluginManager: Loaded Plugin OnlineSubsystem, From C:/Program Files (x86)/Epic Games/4.14/Engine/Plugins/Online/OnlineSubsystem/OnlineSubsystem.uplugin
LogPluginManager: Loaded Plugin OnlineSubsystemAmazon, From C:/Program Files (x86)/Epic Games/4.14/Engine/Plugins/Online/OnlineSubsystemAmazon/OnlineSubsystemAmazon.uplugin
LogPluginManager: Loaded Plugin OnlineSubsystemFacebook, From C:/Program Files (x86)/Epic Games/4.14/Engine/Plugins/Online/OnlineSubsystemFacebook/OnlineSubsystemFacebook.uplugin
LogPluginManager: Loaded Plugin OnlineSubsystemNull, From C:/Program Files (x86)/Epic Games/4.14/Engine/Plugins/Online/OnlineSubsystemNull/OnlineSubsystemNull.uplugin
LogPluginManager: Loaded Plugin OnlineSubsystemOculus, From C:/Program Files (x86)/Epic Games/4.14/Engine/Plugins/Online/OnlineSubsystemOculus/OnlineSubsystemOculus.uplugin
LogPluginManager: Loaded Plugin OnlineSubsystemSteam, From C:/Program Files (x86)/Epic Games/4.14/Engine/Plugins/Online/OnlineSubsystemSteam/OnlineSubsystemSteam.uplugin
LogPluginManager: Loaded Plugin OnlineSubsystemUtils, From C:/Program Files (x86)/Epic Games/4.14/Engine/Plugins/Online/OnlineSubsystemUtils/OnlineSubsystemUtils.uplugin
LogPluginManager: Loaded Plugin IOSTapJoy, From C:/Program Files (x86)/Epic Games/4.14/Engine/Plugins/Runtime/Advertising/IOSTapJoy/IOSTapJoy.uplugin
LogPluginManager: Loaded Plugin AnalyticsBlueprintLibrary, From C:/Program Files (x86)/Epic Games/4.14/Engine/Plugins/Runtime/Analytics/AnalyticsBlueprintLibrary/AnalyticsBlueprintLibrary.uplugin
LogPluginManager: Loaded Plugin AnalyticsMulticast, From C:/Program Files (x86)/Epic Games/4.14/Engine/Plugins/Runtime/Analytics/AnalyticsMulticast/AnalyticsMulticast.uplugin
LogPluginManager: Loaded Plugin Apsalar, From C:/Program Files (x86)/Epic Games/4.14/Engine/Plugins/Runtime/Analytics/Apsalar/Apsalar.uplugin
LogPluginManager: Loaded Plugin FileLogging, From C:/Program Files (x86)/Epic Games/4.14/Engine/Plugins/Runtime/Analytics/FileLogging/FileLogging.uplugin
LogPluginManager: Loaded Plugin Flurry, From C:/Program Files (x86)/Epic Games/4.14/Engine/Plugins/Runtime/Analytics/Flurry/Flurry.uplugin
LogPluginManager: Loaded Plugin AndroidDeviceProfileSelector, From C:/Program Files (x86)/Epic Games/4.14/Engine/Plugins/Runtime/AndroidDeviceProfileSelector/AndroidDeviceProfileSelector.uplugin
LogPluginManager: Loaded Plugin AndroidMoviePlayer, From C:/Program Files (x86)/Epic Games/4.14/Engine/Plugins/Runtime/AndroidMoviePlayer/AndroidMoviePlayer.uplugin
LogPluginManager: Loaded Plugin AppleMoviePlayer, From C:/Program Files (x86)/Epic Games/4.14/Engine/Plugins/Runtime/AppleMoviePlayer/AppleMoviePlayer.uplugin
LogPluginManager: Loaded Plugin ArchVisCharacter, From C:/Program Files (x86)/Epic Games/4.14/Engine/Plugins/Runtime/ArchVisCharacter/ArchVisCharacter.uplugin
LogPluginManager: Loaded Plugin CableComponent, From C:/Program Files (x86)/Epic Games/4.14/Engine/Plugins/Runtime/CableComponent/CableComponent.uplugin
LogPluginManager: Loaded Plugin CustomMeshComponent, From C:/Program Files (x86)/Epic Games/4.14/Engine/Plugins/Runtime/CustomMeshComponent/CustomMeshComponent.uplugin
LogPluginManager: Loaded Plugin ExampleDeviceProfileSelector, From C:/Program Files (x86)/Epic Games/4.14/Engine/Plugins/Runtime/ExampleDeviceProfileSelector/ExampleDeviceProfileSelector.uplugin
LogPluginManager: Loaded Plugin GearVR, From C:/Program Files (x86)/Epic Games/4.14/Engine/Plugins/Runtime/GearVR/GearVR.uplugin
LogPluginManager: Loaded Plugin GoogleVRController, From C:/Program Files (x86)/Epic Games/4.14/Engine/Plugins/Runtime/GoogleVR/GoogleVRController/GoogleVRController.uplugin
LogPluginManager: Loaded Plugin GoogleVRHMD, From C:/Program Files (x86)/Epic Games/4.14/Engine/Plugins/Runtime/GoogleVR/GoogleVRHMD/GoogleVRHMD.uplugin
LogPluginManager: Loaded Plugin IOSDeviceProfileSelector, From C:/Program Files (x86)/Epic Games/4.14/Engine/Plugins/Runtime/IOSDeviceProfileSelector/IOSDeviceProfileSelector.uplugin
LogPluginManager: Loaded Plugin LeapMotion, From C:/Program Files (x86)/Epic Games/4.14/Engine/Plugins/Runtime/LeapMotion/LeapMotion.uplugin
LogPluginManager: Loaded Plugin LinuxDeviceProfileSelector, From C:/Program Files (x86)/Epic Games/4.14/Engine/Plugins/Runtime/LinuxDeviceProfileSelector/LinuxDeviceProfileSelector.uplugin
LogPluginManager: Loaded Plugin MIDIDevice, From C:/Program Files (x86)/Epic Games/4.14/Engine/Plugins/Runtime/MIDIDevice/MIDIDevice.uplugin
LogPluginManager: Loaded Plugin MobilePatchingUtils, From C:/Program Files (x86)/Epic Games/4.14/Engine/Plugins/Runtime/MobilePatchingUtils/MobilePatchingUtils.uplugin
LogPluginManager: Loaded Plugin Ansel, From C:/Program Files (x86)/Epic Games/4.14/Engine/Plugins/Runtime/Nvidia/Ansel/Ansel.uplugin
LogPluginManager: Loaded Plugin OculusAudio, From C:/Program Files (x86)/Epic Games/4.14/Engine/Plugins/Runtime/OculusAudio/OculusAudio.uplugin
LogPluginManager: Loaded Plugin OculusInput, From C:/Program Files (x86)/Epic Games/4.14/Engine/Plugins/Runtime/OculusInput/OculusInput.uplugin
LogPluginManager: Loaded Plugin OculusLibrary, From C:/Program Files (x86)/Epic Games/4.14/Engine/Plugins/Runtime/OculusLibrary/OculusLibrary.uplugin
LogPluginManager: Loaded Plugin OculusRift, From C:/Program Files (x86)/Epic Games/4.14/Engine/Plugins/Runtime/OculusRift/OculusRift.uplugin
LogPluginManager: Loaded Plugin Oodle, From C:/Program Files (x86)/Epic Games/4.14/Engine/Plugins/Runtime/PacketHandlers/CompressionComponents/Oodle/Oodle.uplugin
LogPluginManager: Loaded Plugin ProceduralMeshComponent, From C:/Program Files (x86)/Epic Games/4.14/Engine/Plugins/Runtime/ProceduralMeshComponent/ProceduralMeshComponent.uplugin
LogPluginManager: Loaded Plugin SoundMod, From C:/Program Files (x86)/Epic Games/4.14/Engine/Plugins/Runtime/SoundMod/SoundMod.uplugin
LogPluginManager: Loaded Plugin SoundVisualizations, From C:/Program Files (x86)/Epic Games/4.14/Engine/Plugins/Runtime/SoundVisualizations/SoundVisualizations.uplugin
LogPluginManager: Loaded Plugin SteamController, From C:/Program Files (x86)/Epic Games/4.14/Engine/Plugins/Runtime/Steam/SteamController/SteamController.uplugin
LogPluginManager: Loaded Plugin SteamVR, From C:/Program Files (x86)/Epic Games/4.14/Engine/Plugins/Runtime/Steam/SteamVR/SteamVR.uplugin
LogPluginManager: Loaded Plugin WebBrowserWidget, From C:/Program Files (x86)/Epic Games/4.14/Engine/Plugins/Runtime/WebBrowserWidget/WebBrowserWidget.uplugin
LogPluginManager: Loaded Plugin WindowsDeviceProfileSelector, From C:/Program Files (x86)/Epic Games/4.14/Engine/Plugins/Runtime/WindowsDeviceProfileSelector/WindowsDeviceProfileSelector.uplugin
LogPluginManager: Loaded Plugin WindowsMoviePlayer, From C:/Program Files (x86)/Epic Games/4.14/Engine/Plugins/Runtime/WindowsMoviePlayer/WindowsMoviePlayer.uplugin
LogPluginManager: Loaded Plugin ScriptPlugin, From C:/Program Files (x86)/Epic Games/4.14/Engine/Plugins/ScriptPlugin/ScriptPlugin.uplugin
LogPluginManager: Loaded Plugin SlateRemote, From C:/Program Files (x86)/Epic Games/4.14/Engine/Plugins/Slate/SlateRemote/SlateRemote.uplugin
LogPluginManager: Loaded Plugin EditorTests, From C:/Program Files (x86)/Epic Games/4.14/Engine/Plugins/Tests/EditorTests/EditorTests.uplugin
LogPluginManager: Loaded Plugin FbxAutomationTestBuilder, From C:/Program Files (x86)/Epic Games/4.14/Engine/Plugins/Tests/FbxAutomationTestBuilder/FbxAutomationTestBuilder.uplugin
LogPluginManager: Loaded Plugin FunctionalTestingEditor, From C:/Program Files (x86)/Epic Games/4.14/Engine/Plugins/Tests/FunctionalTestingEditor/FunctionalTestingEditor.uplugin
LogPluginManager: Loaded Plugin RuntimeTests, From C:/Program Files (x86)/Epic Games/4.14/Engine/Plugins/Tests/RuntimeTests/RuntimeTests.uplugin
LogPluginManager: Loaded Plugin ScreenshotTools, From C:/Program Files (x86)/Epic Games/4.14/Engine/Plugins/Tests/ScreenshotTools/ScreenshotTools.uplugin
LogInit: Using libcurl 7.47.1
LogInit:  - built for x86_64-pc-win32
LogInit:  - supports SSL with OpenSSL/1.0.2g
LogInit:  - supports HTTP deflate (compression) using libz 1.2.8
LogInit:  - other features:
LogInit:      CURL_VERSION_SSL
LogInit:      CURL_VERSION_LIBZ
LogInit:      CURL_VERSION_IPV6
LogInit:      CURL_VERSION_ASYNCHDNS
LogInit:      CURL_VERSION_LARGEFILE
LogInit:      CURL_VERSION_IDN
LogInit:  CurlRequestOptions (configurable via config and command line):
LogInit:  - bVerifyPeer = false  - Libcurl will NOT verify peer certificate
LogInit:  - bUseHttpProxy = false  - Libcurl will NOT use HTTP proxy
LogInit:  - bDontReuseConnections = false  - Libcurl will reuse connections
LogInit:  - CertBundlePath = nullptr  - Libcurl will use whatever was configured at build time.
LogInit: Build: ++UE4+Release-4.14-CL-3249277
LogInit: Engine Version: 4.14.3-3249277+++UE4+Release-4.14
LogInit: Compatible Engine Version: 4.14.0-3195953+++UE4+Release-4.14
LogInit: Net CL: 3195953
LogDevObjectVersion: Number of dev versions registered: 13
LogDevObjectVersion:   Dev-Blueprints (B0D832E4-1F89-4F0D-ACCF-7EB736FD4AA2): 7
LogDevObjectVersion:   Dev-Build (E1C64328-A22C-4D53-A36C-8E866417BD8C): 0
LogDevObjectVersion:   Dev-Core (375EC13C-06E4-48FB-B500-84F0262A717E): 1
LogDevObjectVersion:   Dev-Editor (E4B068ED-F494-42E9-A231-DA0B2E46BB41): 8
LogDevObjectVersion:   Dev-Framework (CFFC743F-43B0-4480-9391-14DF171D2073): 17
LogDevObjectVersion:   Dev-Mobile (B02B49B5-BB20-44E9-A304-32B752E40360): 0
LogDevObjectVersion:   Dev-Networking (A4E4105C-59A1-49B5-A7C5-40C4547EDFEE): 0
LogDevObjectVersion:   Dev-Online (39C831C9-5AE6-47DC-9A44-9C173E1C8E7C): 0
LogDevObjectVersion:   Dev-Physics (78F01B33-EBEA-4F98-B9B4-84EACCB95AA2): 0
LogDevObjectVersion:   Dev-Platform (6631380F-2D4D-43E0-8009-CF276956A95A): 0
LogDevObjectVersion:   Dev-Rendering (12F88B9F-8875-4AFC-A67C-D90C383ABD29): 12
LogDevObjectVersion:   Dev-Sequencer (7B5AE74C-D270-4C10-A958-57980B212A5A): 1
LogDevObjectVersion:   Dev-VR (D7296918-1DD6-4BDD-9DE2-64A83CC13884): 0
LogInit: Compiled (64-bit): Jan  6 2017 10:49:43
LogInit: Compiled with Visual C++: 19.00.23026.00
LogInit: Build Configuration: Development
LogInit: Branch Name: ++UE4+Release-4.14
LogInit: Command line:  
LogInit: Base directory: C:/Program Files (x86)/Epic Games/4.14/Engine/Binaries/Win64/
LogInit: Installed Engine Build: 1
LogInit: Presizing for max 8388607 objects, including 0 objects not considered by GC, pre-allocating 0 bytes for permanent pool.
LogInit: Object subsystem initialized
[2017.02.28-01.04.30:736][  0]LogInit: Selected Device Profile: [Windows]
[2017.02.28-01.04.30:736][  0]LogInit: Applying CVar settings loaded from the selected device profile: [Windows]
[2017.02.28-01.04.30:868][  0]LogInit: Computer: THEPOWERPC
[2017.02.28-01.04.30:868][  0]LogInit: User: Anthony
[2017.02.28-01.04.30:868][  0]LogInit: CPU Page size=65536, Cores=2
[2017.02.28-01.04.30:868][  0]LogInit: High frequency timer resolution =1.607343 MHz
[2017.02.28-01.04.30:869][  0]LogMemory: Memory total: Physical=3.7GB (4GB approx)
[2017.02.28-01.04.30:870][  0]LogMemory: Platform Memory Stats for Windows
[2017.02.28-01.04.30:870][  0]LogMemory: Process Physical Memory: 263.84 MB used, 263.84 MB peak
[2017.02.28-01.04.30:870][  0]LogMemory: Process Virtual Memory: 262.68 MB used, 262.68 MB peak
[2017.02.28-01.04.30:870][  0]LogMemory: Physical Memory: 2266.96 MB used,  1551.94 MB free, 3818.90 MB total
[2017.02.28-01.04.30:870][  0]LogMemory: Virtual Memory: 652.16 MB used,  1551.94 MB free, 8388608.00 MB total
[2017.02.28-01.04.31:709][  0]LogTextLocalizationManager: No specific translations for ('en-US') exist, so ('en') translations will be used.
[2017.02.28-01.04.35:643][  0]LogD3D11RHI: D3D11 adapters:
[2017.02.28-01.04.35:982][  0]LogD3D11RHI:    0. 'AMD Radeon HD 6320 Graphics' (Feature Level 11_0)
[2017.02.28-01.04.35:982][  0]LogD3D11RHI:       250/0/1653 MB DedicatedVideo/DedicatedSystem/SharedSystem, Outputs:1, VendorId:0x1002
[2017.02.28-01.04.35:982][  0]LogD3D11RHI: Chosen D3D11 Adapter: 0
[2017.02.28-01.04.36:000][  0]LogD3D11RHI: Creating new Direct3DDevice
[2017.02.28-01.04.36:001][  0]LogD3D11RHI:     GPU DeviceId: 0x9806 (for the marketing name, search the web for "GPU Device Id")
[2017.02.28-01.04.36:001][  0]LogWindows: EnumDisplayDevices:
[2017.02.28-01.04.36:001][  0]LogWindows:    0. 'AMD Radeon HD 6320 Graphics' (P:1 D:1)
[2017.02.28-01.04.36:002][  0]LogWindows:    1. 'AMD Radeon HD 6320 Graphics' (P:0 D:0)
[2017.02.28-01.04.36:002][  0]LogWindows:    2. 'RDPDD Chained DD' (P:0 D:0)
[2017.02.28-01.04.36:003][  0]LogWindows:    3. 'RDP Encoder Mirror Driver' (P:0 D:0)
[2017.02.28-01.04.36:003][  0]LogWindows:    4. 'RDP Reflector Display Driver' (P:0 D:0)
[2017.02.28-01.04.36:003][  0]LogWindows: DebugString: GetVideoDriverDetailsInvalid PrimaryIsNotTheChoosenAdapter GetVideoDriverDetailsInvalid PrimaryIsNotTheChoosenAdapter GetVideoDriverDetailsInvalid PrimaryIsNotTheChoosenAdapter FoundDriverCount:2 
[2017.02.28-01.04.36:003][  0]LogD3D11RHI:     Adapter Name: AMD Radeon HD 6320 Graphics
[2017.02.28-01.04.36:003][  0]LogD3D11RHI:   Driver Version: Catalyst 15.7.1 (internal:15.200.1062.1004, unified:15.200.1062.1004)
[2017.02.28-01.04.36:003][  0]LogD3D11RHI:      Driver Date: 8-3-2015
[2017.02.28-01.04.36:003][  0]LogRHI: Texture pool is 175 MB (70% of 250 MB)
[2017.02.28-01.04.36:034][  0]LogD3D11RHI: Async texture creation enabled
[2017.02.28-01.04.36:072][  0]LogD3D11RHI: GPU Timing Frequency: 50.000000 (Debug: 2 2)
[2017.02.28-01.04.36:075][  0]LogShaderCompilers: Guid format shader working directory is 14 characters bigger than the processId version (../../../../../../Epic Games/Abyss/Intermediate/Shaders/WorkingDirectory/8756/).
[2017.02.28-01.04.36:075][  0]LogShaderCompilers: Cleaned the shader compiler working directory 'C:/Users/Anthony/AppData/Local/Temp/UnrealShaderWorkingDir/B2C54DAB40E1CB5E5D1C15BB936A2142/'.
[2017.02.28-01.04.36:075][  0]LogShaderCompilers:Display: Using Local Shader Compiler.
[2017.02.28-01.04.52:976][  0]LogTemp:Display: Loaded TP AllDesktopTargetPlatform
[2017.02.28-01.04.53:263][  0]LogTemp:Display: Loaded TP MacClientTargetPlatform
[2017.02.28-01.04.53:536][  0]LogTemp:Display: Loaded TP MacNoEditorTargetPlatform
[2017.02.28-01.04.53:814][  0]LogTemp:Display: Loaded TP MacServerTargetPlatform
[2017.02.28-01.04.54:128][  0]LogTemp:Display: Loaded TP MacTargetPlatform
[2017.02.28-01.04.54:419][  0]LogTemp:Display: Loaded TP WindowsClientTargetPlatform
[2017.02.28-01.04.54:701][  0]LogTemp:Display: Loaded TP WindowsNoEditorTargetPlatform
[2017.02.28-01.04.54:984][  0]LogTemp:Display: Loaded TP WindowsServerTargetPlatform
[2017.02.28-01.04.55:240][  0]LogTemp:Display: Loaded TP WindowsTargetPlatform
[2017.02.28-01.04.55:530][  0]LogTemp:Display: Loaded TP AndroidTargetPlatform
[2017.02.28-01.04.55:815][  0]LogTemp:Display: Loaded TP Android_ASTCTargetPlatform
[2017.02.28-01.04.56:084][  0]LogTemp:Display: Loaded TP Android_ATCTargetPlatform
[2017.02.28-01.04.56:365][  0]LogTemp:Display: Loaded TP Android_DXTTargetPlatform
[2017.02.28-01.04.56:647][  0]LogTemp:Display: Loaded TP Android_ETC1TargetPlatform
[2017.02.28-01.04.56:994][  0]LogTemp:Display: Loaded TP Android_ETC2TargetPlatform
[2017.02.28-01.04.57:565][  0]LogTemp:Display: Loaded TP Android_MultiTargetPlatform
[2017.02.28-01.04.57:565][  0]LogTemp:Display: Loaded TP Android_PVRTCTargetPlatform
[2017.02.28-01.04.57:792][  0]LogTemp:Display: Loaded TP HTML5TargetPlatform
[2017.02.28-01.04.58:220][  0]LogTemp:Display: Loaded TP IOSTargetPlatform
[2017.02.28-01.04.58:398][  0]LogTemp:Display: Loaded TP TVOSTargetPlatform
[2017.02.28-01.04.58:670][  0]LogTemp:Display: Loaded TP LinuxClientTargetPlatform
[2017.02.28-01.04.58:943][  0]LogTemp:Display: Loaded TP LinuxNoEditorTargetPlatform
[2017.02.28-01.04.59:212][  0]LogTemp:Display: Loaded TP LinuxServerTargetPlatform
[2017.02.28-01.04.59:499][  0]LogTemp:Display: Loaded TP LinuxTargetPlatform
[2017.02.28-01.04.59:499][  0]LogTargetPlatformManager:Display: Building Assets For Windows
[2017.02.28-01.05.01:860][  0]LogDerivedDataCache:Display: Max Cache Size: 512 MB
[2017.02.28-01.05.03:026][  0]LogDerivedDataCache: Loaded boot cache 1.13s 50MB C:/Users/Anthony/AppData/Local/UnrealEngine/4.14/DerivedDataCache/Boot.ddc.
[2017.02.28-01.05.03:027][  0]LogDerivedDataCache:Display: Loaded Boot cache: C:/Users/Anthony/AppData/Local/UnrealEngine/4.14/DerivedDataCache/Boot.ddc
[2017.02.28-01.05.03:027][  0]LogDerivedDataCache: FDerivedDataBackendGraph:  Pak pak cache file ../../../../../../Epic Games/Abyss/DerivedDataCache/DDC.ddp not found, will not use a pak cache.
[2017.02.28-01.05.03:027][  0]LogDerivedDataCache: Unable to find inner node Pak for hierarchical cache Hierarchy.
[2017.02.28-01.05.03:027][  0]LogDerivedDataCache: FDerivedDataBackendGraph:  CompressedPak pak cache file ../../../../../../Epic Games/Abyss/DerivedDataCache/Compressed.ddp not found, will not use a pak cache.
[2017.02.28-01.05.03:027][  0]LogDerivedDataCache: Unable to find inner node CompressedPak for hierarchical cache Hierarchy.
[2017.02.28-01.05.03:184][  0]LogDerivedDataCache:Display: Pak cache opened for reading ../../../Engine/DerivedDataCache/Compressed.ddp.
[2017.02.28-01.05.03:199][  0]LogDerivedDataCache: Using Local data cache path C:/Users/Anthony/AppData/Local/UnrealEngine/Common/DerivedDataCache: Writable
[2017.02.28-01.05.08:412][  0]LogInit: Selected Device Profile: [Windows]
[2017.02.28-01.05.08:436][  0]LogContentStreaming: Texture pool size is 0.00 MB
[2017.02.28-01.05.09:890][  0]LogMeshUtilities: Using QuadricMeshReduction for automatic static mesh reduction
[2017.02.28-01.05.10:375][  0]LogSimplygon: Simplygon DLL not present - disabling.
[2017.02.28-01.05.10:716][  0]LogMeshUtilities: Using SimplygonSwarm for distributed automatic mesh merging
[2017.02.28-01.05.10:716][  0]LogMeshUtilities: No automatic skeletal mesh reduction module available
[2017.02.28-01.05.10:716][  0]LogMeshUtilities: No automatic mesh merging module available
[2017.02.28-01.05.21:474][  0]LogNetVersion: GetLocalNetworkVersion: CL: 3195953, ProjectName: abyss, ProjectVersion: , EngineNetworkVersion: 2, GameNetworkVersion: 0, NetworkChecksum: 1595127573
[2017.02.28-01.05.21:731][  0]LogAssetRegistry: FAssetRegistry took 0.0220 seconds to start up
[2017.02.28-01.05.22:135][  0]LogPackageLocalizationCache: Processed 4 localized package path(s) for 2 prioritized culture(s) in 0.194294 seconds
[2017.02.28-01.05.22:198][  0]LogUObjectArray: 31946 objects as part of root set at end of initial load.
[2017.02.28-01.05.22:198][  0]LogUObjectAllocator: 6935848 out of 0 bytes used by permanent object pool.
[2017.02.28-01.05.22:198][  0]LogUObjectArray: CloseDisregardForGC: 0/0 objects in disregard for GC pool
[2017.02.28-01.05.22:633][  0]LogInit: WinSock: version 1.1 (2.2), MaxSocks=32767, MaxUdp=65467
[2017.02.28-01.05.30:835][  0]LogSlate: Using Freetype 2.6.0
[2017.02.28-01.05.30:875][  0]LogSlate: SlateFontCache - WITH_FREETYPE: 1, WITH_HARFBUZZ: 1
[2017.02.28-01.05.30:875][  0]LogSlate: SlateFontCache - WITH_FREETYPE: 1, WITH_HARFBUZZ: 1
[2017.02.28-01.06.28:933][  0]JavascriptCmd: Unreal.js started. V8 5.7.201
[2017.02.28-01.06.29:978][  0]LogTcpMessaging: Initializing TcpMessaging bridge
[2017.02.28-01.06.30:153][  0]LogUdpMessaging: Initializing bridge on interface 0.0.0.0:0 to multicast group 230.0.0.1:6666.
[2017.02.28-01.06.33:432][  0]LogMaterial: Uniform references updated for custom material expression Custom.
[2017.02.28-01.06.38:157][  0]SourceControl: Info Source control is disabled
[2017.02.28-01.06.38:157][  0]SourceControl: Info Source control is disabled
[2017.02.28-01.06.38:513][  0]SourceControl: Info Source control is disabled
[2017.02.28-01.06.38:846][  0]SourceControl: Info Source control is disabled
[2017.02.28-01.06.48:816][  0]ImportText (YAxis): Missing opening parenthesis: 0.000000,1.000000,0.000000
[2017.02.28-01.06.48:816][  0]ImportText (ZAxis): Missing opening parenthesis: 0.000000,0.000000,1.000000
[2017.02.28-01.06.48:820][  0]ImportText (Rotation): Missing opening parenthesis: -90.000000,0.000000,0.000000
[2017.02.28-01.06.48:829][  0]ImportText (B): Missing opening parenthesis: 1.000000,1.000000,1.000000
[2017.02.28-01.06.53:792][  0]LogEngine: Initializing Engine...
[2017.02.28-01.06.53:807][  0]LogHMD: Failed to initialize OpenVR with code 110
[2017.02.28-01.06.55:891][  0]LogAIModule: Creating AISystem for world Untitled
[2017.02.28-01.06.56:021][  0]LogInit: XAudio2 using 'Speakers (Conexant High Definition Audio)' : 2 channels at 44.1 kHz using 16 bits per sample (channel mask 0x3)
[2017.02.28-01.06.56:141][  0]LogInit: FAudioDevice initialized.
[2017.02.28-01.06.56:245][  0]LogDerivedDataCache: Saved boot cache 0.10s 50MB C:/Users/Anthony/AppData/Local/UnrealEngine/4.14/DerivedDataCache/Boot.ddc.
[2017.02.28-01.06.56:292][  0]LogInit: Texture streaming: Enabled
[2017.02.28-01.06.57:718][  0]LogInit: Transaction tracking system initialized
[2017.02.28-01.06.59:934][  0]BlueprintLog: New page: Editor Load
[2017.02.28-01.07.06:620][  0]LocalizationService: Info Localization service is disabled
[2017.02.28-01.07.13:617][  0]LogConsoleResponse:Display: 
[2017.02.28-01.07.19:959][  0]LogFileCache: Scanning file cache for directory 'C:/Epic Games/Abyss/Content/' took 0.05s
[2017.02.28-01.07.19:959][  0]LogCook:Display: Max memory allowance for cook 16384mb min free memory 0mb
[2017.02.28-01.07.20:013][  0]LogCook:Display: Mobile HDR setting 1
[2017.02.28-01.07.27:512][  0]SourceControl: Info Source control is disabled
[2017.02.28-01.07.27:547][  0]Cmd: MAP LOAD FILE="../../../../../../Epic Games/Abyss/Content/Maps-Levels/starterWorld.umap" TEMPLATE=0 SHOWPROGRESS=1 FEATURELEVEL=3
[2017.02.28-01.07.27:590][  0]LogEditorServer:Warning: Can't find file '../../../../../../Epic Games/Abyss/Content/Maps-Levels/starterWorld.umap'
[2017.02.28-01.07.27:604][  0]Cmd: MAP CHECKDEP NOCLEARLOG
[2017.02.28-01.07.27:887][  0]MapCheck: Info Map check complete: 0 Error(s), 0 Warning(s), took 281.295ms to complete.
[2017.02.28-01.07.27:888][  0]LogFileHelpers: Loading map 'starterWorld' took 0.341
[2017.02.28-01.07.29:853][  0]LogCollectionManager: Loaded 0 collections in 0.061199 seconds
[2017.02.28-01.07.30:386][  0]LogFileCache: Scanning file cache for directory 'C:/Epic Games/Abyss/Saved/Collections/' took 0.02s
[2017.02.28-01.07.30:386][  0]LogFileCache: Scanning file cache for directory 'C:/Epic Games/Abyss/Content/Developers/Anthony/Collections/' took 0.00s
[2017.02.28-01.07.30:386][  0]LogFileCache: Scanning file cache for directory 'C:/Epic Games/Abyss/Content/Collections/' took 0.00s
[2017.02.28-01.07.30:386][  0]LogCollectionManager: Rebuilt the GUID cache for 0 collections in 0.000025 seconds
[2017.02.28-01.07.30:465][  0]LogContentBrowser: Native class hierarchy populated in 0.0735 seconds. Added 2268 classes and 453 folders.
[2017.02.28-01.07.30:789][  0]LogStats: UGameplayTagsManager::ConstructGameplayTagTree: Construct from data asset -  0.000 s
[2017.02.28-01.07.30:789][  0]LogStats: UGameplayTagsManager::ConstructGameplayTagTree: GameplayTagTreeChangedEvent.Broadcast -  0.000 s
[2017.02.28-01.07.30:880][  0]LogContentBrowser: Native class hierarchy updated for 'GameplayTags' in 0.0033 seconds. Added 13 classes and 0 folders.
[2017.02.28-01.07.31:244][  0]LogContentBrowser: Native class hierarchy updated for 'WidgetCarousel' in 0.0018 seconds. Added 0 classes and 0 folders.
[2017.02.28-01.07.33:202][  0]LogContentBrowser: Native class hierarchy updated for 'AddContentDialog' in 0.0042 seconds. Added 0 classes and 0 folders.
[2017.02.28-01.07.33:766][  0]LogContentBrowser: Native class hierarchy updated for 'SceneOutliner' in 0.0020 seconds. Added 1 classes and 2 folders.
[2017.02.28-01.07.34:238][  0]LogCrashTracker: Crashtracker disabled due to settings.
[2017.02.28-01.07.34:319][  0]LogUObjectGlobals:Warning: Failed to find object 'Class None.'
[2017.02.28-01.07.34:750][  0]LogContentBrowser: Native class hierarchy updated for 'HierarchicalLODOutliner' in 0.0020 seconds. Added 1 classes and 2 folders.
[2017.02.28-01.07.34:752][  0]LogLoad: (Engine Initialization) Total time: 198.49 seconds
[2017.02.28-01.07.34:752][  0]LogLoad: (Engine Initialization) Total Blueprint compile time: 0.79 seconds
[2017.02.28-01.07.34:781][  0]LogExternalProfiler: Found external profiler: VSPerf
[2017.02.28-01.07.34:781][  0]LogExternalProfiler: Using external profiler: VSPerf
[2017.02.28-01.07.35:127][  0]LogOcInput: OculusInput pre-init called
[2017.02.28-01.07.35:325][  0]LogContentStreaming: Texture pool size now 1000 MB
[2017.02.28-01.07.36:941][  0]LogRenderer: Reallocating scene render targets to support 856x372 NumSamples 1 (Frame:2).
[2017.02.28-01.07.39:605][  6]LogAssetRegistry: Asset discovery search completed in 137.8942 seconds
[2017.02.28-01.07.39:606][  6]LogCollectionManager: Rebuilt the object cache for 0 collections in 0.000002 seconds (found 0 objects)
[2017.02.28-01.07.39:606][  6]LogCollectionManager: Fixed up redirectors for 0 collections in 0.000158 seconds (updated 0 objects)
[2017.02.28-01.07.42:541][ 23]Cmd: QUIT_EDITOR
[2017.02.28-01.07.42:912][ 23]LogExit: Preparing to exit.
[2017.02.28-01.07.42:913][ 23]Javascript: undefined
[2017.02.28-01.07.44:374][ 23]Javascript: undefined
[2017.02.28-01.07.44:440][ 23]LogDirectoryWatcher: A directory notification for 'C:/Epic Games/Abyss/Content/Scripts/' was aborted.
[2017.02.28-01.07.44:440][ 23]LogDirectoryWatcher: A directory notification for 'C:/Program Files (x86)/Epic Games/4.14/Engine/Plugins/Marketplace/UnrealJS/Content/Scripts/' was aborted.
[2017.02.28-01.07.45:509][ 23]LogDirectoryWatcher: A directory notification for 'C:/Epic Games/Abyss/Content/' was aborted.
[2017.02.28-01.07.45:692][ 23]LogExit: Editor shut down
[2017.02.28-01.07.45:698][ 23]LogExit: Transaction tracking system shut down
[2017.02.28-01.07.45:996][ 23]LogObj: Freed 0b from 0 cluster array pools.
[2017.02.28-01.07.45:997][ 23]LogExit: Object subsystem successfully closed.
[2017.02.28-01.07.46:030][ 23]LogD3D11RHI: Shutdown
[2017.02.28-01.07.46:030][ 23]LogD3D11RHI: CleanupD3DDevice
[2017.02.28-01.07.46:148][ 23]LogD3D11RHI: ~FD3D11DynamicRHI
[2017.02.28-01.07.46:237][ 23]LogHttp:Display: Http module shutting down, but needs to wait on 1 outstanding Http requests:
[2017.02.28-01.07.46:237][ 23]LogHttp:Display: 	verb=[POST] url=[https://datarouter.ol.epicgames.com/datarouter/api/v1/public/data?SessionID=%7B99A348C3-4F83-DF07-9AAB-AE9FB35D4C11%7D&AppID=UEEditor.Rocket.Release&AppVersion=4.14.3-3249277%2B%2B%2BUE4%2BRelease-4.14&UserID=e8e222f54742c54e8c0e5b9b8358f314%7Cdabbf80a43e14cda8842ca5b55e8523f%7C8a9726c6-f878-40e5-a4a1-000ac1d633e0&AppEnvironment=datacollector-binary&UploadType=eteventstream] status=Processing
[2017.02.28-01.07.46:264][ 23]LogModuleManager: Shutting down and abandoning module HierarchicalLODOutliner (253)
[2017.02.28-01.07.46:264][ 23]LogModuleManager: Shutting down and abandoning module CrashTracker (252)
[2017.02.28-01.07.46:264][ 23]LogModuleManager: Shutting down and abandoning module SceneOutliner (251)
[2017.02.28-01.07.46:264][ 23]LogModuleManager: Shutting down and abandoning module WidgetCarousel (250)
[2017.02.28-01.07.46:264][ 23]LogModuleManager: Shutting down and abandoning module AddContentDialog (249)
[2017.02.28-01.07.46:264][ 23]LogDirectoryWatcher: A directory notification for 'C:/Program Files (x86)/Epic Games/4.14/FeaturePacks/' was aborted.
[2017.02.28-01.07.46:269][ 23]LogModuleManager: Shutting down and abandoning module GameplayTags (248)
[2017.02.28-01.07.46:269][ 23]LogModuleManager: Shutting down and abandoning module EditorWidgets (247)
[2017.02.28-01.07.46:269][ 23]LogModuleManager: Shutting down and abandoning module CollectionManager (246)
[2017.02.28-01.07.46:269][ 23]LogDirectoryWatcher: A directory notification for 'C:/Epic Games/Abyss/Content/Collections/' was aborted.
[2017.02.28-01.07.46:270][ 23]LogDirectoryWatcher: A directory notification for 'C:/Epic Games/Abyss/Content/Developers/Anthony/Collections/' was aborted.
[2017.02.28-01.07.46:270][ 23]LogDirectoryWatcher: A directory notification for 'C:/Epic Games/Abyss/Saved/Collections/' was aborted.
[2017.02.28-01.07.46:270][ 23]LogModuleManager: Shutting down and abandoning module FoliageEdit (245)
[2017.02.28-01.07.46:270][ 23]LogModuleManager: Shutting down and abandoning module LandscapeEditor (244)
[2017.02.28-01.07.46:271][ 23]LogModuleManager: Shutting down and abandoning module SceneDepthPickerMode (243)
[2017.02.28-01.07.46:271][ 23]LogModuleManager: Shutting down and abandoning module ActorPickerMode (242)
[2017.02.28-01.07.46:271][ 23]LogModuleManager: Shutting down and abandoning module GeometryMode (241)
[2017.02.28-01.07.46:271][ 23]LogModuleManager: Shutting down and abandoning module TextureAlignMode (240)
[2017.02.28-01.07.46:271][ 23]LogModuleManager: Shutting down and abandoning module BspMode (239)
[2017.02.28-01.07.46:271][ 23]LogModuleManager: Shutting down and abandoning module HardwareSurvey (238)
[2017.02.28-01.07.46:271][ 23]LogModuleManager: Shutting down and abandoning module SequenceRecorderSections (237)
[2017.02.28-01.07.46:271][ 23]LogModuleManager: Shutting down and abandoning module AutomationWorker (236)
[2017.02.28-01.07.46:271][ 23]LogModuleManager: Shutting down and abandoning module MatineeToLevelSequence (235)
[2017.02.28-01.07.46:271][ 23]LogModuleManager: Shutting down and abandoning module PlacementMode (234)
[2017.02.28-01.07.46:271][ 23]LogModuleManager: Shutting down and abandoning module LevelSequenceEditor (233)
[2017.02.28-01.07.46:272][ 23]LogModuleManager: Shutting down and abandoning module WmfMediaFactory (232)
[2017.02.28-01.07.46:272][ 23]LogModuleManager: Shutting down and abandoning module WmfMediaEditor (231)
[2017.02.28-01.07.46:272][ 23]LogModuleManager: Shutting down and abandoning module AvfMediaFactory (230)
[2017.02.28-01.07.46:272][ 23]LogModuleManager: Shutting down and abandoning module AvfMediaEditor (229)
[2017.02.28-01.07.46:272][ 23]LogModuleManager: Shutting down and abandoning module Media (228)
[2017.02.28-01.07.46:272][ 23]LogModuleManager: Shutting down and abandoning module AndroidMediaFactory (227)
[2017.02.28-01.07.46:273][ 23]LogModuleManager: Shutting down and abandoning module AndroidMediaEditor (226)
[2017.02.28-01.07.46:273][ 23]LogModuleManager: Shutting down and abandoning module CharacterAI (225)
[2017.02.28-01.07.46:273][ 23]LogModuleManager: Shutting down and abandoning module SequenceRecorder (224)
[2017.02.28-01.07.46:273][ 23]LogModuleManager: Shutting down and abandoning module AudioCapture (223)
[2017.02.28-01.07.46:273][ 23]LogModuleManager: Shutting down and abandoning module SmartSnapping (222)
[2017.02.28-01.07.46:273][ 23]LogModuleManager: Shutting down and abandoning module SessionServices (221)
[2017.02.28-01.07.46:273][ 23]LogModuleManager: Shutting down and abandoning module ViewportSnapping (220)
[2017.02.28-01.07.46:273][ 23]LogModuleManager: Shutting down and abandoning module ViewportInteraction (219)
[2017.02.28-01.07.46:273][ 23]LogModuleManager: Shutting down and abandoning module LogVisualizer (218)
[2017.02.28-01.07.46:273][ 23]LogModuleManager: Shutting down and abandoning module GameProjectGeneration (217)
[2017.02.28-01.07.46:273][ 23]LogModuleManager: Shutting down and abandoning module IntroTutorials (216)
[2017.02.28-01.07.46:273][ 23]LogModuleManager: Shutting down and abandoning module EditorLiveStreaming (215)
[2017.02.28-01.07.46:273][ 23]LogModuleManager: Shutting down and abandoning module IOSPlatformEditor (214)
[2017.02.28-01.07.46:274][ 23]LogModuleManager: Shutting down and abandoning module HTML5PlatformEditor (213)
[2017.02.28-01.07.46:274][ 23]LogModuleManager: Shutting down and abandoning module AndroidDeviceDetection (212)
[2017.02.28-01.07.46:879][ 23]LogModuleManager: Shutting down and abandoning module AndroidPlatformEditor (211)
[2017.02.28-01.07.46:880][ 23]LogModuleManager: Shutting down and abandoning module IOSRuntimeSettings (210)
[2017.02.28-01.07.46:880][ 23]LogModuleManager: Shutting down and abandoning module AndroidRuntimeSettings (209)
[2017.02.28-01.07.46:880][ 23]LogModuleManager: Shutting down and abandoning module InputBindingEditor (208)
[2017.02.28-01.07.46:880][ 23]LogModuleManager: Shutting down and abandoning module NiagaraEditor (207)
[2017.02.28-01.07.46:880][ 23]LogModuleManager: Shutting down and abandoning module MergeActors (206)
[2017.02.28-01.07.46:880][ 23]LogModuleManager: Shutting down and abandoning module SizeMap (205)
[2017.02.28-01.07.46:880][ 23]LogModuleManager: Shutting down and abandoning module TreeMap (204)
[2017.02.28-01.07.46:880][ 23]LogModuleManager: Shutting down and abandoning module ReferenceViewer (203)
[2017.02.28-01.07.46:880][ 23]LogModuleManager: Shutting down and abandoning module LocalizationService (202)
[2017.02.28-01.07.46:880][ 23]LogModuleManager: Shutting down and abandoning module LocalizationDashboard (201)
[2017.02.28-01.07.46:880][ 23]LogModuleManager: Shutting down and abandoning module HardwareTargeting (200)
[2017.02.28-01.07.46:880][ 23]LogModuleManager: Shutting down and abandoning module DeviceProfileEditor (199)
[2017.02.28-01.07.46:880][ 23]LogModuleManager: Shutting down and abandoning module UndoHistory (198)
[2017.02.28-01.07.46:880][ 23]LogModuleManager: Shutting down and abandoning module UserFeedback (197)
[2017.02.28-01.07.46:880][ 23]LogModuleManager: Shutting down and abandoning module XmlParser (196)
[2017.02.28-01.07.46:880][ 23]LogModuleManager: Shutting down and abandoning module Blutility (195)
[2017.02.28-01.07.46:881][ 23]LogModuleManager: Shutting down and abandoning module ProjectTargetPlatformEditor (194)
[2017.02.28-01.07.46:881][ 23]LogModuleManager: Shutting down and abandoning module ProjectSettingsViewer (193)
[2017.02.28-01.07.46:881][ 23]LogModuleManager: Shutting down and abandoning module EditorSettingsViewer (192)
[2017.02.28-01.07.46:881][ 23]LogModuleManager: Shutting down and abandoning module SettingsEditor (191)
[2017.02.28-01.07.46:881][ 23]LogModuleManager: Shutting down and abandoning module ProjectLauncher (190)
[2017.02.28-01.07.46:881][ 23]LogModuleManager: Shutting down and abandoning module SessionFrontend (189)
[2017.02.28-01.07.46:881][ 23]LogModuleManager: Shutting down and abandoning module ProfilerClient (188)
[2017.02.28-01.07.46:881][ 23]LogModuleManager: Shutting down and abandoning module TargetDeviceServices (187)
[2017.02.28-01.07.46:882][ 23]LogModuleManager: Shutting down and abandoning module DeviceManager (186)
[2017.02.28-01.07.46:922][ 23]LogModuleManager: Shutting down and abandoning module AutomationController (185)
[2017.02.28-01.07.46:922][ 23]LogModuleManager: Shutting down and abandoning module AutomationWindow (184)
[2017.02.28-01.07.46:922][ 23]LogModuleManager: Shutting down and abandoning module Layers (183)
[2017.02.28-01.07.46:922][ 23]LogModuleManager: Shutting down and abandoning module ComponentVisualizers (182)
[2017.02.28-01.07.46:922][ 23]LogModuleManager: Shutting down and abandoning module DetailCustomizations (181)
[2017.02.28-01.07.46:922][ 23]LogModuleManager: Shutting down and abandoning module PackagesDialog (180)
[2017.02.28-01.07.46:922][ 23]LogModuleManager: Shutting down and abandoning module AnimGraph (179)
[2017.02.28-01.07.46:922][ 23]LogModuleManager: Shutting down and abandoning module Persona (178)
[2017.02.28-01.07.46:922][ 23]LogModuleManager: Shutting down and abandoning module Kismet (177)
[2017.02.28-01.07.46:923][ 23]LogModuleManager: Shutting down and abandoning module GraphEditor (176)
[2017.02.28-01.07.46:923][ 23]LogModuleManager: Shutting down and abandoning module ClassViewer (175)
[2017.02.28-01.07.46:923][ 23]LogModuleManager: Shutting down and abandoning module Toolbox (174)
[2017.02.28-01.07.46:923][ 23]LogModuleManager: Shutting down and abandoning module ModuleUI (173)
[2017.02.28-01.07.46:923][ 23]LogModuleManager: Shutting down and abandoning module MovieSceneTools (172)
[2017.02.28-01.07.46:923][ 23]LogModuleManager: Shutting down and abandoning module OutputLog (171)
[2017.02.28-01.07.46:923][ 23]LogModuleManager: Shutting down and abandoning module GammaUI (170)
[2017.02.28-01.07.46:923][ 23]LogModuleManager: Shutting down and abandoning module Documentation (169)
[2017.02.28-01.07.46:923][ 23]LogModuleManager: Shutting down and abandoning module Niagara (168)
[2017.02.28-01.07.46:923][ 23]LogModuleManager: Shutting down and abandoning module StreamingPauseRendering (167)
[2017.02.28-01.07.46:923][ 23]LogModuleManager: Shutting down and abandoning module AnalyticsET (166)
[2017.02.28-01.07.46:923][ 23]LogModuleManager: Shutting down and abandoning module PortalServices (165)
[2017.02.28-01.07.46:923][ 23]LogModuleManager: Shutting down and abandoning module PortalRpc (164)
[2017.02.28-01.07.46:923][ 23]LogModuleManager: Shutting down and abandoning module MessagingRpc (163)
[2017.02.28-01.07.46:923][ 23]LogModuleManager: Shutting down and abandoning module GameplayDebugger (162)
[2017.02.28-01.07.46:923][ 23]LogModuleManager: Shutting down and abandoning module AITestSuite (161)
[2017.02.28-01.07.46:923][ 23]LogModuleManager: Shutting down and abandoning module AIModule (160)
[2017.02.28-01.07.46:924][ 23]LogModuleManager: Shutting down and abandoning module ProfilerService (159)
[2017.02.28-01.07.46:940][ 23]LogModuleManager: Shutting down and abandoning module TaskGraph (158)
[2017.02.28-01.07.46:940][ 23]LogModuleManager: Shutting down and abandoning module SlateRemote (157)
[2017.02.28-01.07.46:940][ 23]LogModuleManager: Shutting down and abandoning module SteamVRController (156)
[2017.02.28-01.07.46:940][ 23]LogModuleManager: Shutting down and abandoning module SteamVR (155)
[2017.02.28-01.07.46:940][ 23]LogModuleManager: Shutting down and abandoning module ProceduralMeshComponentEditor (154)
[2017.02.28-01.07.46:940][ 23]LogModuleManager: Shutting down and abandoning module ProceduralMeshComponent (153)
[2017.02.28-01.07.46:940][ 23]LogModuleManager: Shutting down and abandoning module OculusLibrary (152)
[2017.02.28-01.07.46:940][ 23]LogModuleManager: Shutting down and abandoning module OculusInput (151)
[2017.02.28-01.07.46:940][ 23]LogModuleManager: Shutting down and abandoning module MobilePatchingUtils (150)
[2017.02.28-01.07.46:941][ 23]LogModuleManager: Shutting down and abandoning module CustomMeshComponent (149)
[2017.02.28-01.07.46:941][ 23]LogModuleManager: Shutting down and abandoning module CableComponent (148)
[2017.02.28-01.07.46:941][ 23]LogModuleManager: Shutting down and abandoning module ArchVisCharacter (147)
[2017.02.28-01.07.46:941][ 23]LogModuleManager: Shutting down and abandoning module MediaPlayerEditor (145)
[2017.02.28-01.07.46:941][ 23]LogModuleManager: Shutting down and abandoning module JavascriptConsole (144)
[2017.02.28-01.07.46:941][ 23]LogModuleManager: Shutting down and abandoning module JavascriptEditor (143)
[2017.02.28-01.07.46:941][ 23]LogModuleManager: Shutting down and abandoning module ProceduralAudio (142)
[2017.02.28-01.07.46:941][ 23]LogModuleManager: Shutting down and abandoning module MusicMacroLanguage (141)
[2017.02.28-01.07.46:941][ 23]LogModuleManager: Shutting down and abandoning module MidiInterface (140)
[2017.02.28-01.07.46:941][ 23]LogModuleManager: Shutting down and abandoning module MidiAssetEditor (139)
[2017.02.28-01.07.46:941][ 23]LogModuleManager: Shutting down and abandoning module MidiAsset (138)
[2017.02.28-01.07.46:941][ 23]LogModuleManager: Shutting down and abandoning module Midi (137)
[2017.02.28-01.07.46:941][ 23]LogModuleManager: Shutting down and abandoning module HGGifImporter (136)
[2017.02.28-01.07.46:941][ 23]LogModuleManager: Shutting down and abandoning module HTML5Networking (135)
[2017.02.28-01.07.46:941][ 23]LogModuleManager: Shutting down and abandoning module GeometryCacheEd (134)
[2017.02.28-01.07.46:941][ 23]LogModuleManager: Shutting down and abandoning module GeometryCache (133)
[2017.02.28-01.07.46:941][ 23]LogModuleManager: Shutting down and abandoning module AlembicLibrary (132)
[2017.02.28-01.07.46:941][ 23]LogModuleManager: Shutting down and abandoning module AlembicImporter (131)
[2017.02.28-01.07.46:941][ 23]LogModuleManager: Shutting down and abandoning module SuperSearch (130)
[2017.02.28-01.07.46:941][ 23]LogModuleManager: Shutting down and abandoning module SuperSearchEditor (129)
[2017.02.28-01.07.46:941][ 23]LogModuleManager: Shutting down and abandoning module SpeedTreeImporter (128)
[2017.02.28-01.07.46:942][ 23]LogModuleManager: Shutting down and abandoning module PluginBrowser (127)
[2017.02.28-01.07.46:942][ 23]LogModuleManager: Shutting down and abandoning module MobileLauncherProfileWizard (126)
[2017.02.28-01.07.46:942][ 23]LogModuleManager: Shutting down and abandoning module EpicSurvey (125)
[2017.02.28-01.07.46:942][ 23]LogModuleManager: Shutting down and abandoning module DesktopPlatform (124)
[2017.02.28-01.07.46:942][ 23]LogModuleManager: Shutting down and abandoning module VisualStudioSourceCodeAccess (123)
[2017.02.28-01.07.46:942][ 23]LogModuleManager: Shutting down and abandoning module UObjectPlugin (122)
[2017.02.28-01.07.46:942][ 23]LogModuleManager: Shutting down and abandoning module SubversionSourceControl (121)
[2017.02.28-01.07.46:942][ 23]LogModuleManager: Shutting down and abandoning module PerforceSourceControl (120)
[2017.02.28-01.07.46:942][ 23]LogModuleManager: Shutting down and abandoning module SourceControl (119)
[2017.02.28-01.07.46:942][ 23]LogModuleManager: Shutting down and abandoning module GitSourceControl (118)
[2017.02.28-01.07.46:942][ 23]LogModuleManager: Shutting down and abandoning module LightPropagationVolumeEditor (117)
[2017.02.28-01.07.46:942][ 23]LogModuleManager: Shutting down and abandoning module PaperTiledImporter (116)
[2017.02.28-01.07.46:942][ 23]LogModuleManager: Shutting down and abandoning module PaperSpriteSheetImporter (115)
[2017.02.28-01.07.46:943][ 23]LogModuleManager: Shutting down and abandoning module MeshPaint (114)
[2017.02.28-01.07.46:943][ 23]LogModuleManager: Shutting down and abandoning module PixelInspectorModule (113)
[2017.02.28-01.07.46:943][ 23]LogModuleManager: Shutting down and abandoning module HotReload (112)
[2017.02.28-01.07.46:945][ 23]LogModuleManager: Shutting down and abandoning module MainFrame (111)
[2017.02.28-01.07.46:945][ 23]LogModuleManager: Shutting down and abandoning module LevelEditor (110)
[2017.02.28-01.07.46:948][ 23]LogModuleManager: Shutting down and abandoning module ContentBrowser (109)
[2017.02.28-01.07.46:950][ 23]LogModuleManager: Shutting down and abandoning module Paper2DEditor (108)
[2017.02.28-01.07.46:950][ 23]LogModuleManager: Shutting down and abandoning module UdpMessaging (107)
[2017.02.28-01.07.47:051][ 23]LogModuleManager: Shutting down and abandoning module TcpMessaging (106)
[2017.02.28-01.07.47:151][ 23]LogModuleManager: Shutting down and abandoning module JavascriptWebSocket (105)
[2017.02.28-01.07.47:151][ 23]LogModuleManager: Shutting down and abandoning module JavascriptHttp (104)
[2017.02.28-01.07.47:151][ 23]LogModuleManager: Shutting down and abandoning module JavascriptUMG (103)
[2017.02.28-01.07.47:151][ 23]LogModuleManager: Shutting down and abandoning module V8 (102)
[2017.02.28-01.07.47:152][ 23]LogModuleManager: Shutting down and abandoning module LightPropagationVolumeRuntime (101)
[2017.02.28-01.07.47:153][ 23]LogModuleManager: Shutting down and abandoning module Paper2D (100)
[2017.02.28-01.07.47:153][ 23]LogModuleManager: Shutting down and abandoning module WindowsMoviePlayer (99)
[2017.02.28-01.07.47:153][ 23]LogModuleManager: Shutting down and abandoning module WmfMedia (98)
[2017.02.28-01.07.47:155][ 23]LogModuleManager: Shutting down and abandoning module MediaAssets (97)
[2017.02.28-01.07.47:155][ 23]LogModuleManager: Shutting down and abandoning module GameLiveStreaming (96)
[2017.02.28-01.07.47:155][ 23]LogModuleManager: Shutting down and abandoning module GameplayTagsEditor (95)
[2017.02.28-01.07.47:155][ 23]LogModuleManager: Shutting down and abandoning module VREditor (94)
[2017.02.28-01.07.47:155][ 23]LogModuleManager: Shutting down and abandoning module GameplayTasksEditor (93)
[2017.02.28-01.07.47:156][ 23]LogModuleManager: Shutting down and abandoning module BehaviorTreeEditor (92)
[2017.02.28-01.07.47:156][ 23]LogModuleManager: Shutting down and abandoning module FunctionalTesting (91)
[2017.02.28-01.07.47:156][ 23]LogModuleManager: Shutting down and abandoning module CollisionAnalyzer (90)
[2017.02.28-01.07.47:156][ 23]LogModuleManager: Shutting down and abandoning module Sequencer (89)
[2017.02.28-01.07.47:156][ 23]LogModuleManager: Shutting down and abandoning module WorkspaceMenuStructure (88)
[2017.02.28-01.07.47:156][ 23]LogModuleManager: Shutting down and abandoning module MessageLog (87)
[2017.02.28-01.07.47:156][ 23]LogModuleManager: Shutting down and abandoning module AssetTools (86)
[2017.02.28-01.07.47:156][ 23]LogModuleManager: Shutting down and abandoning module UMGEditor (85)
[2017.02.28-01.07.47:156][ 23]LogModuleManager: Shutting down and abandoning module UMG (84)
[2017.02.28-01.07.47:156][ 23]LogModuleManager: Shutting down and abandoning module SlateReflector (83)
[2017.02.28-01.07.47:156][ 23]LogModuleManager: Shutting down and abandoning module Slate (82)
[2017.02.28-01.07.47:157][ 23]LogModuleManager: Shutting down and abandoning module EditorStyle (81)
[2017.02.28-01.07.47:167][ 23]LogModuleManager: Shutting down and abandoning module SourceCodeAccess (80)
[2017.02.28-01.07.47:167][ 23]LogModuleManager: Shutting down and abandoning module HeadMountedDisplay (79)
[2017.02.28-01.07.47:167][ 23]LogModuleManager: Shutting down and abandoning module XAudio2 (78)
[2017.02.28-01.07.47:167][ 23]LogModuleManager: Shutting down and abandoning module Networking (76)
[2017.02.28-01.07.47:167][ 23]LogModuleManager: Shutting down and abandoning module Core (75)
[2017.02.28-01.07.47:167][ 23]LogModuleManager: Shutting down and abandoning module DirectoryWatcher (74)
[2017.02.28-01.07.47:167][ 23]LogDirectoryWatcher: A directory notification for '../../../Engine/Content/' was aborted.
[2017.02.28-01.07.47:168][ 23]LogDirectoryWatcher: A directory notification for '../../../../../../Epic Games/Abyss/Content/' was aborted.
[2017.02.28-01.07.47:168][ 23]LogDirectoryWatcher: A directory notification for '../../../Engine/Plugins/2D/Paper2D/Content/' was aborted.
[2017.02.28-01.07.47:169][ 23]LogDirectoryWatcher: A directory notification for '../../../Engine/Plugins/Marketplace/UnrealJS/Content/' was aborted.
[2017.02.28-01.07.47:172][ 23]LogModuleManager: Shutting down and abandoning module AssetRegistry (73)
[2017.02.28-01.07.47:401][ 23]LogModuleManager: Shutting down and abandoning module KismetCompiler (72)
[2017.02.28-01.07.47:401][ 23]LogModuleManager: Shutting down and abandoning module PhysXFormats (71)
[2017.02.28-01.07.47:401][ 23]LogModuleManager: Shutting down and abandoning module SimplygonSwarm (70)
[2017.02.28-01.07.47:401][ 23]LogModuleManager: Shutting down and abandoning module SimplygonMeshReduction (69)
[2017.02.28-01.07.47:401][ 23]LogModuleManager: Shutting down and abandoning module QuadricMeshReduction (68)
[2017.02.28-01.07.47:401][ 23]LogModuleManager: Shutting down and abandoning module PropertyEditor (67)
[2017.02.28-01.07.47:401][ 23]LogModuleManager: Shutting down and abandoning module MeshUtilities (66)
[2017.02.28-01.07.47:402][ 23]LogModuleManager: Shutting down and abandoning module DerivedDataCache (65)
[2017.02.28-01.07.47:448][ 23]LogDerivedDataCache: Shutdown
[2017.02.28-01.07.47:448][ 23]LogModuleManager: Shutting down and abandoning module VulkanShaderFormat (64)
[2017.02.28-01.07.47:448][ 23]LogModuleManager: Shutting down and abandoning module ShaderFormatOpenGL (63)
[2017.02.28-01.07.47:448][ 23]LogModuleManager: Shutting down and abandoning module ShaderFormatD3D (62)
[2017.02.28-01.07.47:448][ 23]LogModuleManager: Shutting down and abandoning module MetalShaderFormat (61)
[2017.02.28-01.07.47:448][ 23]LogModuleManager: Shutting down and abandoning module TextureFormatUncompressed (60)
[2017.02.28-01.07.47:449][ 23]LogModuleManager: Shutting down and abandoning module TextureFormatPVR (59)
[2017.02.28-01.07.47:449][ 23]LogModuleManager: Shutting down and abandoning module TextureFormatDXT (58)
[2017.02.28-01.07.47:449][ 23]LogModuleManager: Shutting down and abandoning module TextureFormatIntelISPCTexComp (57)
[2017.02.28-01.07.47:449][ 23]LogModuleManager: Shutting down and abandoning module ImageWrapper (56)
[2017.02.28-01.07.47:449][ 23]LogModuleManager: Shutting down and abandoning module TextureFormatASTC (55)
[2017.02.28-01.07.47:449][ 23]LogModuleManager: Shutting down and abandoning module TextureFormatAndroid (54)
[2017.02.28-01.07.47:449][ 23]LogModuleManager: Shutting down and abandoning module AudioFormatOpus (53)
[2017.02.28-01.07.47:449][ 23]LogModuleManager: Shutting down and abandoning module AudioFormatOgg (52)
[2017.02.28-01.07.47:449][ 23]LogModuleManager: Shutting down and abandoning module AudioFormatADPCM (51)
[2017.02.28-01.07.47:449][ 23]LogModuleManager: Shutting down and abandoning module LinuxTargetPlatform (50)
[2017.02.28-01.07.47:449][ 23]LogModuleManager: Shutting down and abandoning module LinuxServerTargetPlatform (49)
[2017.02.28-01.07.47:449][ 23]LogModuleManager: Shutting down and abandoning module LinuxNoEditorTargetPlatform (48)
[2017.02.28-01.07.47:449][ 23]LogModuleManager: Shutting down and abandoning module LinuxClientTargetPlatform (47)
[2017.02.28-01.07.47:449][ 23]LogModuleManager: Shutting down and abandoning module TVOSTargetPlatform (46)
[2017.02.28-01.07.47:450][ 23]LogModuleManager: Shutting down and abandoning module Messaging (45)
[2017.02.28-01.07.47:450][ 23]LogModuleManager: Shutting down and abandoning module IOSTargetPlatform (44)
[2017.02.28-01.07.47:450][ 23]LogModuleManager: Shutting down and abandoning module HTML5TargetPlatform (43)
[2017.02.28-01.07.47:450][ 23]LogModuleManager: Shutting down and abandoning module Android_PVRTCTargetPlatform (42)
[2017.02.28-01.07.47:450][ 23]LogModuleManager: Shutting down and abandoning module Android_MultiTargetPlatform (41)
[2017.02.28-01.07.47:450][ 23]LogModuleManager: Shutting down and abandoning module Android_ETC2TargetPlatform (40)
[2017.02.28-01.07.47:450][ 23]LogModuleManager: Shutting down and abandoning module Android_ETC1TargetPlatform (39)
[2017.02.28-01.07.47:450][ 23]LogModuleManager: Shutting down and abandoning module Android_DXTTargetPlatform (38)
[2017.02.28-01.07.47:450][ 23]LogModuleManager: Shutting down and abandoning module Android_ATCTargetPlatform (37)
[2017.02.28-01.07.47:450][ 23]LogModuleManager: Shutting down and abandoning module Android_ASTCTargetPlatform (36)
[2017.02.28-01.07.47:450][ 23]LogModuleManager: Shutting down and abandoning module AndroidTargetPlatform (35)
[2017.02.28-01.07.47:450][ 23]LogModuleManager: Shutting down and abandoning module WindowsTargetPlatform (34)
[2017.02.28-01.07.47:450][ 23]LogModuleManager: Shutting down and abandoning module WindowsServerTargetPlatform (33)
[2017.02.28-01.07.47:450][ 23]LogModuleManager: Shutting down and abandoning module WindowsNoEditorTargetPlatform (32)
[2017.02.28-01.07.47:450][ 23]LogModuleManager: Shutting down and abandoning module WindowsClientTargetPlatform (31)
[2017.02.28-01.07.47:450][ 23]LogModuleManager: Shutting down and abandoning module MacTargetPlatform (30)
[2017.02.28-01.07.47:450][ 23]LogModuleManager: Shutting down and abandoning module MacServerTargetPlatform (29)
[2017.02.28-01.07.47:450][ 23]LogModuleManager: Shutting down and abandoning module MacNoEditorTargetPlatform (28)
[2017.02.28-01.07.47:450][ 23]LogModuleManager: Shutting down and abandoning module MacClientTargetPlatform (27)
[2017.02.28-01.07.47:450][ 23]LogModuleManager: Shutting down and abandoning module AllDesktopTargetPlatform (26)
[2017.02.28-01.07.47:450][ 23]LogModuleManager: Shutting down and abandoning module TargetPlatform (25)
[2017.02.28-01.07.47:450][ 23]LogModuleManager: Shutting down and abandoning module InputCore (24)
[2017.02.28-01.07.47:450][ 23]LogModuleManager: Shutting down and abandoning module Settings (23)
[2017.02.28-01.07.47:451][ 23]LogModuleManager: Shutting down and abandoning module OculusRift (22)
[2017.02.28-01.07.47:451][ 23]LogModuleManager: Shutting down and abandoning module ExampleDeviceProfileSelector (21)
[2017.02.28-01.07.47:451][ 23]LogModuleManager: Shutting down and abandoning module OnlineBlueprintSupport (20)
[2017.02.28-01.07.47:451][ 23]LogModuleManager: Shutting down and abandoning module OnlineSubsystem (18)
[2017.02.28-01.07.47:451][ 23]LogOnline:Display: Unloading online subsystem: NULL
[2017.02.28-01.07.47:451][ 23]LogModuleManager: Shutting down and abandoning module SSL (17)
[2017.02.28-01.07.47:456][ 23]LogModuleManager: Shutting down and abandoning module HTTP (16)
[2017.02.28-01.07.47:456][ 23]LogModuleManager: Shutting down and abandoning module XMPP (15)
[2017.02.28-01.07.47:456][ 23]LogModuleManager: Shutting down and abandoning module TextureCompressor (14)
[2017.02.28-01.07.47:456][ 23]LogModuleManager: Shutting down and abandoning module ShaderCore (13)
[2017.02.28-01.07.47:457][ 23]LogModuleManager: Shutting down and abandoning module Landscape (12)
[2017.02.28-01.07.47:457][ 23]LogModuleManager: Shutting down and abandoning module SlateRHIRenderer (11)
[2017.02.28-01.07.47:495][ 23]LogModuleManager: Shutting down and abandoning module OpenGLDrv (10)
[2017.02.28-01.07.47:495][ 23]LogModuleManager: Shutting down and abandoning module D3D11RHI (9)
[2017.02.28-01.07.47:495][ 23]LogModuleManager: Shutting down and abandoning module AnimGraphRuntime (8)
[2017.02.28-01.07.47:495][ 23]LogModuleManager: Shutting down and abandoning module Renderer (7)
[2017.02.28-01.07.47:495][ 23]LogModuleManager: Shutting down and abandoning module Engine (6)
[2017.02.28-01.07.47:495][ 23]LogModuleManager: Shutting down and abandoning module CoreUObject (5)
[2017.02.28-01.07.47:496][ 23]LogModuleManager: Shutting down and abandoning module NetworkFile (4)
[2017.02.28-01.07.47:496][ 23]LogModuleManager: Shutting down and abandoning module StreamingFile (3)
[2017.02.28-01.07.47:496][ 23]LogModuleManager: Shutting down and abandoning module SandboxFile (2)
[2017.02.28-01.07.47:496][ 23]LogModuleManager: Shutting down and abandoning module PakFile (1)
[2017.02.28-01.07.47:501][ 23]LogExit: Exiting.
[2017.02.28-01.07.47:512][ 23]Log file closed, 02/27/17 20:07:47
