Log file open, 03/08/17 13:23:19
LogInit:Display: Running engine for game: Abyss
LogPlatformFile: Not using cached read wrapper
LogInit:Display: RandInit(-1799864862) SRandInit(-1799864862).
LogTaskGraph: Started task graph with 5 named threads and 8 total threads with 1 sets of task threads.
LogStats: Stats thread started at 0.089832
LogPluginManager: Loaded Plugin Paper2D, From C:/Program Files/Epic Games/UE_4.14/Engine/Plugins/2D/Paper2D/Paper2D.uplugin
LogPluginManager: Loaded Plugin LightPropagationVolume, From C:/Program Files/Epic Games/UE_4.14/Engine/Plugins/Blendables/LightPropagationVolume/LightPropagationVolume.uplugin
LogPluginManager: Loaded Plugin BlankPlugin, From C:/Program Files/Epic Games/UE_4.14/Engine/Plugins/Developer/BlankPlugin/BlankPlugin.uplugin
LogPluginManager: Loaded Plugin CodeLiteSourceCodeAccess, From C:/Program Files/Epic Games/UE_4.14/Engine/Plugins/Developer/CodeLiteSourceCodeAccess/CodeLiteSourceCodeAccess.uplugin
LogPluginManager: Loaded Plugin GitSourceControl, From C:/Program Files/Epic Games/UE_4.14/Engine/Plugins/Developer/GitSourceControl/GitSourceControl.uplugin
LogPluginManager: Loaded Plugin KDevelopSourceCodeAccess, From C:/Program Files/Epic Games/UE_4.14/Engine/Plugins/Developer/KDevelopSourceCodeAccess/KDevelopSourceCodeAccess.uplugin
LogPluginManager: Loaded Plugin NullSourceCodeAccess, From C:/Program Files/Epic Games/UE_4.14/Engine/Plugins/Developer/NullSourceCodeAccess/NullSourceCodeAccess.uplugin
LogPluginManager: Loaded Plugin OneSkyLocalizationService, From C:/Program Files/Epic Games/UE_4.14/Engine/Plugins/Developer/OneSkyLocalizationService/OneSkyLocalizationService.uplugin
LogPluginManager: Loaded Plugin PerforceSourceControl, From C:/Program Files/Epic Games/UE_4.14/Engine/Plugins/Developer/PerforceSourceControl/PerforceSourceControl.uplugin
LogPluginManager: Loaded Plugin SubversionSourceControl, From C:/Program Files/Epic Games/UE_4.14/Engine/Plugins/Developer/SubversionSourceControl/SubversionSourceControl.uplugin
LogPluginManager: Loaded Plugin UObjectPlugin, From C:/Program Files/Epic Games/UE_4.14/Engine/Plugins/Developer/UObjectPlugin/UObjectPlugin.uplugin
LogPluginManager: Loaded Plugin VisualStudioSourceCodeAccess, From C:/Program Files/Epic Games/UE_4.14/Engine/Plugins/Developer/VisualStudioSourceCodeAccess/VisualStudioSourceCodeAccess.uplugin
LogPluginManager: Loaded Plugin XCodeSourceCodeAccess, From C:/Program Files/Epic Games/UE_4.14/Engine/Plugins/Developer/XCodeSourceCodeAccess/XCodeSourceCodeAccess.uplugin
LogPluginManager: Loaded Plugin AudioCapture, From C:/Program Files/Epic Games/UE_4.14/Engine/Plugins/Editor/AudioCapture/AudioCapture.uplugin
LogPluginManager: Loaded Plugin EpicSurvey, From C:/Program Files/Epic Games/UE_4.14/Engine/Plugins/Editor/EpicSurvey/EpicSurvey.uplugin
LogPluginManager: Loaded Plugin MacGraphicsSwitching, From C:/Program Files/Epic Games/UE_4.14/Engine/Plugins/Editor/MacGraphicsSwitching/MacGraphicsSwitching.uplugin
LogPluginManager: Loaded Plugin MobileLauncherProfileWizard, From C:/Program Files/Epic Games/UE_4.14/Engine/Plugins/Editor/MobileLauncherProfileWizard/MobileLauncherProfileWizard.uplugin
LogPluginManager: Loaded Plugin PluginBrowser, From C:/Program Files/Epic Games/UE_4.14/Engine/Plugins/Editor/PluginBrowser/PluginBrowser.uplugin
LogPluginManager: Loaded Plugin SpeedTreeImporter, From C:/Program Files/Epic Games/UE_4.14/Engine/Plugins/Editor/SpeedTreeImporter/SpeedTreeImporter.uplugin
LogPluginManager: Loaded Plugin SuperSearchEditor, From C:/Program Files/Epic Games/UE_4.14/Engine/Plugins/Editor/SuperSearchEditor/SuperSearchEditor.uplugin
LogPluginManager: Loaded Plugin AlembicImporter, From C:/Program Files/Epic Games/UE_4.14/Engine/Plugins/Experimental/AlembicImporter/AlembicImporter.uplugin
LogPluginManager: Loaded Plugin BlueprintStats, From C:/Program Files/Epic Games/UE_4.14/Engine/Plugins/Experimental/BlueprintStats/BlueprintStats.uplugin
LogPluginManager: Loaded Plugin CharacterAI, From C:/Program Files/Epic Games/UE_4.14/Engine/Plugins/Experimental/CharacterAI/CharacterAI.uplugin
LogPluginManager: Loaded Plugin CodeEditor, From C:/Program Files/Epic Games/UE_4.14/Engine/Plugins/Experimental/CodeEditor/CodeEditor.uplugin
LogPluginManager: Loaded Plugin CodeView, From C:/Program Files/Epic Games/UE_4.14/Engine/Plugins/Experimental/CodeView/CodeView.uplugin
LogPluginManager: Loaded Plugin HTML5Networking, From C:/Program Files/Epic Games/UE_4.14/Engine/Plugins/Experimental/HTML5Networking/HTML5Networking.uplugin
LogPluginManager: Loaded Plugin OSVR, From C:/Program Files/Epic Games/UE_4.14/Engine/Plugins/Experimental/OSVR/OSVR.uplugin
LogPluginManager: Loaded Plugin Phya, From C:/Program Files/Epic Games/UE_4.14/Engine/Plugins/Experimental/Phya/Phya.uplugin
LogPluginManager: Loaded Plugin SignificanceManager, From C:/Program Files/Epic Games/UE_4.14/Engine/Plugins/Experimental/SignificanceManager/SignificanceManager.uplugin
LogPluginManager: Loaded Plugin SimpleHMD, From C:/Program Files/Epic Games/UE_4.14/Engine/Plugins/Experimental/SimpleHMD/SimpleHMD.uplugin
LogPluginManager: Loaded Plugin StereoPanorama, From C:/Program Files/Epic Games/UE_4.14/Engine/Plugins/Experimental/StereoPanorama/StereoPanorama.uplugin
LogPluginManager: Loaded Plugin StructBox, From C:/Program Files/Epic Games/UE_4.14/Engine/Plugins/Experimental/StructBox/StructBox.uplugin
LogPluginManager: Loaded Plugin AndroidMedia, From C:/Program Files/Epic Games/UE_4.14/Engine/Plugins/Media/AndroidMedia/AndroidMedia.uplugin
LogPluginManager: Loaded Plugin AvfMedia, From C:/Program Files/Epic Games/UE_4.14/Engine/Plugins/Media/AvfMedia/AvfMedia.uplugin
LogPluginManager: Loaded Plugin MediaPlayerEditor, From C:/Program Files/Epic Games/UE_4.14/Engine/Plugins/Media/MediaPlayerEditor/MediaPlayerEditor.uplugin
LogPluginManager: Loaded Plugin WmfMedia, From C:/Program Files/Epic Games/UE_4.14/Engine/Plugins/Media/WmfMedia/WmfMedia.uplugin
LogPluginManager: Loaded Plugin MessagingDebugger, From C:/Program Files/Epic Games/UE_4.14/Engine/Plugins/Messaging/MessagingDebugger/MessagingDebugger.uplugin
LogPluginManager: Loaded Plugin TcpMessaging, From C:/Program Files/Epic Games/UE_4.14/Engine/Plugins/Messaging/TcpMessaging/TcpMessaging.uplugin
LogPluginManager: Loaded Plugin UdpMessaging, From C:/Program Files/Epic Games/UE_4.14/Engine/Plugins/Messaging/UdpMessaging/UdpMessaging.uplugin
LogPluginManager: Loaded Plugin LevelSequenceEditor, From C:/Program Files/Epic Games/UE_4.14/Engine/Plugins/MovieScene/LevelSequenceEditor/LevelSequenceEditor.uplugin
LogPluginManager: Loaded Plugin MatineeToLevelSequence, From C:/Program Files/Epic Games/UE_4.14/Engine/Plugins/MovieScene/MatineeToLevelSequence/MatineeToLevelSequence.uplugin
LogPluginManager: Loaded Plugin NetcodeUnitTest, From C:/Program Files/Epic Games/UE_4.14/Engine/Plugins/NetcodeUnitTest/NetcodeUnitTest/NetcodeUnitTest.uplugin
LogPluginManager: Loaded Plugin NUTUnrealEngine4, From C:/Program Files/Epic Games/UE_4.14/Engine/Plugins/NetcodeUnitTest/NUTUnrealEngine4/NUTUnrealEngine4.uplugin
LogPluginManager: Loaded Plugin OnlineSubsystemGameCircle, From C:/Program Files/Epic Games/UE_4.14/Engine/Plugins/Online/Android/OnlineSubsystemGameCircle/OnlineSubsystemGameCircle.uplugin
LogPluginManager: Loaded Plugin OnlineSubsystemGooglePlay, From C:/Program Files/Epic Games/UE_4.14/Engine/Plugins/Online/Android/OnlineSubsystemGooglePlay/OnlineSubsystemGooglePlay.uplugin
LogPluginManager: Loaded Plugin OnlineSubsystemIOS, From C:/Program Files/Epic Games/UE_4.14/Engine/Plugins/Online/IOS/OnlineSubsystemIOS/OnlineSubsystemIOS.uplugin
LogPluginManager: Loaded Plugin OnlineFramework, From C:/Program Files/Epic Games/UE_4.14/Engine/Plugins/Online/OnlineFramework/OnlineFramework.uplugin
LogPluginManager: Loaded Plugin OnlineSubsystem, From C:/Program Files/Epic Games/UE_4.14/Engine/Plugins/Online/OnlineSubsystem/OnlineSubsystem.uplugin
LogPluginManager: Loaded Plugin OnlineSubsystemAmazon, From C:/Program Files/Epic Games/UE_4.14/Engine/Plugins/Online/OnlineSubsystemAmazon/OnlineSubsystemAmazon.uplugin
LogPluginManager: Loaded Plugin OnlineSubsystemFacebook, From C:/Program Files/Epic Games/UE_4.14/Engine/Plugins/Online/OnlineSubsystemFacebook/OnlineSubsystemFacebook.uplugin
LogPluginManager: Loaded Plugin OnlineSubsystemNull, From C:/Program Files/Epic Games/UE_4.14/Engine/Plugins/Online/OnlineSubsystemNull/OnlineSubsystemNull.uplugin
LogPluginManager: Loaded Plugin OnlineSubsystemOculus, From C:/Program Files/Epic Games/UE_4.14/Engine/Plugins/Online/OnlineSubsystemOculus/OnlineSubsystemOculus.uplugin
LogPluginManager: Loaded Plugin OnlineSubsystemSteam, From C:/Program Files/Epic Games/UE_4.14/Engine/Plugins/Online/OnlineSubsystemSteam/OnlineSubsystemSteam.uplugin
LogPluginManager: Loaded Plugin OnlineSubsystemUtils, From C:/Program Files/Epic Games/UE_4.14/Engine/Plugins/Online/OnlineSubsystemUtils/OnlineSubsystemUtils.uplugin
LogPluginManager: Loaded Plugin IOSTapJoy, From C:/Program Files/Epic Games/UE_4.14/Engine/Plugins/Runtime/Advertising/IOSTapJoy/IOSTapJoy.uplugin
LogPluginManager: Loaded Plugin AnalyticsBlueprintLibrary, From C:/Program Files/Epic Games/UE_4.14/Engine/Plugins/Runtime/Analytics/AnalyticsBlueprintLibrary/AnalyticsBlueprintLibrary.uplugin
LogPluginManager: Loaded Plugin AnalyticsMulticast, From C:/Program Files/Epic Games/UE_4.14/Engine/Plugins/Runtime/Analytics/AnalyticsMulticast/AnalyticsMulticast.uplugin
LogPluginManager: Loaded Plugin Apsalar, From C:/Program Files/Epic Games/UE_4.14/Engine/Plugins/Runtime/Analytics/Apsalar/Apsalar.uplugin
LogPluginManager: Loaded Plugin FileLogging, From C:/Program Files/Epic Games/UE_4.14/Engine/Plugins/Runtime/Analytics/FileLogging/FileLogging.uplugin
LogPluginManager: Loaded Plugin Flurry, From C:/Program Files/Epic Games/UE_4.14/Engine/Plugins/Runtime/Analytics/Flurry/Flurry.uplugin
LogPluginManager: Loaded Plugin AndroidDeviceProfileSelector, From C:/Program Files/Epic Games/UE_4.14/Engine/Plugins/Runtime/AndroidDeviceProfileSelector/AndroidDeviceProfileSelector.uplugin
LogPluginManager: Loaded Plugin AndroidMoviePlayer, From C:/Program Files/Epic Games/UE_4.14/Engine/Plugins/Runtime/AndroidMoviePlayer/AndroidMoviePlayer.uplugin
LogPluginManager: Loaded Plugin AppleMoviePlayer, From C:/Program Files/Epic Games/UE_4.14/Engine/Plugins/Runtime/AppleMoviePlayer/AppleMoviePlayer.uplugin
LogPluginManager: Loaded Plugin ArchVisCharacter, From C:/Program Files/Epic Games/UE_4.14/Engine/Plugins/Runtime/ArchVisCharacter/ArchVisCharacter.uplugin
LogPluginManager: Loaded Plugin CableComponent, From C:/Program Files/Epic Games/UE_4.14/Engine/Plugins/Runtime/CableComponent/CableComponent.uplugin
LogPluginManager: Loaded Plugin CustomMeshComponent, From C:/Program Files/Epic Games/UE_4.14/Engine/Plugins/Runtime/CustomMeshComponent/CustomMeshComponent.uplugin
LogPluginManager: Loaded Plugin ExampleDeviceProfileSelector, From C:/Program Files/Epic Games/UE_4.14/Engine/Plugins/Runtime/ExampleDeviceProfileSelector/ExampleDeviceProfileSelector.uplugin
LogPluginManager: Loaded Plugin GearVR, From C:/Program Files/Epic Games/UE_4.14/Engine/Plugins/Runtime/GearVR/GearVR.uplugin
LogPluginManager: Loaded Plugin GoogleVRController, From C:/Program Files/Epic Games/UE_4.14/Engine/Plugins/Runtime/GoogleVR/GoogleVRController/GoogleVRController.uplugin
LogPluginManager: Loaded Plugin GoogleVRHMD, From C:/Program Files/Epic Games/UE_4.14/Engine/Plugins/Runtime/GoogleVR/GoogleVRHMD/GoogleVRHMD.uplugin
LogPluginManager: Loaded Plugin IOSDeviceProfileSelector, From C:/Program Files/Epic Games/UE_4.14/Engine/Plugins/Runtime/IOSDeviceProfileSelector/IOSDeviceProfileSelector.uplugin
LogPluginManager: Loaded Plugin LeapMotion, From C:/Program Files/Epic Games/UE_4.14/Engine/Plugins/Runtime/LeapMotion/LeapMotion.uplugin
LogPluginManager: Loaded Plugin LinuxDeviceProfileSelector, From C:/Program Files/Epic Games/UE_4.14/Engine/Plugins/Runtime/LinuxDeviceProfileSelector/LinuxDeviceProfileSelector.uplugin
LogPluginManager: Loaded Plugin MIDIDevice, From C:/Program Files/Epic Games/UE_4.14/Engine/Plugins/Runtime/MIDIDevice/MIDIDevice.uplugin
LogPluginManager: Loaded Plugin MobilePatchingUtils, From C:/Program Files/Epic Games/UE_4.14/Engine/Plugins/Runtime/MobilePatchingUtils/MobilePatchingUtils.uplugin
LogPluginManager: Loaded Plugin Ansel, From C:/Program Files/Epic Games/UE_4.14/Engine/Plugins/Runtime/Nvidia/Ansel/Ansel.uplugin
LogPluginManager: Loaded Plugin OculusAudio, From C:/Program Files/Epic Games/UE_4.14/Engine/Plugins/Runtime/OculusAudio/OculusAudio.uplugin
LogPluginManager: Loaded Plugin OculusInput, From C:/Program Files/Epic Games/UE_4.14/Engine/Plugins/Runtime/OculusInput/OculusInput.uplugin
LogPluginManager: Loaded Plugin OculusLibrary, From C:/Program Files/Epic Games/UE_4.14/Engine/Plugins/Runtime/OculusLibrary/OculusLibrary.uplugin
LogPluginManager: Loaded Plugin OculusRift, From C:/Program Files/Epic Games/UE_4.14/Engine/Plugins/Runtime/OculusRift/OculusRift.uplugin
LogPluginManager: Loaded Plugin Oodle, From C:/Program Files/Epic Games/UE_4.14/Engine/Plugins/Runtime/PacketHandlers/CompressionComponents/Oodle/Oodle.uplugin
LogPluginManager: Loaded Plugin ProceduralMeshComponent, From C:/Program Files/Epic Games/UE_4.14/Engine/Plugins/Runtime/ProceduralMeshComponent/ProceduralMeshComponent.uplugin
LogPluginManager: Loaded Plugin SoundMod, From C:/Program Files/Epic Games/UE_4.14/Engine/Plugins/Runtime/SoundMod/SoundMod.uplugin
LogPluginManager: Loaded Plugin SoundVisualizations, From C:/Program Files/Epic Games/UE_4.14/Engine/Plugins/Runtime/SoundVisualizations/SoundVisualizations.uplugin
LogPluginManager: Loaded Plugin SteamController, From C:/Program Files/Epic Games/UE_4.14/Engine/Plugins/Runtime/Steam/SteamController/SteamController.uplugin
LogPluginManager: Loaded Plugin SteamVR, From C:/Program Files/Epic Games/UE_4.14/Engine/Plugins/Runtime/Steam/SteamVR/SteamVR.uplugin
LogPluginManager: Loaded Plugin WebBrowserWidget, From C:/Program Files/Epic Games/UE_4.14/Engine/Plugins/Runtime/WebBrowserWidget/WebBrowserWidget.uplugin
LogPluginManager: Loaded Plugin WindowsDeviceProfileSelector, From C:/Program Files/Epic Games/UE_4.14/Engine/Plugins/Runtime/WindowsDeviceProfileSelector/WindowsDeviceProfileSelector.uplugin
LogPluginManager: Loaded Plugin WindowsMoviePlayer, From C:/Program Files/Epic Games/UE_4.14/Engine/Plugins/Runtime/WindowsMoviePlayer/WindowsMoviePlayer.uplugin
LogPluginManager: Loaded Plugin ScriptPlugin, From C:/Program Files/Epic Games/UE_4.14/Engine/Plugins/ScriptPlugin/ScriptPlugin.uplugin
LogPluginManager: Loaded Plugin SlateRemote, From C:/Program Files/Epic Games/UE_4.14/Engine/Plugins/Slate/SlateRemote/SlateRemote.uplugin
LogPluginManager: Loaded Plugin EditorTests, From C:/Program Files/Epic Games/UE_4.14/Engine/Plugins/Tests/EditorTests/EditorTests.uplugin
LogPluginManager: Loaded Plugin FbxAutomationTestBuilder, From C:/Program Files/Epic Games/UE_4.14/Engine/Plugins/Tests/FbxAutomationTestBuilder/FbxAutomationTestBuilder.uplugin
LogPluginManager: Loaded Plugin FunctionalTestingEditor, From C:/Program Files/Epic Games/UE_4.14/Engine/Plugins/Tests/FunctionalTestingEditor/FunctionalTestingEditor.uplugin
LogPluginManager: Loaded Plugin RuntimeTests, From C:/Program Files/Epic Games/UE_4.14/Engine/Plugins/Tests/RuntimeTests/RuntimeTests.uplugin
LogPluginManager: Loaded Plugin ScreenshotTools, From C:/Program Files/Epic Games/UE_4.14/Engine/Plugins/Tests/ScreenshotTools/ScreenshotTools.uplugin
LogInit: Using libcurl 7.47.1
LogInit:  - built for x86_64-pc-win32
LogInit:  - supports SSL with OpenSSL/1.0.2g
LogInit:  - supports HTTP deflate (compression) using libz 1.2.8
LogInit:  - other features:
LogInit:      CURL_VERSION_SSL
LogInit:      CURL_VERSION_LIBZ
LogInit:      CURL_VERSION_IPV6
LogInit:      CURL_VERSION_ASYNCHDNS
LogInit:      CURL_VERSION_LARGEFILE
LogInit:      CURL_VERSION_IDN
LogInit:  CurlRequestOptions (configurable via config and command line):
LogInit:  - bVerifyPeer = false  - Libcurl will NOT verify peer certificate
LogInit:  - bUseHttpProxy = false  - Libcurl will NOT use HTTP proxy
LogInit:  - bDontReuseConnections = false  - Libcurl will reuse connections
LogInit:  - CertBundlePath = nullptr  - Libcurl will use whatever was configured at build time.
LogInit: Build: ++UE4+Release-4.14-CL-3249277
LogInit: Engine Version: 4.14.3-3249277+++UE4+Release-4.14
LogInit: Compatible Engine Version: 4.14.0-3195953+++UE4+Release-4.14
LogInit: Net CL: 3195953
LogDevObjectVersion: Number of dev versions registered: 13
LogDevObjectVersion:   Dev-Blueprints (B0D832E4-1F89-4F0D-ACCF-7EB736FD4AA2): 7
LogDevObjectVersion:   Dev-Build (E1C64328-A22C-4D53-A36C-8E866417BD8C): 0
LogDevObjectVersion:   Dev-Core (375EC13C-06E4-48FB-B500-84F0262A717E): 1
LogDevObjectVersion:   Dev-Editor (E4B068ED-F494-42E9-A231-DA0B2E46BB41): 8
LogDevObjectVersion:   Dev-Framework (CFFC743F-43B0-4480-9391-14DF171D2073): 17
LogDevObjectVersion:   Dev-Mobile (B02B49B5-BB20-44E9-A304-32B752E40360): 0
LogDevObjectVersion:   Dev-Networking (A4E4105C-59A1-49B5-A7C5-40C4547EDFEE): 0
LogDevObjectVersion:   Dev-Online (39C831C9-5AE6-47DC-9A44-9C173E1C8E7C): 0
LogDevObjectVersion:   Dev-Physics (78F01B33-EBEA-4F98-B9B4-84EACCB95AA2): 0
LogDevObjectVersion:   Dev-Platform (6631380F-2D4D-43E0-8009-CF276956A95A): 0
LogDevObjectVersion:   Dev-Rendering (12F88B9F-8875-4AFC-A67C-D90C383ABD29): 12
LogDevObjectVersion:   Dev-Sequencer (7B5AE74C-D270-4C10-A958-57980B212A5A): 1
LogDevObjectVersion:   Dev-VR (D7296918-1DD6-4BDD-9DE2-64A83CC13884): 0
LogInit: Compiled (64-bit): Jan  6 2017 10:49:43
LogInit: Compiled with Visual C++: 19.00.23026.00
LogInit: Build Configuration: Development
LogInit: Branch Name: ++UE4+Release-4.14
LogInit: Command line:  /Temp/Autosaves/Game/Maps-Levels/Fort/UEDPCFort_Exploration -game -PIEVIACONSOLE -ResX=1280 -ResY=720  -Multiprocess -messaging -SessionName="Play in Standalone Game" -windowed 
LogInit: Base directory: C:/Program Files/Epic Games/UE_4.14/Engine/Binaries/Win64/
LogInit: Installed Engine Build: 1
LogInit: Presizing for max 8388607 objects, including 0 objects not considered by GC, pre-allocating 0 bytes for permanent pool.
LogInit: Object subsystem initialized
[2017.03.08-18.23.20:199][  0]LogInit: Selected Device Profile: [Windows]
[2017.03.08-18.23.20:199][  0]LogInit: Applying CVar settings loaded from the selected device profile: [Windows]
[2017.03.08-18.23.20:208][  0]LogInit: Computer: ARCTURUS
[2017.03.08-18.23.20:208][  0]LogInit: User: Braden
[2017.03.08-18.23.20:208][  0]LogInit: CPU Page size=65536, Cores=4
[2017.03.08-18.23.20:208][  0]LogInit: High frequency timer resolution =2.338341 MHz
[2017.03.08-18.23.20:209][  0]LogMemory: Memory total: Physical=7.9GB (8GB approx)
[2017.03.08-18.23.20:209][  0]LogMemory: Platform Memory Stats for Windows
[2017.03.08-18.23.20:209][  0]LogMemory: Process Physical Memory: 264.81 MB used, 264.81 MB peak
[2017.03.08-18.23.20:209][  0]LogMemory: Process Virtual Memory: 262.51 MB used, 262.51 MB peak
[2017.03.08-18.23.20:209][  0]LogMemory: Physical Memory: 6754.95 MB used,  1349.33 MB free, 8104.27 MB total
[2017.03.08-18.23.20:209][  0]LogMemory: Virtual Memory: 689.43 MB used,  1349.33 MB free, 134217728.00 MB total
[2017.03.08-18.23.20:268][  0]LogTextLocalizationManager: No specific translations for ('en-US') exist, so ('en') translations will be used.
[2017.03.08-18.23.21:269][  0]LogD3D11RHI: D3D11 adapters:
[2017.03.08-18.23.21:322][  0]LogD3D11RHI:    0. 'Intel(R) HD Graphics 4600' (Feature Level 11_0)
[2017.03.08-18.23.21:322][  0]LogD3D11RHI:       0/0/1792 MB DedicatedVideo/DedicatedSystem/SharedSystem, Outputs:2, VendorId:0x8086
[2017.03.08-18.23.21:356][  0]LogD3D11RHI:    1. 'NVIDIA GeForce GT 755M' (Feature Level 11_0)
[2017.03.08-18.23.21:356][  0]LogD3D11RHI:       1977/0/4052 MB DedicatedVideo/DedicatedSystem/SharedSystem, Outputs:0, VendorId:0x10de
[2017.03.08-18.23.21:357][  0]LogD3D11RHI:    2. 'Microsoft Basic Render Driver' (Feature Level 11_0)
[2017.03.08-18.23.21:357][  0]LogD3D11RHI:       0/0/256 MB DedicatedVideo/DedicatedSystem/SharedSystem, Outputs:0, VendorId:0x1414
[2017.03.08-18.23.21:357][  0]LogD3D11RHI: Chosen D3D11 Adapter: 1
[2017.03.08-18.23.21:368][  0]LogD3D11RHI: Creating new Direct3DDevice
[2017.03.08-18.23.21:368][  0]LogD3D11RHI:     GPU DeviceId: 0xfcd (for the marketing name, search the web for "GPU Device Id")
[2017.03.08-18.23.21:368][  0]LogWindows: EnumDisplayDevices:
[2017.03.08-18.23.21:368][  0]LogWindows:    0. 'Intel(R) HD Graphics 4600' (P:1 D:1)
[2017.03.08-18.23.21:369][  0]LogWindows:    1. 'Intel(R) HD Graphics 4600' (P:0 D:1)
[2017.03.08-18.23.21:369][  0]LogWindows:    2. 'Intel(R) HD Graphics 4600' (P:0 D:0)
[2017.03.08-18.23.21:369][  0]LogWindows:    3. 'NVIDIA GeForce GT 755M' (P:0 D:0)
[2017.03.08-18.23.21:369][  0]LogWindows: DebugString: PrimaryIsNotTheChoosenAdapter PrimaryIsNotTheChoosenAdapter PrimaryIsNotTheChoosenAdapter 
[2017.03.08-18.23.21:369][  0]LogD3D11RHI:     Adapter Name: NVIDIA GeForce GT 755M
[2017.03.08-18.23.21:369][  0]LogD3D11RHI:   Driver Version: 378.66 (internal:21.21.13.7866, unified:378.66)
[2017.03.08-18.23.21:369][  0]LogD3D11RHI:      Driver Date: 2-9-2017
[2017.03.08-18.23.21:369][  0]LogRHI: Texture pool is 1361 MB (70% of 1945 MB)
[2017.03.08-18.23.21:392][  0]LogD3D11RHI:Warning: Timestamp queries are currently disabled on this hardware due to instability. Realtime GPU stats will not be available. You can override this behaviour by setting r.NVIDIATimestampWorkaround to 0
[2017.03.08-18.23.21:392][  0]LogD3D11RHI: Async texture creation enabled
[2017.03.08-18.23.21:416][  0]LogD3D11RHI: GPU Timing Frequency: 1000.000000 (Debug: 2 2)
[2017.03.08-18.23.21:418][  0]LogShaderCompilers: Guid format shader working directory is -20 characters bigger than the processId version (../../../../../../Users/Braden/Documents/GitHub/ChimeraGames/Abyss/Intermediate/Shaders/WorkingDirectory/10104/).
[2017.03.08-18.23.21:418][  0]LogShaderCompilers: Cleaned the shader compiler working directory 'C:/Users/Braden/AppData/Local/Temp/UnrealShaderWorkingDir/2549E57D4DB4BB41D6C29591C34600E7/'.
[2017.03.08-18.23.21:419][  0]LogShaderCompilers:Display: Using Local Shader Compiler.
[2017.03.08-18.23.22:727][  0]LogTemp:Display: Loaded TP WindowsClientTargetPlatform
[2017.03.08-18.23.22:787][  0]LogTemp:Display: Loaded TP WindowsNoEditorTargetPlatform
[2017.03.08-18.23.22:842][  0]LogTemp:Display: Loaded TP WindowsServerTargetPlatform
[2017.03.08-18.23.22:886][  0]LogTemp:Display: Loaded TP WindowsTargetPlatform
[2017.03.08-18.23.22:886][  0]LogTargetPlatformManager:Display: Building Assets For Windows
[2017.03.08-18.23.23:236][  0]LogDerivedDataCache:Display: Max Cache Size: 512 MB
[2017.03.08-18.23.23:343][  0]LogDerivedDataCache: Loaded boot cache 0.11s 52MB C:/Users/Braden/AppData/Local/UnrealEngine/4.14/DerivedDataCache/Boot.ddc.
[2017.03.08-18.23.23:343][  0]LogDerivedDataCache:Display: Loaded Boot cache: C:/Users/Braden/AppData/Local/UnrealEngine/4.14/DerivedDataCache/Boot.ddc
[2017.03.08-18.23.23:343][  0]LogDerivedDataCache: FDerivedDataBackendGraph:  Pak pak cache file ../../../../../../Users/Braden/Documents/GitHub/ChimeraGames/Abyss/DerivedDataCache/DDC.ddp not found, will not use a pak cache.
[2017.03.08-18.23.23:343][  0]LogDerivedDataCache: Unable to find inner node Pak for hierarchical cache Hierarchy.
[2017.03.08-18.23.23:343][  0]LogDerivedDataCache: FDerivedDataBackendGraph:  CompressedPak pak cache file ../../../../../../Users/Braden/Documents/GitHub/ChimeraGames/Abyss/DerivedDataCache/Compressed.ddp not found, will not use a pak cache.
[2017.03.08-18.23.23:343][  0]LogDerivedDataCache: Unable to find inner node CompressedPak for hierarchical cache Hierarchy.
[2017.03.08-18.23.23:370][  0]LogDerivedDataCache:Display: Pak cache opened for reading ../../../Engine/DerivedDataCache/Compressed.ddp.
[2017.03.08-18.23.23:382][  0]LogDerivedDataCache: Using Local data cache path C:/Users/Braden/AppData/Local/UnrealEngine/Common/DerivedDataCache: Writable
[2017.03.08-18.23.23:650][  0]LogAssetRegistry: FAssetRegistry took 0.0004 seconds to start up
[2017.03.08-18.23.23:657][  0]LogPackageLocalizationCache: Processed 3 localized package path(s) for 2 prioritized culture(s) in 0.006923 seconds
[2017.03.08-18.23.23:682][  0]LogInit: Selected Device Profile: [Windows]
[2017.03.08-18.23.23:685][  0]LogContentStreaming: Texture pool size is 1000.00 MB
[2017.03.08-18.23.23:907][  0]LogMeshUtilities: Using QuadricMeshReduction for automatic static mesh reduction
[2017.03.08-18.23.23:939][  0]LogSimplygon: Simplygon DLL not present - disabling.
[2017.03.08-18.23.23:986][  0]LogMeshUtilities: Using SimplygonSwarm for distributed automatic mesh merging
[2017.03.08-18.23.23:986][  0]LogMeshUtilities: No automatic skeletal mesh reduction module available
[2017.03.08-18.23.23:986][  0]LogMeshUtilities: No automatic mesh merging module available
[2017.03.08-18.23.24:638][  0]LogNetVersion: GetLocalNetworkVersion: CL: 3195953, ProjectName: abyss, ProjectVersion: , EngineNetworkVersion: 2, GameNetworkVersion: 0, NetworkChecksum: 1595127573
[2017.03.08-18.23.24:693][  0]LogInit: WinSock: version 1.1 (2.2), MaxSocks=32767, MaxUdp=65467
[2017.03.08-18.23.25:234][  0]LogSlate: Using Freetype 2.6.0
[2017.03.08-18.23.25:235][  0]LogSlate: SlateFontCache - WITH_FREETYPE: 1, WITH_HARFBUZZ: 1
[2017.03.08-18.23.25:235][  0]LogSlate: SlateFontCache - WITH_FREETYPE: 1, WITH_HARFBUZZ: 1
[2017.03.08-18.23.25:348][  0]LogMoviePlayer: Initializing movie player
[2017.03.08-18.23.25:488][  0]LogWindowsMoviePlayer: Unable to load movie: ../../../../../../Users/Braden/Documents/GitHub/ChimeraGames/Abyss/Content/Movies/Default_Startup.mp4
[2017.03.08-18.23.25:746][  0]SourceControl: Info Source control is disabled
[2017.03.08-18.23.25:746][  0]SourceControl: Info Source control is disabled
[2017.03.08-18.23.25:792][  0]SourceControl: Info Source control is disabled
[2017.03.08-18.23.26:212][  0]LogUObjectArray: 33239 objects as part of root set at end of initial load.
[2017.03.08-18.23.26:212][  0]LogUObjectAllocator: 7367304 out of 0 bytes used by permanent object pool.
[2017.03.08-18.23.26:212][  0]LogUObjectArray: CloseDisregardForGC: 0/0 objects in disregard for GC pool
[2017.03.08-18.23.26:320][  0]LogEngine: Initializing Engine...
[2017.03.08-18.23.26:526][  0]LogInit: XAudio2 using 'Speakers (Realtek High Definition Audio)' : 2 channels at 44.1 kHz using 16 bits per sample (channel mask 0x3)
[2017.03.08-18.23.26:543][  0]LogInit: FAudioDevice initialized.
[2017.03.08-18.23.26:573][  0]LogInit: Texture streaming: Enabled
[2017.03.08-18.23.26:593][  0]LogMaterial: Uniform references updated for custom material expression Custom.
[2017.03.08-18.23.27:006][  0]LogInit:Display: Game Engine Initialized.
[2017.03.08-18.23.27:099][  0]LogInit:Display: Starting Game.
[2017.03.08-18.23.27:099][  0]LogNet: Browse: /Temp/Autosaves/Game/Maps-Levels/Fort/UEDPCFort_Exploration?Name=Player
[2017.03.08-18.23.27:099][  0]LogLoad: LoadMap: /Temp/Autosaves/Game/Maps-Levels/Fort/UEDPCFort_Exploration?Name=Player
[2017.03.08-18.23.27:130][  0]LogMemory: Platform Memory Stats for Windows
[2017.03.08-18.23.27:130][  0]LogMemory: Process Physical Memory: 612.01 MB used, 660.79 MB peak
[2017.03.08-18.23.27:130][  0]LogMemory: Process Virtual Memory: 686.23 MB used, 691.95 MB peak
[2017.03.08-18.23.27:130][  0]LogMemory: Physical Memory: 7059.60 MB used,  1044.68 MB free, 8104.27 MB total
[2017.03.08-18.23.27:130][  0]LogMemory: Virtual Memory: 1322.15 MB used,  1044.68 MB free, 134217728.00 MB total
[2017.03.08-18.23.27:130][  0]LogMemory: 
[2017.03.08-18.23.27:130][  0]Allocator Stats for TBB: (not implemented)
[2017.03.08-18.23.28:152][  0]LogAIModule: Creating AISystem for world Fort_Exploration
[2017.03.08-18.23.28:152][  0]LogLoad: Game class is 'abyssExplorationMode_C'
[2017.03.08-18.23.28:168][  0]LogWorld: Bringing World /Temp/Autosaves/Game/Maps-Levels/Fort/UEDPCFort_Exploration.Fort_Exploration up for play (max tick rate 0) at 2017.03.08-13.23.28
[2017.03.08-18.23.28:170][  0]LogWorld: Bringing up level for play took: 0.016732
[2017.03.08-18.23.28:177][  0]LogLoad: Took 1.078493 seconds to LoadMap(/Temp/Autosaves/Game/Maps-Levels/Fort/UEDPCFort_Exploration)
[2017.03.08-18.23.28:480][  0]LogLoad: (Engine Initialization) Total time: 11.62 seconds
[2017.03.08-18.23.28:480][  0]LogLoad: (Engine Initialization) Total Blueprint compile time: 0.51 seconds
[2017.03.08-18.23.28:480][  0]LogExternalProfiler: Found external profiler: VSPerf
[2017.03.08-18.23.28:480][  0]LogExternalProfiler: Using external profiler: VSPerf
[2017.03.08-18.23.28:616][  2]LogRenderer: Reallocating scene render targets to support 1280x720 NumSamples 1 (Frame:2).
[2017.03.08-18.23.36:953][473]LogPackageName: SearchForPackageOnDisk took   0.093s to resolve Fort_Battle.umap.
[2017.03.08-18.23.37:040][474]LogPackageName: SearchForPackageOnDisk took   0.081s to resolve Fort_Battle.umap.
[2017.03.08-18.23.37:040][474]LogNet: Browse: /Game/Maps-Levels/Fort_Battle
[2017.03.08-18.23.37:040][474]LogLoad: LoadMap: /Game/Maps-Levels/Fort_Battle
[2017.03.08-18.23.37:090][474]LogAudio:Warning: Audio Component is being destroyed without stopping looping sound 'ambientBackground'
[2017.03.08-18.23.37:123][474]LogMemory: Platform Memory Stats for Windows
[2017.03.08-18.23.37:123][474]LogMemory: Process Physical Memory: 697.38 MB used, 697.38 MB peak
[2017.03.08-18.23.37:123][474]LogMemory: Process Virtual Memory: 895.48 MB used, 895.48 MB peak
[2017.03.08-18.23.37:123][474]LogMemory: Physical Memory: 7127.05 MB used,  977.22 MB free, 8104.27 MB total
[2017.03.08-18.23.37:123][474]LogMemory: Virtual Memory: 1543.21 MB used,  977.22 MB free, 134217728.00 MB total
[2017.03.08-18.23.37:123][474]LogMemory: 
[2017.03.08-18.23.37:123][474]Allocator Stats for TBB: (not implemented)
[2017.03.08-18.23.37:870][474]LogAIModule: Creating AISystem for world Fort_Battle
[2017.03.08-18.23.37:870][474]LogLoad: Game class is 'abyssBattleScene_C'
[2017.03.08-18.23.37:874][474]LogWorld: Bringing World /Game/Maps-Levels/Fort_Battle.Fort_Battle up for play (max tick rate 0) at 2017.03.08-13.23.37
[2017.03.08-18.23.37:874][474]LogWorld: Bringing up level for play took: 0.002580
[2017.03.08-18.23.37:874][474]LogGameMode: Warning - PATHS NOT DEFINED or NO PLAYERSTART with positive rating
[2017.03.08-18.23.37:886][474]LogLoad: Took 0.846752 seconds to LoadMap(/Game/Maps-Levels/Fort_Battle)
[2017.03.08-18.23.53:746][448]LogBlueprintUserMessages: [BattleHUD_C_0] Attack missed!
[2017.03.08-18.24.00:770][883]LogBlueprintUserMessages: [BattleHUD_C_0] Enemy missed!
[2017.03.08-18.24.02:190][971]LogBlueprintUserMessages: [BattleHUD_C_0] Enemy is dead
[2017.03.08-18.24.08:215][339]LogPackageName: SearchForPackageOnDisk took   0.087s to resolve Fort_Exploration.umap.
[2017.03.08-18.24.08:297][339]LogPackageName: SearchForPackageOnDisk took   0.080s to resolve Fort_Exploration.umap.
[2017.03.08-18.24.08:297][339]LogNet: Browse: /Game/Maps-Levels/Fort/Fort_Exploration
[2017.03.08-18.24.08:297][339]LogLoad: LoadMap: /Game/Maps-Levels/Fort/Fort_Exploration
[2017.03.08-18.24.08:354][339]LogMemory: Platform Memory Stats for Windows
[2017.03.08-18.24.08:354][339]LogMemory: Process Physical Memory: 705.84 MB used, 707.55 MB peak
[2017.03.08-18.24.08:354][339]LogMemory: Process Virtual Memory: 927.29 MB used, 978.97 MB peak
[2017.03.08-18.24.08:354][339]LogMemory: Physical Memory: 7149.54 MB used,  954.73 MB free, 8104.27 MB total
[2017.03.08-18.24.08:354][339]LogMemory: Virtual Memory: 1570.40 MB used,  954.73 MB free, 134217728.00 MB total
[2017.03.08-18.24.08:354][339]LogMemory: 
[2017.03.08-18.24.08:354][339]Allocator Stats for TBB: (not implemented)
[2017.03.08-18.24.09:302][339]LogAIModule: Creating AISystem for world Fort_Exploration
[2017.03.08-18.24.09:302][339]LogLoad: Game class is 'abyssExplorationMode_C'
[2017.03.08-18.24.09:318][339]LogWorld: Bringing World /Game/Maps-Levels/Fort/Fort_Exploration.Fort_Exploration up for play (max tick rate 0) at 2017.03.08-13.24.09
[2017.03.08-18.24.09:319][339]LogWorld: Bringing up level for play took: 0.015981
[2017.03.08-18.24.09:327][339]LogLoad: Took 1.031450 seconds to LoadMap(/Game/Maps-Levels/Fort/Fort_Exploration)
[2017.03.08-18.24.16:986][805]LogBlueprintUserMessages: [checkPoint_486] Checkpoint!
[2017.03.08-18.24.24:342][256]LogPackageName: SearchForPackageOnDisk took   0.076s to resolve Fort_Battle.umap.
[2017.03.08-18.24.24:418][257]LogPackageName: SearchForPackageOnDisk took   0.072s to resolve Fort_Battle.umap.
[2017.03.08-18.24.24:418][257]LogNet: Browse: /Game/Maps-Levels/Fort_Battle
[2017.03.08-18.24.24:418][257]LogLoad: LoadMap: /Game/Maps-Levels/Fort_Battle
[2017.03.08-18.24.24:479][257]LogMemory: Platform Memory Stats for Windows
[2017.03.08-18.24.24:479][257]LogMemory: Process Physical Memory: 711.50 MB used, 711.50 MB peak
[2017.03.08-18.24.24:479][257]LogMemory: Process Virtual Memory: 919.32 MB used, 983.96 MB peak
[2017.03.08-18.24.24:479][257]LogMemory: Physical Memory: 7163.78 MB used,  940.49 MB free, 8104.27 MB total
[2017.03.08-18.24.24:479][257]LogMemory: Virtual Memory: 1561.71 MB used,  940.49 MB free, 134217728.00 MB total
[2017.03.08-18.24.24:479][257]LogMemory: 
[2017.03.08-18.24.24:479][257]Allocator Stats for TBB: (not implemented)
[2017.03.08-18.24.25:218][257]LogAIModule: Creating AISystem for world Fort_Battle
[2017.03.08-18.24.25:218][257]LogLoad: Game class is 'abyssBattleScene_C'
[2017.03.08-18.24.25:227][257]LogWorld: Bringing World /Game/Maps-Levels/Fort_Battle.Fort_Battle up for play (max tick rate 0) at 2017.03.08-13.24.25
[2017.03.08-18.24.25:228][257]LogWorld: Bringing up level for play took: 0.007934
[2017.03.08-18.24.25:228][257]LogGameMode: Warning - PATHS NOT DEFINED or NO PLAYERSTART with positive rating
[2017.03.08-18.24.25:235][257]LogLoad: Took 0.817550 seconds to LoadMap(/Game/Maps-Levels/Fort_Battle)
[2017.03.08-18.24.41:524][258]Set new viewmode: Lit
[2017.03.08-18.24.43:689][390]LogWindowsTextInputMethodSystem:Display: IME system now deactivated.
[2017.03.08-18.24.43:691][390]LogWindowsTextInputMethodSystem:Display: IME system now deactivated.
[2017.03.08-18.24.43:693][390]LogEngine: All Windows Closed
[2017.03.08-18.24.43:693][390]LogWindows: FPlatformMisc::RequestExit(0)
[2017.03.08-18.24.43:694][391]LogMoviePlayer: Shutting down movie player
[2017.03.08-18.24.44:373][391]LogExit: Preparing to exit.
[2017.03.08-18.24.44:455][391]LogExit: Game engine shut down
[2017.03.08-18.24.44:548][391]LogObj: Freed 0b from 0 cluster array pools.
[2017.03.08-18.24.44:548][391]LogExit: Object subsystem successfully closed.
[2017.03.08-18.24.44:568][391]LogD3D11RHI: Shutdown
[2017.03.08-18.24.44:568][391]LogD3D11RHI: CleanupD3DDevice
[2017.03.08-18.24.44:644][391]LogD3D11RHI: ~FD3D11DynamicRHI
[2017.03.08-18.24.44:678][391]LogModuleManager: Shutting down and abandoning module SequenceRecorderSections (115)
[2017.03.08-18.24.44:678][391]LogModuleManager: Shutting down and abandoning module SequenceRecorder (114)
[2017.03.08-18.24.44:678][391]LogModuleManager: Shutting down and abandoning module AutomationController (113)
[2017.03.08-18.24.44:678][391]LogModuleManager: Shutting down and abandoning module AutomationWorker (112)
[2017.03.08-18.24.44:679][391]LogModuleManager: Shutting down and abandoning module GameplayDebugger (111)
[2017.03.08-18.24.44:679][391]LogModuleManager: Shutting down and abandoning module AITestSuite (110)
[2017.03.08-18.24.44:679][391]LogModuleManager: Shutting down and abandoning module AIModule (109)
[2017.03.08-18.24.44:679][391]LogModuleManager: Shutting down and abandoning module Media (108)
[2017.03.08-18.24.44:679][391]LogModuleManager: Shutting down and abandoning module WmfMediaFactory (107)
[2017.03.08-18.24.44:679][391]LogModuleManager: Shutting down and abandoning module CharacterAI (106)
[2017.03.08-18.24.44:679][391]LogModuleManager: Shutting down and abandoning module SessionServices (105)
[2017.03.08-18.24.44:679][391]LogModuleManager: Shutting down and abandoning module MovieSceneCapture (104)
[2017.03.08-18.24.44:679][391]LogModuleManager: Shutting down and abandoning module GeometryCacheEd (103)
[2017.03.08-18.24.44:679][391]LogModuleManager: Shutting down and abandoning module GeometryCache (102)
[2017.03.08-18.24.44:679][391]LogModuleManager: Shutting down and abandoning module Niagara (101)
[2017.03.08-18.24.44:679][391]LogModuleManager: Shutting down and abandoning module StreamingPauseRendering (100)
[2017.03.08-18.24.44:679][391]LogModuleManager: Shutting down and abandoning module PortalServices (99)
[2017.03.08-18.24.44:679][391]LogModuleManager: Shutting down and abandoning module PortalRpc (98)
[2017.03.08-18.24.44:679][391]LogModuleManager: Shutting down and abandoning module MessagingRpc (97)
[2017.03.08-18.24.44:679][391]LogModuleManager: Shutting down and abandoning module ProfilerService (96)
[2017.03.08-18.24.44:862][391]LogModuleManager: Shutting down and abandoning module TaskGraph (95)
[2017.03.08-18.24.44:862][391]LogModuleManager: Shutting down and abandoning module SlateRemote (94)
[2017.03.08-18.24.44:862][391]LogModuleManager: Shutting down and abandoning module ProceduralMeshComponent (93)
[2017.03.08-18.24.44:862][391]LogModuleManager: Shutting down and abandoning module CustomMeshComponent (92)
[2017.03.08-18.24.44:862][391]LogModuleManager: Shutting down and abandoning module CableComponent (91)
[2017.03.08-18.24.44:862][391]LogModuleManager: Shutting down and abandoning module ArchVisCharacter (90)
[2017.03.08-18.24.44:862][391]LogModuleManager: Shutting down and abandoning module HTML5Networking (88)
[2017.03.08-18.24.44:862][391]LogModuleManager: Shutting down and abandoning module DesktopPlatform (87)
[2017.03.08-18.24.44:862][391]LogModuleManager: Shutting down and abandoning module DirectoryWatcher (86)
[2017.03.08-18.24.44:862][391]LogModuleManager: Shutting down and abandoning module HotReload (85)
[2017.03.08-18.24.44:862][391]LogModuleManager: Shutting down and abandoning module VisualStudioSourceCodeAccess (84)
[2017.03.08-18.24.44:862][391]LogModuleManager: Shutting down and abandoning module UObjectPlugin (83)
[2017.03.08-18.24.44:862][391]LogModuleManager: Shutting down and abandoning module SubversionSourceControl (82)
[2017.03.08-18.24.44:862][391]LogModuleManager: Shutting down and abandoning module SourceControl (81)
[2017.03.08-18.24.44:862][391]LogModuleManager: Shutting down and abandoning module PerforceSourceControl (80)
[2017.03.08-18.24.44:862][391]LogModuleManager: Shutting down and abandoning module LightPropagationVolumeRuntime (79)
[2017.03.08-18.24.44:862][391]LogModuleManager: Shutting down and abandoning module Paper2D (78)
[2017.03.08-18.24.44:862][391]LogModuleManager: Shutting down and abandoning module WindowsMoviePlayer (77)
[2017.03.08-18.24.44:862][391]LogModuleManager: Shutting down and abandoning module WmfMedia (76)
[2017.03.08-18.24.44:863][391]LogModuleManager: Shutting down and abandoning module MediaAssets (75)
[2017.03.08-18.24.44:863][391]LogModuleManager: Shutting down and abandoning module GameLiveStreaming (74)
[2017.03.08-18.24.44:863][391]LogModuleManager: Shutting down and abandoning module GameplayTagsEditor (73)
[2017.03.08-18.24.44:863][391]LogModuleManager: Shutting down and abandoning module VREditor (72)
[2017.03.08-18.24.44:863][391]LogModuleManager: Shutting down and abandoning module GameplayTasksEditor (71)
[2017.03.08-18.24.44:863][391]LogModuleManager: Shutting down and abandoning module BehaviorTreeEditor (70)
[2017.03.08-18.24.44:863][391]LogModuleManager: Shutting down and abandoning module FunctionalTesting (69)
[2017.03.08-18.24.44:863][391]LogModuleManager: Shutting down and abandoning module CollisionAnalyzer (68)
[2017.03.08-18.24.44:863][391]LogModuleManager: Shutting down and abandoning module Sequencer (67)
[2017.03.08-18.24.44:863][391]LogModuleManager: Shutting down and abandoning module WorkspaceMenuStructure (66)
[2017.03.08-18.24.44:863][391]LogModuleManager: Shutting down and abandoning module MessageLog (65)
[2017.03.08-18.24.44:863][391]LogModuleManager: Shutting down and abandoning module AssetTools (64)
[2017.03.08-18.24.44:863][391]LogModuleManager: Shutting down and abandoning module UMGEditor (63)
[2017.03.08-18.24.44:863][391]LogModuleManager: Shutting down and abandoning module UMG (62)
[2017.03.08-18.24.44:863][391]LogModuleManager: Shutting down and abandoning module SlateReflector (61)
[2017.03.08-18.24.44:863][391]LogModuleManager: Shutting down and abandoning module Slate (60)
[2017.03.08-18.24.44:863][391]LogModuleManager: Shutting down and abandoning module EditorStyle (59)
[2017.03.08-18.24.44:865][391]LogModuleManager: Shutting down and abandoning module Messaging (58)
[2017.03.08-18.24.44:865][391]LogModuleManager: Shutting down and abandoning module SourceCodeAccess (57)
[2017.03.08-18.24.44:865][391]LogModuleManager: Shutting down and abandoning module HeadMountedDisplay (56)
[2017.03.08-18.24.44:865][391]LogModuleManager: Shutting down and abandoning module XAudio2 (55)
[2017.03.08-18.24.44:865][391]LogModuleManager: Shutting down and abandoning module Networking (53)
[2017.03.08-18.24.44:865][391]LogModuleManager: Shutting down and abandoning module Core (52)
[2017.03.08-18.24.44:865][391]LogModuleManager: Shutting down and abandoning module KismetCompiler (51)
[2017.03.08-18.24.44:865][391]LogModuleManager: Shutting down and abandoning module PhysXFormats (50)
[2017.03.08-18.24.44:865][391]LogModuleManager: Shutting down and abandoning module SimplygonSwarm (49)
[2017.03.08-18.24.44:865][391]LogModuleManager: Shutting down and abandoning module SimplygonMeshReduction (48)
[2017.03.08-18.24.44:865][391]LogModuleManager: Shutting down and abandoning module QuadricMeshReduction (47)
[2017.03.08-18.24.44:865][391]LogModuleManager: Shutting down and abandoning module PropertyEditor (46)
[2017.03.08-18.24.44:865][391]LogModuleManager: Shutting down and abandoning module MeshUtilities (45)
[2017.03.08-18.24.44:865][391]LogModuleManager: Shutting down and abandoning module AssetRegistry (44)
[2017.03.08-18.24.44:865][391]LogModuleManager: Shutting down and abandoning module DerivedDataCache (43)
[2017.03.08-18.24.44:948][391]LogDerivedDataCache: Shutdown
[2017.03.08-18.24.44:948][391]LogModuleManager: Shutting down and abandoning module VulkanShaderFormat (42)
[2017.03.08-18.24.44:948][391]LogModuleManager: Shutting down and abandoning module ShaderFormatOpenGL (41)
[2017.03.08-18.24.44:948][391]LogModuleManager: Shutting down and abandoning module ShaderFormatD3D (40)
[2017.03.08-18.24.44:948][391]LogModuleManager: Shutting down and abandoning module MetalShaderFormat (39)
[2017.03.08-18.24.44:948][391]LogModuleManager: Shutting down and abandoning module TextureFormatUncompressed (38)
[2017.03.08-18.24.44:948][391]LogModuleManager: Shutting down and abandoning module TextureFormatPVR (37)
[2017.03.08-18.24.44:948][391]LogModuleManager: Shutting down and abandoning module TextureFormatDXT (36)
[2017.03.08-18.24.44:948][391]LogModuleManager: Shutting down and abandoning module TextureFormatIntelISPCTexComp (35)
[2017.03.08-18.24.44:948][391]LogModuleManager: Shutting down and abandoning module ImageWrapper (34)
[2017.03.08-18.24.44:948][391]LogModuleManager: Shutting down and abandoning module TextureFormatASTC (33)
[2017.03.08-18.24.44:948][391]LogModuleManager: Shutting down and abandoning module TextureFormatAndroid (32)
[2017.03.08-18.24.44:948][391]LogModuleManager: Shutting down and abandoning module AudioFormatOpus (31)
[2017.03.08-18.24.44:948][391]LogModuleManager: Shutting down and abandoning module AudioFormatOgg (30)
[2017.03.08-18.24.44:948][391]LogModuleManager: Shutting down and abandoning module AudioFormatADPCM (29)
[2017.03.08-18.24.44:948][391]LogModuleManager: Shutting down and abandoning module WindowsTargetPlatform (28)
[2017.03.08-18.24.44:948][391]LogModuleManager: Shutting down and abandoning module WindowsServerTargetPlatform (27)
[2017.03.08-18.24.44:948][391]LogModuleManager: Shutting down and abandoning module WindowsNoEditorTargetPlatform (26)
[2017.03.08-18.24.44:948][391]LogModuleManager: Shutting down and abandoning module WindowsClientTargetPlatform (25)
[2017.03.08-18.24.44:949][391]LogModuleManager: Shutting down and abandoning module TargetPlatform (24)
[2017.03.08-18.24.44:949][391]LogModuleManager: Shutting down and abandoning module InputCore (23)
[2017.03.08-18.24.44:949][391]LogModuleManager: Shutting down and abandoning module Settings (22)
[2017.03.08-18.24.44:949][391]LogModuleManager: Shutting down and abandoning module ExampleDeviceProfileSelector (21)
[2017.03.08-18.24.44:949][391]LogModuleManager: Shutting down and abandoning module OnlineBlueprintSupport (20)
[2017.03.08-18.24.44:949][391]LogModuleManager: Shutting down and abandoning module OnlineSubsystem (18)
[2017.03.08-18.24.44:949][391]LogOnline:Display: Unloading online subsystem: NULL
[2017.03.08-18.24.44:949][391]LogModuleManager: Shutting down and abandoning module SSL (17)
[2017.03.08-18.24.44:950][391]LogModuleManager: Shutting down and abandoning module HTTP (16)
[2017.03.08-18.24.44:950][391]LogModuleManager: Shutting down and abandoning module XMPP (15)
[2017.03.08-18.24.44:950][391]LogModuleManager: Shutting down and abandoning module TextureCompressor (14)
[2017.03.08-18.24.44:950][391]LogModuleManager: Shutting down and abandoning module ShaderCore (13)
[2017.03.08-18.24.44:950][391]LogModuleManager: Shutting down and abandoning module Landscape (12)
[2017.03.08-18.24.44:950][391]LogModuleManager: Shutting down and abandoning module SlateRHIRenderer (11)
[2017.03.08-18.24.44:951][391]LogModuleManager: Shutting down and abandoning module OpenGLDrv (10)
[2017.03.08-18.24.44:951][391]LogModuleManager: Shutting down and abandoning module D3D11RHI (9)
[2017.03.08-18.24.44:951][391]LogModuleManager: Shutting down and abandoning module AnimGraphRuntime (8)
[2017.03.08-18.24.44:951][391]LogModuleManager: Shutting down and abandoning module Renderer (7)
[2017.03.08-18.24.44:951][391]LogModuleManager: Shutting down and abandoning module Engine (6)
[2017.03.08-18.24.44:951][391]LogModuleManager: Shutting down and abandoning module CoreUObject (5)
[2017.03.08-18.24.44:951][391]LogModuleManager: Shutting down and abandoning module NetworkFile (4)
[2017.03.08-18.24.44:951][391]LogModuleManager: Shutting down and abandoning module StreamingFile (3)
[2017.03.08-18.24.44:951][391]LogModuleManager: Shutting down and abandoning module SandboxFile (2)
[2017.03.08-18.24.44:951][391]LogModuleManager: Shutting down and abandoning module PakFile (1)
[2017.03.08-18.24.44:953][391]LogExit: Exiting.
[2017.03.08-18.24.44:958][391]Log file closed, 03/08/17 13:24:44
