Log file open, 03/05/17 12:49:25
LogInit:Display: Running engine for game: Abyss
LogPlatformFile: Not using cached read wrapper
LogInit:Display: RandInit(2015028071) SRandInit(2015028071).
LogTaskGraph: Started task graph with 5 named threads and 8 total threads with 1 sets of task threads.
LogStats: Stats thread started at 0.082682
LogPluginManager: Loaded Plugin Paper2D, From C:/Program Files/Epic Games/UE_4.14/Engine/Plugins/2D/Paper2D/Paper2D.uplugin
LogPluginManager: Loaded Plugin LightPropagationVolume, From C:/Program Files/Epic Games/UE_4.14/Engine/Plugins/Blendables/LightPropagationVolume/LightPropagationVolume.uplugin
LogPluginManager: Loaded Plugin BlankPlugin, From C:/Program Files/Epic Games/UE_4.14/Engine/Plugins/Developer/BlankPlugin/BlankPlugin.uplugin
LogPluginManager: Loaded Plugin CodeLiteSourceCodeAccess, From C:/Program Files/Epic Games/UE_4.14/Engine/Plugins/Developer/CodeLiteSourceCodeAccess/CodeLiteSourceCodeAccess.uplugin
LogPluginManager: Loaded Plugin GitSourceControl, From C:/Program Files/Epic Games/UE_4.14/Engine/Plugins/Developer/GitSourceControl/GitSourceControl.uplugin
LogPluginManager: Loaded Plugin KDevelopSourceCodeAccess, From C:/Program Files/Epic Games/UE_4.14/Engine/Plugins/Developer/KDevelopSourceCodeAccess/KDevelopSourceCodeAccess.uplugin
LogPluginManager: Loaded Plugin NullSourceCodeAccess, From C:/Program Files/Epic Games/UE_4.14/Engine/Plugins/Developer/NullSourceCodeAccess/NullSourceCodeAccess.uplugin
LogPluginManager: Loaded Plugin OneSkyLocalizationService, From C:/Program Files/Epic Games/UE_4.14/Engine/Plugins/Developer/OneSkyLocalizationService/OneSkyLocalizationService.uplugin
LogPluginManager: Loaded Plugin PerforceSourceControl, From C:/Program Files/Epic Games/UE_4.14/Engine/Plugins/Developer/PerforceSourceControl/PerforceSourceControl.uplugin
LogPluginManager: Loaded Plugin SubversionSourceControl, From C:/Program Files/Epic Games/UE_4.14/Engine/Plugins/Developer/SubversionSourceControl/SubversionSourceControl.uplugin
LogPluginManager: Loaded Plugin UObjectPlugin, From C:/Program Files/Epic Games/UE_4.14/Engine/Plugins/Developer/UObjectPlugin/UObjectPlugin.uplugin
LogPluginManager: Loaded Plugin VisualStudioSourceCodeAccess, From C:/Program Files/Epic Games/UE_4.14/Engine/Plugins/Developer/VisualStudioSourceCodeAccess/VisualStudioSourceCodeAccess.uplugin
LogPluginManager: Loaded Plugin XCodeSourceCodeAccess, From C:/Program Files/Epic Games/UE_4.14/Engine/Plugins/Developer/XCodeSourceCodeAccess/XCodeSourceCodeAccess.uplugin
LogPluginManager: Loaded Plugin AudioCapture, From C:/Program Files/Epic Games/UE_4.14/Engine/Plugins/Editor/AudioCapture/AudioCapture.uplugin
LogPluginManager: Loaded Plugin EpicSurvey, From C:/Program Files/Epic Games/UE_4.14/Engine/Plugins/Editor/EpicSurvey/EpicSurvey.uplugin
LogPluginManager: Loaded Plugin MacGraphicsSwitching, From C:/Program Files/Epic Games/UE_4.14/Engine/Plugins/Editor/MacGraphicsSwitching/MacGraphicsSwitching.uplugin
LogPluginManager: Loaded Plugin MobileLauncherProfileWizard, From C:/Program Files/Epic Games/UE_4.14/Engine/Plugins/Editor/MobileLauncherProfileWizard/MobileLauncherProfileWizard.uplugin
LogPluginManager: Loaded Plugin PluginBrowser, From C:/Program Files/Epic Games/UE_4.14/Engine/Plugins/Editor/PluginBrowser/PluginBrowser.uplugin
LogPluginManager: Loaded Plugin SpeedTreeImporter, From C:/Program Files/Epic Games/UE_4.14/Engine/Plugins/Editor/SpeedTreeImporter/SpeedTreeImporter.uplugin
LogPluginManager: Loaded Plugin SuperSearchEditor, From C:/Program Files/Epic Games/UE_4.14/Engine/Plugins/Editor/SuperSearchEditor/SuperSearchEditor.uplugin
LogPluginManager: Loaded Plugin AlembicImporter, From C:/Program Files/Epic Games/UE_4.14/Engine/Plugins/Experimental/AlembicImporter/AlembicImporter.uplugin
LogPluginManager: Loaded Plugin BlueprintStats, From C:/Program Files/Epic Games/UE_4.14/Engine/Plugins/Experimental/BlueprintStats/BlueprintStats.uplugin
LogPluginManager: Loaded Plugin CharacterAI, From C:/Program Files/Epic Games/UE_4.14/Engine/Plugins/Experimental/CharacterAI/CharacterAI.uplugin
LogPluginManager: Loaded Plugin CodeEditor, From C:/Program Files/Epic Games/UE_4.14/Engine/Plugins/Experimental/CodeEditor/CodeEditor.uplugin
LogPluginManager: Loaded Plugin CodeView, From C:/Program Files/Epic Games/UE_4.14/Engine/Plugins/Experimental/CodeView/CodeView.uplugin
LogPluginManager: Loaded Plugin HTML5Networking, From C:/Program Files/Epic Games/UE_4.14/Engine/Plugins/Experimental/HTML5Networking/HTML5Networking.uplugin
LogPluginManager: Loaded Plugin OSVR, From C:/Program Files/Epic Games/UE_4.14/Engine/Plugins/Experimental/OSVR/OSVR.uplugin
LogPluginManager: Loaded Plugin Phya, From C:/Program Files/Epic Games/UE_4.14/Engine/Plugins/Experimental/Phya/Phya.uplugin
LogPluginManager: Loaded Plugin SignificanceManager, From C:/Program Files/Epic Games/UE_4.14/Engine/Plugins/Experimental/SignificanceManager/SignificanceManager.uplugin
LogPluginManager: Loaded Plugin SimpleHMD, From C:/Program Files/Epic Games/UE_4.14/Engine/Plugins/Experimental/SimpleHMD/SimpleHMD.uplugin
LogPluginManager: Loaded Plugin StereoPanorama, From C:/Program Files/Epic Games/UE_4.14/Engine/Plugins/Experimental/StereoPanorama/StereoPanorama.uplugin
LogPluginManager: Loaded Plugin StructBox, From C:/Program Files/Epic Games/UE_4.14/Engine/Plugins/Experimental/StructBox/StructBox.uplugin
LogPluginManager: Loaded Plugin AndroidMedia, From C:/Program Files/Epic Games/UE_4.14/Engine/Plugins/Media/AndroidMedia/AndroidMedia.uplugin
LogPluginManager: Loaded Plugin AvfMedia, From C:/Program Files/Epic Games/UE_4.14/Engine/Plugins/Media/AvfMedia/AvfMedia.uplugin
LogPluginManager: Loaded Plugin MediaPlayerEditor, From C:/Program Files/Epic Games/UE_4.14/Engine/Plugins/Media/MediaPlayerEditor/MediaPlayerEditor.uplugin
LogPluginManager: Loaded Plugin WmfMedia, From C:/Program Files/Epic Games/UE_4.14/Engine/Plugins/Media/WmfMedia/WmfMedia.uplugin
LogPluginManager: Loaded Plugin MessagingDebugger, From C:/Program Files/Epic Games/UE_4.14/Engine/Plugins/Messaging/MessagingDebugger/MessagingDebugger.uplugin
LogPluginManager: Loaded Plugin TcpMessaging, From C:/Program Files/Epic Games/UE_4.14/Engine/Plugins/Messaging/TcpMessaging/TcpMessaging.uplugin
LogPluginManager: Loaded Plugin UdpMessaging, From C:/Program Files/Epic Games/UE_4.14/Engine/Plugins/Messaging/UdpMessaging/UdpMessaging.uplugin
LogPluginManager: Loaded Plugin LevelSequenceEditor, From C:/Program Files/Epic Games/UE_4.14/Engine/Plugins/MovieScene/LevelSequenceEditor/LevelSequenceEditor.uplugin
LogPluginManager: Loaded Plugin MatineeToLevelSequence, From C:/Program Files/Epic Games/UE_4.14/Engine/Plugins/MovieScene/MatineeToLevelSequence/MatineeToLevelSequence.uplugin
LogPluginManager: Loaded Plugin NetcodeUnitTest, From C:/Program Files/Epic Games/UE_4.14/Engine/Plugins/NetcodeUnitTest/NetcodeUnitTest/NetcodeUnitTest.uplugin
LogPluginManager: Loaded Plugin NUTUnrealEngine4, From C:/Program Files/Epic Games/UE_4.14/Engine/Plugins/NetcodeUnitTest/NUTUnrealEngine4/NUTUnrealEngine4.uplugin
LogPluginManager: Loaded Plugin OnlineSubsystemGameCircle, From C:/Program Files/Epic Games/UE_4.14/Engine/Plugins/Online/Android/OnlineSubsystemGameCircle/OnlineSubsystemGameCircle.uplugin
LogPluginManager: Loaded Plugin OnlineSubsystemGooglePlay, From C:/Program Files/Epic Games/UE_4.14/Engine/Plugins/Online/Android/OnlineSubsystemGooglePlay/OnlineSubsystemGooglePlay.uplugin
LogPluginManager: Loaded Plugin OnlineSubsystemIOS, From C:/Program Files/Epic Games/UE_4.14/Engine/Plugins/Online/IOS/OnlineSubsystemIOS/OnlineSubsystemIOS.uplugin
LogPluginManager: Loaded Plugin OnlineFramework, From C:/Program Files/Epic Games/UE_4.14/Engine/Plugins/Online/OnlineFramework/OnlineFramework.uplugin
LogPluginManager: Loaded Plugin OnlineSubsystem, From C:/Program Files/Epic Games/UE_4.14/Engine/Plugins/Online/OnlineSubsystem/OnlineSubsystem.uplugin
LogPluginManager: Loaded Plugin OnlineSubsystemAmazon, From C:/Program Files/Epic Games/UE_4.14/Engine/Plugins/Online/OnlineSubsystemAmazon/OnlineSubsystemAmazon.uplugin
LogPluginManager: Loaded Plugin OnlineSubsystemFacebook, From C:/Program Files/Epic Games/UE_4.14/Engine/Plugins/Online/OnlineSubsystemFacebook/OnlineSubsystemFacebook.uplugin
LogPluginManager: Loaded Plugin OnlineSubsystemNull, From C:/Program Files/Epic Games/UE_4.14/Engine/Plugins/Online/OnlineSubsystemNull/OnlineSubsystemNull.uplugin
LogPluginManager: Loaded Plugin OnlineSubsystemOculus, From C:/Program Files/Epic Games/UE_4.14/Engine/Plugins/Online/OnlineSubsystemOculus/OnlineSubsystemOculus.uplugin
LogPluginManager: Loaded Plugin OnlineSubsystemSteam, From C:/Program Files/Epic Games/UE_4.14/Engine/Plugins/Online/OnlineSubsystemSteam/OnlineSubsystemSteam.uplugin
LogPluginManager: Loaded Plugin OnlineSubsystemUtils, From C:/Program Files/Epic Games/UE_4.14/Engine/Plugins/Online/OnlineSubsystemUtils/OnlineSubsystemUtils.uplugin
LogPluginManager: Loaded Plugin IOSTapJoy, From C:/Program Files/Epic Games/UE_4.14/Engine/Plugins/Runtime/Advertising/IOSTapJoy/IOSTapJoy.uplugin
LogPluginManager: Loaded Plugin AnalyticsBlueprintLibrary, From C:/Program Files/Epic Games/UE_4.14/Engine/Plugins/Runtime/Analytics/AnalyticsBlueprintLibrary/AnalyticsBlueprintLibrary.uplugin
LogPluginManager: Loaded Plugin AnalyticsMulticast, From C:/Program Files/Epic Games/UE_4.14/Engine/Plugins/Runtime/Analytics/AnalyticsMulticast/AnalyticsMulticast.uplugin
LogPluginManager: Loaded Plugin Apsalar, From C:/Program Files/Epic Games/UE_4.14/Engine/Plugins/Runtime/Analytics/Apsalar/Apsalar.uplugin
LogPluginManager: Loaded Plugin FileLogging, From C:/Program Files/Epic Games/UE_4.14/Engine/Plugins/Runtime/Analytics/FileLogging/FileLogging.uplugin
LogPluginManager: Loaded Plugin Flurry, From C:/Program Files/Epic Games/UE_4.14/Engine/Plugins/Runtime/Analytics/Flurry/Flurry.uplugin
LogPluginManager: Loaded Plugin AndroidDeviceProfileSelector, From C:/Program Files/Epic Games/UE_4.14/Engine/Plugins/Runtime/AndroidDeviceProfileSelector/AndroidDeviceProfileSelector.uplugin
LogPluginManager: Loaded Plugin AndroidMoviePlayer, From C:/Program Files/Epic Games/UE_4.14/Engine/Plugins/Runtime/AndroidMoviePlayer/AndroidMoviePlayer.uplugin
LogPluginManager: Loaded Plugin AppleMoviePlayer, From C:/Program Files/Epic Games/UE_4.14/Engine/Plugins/Runtime/AppleMoviePlayer/AppleMoviePlayer.uplugin
LogPluginManager: Loaded Plugin ArchVisCharacter, From C:/Program Files/Epic Games/UE_4.14/Engine/Plugins/Runtime/ArchVisCharacter/ArchVisCharacter.uplugin
LogPluginManager: Loaded Plugin CableComponent, From C:/Program Files/Epic Games/UE_4.14/Engine/Plugins/Runtime/CableComponent/CableComponent.uplugin
LogPluginManager: Loaded Plugin CustomMeshComponent, From C:/Program Files/Epic Games/UE_4.14/Engine/Plugins/Runtime/CustomMeshComponent/CustomMeshComponent.uplugin
LogPluginManager: Loaded Plugin ExampleDeviceProfileSelector, From C:/Program Files/Epic Games/UE_4.14/Engine/Plugins/Runtime/ExampleDeviceProfileSelector/ExampleDeviceProfileSelector.uplugin
LogPluginManager: Loaded Plugin GearVR, From C:/Program Files/Epic Games/UE_4.14/Engine/Plugins/Runtime/GearVR/GearVR.uplugin
LogPluginManager: Loaded Plugin GoogleVRController, From C:/Program Files/Epic Games/UE_4.14/Engine/Plugins/Runtime/GoogleVR/GoogleVRController/GoogleVRController.uplugin
LogPluginManager: Loaded Plugin GoogleVRHMD, From C:/Program Files/Epic Games/UE_4.14/Engine/Plugins/Runtime/GoogleVR/GoogleVRHMD/GoogleVRHMD.uplugin
LogPluginManager: Loaded Plugin IOSDeviceProfileSelector, From C:/Program Files/Epic Games/UE_4.14/Engine/Plugins/Runtime/IOSDeviceProfileSelector/IOSDeviceProfileSelector.uplugin
LogPluginManager: Loaded Plugin LeapMotion, From C:/Program Files/Epic Games/UE_4.14/Engine/Plugins/Runtime/LeapMotion/LeapMotion.uplugin
LogPluginManager: Loaded Plugin LinuxDeviceProfileSelector, From C:/Program Files/Epic Games/UE_4.14/Engine/Plugins/Runtime/LinuxDeviceProfileSelector/LinuxDeviceProfileSelector.uplugin
LogPluginManager: Loaded Plugin MIDIDevice, From C:/Program Files/Epic Games/UE_4.14/Engine/Plugins/Runtime/MIDIDevice/MIDIDevice.uplugin
LogPluginManager: Loaded Plugin MobilePatchingUtils, From C:/Program Files/Epic Games/UE_4.14/Engine/Plugins/Runtime/MobilePatchingUtils/MobilePatchingUtils.uplugin
LogPluginManager: Loaded Plugin Ansel, From C:/Program Files/Epic Games/UE_4.14/Engine/Plugins/Runtime/Nvidia/Ansel/Ansel.uplugin
LogPluginManager: Loaded Plugin OculusAudio, From C:/Program Files/Epic Games/UE_4.14/Engine/Plugins/Runtime/OculusAudio/OculusAudio.uplugin
LogPluginManager: Loaded Plugin OculusInput, From C:/Program Files/Epic Games/UE_4.14/Engine/Plugins/Runtime/OculusInput/OculusInput.uplugin
LogPluginManager: Loaded Plugin OculusLibrary, From C:/Program Files/Epic Games/UE_4.14/Engine/Plugins/Runtime/OculusLibrary/OculusLibrary.uplugin
LogPluginManager: Loaded Plugin OculusRift, From C:/Program Files/Epic Games/UE_4.14/Engine/Plugins/Runtime/OculusRift/OculusRift.uplugin
LogPluginManager: Loaded Plugin Oodle, From C:/Program Files/Epic Games/UE_4.14/Engine/Plugins/Runtime/PacketHandlers/CompressionComponents/Oodle/Oodle.uplugin
LogPluginManager: Loaded Plugin ProceduralMeshComponent, From C:/Program Files/Epic Games/UE_4.14/Engine/Plugins/Runtime/ProceduralMeshComponent/ProceduralMeshComponent.uplugin
LogPluginManager: Loaded Plugin SoundMod, From C:/Program Files/Epic Games/UE_4.14/Engine/Plugins/Runtime/SoundMod/SoundMod.uplugin
LogPluginManager: Loaded Plugin SoundVisualizations, From C:/Program Files/Epic Games/UE_4.14/Engine/Plugins/Runtime/SoundVisualizations/SoundVisualizations.uplugin
LogPluginManager: Loaded Plugin SteamController, From C:/Program Files/Epic Games/UE_4.14/Engine/Plugins/Runtime/Steam/SteamController/SteamController.uplugin
LogPluginManager: Loaded Plugin SteamVR, From C:/Program Files/Epic Games/UE_4.14/Engine/Plugins/Runtime/Steam/SteamVR/SteamVR.uplugin
LogPluginManager: Loaded Plugin WebBrowserWidget, From C:/Program Files/Epic Games/UE_4.14/Engine/Plugins/Runtime/WebBrowserWidget/WebBrowserWidget.uplugin
LogPluginManager: Loaded Plugin WindowsDeviceProfileSelector, From C:/Program Files/Epic Games/UE_4.14/Engine/Plugins/Runtime/WindowsDeviceProfileSelector/WindowsDeviceProfileSelector.uplugin
LogPluginManager: Loaded Plugin WindowsMoviePlayer, From C:/Program Files/Epic Games/UE_4.14/Engine/Plugins/Runtime/WindowsMoviePlayer/WindowsMoviePlayer.uplugin
LogPluginManager: Loaded Plugin ScriptPlugin, From C:/Program Files/Epic Games/UE_4.14/Engine/Plugins/ScriptPlugin/ScriptPlugin.uplugin
LogPluginManager: Loaded Plugin SlateRemote, From C:/Program Files/Epic Games/UE_4.14/Engine/Plugins/Slate/SlateRemote/SlateRemote.uplugin
LogPluginManager: Loaded Plugin EditorTests, From C:/Program Files/Epic Games/UE_4.14/Engine/Plugins/Tests/EditorTests/EditorTests.uplugin
LogPluginManager: Loaded Plugin FbxAutomationTestBuilder, From C:/Program Files/Epic Games/UE_4.14/Engine/Plugins/Tests/FbxAutomationTestBuilder/FbxAutomationTestBuilder.uplugin
LogPluginManager: Loaded Plugin FunctionalTestingEditor, From C:/Program Files/Epic Games/UE_4.14/Engine/Plugins/Tests/FunctionalTestingEditor/FunctionalTestingEditor.uplugin
LogPluginManager: Loaded Plugin RuntimeTests, From C:/Program Files/Epic Games/UE_4.14/Engine/Plugins/Tests/RuntimeTests/RuntimeTests.uplugin
LogPluginManager: Loaded Plugin ScreenshotTools, From C:/Program Files/Epic Games/UE_4.14/Engine/Plugins/Tests/ScreenshotTools/ScreenshotTools.uplugin
LogInit: Using libcurl 7.47.1
LogInit:  - built for x86_64-pc-win32
LogInit:  - supports SSL with OpenSSL/1.0.2g
LogInit:  - supports HTTP deflate (compression) using libz 1.2.8
LogInit:  - other features:
LogInit:      CURL_VERSION_SSL
LogInit:      CURL_VERSION_LIBZ
LogInit:      CURL_VERSION_IPV6
LogInit:      CURL_VERSION_ASYNCHDNS
LogInit:      CURL_VERSION_LARGEFILE
LogInit:      CURL_VERSION_IDN
LogInit:  CurlRequestOptions (configurable via config and command line):
LogInit:  - bVerifyPeer = false  - Libcurl will NOT verify peer certificate
LogInit:  - bUseHttpProxy = false  - Libcurl will NOT use HTTP proxy
LogInit:  - bDontReuseConnections = false  - Libcurl will reuse connections
LogInit:  - CertBundlePath = nullptr  - Libcurl will use whatever was configured at build time.
LogInit: Build: ++UE4+Release-4.14-CL-3249277
LogInit: Engine Version: 4.14.3-3249277+++UE4+Release-4.14
LogInit: Compatible Engine Version: 4.14.0-3195953+++UE4+Release-4.14
LogInit: Net CL: 3195953
LogDevObjectVersion: Number of dev versions registered: 13
LogDevObjectVersion:   Dev-Blueprints (B0D832E4-1F89-4F0D-ACCF-7EB736FD4AA2): 7
LogDevObjectVersion:   Dev-Build (E1C64328-A22C-4D53-A36C-8E866417BD8C): 0
LogDevObjectVersion:   Dev-Core (375EC13C-06E4-48FB-B500-84F0262A717E): 1
LogDevObjectVersion:   Dev-Editor (E4B068ED-F494-42E9-A231-DA0B2E46BB41): 8
LogDevObjectVersion:   Dev-Framework (CFFC743F-43B0-4480-9391-14DF171D2073): 17
LogDevObjectVersion:   Dev-Mobile (B02B49B5-BB20-44E9-A304-32B752E40360): 0
LogDevObjectVersion:   Dev-Networking (A4E4105C-59A1-49B5-A7C5-40C4547EDFEE): 0
LogDevObjectVersion:   Dev-Online (39C831C9-5AE6-47DC-9A44-9C173E1C8E7C): 0
LogDevObjectVersion:   Dev-Physics (78F01B33-EBEA-4F98-B9B4-84EACCB95AA2): 0
LogDevObjectVersion:   Dev-Platform (6631380F-2D4D-43E0-8009-CF276956A95A): 0
LogDevObjectVersion:   Dev-Rendering (12F88B9F-8875-4AFC-A67C-D90C383ABD29): 12
LogDevObjectVersion:   Dev-Sequencer (7B5AE74C-D270-4C10-A958-57980B212A5A): 1
LogDevObjectVersion:   Dev-VR (D7296918-1DD6-4BDD-9DE2-64A83CC13884): 0
LogInit: Compiled (64-bit): Jan  6 2017 10:49:43
LogInit: Compiled with Visual C++: 19.00.23026.00
LogInit: Build Configuration: Development
LogInit: Branch Name: ++UE4+Release-4.14
LogInit: Command line: -EpicPortal 
LogInit: Base directory: C:/Program Files/Epic Games/UE_4.14/Engine/Binaries/Win64/
LogInit: Installed Engine Build: 1
LogInit: Presizing for max 8388607 objects, including 0 objects not considered by GC, pre-allocating 0 bytes for permanent pool.
LogInit: Object subsystem initialized
[2017.03.05-17.49.25:884][  0]LogInit: Selected Device Profile: [Windows]
[2017.03.05-17.49.25:884][  0]LogInit: Applying CVar settings loaded from the selected device profile: [Windows]
[2017.03.05-17.49.25:892][  0]LogInit: Computer: ARCTURUS
[2017.03.05-17.49.25:892][  0]LogInit: User: Braden
[2017.03.05-17.49.25:892][  0]LogInit: CPU Page size=65536, Cores=4
[2017.03.05-17.49.25:892][  0]LogInit: High frequency timer resolution =2.338344 MHz
[2017.03.05-17.49.25:893][  0]LogMemory: Memory total: Physical=7.9GB (8GB approx)
[2017.03.05-17.49.25:893][  0]LogMemory: Platform Memory Stats for Windows
[2017.03.05-17.49.25:893][  0]LogMemory: Process Physical Memory: 264.45 MB used, 264.45 MB peak
[2017.03.05-17.49.25:893][  0]LogMemory: Process Virtual Memory: 262.48 MB used, 262.48 MB peak
[2017.03.05-17.49.25:893][  0]LogMemory: Physical Memory: 4938.18 MB used,  3166.09 MB free, 8104.27 MB total
[2017.03.05-17.49.25:893][  0]LogMemory: Virtual Memory: 689.43 MB used,  3166.09 MB free, 134217728.00 MB total
[2017.03.05-17.49.25:922][  0]LogTextLocalizationManager: No specific translations for ('en-US') exist, so ('en') translations will be used.
[2017.03.05-17.49.26:576][  0]LogD3D11RHI: D3D11 adapters:
[2017.03.05-17.49.26:618][  0]LogD3D11RHI:    0. 'Intel(R) HD Graphics 4600' (Feature Level 11_0)
[2017.03.05-17.49.26:619][  0]LogD3D11RHI:       0/0/1792 MB DedicatedVideo/DedicatedSystem/SharedSystem, Outputs:2, VendorId:0x8086
[2017.03.05-17.49.26:646][  0]LogD3D11RHI:    1. 'NVIDIA GeForce GT 755M' (Feature Level 11_0)
[2017.03.05-17.49.26:646][  0]LogD3D11RHI:       1977/0/4052 MB DedicatedVideo/DedicatedSystem/SharedSystem, Outputs:0, VendorId:0x10de
[2017.03.05-17.49.26:647][  0]LogD3D11RHI:    2. 'Microsoft Basic Render Driver' (Feature Level 11_0)
[2017.03.05-17.49.26:647][  0]LogD3D11RHI:       0/0/256 MB DedicatedVideo/DedicatedSystem/SharedSystem, Outputs:0, VendorId:0x1414
[2017.03.05-17.49.26:647][  0]LogD3D11RHI: Chosen D3D11 Adapter: 1
[2017.03.05-17.49.26:653][  0]LogD3D11RHI: Creating new Direct3DDevice
[2017.03.05-17.49.26:653][  0]LogD3D11RHI:     GPU DeviceId: 0xfcd (for the marketing name, search the web for "GPU Device Id")
[2017.03.05-17.49.26:653][  0]LogWindows: EnumDisplayDevices:
[2017.03.05-17.49.26:653][  0]LogWindows:    0. 'Intel(R) HD Graphics 4600' (P:1 D:1)
[2017.03.05-17.49.26:653][  0]LogWindows:    1. 'Intel(R) HD Graphics 4600' (P:0 D:1)
[2017.03.05-17.49.26:653][  0]LogWindows:    2. 'Intel(R) HD Graphics 4600' (P:0 D:0)
[2017.03.05-17.49.26:653][  0]LogWindows:    3. 'NVIDIA GeForce GT 755M' (P:0 D:0)
[2017.03.05-17.49.26:653][  0]LogWindows: DebugString: PrimaryIsNotTheChoosenAdapter PrimaryIsNotTheChoosenAdapter PrimaryIsNotTheChoosenAdapter 
[2017.03.05-17.49.26:653][  0]LogD3D11RHI:     Adapter Name: NVIDIA GeForce GT 755M
[2017.03.05-17.49.26:653][  0]LogD3D11RHI:   Driver Version: 378.66 (internal:21.21.13.7866, unified:378.66)
[2017.03.05-17.49.26:653][  0]LogD3D11RHI:      Driver Date: 2-9-2017
[2017.03.05-17.49.26:653][  0]LogRHI: Texture pool is 1361 MB (70% of 1945 MB)
[2017.03.05-17.49.26:670][  0]LogD3D11RHI:Warning: Timestamp queries are currently disabled on this hardware due to instability. Realtime GPU stats will not be available. You can override this behaviour by setting r.NVIDIATimestampWorkaround to 0
[2017.03.05-17.49.26:670][  0]LogD3D11RHI: Async texture creation enabled
[2017.03.05-17.49.26:688][  0]LogD3D11RHI: GPU Timing Frequency: 1000.000000 (Debug: 2 2)
[2017.03.05-17.49.26:688][  0]LogShaderCompilers: Guid format shader working directory is -19 characters bigger than the processId version (../../../../../../Users/Braden/Documents/GitHub/ChimeraGames/Abyss/Intermediate/Shaders/WorkingDirectory/8072/).
[2017.03.05-17.49.26:688][  0]LogShaderCompilers: Cleaned the shader compiler working directory 'C:/Users/Braden/AppData/Local/Temp/UnrealShaderWorkingDir/A3828E1C455C17E169713BA8B5A61C7F/'.
[2017.03.05-17.49.26:688][  0]LogShaderCompilers:Display: Using Local Shader Compiler.
[2017.03.05-17.49.27:894][  0]LogTemp:Display: Loaded TP AllDesktopTargetPlatform
[2017.03.05-17.49.27:936][  0]LogTemp:Display: Loaded TP MacClientTargetPlatform
[2017.03.05-17.49.27:982][  0]LogTemp:Display: Loaded TP MacNoEditorTargetPlatform
[2017.03.05-17.49.28:023][  0]LogTemp:Display: Loaded TP MacServerTargetPlatform
[2017.03.05-17.49.28:086][  0]LogTemp:Display: Loaded TP MacTargetPlatform
[2017.03.05-17.49.28:142][  0]LogTemp:Display: Loaded TP WindowsClientTargetPlatform
[2017.03.05-17.49.28:194][  0]LogTemp:Display: Loaded TP WindowsNoEditorTargetPlatform
[2017.03.05-17.49.28:238][  0]LogTemp:Display: Loaded TP WindowsServerTargetPlatform
[2017.03.05-17.49.28:272][  0]LogTemp:Display: Loaded TP WindowsTargetPlatform
[2017.03.05-17.49.28:325][  0]LogTemp:Display: Loaded TP AndroidTargetPlatform
[2017.03.05-17.49.28:376][  0]LogTemp:Display: Loaded TP Android_ASTCTargetPlatform
[2017.03.05-17.49.28:429][  0]LogTemp:Display: Loaded TP Android_ATCTargetPlatform
[2017.03.05-17.49.28:476][  0]LogTemp:Display: Loaded TP Android_DXTTargetPlatform
[2017.03.05-17.49.28:520][  0]LogTemp:Display: Loaded TP Android_ETC1TargetPlatform
[2017.03.05-17.49.28:559][  0]LogTemp:Display: Loaded TP Android_ETC2TargetPlatform
[2017.03.05-17.49.28:648][  0]LogTemp:Display: Loaded TP Android_MultiTargetPlatform
[2017.03.05-17.49.28:648][  0]LogTemp:Display: Loaded TP Android_PVRTCTargetPlatform
[2017.03.05-17.49.28:671][  0]LogTemp:Display: Loaded TP HTML5TargetPlatform
[2017.03.05-17.49.28:738][  0]LogTemp:Display: Loaded TP IOSTargetPlatform
[2017.03.05-17.49.28:768][  0]LogTemp:Display: Loaded TP TVOSTargetPlatform
[2017.03.05-17.49.28:807][  0]LogTemp:Display: Loaded TP LinuxClientTargetPlatform
[2017.03.05-17.49.28:847][  0]LogTemp:Display: Loaded TP LinuxNoEditorTargetPlatform
[2017.03.05-17.49.28:887][  0]LogTemp:Display: Loaded TP LinuxServerTargetPlatform
[2017.03.05-17.49.28:928][  0]LogTemp:Display: Loaded TP LinuxTargetPlatform
[2017.03.05-17.49.28:928][  0]LogTargetPlatformManager:Display: Building Assets For Windows
[2017.03.05-17.49.29:189][  0]LogDerivedDataCache:Display: Max Cache Size: 512 MB
[2017.03.05-17.49.29:265][  0]LogDerivedDataCache: Loaded boot cache 0.08s 52MB C:/Users/Braden/AppData/Local/UnrealEngine/4.14/DerivedDataCache/Boot.ddc.
[2017.03.05-17.49.29:265][  0]LogDerivedDataCache:Display: Loaded Boot cache: C:/Users/Braden/AppData/Local/UnrealEngine/4.14/DerivedDataCache/Boot.ddc
[2017.03.05-17.49.29:265][  0]LogDerivedDataCache: FDerivedDataBackendGraph:  Pak pak cache file ../../../../../../Users/Braden/Documents/GitHub/ChimeraGames/Abyss/DerivedDataCache/DDC.ddp not found, will not use a pak cache.
[2017.03.05-17.49.29:265][  0]LogDerivedDataCache: Unable to find inner node Pak for hierarchical cache Hierarchy.
[2017.03.05-17.49.29:266][  0]LogDerivedDataCache: FDerivedDataBackendGraph:  CompressedPak pak cache file ../../../../../../Users/Braden/Documents/GitHub/ChimeraGames/Abyss/DerivedDataCache/Compressed.ddp not found, will not use a pak cache.
[2017.03.05-17.49.29:266][  0]LogDerivedDataCache: Unable to find inner node CompressedPak for hierarchical cache Hierarchy.
[2017.03.05-17.49.29:285][  0]LogDerivedDataCache:Display: Pak cache opened for reading ../../../Engine/DerivedDataCache/Compressed.ddp.
[2017.03.05-17.49.29:297][  0]LogDerivedDataCache: Using Local data cache path C:/Users/Braden/AppData/Local/UnrealEngine/Common/DerivedDataCache: Writable
[2017.03.05-17.49.29:510][  0]LogInit: Selected Device Profile: [Windows]
[2017.03.05-17.49.29:515][  0]LogContentStreaming: Texture pool size is 0.00 MB
[2017.03.05-17.49.29:690][  0]LogMeshUtilities: Using QuadricMeshReduction for automatic static mesh reduction
[2017.03.05-17.49.29:717][  0]LogSimplygon: Simplygon DLL not present - disabling.
[2017.03.05-17.49.29:746][  0]LogMeshUtilities: Using SimplygonSwarm for distributed automatic mesh merging
[2017.03.05-17.49.29:746][  0]LogMeshUtilities: No automatic skeletal mesh reduction module available
[2017.03.05-17.49.29:746][  0]LogMeshUtilities: No automatic mesh merging module available
[2017.03.05-17.49.30:320][  0]LogNetVersion: GetLocalNetworkVersion: CL: 3195953, ProjectName: abyss, ProjectVersion: , EngineNetworkVersion: 2, GameNetworkVersion: 0, NetworkChecksum: 1595127573
[2017.03.05-17.49.30:373][  0]LogAssetRegistry: FAssetRegistry took 0.0229 seconds to start up
[2017.03.05-17.49.30:413][  0]LogPackageLocalizationCache: Processed 3 localized package path(s) for 2 prioritized culture(s) in 0.022879 seconds
[2017.03.05-17.49.30:419][  0]LogUObjectArray: 31890 objects as part of root set at end of initial load.
[2017.03.05-17.49.30:419][  0]LogUObjectAllocator: 6922376 out of 0 bytes used by permanent object pool.
[2017.03.05-17.49.30:419][  0]LogUObjectArray: CloseDisregardForGC: 0/0 objects in disregard for GC pool
[2017.03.05-17.49.30:457][  0]LogInit: WinSock: version 1.1 (2.2), MaxSocks=32767, MaxUdp=65467
[2017.03.05-17.49.30:938][  0]LogSlate: Using Freetype 2.6.0
[2017.03.05-17.49.30:938][  0]LogSlate: SlateFontCache - WITH_FREETYPE: 1, WITH_HARFBUZZ: 1
[2017.03.05-17.49.30:939][  0]LogSlate: SlateFontCache - WITH_FREETYPE: 1, WITH_HARFBUZZ: 1
[2017.03.05-17.49.31:791][  0]LogMaterial: Uniform references updated for custom material expression Custom.
[2017.03.05-17.49.32:061][  0]SourceControl: Info Source control is disabled
[2017.03.05-17.49.32:061][  0]SourceControl: Info Source control is disabled
[2017.03.05-17.49.32:089][  0]SourceControl: Info Source control is disabled
[2017.03.05-17.49.32:116][  0]SourceControl: Info Source control is disabled
[2017.03.05-17.49.32:751][  0]LogEngine: Initializing Engine...
[2017.03.05-17.49.32:966][  0]LogAIModule: Creating AISystem for world Untitled
[2017.03.05-17.49.32:977][  0]LogInit: XAudio2 using 'Speakers (Realtek High Definition Audio)' : 2 channels at 44.1 kHz using 16 bits per sample (channel mask 0x3)
[2017.03.05-17.49.32:987][  0]LogInit: FAudioDevice initialized.
[2017.03.05-17.49.33:028][  0]LogDerivedDataCache: Saved boot cache 0.04s 52MB C:/Users/Braden/AppData/Local/UnrealEngine/4.14/DerivedDataCache/Boot.ddc.
[2017.03.05-17.49.33:037][  0]LogInit: Texture streaming: Enabled
[2017.03.05-17.49.33:156][  0]LogInit: Transaction tracking system initialized
[2017.03.05-17.49.33:368][  0]BlueprintLog: New page: Editor Load
[2017.03.05-17.49.33:940][  0]LocalizationService: Info Localization service is disabled
[2017.03.05-17.49.34:168][  0]LogModuleManager:Warning: No filename provided for module TcpMessaging
[2017.03.05-17.49.34:168][  0]LogModuleManager:Warning: ModuleManager: Unable to load module 'TcpMessaging' because the file 'C:/Program Files/Epic Games/UE_4.14/Engine/Binaries/Win64/' was not found.
[2017.03.05-17.49.34:580][  0]LogConsoleResponse:Display: 
[2017.03.05-17.49.34:713][  0]LogCook:Display: Max memory allowance for cook 16384mb min free memory 0mb
[2017.03.05-17.49.34:713][  0]LogCook:Display: Mobile HDR setting 1
[2017.03.05-17.49.34:798][  0]LogFileCache: Scanning file cache for directory 'C:/Users/Braden/Documents/GitHub/ChimeraGames/Abyss/Content/' took 0.01s
[2017.03.05-17.49.35:215][  0]SourceControl: Info Source control is disabled
[2017.03.05-17.49.35:215][  0]Cmd: MAP LOAD FILE="../../../../../../Users/Braden/Documents/GitHub/ChimeraGames/Abyss/Content/Maps-Levels/startMenu.umap" TEMPLATE=0 SHOWPROGRESS=1 FEATURELEVEL=3
[2017.03.05-17.49.35:216][  0]LightingResults: New page: Lighting Build
[2017.03.05-17.49.35:240][  0]MapCheck: New page: Map Check
[2017.03.05-17.49.35:240][  0]LightingResults: New page: Lighting Build
[2017.03.05-17.49.35:360][  0]LogAIModule: Creating AISystem for world startMenu
[2017.03.05-17.49.35:362][  0]LogEditorServer: Finished looking for orphan Actors (0.000 secs)
[2017.03.05-17.49.35:362][  0]Cmd: MAP CHECKDEP NOCLEARLOG
[2017.03.05-17.49.35:398][  0]MapCheck: Info Map check complete: 0 Error(s), 0 Warning(s), took 35.77ms to complete.
[2017.03.05-17.49.35:398][  0]LogFileHelpers: Loading map 'startMenu' took 0.183
[2017.03.05-17.49.35:535][  0]LogCollectionManager: Loaded 0 collections in 0.001358 seconds
[2017.03.05-17.49.35:603][  0]LogFileCache: Scanning file cache for directory 'C:/Users/Braden/Documents/GitHub/ChimeraGames/Abyss/Saved/Collections/' took 0.01s
[2017.03.05-17.49.35:603][  0]LogFileCache: Scanning file cache for directory 'C:/Users/Braden/Documents/GitHub/ChimeraGames/Abyss/Content/Developers/Braden/Collections/' took 0.01s
[2017.03.05-17.49.35:603][  0]LogFileCache: Scanning file cache for directory 'C:/Users/Braden/Documents/GitHub/ChimeraGames/Abyss/Content/Collections/' took 0.01s
[2017.03.05-17.49.35:603][  0]LogCollectionManager: Rebuilt the GUID cache for 0 collections in 0.000001 seconds
[2017.03.05-17.49.35:613][  0]LogContentBrowser: Native class hierarchy populated in 0.0102 seconds. Added 2178 classes and 401 folders.
[2017.03.05-17.49.35:639][  0]LogStats: UGameplayTagsManager::ConstructGameplayTagTree: Construct from data asset -  0.000 s
[2017.03.05-17.49.35:639][  0]LogStats: UGameplayTagsManager::ConstructGameplayTagTree: GameplayTagTreeChangedEvent.Broadcast -  0.000 s
[2017.03.05-17.49.35:639][  0]LogContentBrowser: Native class hierarchy updated for 'GameplayTags' in 0.0005 seconds. Added 13 classes and 0 folders.
[2017.03.05-17.49.35:679][  0]LogContentBrowser: Native class hierarchy updated for 'WidgetCarousel' in 0.0007 seconds. Added 0 classes and 0 folders.
[2017.03.05-17.49.35:712][  0]LogContentBrowser: Native class hierarchy updated for 'AddContentDialog' in 0.0016 seconds. Added 0 classes and 0 folders.
[2017.03.05-17.49.35:739][  0]LogContentBrowser: Native class hierarchy updated for 'SceneOutliner' in 0.0007 seconds. Added 1 classes and 2 folders.
[2017.03.05-17.49.35:772][  0]LogCrashTracker: Crashtracker disabled due to settings.
[2017.03.05-17.49.35:778][  0]LogUObjectGlobals:Warning: Failed to find object 'Class None.'
[2017.03.05-17.49.35:828][  0]LogContentBrowser: Native class hierarchy updated for 'HierarchicalLODOutliner' in 0.0005 seconds. Added 1 classes and 2 folders.
[2017.03.05-17.49.35:828][  0]LogLoad: (Engine Initialization) Total time: 18.30 seconds
[2017.03.05-17.49.35:828][  0]LogLoad: (Engine Initialization) Total Blueprint compile time: 0.06 seconds
[2017.03.05-17.49.35:828][  0]LogExternalProfiler: Found external profiler: VSPerf
[2017.03.05-17.49.35:828][  0]LogExternalProfiler: Using external profiler: VSPerf
[2017.03.05-17.49.35:864][  0]LogContentStreaming: Texture pool size now 400 MB
[2017.03.05-17.49.36:024][  0]LogRenderer: Reallocating scene render targets to support 932x456 NumSamples 1 (Frame:2).
[2017.03.05-17.49.36:113][  1]LogAssetRegistry: Asset discovery search completed in 5.7636 seconds
[2017.03.05-17.49.36:113][  1]LogCollectionManager: Rebuilt the object cache for 0 collections in 0.000002 seconds (found 0 objects)
[2017.03.05-17.49.36:113][  1]LogCollectionManager: Fixed up redirectors for 0 collections in 0.000026 seconds (updated 0 objects)
[2017.03.05-17.49.37:329][ 44]LogContentBrowser: Native class hierarchy updated for 'BlueprintGraph' in 0.0008 seconds. Added 111 classes and 0 folders.
[2017.03.05-17.49.43:480][362]LogTemp: Repeting last play command: Standalone Game
[2017.03.05-17.49.43:748][362]LogSavePackage: Save=89.51ms
[2017.03.05-17.49.43:748][362]LogSavePackage: Moving '../../../../../../Users/Braden/Documents/GitHub/ChimeraGames/Abyss/Saved/UEDPCstartMenuA72EBA344C1FE7A0EC27169C67E06E00.tmp' to '../../../../../../Users/Braden/Documents/GitHub/ChimeraGames/Abyss/Saved/Autosaves/Game/Maps-Levels/UEDPCstartMenu.umap'
[2017.03.05-17.49.43:749][362]LogSavePackage:Display: Finished SavePackage ../../../../../../Users/Braden/Documents/GitHub/ChimeraGames/Abyss/Saved/Autosaves/Game/Maps-Levels/UEDPCstartMenu.umap
[2017.03.05-17.49.43:757][362]LogEditorTransaction: Undo Spawn Play From Here Start
[2017.03.05-17.50.16:011][760]LogProperty:Error: UStructProperty::Serialize Loading: Property 'StructProperty /Game/BluePrints/Exploration/Fort_BattleTrigger.Fort_BattleTrigger_C:ExecuteUbergraph_Fort_BattleTrigger.CallFunc_Array_Get_Item'. Unknown structure.
[2017.03.05-17.50.16:011][760]LogProperty:Error: UStructProperty::Serialize Loading: Property 'StructProperty /Game/BluePrints/Exploration/Fort_BattleTrigger.Fort_BattleTrigger_C:EnemyTable.EnemyTable'. Unknown structure.
[2017.03.05-17.50.16:022][760]LogBlueprint:Error: [Compiler Fort_BattleTrigger] Error Default value '' for  battleTriggerIds  is invalid: 'Array inputs (like 'Battle Trigger Ids') must have an input wired into them (try connecting a MakeArray node).'
[2017.03.05-17.50.16:027][760]LogBlueprint:Warning: [Compiler Fort_BattleTrigger] Warning [0058.49] Compile of Fort_BattleTrigger failed. 1 Fatal Issue(s) 0 Warning(s) [in 7 ms] (/Game/BluePrints/Exploration/Fort_BattleTrigger.Fort_BattleTrigger)
[2017.03.05-17.50.16:027][760]LogBlueprint:Warning: [Compiler Fort_BattleTrigger] Warning [0058.49] Compile of Fort_BattleTrigger failed. 1 Fatal Issue(s) 1 Warning(s) [in 0 ms] (/Game/BluePrints/Exploration/Fort_BattleTrigger.Fort_BattleTrigger)
[2017.03.05-17.50.16:027][760]LogBlueprint:Warning: [Compiler Fort_BattleTrigger] Warning [0058.50] Compile of Fort_BattleTrigger failed. 1 Fatal Issue(s) 2 Warning(s) [in 0 ms] (/Game/BluePrints/Exploration/Fort_BattleTrigger.Fort_BattleTrigger)
[2017.03.05-17.50.16:027][760]LogClass:Warning: Property EnemyTable of EnemyTable has a struct type mismatch (tag FallbackStruct != prop GeneralEntityStruct) in package:  FObjectReader. If that struct got renamed, add an entry to ActiveStructRedirects.
[2017.03.05-17.50.16:746][760]LogAIModule: Creating AISystem for world Fort_Exploration
[2017.03.05-17.50.16:807][760]Cmd: MAP LOAD FILE="../../../../../../Users/Braden/Documents/GitHub/ChimeraGames/Abyss/Content/Maps-Levels/Fort/Exploration/Fort_Exploration.umap" TEMPLATE=0 SHOWPROGRESS=1 FEATURELEVEL=3
[2017.03.05-17.50.16:807][760]LightingResults: New page: Lighting Build
[2017.03.05-17.50.16:807][760]LoadErrors: New page: Loading map: Fort_Exploration.umap
[2017.03.05-17.50.16:808][760]MapCheck: New page: Map Check
[2017.03.05-17.50.16:808][760]LightingResults: New page: Lighting Build
[2017.03.05-17.50.16:829][760]LogEditorServer: Finished looking for orphan Actors (0.000 secs)
[2017.03.05-17.50.16:879][760]Cmd: MAP CHECKDEP NOCLEARLOG
[2017.03.05-17.50.16:917][760]MapCheck: Info Map check complete: 0 Error(s), 0 Warning(s), took 38.207ms to complete.
[2017.03.05-17.50.16:917][760]LogFileHelpers: Loading map 'Fort_Exploration' took 0.112
[2017.03.05-17.51.02:548][490]LogEditorViewport: Clicking on Actor (LMB): Fort_BattleTrigger_C (Fort_BattleTrigger)
[2017.03.05-17.51.31:502][170]BlueprintLog: New page: Compile Fort_BattleTrigger
[2017.03.05-17.51.31:524][170]LogBlueprint:Error: [Compiler Fort_BattleTrigger] Error Default value '' for  battleTriggerIds  is invalid: 'Array inputs (like 'Battle Trigger Ids') must have an input wired into them (try connecting a MakeArray node).'
[2017.03.05-17.51.31:943][170]BlueprintEditorCompileResults:Error: Error Default value '' for  battleTriggerIds  is invalid: 'Array inputs (like 'Battle Trigger Ids') must have an input wired into them (try connecting a MakeArray node).'
[2017.03.05-17.51.31:943][170]LogBlueprint:Warning: [Compiler Fort_BattleTrigger] Warning [0134.41] Compile of Fort_BattleTrigger failed. 1 Fatal Issue(s) 0 Warning(s) [in 440 ms] (/Game/BluePrints/Exploration/Fort_BattleTrigger.Fort_BattleTrigger)
[2017.03.05-17.52.42:969][396]BlueprintLog: New page: Compile Fort_BattleTrigger
[2017.03.05-17.52.42:989][396]LogBlueprint:Error: [Compiler Fort_BattleTrigger] Error Default value '' for  battleTriggerIds  is invalid: 'Array inputs (like 'Battle Trigger Ids') must have an input wired into them (try connecting a MakeArray node).'
[2017.03.05-17.52.43:192][396]BlueprintEditorCompileResults:Error: Error Default value '' for  battleTriggerIds  is invalid: 'Array inputs (like 'Battle Trigger Ids') must have an input wired into them (try connecting a MakeArray node).'
[2017.03.05-17.52.43:192][396]LogBlueprint:Warning: [Compiler Fort_BattleTrigger] Warning [0205.66] Compile of Fort_BattleTrigger failed. 1 Fatal Issue(s) 0 Warning(s) [in 223 ms] (/Game/BluePrints/Exploration/Fort_BattleTrigger.Fort_BattleTrigger)
[2017.03.05-17.52.58:876][331]BlueprintLog: New page: Compile Fort_BattleTrigger
[2017.03.05-17.52.58:896][331]LogBlueprint:Error: [Compiler Fort_BattleTrigger] Error Default value '' for  battleTriggerIds  is invalid: 'Array inputs (like 'Battle Trigger Ids') must have an input wired into them (try connecting a MakeArray node).'
[2017.03.05-17.52.59:100][331]BlueprintEditorCompileResults:Error: Error Default value '' for  battleTriggerIds  is invalid: 'Array inputs (like 'Battle Trigger Ids') must have an input wired into them (try connecting a MakeArray node).'
[2017.03.05-17.52.59:101][331]LogBlueprint:Warning: [Compiler Fort_BattleTrigger] Warning [0221.57] Compile of Fort_BattleTrigger failed. 1 Fatal Issue(s) 0 Warning(s) [in 224 ms] (/Game/BluePrints/Exploration/Fort_BattleTrigger.Fort_BattleTrigger)
[2017.03.05-17.53.47:664][192]BlueprintLog: New page: Compile AbyssGameInstance
[2017.03.05-17.53.48:550][234]Cmd: OBJ SAVEPACKAGE PACKAGE="/Game/BluePrints/AbyssGameInstance" FILE="../../../../../../Users/Braden/Documents/GitHub/ChimeraGames/Abyss/Content/BluePrints/AbyssGameInstance.uasset" SILENT=true
[2017.03.05-17.53.48:583][234]LogSavePackage: Save=6.52ms
[2017.03.05-17.53.48:583][234]LogSavePackage: Moving '../../../../../../Users/Braden/Documents/GitHub/ChimeraGames/Abyss/Saved/AbyssGameInstance3B2701154A0ECABF7632C586CF916942.tmp' to '../../../../../../Users/Braden/Documents/GitHub/ChimeraGames/Abyss/Content/BluePrints/AbyssGameInstance.uasset'
[2017.03.05-17.53.48:585][234]LogSavePackage:Display: Finished SavePackage ../../../../../../Users/Braden/Documents/GitHub/ChimeraGames/Abyss/Content/BluePrints/AbyssGameInstance.uasset
[2017.03.05-17.54.39:567][249]BlueprintLog: New page: Compile Fort_BattleTrigger
[2017.03.05-17.54.41:091][326]LogSavePackage: Save=20.12ms
[2017.03.05-17.54.41:092][326]LogSavePackage: Moving '../../../../../../Users/Braden/Documents/GitHub/ChimeraGames/Abyss/Saved/Fort_BattleTrigger9ADACD1E456C00E1447C728F9122CD50.tmp' to '../../../../../../Users/Braden/Documents/GitHub/ChimeraGames/Abyss/Content/BluePrints/Exploration/Fort_BattleTrigger.uasset'
[2017.03.05-17.54.41:093][326]LogSavePackage:Display: Finished SavePackage ../../../../../../Users/Braden/Documents/GitHub/ChimeraGames/Abyss/Content/BluePrints/Exploration/Fort_BattleTrigger.uasset
[2017.03.05-17.54.44:962][558]LogTemp: Repeting last play command: Standalone Game
[2017.03.05-17.54.45:227][558]LogSavePackage: Save=91.48ms
[2017.03.05-17.54.45:227][558]LogSavePackage: Moving '../../../../../../Users/Braden/Documents/GitHub/ChimeraGames/Abyss/Saved/UEDPCFort_Exploration00B352454CE18A5A836815A4374A7311.tmp' to '../../../../../../Users/Braden/Documents/GitHub/ChimeraGames/Abyss/Saved/Autosaves/Game/Maps-Levels/Fort/Exploration/UEDPCFort_Exploration.umap'
[2017.03.05-17.54.45:228][558]LogSavePackage:Display: Finished SavePackage ../../../../../../Users/Braden/Documents/GitHub/ChimeraGames/Abyss/Saved/Autosaves/Game/Maps-Levels/Fort/Exploration/UEDPCFort_Exploration.umap
[2017.03.05-17.54.45:234][558]LogEditorTransaction: Undo Spawn Play From Here Start
[2017.03.05-17.55.45:063][150]LogLinker:Warning: Can't find file '/Game/UMG/ItemSlot'
[2017.03.05-17.55.45:063][150]LogLinker:Warning: Can't find file for asset '/Game/UMG/ItemSlot' while loading ../../../../../../Users/Braden/Documents/GitHub/ChimeraGames/Abyss/Content/UMG/BattleHUD.uasset.
[2017.03.05-17.55.45:063][150]LoadErrors:Error: Error /Game/UMG/BattleHUD : Can't find file for asset. /Game/UMG/ItemSlot
[2017.03.05-17.55.45:063][150]LogLinker:Warning: Can't find file '/Game/UMG/ItemSlot'
[2017.03.05-17.55.45:063][150]LogLinker:Warning: Can't find file for asset '/Game/UMG/ItemSlot' while loading ../../../../../../Users/Braden/Documents/GitHub/ChimeraGames/Abyss/Content/UMG/BattleHUD.uasset.
[2017.03.05-17.55.45:069][150]LogLinker:Warning: Can't find file '/Game/UMG/ItemSlot'
[2017.03.05-17.55.45:069][150]LogLinker:Warning: Can't find file for asset '/Game/UMG/ItemSlot' while loading ../../../../../../Users/Braden/Documents/GitHub/ChimeraGames/Abyss/Content/UMG/BattleHUD.uasset.
[2017.03.05-17.55.45:079][150]LogLinker:Warning: Can't find file '/Game/UMG/ItemSlot'
[2017.03.05-17.55.45:079][150]LogLinker:Warning: Can't find file for asset '/Game/UMG/ItemSlot' while loading NULL.
[2017.03.05-17.55.45:079][150]LogLinker:Warning: Can't find file '/Game/UMG/ItemSlot'
[2017.03.05-17.55.45:079][150]LogLinker:Warning: Can't find file for asset '/Game/UMG/ItemSlot' while loading NULL.
[2017.03.05-17.55.45:079][150]LogLinker:Warning: Can't find file '/Game/UMG/ItemSlot'
[2017.03.05-17.55.45:079][150]LogLinker:Warning: Can't find file for asset '/Game/UMG/ItemSlot' while loading NULL.
[2017.03.05-17.55.45:080][150]LogLinker:Warning: Can't find file '/Game/UMG/ItemSlot'
[2017.03.05-17.55.45:080][150]LogLinker:Warning: Can't find file for asset '/Game/UMG/ItemSlot' while loading NULL.
[2017.03.05-17.55.45:082][150]LogLinker:Warning: Can't find file '/Game/UMG/ItemSlot'
[2017.03.05-17.55.45:082][150]LogLinker:Warning: Can't find file for asset '/Game/UMG/ItemSlot' while loading NULL.
[2017.03.05-17.55.45:082][150]LogLinker:Warning: Can't find file '/Game/UMG/ItemSlot'
[2017.03.05-17.55.45:082][150]LoadErrors: Info Failed to load /Game/UMG/ItemSlot.ItemSlot_C Referenced by WidgetTree
[2017.03.05-17.55.45:082][150]LogLinker:Warning: Can't find file for asset '/Game/UMG/ItemSlot' while loading NULL.
[2017.03.05-17.55.45:082][150]LogLinker:Warning: Can't find file '/Game/UMG/ItemSlot'
[2017.03.05-17.55.45:082][150]LogLinker:Warning: Can't find file for asset '/Game/UMG/ItemSlot' while loading NULL.
[2017.03.05-17.55.45:082][150]LogLinker:Warning: Can't find file '/Game/UMG/ItemSlot'
[2017.03.05-17.55.45:082][150]LogLinker:Warning: Can't find file for asset '/Game/UMG/ItemSlot' while loading NULL.
[2017.03.05-17.55.45:082][150]LogLinker:Warning: Can't find file '/Game/UMG/ItemSlot'
[2017.03.05-17.55.45:082][150]LogLinker:Warning: Can't find file for asset '/Game/UMG/ItemSlot' while loading NULL.
[2017.03.05-17.55.45:082][150]LogLinker:Warning: Can't find file '/Game/UMG/ItemSlot'
[2017.03.05-17.55.45:082][150]LogLinker:Warning: Can't find file for asset '/Game/UMG/ItemSlot' while loading NULL.
[2017.03.05-17.55.45:083][150]LogLinker:Warning: Can't find file '/Game/UMG/ItemSlot'
[2017.03.05-17.55.45:083][150]LogLinker:Warning: Can't find file for asset '/Game/UMG/ItemSlot' while loading NULL.
[2017.03.05-17.55.45:083][150]LogLinker:Warning: Can't find file '/Game/UMG/ItemSlot'
[2017.03.05-17.55.45:083][150]LogLinker:Warning: Can't find file for asset '/Game/UMG/ItemSlot' while loading NULL.
[2017.03.05-17.55.45:083][150]LogLinker:Warning: Can't find file '/Game/UMG/ItemSlot'
[2017.03.05-17.55.45:083][150]LogLinker:Warning: Can't find file for asset '/Game/UMG/ItemSlot' while loading NULL.
[2017.03.05-17.55.45:083][150]LogLinker:Warning: Can't find file '/Game/UMG/ItemSlot'
[2017.03.05-17.55.45:083][150]LogLinker:Warning: Can't find file for asset '/Game/UMG/ItemSlot' while loading NULL.
[2017.03.05-17.55.45:085][150]LogLinker:Warning: Can't find file '/Game/UMG/ItemSlot'
[2017.03.05-17.55.45:085][150]LoadErrors: Info Failed to load /Game/UMG/ItemSlot.ItemSlot_C Referenced by BattleHUD
[2017.03.05-17.55.45:085][150]LogLinker:Warning: Can't find file for asset '/Game/UMG/ItemSlot' while loading NULL.
[2017.03.05-17.55.45:088][150]LogLinker:Warning: Can't find file '/Game/UMG/ItemSlot'
[2017.03.05-17.55.45:089][150]LogLinker:Warning: Can't find file for asset '/Game/UMG/ItemSlot' while loading NULL.
[2017.03.05-17.55.45:089][150]LogLinker:Warning: Can't find file '/Game/UMG/ItemSlot'
[2017.03.05-17.55.45:089][150]LogLinker:Warning: Can't find file for asset '/Game/UMG/ItemSlot' while loading NULL.
[2017.03.05-17.55.45:089][150]LogLinker:Warning: Can't find file '/Game/UMG/ItemSlot'
[2017.03.05-17.55.45:089][150]LogLinker:Warning: Can't find file for asset '/Game/UMG/ItemSlot' while loading NULL.
[2017.03.05-17.55.45:089][150]LogLinker:Warning: Can't find file '/Game/UMG/ItemSlot'
[2017.03.05-17.55.45:089][150]LogLinker:Warning: Can't find file for asset '/Game/UMG/ItemSlot' while loading NULL.
[2017.03.05-17.55.45:089][150]LogLinker:Warning: Can't find file '/Game/UMG/ItemSlot'
[2017.03.05-17.55.45:089][150]LogLinker:Warning: Can't find file for asset '/Game/UMG/ItemSlot' while loading NULL.
[2017.03.05-17.55.45:089][150]LogLinker:Warning: Can't find file '/Game/UMG/ItemSlot'
[2017.03.05-17.55.45:089][150]LogLinker:Warning: Can't find file for asset '/Game/UMG/ItemSlot' while loading NULL.
[2017.03.05-17.55.45:089][150]LogLinker:Warning: Can't find file '/Game/UMG/ItemSlot'
[2017.03.05-17.55.45:089][150]LogLinker:Warning: Can't find file for asset '/Game/UMG/ItemSlot' while loading NULL.
[2017.03.05-17.55.45:090][150]LogLinker:Warning: Can't find file '/Game/UMG/ItemSlot'
[2017.03.05-17.55.45:090][150]LogLinker:Warning: Can't find file for asset '/Game/UMG/ItemSlot' while loading NULL.
[2017.03.05-17.55.45:090][150]LogLinker:Warning: Can't find file '/Game/UMG/ItemSlot'
[2017.03.05-17.55.45:090][150]LogLinker:Warning: Can't find file for asset '/Game/UMG/ItemSlot' while loading NULL.
[2017.03.05-17.55.45:090][150]LogLinker:Warning: Can't find file '/Game/UMG/ItemSlot'
[2017.03.05-17.55.45:090][150]LogLinker:Warning: Can't find file for asset '/Game/UMG/ItemSlot' while loading NULL.
[2017.03.05-17.55.45:094][150]LogLinker:Warning: Can't find file '/Game/UMG/ItemSlot'
[2017.03.05-17.55.45:094][150]LogLinker:Warning: Can't find file for asset '/Game/UMG/ItemSlot' while loading NULL.
[2017.03.05-17.55.45:094][150]LogLinker:Warning: Can't find file '/Game/UMG/ItemSlot'
[2017.03.05-17.55.45:094][150]LoadErrors: Info Failed to load /Game/UMG/ItemSlot.ItemSlot_C Referenced by UniformGridSlot_19
[2017.03.05-17.55.45:094][150]LogLinker:Warning: Can't find file for asset '/Game/UMG/ItemSlot' while loading NULL.
[2017.03.05-17.55.45:094][150]LogLinker:Warning: Can't find file '/Game/UMG/ItemSlot'
[2017.03.05-17.55.45:095][150]LogLinker:Warning: Can't find file for asset '/Game/UMG/ItemSlot' while loading NULL.
[2017.03.05-17.55.45:095][150]LogLinker:Warning: Can't find file '/Game/UMG/ItemSlot'
[2017.03.05-17.55.45:095][150]LoadErrors: Info Failed to load /Game/UMG/ItemSlot.ItemSlot_C Referenced by UniformGridSlot_20
[2017.03.05-17.55.45:095][150]LogLinker:Warning: Can't find file for asset '/Game/UMG/ItemSlot' while loading NULL.
[2017.03.05-17.55.45:095][150]LogLinker:Warning: Can't find file '/Game/UMG/ItemSlot'
[2017.03.05-17.55.45:095][150]LogLinker:Warning: Can't find file for asset '/Game/UMG/ItemSlot' while loading NULL.
[2017.03.05-17.55.45:095][150]LogLinker:Warning: Can't find file '/Game/UMG/ItemSlot'
[2017.03.05-17.55.45:095][150]LoadErrors: Info Failed to load /Game/UMG/ItemSlot.ItemSlot_C Referenced by UniformGridSlot_21
[2017.03.05-17.55.45:095][150]LogLinker:Warning: Can't find file for asset '/Game/UMG/ItemSlot' while loading NULL.
[2017.03.05-17.55.45:095][150]LogLinker:Warning: Can't find file '/Game/UMG/ItemSlot'
[2017.03.05-17.55.45:095][150]LogLinker:Warning: Can't find file for asset '/Game/UMG/ItemSlot' while loading NULL.
[2017.03.05-17.55.45:095][150]LogLinker:Warning: Can't find file '/Game/UMG/ItemSlot'
[2017.03.05-17.55.45:095][150]LoadErrors: Info Failed to load /Game/UMG/ItemSlot.ItemSlot_C Referenced by UniformGridSlot_22
[2017.03.05-17.55.45:095][150]LogLinker:Warning: Can't find file for asset '/Game/UMG/ItemSlot' while loading NULL.
[2017.03.05-17.55.45:096][150]LogLinker:Warning: Can't find file '/Game/UMG/ItemSlot'
[2017.03.05-17.55.45:096][150]LogLinker:Warning: Can't find file for asset '/Game/UMG/ItemSlot' while loading NULL.
[2017.03.05-17.55.45:096][150]LogLinker:Warning: Can't find file '/Game/UMG/ItemSlot'
[2017.03.05-17.55.45:096][150]LoadErrors: Info Failed to load /Game/UMG/ItemSlot.ItemSlot_C Referenced by UniformGridSlot_23
[2017.03.05-17.55.45:096][150]LogLinker:Warning: Can't find file for asset '/Game/UMG/ItemSlot' while loading NULL.
[2017.03.05-17.55.45:101][150]LogLinker:Warning: Can't find file '/Game/UMG/ItemSlot'
[2017.03.05-17.55.45:101][150]LoadErrors: Info Failed to load /Game/UMG/ItemSlot.ItemSlot_C Referenced by K2Node_VariableSet_217
[2017.03.05-17.55.45:101][150]LogLinker:Warning: Can't find file for asset '/Game/UMG/ItemSlot' while loading NULL.
[2017.03.05-17.55.45:101][150]LogLinker:Warning: Can't find file '/Game/UMG/ItemSlot'
[2017.03.05-17.55.45:101][150]LogLinker:Warning: Can't find file for asset '/Game/UMG/ItemSlot' while loading NULL.
[2017.03.05-17.55.45:102][150]LogLinker:Warning: Can't find file '/Game/UMG/ItemSlot'
[2017.03.05-17.55.45:102][150]LoadErrors: Info Failed to load /Game/UMG/ItemSlot.ItemSlot_C Referenced by K2Node_VariableGet_2130
[2017.03.05-17.55.45:102][150]LogLinker:Warning: Can't find file for asset '/Game/UMG/ItemSlot' while loading NULL.
[2017.03.05-17.55.45:102][150]LogLinker:Warning: Can't find file '/Game/UMG/ItemSlot'
[2017.03.05-17.55.45:102][150]LoadErrors: Info Failed to load /Game/UMG/ItemSlot.ItemSlot_C Referenced by K2Node_VariableGet_2160
[2017.03.05-17.55.45:102][150]LogLinker:Warning: Can't find file for asset '/Game/UMG/ItemSlot' while loading NULL.
[2017.03.05-17.55.45:102][150]LogLinker:Warning: Can't find file '/Game/UMG/ItemSlot'
[2017.03.05-17.55.45:102][150]LoadErrors: Info Failed to load /Game/UMG/ItemSlot.ItemSlot_C Referenced by K2Node_VariableGet_2161
[2017.03.05-17.55.45:102][150]LogLinker:Warning: Can't find file for asset '/Game/UMG/ItemSlot' while loading NULL.
[2017.03.05-17.55.45:103][150]LogLinker:Warning: Can't find file '/Game/UMG/ItemSlot'
[2017.03.05-17.55.45:103][150]LoadErrors: Info Failed to load /Game/UMG/ItemSlot.ItemSlot_C Referenced by K2Node_VariableGet_2162
[2017.03.05-17.55.45:103][150]LogLinker:Warning: Can't find file for asset '/Game/UMG/ItemSlot' while loading NULL.
[2017.03.05-17.55.45:103][150]LogLinker:Warning: Can't find file '/Game/UMG/ItemSlot'
[2017.03.05-17.55.45:103][150]LoadErrors: Info Failed to load /Game/UMG/ItemSlot.ItemSlot_C Referenced by K2Node_VariableGet_2163
[2017.03.05-17.55.45:103][150]LogLinker:Warning: Can't find file for asset '/Game/UMG/ItemSlot' while loading NULL.
[2017.03.05-17.55.45:103][150]LogLinker:Warning: Can't find file '/Game/UMG/ItemSlot'
[2017.03.05-17.55.45:103][150]LoadErrors: Info Failed to load /Game/UMG/ItemSlot.ItemSlot_C Referenced by K2Node_MakeArray_55
[2017.03.05-17.55.45:103][150]LogLinker:Warning: Can't find file for asset '/Game/UMG/ItemSlot' while loading NULL.
[2017.03.05-17.55.45:103][150]LogLinker:Warning: Can't find file '/Game/UMG/ItemSlot'
[2017.03.05-17.55.45:104][150]LogLinker:Warning: Can't find file for asset '/Game/UMG/ItemSlot' while loading NULL.
[2017.03.05-17.55.45:104][150]LogLinker:Warning: Can't find file '/Game/UMG/ItemSlot'
[2017.03.05-17.55.45:104][150]LogLinker:Warning: Can't find file for asset '/Game/UMG/ItemSlot' while loading NULL.
[2017.03.05-17.55.45:104][150]LogLinker:Warning: Can't find file '/Game/UMG/ItemSlot'
[2017.03.05-17.55.45:104][150]LogLinker:Warning: Can't find file for asset '/Game/UMG/ItemSlot' while loading NULL.
[2017.03.05-17.55.45:104][150]LogLinker:Warning: Can't find file '/Game/UMG/ItemSlot'
[2017.03.05-17.55.45:104][150]LogLinker:Warning: Can't find file for asset '/Game/UMG/ItemSlot' while loading NULL.
[2017.03.05-17.55.45:104][150]LogLinker:Warning: Can't find file '/Game/UMG/ItemSlot'
[2017.03.05-17.55.45:104][150]LogLinker:Warning: Can't find file for asset '/Game/UMG/ItemSlot' while loading NULL.
[2017.03.05-17.55.45:105][150]LogLinker:Warning: Can't find file '/Game/UMG/ItemSlot'
[2017.03.05-17.55.45:105][150]LoadErrors: Info Failed to load /Game/UMG/ItemSlot.ItemSlot_C Referenced by K2Node_MacroInstance_55
[2017.03.05-17.55.45:105][150]LogLinker:Warning: Can't find file for asset '/Game/UMG/ItemSlot' while loading NULL.
[2017.03.05-17.55.45:105][150]LogLinker:Warning: Can't find file '/Game/UMG/ItemSlot'
[2017.03.05-17.55.45:105][150]LogLinker:Warning: Can't find file for asset '/Game/UMG/ItemSlot' while loading NULL.
[2017.03.05-17.55.45:105][150]LogLinker:Warning: Can't find file '/Game/UMG/ItemSlot'
[2017.03.05-17.55.45:105][150]LogLinker:Warning: Can't find file for asset '/Game/UMG/ItemSlot' while loading NULL.
[2017.03.05-17.55.45:119][150]LogLinker:Warning: Can't find file '/Game/UMG/ItemSlot'
[2017.03.05-17.55.45:119][150]LoadErrors: Info Failed to load /Game/UMG/ItemSlot.ItemSlot_C Referenced by K2Node_VariableGet_129
[2017.03.05-17.55.45:119][150]LogLinker:Warning: Can't find file for asset '/Game/UMG/ItemSlot' while loading NULL.
[2017.03.05-17.55.45:120][150]LogLinker:Warning: Can't find file '/Game/UMG/ItemSlot'
[2017.03.05-17.55.45:120][150]LoadErrors: Info Failed to load /Game/UMG/ItemSlot.ItemSlot_C Referenced by K2Node_CallArrayFunction_41
[2017.03.05-17.55.45:120][150]LogLinker:Warning: Can't find file for asset '/Game/UMG/ItemSlot' while loading NULL.
[2017.03.05-17.55.45:120][150]LogLinker:Warning: Can't find file '/Game/UMG/ItemSlot'
[2017.03.05-17.55.45:120][150]LogLinker:Warning: Can't find file for asset '/Game/UMG/ItemSlot' while loading NULL.
[2017.03.05-17.55.45:120][150]LogLinker:Warning: Can't find file '/Game/UMG/ItemSlot'
[2017.03.05-17.55.45:120][150]LoadErrors: Info Failed to load /Game/UMG/ItemSlot.ItemSlot_C Referenced by K2Node_VariableSet_126
[2017.03.05-17.55.45:120][150]LogLinker:Warning: Can't find file for asset '/Game/UMG/ItemSlot' while loading NULL.
[2017.03.05-17.55.45:121][150]LogLinker:Warning: Can't find file '/Game/UMG/ItemSlot'
[2017.03.05-17.55.45:121][150]LogLinker:Warning: Can't find file for asset '/Game/UMG/ItemSlot' while loading NULL.
[2017.03.05-17.55.45:147][150]LogBlueprint:Warning: [BattleHUD] 'Item' variable not found. Base class was probably changed.
[2017.03.05-17.55.45:147][150]LogBlueprint:Warning: [BattleHUD] 'Item' variable not found. Base class was probably changed.
[2017.03.05-17.55.45:151][150]LogBlueprint:Warning: [BattleHUD] 'ItemSlot0' variable not found. Base class was probably changed.
[2017.03.05-17.55.45:151][150]LogBlueprint:Warning: [BattleHUD] 'ItemSlot1' variable not found. Base class was probably changed.
[2017.03.05-17.55.45:151][150]LogBlueprint:Warning: [BattleHUD] 'ItemSlot2' variable not found. Base class was probably changed.
[2017.03.05-17.55.45:151][150]LogBlueprint:Warning: [BattleHUD] 'ItemSlot3' variable not found. Base class was probably changed.
[2017.03.05-17.55.45:151][150]LogBlueprint:Warning: [BattleHUD] 'ItemSlot4' variable not found. Base class was probably changed.
[2017.03.05-17.55.45:159][150]LogBlueprint:Error: [Compiler BattleHUD] Error Can't connect pins  Item  and  self : Reference is not compatible with Widget Reference.
[2017.03.05-17.55.45:159][150]LogBlueprint:Error: [Compiler BattleHUD] Error Can't connect pins  self  and  Item : Widget Reference is not compatible with Reference.
[2017.03.05-17.55.45:170][150]LogBlueprint:Error: [Compiler BattleHUD] Error Can't connect pins  self  and  Item : Widget Reference is not compatible with Reference.
[2017.03.05-17.55.45:170][150]LogBlueprint:Error: [Compiler BattleHUD] Error Can't connect pins  Item  and  self : Reference is not compatible with Widget Reference.
[2017.03.05-17.55.45:170][150]LogBlueprint:Warning: [Compiler BattleHUD] Warning Could not find a variable named "Item" in 'BattleHUD'.
Make sure 'BattleHUD' has been compiled for  K2Node_VariableSet_126
[2017.03.05-17.55.45:172][150]LogBlueprint:Error: [Compiler BattleHUD] Error Default value '' for  ItemVisualBoxes  is invalid: 'Array inputs (like 'Item Visual Boxes') must have an input wired into them (try connecting a MakeArray node).'
[2017.03.05-17.55.45:197][150]LogBlueprint:Warning: [Compiler BattleHUD] Warning [0387.67] Compile of BattleHUD failed. 5 Fatal Issue(s) 1 Warning(s) [in 44 ms] (/Game/UMG/BattleHUD.BattleHUD)
[2017.03.05-17.55.45:197][150]LogBlueprint:Warning: [Compiler BattleHUD] Warning [0387.67] Compile of BattleHUD failed. 5 Fatal Issue(s) 2 Warning(s) [in 0 ms] (/Game/UMG/BattleHUD.BattleHUD)
[2017.03.05-17.55.45:197][150]LogBlueprint:Warning: [Compiler BattleHUD] Warning [0387.67] Compile of BattleHUD failed. 5 Fatal Issue(s) 3 Warning(s) [in 0 ms] (/Game/UMG/BattleHUD.BattleHUD)
[2017.03.05-17.55.45:213][150]LogLinker:Warning: Can't find file '/Game/UMG/ItemSlot'
[2017.03.05-17.55.45:213][150]LogLinker:Warning: Can't find file for asset '/Game/UMG/ItemSlot' while loading NULL.
[2017.03.05-17.55.45:214][150]LogLinker:Warning: Can't find file '/Game/UMG/ItemSlot'
[2017.03.05-17.55.45:214][150]LogLinker:Warning: Can't find file for asset '/Game/UMG/ItemSlot' while loading NULL.
[2017.03.05-17.55.45:214][150]LogLinker:Warning: Can't find file '/Game/UMG/ItemSlot'
[2017.03.05-17.55.45:214][150]LogLinker:Warning: Can't find file for asset '/Game/UMG/ItemSlot' while loading NULL.
[2017.03.05-17.55.45:214][150]LogLinker:Warning: Can't find file '/Game/UMG/ItemSlot'
[2017.03.05-17.55.45:214][150]LogLinker:Warning: Can't find file for asset '/Game/UMG/ItemSlot' while loading NULL.
[2017.03.05-17.55.45:214][150]LogLinker:Warning: Can't find file '/Game/UMG/ItemSlot'
[2017.03.05-17.55.45:214][150]LogLinker:Warning: Can't find file for asset '/Game/UMG/ItemSlot' while loading NULL.
[2017.03.05-17.55.45:214][150]LogLinker:Warning: Can't find file '/Game/UMG/ItemSlot'
[2017.03.05-17.55.45:214][150]LogLinker:Warning: Can't find file for asset '/Game/UMG/ItemSlot' while loading NULL.
[2017.03.05-17.55.45:214][150]LogLinker:Warning: Can't find file '/Game/UMG/ItemSlot'
[2017.03.05-17.55.45:214][150]LogLinker:Warning: Can't find file for asset '/Game/UMG/ItemSlot' while loading NULL.
[2017.03.05-17.55.45:214][150]LogLinker:Warning: Can't find file '/Game/UMG/ItemSlot'
[2017.03.05-17.55.45:214][150]LogLinker:Warning: Can't find file for asset '/Game/UMG/ItemSlot' while loading NULL.
[2017.03.05-17.55.45:214][150]LogLinker:Warning: Can't find file '/Game/UMG/ItemSlot'
[2017.03.05-17.55.45:214][150]LogLinker:Warning: Can't find file for asset '/Game/UMG/ItemSlot' while loading NULL.
[2017.03.05-17.55.45:214][150]LogLinker:Warning: Can't find file '/Game/UMG/ItemSlot'
[2017.03.05-17.55.45:215][150]LogLinker:Warning: Can't find file for asset '/Game/UMG/ItemSlot' while loading NULL.
[2017.03.05-17.55.45:215][150]LogLinker:Warning: Can't find file '/Game/UMG/ItemSlot'
[2017.03.05-17.55.45:215][150]LogLinker:Warning: Can't find file for asset '/Game/UMG/ItemSlot' while loading NULL.
[2017.03.05-17.55.45:215][150]LogLinker:Warning: Can't find file '/Game/UMG/ItemSlot'
[2017.03.05-17.55.45:215][150]LogLinker:Warning: Can't find file for asset '/Game/UMG/ItemSlot' while loading NULL.
[2017.03.05-17.55.45:215][150]LogLinker:Warning: Can't find file '/Game/UMG/ItemSlot'
[2017.03.05-17.55.45:215][150]LogLinker:Warning: Can't find file for asset '/Game/UMG/ItemSlot' while loading NULL.
[2017.03.05-17.55.45:215][150]LogLinker:Warning: Can't find file '/Game/UMG/ItemSlot'
[2017.03.05-17.55.45:215][150]LogLinker:Warning: Can't find file for asset '/Game/UMG/ItemSlot' while loading NULL.
[2017.03.05-17.55.45:215][150]LogLinker:Warning: Can't find file '/Game/UMG/ItemSlot'
[2017.03.05-17.55.45:215][150]LogLinker:Warning: Can't find file for asset '/Game/UMG/ItemSlot' while loading NULL.
[2017.03.05-17.55.45:215][150]LogLinker:Warning: Can't find file '/Game/UMG/ItemSlot'
[2017.03.05-17.55.45:215][150]LogLinker:Warning: Can't find file for asset '/Game/UMG/ItemSlot' while loading NULL.
[2017.03.05-17.55.45:215][150]LogLinker:Warning: Can't find file '/Game/UMG/ItemSlot'
[2017.03.05-17.55.45:215][150]LogLinker:Warning: Can't find file for asset '/Game/UMG/ItemSlot' while loading NULL.
[2017.03.05-17.55.45:215][150]LogLinker:Warning: Can't find file '/Game/UMG/ItemSlot'
[2017.03.05-17.55.45:215][150]LogLinker:Warning: Can't find file for asset '/Game/UMG/ItemSlot' while loading NULL.
[2017.03.05-17.55.45:215][150]LogLinker:Warning: Can't find file '/Game/UMG/ItemSlot'
[2017.03.05-17.55.45:216][150]LogLinker:Warning: Can't find file for asset '/Game/UMG/ItemSlot' while loading NULL.
[2017.03.05-17.55.45:216][150]LogLinker:Warning: Can't find file '/Game/UMG/ItemSlot'
[2017.03.05-17.55.45:216][150]LogLinker:Warning: Can't find file for asset '/Game/UMG/ItemSlot' while loading NULL.
[2017.03.05-17.55.45:220][150]LogLinker:Warning: Can't find file '/Game/UMG/ItemSlot'
[2017.03.05-17.55.45:220][150]LogLinker:Warning: Can't find file for asset '/Game/UMG/ItemSlot' while loading NULL.
[2017.03.05-17.55.45:220][150]LogLinker:Warning: Can't find file '/Game/UMG/ItemSlot'
[2017.03.05-17.55.45:220][150]LogLinker:Warning: Can't find file for asset '/Game/UMG/ItemSlot' while loading NULL.
[2017.03.05-17.55.45:221][150]LogLinker:Warning: Can't find file '/Game/UMG/ItemSlot'
[2017.03.05-17.55.45:221][150]LogLinker:Warning: Can't find file for asset '/Game/UMG/ItemSlot' while loading NULL.
[2017.03.05-17.55.45:221][150]LogLinker:Warning: Can't find file '/Game/UMG/ItemSlot'
[2017.03.05-17.55.45:221][150]LogLinker:Warning: Can't find file for asset '/Game/UMG/ItemSlot' while loading NULL.
[2017.03.05-17.55.45:221][150]LogLinker:Warning: Can't find file '/Game/UMG/ItemSlot'
[2017.03.05-17.55.45:221][150]LogLinker:Warning: Can't find file for asset '/Game/UMG/ItemSlot' while loading NULL.
[2017.03.05-17.55.45:221][150]LogLinker:Warning: Can't find file '/Game/UMG/ItemSlot'
[2017.03.05-17.55.45:221][150]LogLinker:Warning: Can't find file for asset '/Game/UMG/ItemSlot' while loading NULL.
[2017.03.05-17.55.45:221][150]LogLinker:Warning: Can't find file '/Game/UMG/ItemSlot'
[2017.03.05-17.55.45:221][150]LogLinker:Warning: Can't find file for asset '/Game/UMG/ItemSlot' while loading NULL.
[2017.03.05-17.55.45:221][150]LogLinker:Warning: Can't find file '/Game/UMG/ItemSlot'
[2017.03.05-17.55.45:221][150]LogLinker:Warning: Can't find file for asset '/Game/UMG/ItemSlot' while loading NULL.
[2017.03.05-17.55.45:222][150]LogLinker:Warning: Can't find file '/Game/UMG/ItemSlot'
[2017.03.05-17.55.45:222][150]LogLinker:Warning: Can't find file for asset '/Game/UMG/ItemSlot' while loading NULL.
[2017.03.05-17.55.45:222][150]LogLinker:Warning: Can't find file '/Game/UMG/ItemSlot'
[2017.03.05-17.55.45:222][150]LogLinker:Warning: Can't find file for asset '/Game/UMG/ItemSlot' while loading NULL.
[2017.03.05-17.56.29:665][730]BlueprintLog: New page: Compile BattleHUD
[2017.03.05-17.56.29:754][730]LogBlueprint:Error: [Compiler BattleHUD] Error Can't connect pins  Item  and  self : Reference is not compatible with Widget Reference.
[2017.03.05-17.56.29:754][730]LogBlueprint:Error: [Compiler BattleHUD] Error Can't connect pins  self  and  Item : Widget Reference is not compatible with Reference.
[2017.03.05-17.56.29:764][730]LogBlueprint:Error: [Compiler BattleHUD] Error Can't connect pins  self  and  Item : Widget Reference is not compatible with Reference.
[2017.03.05-17.56.29:765][730]LogBlueprint:Error: [Compiler BattleHUD] Error Can't connect pins  Item  and  self : Reference is not compatible with Widget Reference.
[2017.03.05-17.56.29:765][730]LogBlueprint:Warning: [Compiler BattleHUD] Warning Could not find a variable named "Item" in 'BattleHUD'.
Make sure 'BattleHUD' has been compiled for  K2Node_VariableSet_126
[2017.03.05-17.56.29:766][730]LogBlueprint:Error: [Compiler BattleHUD] Error Default value '' for  ItemVisualBoxes  is invalid: 'Array inputs (like 'Item Visual Boxes') must have an input wired into them (try connecting a MakeArray node).'
[2017.03.05-17.56.29:992][730]BlueprintEditorCompileResults:Error: Error Can't connect pins  Item  and  self : Reference is not compatible with Widget Reference.
[2017.03.05-17.56.29:992][730]BlueprintEditorCompileResults:Error: Error Can't connect pins  self  and  Item : Widget Reference is not compatible with Reference.
[2017.03.05-17.56.29:992][730]BlueprintEditorCompileResults:Error: Error Can't connect pins  self  and  Item : Widget Reference is not compatible with Reference.
[2017.03.05-17.56.29:992][730]BlueprintEditorCompileResults:Error: Error Can't connect pins  Item  and  self : Reference is not compatible with Widget Reference.
[2017.03.05-17.56.29:992][730]BlueprintEditorCompileResults:Warning: Warning Could not find a variable named "Item" in 'BattleHUD'.
Make sure 'BattleHUD' has been compiled for  K2Node_VariableSet_126
[2017.03.05-17.56.29:992][730]BlueprintEditorCompileResults:Error: Error Default value '' for  ItemVisualBoxes  is invalid: 'Array inputs (like 'Item Visual Boxes') must have an input wired into them (try connecting a MakeArray node).'
[2017.03.05-17.56.29:992][730]LogBlueprint:Warning: [Compiler BattleHUD] Warning [0432.46] Compile of BattleHUD failed. 5 Fatal Issue(s) 1 Warning(s) [in 327 ms] (/Game/UMG/BattleHUD.BattleHUD)
[2017.03.05-17.57.03:590][342]LogSavePackage: Save=104.90ms
[2017.03.05-17.57.03:591][342]LogSavePackage: Moving '../../../../../../Users/Braden/Documents/GitHub/ChimeraGames/Abyss/Saved/Fort_ExplorationFC67F63B488C8C88415644BFAFA1470C.tmp' to '../../../../../../Users/Braden/Documents/GitHub/ChimeraGames/Abyss/Content/Maps-Levels/Fort/Exploration/Fort_Exploration.umap'
[2017.03.05-17.57.03:594][342]LogSavePackage:Display: Finished SavePackage ../../../../../../Users/Braden/Documents/GitHub/ChimeraGames/Abyss/Content/Maps-Levels/Fort/Exploration/Fort_Exploration.umap
[2017.03.05-17.57.03:655][342]LogFileHelpers: Saving map 'Fort_Exploration' took 0.272
[2017.03.05-17.57.03:658][342]Cmd: OBJ SAVEPACKAGE PACKAGE="/Game/UMG/BattleHUD" FILE="../../../../../../Users/Braden/Documents/GitHub/ChimeraGames/Abyss/Content/UMG/BattleHUD.uasset" SILENT=true
[2017.03.05-17.57.03:838][342]LogSavePackage: Save=151.34ms
[2017.03.05-17.57.03:838][342]LogSavePackage: Moving '../../../../../../Users/Braden/Documents/GitHub/ChimeraGames/Abyss/Saved/BattleHUD5E19A3204C63B91FD4CE2E896AE55272.tmp' to '../../../../../../Users/Braden/Documents/GitHub/ChimeraGames/Abyss/Content/UMG/BattleHUD.uasset'
[2017.03.05-17.57.03:840][342]LogSavePackage:Display: Finished SavePackage ../../../../../../Users/Braden/Documents/GitHub/ChimeraGames/Abyss/Content/UMG/BattleHUD.uasset
[2017.03.05-17.57.04:100][342]LogWindowsTextInputMethodSystem:Display: IME system now deactivated.
[2017.03.05-17.57.04:328][343]Cmd: QUIT_EDITOR
[2017.03.05-17.57.04:421][343]LogExit: Preparing to exit.
[2017.03.05-17.57.04:509][343]LogDirectoryWatcher: A directory notification for 'C:/Users/Braden/Documents/GitHub/ChimeraGames/Abyss/Content/' was aborted.
[2017.03.05-17.57.04:557][343]LogExit: Editor shut down
[2017.03.05-17.57.04:558][343]LogExit: Transaction tracking system shut down
[2017.03.05-17.57.04:675][343]LogObj: Freed 0b from 0 cluster array pools.
[2017.03.05-17.57.04:675][343]LogExit: Object subsystem successfully closed.
[2017.03.05-17.57.04:685][343]LogD3D11RHI: Shutdown
[2017.03.05-17.57.04:685][343]LogD3D11RHI: CleanupD3DDevice
[2017.03.05-17.57.04:734][343]LogD3D11RHI: ~FD3D11DynamicRHI
[2017.03.05-17.57.04:745][343]LogHttp:Display: Http module shutting down, but needs to wait on 1 outstanding Http requests:
[2017.03.05-17.57.04:745][343]LogHttp:Display: 	verb=[POST] url=[https://datarouter.ol.epicgames.com/datarouter/api/v1/public/data?SessionID=%7BCC5D8424-4FEF-9F9D-1DD5-ECB4B2B2F817%7D&AppID=UEEditor.Rocket.Release&AppVersion=4.14.3-3249277%2B%2B%2BUE4%2BRelease-4.14&UserID=bcab204c4eba50f4cbc298a0a41b2c7b%7C19b914fd1bf446109fa5a9d924e5dd7a%7C388d880e-e76b-426c-9d5d-4ed7ee87f56f&AppEnvironment=datacollector-binary&UploadType=eteventstream] status=Processing
[2017.03.05-17.57.04:779][343]LogModuleManager: Shutting down and abandoning module SequencerWidgets (231)
[2017.03.05-17.57.04:779][343]LogModuleManager: Shutting down and abandoning module BlueprintGraph (230)
[2017.03.05-17.57.04:779][343]LogModuleManager: Shutting down and abandoning module BlueprintProfiler (229)
[2017.03.05-17.57.04:779][343]LogModuleManager: Shutting down and abandoning module HierarchicalLODOutliner (228)
[2017.03.05-17.57.04:779][343]LogModuleManager: Shutting down and abandoning module CrashTracker (227)
[2017.03.05-17.57.04:779][343]LogModuleManager: Shutting down and abandoning module SceneOutliner (226)
[2017.03.05-17.57.04:779][343]LogModuleManager: Shutting down and abandoning module WidgetCarousel (225)
[2017.03.05-17.57.04:779][343]LogModuleManager: Shutting down and abandoning module AddContentDialog (224)
[2017.03.05-17.57.04:779][343]LogDirectoryWatcher: A directory notification for 'C:/Program Files/Epic Games/UE_4.14/FeaturePacks/' was aborted.
[2017.03.05-17.57.04:780][343]LogModuleManager: Shutting down and abandoning module GameplayTags (223)
[2017.03.05-17.57.04:780][343]LogModuleManager: Shutting down and abandoning module EditorWidgets (222)
[2017.03.05-17.57.04:780][343]LogModuleManager: Shutting down and abandoning module CollectionManager (221)
[2017.03.05-17.57.04:780][343]LogDirectoryWatcher: A directory notification for 'C:/Users/Braden/Documents/GitHub/ChimeraGames/Abyss/Content/Collections/' was aborted.
[2017.03.05-17.57.04:781][343]LogDirectoryWatcher: A directory notification for 'C:/Users/Braden/Documents/GitHub/ChimeraGames/Abyss/Content/Developers/Braden/Collections/' was aborted.
[2017.03.05-17.57.04:781][343]LogDirectoryWatcher: A directory notification for 'C:/Users/Braden/Documents/GitHub/ChimeraGames/Abyss/Saved/Collections/' was aborted.
[2017.03.05-17.57.04:781][343]LogModuleManager: Shutting down and abandoning module StatsViewer (220)
[2017.03.05-17.57.04:781][343]LogModuleManager: Shutting down and abandoning module FoliageEdit (219)
[2017.03.05-17.57.04:781][343]LogModuleManager: Shutting down and abandoning module LandscapeEditor (218)
[2017.03.05-17.57.04:781][343]LogModuleManager: Shutting down and abandoning module SceneDepthPickerMode (217)
[2017.03.05-17.57.04:781][343]LogModuleManager: Shutting down and abandoning module ActorPickerMode (216)
[2017.03.05-17.57.04:781][343]LogModuleManager: Shutting down and abandoning module GeometryMode (215)
[2017.03.05-17.57.04:781][343]LogModuleManager: Shutting down and abandoning module TextureAlignMode (214)
[2017.03.05-17.57.04:781][343]LogModuleManager: Shutting down and abandoning module BspMode (213)
[2017.03.05-17.57.04:781][343]LogModuleManager: Shutting down and abandoning module HardwareSurvey (212)
[2017.03.05-17.57.04:781][343]LogModuleManager: Shutting down and abandoning module SequenceRecorderSections (211)
[2017.03.05-17.57.04:781][343]LogModuleManager: Shutting down and abandoning module AutomationWorker (210)
[2017.03.05-17.57.04:781][343]LogModuleManager: Shutting down and abandoning module MatineeToLevelSequence (209)
[2017.03.05-17.57.04:781][343]LogModuleManager: Shutting down and abandoning module PlacementMode (208)
[2017.03.05-17.57.04:781][343]LogModuleManager: Shutting down and abandoning module LevelSequenceEditor (207)
[2017.03.05-17.57.04:781][343]LogModuleManager: Shutting down and abandoning module Media (206)
[2017.03.05-17.57.04:781][343]LogModuleManager: Shutting down and abandoning module WmfMediaFactory (205)
[2017.03.05-17.57.04:781][343]LogModuleManager: Shutting down and abandoning module WmfMediaEditor (204)
[2017.03.05-17.57.04:781][343]LogModuleManager: Shutting down and abandoning module CharacterAI (203)
[2017.03.05-17.57.04:781][343]LogModuleManager: Shutting down and abandoning module SequenceRecorder (202)
[2017.03.05-17.57.04:781][343]LogModuleManager: Shutting down and abandoning module AudioCapture (201)
[2017.03.05-17.57.04:781][343]LogModuleManager: Shutting down and abandoning module SmartSnapping (200)
[2017.03.05-17.57.04:781][343]LogModuleManager: Shutting down and abandoning module SessionServices (199)
[2017.03.05-17.57.04:781][343]LogModuleManager: Shutting down and abandoning module ViewportSnapping (198)
[2017.03.05-17.57.04:781][343]LogModuleManager: Shutting down and abandoning module ViewportInteraction (197)
[2017.03.05-17.57.04:781][343]LogModuleManager: Shutting down and abandoning module LogVisualizer (196)
[2017.03.05-17.57.04:781][343]LogModuleManager: Shutting down and abandoning module GameProjectGeneration (195)
[2017.03.05-17.57.04:781][343]LogModuleManager: Shutting down and abandoning module IntroTutorials (194)
[2017.03.05-17.57.04:781][343]LogModuleManager: Shutting down and abandoning module EditorLiveStreaming (193)
[2017.03.05-17.57.04:781][343]LogModuleManager: Shutting down and abandoning module IOSPlatformEditor (192)
[2017.03.05-17.57.04:781][343]LogModuleManager: Shutting down and abandoning module HTML5PlatformEditor (191)
[2017.03.05-17.57.04:781][343]LogModuleManager: Shutting down and abandoning module AndroidDeviceDetection (189)
[2017.03.05-17.57.05:438][343]LogModuleManager: Shutting down and abandoning module AndroidPlatformEditor (188)
[2017.03.05-17.57.05:438][343]LogModuleManager: Shutting down and abandoning module IOSRuntimeSettings (187)
[2017.03.05-17.57.05:438][343]LogModuleManager: Shutting down and abandoning module AndroidRuntimeSettings (186)
[2017.03.05-17.57.05:438][343]LogModuleManager: Shutting down and abandoning module InputBindingEditor (185)
[2017.03.05-17.57.05:438][343]LogModuleManager: Shutting down and abandoning module NiagaraEditor (184)
[2017.03.05-17.57.05:438][343]LogModuleManager: Shutting down and abandoning module MergeActors (183)
[2017.03.05-17.57.05:438][343]LogModuleManager: Shutting down and abandoning module SizeMap (182)
[2017.03.05-17.57.05:438][343]LogModuleManager: Shutting down and abandoning module TreeMap (181)
[2017.03.05-17.57.05:438][343]LogModuleManager: Shutting down and abandoning module ReferenceViewer (180)
[2017.03.05-17.57.05:438][343]LogModuleManager: Shutting down and abandoning module LocalizationService (179)
[2017.03.05-17.57.05:438][343]LogModuleManager: Shutting down and abandoning module LocalizationDashboard (178)
[2017.03.05-17.57.05:438][343]LogModuleManager: Shutting down and abandoning module HardwareTargeting (177)
[2017.03.05-17.57.05:438][343]LogModuleManager: Shutting down and abandoning module DeviceProfileEditor (176)
[2017.03.05-17.57.05:438][343]LogModuleManager: Shutting down and abandoning module UndoHistory (175)
[2017.03.05-17.57.05:439][343]LogModuleManager: Shutting down and abandoning module UserFeedback (174)
[2017.03.05-17.57.05:439][343]LogModuleManager: Shutting down and abandoning module XmlParser (173)
[2017.03.05-17.57.05:439][343]LogModuleManager: Shutting down and abandoning module Blutility (172)
[2017.03.05-17.57.05:439][343]LogModuleManager: Shutting down and abandoning module ProjectTargetPlatformEditor (171)
[2017.03.05-17.57.05:439][343]LogModuleManager: Shutting down and abandoning module ProjectSettingsViewer (170)
[2017.03.05-17.57.05:439][343]LogModuleManager: Shutting down and abandoning module EditorSettingsViewer (169)
[2017.03.05-17.57.05:439][343]LogModuleManager: Shutting down and abandoning module SettingsEditor (168)
[2017.03.05-17.57.05:439][343]LogModuleManager: Shutting down and abandoning module ProjectLauncher (167)
[2017.03.05-17.57.05:439][343]LogModuleManager: Shutting down and abandoning module SessionFrontend (166)
[2017.03.05-17.57.05:439][343]LogModuleManager: Shutting down and abandoning module ProfilerClient (165)
[2017.03.05-17.57.05:439][343]LogModuleManager: Shutting down and abandoning module TargetDeviceServices (164)
[2017.03.05-17.57.05:439][343]LogModuleManager: Shutting down and abandoning module DeviceManager (163)
[2017.03.05-17.57.05:482][343]LogModuleManager: Shutting down and abandoning module AutomationController (162)
[2017.03.05-17.57.05:482][343]LogModuleManager: Shutting down and abandoning module AutomationWindow (161)
[2017.03.05-17.57.05:482][343]LogModuleManager: Shutting down and abandoning module Layers (160)
[2017.03.05-17.57.05:482][343]LogModuleManager: Shutting down and abandoning module ComponentVisualizers (159)
[2017.03.05-17.57.05:482][343]LogModuleManager: Shutting down and abandoning module DetailCustomizations (158)
[2017.03.05-17.57.05:482][343]LogModuleManager: Shutting down and abandoning module PackagesDialog (157)
[2017.03.05-17.57.05:482][343]LogModuleManager: Shutting down and abandoning module AnimGraph (156)
[2017.03.05-17.57.05:482][343]LogModuleManager: Shutting down and abandoning module Persona (155)
[2017.03.05-17.57.05:482][343]LogModuleManager: Shutting down and abandoning module Kismet (154)
[2017.03.05-17.57.05:493][343]LogModuleManager: Shutting down and abandoning module GraphEditor (153)
[2017.03.05-17.57.05:494][343]LogModuleManager: Shutting down and abandoning module ClassViewer (152)
[2017.03.05-17.57.05:494][343]LogModuleManager: Shutting down and abandoning module Toolbox (151)
[2017.03.05-17.57.05:494][343]LogModuleManager: Shutting down and abandoning module ModuleUI (150)
[2017.03.05-17.57.05:494][343]LogModuleManager: Shutting down and abandoning module MovieSceneTools (149)
[2017.03.05-17.57.05:494][343]LogModuleManager: Shutting down and abandoning module OutputLog (148)
[2017.03.05-17.57.05:494][343]LogModuleManager: Shutting down and abandoning module GammaUI (147)
[2017.03.05-17.57.05:494][343]LogModuleManager: Shutting down and abandoning module Documentation (146)
[2017.03.05-17.57.05:494][343]LogModuleManager: Shutting down and abandoning module Niagara (145)
[2017.03.05-17.57.05:494][343]LogModuleManager: Shutting down and abandoning module StreamingPauseRendering (144)
[2017.03.05-17.57.05:494][343]LogModuleManager: Shutting down and abandoning module AnalyticsET (143)
[2017.03.05-17.57.05:494][343]LogModuleManager: Shutting down and abandoning module PortalServices (142)
[2017.03.05-17.57.05:494][343]LogModuleManager: Shutting down and abandoning module PortalRpc (141)
[2017.03.05-17.57.05:494][343]LogModuleManager: Shutting down and abandoning module MessagingRpc (140)
[2017.03.05-17.57.05:494][343]LogModuleManager: Shutting down and abandoning module GameplayDebugger (139)
[2017.03.05-17.57.05:494][343]LogModuleManager: Shutting down and abandoning module AITestSuite (138)
[2017.03.05-17.57.05:494][343]LogModuleManager: Shutting down and abandoning module AIModule (137)
[2017.03.05-17.57.05:494][343]LogModuleManager: Shutting down and abandoning module ProfilerService (136)
[2017.03.05-17.57.05:726][343]LogModuleManager: Shutting down and abandoning module TaskGraph (135)
[2017.03.05-17.57.05:726][343]LogModuleManager: Shutting down and abandoning module SlateRemote (134)
[2017.03.05-17.57.05:726][343]LogModuleManager: Shutting down and abandoning module ProceduralMeshComponentEditor (133)
[2017.03.05-17.57.05:726][343]LogModuleManager: Shutting down and abandoning module ProceduralMeshComponent (132)
[2017.03.05-17.57.05:726][343]LogModuleManager: Shutting down and abandoning module CustomMeshComponent (131)
[2017.03.05-17.57.05:726][343]LogModuleManager: Shutting down and abandoning module CableComponent (130)
[2017.03.05-17.57.05:726][343]LogModuleManager: Shutting down and abandoning module ArchVisCharacter (129)
[2017.03.05-17.57.05:726][343]LogModuleManager: Shutting down and abandoning module MediaPlayerEditor (127)
[2017.03.05-17.57.05:726][343]LogModuleManager: Shutting down and abandoning module HTML5Networking (126)
[2017.03.05-17.57.05:726][343]LogModuleManager: Shutting down and abandoning module GeometryCacheEd (125)
[2017.03.05-17.57.05:726][343]LogModuleManager: Shutting down and abandoning module GeometryCache (124)
[2017.03.05-17.57.05:726][343]LogModuleManager: Shutting down and abandoning module AlembicLibrary (123)
[2017.03.05-17.57.05:726][343]LogModuleManager: Shutting down and abandoning module AlembicImporter (122)
[2017.03.05-17.57.05:726][343]LogModuleManager: Shutting down and abandoning module SuperSearch (121)
[2017.03.05-17.57.05:726][343]LogModuleManager: Shutting down and abandoning module SuperSearchEditor (120)
[2017.03.05-17.57.05:726][343]LogModuleManager: Shutting down and abandoning module SpeedTreeImporter (119)
[2017.03.05-17.57.05:726][343]LogModuleManager: Shutting down and abandoning module PluginBrowser (118)
[2017.03.05-17.57.05:726][343]LogModuleManager: Shutting down and abandoning module DesktopPlatform (117)
[2017.03.05-17.57.05:726][343]LogModuleManager: Shutting down and abandoning module VisualStudioSourceCodeAccess (116)
[2017.03.05-17.57.05:726][343]LogModuleManager: Shutting down and abandoning module UObjectPlugin (115)
[2017.03.05-17.57.05:726][343]LogModuleManager: Shutting down and abandoning module SubversionSourceControl (114)
[2017.03.05-17.57.05:726][343]LogModuleManager: Shutting down and abandoning module PerforceSourceControl (113)
[2017.03.05-17.57.05:726][343]LogModuleManager: Shutting down and abandoning module SourceControl (112)
[2017.03.05-17.57.05:726][343]LogModuleManager: Shutting down and abandoning module GitSourceControl (111)
[2017.03.05-17.57.05:726][343]LogModuleManager: Shutting down and abandoning module LightPropagationVolumeEditor (110)
[2017.03.05-17.57.05:726][343]LogModuleManager: Shutting down and abandoning module PaperTiledImporter (109)
[2017.03.05-17.57.05:726][343]LogModuleManager: Shutting down and abandoning module PaperSpriteSheetImporter (108)
[2017.03.05-17.57.05:726][343]LogModuleManager: Shutting down and abandoning module MeshPaint (107)
[2017.03.05-17.57.05:726][343]LogModuleManager: Shutting down and abandoning module PixelInspectorModule (106)
[2017.03.05-17.57.05:726][343]LogModuleManager: Shutting down and abandoning module HotReload (105)
[2017.03.05-17.57.05:727][343]LogModuleManager: Shutting down and abandoning module MainFrame (104)
[2017.03.05-17.57.05:727][343]LogModuleManager: Shutting down and abandoning module LevelEditor (103)
[2017.03.05-17.57.05:727][343]LogModuleManager: Shutting down and abandoning module ContentBrowser (102)
[2017.03.05-17.57.05:728][343]LogModuleManager: Shutting down and abandoning module Paper2DEditor (101)
[2017.03.05-17.57.05:728][343]LogModuleManager: Shutting down and abandoning module LightPropagationVolumeRuntime (100)
[2017.03.05-17.57.05:728][343]LogModuleManager: Shutting down and abandoning module Paper2D (99)
[2017.03.05-17.57.05:728][343]LogModuleManager: Shutting down and abandoning module WindowsMoviePlayer (98)
[2017.03.05-17.57.05:728][343]LogModuleManager: Shutting down and abandoning module WmfMedia (97)
[2017.03.05-17.57.05:728][343]LogModuleManager: Shutting down and abandoning module MediaAssets (96)
[2017.03.05-17.57.05:728][343]LogModuleManager: Shutting down and abandoning module GameLiveStreaming (95)
[2017.03.05-17.57.05:728][343]LogModuleManager: Shutting down and abandoning module GameplayTagsEditor (94)
[2017.03.05-17.57.05:728][343]LogModuleManager: Shutting down and abandoning module VREditor (93)
[2017.03.05-17.57.05:728][343]LogModuleManager: Shutting down and abandoning module GameplayTasksEditor (92)
[2017.03.05-17.57.05:728][343]LogModuleManager: Shutting down and abandoning module BehaviorTreeEditor (91)
[2017.03.05-17.57.05:728][343]LogModuleManager: Shutting down and abandoning module FunctionalTesting (90)
[2017.03.05-17.57.05:728][343]LogModuleManager: Shutting down and abandoning module CollisionAnalyzer (89)
[2017.03.05-17.57.05:728][343]LogModuleManager: Shutting down and abandoning module Sequencer (88)
[2017.03.05-17.57.05:729][343]LogModuleManager: Shutting down and abandoning module WorkspaceMenuStructure (87)
[2017.03.05-17.57.05:729][343]LogModuleManager: Shutting down and abandoning module MessageLog (86)
[2017.03.05-17.57.05:729][343]LogModuleManager: Shutting down and abandoning module AssetTools (85)
[2017.03.05-17.57.05:729][343]LogModuleManager: Shutting down and abandoning module UMGEditor (84)
[2017.03.05-17.57.05:729][343]LogModuleManager: Shutting down and abandoning module UMG (83)
[2017.03.05-17.57.05:729][343]LogModuleManager: Shutting down and abandoning module SlateReflector (82)
[2017.03.05-17.57.05:729][343]LogModuleManager: Shutting down and abandoning module Slate (81)
[2017.03.05-17.57.05:729][343]LogModuleManager: Shutting down and abandoning module EditorStyle (80)
[2017.03.05-17.57.05:731][343]LogModuleManager: Shutting down and abandoning module SourceCodeAccess (79)
[2017.03.05-17.57.05:731][343]LogModuleManager: Shutting down and abandoning module HeadMountedDisplay (78)
[2017.03.05-17.57.05:731][343]LogModuleManager: Shutting down and abandoning module XAudio2 (77)
[2017.03.05-17.57.05:731][343]LogModuleManager: Shutting down and abandoning module Networking (75)
[2017.03.05-17.57.05:731][343]LogModuleManager: Shutting down and abandoning module Core (74)
[2017.03.05-17.57.05:731][343]LogModuleManager: Shutting down and abandoning module DirectoryWatcher (73)
[2017.03.05-17.57.05:731][343]LogDirectoryWatcher: A directory notification for '../../../Engine/Content/' was aborted.
[2017.03.05-17.57.05:732][343]LogDirectoryWatcher: A directory notification for '../../../../../../Users/Braden/Documents/GitHub/ChimeraGames/Abyss/Content/' was aborted.
[2017.03.05-17.57.05:732][343]LogDirectoryWatcher: A directory notification for '../../../Engine/Plugins/2D/Paper2D/Content/' was aborted.
[2017.03.05-17.57.05:732][343]LogModuleManager: Shutting down and abandoning module AssetRegistry (72)
[2017.03.05-17.57.05:951][343]LogModuleManager: Shutting down and abandoning module KismetCompiler (71)
[2017.03.05-17.57.05:951][343]LogModuleManager: Shutting down and abandoning module PhysXFormats (70)
[2017.03.05-17.57.05:951][343]LogModuleManager: Shutting down and abandoning module SimplygonSwarm (69)
[2017.03.05-17.57.05:951][343]LogModuleManager: Shutting down and abandoning module SimplygonMeshReduction (68)
[2017.03.05-17.57.05:951][343]LogModuleManager: Shutting down and abandoning module QuadricMeshReduction (67)
[2017.03.05-17.57.05:951][343]LogModuleManager: Shutting down and abandoning module PropertyEditor (66)
[2017.03.05-17.57.05:951][343]LogModuleManager: Shutting down and abandoning module MeshUtilities (65)
[2017.03.05-17.57.05:951][343]LogModuleManager: Shutting down and abandoning module DerivedDataCache (64)
[2017.03.05-17.57.06:009][343]LogDerivedDataCache: Shutdown
[2017.03.05-17.57.06:009][343]LogModuleManager: Shutting down and abandoning module VulkanShaderFormat (63)
[2017.03.05-17.57.06:009][343]LogModuleManager: Shutting down and abandoning module ShaderFormatOpenGL (62)
[2017.03.05-17.57.06:009][343]LogModuleManager: Shutting down and abandoning module ShaderFormatD3D (61)
[2017.03.05-17.57.06:009][343]LogModuleManager: Shutting down and abandoning module MetalShaderFormat (60)
[2017.03.05-17.57.06:009][343]LogModuleManager: Shutting down and abandoning module TextureFormatUncompressed (59)
[2017.03.05-17.57.06:009][343]LogModuleManager: Shutting down and abandoning module TextureFormatPVR (58)
[2017.03.05-17.57.06:009][343]LogModuleManager: Shutting down and abandoning module TextureFormatDXT (57)
[2017.03.05-17.57.06:009][343]LogModuleManager: Shutting down and abandoning module TextureFormatIntelISPCTexComp (56)
[2017.03.05-17.57.06:009][343]LogModuleManager: Shutting down and abandoning module ImageWrapper (55)
[2017.03.05-17.57.06:009][343]LogModuleManager: Shutting down and abandoning module TextureFormatASTC (54)
[2017.03.05-17.57.06:010][343]LogModuleManager: Shutting down and abandoning module TextureFormatAndroid (53)
[2017.03.05-17.57.06:010][343]LogModuleManager: Shutting down and abandoning module AudioFormatOpus (52)
[2017.03.05-17.57.06:010][343]LogModuleManager: Shutting down and abandoning module AudioFormatOgg (51)
[2017.03.05-17.57.06:010][343]LogModuleManager: Shutting down and abandoning module AudioFormatADPCM (50)
[2017.03.05-17.57.06:010][343]LogModuleManager: Shutting down and abandoning module LinuxTargetPlatform (49)
[2017.03.05-17.57.06:010][343]LogModuleManager: Shutting down and abandoning module LinuxServerTargetPlatform (48)
[2017.03.05-17.57.06:010][343]LogModuleManager: Shutting down and abandoning module LinuxNoEditorTargetPlatform (47)
[2017.03.05-17.57.06:010][343]LogModuleManager: Shutting down and abandoning module LinuxClientTargetPlatform (46)
[2017.03.05-17.57.06:010][343]LogModuleManager: Shutting down and abandoning module TVOSTargetPlatform (45)
[2017.03.05-17.57.06:010][343]LogModuleManager: Shutting down and abandoning module Messaging (44)
[2017.03.05-17.57.06:010][343]LogModuleManager: Shutting down and abandoning module IOSTargetPlatform (43)
[2017.03.05-17.57.06:010][343]LogModuleManager: Shutting down and abandoning module HTML5TargetPlatform (42)
[2017.03.05-17.57.06:010][343]LogModuleManager: Shutting down and abandoning module Android_PVRTCTargetPlatform (41)
[2017.03.05-17.57.06:010][343]LogModuleManager: Shutting down and abandoning module Android_MultiTargetPlatform (40)
[2017.03.05-17.57.06:010][343]LogModuleManager: Shutting down and abandoning module Android_ETC2TargetPlatform (39)
[2017.03.05-17.57.06:010][343]LogModuleManager: Shutting down and abandoning module Android_ETC1TargetPlatform (38)
[2017.03.05-17.57.06:010][343]LogModuleManager: Shutting down and abandoning module Android_DXTTargetPlatform (37)
[2017.03.05-17.57.06:010][343]LogModuleManager: Shutting down and abandoning module Android_ATCTargetPlatform (36)
[2017.03.05-17.57.06:010][343]LogModuleManager: Shutting down and abandoning module Android_ASTCTargetPlatform (35)
[2017.03.05-17.57.06:010][343]LogModuleManager: Shutting down and abandoning module AndroidTargetPlatform (34)
[2017.03.05-17.57.06:010][343]LogModuleManager: Shutting down and abandoning module WindowsTargetPlatform (33)
[2017.03.05-17.57.06:010][343]LogModuleManager: Shutting down and abandoning module WindowsServerTargetPlatform (32)
[2017.03.05-17.57.06:010][343]LogModuleManager: Shutting down and abandoning module WindowsNoEditorTargetPlatform (31)
[2017.03.05-17.57.06:010][343]LogModuleManager: Shutting down and abandoning module WindowsClientTargetPlatform (30)
[2017.03.05-17.57.06:010][343]LogModuleManager: Shutting down and abandoning module MacTargetPlatform (29)
[2017.03.05-17.57.06:010][343]LogModuleManager: Shutting down and abandoning module MacServerTargetPlatform (28)
[2017.03.05-17.57.06:010][343]LogModuleManager: Shutting down and abandoning module MacNoEditorTargetPlatform (27)
[2017.03.05-17.57.06:010][343]LogModuleManager: Shutting down and abandoning module MacClientTargetPlatform (26)
[2017.03.05-17.57.06:010][343]LogModuleManager: Shutting down and abandoning module AllDesktopTargetPlatform (25)
[2017.03.05-17.57.06:010][343]LogModuleManager: Shutting down and abandoning module TargetPlatform (24)
[2017.03.05-17.57.06:010][343]LogModuleManager: Shutting down and abandoning module InputCore (23)
[2017.03.05-17.57.06:010][343]LogModuleManager: Shutting down and abandoning module Settings (22)
[2017.03.05-17.57.06:010][343]LogModuleManager: Shutting down and abandoning module ExampleDeviceProfileSelector (21)
[2017.03.05-17.57.06:010][343]LogModuleManager: Shutting down and abandoning module OnlineBlueprintSupport (20)
[2017.03.05-17.57.06:010][343]LogModuleManager: Shutting down and abandoning module OnlineSubsystem (18)
[2017.03.05-17.57.06:010][343]LogOnline:Display: Unloading online subsystem: NULL
[2017.03.05-17.57.06:010][343]LogModuleManager: Shutting down and abandoning module SSL (17)
[2017.03.05-17.57.06:011][343]LogModuleManager: Shutting down and abandoning module HTTP (16)
[2017.03.05-17.57.06:011][343]LogModuleManager: Shutting down and abandoning module XMPP (15)
[2017.03.05-17.57.06:011][343]LogModuleManager: Shutting down and abandoning module TextureCompressor (14)
[2017.03.05-17.57.06:011][343]LogModuleManager: Shutting down and abandoning module ShaderCore (13)
[2017.03.05-17.57.06:011][343]LogModuleManager: Shutting down and abandoning module Landscape (12)
[2017.03.05-17.57.06:011][343]LogModuleManager: Shutting down and abandoning module SlateRHIRenderer (11)
[2017.03.05-17.57.06:015][343]LogModuleManager: Shutting down and abandoning module OpenGLDrv (10)
[2017.03.05-17.57.06:015][343]LogModuleManager: Shutting down and abandoning module D3D11RHI (9)
[2017.03.05-17.57.06:015][343]LogModuleManager: Shutting down and abandoning module AnimGraphRuntime (8)
[2017.03.05-17.57.06:015][343]LogModuleManager: Shutting down and abandoning module Renderer (7)
[2017.03.05-17.57.06:015][343]LogModuleManager: Shutting down and abandoning module Engine (6)
[2017.03.05-17.57.06:015][343]LogModuleManager: Shutting down and abandoning module CoreUObject (5)
[2017.03.05-17.57.06:015][343]LogModuleManager: Shutting down and abandoning module NetworkFile (4)
[2017.03.05-17.57.06:015][343]LogModuleManager: Shutting down and abandoning module StreamingFile (3)
[2017.03.05-17.57.06:015][343]LogModuleManager: Shutting down and abandoning module SandboxFile (2)
[2017.03.05-17.57.06:015][343]LogModuleManager: Shutting down and abandoning module PakFile (1)
[2017.03.05-17.57.06:018][343]LogExit: Exiting.
[2017.03.05-17.57.06:020][343]Log file closed, 03/05/17 12:57:06
