Log file open, 02/28/17 09:46:18
LogInit:Display: Running engine for game: Abyss
LogPlatformFile: Not using cached read wrapper
LogInit:Display: RandInit(287115680) SRandInit(287115680).
LogTaskGraph: Started task graph with 5 named threads and 8 total threads with 1 sets of task threads.
LogStats: Stats thread started at 0.282051
LogPluginManager: Loaded Plugin Paper2D, From D:/UE4/UE_4.14/Engine/Plugins/2D/Paper2D/Paper2D.uplugin
LogPluginManager: Loaded Plugin LightPropagationVolume, From D:/UE4/UE_4.14/Engine/Plugins/Blendables/LightPropagationVolume/LightPropagationVolume.uplugin
LogPluginManager: Loaded Plugin BlankPlugin, From D:/UE4/UE_4.14/Engine/Plugins/Developer/BlankPlugin/BlankPlugin.uplugin
LogPluginManager: Loaded Plugin CodeLiteSourceCodeAccess, From D:/UE4/UE_4.14/Engine/Plugins/Developer/CodeLiteSourceCodeAccess/CodeLiteSourceCodeAccess.uplugin
LogPluginManager: Loaded Plugin GitSourceControl, From D:/UE4/UE_4.14/Engine/Plugins/Developer/GitSourceControl/GitSourceControl.uplugin
LogPluginManager: Loaded Plugin KDevelopSourceCodeAccess, From D:/UE4/UE_4.14/Engine/Plugins/Developer/KDevelopSourceCodeAccess/KDevelopSourceCodeAccess.uplugin
LogPluginManager: Loaded Plugin NullSourceCodeAccess, From D:/UE4/UE_4.14/Engine/Plugins/Developer/NullSourceCodeAccess/NullSourceCodeAccess.uplugin
LogPluginManager: Loaded Plugin OneSkyLocalizationService, From D:/UE4/UE_4.14/Engine/Plugins/Developer/OneSkyLocalizationService/OneSkyLocalizationService.uplugin
LogPluginManager: Loaded Plugin PerforceSourceControl, From D:/UE4/UE_4.14/Engine/Plugins/Developer/PerforceSourceControl/PerforceSourceControl.uplugin
LogPluginManager: Loaded Plugin SubversionSourceControl, From D:/UE4/UE_4.14/Engine/Plugins/Developer/SubversionSourceControl/SubversionSourceControl.uplugin
LogPluginManager: Loaded Plugin UObjectPlugin, From D:/UE4/UE_4.14/Engine/Plugins/Developer/UObjectPlugin/UObjectPlugin.uplugin
LogPluginManager: Loaded Plugin VisualStudioSourceCodeAccess, From D:/UE4/UE_4.14/Engine/Plugins/Developer/VisualStudioSourceCodeAccess/VisualStudioSourceCodeAccess.uplugin
LogPluginManager: Loaded Plugin XCodeSourceCodeAccess, From D:/UE4/UE_4.14/Engine/Plugins/Developer/XCodeSourceCodeAccess/XCodeSourceCodeAccess.uplugin
LogPluginManager: Loaded Plugin AudioCapture, From D:/UE4/UE_4.14/Engine/Plugins/Editor/AudioCapture/AudioCapture.uplugin
LogPluginManager: Loaded Plugin EpicSurvey, From D:/UE4/UE_4.14/Engine/Plugins/Editor/EpicSurvey/EpicSurvey.uplugin
LogPluginManager: Loaded Plugin MacGraphicsSwitching, From D:/UE4/UE_4.14/Engine/Plugins/Editor/MacGraphicsSwitching/MacGraphicsSwitching.uplugin
LogPluginManager: Loaded Plugin MobileLauncherProfileWizard, From D:/UE4/UE_4.14/Engine/Plugins/Editor/MobileLauncherProfileWizard/MobileLauncherProfileWizard.uplugin
LogPluginManager: Loaded Plugin PluginBrowser, From D:/UE4/UE_4.14/Engine/Plugins/Editor/PluginBrowser/PluginBrowser.uplugin
LogPluginManager: Loaded Plugin SpeedTreeImporter, From D:/UE4/UE_4.14/Engine/Plugins/Editor/SpeedTreeImporter/SpeedTreeImporter.uplugin
LogPluginManager: Loaded Plugin SuperSearchEditor, From D:/UE4/UE_4.14/Engine/Plugins/Editor/SuperSearchEditor/SuperSearchEditor.uplugin
LogPluginManager: Loaded Plugin AlembicImporter, From D:/UE4/UE_4.14/Engine/Plugins/Experimental/AlembicImporter/AlembicImporter.uplugin
LogPluginManager: Loaded Plugin BlueprintStats, From D:/UE4/UE_4.14/Engine/Plugins/Experimental/BlueprintStats/BlueprintStats.uplugin
LogPluginManager: Loaded Plugin CharacterAI, From D:/UE4/UE_4.14/Engine/Plugins/Experimental/CharacterAI/CharacterAI.uplugin
LogPluginManager: Loaded Plugin CodeEditor, From D:/UE4/UE_4.14/Engine/Plugins/Experimental/CodeEditor/CodeEditor.uplugin
LogPluginManager: Loaded Plugin CodeView, From D:/UE4/UE_4.14/Engine/Plugins/Experimental/CodeView/CodeView.uplugin
LogPluginManager: Loaded Plugin HTML5Networking, From D:/UE4/UE_4.14/Engine/Plugins/Experimental/HTML5Networking/HTML5Networking.uplugin
LogPluginManager: Loaded Plugin OSVR, From D:/UE4/UE_4.14/Engine/Plugins/Experimental/OSVR/OSVR.uplugin
LogPluginManager: Loaded Plugin Phya, From D:/UE4/UE_4.14/Engine/Plugins/Experimental/Phya/Phya.uplugin
LogPluginManager: Loaded Plugin SignificanceManager, From D:/UE4/UE_4.14/Engine/Plugins/Experimental/SignificanceManager/SignificanceManager.uplugin
LogPluginManager: Loaded Plugin SimpleHMD, From D:/UE4/UE_4.14/Engine/Plugins/Experimental/SimpleHMD/SimpleHMD.uplugin
LogPluginManager: Loaded Plugin StereoPanorama, From D:/UE4/UE_4.14/Engine/Plugins/Experimental/StereoPanorama/StereoPanorama.uplugin
LogPluginManager: Loaded Plugin StructBox, From D:/UE4/UE_4.14/Engine/Plugins/Experimental/StructBox/StructBox.uplugin
LogPluginManager: Loaded Plugin AndroidMedia, From D:/UE4/UE_4.14/Engine/Plugins/Media/AndroidMedia/AndroidMedia.uplugin
LogPluginManager: Loaded Plugin AvfMedia, From D:/UE4/UE_4.14/Engine/Plugins/Media/AvfMedia/AvfMedia.uplugin
LogPluginManager: Loaded Plugin MediaPlayerEditor, From D:/UE4/UE_4.14/Engine/Plugins/Media/MediaPlayerEditor/MediaPlayerEditor.uplugin
LogPluginManager: Loaded Plugin WmfMedia, From D:/UE4/UE_4.14/Engine/Plugins/Media/WmfMedia/WmfMedia.uplugin
LogPluginManager: Loaded Plugin MessagingDebugger, From D:/UE4/UE_4.14/Engine/Plugins/Messaging/MessagingDebugger/MessagingDebugger.uplugin
LogPluginManager: Loaded Plugin TcpMessaging, From D:/UE4/UE_4.14/Engine/Plugins/Messaging/TcpMessaging/TcpMessaging.uplugin
LogPluginManager: Loaded Plugin UdpMessaging, From D:/UE4/UE_4.14/Engine/Plugins/Messaging/UdpMessaging/UdpMessaging.uplugin
LogPluginManager: Loaded Plugin LevelSequenceEditor, From D:/UE4/UE_4.14/Engine/Plugins/MovieScene/LevelSequenceEditor/LevelSequenceEditor.uplugin
LogPluginManager: Loaded Plugin MatineeToLevelSequence, From D:/UE4/UE_4.14/Engine/Plugins/MovieScene/MatineeToLevelSequence/MatineeToLevelSequence.uplugin
LogPluginManager: Loaded Plugin NetcodeUnitTest, From D:/UE4/UE_4.14/Engine/Plugins/NetcodeUnitTest/NetcodeUnitTest/NetcodeUnitTest.uplugin
LogPluginManager: Loaded Plugin NUTUnrealEngine4, From D:/UE4/UE_4.14/Engine/Plugins/NetcodeUnitTest/NUTUnrealEngine4/NUTUnrealEngine4.uplugin
LogPluginManager: Loaded Plugin OnlineSubsystemGameCircle, From D:/UE4/UE_4.14/Engine/Plugins/Online/Android/OnlineSubsystemGameCircle/OnlineSubsystemGameCircle.uplugin
LogPluginManager: Loaded Plugin OnlineSubsystemGooglePlay, From D:/UE4/UE_4.14/Engine/Plugins/Online/Android/OnlineSubsystemGooglePlay/OnlineSubsystemGooglePlay.uplugin
LogPluginManager: Loaded Plugin OnlineSubsystemIOS, From D:/UE4/UE_4.14/Engine/Plugins/Online/IOS/OnlineSubsystemIOS/OnlineSubsystemIOS.uplugin
LogPluginManager: Loaded Plugin OnlineFramework, From D:/UE4/UE_4.14/Engine/Plugins/Online/OnlineFramework/OnlineFramework.uplugin
LogPluginManager: Loaded Plugin OnlineSubsystem, From D:/UE4/UE_4.14/Engine/Plugins/Online/OnlineSubsystem/OnlineSubsystem.uplugin
LogPluginManager: Loaded Plugin OnlineSubsystemAmazon, From D:/UE4/UE_4.14/Engine/Plugins/Online/OnlineSubsystemAmazon/OnlineSubsystemAmazon.uplugin
LogPluginManager: Loaded Plugin OnlineSubsystemFacebook, From D:/UE4/UE_4.14/Engine/Plugins/Online/OnlineSubsystemFacebook/OnlineSubsystemFacebook.uplugin
LogPluginManager: Loaded Plugin OnlineSubsystemNull, From D:/UE4/UE_4.14/Engine/Plugins/Online/OnlineSubsystemNull/OnlineSubsystemNull.uplugin
LogPluginManager: Loaded Plugin OnlineSubsystemOculus, From D:/UE4/UE_4.14/Engine/Plugins/Online/OnlineSubsystemOculus/OnlineSubsystemOculus.uplugin
LogPluginManager: Loaded Plugin OnlineSubsystemSteam, From D:/UE4/UE_4.14/Engine/Plugins/Online/OnlineSubsystemSteam/OnlineSubsystemSteam.uplugin
LogPluginManager: Loaded Plugin OnlineSubsystemUtils, From D:/UE4/UE_4.14/Engine/Plugins/Online/OnlineSubsystemUtils/OnlineSubsystemUtils.uplugin
LogPluginManager: Loaded Plugin IOSTapJoy, From D:/UE4/UE_4.14/Engine/Plugins/Runtime/Advertising/IOSTapJoy/IOSTapJoy.uplugin
LogPluginManager: Loaded Plugin AnalyticsBlueprintLibrary, From D:/UE4/UE_4.14/Engine/Plugins/Runtime/Analytics/AnalyticsBlueprintLibrary/AnalyticsBlueprintLibrary.uplugin
LogPluginManager: Loaded Plugin AnalyticsMulticast, From D:/UE4/UE_4.14/Engine/Plugins/Runtime/Analytics/AnalyticsMulticast/AnalyticsMulticast.uplugin
LogPluginManager: Loaded Plugin Apsalar, From D:/UE4/UE_4.14/Engine/Plugins/Runtime/Analytics/Apsalar/Apsalar.uplugin
LogPluginManager: Loaded Plugin FileLogging, From D:/UE4/UE_4.14/Engine/Plugins/Runtime/Analytics/FileLogging/FileLogging.uplugin
LogPluginManager: Loaded Plugin Flurry, From D:/UE4/UE_4.14/Engine/Plugins/Runtime/Analytics/Flurry/Flurry.uplugin
LogPluginManager: Loaded Plugin AndroidDeviceProfileSelector, From D:/UE4/UE_4.14/Engine/Plugins/Runtime/AndroidDeviceProfileSelector/AndroidDeviceProfileSelector.uplugin
LogPluginManager: Loaded Plugin AndroidMoviePlayer, From D:/UE4/UE_4.14/Engine/Plugins/Runtime/AndroidMoviePlayer/AndroidMoviePlayer.uplugin
LogPluginManager: Loaded Plugin AppleMoviePlayer, From D:/UE4/UE_4.14/Engine/Plugins/Runtime/AppleMoviePlayer/AppleMoviePlayer.uplugin
LogPluginManager: Loaded Plugin ArchVisCharacter, From D:/UE4/UE_4.14/Engine/Plugins/Runtime/ArchVisCharacter/ArchVisCharacter.uplugin
LogPluginManager: Loaded Plugin CableComponent, From D:/UE4/UE_4.14/Engine/Plugins/Runtime/CableComponent/CableComponent.uplugin
LogPluginManager: Loaded Plugin CustomMeshComponent, From D:/UE4/UE_4.14/Engine/Plugins/Runtime/CustomMeshComponent/CustomMeshComponent.uplugin
LogPluginManager: Loaded Plugin ExampleDeviceProfileSelector, From D:/UE4/UE_4.14/Engine/Plugins/Runtime/ExampleDeviceProfileSelector/ExampleDeviceProfileSelector.uplugin
LogPluginManager: Loaded Plugin GearVR, From D:/UE4/UE_4.14/Engine/Plugins/Runtime/GearVR/GearVR.uplugin
LogPluginManager: Loaded Plugin GoogleVRController, From D:/UE4/UE_4.14/Engine/Plugins/Runtime/GoogleVR/GoogleVRController/GoogleVRController.uplugin
LogPluginManager: Loaded Plugin GoogleVRHMD, From D:/UE4/UE_4.14/Engine/Plugins/Runtime/GoogleVR/GoogleVRHMD/GoogleVRHMD.uplugin
LogPluginManager: Loaded Plugin IOSDeviceProfileSelector, From D:/UE4/UE_4.14/Engine/Plugins/Runtime/IOSDeviceProfileSelector/IOSDeviceProfileSelector.uplugin
LogPluginManager: Loaded Plugin LeapMotion, From D:/UE4/UE_4.14/Engine/Plugins/Runtime/LeapMotion/LeapMotion.uplugin
LogPluginManager: Loaded Plugin LinuxDeviceProfileSelector, From D:/UE4/UE_4.14/Engine/Plugins/Runtime/LinuxDeviceProfileSelector/LinuxDeviceProfileSelector.uplugin
LogPluginManager: Loaded Plugin MIDIDevice, From D:/UE4/UE_4.14/Engine/Plugins/Runtime/MIDIDevice/MIDIDevice.uplugin
LogPluginManager: Loaded Plugin MobilePatchingUtils, From D:/UE4/UE_4.14/Engine/Plugins/Runtime/MobilePatchingUtils/MobilePatchingUtils.uplugin
LogPluginManager: Loaded Plugin Ansel, From D:/UE4/UE_4.14/Engine/Plugins/Runtime/Nvidia/Ansel/Ansel.uplugin
LogPluginManager: Loaded Plugin OculusAudio, From D:/UE4/UE_4.14/Engine/Plugins/Runtime/OculusAudio/OculusAudio.uplugin
LogPluginManager: Loaded Plugin OculusInput, From D:/UE4/UE_4.14/Engine/Plugins/Runtime/OculusInput/OculusInput.uplugin
LogPluginManager: Loaded Plugin OculusLibrary, From D:/UE4/UE_4.14/Engine/Plugins/Runtime/OculusLibrary/OculusLibrary.uplugin
LogPluginManager: Loaded Plugin OculusRift, From D:/UE4/UE_4.14/Engine/Plugins/Runtime/OculusRift/OculusRift.uplugin
LogPluginManager: Loaded Plugin Oodle, From D:/UE4/UE_4.14/Engine/Plugins/Runtime/PacketHandlers/CompressionComponents/Oodle/Oodle.uplugin
LogPluginManager: Loaded Plugin ProceduralMeshComponent, From D:/UE4/UE_4.14/Engine/Plugins/Runtime/ProceduralMeshComponent/ProceduralMeshComponent.uplugin
LogPluginManager: Loaded Plugin SoundMod, From D:/UE4/UE_4.14/Engine/Plugins/Runtime/SoundMod/SoundMod.uplugin
LogPluginManager: Loaded Plugin SoundVisualizations, From D:/UE4/UE_4.14/Engine/Plugins/Runtime/SoundVisualizations/SoundVisualizations.uplugin
LogPluginManager: Loaded Plugin SteamController, From D:/UE4/UE_4.14/Engine/Plugins/Runtime/Steam/SteamController/SteamController.uplugin
LogPluginManager: Loaded Plugin SteamVR, From D:/UE4/UE_4.14/Engine/Plugins/Runtime/Steam/SteamVR/SteamVR.uplugin
LogPluginManager: Loaded Plugin WebBrowserWidget, From D:/UE4/UE_4.14/Engine/Plugins/Runtime/WebBrowserWidget/WebBrowserWidget.uplugin
LogPluginManager: Loaded Plugin WindowsDeviceProfileSelector, From D:/UE4/UE_4.14/Engine/Plugins/Runtime/WindowsDeviceProfileSelector/WindowsDeviceProfileSelector.uplugin
LogPluginManager: Loaded Plugin WindowsMoviePlayer, From D:/UE4/UE_4.14/Engine/Plugins/Runtime/WindowsMoviePlayer/WindowsMoviePlayer.uplugin
LogPluginManager: Loaded Plugin ScriptPlugin, From D:/UE4/UE_4.14/Engine/Plugins/ScriptPlugin/ScriptPlugin.uplugin
LogPluginManager: Loaded Plugin SlateRemote, From D:/UE4/UE_4.14/Engine/Plugins/Slate/SlateRemote/SlateRemote.uplugin
LogPluginManager: Loaded Plugin EditorTests, From D:/UE4/UE_4.14/Engine/Plugins/Tests/EditorTests/EditorTests.uplugin
LogPluginManager: Loaded Plugin FbxAutomationTestBuilder, From D:/UE4/UE_4.14/Engine/Plugins/Tests/FbxAutomationTestBuilder/FbxAutomationTestBuilder.uplugin
LogPluginManager: Loaded Plugin FunctionalTestingEditor, From D:/UE4/UE_4.14/Engine/Plugins/Tests/FunctionalTestingEditor/FunctionalTestingEditor.uplugin
LogPluginManager: Loaded Plugin RuntimeTests, From D:/UE4/UE_4.14/Engine/Plugins/Tests/RuntimeTests/RuntimeTests.uplugin
LogPluginManager: Loaded Plugin ScreenshotTools, From D:/UE4/UE_4.14/Engine/Plugins/Tests/ScreenshotTools/ScreenshotTools.uplugin
LogInit: Using libcurl 7.47.1
LogInit:  - built for x86_64-pc-win32
LogInit:  - supports SSL with OpenSSL/1.0.2g
LogInit:  - supports HTTP deflate (compression) using libz 1.2.8
LogInit:  - other features:
LogInit:      CURL_VERSION_SSL
LogInit:      CURL_VERSION_LIBZ
LogInit:      CURL_VERSION_IPV6
LogInit:      CURL_VERSION_ASYNCHDNS
LogInit:      CURL_VERSION_LARGEFILE
LogInit:      CURL_VERSION_IDN
LogInit:  CurlRequestOptions (configurable via config and command line):
LogInit:  - bVerifyPeer = false  - Libcurl will NOT verify peer certificate
LogInit:  - bUseHttpProxy = false  - Libcurl will NOT use HTTP proxy
LogInit:  - bDontReuseConnections = false  - Libcurl will reuse connections
LogInit:  - CertBundlePath = nullptr  - Libcurl will use whatever was configured at build time.
LogInit: Build: ++UE4+Release-4.14-CL-3249277
LogInit: Engine Version: 4.14.3-3249277+++UE4+Release-4.14
LogInit: Compatible Engine Version: 4.14.0-3195953+++UE4+Release-4.14
LogInit: Net CL: 3195953
LogDevObjectVersion: Number of dev versions registered: 13
LogDevObjectVersion:   Dev-Blueprints (B0D832E4-1F89-4F0D-ACCF-7EB736FD4AA2): 7
LogDevObjectVersion:   Dev-Build (E1C64328-A22C-4D53-A36C-8E866417BD8C): 0
LogDevObjectVersion:   Dev-Core (375EC13C-06E4-48FB-B500-84F0262A717E): 1
LogDevObjectVersion:   Dev-Editor (E4B068ED-F494-42E9-A231-DA0B2E46BB41): 8
LogDevObjectVersion:   Dev-Framework (CFFC743F-43B0-4480-9391-14DF171D2073): 17
LogDevObjectVersion:   Dev-Mobile (B02B49B5-BB20-44E9-A304-32B752E40360): 0
LogDevObjectVersion:   Dev-Networking (A4E4105C-59A1-49B5-A7C5-40C4547EDFEE): 0
LogDevObjectVersion:   Dev-Online (39C831C9-5AE6-47DC-9A44-9C173E1C8E7C): 0
LogDevObjectVersion:   Dev-Physics (78F01B33-EBEA-4F98-B9B4-84EACCB95AA2): 0
LogDevObjectVersion:   Dev-Platform (6631380F-2D4D-43E0-8009-CF276956A95A): 0
LogDevObjectVersion:   Dev-Rendering (12F88B9F-8875-4AFC-A67C-D90C383ABD29): 12
LogDevObjectVersion:   Dev-Sequencer (7B5AE74C-D270-4C10-A958-57980B212A5A): 1
LogDevObjectVersion:   Dev-VR (D7296918-1DD6-4BDD-9DE2-64A83CC13884): 0
LogInit: Compiled (64-bit): Jan  6 2017 10:49:43
LogInit: Compiled with Visual C++: 19.00.23026.00
LogInit: Build Configuration: Development
LogInit: Branch Name: ++UE4+Release-4.14
LogInit: Command line: -EpicPortal 
LogInit: Base directory: D:/UE4/UE_4.14/Engine/Binaries/Win64/
LogInit: Installed Engine Build: 1
LogInit: Presizing for max 8388607 objects, including 0 objects not considered by GC, pre-allocating 0 bytes for permanent pool.
LogInit: Object subsystem initialized
[2017.02.28-14.46.18:684][  0]LogInit: Selected Device Profile: [Windows]
[2017.02.28-14.46.18:684][  0]LogInit: Applying CVar settings loaded from the selected device profile: [Windows]
[2017.02.28-14.46.18:704][  0]LogInit: Computer: NATHAN-PC
[2017.02.28-14.46.18:704][  0]LogInit: User: nathan
[2017.02.28-14.46.18:704][  0]LogInit: CPU Page size=65536, Cores=4
[2017.02.28-14.46.18:704][  0]LogInit: High frequency timer resolution =3.897820 MHz
[2017.02.28-14.46.18:705][  0]LogMemory: Memory total: Physical=16.0GB (16GB approx)
[2017.02.28-14.46.18:705][  0]LogMemory: Platform Memory Stats for Windows
[2017.02.28-14.46.18:705][  0]LogMemory: Process Physical Memory: 266.36 MB used, 266.36 MB peak
[2017.02.28-14.46.18:705][  0]LogMemory: Process Virtual Memory: 262.63 MB used, 262.63 MB peak
[2017.02.28-14.46.18:705][  0]LogMemory: Physical Memory: 6819.46 MB used,  9522.23 MB free, 16341.69 MB total
[2017.02.28-14.46.18:705][  0]LogMemory: Virtual Memory: 675.18 MB used,  9522.23 MB free, 134217728.00 MB total
[2017.02.28-14.46.18:801][  0]LogTextLocalizationManager: No specific translations for ('en-US') exist, so ('en') translations will be used.
[2017.02.28-14.46.19:527][  0]LogD3D11RHI: D3D11 adapters:
[2017.02.28-14.46.20:048][  0]LogD3D11RHI:    0. 'NVIDIA GeForce GTX 960' (Feature Level 11_0)
[2017.02.28-14.46.20:048][  0]LogD3D11RHI:       4061/0/8170 MB DedicatedVideo/DedicatedSystem/SharedSystem, Outputs:1, VendorId:0x10de
[2017.02.28-14.46.20:051][  0]LogD3D11RHI:    1. 'Microsoft Basic Render Driver' (Feature Level 11_0)
[2017.02.28-14.46.20:051][  0]LogD3D11RHI:       0/0/8170 MB DedicatedVideo/DedicatedSystem/SharedSystem, Outputs:0, VendorId:0x1414
[2017.02.28-14.46.20:051][  0]LogD3D11RHI: Chosen D3D11 Adapter: 0
[2017.02.28-14.46.20:057][  0]LogD3D11RHI: Creating new Direct3DDevice
[2017.02.28-14.46.20:058][  0]LogD3D11RHI:     GPU DeviceId: 0x1401 (for the marketing name, search the web for "GPU Device Id")
[2017.02.28-14.46.20:058][  0]LogWindows: EnumDisplayDevices:
[2017.02.28-14.46.20:058][  0]LogWindows:    0. 'NVIDIA GeForce GTX 960' (P:1 D:1)
[2017.02.28-14.46.20:058][  0]LogWindows:    1. 'NVIDIA GeForce GTX 960' (P:0 D:0)
[2017.02.28-14.46.20:058][  0]LogWindows:    2. 'NVIDIA GeForce GTX 960' (P:0 D:0)
[2017.02.28-14.46.20:059][  0]LogWindows:    3. 'NVIDIA GeForce GTX 960' (P:0 D:0)
[2017.02.28-14.46.20:059][  0]LogWindows: DebugString: FoundDriverCount:4 
[2017.02.28-14.46.20:059][  0]LogD3D11RHI:     Adapter Name: NVIDIA GeForce GTX 960
[2017.02.28-14.46.20:059][  0]LogD3D11RHI:   Driver Version: 376.53 (internal:21.21.13.7653, unified:376.53)
[2017.02.28-14.46.20:059][  0]LogD3D11RHI:      Driver Date: 12-29-2016
[2017.02.28-14.46.20:059][  0]LogRHI: Texture pool is 1361 MB (70% of 1945 MB)
[2017.02.28-14.46.20:540][  0]LogD3D11RHI: Async texture creation enabled
[2017.02.28-14.46.20:590][  0]LogD3D11RHI: GPU Timing Frequency: 1000.000000 (Debug: 2 1)
[2017.02.28-14.46.20:591][  0]LogShaderCompilers: Guid format shader working directory is 4 characters bigger than the processId version (C:/Users/nathan/Desktop/ChimeraGames/Abyss/Intermediate/Shaders/WorkingDirectory/10032/).
[2017.02.28-14.46.20:591][  0]LogShaderCompilers: Cleaned the shader compiler working directory 'C:/Users/nathan/AppData/Local/Temp/UnrealShaderWorkingDir/EEF64F9D469BA272463EDFBD1957B0B2/'.
[2017.02.28-14.46.20:591][  0]LogShaderCompilers:Display: Using Local Shader Compiler.
[2017.02.28-14.46.22:139][  0]LogTemp:Display: Loaded TP AllDesktopTargetPlatform
[2017.02.28-14.46.22:205][  0]LogTemp:Display: Loaded TP MacClientTargetPlatform
[2017.02.28-14.46.22:283][  0]LogTemp:Display: Loaded TP MacNoEditorTargetPlatform
[2017.02.28-14.46.22:366][  0]LogTemp:Display: Loaded TP MacServerTargetPlatform
[2017.02.28-14.46.22:435][  0]LogTemp:Display: Loaded TP MacTargetPlatform
[2017.02.28-14.46.22:539][  0]LogTemp:Display: Loaded TP WindowsClientTargetPlatform
[2017.02.28-14.46.22:679][  0]LogTemp:Display: Loaded TP WindowsNoEditorTargetPlatform
[2017.02.28-14.46.22:740][  0]LogTemp:Display: Loaded TP WindowsServerTargetPlatform
[2017.02.28-14.46.22:804][  0]LogTemp:Display: Loaded TP WindowsTargetPlatform
[2017.02.28-14.46.22:861][  0]LogTemp:Display: Loaded TP AndroidTargetPlatform
[2017.02.28-14.46.22:938][  0]LogTemp:Display: Loaded TP Android_ASTCTargetPlatform
[2017.02.28-14.46.23:002][  0]LogTemp:Display: Loaded TP Android_ATCTargetPlatform
[2017.02.28-14.46.23:071][  0]LogTemp:Display: Loaded TP Android_DXTTargetPlatform
[2017.02.28-14.46.23:132][  0]LogTemp:Display: Loaded TP Android_ETC1TargetPlatform
[2017.02.28-14.46.23:188][  0]LogTemp:Display: Loaded TP Android_ETC2TargetPlatform
[2017.02.28-14.46.23:382][  0]LogTemp:Display: Loaded TP Android_MultiTargetPlatform
[2017.02.28-14.46.23:382][  0]LogTemp:Display: Loaded TP Android_PVRTCTargetPlatform
[2017.02.28-14.46.23:433][  0]LogTemp:Display: Loaded TP HTML5TargetPlatform
[2017.02.28-14.46.23:524][  0]LogTemp:Display: Loaded TP IOSTargetPlatform
[2017.02.28-14.46.23:571][  0]LogTemp:Display: Loaded TP TVOSTargetPlatform
[2017.02.28-14.46.23:647][  0]LogTemp:Display: Loaded TP LinuxClientTargetPlatform
[2017.02.28-14.46.23:705][  0]LogTemp:Display: Loaded TP LinuxNoEditorTargetPlatform
[2017.02.28-14.46.23:767][  0]LogTemp:Display: Loaded TP LinuxServerTargetPlatform
[2017.02.28-14.46.23:824][  0]LogTemp:Display: Loaded TP LinuxTargetPlatform
[2017.02.28-14.46.23:824][  0]LogTargetPlatformManager:Display: Building Assets For Windows
[2017.02.28-14.46.24:339][  0]LogDerivedDataCache:Display: Max Cache Size: 512 MB
[2017.02.28-14.46.24:442][  0]LogDerivedDataCache: Loaded boot cache 0.10s 52MB C:/Users/nathan/AppData/Local/UnrealEngine/4.14/DerivedDataCache/Boot.ddc.
[2017.02.28-14.46.24:443][  0]LogDerivedDataCache:Display: Loaded Boot cache: C:/Users/nathan/AppData/Local/UnrealEngine/4.14/DerivedDataCache/Boot.ddc
[2017.02.28-14.46.24:443][  0]LogDerivedDataCache: FDerivedDataBackendGraph:  Pak pak cache file C:/Users/nathan/Desktop/ChimeraGames/Abyss/DerivedDataCache/DDC.ddp not found, will not use a pak cache.
[2017.02.28-14.46.24:443][  0]LogDerivedDataCache: Unable to find inner node Pak for hierarchical cache Hierarchy.
[2017.02.28-14.46.24:443][  0]LogDerivedDataCache: FDerivedDataBackendGraph:  CompressedPak pak cache file C:/Users/nathan/Desktop/ChimeraGames/Abyss/DerivedDataCache/Compressed.ddp not found, will not use a pak cache.
[2017.02.28-14.46.24:443][  0]LogDerivedDataCache: Unable to find inner node CompressedPak for hierarchical cache Hierarchy.
[2017.02.28-14.46.24:463][  0]LogDerivedDataCache:Display: Pak cache opened for reading ../../../Engine/DerivedDataCache/Compressed.ddp.
[2017.02.28-14.46.24:476][  0]LogDerivedDataCache: Using Local data cache path C:/Users/nathan/AppData/Local/UnrealEngine/Common/DerivedDataCache: Writable
[2017.02.28-14.46.25:241][  0]LogInit: Selected Device Profile: [Windows]
[2017.02.28-14.46.25:245][  0]LogContentStreaming: Texture pool size is 0.00 MB
[2017.02.28-14.46.25:627][  0]LogMeshUtilities: Using QuadricMeshReduction for automatic static mesh reduction
[2017.02.28-14.46.25:716][  0]LogSimplygon: Simplygon DLL not present - disabling.
[2017.02.28-14.46.25:761][  0]LogMeshUtilities: Using SimplygonSwarm for distributed automatic mesh merging
[2017.02.28-14.46.25:761][  0]LogMeshUtilities: No automatic skeletal mesh reduction module available
[2017.02.28-14.46.25:761][  0]LogMeshUtilities: No automatic mesh merging module available
[2017.02.28-14.46.27:023][  0]LogNetVersion: GetLocalNetworkVersion: CL: 3195953, ProjectName: abyss, ProjectVersion: , EngineNetworkVersion: 2, GameNetworkVersion: 0, NetworkChecksum: 1595127573
[2017.02.28-14.46.27:078][  0]LogAssetRegistry: FAssetRegistry took 0.0221 seconds to start up
[2017.02.28-14.46.27:140][  0]LogPackageLocalizationCache: Processed 3 localized package path(s) for 2 prioritized culture(s) in 0.040658 seconds
[2017.02.28-14.46.27:146][  0]LogUObjectArray: 31890 objects as part of root set at end of initial load.
[2017.02.28-14.46.27:146][  0]LogUObjectAllocator: 6922368 out of 0 bytes used by permanent object pool.
[2017.02.28-14.46.27:146][  0]LogUObjectArray: CloseDisregardForGC: 0/0 objects in disregard for GC pool
[2017.02.28-14.46.27:197][  0]LogInit: WinSock: version 1.1 (2.2), MaxSocks=32767, MaxUdp=65467
[2017.02.28-14.46.28:095][  0]LogSlate: Using Freetype 2.6.0
[2017.02.28-14.46.28:096][  0]LogSlate: SlateFontCache - WITH_FREETYPE: 1, WITH_HARFBUZZ: 1
[2017.02.28-14.46.28:096][  0]LogSlate: SlateFontCache - WITH_FREETYPE: 1, WITH_HARFBUZZ: 1
[2017.02.28-14.46.29:908][  0]LogMaterial: Uniform references updated for custom material expression Custom.
[2017.02.28-14.46.30:559][  0]SourceControl: Info Source control is disabled
[2017.02.28-14.46.30:559][  0]SourceControl: Info Source control is disabled
[2017.02.28-14.46.30:608][  0]SourceControl: Info Source control is disabled
[2017.02.28-14.46.30:655][  0]SourceControl: Info Source control is disabled
[2017.02.28-14.46.31:792][  0]LogEngine: Initializing Engine...
[2017.02.28-14.46.32:087][  0]LogAIModule: Creating AISystem for world Untitled
[2017.02.28-14.46.32:104][  0]LogInit: XAudio2 using 'Speakers (Realtek High Definition Audio)' : 2 channels at 48 kHz using 32 bits per sample (channel mask 0x3)
[2017.02.28-14.46.32:123][  0]LogInit: FAudioDevice initialized.
[2017.02.28-14.46.32:172][  0]LogDerivedDataCache: Saved boot cache 0.05s 52MB C:/Users/nathan/AppData/Local/UnrealEngine/4.14/DerivedDataCache/Boot.ddc.
[2017.02.28-14.46.32:189][  0]LogInit: Texture streaming: Enabled
[2017.02.28-14.46.32:399][  0]LogInit: Transaction tracking system initialized
[2017.02.28-14.46.32:719][  0]BlueprintLog: New page: Editor Load
[2017.02.28-14.46.33:589][  0]LocalizationService: Info Localization service is disabled
[2017.02.28-14.46.34:085][  0]LogModuleManager:Warning: No filename provided for module TcpMessaging
[2017.02.28-14.46.34:085][  0]LogModuleManager:Warning: ModuleManager: Unable to load module 'TcpMessaging' because the file 'D:/UE4/UE_4.14/Engine/Binaries/Win64/' was not found.
[2017.02.28-14.46.34:376][  0]LogConsoleResponse:Display: 
[2017.02.28-14.46.34:660][  0]LogCook:Display: Max memory allowance for cook 16384mb min free memory 0mb
[2017.02.28-14.46.34:660][  0]LogCook:Display: Mobile HDR setting 1
[2017.02.28-14.46.35:528][  0]LogFileCache: Scanning file cache for directory 'C:/Users/nathan/Desktop/ChimeraGames/Abyss/Content/' took 0.01s
[2017.02.28-14.46.35:569][  0]SourceControl: Info Source control is disabled
[2017.02.28-14.46.35:569][  0]Cmd: MAP LOAD FILE="C:/Users/nathan/Desktop/ChimeraGames/Abyss/Content/Maps-Levels/Fort/Fort_Exploration.umap" TEMPLATE=0 SHOWPROGRESS=1 FEATURELEVEL=3
[2017.02.28-14.46.35:574][  0]LightingResults: New page: Lighting Build
[2017.02.28-14.46.35:610][  0]MapCheck: New page: Map Check
[2017.02.28-14.46.35:610][  0]LightingResults: New page: Lighting Build
[2017.02.28-14.46.35:698][  0]LogProperty:Error: UStructProperty::Serialize Loading: Property 'StructProperty /Game/BluePrints/AbyssGameInstance.AbyssGameInstance_C:EnemyToFightStruct'. Unknown structure.
[2017.02.28-14.46.35:729][  0]LogClass:Warning: Property EnemyToFightStruct of EnemyToFightStruct has a struct type mismatch (tag STRUCT_REINST_GeneralEnemyStruct_0 != prop FallbackStruct) in package:  C:/Users/nathan/Desktop/ChimeraGames/Abyss/Content/BluePrints/AbyssGameInstance.uasset. If that struct got renamed, add an entry to ActiveStructRedirects.
[2017.02.28-14.46.35:772][  0]LogClass:Warning: Property EnemyToFightStruct of EnemyToFightStruct has a struct type mismatch (tag FallbackStruct != prop GeneralEnemyStruct) in package:  FObjectReader. If that struct got renamed, add an entry to ActiveStructRedirects.
[2017.02.28-14.46.39:565][  0]LogAIModule: Creating AISystem for world Fort_Exploration
[2017.02.28-14.46.39:721][  0]LogEditorServer: Finished looking for orphan Actors (0.000 secs)
[2017.02.28-14.46.39:763][  0]Cmd: MAP CHECKDEP NOCLEARLOG
[2017.02.28-14.46.39:832][  0]MapCheck: Info Map check complete: 0 Error(s), 0 Warning(s), took 69.142ms to complete.
[2017.02.28-14.46.39:832][  0]LogFileHelpers: Loading map 'Fort_Exploration' took 4.264
[2017.02.28-14.46.40:142][  0]LogWindowsTextInputMethodSystem:Display: IME system now deactivated.
[2017.02.28-14.46.42:553][  0]LogCollectionManager: Loaded 0 collections in 0.001111 seconds
[2017.02.28-14.46.42:743][  0]LogFileCache: Scanning file cache for directory 'C:/Users/nathan/Desktop/ChimeraGames/Abyss/Saved/Collections/' took 0.01s
[2017.02.28-14.46.42:743][  0]LogFileCache: Scanning file cache for directory 'C:/Users/nathan/Desktop/ChimeraGames/Abyss/Content/Developers/nathan/Collections/' took 0.01s
[2017.02.28-14.46.42:743][  0]LogFileCache: Scanning file cache for directory 'C:/Users/nathan/Desktop/ChimeraGames/Abyss/Content/Collections/' took 0.01s
[2017.02.28-14.46.42:743][  0]LogCollectionManager: Rebuilt the GUID cache for 0 collections in 0.000002 seconds
[2017.02.28-14.46.42:757][  0]LogContentBrowser: Native class hierarchy populated in 0.0138 seconds. Added 2178 classes and 401 folders.
[2017.02.28-14.46.42:817][  0]LogStats: UGameplayTagsManager::ConstructGameplayTagTree: Construct from data asset -  0.000 s
[2017.02.28-14.46.42:817][  0]LogStats: UGameplayTagsManager::ConstructGameplayTagTree: GameplayTagTreeChangedEvent.Broadcast -  0.000 s
[2017.02.28-14.46.42:818][  0]LogContentBrowser: Native class hierarchy updated for 'GameplayTags' in 0.0007 seconds. Added 13 classes and 0 folders.
[2017.02.28-14.46.42:872][  0]LogContentBrowser: Native class hierarchy updated for 'WidgetCarousel' in 0.0006 seconds. Added 0 classes and 0 folders.
[2017.02.28-14.46.45:338][  0]LogContentBrowser: Native class hierarchy updated for 'AddContentDialog' in 0.0006 seconds. Added 0 classes and 0 folders.
[2017.02.28-14.46.45:507][  0]LogContentBrowser: Native class hierarchy updated for 'SceneOutliner' in 0.0006 seconds. Added 1 classes and 2 folders.
[2017.02.28-14.46.48:428][  0]LogCrashTracker: Crashtracker disabled due to settings.
[2017.02.28-14.46.49:033][  0]LogUObjectGlobals:Warning: Failed to find object 'Class None.'
[2017.02.28-14.46.49:110][  0]LogContentBrowser: Native class hierarchy updated for 'HierarchicalLODOutliner' in 0.0006 seconds. Added 1 classes and 2 folders.
[2017.02.28-14.46.49:111][  0]LogLoad: (Engine Initialization) Total time: 32.47 seconds
[2017.02.28-14.46.49:111][  0]LogLoad: (Engine Initialization) Total Blueprint compile time: 1.93 seconds
[2017.02.28-14.46.49:111][  0]LogExternalProfiler: Found external profiler: VSPerf
[2017.02.28-14.46.49:111][  0]LogExternalProfiler: Using external profiler: VSPerf
[2017.02.28-14.46.49:481][  0]LogContentStreaming: Texture pool size now 1000 MB
[2017.02.28-14.46.51:960][  0]LogRenderer: Reallocating scene render targets to support 1036x476 NumSamples 1 (Frame:2).
[2017.02.28-14.46.52:137][  2]LogAssetRegistry: Asset discovery search completed in 25.0810 seconds
[2017.02.28-14.46.52:137][  2]LogCollectionManager: Rebuilt the object cache for 0 collections in 0.000001 seconds (found 0 objects)
[2017.02.28-14.46.52:137][  2]LogCollectionManager: Fixed up redirectors for 0 collections in 0.000017 seconds (updated 0 objects)
[2017.02.28-15.13.48:620][934]LogObjectTools:Warning: ForceReplaceReferences replaced references for a transient object 'DEADCLASS_BS_Actor_Child_C_0' or package '/Engine/Transient'.
[2017.02.28-15.13.48:620][934]LogObjectTools:Warning: ForceReplaceReferences replaced references for a transient object 'DEADCLASS_BS_Actor_Child_C_1' or package '/Engine/Transient'.
[2017.02.28-15.13.48:620][934]LogObjectTools:Warning: ForceReplaceReferences replaced references for a transient object 'DEADCLASS_BS_Enemy_C_2' or package '/Engine/Transient'.
[2017.02.28-15.13.48:620][934]LogObjectTools:Warning: ForceReplaceReferences replaced references for a transient object 'DEADCLASS_BS_Enemy_C_3' or package '/Engine/Transient'.
[2017.02.28-15.13.48:632][934]LogObjectTools:Warning: ForceReplaceReferences replaced references for a transient object 'DEADCLASS_BS_Player_C_4' or package '/Engine/Transient'.
[2017.02.28-15.13.48:654][934]LogObjectTools:Warning: ForceReplaceReferences replaced references for a transient object 'DEADCLASS_BS_Player_C_5' or package '/Engine/Transient'.
[2017.02.28-15.13.48:654][934]LogObjectTools:Warning: ForceReplaceReferences replaced references for a transient object 'DEADCLASS_BS_Player2_C_6' or package '/Engine/Transient'.
[2017.02.28-15.13.48:656][934]LogObjectTools:Warning: ForceReplaceReferences replaced references for a transient object 'DEADCLASS_BS_Player2_C_7' or package '/Engine/Transient'.
[2017.02.28-15.13.48:656][934]LogObjectTools:Warning: ForceReplaceReferences replaced references for a transient object 'REINST_SKEL_NewBlueprint_C_89' or package '/Engine/Transient'.
[2017.02.28-15.13.48:656][934]LogObjectTools:Warning: ForceReplaceReferences replaced references for a transient object 'REINST_NewBlueprint_C_88' or package '/Engine/Transient'.
[2017.02.28-15.13.48:656][934]LogObjectTools:Warning: ForceReplaceReferences replaced references for a transient object 'REINST_SKEL_BS_Player2_C_87' or package '/Engine/Transient'.
[2017.02.28-15.13.48:656][934]LogObjectTools:Warning: ForceReplaceReferences replaced references for a transient object 'REINST_BS_Player2_C_86' or package '/Engine/Transient'.
[2017.02.28-15.13.48:656][934]LogObjectTools:Warning: ForceReplaceReferences replaced references for a transient object 'REINST_SKEL_BS_Player_C_85' or package '/Engine/Transient'.
[2017.02.28-15.13.48:656][934]LogObjectTools:Warning: ForceReplaceReferences replaced references for a transient object 'REINST_BS_Player_C_84' or package '/Engine/Transient'.
[2017.02.28-15.13.48:656][934]LogObjectTools:Warning: ForceReplaceReferences replaced references for a transient object 'REINST_SKEL_BS_Enemy_C_83' or package '/Engine/Transient'.
[2017.02.28-15.13.48:656][934]LogObjectTools:Warning: ForceReplaceReferences replaced references for a transient object 'DEADCLASS_NewBlueprint_C_8' or package '/Engine/Transient'.
[2017.02.28-15.13.48:656][934]LogObjectTools:Warning: ForceReplaceReferences replaced references for a transient object 'DEADCLASS_NewBlueprint_C_9' or package '/Engine/Transient'.
[2017.02.28-15.13.48:657][934]LogObjectTools:Warning: ForceReplaceReferences replaced references for a transient object 'REINST_BS_Enemy_C_82' or package '/Engine/Transient'.
[2017.02.28-15.13.48:657][934]LogObjectTools:Warning: ForceReplaceReferences replaced references for a transient object 'REINST_SKEL_BS_Actor_Child_C_81' or package '/Engine/Transient'.
[2017.02.28-15.13.48:657][934]LogObjectTools:Warning: ForceReplaceReferences replaced references for a transient object 'REINST_BS_Actor_Child_C_80' or package '/Engine/Transient'.
[2017.02.28-15.13.57:958][944]LogLinker:Warning: Can't find file '/Game/BluePrints/BattleScene/BS_Player'
[2017.02.28-15.13.57:958][944]LogLinker:Warning: Can't find file for asset '/Game/BluePrints/BattleScene/BS_Player' while loading C:/Users/nathan/Desktop/ChimeraGames/Abyss/Content/Maps-Levels/Fort/Fort_Battle.umap.
[2017.02.28-15.13.57:985][944]LoadErrors:Error: Error /Game/Maps-Levels/Fort/Fort_Battle : Can't find file for asset. /Game/BluePrints/BattleScene/BS_Player
[2017.02.28-15.13.58:318][944]LogLinker:Warning: Can't find file '/Game/BluePrints/BattleScene/BS_enemy'
[2017.02.28-15.13.58:318][944]LogLinker:Warning: Can't find file for asset '/Game/BluePrints/BattleScene/BS_enemy' while loading C:/Users/nathan/Desktop/ChimeraGames/Abyss/Content/Maps-Levels/Fort/Fort_Battle.umap.
[2017.02.28-15.13.58:336][944]LoadErrors:Error: Error /Game/Maps-Levels/Fort/Fort_Battle : Can't find file for asset. /Game/BluePrints/BattleScene/BS_enemy
[2017.02.28-15.13.58:336][944]LogLinker:Warning: Can't find file '/Game/BluePrints/BattleScene/BS_Player'
[2017.02.28-15.13.58:336][944]LogLinker:Warning: Can't find file for asset '/Game/BluePrints/BattleScene/BS_Player' while loading C:/Users/nathan/Desktop/ChimeraGames/Abyss/Content/Maps-Levels/Fort/Fort_Battle.umap.
[2017.02.28-15.13.58:337][944]LogLinker:Warning: Can't find file '/Game/BluePrints/BattleScene/BS_Player'
[2017.02.28-15.13.58:337][944]LogLinker:Warning: Can't find file for asset '/Game/BluePrints/BattleScene/BS_Player' while loading C:/Users/nathan/Desktop/ChimeraGames/Abyss/Content/Maps-Levels/Fort/Fort_Battle.umap.
[2017.02.28-15.13.58:337][944]LogLinker:Warning: Can't find file '/Game/BluePrints/BattleScene/BS_Player'
[2017.02.28-15.13.58:337][944]LogLinker:Warning: Can't find file for asset '/Game/BluePrints/BattleScene/BS_Player' while loading C:/Users/nathan/Desktop/ChimeraGames/Abyss/Content/Maps-Levels/Fort/Fort_Battle.umap.
[2017.02.28-15.13.58:337][944]LogLinker:Warning: Can't find file '/Game/BluePrints/BattleScene/BS_Player'
[2017.02.28-15.13.58:337][944]LogLinker:Warning: Can't find file for asset '/Game/BluePrints/BattleScene/BS_Player' while loading C:/Users/nathan/Desktop/ChimeraGames/Abyss/Content/Maps-Levels/Fort/Fort_Battle.umap.
[2017.02.28-15.13.58:364][944]LogLinker:Warning: Can't find file '/Game/BluePrints/BattleScene/BS_enemy'
[2017.02.28-15.13.58:364][944]LogLinker:Warning: Can't find file for asset '/Game/BluePrints/BattleScene/BS_enemy' while loading C:/Users/nathan/Desktop/ChimeraGames/Abyss/Content/Maps-Levels/Fort/Fort_Battle.umap.
[2017.02.28-15.13.58:364][944]LogLinker:Warning: Can't find file '/Game/BluePrints/BattleScene/BS_Player'
[2017.02.28-15.13.58:364][944]LogLinker:Warning: Can't find file for asset '/Game/BluePrints/BattleScene/BS_Player' while loading C:/Users/nathan/Desktop/ChimeraGames/Abyss/Content/Maps-Levels/Fort/Fort_Battle.umap.
[2017.02.28-15.13.58:505][944]LogLinker:Warning: Can't find file '/Game/BluePrints/BattleScene/BS_Player'
[2017.02.28-15.13.58:505][944]LogLinker:Warning: Can't find file for asset '/Game/BluePrints/BattleScene/BS_Player' while loading C:/Users/nathan/Desktop/ChimeraGames/Abyss/Content/Maps-Levels/Fort/Fort_Battle.umap.
[2017.02.28-15.13.58:505][944]LogLinker:Warning: Can't find file '/Game/BluePrints/BattleScene/BS_enemy'
[2017.02.28-15.13.58:505][944]LogLinker:Warning: Can't find file for asset '/Game/BluePrints/BattleScene/BS_enemy' while loading C:/Users/nathan/Desktop/ChimeraGames/Abyss/Content/Maps-Levels/Fort/Fort_Battle.umap.
[2017.02.28-15.13.58:505][944]LogLinker:Warning: Can't find file '/Game/BluePrints/BattleScene/BS_enemy'
[2017.02.28-15.13.58:505][944]LogLinker:Warning: Can't find file for asset '/Game/BluePrints/BattleScene/BS_enemy' while loading C:/Users/nathan/Desktop/ChimeraGames/Abyss/Content/Maps-Levels/Fort/Fort_Battle.umap.
[2017.02.28-15.13.58:506][944]LogLinker:Warning: Can't find file '/Game/BluePrints/BattleScene/BS_enemy'
[2017.02.28-15.13.58:506][944]LogLinker:Warning: Can't find file for asset '/Game/BluePrints/BattleScene/BS_enemy' while loading NULL.
[2017.02.28-15.13.58:507][944]LogLinker:Warning: Can't find file '/Game/BluePrints/BattleScene/BS_Player'
[2017.02.28-15.13.58:507][944]LogLinker:Warning: Can't find file for asset '/Game/BluePrints/BattleScene/BS_Player' while loading NULL.
[2017.02.28-15.13.58:507][944]LogLinker:Warning: Can't find file '/Game/BluePrints/BattleScene/BS_Player'
[2017.02.28-15.13.58:507][944]LogLinker:Warning: Can't find file for asset '/Game/BluePrints/BattleScene/BS_Player' while loading NULL.
[2017.02.28-15.13.58:507][944]LogLinker:Warning: Can't find file '/Game/BluePrints/BattleScene/BS_enemy'
[2017.02.28-15.13.58:507][944]LogLinker:Warning: Can't find file for asset '/Game/BluePrints/BattleScene/BS_enemy' while loading NULL.
[2017.02.28-15.13.58:507][944]LogLinker:Warning: Can't find file '/Game/BluePrints/BattleScene/BS_Player'
[2017.02.28-15.13.58:507][944]LogLinker:Warning: Can't find file for asset '/Game/BluePrints/BattleScene/BS_Player' while loading NULL.
[2017.02.28-15.13.58:507][944]LogLinker:Warning: Can't find file '/Game/BluePrints/BattleScene/BS_Player'
[2017.02.28-15.13.58:507][944]LogLinker:Warning: Can't find file for asset '/Game/BluePrints/BattleScene/BS_Player' while loading NULL.
[2017.02.28-15.13.58:507][944]LogLinker:Warning: Can't find file '/Game/BluePrints/BattleScene/BS_Player'
[2017.02.28-15.13.58:508][944]LogLinker:Warning: Can't find file for asset '/Game/BluePrints/BattleScene/BS_Player' while loading NULL.
[2017.02.28-15.13.58:508][944]LogLinker:Warning: Can't find file '/Game/BluePrints/BattleScene/BS_Player'
[2017.02.28-15.13.58:508][944]LogLinker:Warning: Can't find file for asset '/Game/BluePrints/BattleScene/BS_Player' while loading NULL.
[2017.02.28-15.13.58:508][944]LogLinker:Warning: Can't find file '/Game/BluePrints/BattleScene/BS_enemy'
[2017.02.28-15.13.58:508][944]LogLinker:Warning: Can't find file for asset '/Game/BluePrints/BattleScene/BS_enemy' while loading NULL.
[2017.02.28-15.13.58:508][944]LogLinker:Warning: Can't find file '/Game/BluePrints/BattleScene/BS_Player'
[2017.02.28-15.13.58:508][944]LogLinker:Warning: Can't find file for asset '/Game/BluePrints/BattleScene/BS_Player' while loading NULL.
[2017.02.28-15.13.58:508][944]LogLinker:Warning: Can't find file '/Game/BluePrints/BattleScene/BS_Player'
[2017.02.28-15.13.58:508][944]LogLinker:Warning: Can't find file for asset '/Game/BluePrints/BattleScene/BS_Player' while loading NULL.
[2017.02.28-15.13.58:508][944]LogLinker:Warning: Can't find file '/Game/BluePrints/BattleScene/BS_enemy'
[2017.02.28-15.13.58:508][944]LogLinker:Warning: Can't find file for asset '/Game/BluePrints/BattleScene/BS_enemy' while loading NULL.
[2017.02.28-15.13.58:509][944]LogLinker:Warning: Can't find file '/Game/BluePrints/BattleScene/BS_enemy'
[2017.02.28-15.13.58:509][944]LogLinker:Warning: Can't find file for asset '/Game/BluePrints/BattleScene/BS_enemy' while loading NULL.
[2017.02.28-15.13.58:509][944]LogLinker:Warning: Can't find file '/Game/BluePrints/BattleScene/BS_Player'
[2017.02.28-15.13.58:509][944]LogLinker:Warning: Can't find file for asset '/Game/BluePrints/BattleScene/BS_Player' while loading NULL.
[2017.02.28-15.13.58:509][944]LogLinker:Warning: Can't find file '/Game/BluePrints/BattleScene/BS_Player'
[2017.02.28-15.13.58:563][944]LoadErrors: Info Failed to load /Game/BluePrints/BattleScene/BS_Player.BS_Player_C Referenced by Default__Fort_Battle_C
[2017.02.28-15.13.58:564][944]LogLinker:Warning: Can't find file for asset '/Game/BluePrints/BattleScene/BS_Player' while loading NULL.
[2017.02.28-15.13.58:590][944]LogLinker:Warning: Can't find file '/Game/BluePrints/BattleScene/BS_Player'
[2017.02.28-15.13.58:591][944]LogLinker:Warning: Can't find file for asset '/Game/BluePrints/BattleScene/BS_Player' while loading NULL.
[2017.02.28-15.13.58:591][944]LogLinker:Warning: Can't find file '/Game/BluePrints/BattleScene/BS_Player'
[2017.02.28-15.13.58:591][944]LoadErrors: Info Failed to load /Game/BluePrints/BattleScene/BS_Player.BS_Player_C Referenced by K2Node_Literal_1
[2017.02.28-15.13.58:591][944]LogLinker:Warning: Can't find file for asset '/Game/BluePrints/BattleScene/BS_Player' while loading NULL.
[2017.02.28-15.13.58:591][944]LogLinker:Warning: Can't find file '/Game/BluePrints/BattleScene/BS_Player'
[2017.02.28-15.13.58:591][944]LogLinker:Warning: Can't find file for asset '/Game/BluePrints/BattleScene/BS_Player' while loading NULL.
[2017.02.28-15.13.58:591][944]LogLinker:Warning: Can't find file '/Game/BluePrints/BattleScene/BS_enemy'
[2017.02.28-15.13.58:591][944]LogLinker:Warning: Can't find file for asset '/Game/BluePrints/BattleScene/BS_enemy' while loading NULL.
[2017.02.28-15.13.58:591][944]LogLinker:Warning: Can't find file '/Game/BluePrints/BattleScene/BS_enemy'
[2017.02.28-15.13.58:591][944]LoadErrors: Info Failed to load /Game/BluePrints/BattleScene/BS_enemy.BS_Enemy_C Referenced by K2Node_Literal_46
[2017.02.28-15.13.58:591][944]LogLinker:Warning: Can't find file for asset '/Game/BluePrints/BattleScene/BS_enemy' while loading NULL.
[2017.02.28-15.13.58:592][944]LogLinker:Warning: Can't find file '/Game/BluePrints/BattleScene/BS_enemy'
[2017.02.28-15.13.58:592][944]LogLinker:Warning: Can't find file for asset '/Game/BluePrints/BattleScene/BS_enemy' while loading NULL.
[2017.02.28-15.13.58:592][944]LogLinker:Warning: Can't find file '/Game/BluePrints/BattleScene/BS_enemy'
[2017.02.28-15.13.58:592][944]LoadErrors: Info Failed to load /Game/BluePrints/BattleScene/BS_enemy.BS_Enemy_C Referenced by K2Node_DynamicCast_2
[2017.02.28-15.13.58:592][944]LogLinker:Warning: Can't find file for asset '/Game/BluePrints/BattleScene/BS_enemy' while loading NULL.
[2017.02.28-15.13.58:592][944]LogLinker:Warning: Can't find file '/Game/BluePrints/BattleScene/BS_enemy'
[2017.02.28-15.13.58:592][944]LogLinker:Warning: Can't find file for asset '/Game/BluePrints/BattleScene/BS_enemy' while loading NULL.
[2017.02.28-15.13.58:623][944]LogBlueprint:Warning: [Compiler PersistentLevel.Fort_Battle] Warning Can't connect pins  Object  and  Unknown : This cast has an invalid target type (was the class deleted without a redirect?).
[2017.02.28-15.13.58:623][944]LogBlueprint:Warning: [Compiler PersistentLevel.Fort_Battle] Warning Can't connect pins  Unknown  and  Object : This cast has an invalid target type (was the class deleted without a redirect?).
[2017.02.28-15.13.58:625][944]LogBlueprint:Warning: [Compiler PersistentLevel.Fort_Battle] Warning Node  K2Node_Literal_1  is not referencing a valid level actor
[2017.02.28-15.13.58:625][944]LogBlueprint:Error: [Compiler PersistentLevel.Fort_Battle] Error Node  K2Node_DynamicCast_2  has an invalid target type, please delete and recreate it
[2017.02.28-15.13.58:625][944]LogBlueprint:Error: [Compiler PersistentLevel.Fort_Battle] Error Node  K2Node_DynamicCast_2  has an invalid target class
[2017.02.28-15.13.58:667][944]LogBlueprint:Warning: [Compiler PersistentLevel.Fort_Battle] Warning [1661.99] Compile of PersistentLevel.Fort_Battle failed. 2 Fatal Issue(s) 3 Warning(s) [in 32 ms] (/Game/Maps-Levels/Fort/Fort_Battle.Fort_Battle:PersistentLevel.Fort_Battle)
[2017.02.28-15.13.58:667][944]LogBlueprint:Warning: [Compiler PersistentLevel.Fort_Battle] Warning [1662.02] Compile of PersistentLevel.Fort_Battle failed. 2 Fatal Issue(s) 4 Warning(s) [in 0 ms] (/Game/Maps-Levels/Fort/Fort_Battle.Fort_Battle:PersistentLevel.Fort_Battle)
[2017.02.28-15.13.58:667][944]LogBlueprint:Warning: [Compiler PersistentLevel.Fort_Battle] Warning [1662.02] Compile of PersistentLevel.Fort_Battle failed. 2 Fatal Issue(s) 5 Warning(s) [in 0 ms] (/Game/Maps-Levels/Fort/Fort_Battle.Fort_Battle:PersistentLevel.Fort_Battle)
[2017.02.28-15.13.58:668][944]LogLinker:Warning: Can't find file '/Game/BluePrints/BattleScene/BS_Player'
[2017.02.28-15.13.58:668][944]LogLinker:Warning: Can't find file for asset '/Game/BluePrints/BattleScene/BS_Player' while loading NULL.
[2017.02.28-15.13.58:668][944]LogLinker:Warning: Can't find file '/Game/BluePrints/BattleScene/BS_Player'
[2017.02.28-15.13.58:668][944]LogLinker:Warning: Can't find file for asset '/Game/BluePrints/BattleScene/BS_Player' while loading NULL.
[2017.02.28-15.13.58:680][944]LogLinker:Warning: Can't find file '/Game/BluePrints/BattleScene/BS_enemy'
[2017.02.28-15.13.58:680][944]LogLinker:Warning: Can't find file for asset '/Game/BluePrints/BattleScene/BS_enemy' while loading NULL.
[2017.02.28-15.13.58:680][944]LogLinker:Warning: Can't find file '/Game/BluePrints/BattleScene/BS_enemy'
[2017.02.28-15.13.58:680][944]LogLinker:Warning: Can't find file for asset '/Game/BluePrints/BattleScene/BS_enemy' while loading NULL.
[2017.02.28-15.13.58:680][944]LogLinker:Warning: Can't find file '/Game/BluePrints/BattleScene/BS_Player'
[2017.02.28-15.13.58:680][944]LogLinker:Warning: Can't find file for asset '/Game/BluePrints/BattleScene/BS_Player' while loading NULL.
[2017.02.28-15.13.58:680][944]LogLinker:Warning: Can't find file '/Game/BluePrints/BattleScene/BS_Player'
[2017.02.28-15.13.58:681][944]LogLinker:Warning: Can't find file for asset '/Game/BluePrints/BattleScene/BS_Player' while loading NULL.
[2017.02.28-15.13.58:681][944]LogLinker:Warning: Can't find file '/Game/BluePrints/BattleScene/BS_Player'
[2017.02.28-15.13.58:681][944]LogLinker:Warning: Can't find file for asset '/Game/BluePrints/BattleScene/BS_Player' while loading NULL.
[2017.02.28-15.13.58:681][944]LogLinker:Warning: Can't find file '/Game/BluePrints/BattleScene/BS_Player'
[2017.02.28-15.13.58:681][944]LogLinker:Warning: Can't find file for asset '/Game/BluePrints/BattleScene/BS_Player' while loading NULL.
[2017.02.28-15.13.58:681][944]LogLinker:Warning: Can't find file '/Game/BluePrints/BattleScene/BS_Player'
[2017.02.28-15.13.58:681][944]LogLinker:Warning: Can't find file for asset '/Game/BluePrints/BattleScene/BS_Player' while loading NULL.
[2017.02.28-15.13.58:681][944]LogLinker:Warning: Can't find file '/Game/BluePrints/BattleScene/BS_Player'
[2017.02.28-15.13.58:681][944]LogLinker:Warning: Can't find file for asset '/Game/BluePrints/BattleScene/BS_Player' while loading NULL.
[2017.02.28-15.13.58:719][944]LogLinker:Warning: Can't find file '/Game/BluePrints/BattleScene/BS_Player'
[2017.02.28-15.13.58:719][944]LogLinker:Warning: Can't find file for asset '/Game/BluePrints/BattleScene/BS_Player' while loading NULL.
[2017.02.28-15.13.58:719][944]LogLinker:Warning: Can't find file '/Game/BluePrints/BattleScene/BS_Player'
[2017.02.28-15.13.58:719][944]LogLinker:Warning: Can't find file for asset '/Game/BluePrints/BattleScene/BS_Player' while loading NULL.
[2017.02.28-15.13.58:719][944]LogLinker:Warning: Can't find file '/Game/BluePrints/BattleScene/BS_enemy'
[2017.02.28-15.13.58:719][944]LogLinker:Warning: Can't find file for asset '/Game/BluePrints/BattleScene/BS_enemy' while loading NULL.
[2017.02.28-15.13.58:719][944]LogLinker:Warning: Can't find file '/Game/BluePrints/BattleScene/BS_enemy'
[2017.02.28-15.13.58:719][944]LogLinker:Warning: Can't find file for asset '/Game/BluePrints/BattleScene/BS_enemy' while loading NULL.
[2017.02.28-15.13.58:720][944]LogLinker:Warning: Can't find file '/Game/BluePrints/BattleScene/BS_enemy'
[2017.02.28-15.13.58:720][944]LogLinker:Warning: Can't find file for asset '/Game/BluePrints/BattleScene/BS_enemy' while loading NULL.
[2017.02.28-15.13.58:720][944]LogLinker:Warning: Can't find file '/Game/BluePrints/BattleScene/BS_enemy'
[2017.02.28-15.13.58:720][944]LogLinker:Warning: Can't find file for asset '/Game/BluePrints/BattleScene/BS_enemy' while loading NULL.
[2017.02.28-15.13.58:723][944]LogLinker:Warning: Can't find file '/Game/BluePrints/BattleScene/BS_Player'
[2017.02.28-15.13.58:723][944]LogLinker:Warning: Can't find file for asset '/Game/BluePrints/BattleScene/BS_Player' while loading NULL.
[2017.02.28-15.13.58:723][944]LogLinker:Warning: Can't find file '/Game/BluePrints/BattleScene/BS_Player'
[2017.02.28-15.13.58:723][944]LoadErrors: Info Failed to load /Game/BluePrints/BattleScene/BS_Player.BS_Player_C Referenced by PersistentLevel
[2017.02.28-15.13.58:723][944]LogLinker:Warning: Can't find file for asset '/Game/BluePrints/BattleScene/BS_Player' while loading NULL.
[2017.02.28-15.13.58:723][944]LogLinker:Warning: Can't find file '/Game/BluePrints/BattleScene/BS_enemy'
[2017.02.28-15.13.58:723][944]LogLinker:Warning: Can't find file for asset '/Game/BluePrints/BattleScene/BS_enemy' while loading NULL.
[2017.02.28-15.13.58:723][944]LogLinker:Warning: Can't find file '/Game/BluePrints/BattleScene/BS_enemy'
[2017.02.28-15.13.58:724][944]LoadErrors: Info Failed to load /Game/BluePrints/BattleScene/BS_enemy.BS_Enemy_C Referenced by PersistentLevel
[2017.02.28-15.13.58:724][944]LogLinker:Warning: Can't find file for asset '/Game/BluePrints/BattleScene/BS_enemy' while loading NULL.
[2017.02.28-15.13.59:005][944]LogAIModule: Creating AISystem for world Fort_Battle
[2017.02.28-15.13.59:570][944]Cmd: MAP LOAD FILE="C:/Users/nathan/Desktop/ChimeraGames/Abyss/Content/Maps-Levels/Fort/Fort_Battle.umap" TEMPLATE=0 SHOWPROGRESS=1 FEATURELEVEL=3
[2017.02.28-15.13.59:570][944]LightingResults: New page: Lighting Build
[2017.02.28-15.13.59:571][944]LoadErrors: New page: Loading map: Fort_Battle.umap
[2017.02.28-15.13.59:633][944]MapCheck: New page: Map Check
[2017.02.28-15.13.59:633][944]LightingResults: New page: Lighting Build
[2017.02.28-15.14.00:125][944]LogEditorServer: Finished looking for orphan Actors (0.000 secs)
[2017.02.28-15.14.00:204][944]Cmd: MAP CHECKDEP NOCLEARLOG
[2017.02.28-15.14.00:281][944]MapCheck: Info Map check complete: 0 Error(s), 0 Warning(s), took 77.028ms to complete.
[2017.02.28-15.14.00:289][944]LogFileHelpers: Loading map 'Fort_Battle' took 0.789
[2017.02.28-15.14.00:306][944]LoadErrors:Warning: Warning CreateExport: Failed to load Outer for resource 'Arrow': BS_Player_C /Game/Maps-Levels/Fort/Fort_Battle.Fort_Battle:PersistentLevel.BS_Player_2
[2017.02.28-15.14.00:306][944]LoadErrors:Warning: Warning CreateExport: Failed to load Outer for resource 'CollisionCylinder': BS_Player_C /Game/Maps-Levels/Fort/Fort_Battle.Fort_Battle:PersistentLevel.BS_Player_2
[2017.02.28-15.14.00:306][944]LoadErrors:Warning: Warning CreateExport: Failed to load Outer for resource 'CharMoveComp': BS_Player_C /Game/Maps-Levels/Fort/Fort_Battle.Fort_Battle:PersistentLevel.BS_Player_2
[2017.02.28-15.14.00:306][944]LoadErrors:Warning: Warning CreateExport: Failed to load Outer for resource 'Sprite0': BS_Player_C /Game/Maps-Levels/Fort/Fort_Battle.Fort_Battle:PersistentLevel.BS_Player_2
[2017.02.28-15.14.00:306][944]LoadErrors:Warning: Warning CreateExport: Failed to load Outer for resource 'PaperSprite': BS_Enemy_C /Game/Maps-Levels/Fort/Fort_Battle.Fort_Battle:PersistentLevel.BS_Enemy_302
[2017.02.28-15.14.00:306][944]LoadErrors:Warning: Warning CreateExport: Failed to load Outer for resource 'Scene': BS_Enemy_C /Game/Maps-Levels/Fort/Fort_Battle.Fort_Battle:PersistentLevel.BS_Enemy_302
[2017.02.28-15.14.02:521][166]LogEditorViewport: Clicking on Actor (LMB): CameraActor (CameraActor)
[2017.02.28-15.14.14:747][ 21]LogContentBrowser: Native class hierarchy updated for 'BlueprintGraph' in 0.0014 seconds. Added 111 classes and 0 folders.
[2017.02.28-15.15.02:303][815]Cmd: QUIT_EDITOR
[2017.02.28-15.15.02:683][815]LogWindowsTextInputMethodSystem:Display: IME system now deactivated.
[2017.02.28-15.15.02:758][815]LogExit: Preparing to exit.
[2017.02.28-15.15.03:401][815]LogExit: Editor shut down
[2017.02.28-15.15.03:401][815]LogExit: Transaction tracking system shut down
[2017.02.28-15.15.05:707][815]LogObj: Freed 0b from 0 cluster array pools.
[2017.02.28-15.15.05:711][815]LogExit: Object subsystem successfully closed.
[2017.02.28-15.15.05:946][815]LogD3D11RHI: Shutdown
[2017.02.28-15.15.05:946][815]LogD3D11RHI: CleanupD3DDevice
[2017.02.28-15.15.06:150][815]LogD3D11RHI: ~FD3D11DynamicRHI
[2017.02.28-15.15.07:069][815]LogHttp:Display: Http module shutting down, but needs to wait on 1 outstanding Http requests:
[2017.02.28-15.15.07:069][815]LogHttp:Display: 	verb=[POST] url=[https://datarouter.ol.epicgames.com/datarouter/api/v1/public/data?SessionID=%7BF4545D16-4231-3905-9C50-208B85043A24%7D&AppID=UEEditor.Rocket.Release&AppVersion=4.14.3-3249277%2B%2B%2BUE4%2BRelease-4.14&UserID=ebd02eab4bf37fade98294bf0ac2928c%7Cdf2486657973442ea895399024942a3f%7C11ccd397-2015-4e95-b97f-e72c5e310a35&AppEnvironment=datacollector-binary&UploadType=eteventstream] status=Processing
[2017.02.28-15.15.07:184][815]LogModuleManager: Shutting down and abandoning module BlueprintGraph (230)
[2017.02.28-15.15.07:184][815]LogModuleManager: Shutting down and abandoning module BlueprintProfiler (229)
[2017.02.28-15.15.07:196][815]LogModuleManager: Shutting down and abandoning module HierarchicalLODOutliner (228)
[2017.02.28-15.15.07:210][815]LogModuleManager: Shutting down and abandoning module CrashTracker (227)
[2017.02.28-15.15.07:221][815]LogModuleManager: Shutting down and abandoning module SceneOutliner (226)
[2017.02.28-15.15.07:235][815]LogModuleManager: Shutting down and abandoning module WidgetCarousel (225)
[2017.02.28-15.15.07:235][815]LogModuleManager: Shutting down and abandoning module AddContentDialog (224)
[2017.02.28-15.15.07:265][815]LogDirectoryWatcher: A directory notification for 'D:/UE4/UE_4.14/FeaturePacks/' was aborted.
[2017.02.28-15.15.07:269][815]LogModuleManager: Shutting down and abandoning module GameplayTags (223)
[2017.02.28-15.15.07:269][815]LogModuleManager: Shutting down and abandoning module EditorWidgets (222)
[2017.02.28-15.15.07:269][815]LogModuleManager: Shutting down and abandoning module CollectionManager (221)
[2017.02.28-15.15.07:290][815]LogDirectoryWatcher: A directory notification for 'C:/Users/nathan/Desktop/ChimeraGames/Abyss/Content/Collections/' was aborted.
[2017.02.28-15.15.07:290][815]LogDirectoryWatcher: A directory notification for 'C:/Users/nathan/Desktop/ChimeraGames/Abyss/Content/Developers/nathan/Collections/' was aborted.
[2017.02.28-15.15.07:290][815]LogDirectoryWatcher: A directory notification for 'C:/Users/nathan/Desktop/ChimeraGames/Abyss/Saved/Collections/' was aborted.
[2017.02.28-15.15.07:290][815]LogModuleManager: Shutting down and abandoning module StatsViewer (220)
[2017.02.28-15.15.07:304][815]LogModuleManager: Shutting down and abandoning module FoliageEdit (219)
[2017.02.28-15.15.07:315][815]LogModuleManager: Shutting down and abandoning module LandscapeEditor (218)
[2017.02.28-15.15.07:336][815]LogModuleManager: Shutting down and abandoning module SceneDepthPickerMode (217)
[2017.02.28-15.15.07:336][815]LogModuleManager: Shutting down and abandoning module ActorPickerMode (216)
[2017.02.28-15.15.07:336][815]LogModuleManager: Shutting down and abandoning module GeometryMode (215)
[2017.02.28-15.15.07:336][815]LogModuleManager: Shutting down and abandoning module TextureAlignMode (214)
[2017.02.28-15.15.07:336][815]LogModuleManager: Shutting down and abandoning module BspMode (213)
[2017.02.28-15.15.07:352][815]LogModuleManager: Shutting down and abandoning module HardwareSurvey (212)
[2017.02.28-15.15.07:361][815]LogModuleManager: Shutting down and abandoning module SequenceRecorderSections (211)
[2017.02.28-15.15.07:370][815]LogModuleManager: Shutting down and abandoning module AutomationWorker (210)
[2017.02.28-15.15.07:383][815]LogModuleManager: Shutting down and abandoning module MatineeToLevelSequence (209)
[2017.02.28-15.15.07:392][815]LogModuleManager: Shutting down and abandoning module PlacementMode (208)
[2017.02.28-15.15.07:407][815]LogModuleManager: Shutting down and abandoning module LevelSequenceEditor (207)
[2017.02.28-15.15.07:459][815]LogModuleManager: Shutting down and abandoning module Media (206)
[2017.02.28-15.15.07:459][815]LogModuleManager: Shutting down and abandoning module WmfMediaFactory (205)
[2017.02.28-15.15.07:459][815]LogModuleManager: Shutting down and abandoning module WmfMediaEditor (204)
[2017.02.28-15.15.07:459][815]LogModuleManager: Shutting down and abandoning module CharacterAI (203)
[2017.02.28-15.15.07:459][815]LogModuleManager: Shutting down and abandoning module SequenceRecorder (202)
[2017.02.28-15.15.07:498][815]LogModuleManager: Shutting down and abandoning module AudioCapture (201)
[2017.02.28-15.15.07:498][815]LogModuleManager: Shutting down and abandoning module SmartSnapping (200)
[2017.02.28-15.15.07:498][815]LogModuleManager: Shutting down and abandoning module SessionServices (199)
[2017.02.28-15.15.07:498][815]LogModuleManager: Shutting down and abandoning module ViewportSnapping (198)
[2017.02.28-15.15.07:498][815]LogModuleManager: Shutting down and abandoning module ViewportInteraction (197)
[2017.02.28-15.15.07:498][815]LogModuleManager: Shutting down and abandoning module LogVisualizer (196)
[2017.02.28-15.15.07:521][815]LogModuleManager: Shutting down and abandoning module GameProjectGeneration (195)
[2017.02.28-15.15.07:533][815]LogModuleManager: Shutting down and abandoning module IntroTutorials (194)
[2017.02.28-15.15.07:542][815]LogModuleManager: Shutting down and abandoning module EditorLiveStreaming (193)
[2017.02.28-15.15.07:542][815]LogModuleManager: Shutting down and abandoning module IOSPlatformEditor (192)
[2017.02.28-15.15.07:561][815]LogModuleManager: Shutting down and abandoning module HTML5PlatformEditor (191)
[2017.02.28-15.15.07:561][815]LogModuleManager: Shutting down and abandoning module AndroidDeviceDetection (189)
[2017.02.28-15.15.07:869][815]LogModuleManager: Shutting down and abandoning module AndroidPlatformEditor (188)
[2017.02.28-15.15.07:887][815]LogModuleManager: Shutting down and abandoning module IOSRuntimeSettings (187)
[2017.02.28-15.15.07:887][815]LogModuleManager: Shutting down and abandoning module AndroidRuntimeSettings (186)
[2017.02.28-15.15.07:887][815]LogModuleManager: Shutting down and abandoning module InputBindingEditor (185)
[2017.02.28-15.15.07:896][815]LogModuleManager: Shutting down and abandoning module NiagaraEditor (184)
[2017.02.28-15.15.07:931][815]LogModuleManager: Shutting down and abandoning module MergeActors (183)
[2017.02.28-15.15.07:954][815]LogModuleManager: Shutting down and abandoning module SizeMap (182)
[2017.02.28-15.15.07:964][815]LogModuleManager: Shutting down and abandoning module TreeMap (181)
[2017.02.28-15.15.07:995][815]LogModuleManager: Shutting down and abandoning module ReferenceViewer (180)
[2017.02.28-15.15.07:995][815]LogModuleManager: Shutting down and abandoning module LocalizationService (179)
[2017.02.28-15.15.07:998][815]LogModuleManager: Shutting down and abandoning module LocalizationDashboard (178)
[2017.02.28-15.15.08:024][815]LogModuleManager: Shutting down and abandoning module HardwareTargeting (177)
[2017.02.28-15.15.08:036][815]LogModuleManager: Shutting down and abandoning module DeviceProfileEditor (176)
[2017.02.28-15.15.08:052][815]LogModuleManager: Shutting down and abandoning module UndoHistory (175)
[2017.02.28-15.15.08:066][815]LogModuleManager: Shutting down and abandoning module UserFeedback (174)
[2017.02.28-15.15.08:066][815]LogModuleManager: Shutting down and abandoning module XmlParser (173)
[2017.02.28-15.15.08:080][815]LogModuleManager: Shutting down and abandoning module Blutility (172)
[2017.02.28-15.15.08:091][815]LogModuleManager: Shutting down and abandoning module ProjectTargetPlatformEditor (171)
[2017.02.28-15.15.08:098][815]LogModuleManager: Shutting down and abandoning module ProjectSettingsViewer (170)
[2017.02.28-15.15.08:098][815]LogModuleManager: Shutting down and abandoning module EditorSettingsViewer (169)
[2017.02.28-15.15.08:098][815]LogModuleManager: Shutting down and abandoning module SettingsEditor (168)
[2017.02.28-15.15.08:124][815]LogModuleManager: Shutting down and abandoning module ProjectLauncher (167)
[2017.02.28-15.15.08:154][815]LogModuleManager: Shutting down and abandoning module SessionFrontend (166)
[2017.02.28-15.15.08:169][815]LogModuleManager: Shutting down and abandoning module ProfilerClient (165)
[2017.02.28-15.15.08:186][815]LogModuleManager: Shutting down and abandoning module TargetDeviceServices (164)
[2017.02.28-15.15.08:186][815]LogModuleManager: Shutting down and abandoning module DeviceManager (163)
[2017.02.28-15.15.08:298][815]LogModuleManager: Shutting down and abandoning module AutomationController (162)
[2017.02.28-15.15.08:309][815]LogModuleManager: Shutting down and abandoning module AutomationWindow (161)
[2017.02.28-15.15.08:335][815]LogModuleManager: Shutting down and abandoning module Layers (160)
[2017.02.28-15.15.08:353][815]LogModuleManager: Shutting down and abandoning module ComponentVisualizers (159)
[2017.02.28-15.15.08:353][815]LogModuleManager: Shutting down and abandoning module DetailCustomizations (158)
[2017.02.28-15.15.08:360][815]LogModuleManager: Shutting down and abandoning module PackagesDialog (157)
[2017.02.28-15.15.08:376][815]LogModuleManager: Shutting down and abandoning module AnimGraph (156)
[2017.02.28-15.15.08:376][815]LogModuleManager: Shutting down and abandoning module Persona (155)
[2017.02.28-15.15.08:411][815]LogModuleManager: Shutting down and abandoning module Kismet (154)
[2017.02.28-15.15.08:419][815]LogModuleManager: Shutting down and abandoning module GraphEditor (153)
[2017.02.28-15.15.08:419][815]LogModuleManager: Shutting down and abandoning module ClassViewer (152)
[2017.02.28-15.15.08:429][815]LogModuleManager: Shutting down and abandoning module Toolbox (151)
[2017.02.28-15.15.08:438][815]LogModuleManager: Shutting down and abandoning module ModuleUI (150)
[2017.02.28-15.15.08:447][815]LogModuleManager: Shutting down and abandoning module MovieSceneTools (149)
[2017.02.28-15.15.08:490][815]LogModuleManager: Shutting down and abandoning module OutputLog (148)
[2017.02.28-15.15.08:508][815]LogModuleManager: Shutting down and abandoning module GammaUI (147)
[2017.02.28-15.15.08:528][815]LogModuleManager: Shutting down and abandoning module Documentation (146)
[2017.02.28-15.15.08:528][815]LogModuleManager: Shutting down and abandoning module Niagara (145)
[2017.02.28-15.15.08:528][815]LogModuleManager: Shutting down and abandoning module StreamingPauseRendering (144)
[2017.02.28-15.15.08:528][815]LogModuleManager: Shutting down and abandoning module AnalyticsET (143)
[2017.02.28-15.15.08:528][815]LogModuleManager: Shutting down and abandoning module PortalServices (142)
[2017.02.28-15.15.08:528][815]LogModuleManager: Shutting down and abandoning module PortalRpc (141)
[2017.02.28-15.15.08:528][815]LogModuleManager: Shutting down and abandoning module MessagingRpc (140)
[2017.02.28-15.15.08:528][815]LogModuleManager: Shutting down and abandoning module GameplayDebugger (139)
[2017.02.28-15.15.08:543][815]LogModuleManager: Shutting down and abandoning module AITestSuite (138)
[2017.02.28-15.15.08:551][815]LogModuleManager: Shutting down and abandoning module AIModule (137)
[2017.02.28-15.15.08:551][815]LogModuleManager: Shutting down and abandoning module ProfilerService (136)
[2017.02.28-15.15.08:792][815]LogModuleManager: Shutting down and abandoning module TaskGraph (135)
[2017.02.28-15.15.08:816][815]LogModuleManager: Shutting down and abandoning module SlateRemote (134)
[2017.02.28-15.15.08:816][815]LogModuleManager: Shutting down and abandoning module ProceduralMeshComponentEditor (133)
[2017.02.28-15.15.08:828][815]LogModuleManager: Shutting down and abandoning module ProceduralMeshComponent (132)
[2017.02.28-15.15.08:848][815]LogModuleManager: Shutting down and abandoning module CustomMeshComponent (131)
[2017.02.28-15.15.08:848][815]LogModuleManager: Shutting down and abandoning module CableComponent (130)
[2017.02.28-15.15.08:861][815]LogModuleManager: Shutting down and abandoning module ArchVisCharacter (129)
[2017.02.28-15.15.08:861][815]LogModuleManager: Shutting down and abandoning module MediaPlayerEditor (127)
[2017.02.28-15.15.08:893][815]LogModuleManager: Shutting down and abandoning module HTML5Networking (126)
[2017.02.28-15.15.08:893][815]LogModuleManager: Shutting down and abandoning module GeometryCacheEd (125)
[2017.02.28-15.15.08:893][815]LogModuleManager: Shutting down and abandoning module GeometryCache (124)
[2017.02.28-15.15.08:893][815]LogModuleManager: Shutting down and abandoning module AlembicLibrary (123)
[2017.02.28-15.15.08:905][815]LogModuleManager: Shutting down and abandoning module AlembicImporter (122)
[2017.02.28-15.15.08:917][815]LogModuleManager: Shutting down and abandoning module SuperSearch (121)
[2017.02.28-15.15.08:917][815]LogModuleManager: Shutting down and abandoning module SuperSearchEditor (120)
[2017.02.28-15.15.08:917][815]LogModuleManager: Shutting down and abandoning module SpeedTreeImporter (119)
[2017.02.28-15.15.08:917][815]LogModuleManager: Shutting down and abandoning module PluginBrowser (118)
[2017.02.28-15.15.08:938][815]LogModuleManager: Shutting down and abandoning module DesktopPlatform (117)
[2017.02.28-15.15.08:938][815]LogModuleManager: Shutting down and abandoning module VisualStudioSourceCodeAccess (116)
[2017.02.28-15.15.08:938][815]LogModuleManager: Shutting down and abandoning module UObjectPlugin (115)
[2017.02.28-15.15.08:938][815]LogModuleManager: Shutting down and abandoning module SubversionSourceControl (114)
[2017.02.28-15.15.08:950][815]LogModuleManager: Shutting down and abandoning module PerforceSourceControl (113)
[2017.02.28-15.15.08:976][815]LogModuleManager: Shutting down and abandoning module SourceControl (112)
[2017.02.28-15.15.08:988][815]LogModuleManager: Shutting down and abandoning module GitSourceControl (111)
[2017.02.28-15.15.09:001][815]LogModuleManager: Shutting down and abandoning module LightPropagationVolumeEditor (110)
[2017.02.28-15.15.09:001][815]LogModuleManager: Shutting down and abandoning module PaperTiledImporter (109)
[2017.02.28-15.15.09:006][815]LogModuleManager: Shutting down and abandoning module PaperSpriteSheetImporter (108)
[2017.02.28-15.15.09:006][815]LogModuleManager: Shutting down and abandoning module MeshPaint (107)
[2017.02.28-15.15.09:006][815]LogModuleManager: Shutting down and abandoning module PixelInspectorModule (106)
[2017.02.28-15.15.09:014][815]LogModuleManager: Shutting down and abandoning module HotReload (105)
[2017.02.28-15.15.09:028][815]LogModuleManager: Shutting down and abandoning module MainFrame (104)
[2017.02.28-15.15.09:028][815]LogModuleManager: Shutting down and abandoning module LevelEditor (103)
[2017.02.28-15.15.09:046][815]LogModuleManager: Shutting down and abandoning module ContentBrowser (102)
[2017.02.28-15.15.09:056][815]LogModuleManager: Shutting down and abandoning module Paper2DEditor (101)
[2017.02.28-15.15.09:069][815]LogModuleManager: Shutting down and abandoning module LightPropagationVolumeRuntime (100)
[2017.02.28-15.15.09:069][815]LogModuleManager: Shutting down and abandoning module Paper2D (99)
[2017.02.28-15.15.09:069][815]LogModuleManager: Shutting down and abandoning module WindowsMoviePlayer (98)
[2017.02.28-15.15.09:081][815]LogModuleManager: Shutting down and abandoning module WmfMedia (97)
[2017.02.28-15.15.09:086][815]LogModuleManager: Shutting down and abandoning module MediaAssets (96)
[2017.02.28-15.15.09:101][815]LogModuleManager: Shutting down and abandoning module GameLiveStreaming (95)
[2017.02.28-15.15.09:111][815]LogModuleManager: Shutting down and abandoning module GameplayTagsEditor (94)
[2017.02.28-15.15.09:111][815]LogModuleManager: Shutting down and abandoning module VREditor (93)
[2017.02.28-15.15.09:111][815]LogModuleManager: Shutting down and abandoning module GameplayTasksEditor (92)
[2017.02.28-15.15.09:111][815]LogModuleManager: Shutting down and abandoning module BehaviorTreeEditor (91)
[2017.02.28-15.15.09:131][815]LogModuleManager: Shutting down and abandoning module FunctionalTesting (90)
[2017.02.28-15.15.09:144][815]LogModuleManager: Shutting down and abandoning module CollisionAnalyzer (89)
[2017.02.28-15.15.09:170][815]LogModuleManager: Shutting down and abandoning module Sequencer (88)
[2017.02.28-15.15.09:203][815]LogModuleManager: Shutting down and abandoning module WorkspaceMenuStructure (87)
[2017.02.28-15.15.09:203][815]LogModuleManager: Shutting down and abandoning module MessageLog (86)
[2017.02.28-15.15.09:203][815]LogModuleManager: Shutting down and abandoning module AssetTools (85)
[2017.02.28-15.15.09:223][815]LogModuleManager: Shutting down and abandoning module UMGEditor (84)
[2017.02.28-15.15.09:245][815]LogModuleManager: Shutting down and abandoning module UMG (83)
[2017.02.28-15.15.09:261][815]LogModuleManager: Shutting down and abandoning module SlateReflector (82)
[2017.02.28-15.15.09:297][815]LogModuleManager: Shutting down and abandoning module Slate (81)
[2017.02.28-15.15.09:298][815]LogModuleManager: Shutting down and abandoning module EditorStyle (80)
[2017.02.28-15.15.09:300][815]LogModuleManager: Shutting down and abandoning module SourceCodeAccess (79)
[2017.02.28-15.15.09:300][815]LogModuleManager: Shutting down and abandoning module HeadMountedDisplay (78)
[2017.02.28-15.15.09:300][815]LogModuleManager: Shutting down and abandoning module XAudio2 (77)
[2017.02.28-15.15.09:300][815]LogModuleManager: Shutting down and abandoning module Networking (75)
[2017.02.28-15.15.09:300][815]LogModuleManager: Shutting down and abandoning module Core (74)
[2017.02.28-15.15.09:300][815]LogModuleManager: Shutting down and abandoning module DirectoryWatcher (73)
[2017.02.28-15.15.09:300][815]LogDirectoryWatcher: A directory notification for '../../../Engine/Content/' was aborted.
[2017.02.28-15.15.09:300][815]LogDirectoryWatcher: A directory notification for 'C:/Users/nathan/Desktop/ChimeraGames/Abyss/Content/' was aborted.
[2017.02.28-15.15.09:300][815]LogDirectoryWatcher: A directory notification for '../../../Engine/Plugins/2D/Paper2D/Content/' was aborted.
[2017.02.28-15.15.09:301][815]LogModuleManager: Shutting down and abandoning module AssetRegistry (72)
[2017.02.28-15.15.09:501][815]LogModuleManager: Shutting down and abandoning module KismetCompiler (71)
[2017.02.28-15.15.09:501][815]LogModuleManager: Shutting down and abandoning module PhysXFormats (70)
[2017.02.28-15.15.09:510][815]LogModuleManager: Shutting down and abandoning module SimplygonSwarm (69)
[2017.02.28-15.15.09:525][815]LogModuleManager: Shutting down and abandoning module SimplygonMeshReduction (68)
[2017.02.28-15.15.09:536][815]LogModuleManager: Shutting down and abandoning module QuadricMeshReduction (67)
[2017.02.28-15.15.09:551][815]LogModuleManager: Shutting down and abandoning module PropertyEditor (66)
[2017.02.28-15.15.09:551][815]LogModuleManager: Shutting down and abandoning module MeshUtilities (65)
[2017.02.28-15.15.09:580][815]LogModuleManager: Shutting down and abandoning module DerivedDataCache (64)
[2017.02.28-15.15.09:614][815]LogDerivedDataCache: Shutdown
[2017.02.28-15.15.09:615][815]LogModuleManager: Shutting down and abandoning module VulkanShaderFormat (63)
[2017.02.28-15.15.09:633][815]LogModuleManager: Shutting down and abandoning module ShaderFormatOpenGL (62)
[2017.02.28-15.15.09:656][815]LogModuleManager: Shutting down and abandoning module ShaderFormatD3D (61)
[2017.02.28-15.15.09:669][815]LogModuleManager: Shutting down and abandoning module MetalShaderFormat (60)
[2017.02.28-15.15.09:685][815]LogModuleManager: Shutting down and abandoning module TextureFormatUncompressed (59)
[2017.02.28-15.15.09:685][815]LogModuleManager: Shutting down and abandoning module TextureFormatPVR (58)
[2017.02.28-15.15.09:695][815]LogModuleManager: Shutting down and abandoning module TextureFormatDXT (57)
[2017.02.28-15.15.09:707][815]LogModuleManager: Shutting down and abandoning module TextureFormatIntelISPCTexComp (56)
[2017.02.28-15.15.09:721][815]LogModuleManager: Shutting down and abandoning module ImageWrapper (55)
[2017.02.28-15.15.09:721][815]LogModuleManager: Shutting down and abandoning module TextureFormatASTC (54)
[2017.02.28-15.15.09:721][815]LogModuleManager: Shutting down and abandoning module TextureFormatAndroid (53)
[2017.02.28-15.15.09:721][815]LogModuleManager: Shutting down and abandoning module AudioFormatOpus (52)
[2017.02.28-15.15.09:732][815]LogModuleManager: Shutting down and abandoning module AudioFormatOgg (51)
[2017.02.28-15.15.09:748][815]LogModuleManager: Shutting down and abandoning module AudioFormatADPCM (50)
[2017.02.28-15.15.09:748][815]LogModuleManager: Shutting down and abandoning module LinuxTargetPlatform (49)
[2017.02.28-15.15.09:748][815]LogModuleManager: Shutting down and abandoning module LinuxServerTargetPlatform (48)
[2017.02.28-15.15.09:762][815]LogModuleManager: Shutting down and abandoning module LinuxNoEditorTargetPlatform (47)
[2017.02.28-15.15.09:774][815]LogModuleManager: Shutting down and abandoning module LinuxClientTargetPlatform (46)
[2017.02.28-15.15.09:785][815]LogModuleManager: Shutting down and abandoning module TVOSTargetPlatform (45)
[2017.02.28-15.15.09:785][815]LogModuleManager: Shutting down and abandoning module Messaging (44)
[2017.02.28-15.15.09:785][815]LogModuleManager: Shutting down and abandoning module IOSTargetPlatform (43)
[2017.02.28-15.15.09:785][815]LogModuleManager: Shutting down and abandoning module HTML5TargetPlatform (42)
[2017.02.28-15.15.09:785][815]LogModuleManager: Shutting down and abandoning module Android_PVRTCTargetPlatform (41)
[2017.02.28-15.15.09:785][815]LogModuleManager: Shutting down and abandoning module Android_MultiTargetPlatform (40)
[2017.02.28-15.15.09:785][815]LogModuleManager: Shutting down and abandoning module Android_ETC2TargetPlatform (39)
[2017.02.28-15.15.09:785][815]LogModuleManager: Shutting down and abandoning module Android_ETC1TargetPlatform (38)
[2017.02.28-15.15.09:785][815]LogModuleManager: Shutting down and abandoning module Android_DXTTargetPlatform (37)
[2017.02.28-15.15.09:785][815]LogModuleManager: Shutting down and abandoning module Android_ATCTargetPlatform (36)
[2017.02.28-15.15.09:785][815]LogModuleManager: Shutting down and abandoning module Android_ASTCTargetPlatform (35)
[2017.02.28-15.15.09:785][815]LogModuleManager: Shutting down and abandoning module AndroidTargetPlatform (34)
[2017.02.28-15.15.09:785][815]LogModuleManager: Shutting down and abandoning module WindowsTargetPlatform (33)
[2017.02.28-15.15.09:785][815]LogModuleManager: Shutting down and abandoning module WindowsServerTargetPlatform (32)
[2017.02.28-15.15.09:794][815]LogModuleManager: Shutting down and abandoning module WindowsNoEditorTargetPlatform (31)
[2017.02.28-15.15.09:808][815]LogModuleManager: Shutting down and abandoning module WindowsClientTargetPlatform (30)
[2017.02.28-15.15.09:812][815]LogModuleManager: Shutting down and abandoning module MacTargetPlatform (29)
[2017.02.28-15.15.09:812][815]LogModuleManager: Shutting down and abandoning module MacServerTargetPlatform (28)
[2017.02.28-15.15.09:812][815]LogModuleManager: Shutting down and abandoning module MacNoEditorTargetPlatform (27)
[2017.02.28-15.15.09:812][815]LogModuleManager: Shutting down and abandoning module MacClientTargetPlatform (26)
[2017.02.28-15.15.09:812][815]LogModuleManager: Shutting down and abandoning module AllDesktopTargetPlatform (25)
[2017.02.28-15.15.09:812][815]LogModuleManager: Shutting down and abandoning module TargetPlatform (24)
[2017.02.28-15.15.09:812][815]LogModuleManager: Shutting down and abandoning module InputCore (23)
[2017.02.28-15.15.09:812][815]LogModuleManager: Shutting down and abandoning module Settings (22)
[2017.02.28-15.15.09:812][815]LogModuleManager: Shutting down and abandoning module ExampleDeviceProfileSelector (21)
[2017.02.28-15.15.09:812][815]LogModuleManager: Shutting down and abandoning module OnlineBlueprintSupport (20)
[2017.02.28-15.15.09:812][815]LogModuleManager: Shutting down and abandoning module OnlineSubsystem (18)
[2017.02.28-15.15.09:812][815]LogOnline:Display: Unloading online subsystem: NULL
[2017.02.28-15.15.09:836][815]LogModuleManager: Shutting down and abandoning module SSL (17)
[2017.02.28-15.15.09:846][815]LogModuleManager: Shutting down and abandoning module HTTP (16)
[2017.02.28-15.15.09:846][815]LogModuleManager: Shutting down and abandoning module XMPP (15)
[2017.02.28-15.15.09:877][815]LogModuleManager: Shutting down and abandoning module TextureCompressor (14)
[2017.02.28-15.15.09:889][815]LogModuleManager: Shutting down and abandoning module ShaderCore (13)
[2017.02.28-15.15.09:889][815]LogModuleManager: Shutting down and abandoning module Landscape (12)
[2017.02.28-15.15.09:889][815]LogModuleManager: Shutting down and abandoning module SlateRHIRenderer (11)
[2017.02.28-15.15.09:917][815]LogModuleManager: Shutting down and abandoning module OpenGLDrv (10)
[2017.02.28-15.15.09:935][815]LogModuleManager: Shutting down and abandoning module D3D11RHI (9)
[2017.02.28-15.15.09:935][815]LogModuleManager: Shutting down and abandoning module AnimGraphRuntime (8)
[2017.02.28-15.15.09:947][815]LogModuleManager: Shutting down and abandoning module Renderer (7)
[2017.02.28-15.15.09:947][815]LogModuleManager: Shutting down and abandoning module Engine (6)
[2017.02.28-15.15.09:947][815]LogModuleManager: Shutting down and abandoning module CoreUObject (5)
[2017.02.28-15.15.09:947][815]LogModuleManager: Shutting down and abandoning module NetworkFile (4)
[2017.02.28-15.15.09:954][815]LogModuleManager: Shutting down and abandoning module StreamingFile (3)
[2017.02.28-15.15.09:965][815]LogModuleManager: Shutting down and abandoning module SandboxFile (2)
[2017.02.28-15.15.09:965][815]LogModuleManager: Shutting down and abandoning module PakFile (1)
[2017.02.28-15.15.09:985][815]LogExit: Exiting.
[2017.02.28-15.15.10:052][815]Log file closed, 02/28/17 10:15:10
