Log file open, 03/04/17 18:59:14
LogInit:Display: Running engine for game: Abyss
LogPlatformFile: Not using cached read wrapper
LogInit:Display: RandInit(-105445161) SRandInit(-105445161).
LogTaskGraph: Started task graph with 5 named threads and 8 total threads with 1 sets of task threads.
LogStats: Stats thread started at 0.103442
LogPluginManager: Loaded Plugin Paper2D, From D:/UE4/UE_4.14/Engine/Plugins/2D/Paper2D/Paper2D.uplugin
LogPluginManager: Loaded Plugin LightPropagationVolume, From D:/UE4/UE_4.14/Engine/Plugins/Blendables/LightPropagationVolume/LightPropagationVolume.uplugin
LogPluginManager: Loaded Plugin BlankPlugin, From D:/UE4/UE_4.14/Engine/Plugins/Developer/BlankPlugin/BlankPlugin.uplugin
LogPluginManager: Loaded Plugin CodeLiteSourceCodeAccess, From D:/UE4/UE_4.14/Engine/Plugins/Developer/CodeLiteSourceCodeAccess/CodeLiteSourceCodeAccess.uplugin
LogPluginManager: Loaded Plugin GitSourceControl, From D:/UE4/UE_4.14/Engine/Plugins/Developer/GitSourceControl/GitSourceControl.uplugin
LogPluginManager: Loaded Plugin KDevelopSourceCodeAccess, From D:/UE4/UE_4.14/Engine/Plugins/Developer/KDevelopSourceCodeAccess/KDevelopSourceCodeAccess.uplugin
LogPluginManager: Loaded Plugin NullSourceCodeAccess, From D:/UE4/UE_4.14/Engine/Plugins/Developer/NullSourceCodeAccess/NullSourceCodeAccess.uplugin
LogPluginManager: Loaded Plugin OneSkyLocalizationService, From D:/UE4/UE_4.14/Engine/Plugins/Developer/OneSkyLocalizationService/OneSkyLocalizationService.uplugin
LogPluginManager: Loaded Plugin PerforceSourceControl, From D:/UE4/UE_4.14/Engine/Plugins/Developer/PerforceSourceControl/PerforceSourceControl.uplugin
LogPluginManager: Loaded Plugin SubversionSourceControl, From D:/UE4/UE_4.14/Engine/Plugins/Developer/SubversionSourceControl/SubversionSourceControl.uplugin
LogPluginManager: Loaded Plugin UObjectPlugin, From D:/UE4/UE_4.14/Engine/Plugins/Developer/UObjectPlugin/UObjectPlugin.uplugin
LogPluginManager: Loaded Plugin VisualStudioSourceCodeAccess, From D:/UE4/UE_4.14/Engine/Plugins/Developer/VisualStudioSourceCodeAccess/VisualStudioSourceCodeAccess.uplugin
LogPluginManager: Loaded Plugin XCodeSourceCodeAccess, From D:/UE4/UE_4.14/Engine/Plugins/Developer/XCodeSourceCodeAccess/XCodeSourceCodeAccess.uplugin
LogPluginManager: Loaded Plugin AudioCapture, From D:/UE4/UE_4.14/Engine/Plugins/Editor/AudioCapture/AudioCapture.uplugin
LogPluginManager: Loaded Plugin EpicSurvey, From D:/UE4/UE_4.14/Engine/Plugins/Editor/EpicSurvey/EpicSurvey.uplugin
LogPluginManager: Loaded Plugin MacGraphicsSwitching, From D:/UE4/UE_4.14/Engine/Plugins/Editor/MacGraphicsSwitching/MacGraphicsSwitching.uplugin
LogPluginManager: Loaded Plugin MobileLauncherProfileWizard, From D:/UE4/UE_4.14/Engine/Plugins/Editor/MobileLauncherProfileWizard/MobileLauncherProfileWizard.uplugin
LogPluginManager: Loaded Plugin PluginBrowser, From D:/UE4/UE_4.14/Engine/Plugins/Editor/PluginBrowser/PluginBrowser.uplugin
LogPluginManager: Loaded Plugin SpeedTreeImporter, From D:/UE4/UE_4.14/Engine/Plugins/Editor/SpeedTreeImporter/SpeedTreeImporter.uplugin
LogPluginManager: Loaded Plugin SuperSearchEditor, From D:/UE4/UE_4.14/Engine/Plugins/Editor/SuperSearchEditor/SuperSearchEditor.uplugin
LogPluginManager: Loaded Plugin AlembicImporter, From D:/UE4/UE_4.14/Engine/Plugins/Experimental/AlembicImporter/AlembicImporter.uplugin
LogPluginManager: Loaded Plugin BlueprintStats, From D:/UE4/UE_4.14/Engine/Plugins/Experimental/BlueprintStats/BlueprintStats.uplugin
LogPluginManager: Loaded Plugin CharacterAI, From D:/UE4/UE_4.14/Engine/Plugins/Experimental/CharacterAI/CharacterAI.uplugin
LogPluginManager: Loaded Plugin CodeEditor, From D:/UE4/UE_4.14/Engine/Plugins/Experimental/CodeEditor/CodeEditor.uplugin
LogPluginManager: Loaded Plugin CodeView, From D:/UE4/UE_4.14/Engine/Plugins/Experimental/CodeView/CodeView.uplugin
LogPluginManager: Loaded Plugin HTML5Networking, From D:/UE4/UE_4.14/Engine/Plugins/Experimental/HTML5Networking/HTML5Networking.uplugin
LogPluginManager: Loaded Plugin OSVR, From D:/UE4/UE_4.14/Engine/Plugins/Experimental/OSVR/OSVR.uplugin
LogPluginManager: Loaded Plugin Phya, From D:/UE4/UE_4.14/Engine/Plugins/Experimental/Phya/Phya.uplugin
LogPluginManager: Loaded Plugin SignificanceManager, From D:/UE4/UE_4.14/Engine/Plugins/Experimental/SignificanceManager/SignificanceManager.uplugin
LogPluginManager: Loaded Plugin SimpleHMD, From D:/UE4/UE_4.14/Engine/Plugins/Experimental/SimpleHMD/SimpleHMD.uplugin
LogPluginManager: Loaded Plugin StereoPanorama, From D:/UE4/UE_4.14/Engine/Plugins/Experimental/StereoPanorama/StereoPanorama.uplugin
LogPluginManager: Loaded Plugin StructBox, From D:/UE4/UE_4.14/Engine/Plugins/Experimental/StructBox/StructBox.uplugin
LogPluginManager: Loaded Plugin HGGifImporter, From D:/UE4/UE_4.14/Engine/Plugins/Marketplace/HGGifImporter/HGGifImporter.uplugin
LogPluginManager: Loaded Plugin UnrealJS, From D:/UE4/UE_4.14/Engine/Plugins/Marketplace/UnrealJS/UnrealJS.uplugin
LogPluginManager: Loaded Plugin AndroidMedia, From D:/UE4/UE_4.14/Engine/Plugins/Media/AndroidMedia/AndroidMedia.uplugin
LogPluginManager: Loaded Plugin AvfMedia, From D:/UE4/UE_4.14/Engine/Plugins/Media/AvfMedia/AvfMedia.uplugin
LogPluginManager: Loaded Plugin MediaPlayerEditor, From D:/UE4/UE_4.14/Engine/Plugins/Media/MediaPlayerEditor/MediaPlayerEditor.uplugin
LogPluginManager: Loaded Plugin WmfMedia, From D:/UE4/UE_4.14/Engine/Plugins/Media/WmfMedia/WmfMedia.uplugin
LogPluginManager: Loaded Plugin MessagingDebugger, From D:/UE4/UE_4.14/Engine/Plugins/Messaging/MessagingDebugger/MessagingDebugger.uplugin
LogPluginManager: Loaded Plugin TcpMessaging, From D:/UE4/UE_4.14/Engine/Plugins/Messaging/TcpMessaging/TcpMessaging.uplugin
LogPluginManager: Loaded Plugin UdpMessaging, From D:/UE4/UE_4.14/Engine/Plugins/Messaging/UdpMessaging/UdpMessaging.uplugin
LogPluginManager: Loaded Plugin LevelSequenceEditor, From D:/UE4/UE_4.14/Engine/Plugins/MovieScene/LevelSequenceEditor/LevelSequenceEditor.uplugin
LogPluginManager: Loaded Plugin MatineeToLevelSequence, From D:/UE4/UE_4.14/Engine/Plugins/MovieScene/MatineeToLevelSequence/MatineeToLevelSequence.uplugin
LogPluginManager: Loaded Plugin NetcodeUnitTest, From D:/UE4/UE_4.14/Engine/Plugins/NetcodeUnitTest/NetcodeUnitTest/NetcodeUnitTest.uplugin
LogPluginManager: Loaded Plugin NUTUnrealEngine4, From D:/UE4/UE_4.14/Engine/Plugins/NetcodeUnitTest/NUTUnrealEngine4/NUTUnrealEngine4.uplugin
LogPluginManager: Loaded Plugin OnlineSubsystemGameCircle, From D:/UE4/UE_4.14/Engine/Plugins/Online/Android/OnlineSubsystemGameCircle/OnlineSubsystemGameCircle.uplugin
LogPluginManager: Loaded Plugin OnlineSubsystemGooglePlay, From D:/UE4/UE_4.14/Engine/Plugins/Online/Android/OnlineSubsystemGooglePlay/OnlineSubsystemGooglePlay.uplugin
LogPluginManager: Loaded Plugin OnlineSubsystemIOS, From D:/UE4/UE_4.14/Engine/Plugins/Online/IOS/OnlineSubsystemIOS/OnlineSubsystemIOS.uplugin
LogPluginManager: Loaded Plugin OnlineFramework, From D:/UE4/UE_4.14/Engine/Plugins/Online/OnlineFramework/OnlineFramework.uplugin
LogPluginManager: Loaded Plugin OnlineSubsystem, From D:/UE4/UE_4.14/Engine/Plugins/Online/OnlineSubsystem/OnlineSubsystem.uplugin
LogPluginManager: Loaded Plugin OnlineSubsystemAmazon, From D:/UE4/UE_4.14/Engine/Plugins/Online/OnlineSubsystemAmazon/OnlineSubsystemAmazon.uplugin
LogPluginManager: Loaded Plugin OnlineSubsystemFacebook, From D:/UE4/UE_4.14/Engine/Plugins/Online/OnlineSubsystemFacebook/OnlineSubsystemFacebook.uplugin
LogPluginManager: Loaded Plugin OnlineSubsystemNull, From D:/UE4/UE_4.14/Engine/Plugins/Online/OnlineSubsystemNull/OnlineSubsystemNull.uplugin
LogPluginManager: Loaded Plugin OnlineSubsystemOculus, From D:/UE4/UE_4.14/Engine/Plugins/Online/OnlineSubsystemOculus/OnlineSubsystemOculus.uplugin
LogPluginManager: Loaded Plugin OnlineSubsystemSteam, From D:/UE4/UE_4.14/Engine/Plugins/Online/OnlineSubsystemSteam/OnlineSubsystemSteam.uplugin
LogPluginManager: Loaded Plugin OnlineSubsystemUtils, From D:/UE4/UE_4.14/Engine/Plugins/Online/OnlineSubsystemUtils/OnlineSubsystemUtils.uplugin
LogPluginManager: Loaded Plugin IOSTapJoy, From D:/UE4/UE_4.14/Engine/Plugins/Runtime/Advertising/IOSTapJoy/IOSTapJoy.uplugin
LogPluginManager: Loaded Plugin AnalyticsBlueprintLibrary, From D:/UE4/UE_4.14/Engine/Plugins/Runtime/Analytics/AnalyticsBlueprintLibrary/AnalyticsBlueprintLibrary.uplugin
LogPluginManager: Loaded Plugin AnalyticsMulticast, From D:/UE4/UE_4.14/Engine/Plugins/Runtime/Analytics/AnalyticsMulticast/AnalyticsMulticast.uplugin
LogPluginManager: Loaded Plugin Apsalar, From D:/UE4/UE_4.14/Engine/Plugins/Runtime/Analytics/Apsalar/Apsalar.uplugin
LogPluginManager: Loaded Plugin FileLogging, From D:/UE4/UE_4.14/Engine/Plugins/Runtime/Analytics/FileLogging/FileLogging.uplugin
LogPluginManager: Loaded Plugin Flurry, From D:/UE4/UE_4.14/Engine/Plugins/Runtime/Analytics/Flurry/Flurry.uplugin
LogPluginManager: Loaded Plugin AndroidDeviceProfileSelector, From D:/UE4/UE_4.14/Engine/Plugins/Runtime/AndroidDeviceProfileSelector/AndroidDeviceProfileSelector.uplugin
LogPluginManager: Loaded Plugin AndroidMoviePlayer, From D:/UE4/UE_4.14/Engine/Plugins/Runtime/AndroidMoviePlayer/AndroidMoviePlayer.uplugin
LogPluginManager: Loaded Plugin AppleMoviePlayer, From D:/UE4/UE_4.14/Engine/Plugins/Runtime/AppleMoviePlayer/AppleMoviePlayer.uplugin
LogPluginManager: Loaded Plugin ArchVisCharacter, From D:/UE4/UE_4.14/Engine/Plugins/Runtime/ArchVisCharacter/ArchVisCharacter.uplugin
LogPluginManager: Loaded Plugin CableComponent, From D:/UE4/UE_4.14/Engine/Plugins/Runtime/CableComponent/CableComponent.uplugin
LogPluginManager: Loaded Plugin CustomMeshComponent, From D:/UE4/UE_4.14/Engine/Plugins/Runtime/CustomMeshComponent/CustomMeshComponent.uplugin
LogPluginManager: Loaded Plugin ExampleDeviceProfileSelector, From D:/UE4/UE_4.14/Engine/Plugins/Runtime/ExampleDeviceProfileSelector/ExampleDeviceProfileSelector.uplugin
LogPluginManager: Loaded Plugin GearVR, From D:/UE4/UE_4.14/Engine/Plugins/Runtime/GearVR/GearVR.uplugin
LogPluginManager: Loaded Plugin GoogleVRController, From D:/UE4/UE_4.14/Engine/Plugins/Runtime/GoogleVR/GoogleVRController/GoogleVRController.uplugin
LogPluginManager: Loaded Plugin GoogleVRHMD, From D:/UE4/UE_4.14/Engine/Plugins/Runtime/GoogleVR/GoogleVRHMD/GoogleVRHMD.uplugin
LogPluginManager: Loaded Plugin IOSDeviceProfileSelector, From D:/UE4/UE_4.14/Engine/Plugins/Runtime/IOSDeviceProfileSelector/IOSDeviceProfileSelector.uplugin
LogPluginManager: Loaded Plugin LeapMotion, From D:/UE4/UE_4.14/Engine/Plugins/Runtime/LeapMotion/LeapMotion.uplugin
LogPluginManager: Loaded Plugin LinuxDeviceProfileSelector, From D:/UE4/UE_4.14/Engine/Plugins/Runtime/LinuxDeviceProfileSelector/LinuxDeviceProfileSelector.uplugin
LogPluginManager: Loaded Plugin MIDIDevice, From D:/UE4/UE_4.14/Engine/Plugins/Runtime/MIDIDevice/MIDIDevice.uplugin
LogPluginManager: Loaded Plugin MobilePatchingUtils, From D:/UE4/UE_4.14/Engine/Plugins/Runtime/MobilePatchingUtils/MobilePatchingUtils.uplugin
LogPluginManager: Loaded Plugin Ansel, From D:/UE4/UE_4.14/Engine/Plugins/Runtime/Nvidia/Ansel/Ansel.uplugin
LogPluginManager: Loaded Plugin OculusAudio, From D:/UE4/UE_4.14/Engine/Plugins/Runtime/OculusAudio/OculusAudio.uplugin
LogPluginManager: Loaded Plugin OculusInput, From D:/UE4/UE_4.14/Engine/Plugins/Runtime/OculusInput/OculusInput.uplugin
LogPluginManager: Loaded Plugin OculusLibrary, From D:/UE4/UE_4.14/Engine/Plugins/Runtime/OculusLibrary/OculusLibrary.uplugin
LogPluginManager: Loaded Plugin OculusRift, From D:/UE4/UE_4.14/Engine/Plugins/Runtime/OculusRift/OculusRift.uplugin
LogPluginManager: Loaded Plugin Oodle, From D:/UE4/UE_4.14/Engine/Plugins/Runtime/PacketHandlers/CompressionComponents/Oodle/Oodle.uplugin
LogPluginManager: Loaded Plugin ProceduralMeshComponent, From D:/UE4/UE_4.14/Engine/Plugins/Runtime/ProceduralMeshComponent/ProceduralMeshComponent.uplugin
LogPluginManager: Loaded Plugin SoundMod, From D:/UE4/UE_4.14/Engine/Plugins/Runtime/SoundMod/SoundMod.uplugin
LogPluginManager: Loaded Plugin SoundVisualizations, From D:/UE4/UE_4.14/Engine/Plugins/Runtime/SoundVisualizations/SoundVisualizations.uplugin
LogPluginManager: Loaded Plugin SteamController, From D:/UE4/UE_4.14/Engine/Plugins/Runtime/Steam/SteamController/SteamController.uplugin
LogPluginManager: Loaded Plugin SteamVR, From D:/UE4/UE_4.14/Engine/Plugins/Runtime/Steam/SteamVR/SteamVR.uplugin
LogPluginManager: Loaded Plugin WebBrowserWidget, From D:/UE4/UE_4.14/Engine/Plugins/Runtime/WebBrowserWidget/WebBrowserWidget.uplugin
LogPluginManager: Loaded Plugin WindowsDeviceProfileSelector, From D:/UE4/UE_4.14/Engine/Plugins/Runtime/WindowsDeviceProfileSelector/WindowsDeviceProfileSelector.uplugin
LogPluginManager: Loaded Plugin WindowsMoviePlayer, From D:/UE4/UE_4.14/Engine/Plugins/Runtime/WindowsMoviePlayer/WindowsMoviePlayer.uplugin
LogPluginManager: Loaded Plugin ScriptPlugin, From D:/UE4/UE_4.14/Engine/Plugins/ScriptPlugin/ScriptPlugin.uplugin
LogPluginManager: Loaded Plugin SlateRemote, From D:/UE4/UE_4.14/Engine/Plugins/Slate/SlateRemote/SlateRemote.uplugin
LogPluginManager: Loaded Plugin EditorTests, From D:/UE4/UE_4.14/Engine/Plugins/Tests/EditorTests/EditorTests.uplugin
LogPluginManager: Loaded Plugin FbxAutomationTestBuilder, From D:/UE4/UE_4.14/Engine/Plugins/Tests/FbxAutomationTestBuilder/FbxAutomationTestBuilder.uplugin
LogPluginManager: Loaded Plugin FunctionalTestingEditor, From D:/UE4/UE_4.14/Engine/Plugins/Tests/FunctionalTestingEditor/FunctionalTestingEditor.uplugin
LogPluginManager: Loaded Plugin RuntimeTests, From D:/UE4/UE_4.14/Engine/Plugins/Tests/RuntimeTests/RuntimeTests.uplugin
LogPluginManager: Loaded Plugin ScreenshotTools, From D:/UE4/UE_4.14/Engine/Plugins/Tests/ScreenshotTools/ScreenshotTools.uplugin
LogInit: Using libcurl 7.47.1
LogInit:  - built for x86_64-pc-win32
LogInit:  - supports SSL with OpenSSL/1.0.2g
LogInit:  - supports HTTP deflate (compression) using libz 1.2.8
LogInit:  - other features:
LogInit:      CURL_VERSION_SSL
LogInit:      CURL_VERSION_LIBZ
LogInit:      CURL_VERSION_IPV6
LogInit:      CURL_VERSION_ASYNCHDNS
LogInit:      CURL_VERSION_LARGEFILE
LogInit:      CURL_VERSION_IDN
LogInit:  CurlRequestOptions (configurable via config and command line):
LogInit:  - bVerifyPeer = false  - Libcurl will NOT verify peer certificate
LogInit:  - bUseHttpProxy = false  - Libcurl will NOT use HTTP proxy
LogInit:  - bDontReuseConnections = false  - Libcurl will reuse connections
LogInit:  - CertBundlePath = nullptr  - Libcurl will use whatever was configured at build time.
LogInit: Build: ++UE4+Release-4.14-CL-3249277
LogInit: Engine Version: 4.14.3-3249277+++UE4+Release-4.14
LogInit: Compatible Engine Version: 4.14.0-3195953+++UE4+Release-4.14
LogInit: Net CL: 3195953
LogDevObjectVersion: Number of dev versions registered: 13
LogDevObjectVersion:   Dev-Blueprints (B0D832E4-1F89-4F0D-ACCF-7EB736FD4AA2): 7
LogDevObjectVersion:   Dev-Build (E1C64328-A22C-4D53-A36C-8E866417BD8C): 0
LogDevObjectVersion:   Dev-Core (375EC13C-06E4-48FB-B500-84F0262A717E): 1
LogDevObjectVersion:   Dev-Editor (E4B068ED-F494-42E9-A231-DA0B2E46BB41): 8
LogDevObjectVersion:   Dev-Framework (CFFC743F-43B0-4480-9391-14DF171D2073): 17
LogDevObjectVersion:   Dev-Mobile (B02B49B5-BB20-44E9-A304-32B752E40360): 0
LogDevObjectVersion:   Dev-Networking (A4E4105C-59A1-49B5-A7C5-40C4547EDFEE): 0
LogDevObjectVersion:   Dev-Online (39C831C9-5AE6-47DC-9A44-9C173E1C8E7C): 0
LogDevObjectVersion:   Dev-Physics (78F01B33-EBEA-4F98-B9B4-84EACCB95AA2): 0
LogDevObjectVersion:   Dev-Platform (6631380F-2D4D-43E0-8009-CF276956A95A): 0
LogDevObjectVersion:   Dev-Rendering (12F88B9F-8875-4AFC-A67C-D90C383ABD29): 12
LogDevObjectVersion:   Dev-Sequencer (7B5AE74C-D270-4C10-A958-57980B212A5A): 1
LogDevObjectVersion:   Dev-VR (D7296918-1DD6-4BDD-9DE2-64A83CC13884): 0
LogInit: Compiled (64-bit): Jan  6 2017 10:49:43
LogInit: Compiled with Visual C++: 19.00.23026.00
LogInit: Build Configuration: Development
LogInit: Branch Name: ++UE4+Release-4.14
LogInit: Command line:  /Temp/Autosaves/Game/Maps-Levels/UEDPCstartMenu -game -PIEVIACONSOLE -ResX=1280 -ResY=720  -Multiprocess -messaging -SessionName="Play in Standalone Game" -windowed 
LogInit: Base directory: D:/UE4/UE_4.14/Engine/Binaries/Win64/
LogInit: Installed Engine Build: 1
LogInit: Presizing for max 8388607 objects, including 0 objects not considered by GC, pre-allocating 0 bytes for permanent pool.
LogInit: Object subsystem initialized
[2017.03.04-23.59.15:327][  0]LogInit: Selected Device Profile: [Windows]
[2017.03.04-23.59.15:327][  0]LogInit: Applying CVar settings loaded from the selected device profile: [Windows]
[2017.03.04-23.59.15:333][  0]LogInit: Computer: NATHAN-PC
[2017.03.04-23.59.15:333][  0]LogInit: User: nathan
[2017.03.04-23.59.15:333][  0]LogInit: CPU Page size=65536, Cores=4
[2017.03.04-23.59.15:333][  0]LogInit: High frequency timer resolution =3.897822 MHz
[2017.03.04-23.59.15:333][  0]LogMemory: Memory total: Physical=16.0GB (16GB approx)
[2017.03.04-23.59.15:333][  0]LogMemory: Platform Memory Stats for Windows
[2017.03.04-23.59.15:333][  0]LogMemory: Process Physical Memory: 267.28 MB used, 267.28 MB peak
[2017.03.04-23.59.15:333][  0]LogMemory: Process Virtual Memory: 262.80 MB used, 262.80 MB peak
[2017.03.04-23.59.15:333][  0]LogMemory: Physical Memory: 6385.89 MB used,  9955.80 MB free, 16341.69 MB total
[2017.03.04-23.59.15:333][  0]LogMemory: Virtual Memory: 675.18 MB used,  9955.80 MB free, 134217728.00 MB total
[2017.03.04-23.59.15:368][  0]LogTextLocalizationManager: No specific translations for ('en-US') exist, so ('en') translations will be used.
[2017.03.04-23.59.15:936][  0]LogD3D11RHI: D3D11 adapters:
[2017.03.04-23.59.16:491][  0]LogD3D11RHI:    0. 'NVIDIA GeForce GTX 960' (Feature Level 11_0)
[2017.03.04-23.59.16:491][  0]LogD3D11RHI:       4061/0/8170 MB DedicatedVideo/DedicatedSystem/SharedSystem, Outputs:2, VendorId:0x10de
[2017.03.04-23.59.16:493][  0]LogD3D11RHI:    1. 'Microsoft Basic Render Driver' (Feature Level 11_0)
[2017.03.04-23.59.16:493][  0]LogD3D11RHI:       0/0/8170 MB DedicatedVideo/DedicatedSystem/SharedSystem, Outputs:0, VendorId:0x1414
[2017.03.04-23.59.16:493][  0]LogD3D11RHI: Chosen D3D11 Adapter: 0
[2017.03.04-23.59.16:502][  0]LogD3D11RHI: Creating new Direct3DDevice
[2017.03.04-23.59.16:502][  0]LogD3D11RHI:     GPU DeviceId: 0x1401 (for the marketing name, search the web for "GPU Device Id")
[2017.03.04-23.59.16:502][  0]LogWindows: EnumDisplayDevices:
[2017.03.04-23.59.16:502][  0]LogWindows:    0. 'NVIDIA GeForce GTX 960' (P:1 D:1)
[2017.03.04-23.59.16:502][  0]LogWindows:    1. 'NVIDIA GeForce GTX 960' (P:0 D:1)
[2017.03.04-23.59.16:503][  0]LogWindows:    2. 'NVIDIA GeForce GTX 960' (P:0 D:0)
[2017.03.04-23.59.16:503][  0]LogWindows:    3. 'NVIDIA GeForce GTX 960' (P:0 D:0)
[2017.03.04-23.59.16:503][  0]LogWindows: DebugString: FoundDriverCount:4 
[2017.03.04-23.59.16:503][  0]LogD3D11RHI:     Adapter Name: NVIDIA GeForce GTX 960
[2017.03.04-23.59.16:503][  0]LogD3D11RHI:   Driver Version: 376.53 (internal:21.21.13.7653, unified:376.53)
[2017.03.04-23.59.16:503][  0]LogD3D11RHI:      Driver Date: 12-29-2016
[2017.03.04-23.59.16:503][  0]LogRHI: Texture pool is 1361 MB (70% of 1945 MB)
[2017.03.04-23.59.17:002][  0]LogD3D11RHI: Async texture creation enabled
[2017.03.04-23.59.17:084][  0]LogD3D11RHI: GPU Timing Frequency: 1000.000000 (Debug: 2 1)
[2017.03.04-23.59.17:085][  0]LogShaderCompilers: Guid format shader working directory is 5 characters bigger than the processId version (C:/Users/nathan/Desktop/ChimeraGames/Abyss/Intermediate/Shaders/WorkingDirectory/5764/).
[2017.03.04-23.59.17:086][  0]LogShaderCompilers: Cleaned the shader compiler working directory 'C:/Users/nathan/AppData/Local/Temp/UnrealShaderWorkingDir/8BBCC85C49550506754034A73CECFCD0/'.
[2017.03.04-23.59.17:086][  0]LogShaderCompilers:Display: Using Local Shader Compiler.
[2017.03.04-23.59.18:498][  0]LogTemp:Display: Loaded TP WindowsClientTargetPlatform
[2017.03.04-23.59.18:561][  0]LogTemp:Display: Loaded TP WindowsNoEditorTargetPlatform
[2017.03.04-23.59.18:623][  0]LogTemp:Display: Loaded TP WindowsServerTargetPlatform
[2017.03.04-23.59.18:673][  0]LogTemp:Display: Loaded TP WindowsTargetPlatform
[2017.03.04-23.59.18:673][  0]LogTargetPlatformManager:Display: Building Assets For Windows
[2017.03.04-23.59.19:042][  0]LogDerivedDataCache:Display: Max Cache Size: 512 MB
[2017.03.04-23.59.19:141][  0]LogDerivedDataCache: Loaded boot cache 0.10s 50MB C:/Users/nathan/AppData/Local/UnrealEngine/4.14/DerivedDataCache/Boot.ddc.
[2017.03.04-23.59.19:141][  0]LogDerivedDataCache:Display: Loaded Boot cache: C:/Users/nathan/AppData/Local/UnrealEngine/4.14/DerivedDataCache/Boot.ddc
[2017.03.04-23.59.19:141][  0]LogDerivedDataCache: FDerivedDataBackendGraph:  Pak pak cache file C:/Users/nathan/Desktop/ChimeraGames/Abyss/DerivedDataCache/DDC.ddp not found, will not use a pak cache.
[2017.03.04-23.59.19:141][  0]LogDerivedDataCache: Unable to find inner node Pak for hierarchical cache Hierarchy.
[2017.03.04-23.59.19:141][  0]LogDerivedDataCache: FDerivedDataBackendGraph:  CompressedPak pak cache file C:/Users/nathan/Desktop/ChimeraGames/Abyss/DerivedDataCache/Compressed.ddp not found, will not use a pak cache.
[2017.03.04-23.59.19:141][  0]LogDerivedDataCache: Unable to find inner node CompressedPak for hierarchical cache Hierarchy.
[2017.03.04-23.59.19:163][  0]LogDerivedDataCache:Display: Pak cache opened for reading ../../../Engine/DerivedDataCache/Compressed.ddp.
[2017.03.04-23.59.19:175][  0]LogDerivedDataCache: Using Local data cache path C:/Users/nathan/AppData/Local/UnrealEngine/Common/DerivedDataCache: Writable
[2017.03.04-23.59.19:475][  0]LogAssetRegistry: FAssetRegistry took 0.0001 seconds to start up
[2017.03.04-23.59.19:484][  0]LogPackageLocalizationCache: Processed 4 localized package path(s) for 2 prioritized culture(s) in 0.008313 seconds
[2017.03.04-23.59.19:510][  0]LogInit: Selected Device Profile: [Windows]
[2017.03.04-23.59.19:512][  0]LogContentStreaming: Texture pool size is 1000.00 MB
[2017.03.04-23.59.19:724][  0]LogMeshUtilities: Using QuadricMeshReduction for automatic static mesh reduction
[2017.03.04-23.59.19:764][  0]LogSimplygon: Simplygon DLL not present - disabling.
[2017.03.04-23.59.19:806][  0]LogMeshUtilities: Using SimplygonSwarm for distributed automatic mesh merging
[2017.03.04-23.59.19:806][  0]LogMeshUtilities: No automatic skeletal mesh reduction module available
[2017.03.04-23.59.19:806][  0]LogMeshUtilities: No automatic mesh merging module available
[2017.03.04-23.59.20:413][  0]LogNetVersion: GetLocalNetworkVersion: CL: 3195953, ProjectName: abyss, ProjectVersion: , EngineNetworkVersion: 2, GameNetworkVersion: 0, NetworkChecksum: 1595127573
[2017.03.04-23.59.20:487][  0]LogInit: WinSock: version 1.1 (2.2), MaxSocks=32767, MaxUdp=65467
[2017.03.04-23.59.21:168][  0]LogSlate: Using Freetype 2.6.0
[2017.03.04-23.59.21:169][  0]LogSlate: SlateFontCache - WITH_FREETYPE: 1, WITH_HARFBUZZ: 1
[2017.03.04-23.59.21:169][  0]LogSlate: SlateFontCache - WITH_FREETYPE: 1, WITH_HARFBUZZ: 1
[2017.03.04-23.59.21:297][  0]LogMoviePlayer: Initializing movie player
[2017.03.04-23.59.21:393][  0]LogWindowsTextInputMethodSystem:Display: IME system now deactivated.
[2017.03.04-23.59.21:422][  0]LogWindowsMoviePlayer: Unable to load movie: C:/Users/nathan/Desktop/ChimeraGames/Abyss/Content/Movies/Default_Startup.mp4
[2017.03.04-23.59.21:607][  0]JavascriptCmd: Unreal.js started. V8 5.7.201
[2017.03.04-23.59.21:825][  0]SourceControl: Info Source control is disabled
[2017.03.04-23.59.21:825][  0]SourceControl: Info Source control is disabled
[2017.03.04-23.59.21:871][  0]SourceControl: Info Source control is disabled
[2017.03.04-23.59.22:286][  0]LogUObjectArray: 34631 objects as part of root set at end of initial load.
[2017.03.04-23.59.22:286][  0]LogUObjectAllocator: 7649240 out of 0 bytes used by permanent object pool.
[2017.03.04-23.59.22:286][  0]LogUObjectArray: CloseDisregardForGC: 0/0 objects in disregard for GC pool
[2017.03.04-23.59.22:394][  0]LogEngine: Initializing Engine...
[2017.03.04-23.59.22:557][  0]LogInit: XAudio2 using 'Speakers (Realtek High Definition Audio)' : 2 channels at 48 kHz using 32 bits per sample (channel mask 0x3)
[2017.03.04-23.59.22:580][  0]LogInit: FAudioDevice initialized.
[2017.03.04-23.59.22:608][  0]LogInit: Texture streaming: Enabled
[2017.03.04-23.59.22:629][  0]LogMaterial: Uniform references updated for custom material expression Custom.
[2017.03.04-23.59.23:047][  0]LogInit:Display: Game Engine Initialized.
[2017.03.04-23.59.23:132][  0]LogInit:Display: Starting Game.
[2017.03.04-23.59.23:133][  0]LogNet: Browse: /Temp/Autosaves/Game/Maps-Levels/UEDPCstartMenu?Name=Player
[2017.03.04-23.59.23:133][  0]LogLoad: LoadMap: /Temp/Autosaves/Game/Maps-Levels/UEDPCstartMenu?Name=Player
[2017.03.04-23.59.23:163][  0]LogMemory: Platform Memory Stats for Windows
[2017.03.04-23.59.23:163][  0]LogMemory: Process Physical Memory: 689.36 MB used, 707.45 MB peak
[2017.03.04-23.59.23:163][  0]LogMemory: Process Virtual Memory: 732.38 MB used, 737.47 MB peak
[2017.03.04-23.59.23:163][  0]LogMemory: Physical Memory: 6725.70 MB used,  9616.00 MB free, 16341.69 MB total
[2017.03.04-23.59.23:163][  0]LogMemory: Virtual Memory: 1418.84 MB used,  9616.00 MB free, 134217728.00 MB total
[2017.03.04-23.59.23:163][  0]LogMemory: 
[2017.03.04-23.59.23:163][  0]Allocator Stats for TBB: (not implemented)
[2017.03.04-23.59.23:324][  0]LogAIModule: Creating AISystem for world startMenu
[2017.03.04-23.59.23:787][  0]LogLoad: Game class is 'abyssGameMode_C'
[2017.03.04-23.59.23:790][  0]LogWorld: Bringing World /Temp/Autosaves/Game/Maps-Levels/UEDPCstartMenu.startMenu up for play (max tick rate 0) at 2017.03.04-18.59.23
[2017.03.04-23.59.23:790][  0]LogWorld: Bringing up level for play took: 0.000901
[2017.03.04-23.59.23:823][  0]LogLoad: Took 0.689778 seconds to LoadMap(/Temp/Autosaves/Game/Maps-Levels/UEDPCstartMenu)
[2017.03.04-23.59.24:164][  0]LogLoad: (Engine Initialization) Total time: 10.42 seconds
[2017.03.04-23.59.24:164][  0]LogLoad: (Engine Initialization) Total Blueprint compile time: 0.36 seconds
[2017.03.04-23.59.24:164][  0]LogExternalProfiler: Found external profiler: VSPerf
[2017.03.04-23.59.24:164][  0]LogExternalProfiler: Using external profiler: VSPerf
[2017.03.04-23.59.24:318][  2]LogRenderer: Reallocating scene render targets to support 1280x720 NumSamples 1 (Frame:2).
[2017.03.04-23.59.25:908][ 77]LogPackageName: SearchForPackageOnDisk took   0.069s to resolve Fort_Exploration.umap.
[2017.03.04-23.59.25:976][ 77]LogPackageName: SearchForPackageOnDisk took   0.066s to resolve Fort_Exploration.umap.
[2017.03.04-23.59.25:976][ 77]LogNet: Browse: /Game/Maps-Levels/Fort/Exploration/Fort_Exploration
[2017.03.04-23.59.25:976][ 77]LogLoad: LoadMap: /Game/Maps-Levels/Fort/Exploration/Fort_Exploration
[2017.03.04-23.59.26:028][ 77]LogMemory: Platform Memory Stats for Windows
[2017.03.04-23.59.26:028][ 77]LogMemory: Process Physical Memory: 770.52 MB used, 771.36 MB peak
[2017.03.04-23.59.26:028][ 77]LogMemory: Process Virtual Memory: 905.43 MB used, 910.72 MB peak
[2017.03.04-23.59.26:028][ 77]LogMemory: Physical Memory: 6795.89 MB used,  9545.80 MB free, 16341.69 MB total
[2017.03.04-23.59.26:028][ 77]LogMemory: Virtual Memory: 1607.85 MB used,  9545.80 MB free, 134217728.00 MB total
[2017.03.04-23.59.26:028][ 77]LogMemory: 
[2017.03.04-23.59.26:028][ 77]Allocator Stats for TBB: (not implemented)
[2017.03.04-23.59.26:547][ 77]LogAIModule: Creating AISystem for world Fort_Exploration
[2017.03.04-23.59.26:548][ 77]LogLoad: Game class is 'abyssExplorationMode_C'
[2017.03.04-23.59.26:554][ 77]LogWorld: Bringing World /Game/Maps-Levels/Fort/Exploration/Fort_Exploration.Fort_Exploration up for play (max tick rate 0) at 2017.03.04-18.59.26
[2017.03.04-23.59.26:554][ 77]LogWorld: Bringing up level for play took: 0.004529
[2017.03.04-23.59.26:558][ 77]LogLoad: Took 0.581604 seconds to LoadMap(/Game/Maps-Levels/Fort/Exploration/Fort_Exploration)
[2017.03.04-23.59.32:249][426]LogPackageName:Warning: Found ambiguous long package name for 'Fort_Battle.umap'. Returning '/Game/Maps-Levels/Fort_Battle', but could also be '/Game/Maps-Levels/Fort/Battle/Fort_Battle'.
[2017.03.04-23.59.32:249][426]LogPackageName: SearchForPackageOnDisk took   0.073s to resolve Fort_Battle.umap.
[2017.03.04-23.59.32:319][427]LogPackageName:Warning: Found ambiguous long package name for 'Fort_Battle.umap'. Returning '/Game/Maps-Levels/Fort_Battle', but could also be '/Game/Maps-Levels/Fort/Battle/Fort_Battle'.
[2017.03.04-23.59.32:319][427]LogPackageName: SearchForPackageOnDisk took   0.067s to resolve Fort_Battle.umap.
[2017.03.04-23.59.32:319][427]LogNet: Browse: /Game/Maps-Levels/Fort_Battle
[2017.03.04-23.59.32:319][427]LogLoad: LoadMap: /Game/Maps-Levels/Fort_Battle
[2017.03.04-23.59.32:347][427]LogAudio:Warning: Audio Component is being destroyed without stopping looping sound 'ambientBackground'
[2017.03.04-23.59.32:368][427]LogMemory: Platform Memory Stats for Windows
[2017.03.04-23.59.32:368][427]LogMemory: Process Physical Memory: 736.54 MB used, 781.30 MB peak
[2017.03.04-23.59.32:368][427]LogMemory: Process Virtual Memory: 901.91 MB used, 973.39 MB peak
[2017.03.04-23.59.32:368][427]LogMemory: Physical Memory: 6765.26 MB used,  9576.43 MB free, 16341.69 MB total
[2017.03.04-23.59.32:368][427]LogMemory: Virtual Memory: 1610.85 MB used,  9576.43 MB free, 134217728.00 MB total
[2017.03.04-23.59.32:368][427]LogMemory: 
[2017.03.04-23.59.32:368][427]Allocator Stats for TBB: (not implemented)
[2017.03.04-23.59.32:380][427]LogWindows: Windows GetLastError: The operation completed successfully. (0)
[2017.03.04-23.59.32:617][427]LogWindows:Error: === Critical error: ===
[2017.03.04-23.59.32:617][427]LogWindows:Error: 
[2017.03.04-23.59.32:617][427]LogWindows:Error: Assertion failed: NewWorld [File:D:\Build\++UE4+Release-4.14+Compile\Sync\Engine\Source\Runtime\Engine\Private\UnrealEngine.cpp] [Line: 9931] 
[2017.03.04-23.59.32:617][427]LogWindows:Error: 
[2017.03.04-23.59.32:617][427]LogWindows:Error: 
[2017.03.04-23.59.32:617][427]LogWindows:Error: 
[2017.03.04-23.59.32:617][427]LogWindows:Error: KERNELBASE.dll
[2017.03.04-23.59.32:617][427]LogWindows:Error: UE4Editor-Core.dll
[2017.03.04-23.59.32:617][427]LogWindows:Error: UE4Editor-Core.dll
[2017.03.04-23.59.32:617][427]LogWindows:Error: UE4Editor-Core.dll
[2017.03.04-23.59.32:617][427]LogWindows:Error: UE4Editor-Engine.dll
[2017.03.04-23.59.32:617][427]LogWindows:Error: UE4Editor-Engine.dll
[2017.03.04-23.59.32:617][427]LogWindows:Error: UE4Editor-Engine.dll
[2017.03.04-23.59.32:617][427]LogWindows:Error: UE4Editor-Engine.dll
[2017.03.04-23.59.32:617][427]LogWindows:Error: UE4Editor.exe
[2017.03.04-23.59.32:617][427]LogWindows:Error: UE4Editor.exe
[2017.03.04-23.59.32:617][427]LogWindows:Error: UE4Editor.exe
[2017.03.04-23.59.32:617][427]LogWindows:Error: UE4Editor.exe
[2017.03.04-23.59.32:617][427]LogWindows:Error: UE4Editor.exe
[2017.03.04-23.59.32:617][427]LogWindows:Error: KERNEL32.DLL
[2017.03.04-23.59.32:617][427]LogWindows:Error: ntdll.dll
[2017.03.04-23.59.32:617][427]LogWindows:Error: ntdll.dll
[2017.03.04-23.59.32:617][427]LogWindows:Error: 
[2017.03.04-23.59.32:624][427]LogExit: Executing StaticShutdownAfterError
[2017.03.04-23.59.32:628][427]LogWindows: FPlatformMisc::RequestExit(1)
[2017.03.04-23.59.32:628][427]Log file closed, 03/04/17 18:59:32
