Log file open, 03/03/17 23:03:41
LogInit:Display: Running engine for game: Abyss
LogPlatformFile: Not using cached read wrapper
LogInit:Display: RandInit(1867483811) SRandInit(1867483811).
LogTaskGraph: Started task graph with 5 named threads and 8 total threads with 1 sets of task threads.
LogStats: Stats thread started at 0.084416
LogPluginManager: Loaded Plugin Paper2D, From D:/UE4/UE_4.14/Engine/Plugins/2D/Paper2D/Paper2D.uplugin
LogPluginManager: Loaded Plugin LightPropagationVolume, From D:/UE4/UE_4.14/Engine/Plugins/Blendables/LightPropagationVolume/LightPropagationVolume.uplugin
LogPluginManager: Loaded Plugin BlankPlugin, From D:/UE4/UE_4.14/Engine/Plugins/Developer/BlankPlugin/BlankPlugin.uplugin
LogPluginManager: Loaded Plugin CodeLiteSourceCodeAccess, From D:/UE4/UE_4.14/Engine/Plugins/Developer/CodeLiteSourceCodeAccess/CodeLiteSourceCodeAccess.uplugin
LogPluginManager: Loaded Plugin GitSourceControl, From D:/UE4/UE_4.14/Engine/Plugins/Developer/GitSourceControl/GitSourceControl.uplugin
LogPluginManager: Loaded Plugin KDevelopSourceCodeAccess, From D:/UE4/UE_4.14/Engine/Plugins/Developer/KDevelopSourceCodeAccess/KDevelopSourceCodeAccess.uplugin
LogPluginManager: Loaded Plugin NullSourceCodeAccess, From D:/UE4/UE_4.14/Engine/Plugins/Developer/NullSourceCodeAccess/NullSourceCodeAccess.uplugin
LogPluginManager: Loaded Plugin OneSkyLocalizationService, From D:/UE4/UE_4.14/Engine/Plugins/Developer/OneSkyLocalizationService/OneSkyLocalizationService.uplugin
LogPluginManager: Loaded Plugin PerforceSourceControl, From D:/UE4/UE_4.14/Engine/Plugins/Developer/PerforceSourceControl/PerforceSourceControl.uplugin
LogPluginManager: Loaded Plugin SubversionSourceControl, From D:/UE4/UE_4.14/Engine/Plugins/Developer/SubversionSourceControl/SubversionSourceControl.uplugin
LogPluginManager: Loaded Plugin UObjectPlugin, From D:/UE4/UE_4.14/Engine/Plugins/Developer/UObjectPlugin/UObjectPlugin.uplugin
LogPluginManager: Loaded Plugin VisualStudioSourceCodeAccess, From D:/UE4/UE_4.14/Engine/Plugins/Developer/VisualStudioSourceCodeAccess/VisualStudioSourceCodeAccess.uplugin
LogPluginManager: Loaded Plugin XCodeSourceCodeAccess, From D:/UE4/UE_4.14/Engine/Plugins/Developer/XCodeSourceCodeAccess/XCodeSourceCodeAccess.uplugin
LogPluginManager: Loaded Plugin AudioCapture, From D:/UE4/UE_4.14/Engine/Plugins/Editor/AudioCapture/AudioCapture.uplugin
LogPluginManager: Loaded Plugin EpicSurvey, From D:/UE4/UE_4.14/Engine/Plugins/Editor/EpicSurvey/EpicSurvey.uplugin
LogPluginManager: Loaded Plugin MacGraphicsSwitching, From D:/UE4/UE_4.14/Engine/Plugins/Editor/MacGraphicsSwitching/MacGraphicsSwitching.uplugin
LogPluginManager: Loaded Plugin MobileLauncherProfileWizard, From D:/UE4/UE_4.14/Engine/Plugins/Editor/MobileLauncherProfileWizard/MobileLauncherProfileWizard.uplugin
LogPluginManager: Loaded Plugin PluginBrowser, From D:/UE4/UE_4.14/Engine/Plugins/Editor/PluginBrowser/PluginBrowser.uplugin
LogPluginManager: Loaded Plugin SpeedTreeImporter, From D:/UE4/UE_4.14/Engine/Plugins/Editor/SpeedTreeImporter/SpeedTreeImporter.uplugin
LogPluginManager: Loaded Plugin SuperSearchEditor, From D:/UE4/UE_4.14/Engine/Plugins/Editor/SuperSearchEditor/SuperSearchEditor.uplugin
LogPluginManager: Loaded Plugin AlembicImporter, From D:/UE4/UE_4.14/Engine/Plugins/Experimental/AlembicImporter/AlembicImporter.uplugin
LogPluginManager: Loaded Plugin BlueprintStats, From D:/UE4/UE_4.14/Engine/Plugins/Experimental/BlueprintStats/BlueprintStats.uplugin
LogPluginManager: Loaded Plugin CharacterAI, From D:/UE4/UE_4.14/Engine/Plugins/Experimental/CharacterAI/CharacterAI.uplugin
LogPluginManager: Loaded Plugin CodeEditor, From D:/UE4/UE_4.14/Engine/Plugins/Experimental/CodeEditor/CodeEditor.uplugin
LogPluginManager: Loaded Plugin CodeView, From D:/UE4/UE_4.14/Engine/Plugins/Experimental/CodeView/CodeView.uplugin
LogPluginManager: Loaded Plugin HTML5Networking, From D:/UE4/UE_4.14/Engine/Plugins/Experimental/HTML5Networking/HTML5Networking.uplugin
LogPluginManager: Loaded Plugin OSVR, From D:/UE4/UE_4.14/Engine/Plugins/Experimental/OSVR/OSVR.uplugin
LogPluginManager: Loaded Plugin Phya, From D:/UE4/UE_4.14/Engine/Plugins/Experimental/Phya/Phya.uplugin
LogPluginManager: Loaded Plugin SignificanceManager, From D:/UE4/UE_4.14/Engine/Plugins/Experimental/SignificanceManager/SignificanceManager.uplugin
LogPluginManager: Loaded Plugin SimpleHMD, From D:/UE4/UE_4.14/Engine/Plugins/Experimental/SimpleHMD/SimpleHMD.uplugin
LogPluginManager: Loaded Plugin StereoPanorama, From D:/UE4/UE_4.14/Engine/Plugins/Experimental/StereoPanorama/StereoPanorama.uplugin
LogPluginManager: Loaded Plugin StructBox, From D:/UE4/UE_4.14/Engine/Plugins/Experimental/StructBox/StructBox.uplugin
LogPluginManager: Loaded Plugin AndroidMedia, From D:/UE4/UE_4.14/Engine/Plugins/Media/AndroidMedia/AndroidMedia.uplugin
LogPluginManager: Loaded Plugin AvfMedia, From D:/UE4/UE_4.14/Engine/Plugins/Media/AvfMedia/AvfMedia.uplugin
LogPluginManager: Loaded Plugin MediaPlayerEditor, From D:/UE4/UE_4.14/Engine/Plugins/Media/MediaPlayerEditor/MediaPlayerEditor.uplugin
LogPluginManager: Loaded Plugin WmfMedia, From D:/UE4/UE_4.14/Engine/Plugins/Media/WmfMedia/WmfMedia.uplugin
LogPluginManager: Loaded Plugin MessagingDebugger, From D:/UE4/UE_4.14/Engine/Plugins/Messaging/MessagingDebugger/MessagingDebugger.uplugin
LogPluginManager: Loaded Plugin TcpMessaging, From D:/UE4/UE_4.14/Engine/Plugins/Messaging/TcpMessaging/TcpMessaging.uplugin
LogPluginManager: Loaded Plugin UdpMessaging, From D:/UE4/UE_4.14/Engine/Plugins/Messaging/UdpMessaging/UdpMessaging.uplugin
LogPluginManager: Loaded Plugin LevelSequenceEditor, From D:/UE4/UE_4.14/Engine/Plugins/MovieScene/LevelSequenceEditor/LevelSequenceEditor.uplugin
LogPluginManager: Loaded Plugin MatineeToLevelSequence, From D:/UE4/UE_4.14/Engine/Plugins/MovieScene/MatineeToLevelSequence/MatineeToLevelSequence.uplugin
LogPluginManager: Loaded Plugin NetcodeUnitTest, From D:/UE4/UE_4.14/Engine/Plugins/NetcodeUnitTest/NetcodeUnitTest/NetcodeUnitTest.uplugin
LogPluginManager: Loaded Plugin NUTUnrealEngine4, From D:/UE4/UE_4.14/Engine/Plugins/NetcodeUnitTest/NUTUnrealEngine4/NUTUnrealEngine4.uplugin
LogPluginManager: Loaded Plugin OnlineSubsystemGameCircle, From D:/UE4/UE_4.14/Engine/Plugins/Online/Android/OnlineSubsystemGameCircle/OnlineSubsystemGameCircle.uplugin
LogPluginManager: Loaded Plugin OnlineSubsystemGooglePlay, From D:/UE4/UE_4.14/Engine/Plugins/Online/Android/OnlineSubsystemGooglePlay/OnlineSubsystemGooglePlay.uplugin
LogPluginManager: Loaded Plugin OnlineSubsystemIOS, From D:/UE4/UE_4.14/Engine/Plugins/Online/IOS/OnlineSubsystemIOS/OnlineSubsystemIOS.uplugin
LogPluginManager: Loaded Plugin OnlineFramework, From D:/UE4/UE_4.14/Engine/Plugins/Online/OnlineFramework/OnlineFramework.uplugin
LogPluginManager: Loaded Plugin OnlineSubsystem, From D:/UE4/UE_4.14/Engine/Plugins/Online/OnlineSubsystem/OnlineSubsystem.uplugin
LogPluginManager: Loaded Plugin OnlineSubsystemAmazon, From D:/UE4/UE_4.14/Engine/Plugins/Online/OnlineSubsystemAmazon/OnlineSubsystemAmazon.uplugin
LogPluginManager: Loaded Plugin OnlineSubsystemFacebook, From D:/UE4/UE_4.14/Engine/Plugins/Online/OnlineSubsystemFacebook/OnlineSubsystemFacebook.uplugin
LogPluginManager: Loaded Plugin OnlineSubsystemNull, From D:/UE4/UE_4.14/Engine/Plugins/Online/OnlineSubsystemNull/OnlineSubsystemNull.uplugin
LogPluginManager: Loaded Plugin OnlineSubsystemOculus, From D:/UE4/UE_4.14/Engine/Plugins/Online/OnlineSubsystemOculus/OnlineSubsystemOculus.uplugin
LogPluginManager: Loaded Plugin OnlineSubsystemSteam, From D:/UE4/UE_4.14/Engine/Plugins/Online/OnlineSubsystemSteam/OnlineSubsystemSteam.uplugin
LogPluginManager: Loaded Plugin OnlineSubsystemUtils, From D:/UE4/UE_4.14/Engine/Plugins/Online/OnlineSubsystemUtils/OnlineSubsystemUtils.uplugin
LogPluginManager: Loaded Plugin IOSTapJoy, From D:/UE4/UE_4.14/Engine/Plugins/Runtime/Advertising/IOSTapJoy/IOSTapJoy.uplugin
LogPluginManager: Loaded Plugin AnalyticsBlueprintLibrary, From D:/UE4/UE_4.14/Engine/Plugins/Runtime/Analytics/AnalyticsBlueprintLibrary/AnalyticsBlueprintLibrary.uplugin
LogPluginManager: Loaded Plugin AnalyticsMulticast, From D:/UE4/UE_4.14/Engine/Plugins/Runtime/Analytics/AnalyticsMulticast/AnalyticsMulticast.uplugin
LogPluginManager: Loaded Plugin Apsalar, From D:/UE4/UE_4.14/Engine/Plugins/Runtime/Analytics/Apsalar/Apsalar.uplugin
LogPluginManager: Loaded Plugin FileLogging, From D:/UE4/UE_4.14/Engine/Plugins/Runtime/Analytics/FileLogging/FileLogging.uplugin
LogPluginManager: Loaded Plugin Flurry, From D:/UE4/UE_4.14/Engine/Plugins/Runtime/Analytics/Flurry/Flurry.uplugin
LogPluginManager: Loaded Plugin AndroidDeviceProfileSelector, From D:/UE4/UE_4.14/Engine/Plugins/Runtime/AndroidDeviceProfileSelector/AndroidDeviceProfileSelector.uplugin
LogPluginManager: Loaded Plugin AndroidMoviePlayer, From D:/UE4/UE_4.14/Engine/Plugins/Runtime/AndroidMoviePlayer/AndroidMoviePlayer.uplugin
LogPluginManager: Loaded Plugin AppleMoviePlayer, From D:/UE4/UE_4.14/Engine/Plugins/Runtime/AppleMoviePlayer/AppleMoviePlayer.uplugin
LogPluginManager: Loaded Plugin ArchVisCharacter, From D:/UE4/UE_4.14/Engine/Plugins/Runtime/ArchVisCharacter/ArchVisCharacter.uplugin
LogPluginManager: Loaded Plugin CableComponent, From D:/UE4/UE_4.14/Engine/Plugins/Runtime/CableComponent/CableComponent.uplugin
LogPluginManager: Loaded Plugin CustomMeshComponent, From D:/UE4/UE_4.14/Engine/Plugins/Runtime/CustomMeshComponent/CustomMeshComponent.uplugin
LogPluginManager: Loaded Plugin ExampleDeviceProfileSelector, From D:/UE4/UE_4.14/Engine/Plugins/Runtime/ExampleDeviceProfileSelector/ExampleDeviceProfileSelector.uplugin
LogPluginManager: Loaded Plugin GearVR, From D:/UE4/UE_4.14/Engine/Plugins/Runtime/GearVR/GearVR.uplugin
LogPluginManager: Loaded Plugin GoogleVRController, From D:/UE4/UE_4.14/Engine/Plugins/Runtime/GoogleVR/GoogleVRController/GoogleVRController.uplugin
LogPluginManager: Loaded Plugin GoogleVRHMD, From D:/UE4/UE_4.14/Engine/Plugins/Runtime/GoogleVR/GoogleVRHMD/GoogleVRHMD.uplugin
LogPluginManager: Loaded Plugin IOSDeviceProfileSelector, From D:/UE4/UE_4.14/Engine/Plugins/Runtime/IOSDeviceProfileSelector/IOSDeviceProfileSelector.uplugin
LogPluginManager: Loaded Plugin LeapMotion, From D:/UE4/UE_4.14/Engine/Plugins/Runtime/LeapMotion/LeapMotion.uplugin
LogPluginManager: Loaded Plugin LinuxDeviceProfileSelector, From D:/UE4/UE_4.14/Engine/Plugins/Runtime/LinuxDeviceProfileSelector/LinuxDeviceProfileSelector.uplugin
LogPluginManager: Loaded Plugin MIDIDevice, From D:/UE4/UE_4.14/Engine/Plugins/Runtime/MIDIDevice/MIDIDevice.uplugin
LogPluginManager: Loaded Plugin MobilePatchingUtils, From D:/UE4/UE_4.14/Engine/Plugins/Runtime/MobilePatchingUtils/MobilePatchingUtils.uplugin
LogPluginManager: Loaded Plugin Ansel, From D:/UE4/UE_4.14/Engine/Plugins/Runtime/Nvidia/Ansel/Ansel.uplugin
LogPluginManager: Loaded Plugin OculusAudio, From D:/UE4/UE_4.14/Engine/Plugins/Runtime/OculusAudio/OculusAudio.uplugin
LogPluginManager: Loaded Plugin OculusInput, From D:/UE4/UE_4.14/Engine/Plugins/Runtime/OculusInput/OculusInput.uplugin
LogPluginManager: Loaded Plugin OculusLibrary, From D:/UE4/UE_4.14/Engine/Plugins/Runtime/OculusLibrary/OculusLibrary.uplugin
LogPluginManager: Loaded Plugin OculusRift, From D:/UE4/UE_4.14/Engine/Plugins/Runtime/OculusRift/OculusRift.uplugin
LogPluginManager: Loaded Plugin Oodle, From D:/UE4/UE_4.14/Engine/Plugins/Runtime/PacketHandlers/CompressionComponents/Oodle/Oodle.uplugin
LogPluginManager: Loaded Plugin ProceduralMeshComponent, From D:/UE4/UE_4.14/Engine/Plugins/Runtime/ProceduralMeshComponent/ProceduralMeshComponent.uplugin
LogPluginManager: Loaded Plugin SoundMod, From D:/UE4/UE_4.14/Engine/Plugins/Runtime/SoundMod/SoundMod.uplugin
LogPluginManager: Loaded Plugin SoundVisualizations, From D:/UE4/UE_4.14/Engine/Plugins/Runtime/SoundVisualizations/SoundVisualizations.uplugin
LogPluginManager: Loaded Plugin SteamController, From D:/UE4/UE_4.14/Engine/Plugins/Runtime/Steam/SteamController/SteamController.uplugin
LogPluginManager: Loaded Plugin SteamVR, From D:/UE4/UE_4.14/Engine/Plugins/Runtime/Steam/SteamVR/SteamVR.uplugin
LogPluginManager: Loaded Plugin WebBrowserWidget, From D:/UE4/UE_4.14/Engine/Plugins/Runtime/WebBrowserWidget/WebBrowserWidget.uplugin
LogPluginManager: Loaded Plugin WindowsDeviceProfileSelector, From D:/UE4/UE_4.14/Engine/Plugins/Runtime/WindowsDeviceProfileSelector/WindowsDeviceProfileSelector.uplugin
LogPluginManager: Loaded Plugin WindowsMoviePlayer, From D:/UE4/UE_4.14/Engine/Plugins/Runtime/WindowsMoviePlayer/WindowsMoviePlayer.uplugin
LogPluginManager: Loaded Plugin ScriptPlugin, From D:/UE4/UE_4.14/Engine/Plugins/ScriptPlugin/ScriptPlugin.uplugin
LogPluginManager: Loaded Plugin SlateRemote, From D:/UE4/UE_4.14/Engine/Plugins/Slate/SlateRemote/SlateRemote.uplugin
LogPluginManager: Loaded Plugin EditorTests, From D:/UE4/UE_4.14/Engine/Plugins/Tests/EditorTests/EditorTests.uplugin
LogPluginManager: Loaded Plugin FbxAutomationTestBuilder, From D:/UE4/UE_4.14/Engine/Plugins/Tests/FbxAutomationTestBuilder/FbxAutomationTestBuilder.uplugin
LogPluginManager: Loaded Plugin FunctionalTestingEditor, From D:/UE4/UE_4.14/Engine/Plugins/Tests/FunctionalTestingEditor/FunctionalTestingEditor.uplugin
LogPluginManager: Loaded Plugin RuntimeTests, From D:/UE4/UE_4.14/Engine/Plugins/Tests/RuntimeTests/RuntimeTests.uplugin
LogPluginManager: Loaded Plugin ScreenshotTools, From D:/UE4/UE_4.14/Engine/Plugins/Tests/ScreenshotTools/ScreenshotTools.uplugin
LogInit: Using libcurl 7.47.1
LogInit:  - built for x86_64-pc-win32
LogInit:  - supports SSL with OpenSSL/1.0.2g
LogInit:  - supports HTTP deflate (compression) using libz 1.2.8
LogInit:  - other features:
LogInit:      CURL_VERSION_SSL
LogInit:      CURL_VERSION_LIBZ
LogInit:      CURL_VERSION_IPV6
LogInit:      CURL_VERSION_ASYNCHDNS
LogInit:      CURL_VERSION_LARGEFILE
LogInit:      CURL_VERSION_IDN
LogInit:  CurlRequestOptions (configurable via config and command line):
LogInit:  - bVerifyPeer = false  - Libcurl will NOT verify peer certificate
LogInit:  - bUseHttpProxy = false  - Libcurl will NOT use HTTP proxy
LogInit:  - bDontReuseConnections = false  - Libcurl will reuse connections
LogInit:  - CertBundlePath = nullptr  - Libcurl will use whatever was configured at build time.
LogInit: Build: ++UE4+Release-4.14-CL-3249277
LogInit: Engine Version: 4.14.3-3249277+++UE4+Release-4.14
LogInit: Compatible Engine Version: 4.14.0-3195953+++UE4+Release-4.14
LogInit: Net CL: 3195953
LogDevObjectVersion: Number of dev versions registered: 13
LogDevObjectVersion:   Dev-Blueprints (B0D832E4-1F89-4F0D-ACCF-7EB736FD4AA2): 7
LogDevObjectVersion:   Dev-Build (E1C64328-A22C-4D53-A36C-8E866417BD8C): 0
LogDevObjectVersion:   Dev-Core (375EC13C-06E4-48FB-B500-84F0262A717E): 1
LogDevObjectVersion:   Dev-Editor (E4B068ED-F494-42E9-A231-DA0B2E46BB41): 8
LogDevObjectVersion:   Dev-Framework (CFFC743F-43B0-4480-9391-14DF171D2073): 17
LogDevObjectVersion:   Dev-Mobile (B02B49B5-BB20-44E9-A304-32B752E40360): 0
LogDevObjectVersion:   Dev-Networking (A4E4105C-59A1-49B5-A7C5-40C4547EDFEE): 0
LogDevObjectVersion:   Dev-Online (39C831C9-5AE6-47DC-9A44-9C173E1C8E7C): 0
LogDevObjectVersion:   Dev-Physics (78F01B33-EBEA-4F98-B9B4-84EACCB95AA2): 0
LogDevObjectVersion:   Dev-Platform (6631380F-2D4D-43E0-8009-CF276956A95A): 0
LogDevObjectVersion:   Dev-Rendering (12F88B9F-8875-4AFC-A67C-D90C383ABD29): 12
LogDevObjectVersion:   Dev-Sequencer (7B5AE74C-D270-4C10-A958-57980B212A5A): 1
LogDevObjectVersion:   Dev-VR (D7296918-1DD6-4BDD-9DE2-64A83CC13884): 0
LogInit: Compiled (64-bit): Jan  6 2017 10:49:43
LogInit: Compiled with Visual C++: 19.00.23026.00
LogInit: Build Configuration: Development
LogInit: Branch Name: ++UE4+Release-4.14
LogInit: Command line:  
LogInit: Base directory: D:/UE4/UE_4.14/Engine/Binaries/Win64/
LogInit: Installed Engine Build: 1
LogInit: Presizing for max 8388607 objects, including 0 objects not considered by GC, pre-allocating 0 bytes for permanent pool.
LogInit: Object subsystem initialized
[2017.03.04-04.03.41:519][  0]LogInit: Selected Device Profile: [Windows]
[2017.03.04-04.03.41:519][  0]LogInit: Applying CVar settings loaded from the selected device profile: [Windows]
[2017.03.04-04.03.41:533][  0]LogInit: Computer: NATHAN-PC
[2017.03.04-04.03.41:534][  0]LogInit: User: nathan
[2017.03.04-04.03.41:534][  0]LogInit: CPU Page size=65536, Cores=4
[2017.03.04-04.03.41:534][  0]LogInit: High frequency timer resolution =3.897829 MHz
[2017.03.04-04.03.41:534][  0]LogMemory: Memory total: Physical=16.0GB (16GB approx)
[2017.03.04-04.03.41:534][  0]LogMemory: Platform Memory Stats for Windows
[2017.03.04-04.03.41:534][  0]LogMemory: Process Physical Memory: 269.57 MB used, 269.57 MB peak
[2017.03.04-04.03.41:534][  0]LogMemory: Process Virtual Memory: 263.09 MB used, 263.09 MB peak
[2017.03.04-04.03.41:534][  0]LogMemory: Physical Memory: 5513.52 MB used,  10828.18 MB free, 16341.69 MB total
[2017.03.04-04.03.41:534][  0]LogMemory: Virtual Memory: 696.59 MB used,  10828.18 MB free, 134217728.00 MB total
[2017.03.04-04.03.41:569][  0]LogTextLocalizationManager: No specific translations for ('en-US') exist, so ('en') translations will be used.
[2017.03.04-04.03.42:287][  0]LogD3D11RHI: D3D11 adapters:
[2017.03.04-04.03.42:777][  0]LogD3D11RHI:    0. 'NVIDIA GeForce GTX 960' (Feature Level 11_0)
[2017.03.04-04.03.42:777][  0]LogD3D11RHI:       4061/0/8170 MB DedicatedVideo/DedicatedSystem/SharedSystem, Outputs:2, VendorId:0x10de
[2017.03.04-04.03.42:779][  0]LogD3D11RHI:    1. 'Microsoft Basic Render Driver' (Feature Level 11_0)
[2017.03.04-04.03.42:779][  0]LogD3D11RHI:       0/0/8170 MB DedicatedVideo/DedicatedSystem/SharedSystem, Outputs:0, VendorId:0x1414
[2017.03.04-04.03.42:779][  0]LogD3D11RHI: Chosen D3D11 Adapter: 0
[2017.03.04-04.03.42:786][  0]LogD3D11RHI: Creating new Direct3DDevice
[2017.03.04-04.03.42:786][  0]LogD3D11RHI:     GPU DeviceId: 0x1401 (for the marketing name, search the web for "GPU Device Id")
[2017.03.04-04.03.42:786][  0]LogWindows: EnumDisplayDevices:
[2017.03.04-04.03.42:786][  0]LogWindows:    0. 'NVIDIA GeForce GTX 960' (P:1 D:1)
[2017.03.04-04.03.42:786][  0]LogWindows:    1. 'NVIDIA GeForce GTX 960' (P:0 D:1)
[2017.03.04-04.03.42:787][  0]LogWindows:    2. 'NVIDIA GeForce GTX 960' (P:0 D:0)
[2017.03.04-04.03.42:787][  0]LogWindows:    3. 'NVIDIA GeForce GTX 960' (P:0 D:0)
[2017.03.04-04.03.42:787][  0]LogWindows: DebugString: FoundDriverCount:4 
[2017.03.04-04.03.42:787][  0]LogD3D11RHI:     Adapter Name: NVIDIA GeForce GTX 960
[2017.03.04-04.03.42:787][  0]LogD3D11RHI:   Driver Version: 376.53 (internal:21.21.13.7653, unified:376.53)
[2017.03.04-04.03.42:787][  0]LogD3D11RHI:      Driver Date: 12-29-2016
[2017.03.04-04.03.42:787][  0]LogRHI: Texture pool is 1361 MB (70% of 1945 MB)
[2017.03.04-04.03.43:256][  0]LogD3D11RHI: Async texture creation enabled
[2017.03.04-04.03.43:327][  0]LogD3D11RHI: GPU Timing Frequency: 1000.000000 (Debug: 2 1)
[2017.03.04-04.03.43:327][  0]LogShaderCompilers: Guid format shader working directory is 5 characters bigger than the processId version (C:/Users/nathan/Desktop/ChimeraGames/Abyss/Intermediate/Shaders/WorkingDirectory/3260/).
[2017.03.04-04.03.43:327][  0]LogShaderCompilers: Cleaned the shader compiler working directory 'C:/Users/nathan/AppData/Local/Temp/UnrealShaderWorkingDir/6ACB9AD4400FA2515B0B9CAFC1065A45/'.
[2017.03.04-04.03.43:327][  0]LogShaderCompilers:Display: Using Local Shader Compiler.
[2017.03.04-04.03.44:631][  0]LogTemp:Display: Loaded TP AllDesktopTargetPlatform
[2017.03.04-04.03.44:687][  0]LogTemp:Display: Loaded TP MacClientTargetPlatform
[2017.03.04-04.03.44:744][  0]LogTemp:Display: Loaded TP MacNoEditorTargetPlatform
[2017.03.04-04.03.44:801][  0]LogTemp:Display: Loaded TP MacServerTargetPlatform
[2017.03.04-04.03.44:858][  0]LogTemp:Display: Loaded TP MacTargetPlatform
[2017.03.04-04.03.44:915][  0]LogTemp:Display: Loaded TP WindowsClientTargetPlatform
[2017.03.04-04.03.44:972][  0]LogTemp:Display: Loaded TP WindowsNoEditorTargetPlatform
[2017.03.04-04.03.45:029][  0]LogTemp:Display: Loaded TP WindowsServerTargetPlatform
[2017.03.04-04.03.45:072][  0]LogTemp:Display: Loaded TP WindowsTargetPlatform
[2017.03.04-04.03.45:128][  0]LogTemp:Display: Loaded TP AndroidTargetPlatform
[2017.03.04-04.03.45:186][  0]LogTemp:Display: Loaded TP Android_ASTCTargetPlatform
[2017.03.04-04.03.45:243][  0]LogTemp:Display: Loaded TP Android_ATCTargetPlatform
[2017.03.04-04.03.45:299][  0]LogTemp:Display: Loaded TP Android_DXTTargetPlatform
[2017.03.04-04.03.45:355][  0]LogTemp:Display: Loaded TP Android_ETC1TargetPlatform
[2017.03.04-04.03.45:412][  0]LogTemp:Display: Loaded TP Android_ETC2TargetPlatform
[2017.03.04-04.03.45:527][  0]LogTemp:Display: Loaded TP Android_MultiTargetPlatform
[2017.03.04-04.03.45:527][  0]LogTemp:Display: Loaded TP Android_PVRTCTargetPlatform
[2017.03.04-04.03.45:562][  0]LogTemp:Display: Loaded TP HTML5TargetPlatform
[2017.03.04-04.03.45:647][  0]LogTemp:Display: Loaded TP IOSTargetPlatform
[2017.03.04-04.03.45:686][  0]LogTemp:Display: Loaded TP TVOSTargetPlatform
[2017.03.04-04.03.45:742][  0]LogTemp:Display: Loaded TP LinuxClientTargetPlatform
[2017.03.04-04.03.45:799][  0]LogTemp:Display: Loaded TP LinuxNoEditorTargetPlatform
[2017.03.04-04.03.45:855][  0]LogTemp:Display: Loaded TP LinuxServerTargetPlatform
[2017.03.04-04.03.45:911][  0]LogTemp:Display: Loaded TP LinuxTargetPlatform
[2017.03.04-04.03.45:911][  0]LogTargetPlatformManager:Display: Building Assets For Windows
[2017.03.04-04.03.46:256][  0]LogDerivedDataCache:Display: Max Cache Size: 512 MB
[2017.03.04-04.03.46:351][  0]LogDerivedDataCache: Loaded boot cache 0.10s 52MB C:/Users/nathan/AppData/Local/UnrealEngine/4.14/DerivedDataCache/Boot.ddc.
[2017.03.04-04.03.46:351][  0]LogDerivedDataCache:Display: Loaded Boot cache: C:/Users/nathan/AppData/Local/UnrealEngine/4.14/DerivedDataCache/Boot.ddc
[2017.03.04-04.03.46:352][  0]LogDerivedDataCache: FDerivedDataBackendGraph:  Pak pak cache file C:/Users/nathan/Desktop/ChimeraGames/Abyss/DerivedDataCache/DDC.ddp not found, will not use a pak cache.
[2017.03.04-04.03.46:352][  0]LogDerivedDataCache: Unable to find inner node Pak for hierarchical cache Hierarchy.
[2017.03.04-04.03.46:352][  0]LogDerivedDataCache: FDerivedDataBackendGraph:  CompressedPak pak cache file C:/Users/nathan/Desktop/ChimeraGames/Abyss/DerivedDataCache/Compressed.ddp not found, will not use a pak cache.
[2017.03.04-04.03.46:352][  0]LogDerivedDataCache: Unable to find inner node CompressedPak for hierarchical cache Hierarchy.
[2017.03.04-04.03.46:373][  0]LogDerivedDataCache:Display: Pak cache opened for reading ../../../Engine/DerivedDataCache/Compressed.ddp.
[2017.03.04-04.03.46:386][  0]LogDerivedDataCache: Using Local data cache path C:/Users/nathan/AppData/Local/UnrealEngine/Common/DerivedDataCache: Writable
[2017.03.04-04.03.46:649][  0]LogInit: Selected Device Profile: [Windows]
[2017.03.04-04.03.46:653][  0]LogContentStreaming: Texture pool size is 0.00 MB
[2017.03.04-04.03.46:857][  0]LogMeshUtilities: Using QuadricMeshReduction for automatic static mesh reduction
[2017.03.04-04.03.46:896][  0]LogSimplygon: Simplygon DLL not present - disabling.
[2017.03.04-04.03.46:936][  0]LogMeshUtilities: Using SimplygonSwarm for distributed automatic mesh merging
[2017.03.04-04.03.46:936][  0]LogMeshUtilities: No automatic skeletal mesh reduction module available
[2017.03.04-04.03.46:936][  0]LogMeshUtilities: No automatic mesh merging module available
[2017.03.04-04.03.47:576][  0]LogNetVersion: GetLocalNetworkVersion: CL: 3195953, ProjectName: abyss, ProjectVersion: , EngineNetworkVersion: 2, GameNetworkVersion: 0, NetworkChecksum: 1595127573
[2017.03.04-04.03.47:634][  0]LogAssetRegistry: FAssetRegistry took 0.0215 seconds to start up
[2017.03.04-04.03.47:689][  0]LogPackageLocalizationCache: Processed 3 localized package path(s) for 2 prioritized culture(s) in 0.030842 seconds
[2017.03.04-04.03.47:695][  0]LogUObjectArray: 31890 objects as part of root set at end of initial load.
[2017.03.04-04.03.47:695][  0]LogUObjectAllocator: 6922376 out of 0 bytes used by permanent object pool.
[2017.03.04-04.03.47:695][  0]LogUObjectArray: CloseDisregardForGC: 0/0 objects in disregard for GC pool
[2017.03.04-04.03.47:747][  0]LogInit: WinSock: version 1.1 (2.2), MaxSocks=32767, MaxUdp=65467
[2017.03.04-04.03.48:469][  0]LogSlate: Using Freetype 2.6.0
[2017.03.04-04.03.48:469][  0]LogSlate: SlateFontCache - WITH_FREETYPE: 1, WITH_HARFBUZZ: 1
[2017.03.04-04.03.48:469][  0]LogSlate: SlateFontCache - WITH_FREETYPE: 1, WITH_HARFBUZZ: 1
[2017.03.04-04.03.49:580][  0]LogMaterial: Uniform references updated for custom material expression Custom.
[2017.03.04-04.03.49:938][  0]SourceControl: Info Source control is disabled
[2017.03.04-04.03.49:938][  0]SourceControl: Info Source control is disabled
[2017.03.04-04.03.49:978][  0]SourceControl: Info Source control is disabled
[2017.03.04-04.03.50:018][  0]SourceControl: Info Source control is disabled
[2017.03.04-04.03.50:894][  0]LogEngine: Initializing Engine...
[2017.03.04-04.03.51:140][  0]LogAIModule: Creating AISystem for world Untitled
[2017.03.04-04.03.51:156][  0]LogInit: XAudio2 using 'Speakers (Realtek High Definition Audio)' : 2 channels at 48 kHz using 32 bits per sample (channel mask 0x3)
[2017.03.04-04.03.51:176][  0]LogInit: FAudioDevice initialized.
[2017.03.04-04.03.51:225][  0]LogDerivedDataCache: Saved boot cache 0.05s 50MB C:/Users/nathan/AppData/Local/UnrealEngine/4.14/DerivedDataCache/Boot.ddc.
[2017.03.04-04.03.51:242][  0]LogInit: Texture streaming: Enabled
[2017.03.04-04.03.51:408][  0]LogInit: Transaction tracking system initialized
[2017.03.04-04.03.51:713][  0]BlueprintLog: New page: Editor Load
[2017.03.04-04.03.52:505][  0]LocalizationService: Info Localization service is disabled
[2017.03.04-04.03.52:820][  0]LogModuleManager:Warning: No filename provided for module TcpMessaging
[2017.03.04-04.03.52:820][  0]LogModuleManager:Warning: ModuleManager: Unable to load module 'TcpMessaging' because the file 'D:/UE4/UE_4.14/Engine/Binaries/Win64/' was not found.
[2017.03.04-04.03.53:095][  0]LogConsoleResponse:Display: 
[2017.03.04-04.03.53:244][  0]LogCook:Display: Max memory allowance for cook 16384mb min free memory 0mb
[2017.03.04-04.03.53:244][  0]LogCook:Display: Mobile HDR setting 1
[2017.03.04-04.03.53:692][  0]LogFileCache: Scanning file cache for directory 'C:/Users/nathan/Desktop/ChimeraGames/Abyss/Content/' took 0.01s
[2017.03.04-04.03.53:961][  0]SourceControl: Info Source control is disabled
[2017.03.04-04.03.53:962][  0]Cmd: MAP LOAD FILE="C:/Users/nathan/Desktop/ChimeraGames/Abyss/Content/Maps-Levels/Fort/Fort_Exploration.umap" TEMPLATE=0 SHOWPROGRESS=1 FEATURELEVEL=3
[2017.03.04-04.03.53:962][  0]LightingResults: New page: Lighting Build
[2017.03.04-04.03.53:997][  0]MapCheck: New page: Map Check
[2017.03.04-04.03.53:997][  0]LightingResults: New page: Lighting Build
[2017.03.04-04.03.54:980][  0]LogAIModule: Creating AISystem for world Fort_Exploration
[2017.03.04-04.03.54:993][  0]LogEditorServer: Finished looking for orphan Actors (0.000 secs)
[2017.03.04-04.03.54:994][  0]Cmd: MAP CHECKDEP NOCLEARLOG
[2017.03.04-04.03.55:048][  0]MapCheck: Info Map check complete: 0 Error(s), 0 Warning(s), took 53.944ms to complete.
[2017.03.04-04.03.55:048][  0]LogFileHelpers: Loading map 'Fort_Exploration' took 1.087
[2017.03.04-04.03.55:174][  0]LogWindowsTextInputMethodSystem:Display: IME system now deactivated.
[2017.03.04-04.03.55:317][  0]LogCollectionManager: Loaded 0 collections in 0.001081 seconds
[2017.03.04-04.03.55:406][  0]LogFileCache: Scanning file cache for directory 'C:/Users/nathan/Desktop/ChimeraGames/Abyss/Saved/Collections/' took 0.01s
[2017.03.04-04.03.55:406][  0]LogFileCache: Scanning file cache for directory 'C:/Users/nathan/Desktop/ChimeraGames/Abyss/Content/Developers/nathan/Collections/' took 0.01s
[2017.03.04-04.03.55:406][  0]LogFileCache: Scanning file cache for directory 'C:/Users/nathan/Desktop/ChimeraGames/Abyss/Content/Collections/' took 0.01s
[2017.03.04-04.03.55:406][  0]LogCollectionManager: Rebuilt the GUID cache for 0 collections in 0.000002 seconds
[2017.03.04-04.03.55:419][  0]LogContentBrowser: Native class hierarchy populated in 0.0134 seconds. Added 2178 classes and 401 folders.
[2017.03.04-04.03.55:458][  0]LogStats: UGameplayTagsManager::ConstructGameplayTagTree: Construct from data asset -  0.000 s
[2017.03.04-04.03.55:458][  0]LogStats: UGameplayTagsManager::ConstructGameplayTagTree: GameplayTagTreeChangedEvent.Broadcast -  0.000 s
[2017.03.04-04.03.55:459][  0]LogContentBrowser: Native class hierarchy updated for 'GameplayTags' in 0.0008 seconds. Added 13 classes and 0 folders.
[2017.03.04-04.03.55:512][  0]LogContentBrowser: Native class hierarchy updated for 'WidgetCarousel' in 0.0006 seconds. Added 0 classes and 0 folders.
[2017.03.04-04.03.55:559][  0]LogContentBrowser: Native class hierarchy updated for 'AddContentDialog' in 0.0007 seconds. Added 0 classes and 0 folders.
[2017.03.04-04.03.55:597][  0]LogContentBrowser: Native class hierarchy updated for 'SceneOutliner' in 0.0006 seconds. Added 1 classes and 2 folders.
[2017.03.04-04.03.55:684][  0]LogCrashTracker: Crashtracker disabled due to settings.
[2017.03.04-04.03.55:694][  0]LogUObjectGlobals:Warning: Failed to find object 'Class None.'
[2017.03.04-04.03.55:759][  0]LogContentBrowser: Native class hierarchy updated for 'HierarchicalLODOutliner' in 0.0008 seconds. Added 1 classes and 2 folders.
[2017.03.04-04.03.55:759][  0]LogLoad: (Engine Initialization) Total time: 18.15 seconds
[2017.03.04-04.03.55:759][  0]LogLoad: (Engine Initialization) Total Blueprint compile time: 0.40 seconds
[2017.03.04-04.03.55:759][  0]LogExternalProfiler: Found external profiler: VSPerf
[2017.03.04-04.03.55:759][  0]LogExternalProfiler: Using external profiler: VSPerf
[2017.03.04-04.03.55:789][  0]LogContentStreaming: Texture pool size now 1000 MB
[2017.03.04-04.03.55:962][  0]LogRenderer: Reallocating scene render targets to support 1036x476 NumSamples 1 (Frame:2).
[2017.03.04-04.03.56:055][  1]LogAssetRegistry: Asset discovery search completed in 8.4418 seconds
[2017.03.04-04.03.56:055][  1]LogCollectionManager: Rebuilt the object cache for 0 collections in 0.000001 seconds (found 0 objects)
[2017.03.04-04.03.56:055][  1]LogCollectionManager: Fixed up redirectors for 0 collections in 0.000018 seconds (updated 0 objects)
[2017.03.04-04.03.57:597][ 82]LogContentBrowser: Native class hierarchy updated for 'BlueprintGraph' in 0.0012 seconds. Added 111 classes and 0 folders.
[2017.03.04-04.04.02:577][523]LogTemp: Repeting last play command: Selected Viewport
[2017.03.04-04.04.02:621][523]LogBlueprintUserMessages: Early PlayInEditor Detection: Level '/Game/Maps-Levels/Fort/Fort_Exploration.Fort_Exploration:PersistentLevel' has LevelScriptBlueprint '/Game/Maps-Levels/Fort/Fort_Exploration.Fort_Exploration:PersistentLevel.Fort_Exploration' with GeneratedClass '/Game/Maps-Levels/Fort/Fort_Exploration.Fort_Exploration_C' with ClassGeneratedBy '/Game/Maps-Levels/Fort/Fort_Exploration.Fort_Exploration:PersistentLevel.Fort_Exploration'
[2017.03.04-04.04.02:621][523]LogPlayLevel: PlayLevel: No blueprints needed recompiling
[2017.03.04-04.04.02:621][523]PIE: New page: PIE session: Fort_Exploration (Mar 3, 2017, 6:04:02 PM)
[2017.03.04-04.04.02:622][523]LogPlayLevel: Creating play world package: /Game/Maps-Levels/Fort/UEDPIE_0_Fort_Exploration
[2017.03.04-04.04.02:624][523]LogPlayLevel: PIE: StaticDuplicateObject took: (0.002504s)
[2017.03.04-04.04.02:625][523]LogAIModule: Creating AISystem for world Fort_Exploration
[2017.03.04-04.04.02:625][523]LogPlayLevel: PIE: World Init took: (0.000952s)
[2017.03.04-04.04.02:625][523]LogPlayLevel: PIE: Created PIE world by copying editor world from /Game/Maps-Levels/Fort/Fort_Exploration.Fort_Exploration to /Game/Maps-Levels/Fort/UEDPIE_0_Fort_Exploration.Fort_Exploration (0.003698s)
[2017.03.04-04.04.02:684][523]LogInit: XAudio2 using 'Speakers (Realtek High Definition Audio)' : 2 channels at 48 kHz using 32 bits per sample (channel mask 0x3)
[2017.03.04-04.04.02:700][523]LogInit: FAudioDevice initialized.
[2017.03.04-04.04.02:785][523]LogLoad: Game class is 'abyssExplorationMode_C'
[2017.03.04-04.04.02:789][523]LogWorld: Bringing World /Game/Maps-Levels/Fort/UEDPIE_0_Fort_Exploration.Fort_Exploration up for play (max tick rate 0) at 2017.03.03-23.04.02
[2017.03.04-04.04.02:789][523]LogWorld: Bringing up level for play took: 0.002301
[2017.03.04-04.04.02:827][523]LogContentBrowser: Native class hierarchy updated for 'MovieSceneCapture' in 0.0006 seconds. Added 11 classes and 0 folders.
[2017.03.04-04.04.02:832][523]PIE: Info Play in editor start time for /Game/Maps-Levels/Fort/UEDPIE_0_Fort_Exploration -0.759
[2017.03.04-04.04.02:833][523]LogBlueprintUserMessages: Late PlayInEditor Detection: Level '/Game/Maps-Levels/Fort/Fort_Exploration.Fort_Exploration:PersistentLevel' has LevelScriptBlueprint '/Game/Maps-Levels/Fort/Fort_Exploration.Fort_Exploration:PersistentLevel.Fort_Exploration' with GeneratedClass '/Game/Maps-Levels/Fort/Fort_Exploration.Fort_Exploration_C' with ClassGeneratedBy '/Game/Maps-Levels/Fort/Fort_Exploration.Fort_Exploration:PersistentLevel.Fort_Exploration'
[2017.03.04-04.04.02:860][523]LogRenderer: Reallocating scene render targets to support 1292x756 NumSamples 1 (Frame:86).
[2017.03.04-04.04.05:646][846]LogNet: Browse: /Game/Maps-Levels/Fort/Fort_Battle
[2017.03.04-04.04.05:646][846]LogLoad: LoadMap: /Game/Maps-Levels/Fort/Fort_Battle
[2017.03.04-04.04.05:672][846]Cmd: MEM
[2017.03.04-04.04.05:699][846]LogMemory: Platform Memory Stats for Windows
[2017.03.04-04.04.05:699][846]LogMemory: Process Physical Memory: 1116.35 MB used, 1121.89 MB peak
[2017.03.04-04.04.05:699][846]LogMemory: Process Virtual Memory: 1482.19 MB used, 1490.08 MB peak
[2017.03.04-04.04.05:699][846]LogMemory: Physical Memory: 6406.50 MB used,  9935.19 MB free, 16341.69 MB total
[2017.03.04-04.04.05:699][846]LogMemory: Virtual Memory: 2242.04 MB used,  9935.19 MB free, 134217728.00 MB total
[2017.03.04-04.04.05:699][846]LogMemory: 
[2017.03.04-04.04.05:699][846]Allocator Stats for TBB: (not implemented)
[2017.03.04-04.04.05:876][846]LogBlueprint:Warning: [Compiler PersistentLevel.Fort_Battle] Warning 'BS Enemy' does not inherit from 'BS Player' ( K2Node_DynamicCast_2  would always fail).
[2017.03.04-04.04.05:879][846]LogBlueprint:Warning: [Compiler PersistentLevel.Fort_Battle] Warning [0028.27] Compile of PersistentLevel.Fort_Battle successful, but with 1 Warning(s) [in 3 ms] (/Game/Maps-Levels/Fort/Fort_Battle.Fort_Battle:PersistentLevel.Fort_Battle)
[2017.03.04-04.04.05:879][846]LogBlueprint:Warning: [Compiler PersistentLevel.Fort_Battle] Warning [0028.27] Compile of PersistentLevel.Fort_Battle successful, but with 2 Warning(s) [in 0 ms] (/Game/Maps-Levels/Fort/Fort_Battle.Fort_Battle:PersistentLevel.Fort_Battle)
[2017.03.04-04.04.05:879][846]LogBlueprint:Warning: [Compiler PersistentLevel.Fort_Battle] Warning [0028.27] Compile of PersistentLevel.Fort_Battle successful, but with 3 Warning(s) [in 0 ms] (/Game/Maps-Levels/Fort/Fort_Battle.Fort_Battle:PersistentLevel.Fort_Battle)
[2017.03.04-04.04.05:881][846]LogBlueprint:Warning: [Compiler PersistentLevel.Fort_Battle] Warning 'BS Enemy' does not inherit from 'BS Player' ( K2Node_DynamicCast_2  would always fail).
[2017.03.04-04.04.05:883][846]LogBlueprint:Warning: [Compiler PersistentLevel.Fort_Battle] Warning [0028.27] Compile of PersistentLevel.Fort_Battle successful, but with 1 Warning(s) [in 3 ms] (/Game/Maps-Levels/Fort/Fort_Battle.Fort_Battle:PersistentLevel.Fort_Battle)
[2017.03.04-04.04.05:884][846]LogBlueprint:Warning: [Compiler PersistentLevel.Fort_Battle] Warning [0028.27] Compile of PersistentLevel.Fort_Battle successful, but with 2 Warning(s) [in 0 ms] (/Game/Maps-Levels/Fort/Fort_Battle.Fort_Battle:PersistentLevel.Fort_Battle)
[2017.03.04-04.04.05:884][846]LogBlueprint:Warning: [Compiler PersistentLevel.Fort_Battle] Warning [0028.27] Compile of PersistentLevel.Fort_Battle successful, but with 3 Warning(s) [in 0 ms] (/Game/Maps-Levels/Fort/Fort_Battle.Fort_Battle:PersistentLevel.Fort_Battle)
[2017.03.04-04.04.05:968][846]LogBlueprint:Warning: USimpleConstructionScript::FixupRootNodeParentReferences() - Couldn't find inherited parent component 'DefaultSceneRoot' for 'PaperSprite' in BlueprintGeneratedClass 'BS_Enemy_C' (it may have been removed)
[2017.03.04-04.04.05:982][846]LogStats: FPlatformStackWalk::StackWalkAndDump -  0.011 s
[2017.03.04-04.04.05:982][846]LogOutputDevice:Error: === Handled ensure: ===
[2017.03.04-04.04.05:982][846]LogOutputDevice:Error: 
[2017.03.04-04.04.05:982][846]LogOutputDevice:Error: Ensure condition failed: IsObjectValidForDatabase(AssetObject) [File:D:\Build\++UE4+Release-4.14+Compile\Sync\Engine\Source\Editor\BlueprintGraph\Private\BlueprintActionDatabase.cpp] [Line: 1263]
[2017.03.04-04.04.05:982][846]LogOutputDevice:Error: 
[2017.03.04-04.04.05:982][846]LogOutputDevice:Error: Stack: 
[2017.03.04-04.04.05:982][846]LogOutputDevice:Error: UE4Editor-Core.dll
[2017.03.04-04.04.05:983][846]LogOutputDevice:Error: UE4Editor-Core.dll
[2017.03.04-04.04.05:983][846]LogOutputDevice:Error: UE4Editor-Core.dll
[2017.03.04-04.04.05:983][846]LogOutputDevice:Error: UE4Editor-BlueprintGraph.dll
[2017.03.04-04.04.05:983][846]LogOutputDevice:Error: UE4Editor-BlueprintGraph.dll
[2017.03.04-04.04.05:983][846]LogOutputDevice:Error: UE4Editor-CoreUObject.dll
[2017.03.04-04.04.05:983][846]LogOutputDevice:Error: UE4Editor-CoreUObject.dll
[2017.03.04-04.04.05:983][846]LogOutputDevice:Error: UE4Editor-CoreUObject.dll
[2017.03.04-04.04.05:983][846]LogOutputDevice:Error: UE4Editor-CoreUObject.dll
[2017.03.04-04.04.05:983][846]LogOutputDevice:Error: UE4Editor-Engine.dll
[2017.03.04-04.04.05:983][846]LogOutputDevice:Error: UE4Editor-Engine.dll
[2017.03.04-04.04.05:983][846]LogOutputDevice:Error: UE4Editor-Engine.dll
[2017.03.04-04.04.05:983][846]LogOutputDevice:Error: UE4Editor-UnrealEd.dll
[2017.03.04-04.04.05:983][846]LogOutputDevice:Error: UE4Editor-UnrealEd.dll
[2017.03.04-04.04.05:983][846]LogOutputDevice:Error: UE4Editor.exe
[2017.03.04-04.04.05:983][846]LogOutputDevice:Error: UE4Editor.exe
[2017.03.04-04.04.05:983][846]LogOutputDevice:Error: UE4Editor.exe
[2017.03.04-04.04.05:983][846]LogOutputDevice:Error: UE4Editor.exe
[2017.03.04-04.04.05:983][846]LogOutputDevice:Error: UE4Editor.exe
[2017.03.04-04.04.05:983][846]LogOutputDevice:Error: KERNEL32.DLL
[2017.03.04-04.04.05:983][846]LogOutputDevice:Error: ntdll.dll
[2017.03.04-04.04.05:983][846]LogOutputDevice:Error: 
[2017.03.04-04.04.05:984][846]LogStats:                SubmitErrorReport -  0.000 s
[2017.03.04-04.04.06:235][846]LogStats:                    SendNewReport -  0.251 s
[2017.03.04-04.04.06:235][846]LogStats:             FDebug::EnsureFailed -  0.265 s
[2017.03.04-04.04.06:424][846]LogAIModule: Creating AISystem for world Fort_Battle
[2017.03.04-04.04.06:425][846]LogLoad: Game class is 'abyssBattleScene_C'
[2017.03.04-04.04.06:428][846]LogActorComponent: RegisterComponentWithWorld: (/Game/Maps-Levels/Fort/UEDPIE_0_Fort_Battle.Fort_Battle:PersistentLevel.BS_Player_2.CollisionCylinder) Trying to register component with IsPendingKill() == true. Aborting.
[2017.03.04-04.04.06:430][846]LogWorld: Bringing World /Game/Maps-Levels/Fort/UEDPIE_0_Fort_Battle.Fort_Battle up for play (max tick rate 0) at 2017.03.03-23.04.06
[2017.03.04-04.04.06:430][846]LogWorld: Bringing up level for play took: 0.002731
[2017.03.04-04.04.06:431][846]LogGameMode: Warning - PATHS NOT DEFINED or NO PLAYERSTART with positive rating
[2017.03.04-04.04.06:434][846]LogBlueprintUserMessages: [Fort_Battle_C_1] Casting failed!
[2017.03.04-04.04.06:435][846]LogLoad: Took 0.789037 seconds to LoadMap(/Game/Maps-Levels/Fort/Fort_Battle)
[2017.03.04-04.04.09:352][172]LogBlueprintUserMessages: [BattleHUD_C_2] Enemy is still alive!
[2017.03.04-04.04.09:693][212]LogBlueprintUserMessages: [BattleHUD_C_2] Enemy is still alive!
[2017.03.04-04.04.10:388][295]LogBlueprintUserMessages: [BattleHUD_C_2] Attack missed!
[2017.03.04-04.04.10:746][338]LogBlueprintUserMessages: [BattleHUD_C_2] Enemy is still alive!
[2017.03.04-04.04.11:165][388]LogBlueprintUserMessages: [BattleHUD_C_2] Enemy is still alive!
[2017.03.04-04.04.11:422][418]LogBlueprintUserMessages: [BattleHUD_C_2] Attack missed!
[2017.03.04-04.04.11:665][447]LogBlueprintUserMessages: [BattleHUD_C_2] Attack missed!
[2017.03.04-04.04.11:907][476]LogBlueprintUserMessages: [BattleHUD_C_2] Enemy is still alive!
[2017.03.04-04.04.12:111][500]LogBlueprintUserMessages: [BattleHUD_C_2] Enemy is still alive!
[2017.03.04-04.04.12:298][522]LogBlueprintUserMessages: [BattleHUD_C_2] Attack missed!
[2017.03.04-04.04.12:506][547]LogBlueprintUserMessages: [BattleHUD_C_2] Enemy is still alive!
[2017.03.04-04.04.12:701][570]LogBlueprintUserMessages: [BattleHUD_C_2] Enemy is still alive!
[2017.03.04-04.04.12:878][591]LogBlueprintUserMessages: [BattleHUD_C_2] Enemy is still alive!
[2017.03.04-04.04.13:079][615]LogBlueprintUserMessages: [BattleHUD_C_2] Enemy is dead
[2017.03.04-04.04.13:496][665]LogBlueprintUserMessages: [BattleHUD_C_2] Battle is over!
[2017.03.04-04.04.13:763][697]LogBlueprintUserMessages: [BattleHUD_C_2] Battle is over!
[2017.03.04-04.04.13:963][721]LogBlueprintUserMessages: [BattleHUD_C_2] Battle is over!
[2017.03.04-04.04.14:200][749]LogBlueprintUserMessages: [BattleHUD_C_2] Battle is over!
[2017.03.04-04.04.14:443][778]LogBlueprintUserMessages: [BattleHUD_C_2] Battle is over!
[2017.03.04-04.04.14:677][806]LogBlueprintUserMessages: [BattleHUD_C_2] Battle is over!
[2017.03.04-04.04.14:843][826]LogBlueprintUserMessages: [BattleHUD_C_2] Battle is over!
[2017.03.04-04.04.15:001][845]LogBlueprintUserMessages: [BattleHUD_C_2] Battle is over!
[2017.03.04-04.04.15:185][867]LogBlueprintUserMessages: [BattleHUD_C_2] Battle is over!
[2017.03.04-04.04.15:352][887]LogBlueprintUserMessages: [BattleHUD_C_2] Battle is over!
[2017.03.04-04.04.15:494][904]LogBlueprintUserMessages: [BattleHUD_C_2] Battle is over!
[2017.03.04-04.04.16:485][ 14]LogBlueprintUserMessages: Early EndPlayMap Detection: Level '/Game/Maps-Levels/Fort/Fort_Exploration.Fort_Exploration:PersistentLevel' has LevelScriptBlueprint '/Game/Maps-Levels/Fort/Fort_Exploration.Fort_Exploration:PersistentLevel.Fort_Exploration' with GeneratedClass '/Game/Maps-Levels/Fort/Fort_Exploration.Fort_Exploration_C' with ClassGeneratedBy '/Game/Maps-Levels/Fort/Fort_Exploration.Fort_Exploration:PersistentLevel.Fort_Exploration'
[2017.03.04-04.04.16:517][ 14]LogBlueprintUserMessages: Late EndPlayMap Detection: Level '/Game/Maps-Levels/Fort/Fort_Exploration.Fort_Exploration:PersistentLevel' has LevelScriptBlueprint '/Game/Maps-Levels/Fort/Fort_Exploration.Fort_Exploration:PersistentLevel.Fort_Exploration' with GeneratedClass '/Game/Maps-Levels/Fort/Fort_Exploration.Fort_Exploration_C' with ClassGeneratedBy '/Game/Maps-Levels/Fort/Fort_Exploration.Fort_Exploration:PersistentLevel.Fort_Exploration'
[2017.03.04-04.04.16:546][ 14]LogAudio:Warning: Audio Component is being destroyed without stopping looping sound 'ambientBackground'
[2017.03.04-04.04.20:590][463]Cmd: OBJ SAVEPACKAGE PACKAGE="/Game/UMG/BattleHUD" FILE="C:/Users/nathan/Desktop/ChimeraGames/Abyss/Content/UMG/BattleHUD.uasset" SILENT=true
[2017.03.04-04.04.20:792][463]LogSavePackage: Save=151.55ms
[2017.03.04-04.04.20:793][463]LogSavePackage: Moving 'C:/Users/nathan/Desktop/ChimeraGames/Abyss/Saved/BattleHUD1DCFE38F426A2E0BC64588AFEB607765.tmp' to 'C:/Users/nathan/Desktop/ChimeraGames/Abyss/Content/UMG/BattleHUD.uasset'
[2017.03.04-04.04.20:796][463]LogSavePackage:Display: Finished SavePackage C:/Users/nathan/Desktop/ChimeraGames/Abyss/Content/UMG/BattleHUD.uasset
[2017.03.04-04.04.31:013][490]Cmd: OBJ SAVEPACKAGE PACKAGE="/Game/UMG/BattleHUD" FILE="C:/Users/nathan/Desktop/ChimeraGames/Abyss/Content/UMG/BattleHUD.uasset" SILENT=true
[2017.03.04-04.04.31:209][490]LogSavePackage: Save=150.61ms
[2017.03.04-04.04.31:209][490]LogSavePackage: Moving 'C:/Users/nathan/Desktop/ChimeraGames/Abyss/Saved/BattleHUD2BFBF192432B297762B45F99D8FF8999.tmp' to 'C:/Users/nathan/Desktop/ChimeraGames/Abyss/Content/UMG/BattleHUD.uasset'
[2017.03.04-04.04.31:211][490]LogSavePackage:Display: Finished SavePackage C:/Users/nathan/Desktop/ChimeraGames/Abyss/Content/UMG/BattleHUD.uasset
[2017.03.04-04.04.47:019][310]LogSavePackage: Save=120.71ms
[2017.03.04-04.04.47:019][310]LogSavePackage: Moving 'C:/Users/nathan/Desktop/ChimeraGames/Abyss/Saved/Fort_Exploration0282FFA34B447B7405F962A2E06F9A2E.tmp' to 'C:/Users/nathan/Desktop/ChimeraGames/Abyss/Content/Maps-Levels/Fort/Fort_Exploration.umap'
[2017.03.04-04.04.47:021][310]LogSavePackage:Display: Finished SavePackage C:/Users/nathan/Desktop/ChimeraGames/Abyss/Content/Maps-Levels/Fort/Fort_Exploration.umap
[2017.03.04-04.04.50:775][689]LogWindowsTextInputMethodSystem:Display: IME system now deactivated.
[2017.03.04-04.04.51:010][690]Cmd: QUIT_EDITOR
[2017.03.04-04.04.51:387][690]LogExit: Preparing to exit.
[2017.03.04-04.04.51:524][690]LogExit: Editor shut down
[2017.03.04-04.04.51:524][690]LogExit: Transaction tracking system shut down
[2017.03.04-04.04.51:664][690]LogObj: Freed 0b from 0 cluster array pools.
[2017.03.04-04.04.51:665][690]LogExit: Object subsystem successfully closed.
[2017.03.04-04.04.51:779][690]LogD3D11RHI: Shutdown
[2017.03.04-04.04.51:779][690]LogD3D11RHI: CleanupD3DDevice
[2017.03.04-04.04.52:184][690]LogD3D11RHI: ~FD3D11DynamicRHI
[2017.03.04-04.04.52:195][690]LogHttp:Display: Http module shutting down, but needs to wait on 1 outstanding Http requests:
[2017.03.04-04.04.52:196][690]LogHttp:Display: 	verb=[POST] url=[https://datarouter.ol.epicgames.com/datarouter/api/v1/public/data?SessionID=%7B02563893-4E8B-A96B-2726-9EA478C2CB06%7D&AppID=UEEditor.Rocket.Release&AppVersion=4.14.3-3249277%2B%2B%2BUE4%2BRelease-4.14&UserID=ebd02eab4bf37fade98294bf0ac2928c%7Cdf2486657973442ea895399024942a3f%7C11ccd397-2015-4e95-b97f-e72c5e310a35&AppEnvironment=datacollector-binary&UploadType=eteventstream] status=Processing
[2017.03.04-04.04.52:196][690]LogHttp:Display: Sleeping 0.5s to wait for 1 outstanding Http requests.
[2017.03.04-04.04.52:718][690]LogModuleManager: Shutting down and abandoning module MovieSceneCapture (232)
[2017.03.04-04.04.52:718][690]LogModuleManager: Shutting down and abandoning module SequencerWidgets (231)
[2017.03.04-04.04.52:718][690]LogModuleManager: Shutting down and abandoning module BlueprintGraph (230)
[2017.03.04-04.04.52:718][690]LogModuleManager: Shutting down and abandoning module BlueprintProfiler (229)
[2017.03.04-04.04.52:718][690]LogModuleManager: Shutting down and abandoning module HierarchicalLODOutliner (228)
[2017.03.04-04.04.52:718][690]LogModuleManager: Shutting down and abandoning module CrashTracker (227)
[2017.03.04-04.04.52:718][690]LogModuleManager: Shutting down and abandoning module SceneOutliner (226)
[2017.03.04-04.04.52:718][690]LogModuleManager: Shutting down and abandoning module WidgetCarousel (225)
[2017.03.04-04.04.52:718][690]LogModuleManager: Shutting down and abandoning module AddContentDialog (224)
[2017.03.04-04.04.52:718][690]LogDirectoryWatcher: A directory notification for 'D:/UE4/UE_4.14/FeaturePacks/' was aborted.
[2017.03.04-04.04.52:719][690]LogModuleManager: Shutting down and abandoning module GameplayTags (223)
[2017.03.04-04.04.52:719][690]LogModuleManager: Shutting down and abandoning module EditorWidgets (222)
[2017.03.04-04.04.52:719][690]LogModuleManager: Shutting down and abandoning module CollectionManager (221)
[2017.03.04-04.04.52:719][690]LogDirectoryWatcher: A directory notification for 'C:/Users/nathan/Desktop/ChimeraGames/Abyss/Content/Collections/' was aborted.
[2017.03.04-04.04.52:719][690]LogDirectoryWatcher: A directory notification for 'C:/Users/nathan/Desktop/ChimeraGames/Abyss/Content/Developers/nathan/Collections/' was aborted.
[2017.03.04-04.04.52:719][690]LogDirectoryWatcher: A directory notification for 'C:/Users/nathan/Desktop/ChimeraGames/Abyss/Saved/Collections/' was aborted.
[2017.03.04-04.04.52:719][690]LogModuleManager: Shutting down and abandoning module StatsViewer (220)
[2017.03.04-04.04.52:719][690]LogModuleManager: Shutting down and abandoning module FoliageEdit (219)
[2017.03.04-04.04.52:720][690]LogModuleManager: Shutting down and abandoning module LandscapeEditor (218)
[2017.03.04-04.04.52:720][690]LogModuleManager: Shutting down and abandoning module SceneDepthPickerMode (217)
[2017.03.04-04.04.52:720][690]LogModuleManager: Shutting down and abandoning module ActorPickerMode (216)
[2017.03.04-04.04.52:720][690]LogModuleManager: Shutting down and abandoning module GeometryMode (215)
[2017.03.04-04.04.52:720][690]LogModuleManager: Shutting down and abandoning module TextureAlignMode (214)
[2017.03.04-04.04.52:720][690]LogModuleManager: Shutting down and abandoning module BspMode (213)
[2017.03.04-04.04.52:720][690]LogModuleManager: Shutting down and abandoning module HardwareSurvey (212)
[2017.03.04-04.04.52:720][690]LogModuleManager: Shutting down and abandoning module SequenceRecorderSections (211)
[2017.03.04-04.04.52:720][690]LogModuleManager: Shutting down and abandoning module AutomationWorker (210)
[2017.03.04-04.04.52:720][690]LogModuleManager: Shutting down and abandoning module MatineeToLevelSequence (209)
[2017.03.04-04.04.52:720][690]LogModuleManager: Shutting down and abandoning module PlacementMode (208)
[2017.03.04-04.04.52:720][690]LogModuleManager: Shutting down and abandoning module LevelSequenceEditor (207)
[2017.03.04-04.04.52:720][690]LogModuleManager: Shutting down and abandoning module Media (206)
[2017.03.04-04.04.52:720][690]LogModuleManager: Shutting down and abandoning module WmfMediaFactory (205)
[2017.03.04-04.04.52:720][690]LogModuleManager: Shutting down and abandoning module WmfMediaEditor (204)
[2017.03.04-04.04.52:720][690]LogModuleManager: Shutting down and abandoning module CharacterAI (203)
[2017.03.04-04.04.52:720][690]LogModuleManager: Shutting down and abandoning module SequenceRecorder (202)
[2017.03.04-04.04.52:720][690]LogModuleManager: Shutting down and abandoning module AudioCapture (201)
[2017.03.04-04.04.52:720][690]LogModuleManager: Shutting down and abandoning module SmartSnapping (200)
[2017.03.04-04.04.52:720][690]LogModuleManager: Shutting down and abandoning module SessionServices (199)
[2017.03.04-04.04.52:720][690]LogModuleManager: Shutting down and abandoning module ViewportSnapping (198)
[2017.03.04-04.04.52:720][690]LogModuleManager: Shutting down and abandoning module ViewportInteraction (197)
[2017.03.04-04.04.52:720][690]LogModuleManager: Shutting down and abandoning module LogVisualizer (196)
[2017.03.04-04.04.52:720][690]LogModuleManager: Shutting down and abandoning module GameProjectGeneration (195)
[2017.03.04-04.04.52:720][690]LogModuleManager: Shutting down and abandoning module IntroTutorials (194)
[2017.03.04-04.04.52:720][690]LogModuleManager: Shutting down and abandoning module EditorLiveStreaming (193)
[2017.03.04-04.04.52:720][690]LogModuleManager: Shutting down and abandoning module IOSPlatformEditor (192)
[2017.03.04-04.04.52:720][690]LogModuleManager: Shutting down and abandoning module HTML5PlatformEditor (191)
[2017.03.04-04.04.52:720][690]LogModuleManager: Shutting down and abandoning module AndroidDeviceDetection (189)
[2017.03.04-04.04.52:847][690]LogModuleManager: Shutting down and abandoning module AndroidPlatformEditor (188)
[2017.03.04-04.04.52:847][690]LogModuleManager: Shutting down and abandoning module IOSRuntimeSettings (187)
[2017.03.04-04.04.52:847][690]LogModuleManager: Shutting down and abandoning module AndroidRuntimeSettings (186)
[2017.03.04-04.04.52:847][690]LogModuleManager: Shutting down and abandoning module InputBindingEditor (185)
[2017.03.04-04.04.52:847][690]LogModuleManager: Shutting down and abandoning module NiagaraEditor (184)
[2017.03.04-04.04.52:847][690]LogModuleManager: Shutting down and abandoning module MergeActors (183)
[2017.03.04-04.04.52:847][690]LogModuleManager: Shutting down and abandoning module SizeMap (182)
[2017.03.04-04.04.52:847][690]LogModuleManager: Shutting down and abandoning module TreeMap (181)
[2017.03.04-04.04.52:848][690]LogModuleManager: Shutting down and abandoning module ReferenceViewer (180)
[2017.03.04-04.04.52:848][690]LogModuleManager: Shutting down and abandoning module LocalizationService (179)
[2017.03.04-04.04.52:848][690]LogModuleManager: Shutting down and abandoning module LocalizationDashboard (178)
[2017.03.04-04.04.52:848][690]LogModuleManager: Shutting down and abandoning module HardwareTargeting (177)
[2017.03.04-04.04.52:848][690]LogModuleManager: Shutting down and abandoning module DeviceProfileEditor (176)
[2017.03.04-04.04.52:848][690]LogModuleManager: Shutting down and abandoning module UndoHistory (175)
[2017.03.04-04.04.52:848][690]LogModuleManager: Shutting down and abandoning module UserFeedback (174)
[2017.03.04-04.04.52:848][690]LogModuleManager: Shutting down and abandoning module XmlParser (173)
[2017.03.04-04.04.52:848][690]LogModuleManager: Shutting down and abandoning module Blutility (172)
[2017.03.04-04.04.52:848][690]LogModuleManager: Shutting down and abandoning module ProjectTargetPlatformEditor (171)
[2017.03.04-04.04.52:848][690]LogModuleManager: Shutting down and abandoning module ProjectSettingsViewer (170)
[2017.03.04-04.04.52:848][690]LogModuleManager: Shutting down and abandoning module EditorSettingsViewer (169)
[2017.03.04-04.04.52:848][690]LogModuleManager: Shutting down and abandoning module SettingsEditor (168)
[2017.03.04-04.04.52:848][690]LogModuleManager: Shutting down and abandoning module ProjectLauncher (167)
[2017.03.04-04.04.52:848][690]LogModuleManager: Shutting down and abandoning module SessionFrontend (166)
[2017.03.04-04.04.52:848][690]LogModuleManager: Shutting down and abandoning module ProfilerClient (165)
[2017.03.04-04.04.52:848][690]LogModuleManager: Shutting down and abandoning module TargetDeviceServices (164)
[2017.03.04-04.04.52:848][690]LogModuleManager: Shutting down and abandoning module DeviceManager (163)
[2017.03.04-04.04.52:900][690]LogModuleManager: Shutting down and abandoning module AutomationController (162)
[2017.03.04-04.04.52:900][690]LogModuleManager: Shutting down and abandoning module AutomationWindow (161)
[2017.03.04-04.04.52:900][690]LogModuleManager: Shutting down and abandoning module Layers (160)
[2017.03.04-04.04.52:900][690]LogModuleManager: Shutting down and abandoning module ComponentVisualizers (159)
[2017.03.04-04.04.52:900][690]LogModuleManager: Shutting down and abandoning module DetailCustomizations (158)
[2017.03.04-04.04.52:900][690]LogModuleManager: Shutting down and abandoning module PackagesDialog (157)
[2017.03.04-04.04.52:900][690]LogModuleManager: Shutting down and abandoning module AnimGraph (156)
[2017.03.04-04.04.52:900][690]LogModuleManager: Shutting down and abandoning module Persona (155)
[2017.03.04-04.04.52:901][690]LogModuleManager: Shutting down and abandoning module Kismet (154)
[2017.03.04-04.04.52:910][690]LogModuleManager: Shutting down and abandoning module GraphEditor (153)
[2017.03.04-04.04.52:910][690]LogModuleManager: Shutting down and abandoning module ClassViewer (152)
[2017.03.04-04.04.52:910][690]LogModuleManager: Shutting down and abandoning module Toolbox (151)
[2017.03.04-04.04.52:910][690]LogModuleManager: Shutting down and abandoning module ModuleUI (150)
[2017.03.04-04.04.52:910][690]LogModuleManager: Shutting down and abandoning module MovieSceneTools (149)
[2017.03.04-04.04.52:910][690]LogModuleManager: Shutting down and abandoning module OutputLog (148)
[2017.03.04-04.04.52:910][690]LogModuleManager: Shutting down and abandoning module GammaUI (147)
[2017.03.04-04.04.52:910][690]LogModuleManager: Shutting down and abandoning module Documentation (146)
[2017.03.04-04.04.52:910][690]LogModuleManager: Shutting down and abandoning module Niagara (145)
[2017.03.04-04.04.52:910][690]LogModuleManager: Shutting down and abandoning module StreamingPauseRendering (144)
[2017.03.04-04.04.52:910][690]LogModuleManager: Shutting down and abandoning module AnalyticsET (143)
[2017.03.04-04.04.52:910][690]LogModuleManager: Shutting down and abandoning module PortalServices (142)
[2017.03.04-04.04.52:910][690]LogModuleManager: Shutting down and abandoning module PortalRpc (141)
[2017.03.04-04.04.52:910][690]LogModuleManager: Shutting down and abandoning module MessagingRpc (140)
[2017.03.04-04.04.52:910][690]LogModuleManager: Shutting down and abandoning module GameplayDebugger (139)
[2017.03.04-04.04.52:910][690]LogModuleManager: Shutting down and abandoning module AITestSuite (138)
[2017.03.04-04.04.52:910][690]LogModuleManager: Shutting down and abandoning module AIModule (137)
[2017.03.04-04.04.52:910][690]LogModuleManager: Shutting down and abandoning module ProfilerService (136)
[2017.03.04-04.04.52:997][690]LogModuleManager: Shutting down and abandoning module TaskGraph (135)
[2017.03.04-04.04.52:997][690]LogModuleManager: Shutting down and abandoning module SlateRemote (134)
[2017.03.04-04.04.52:997][690]LogModuleManager: Shutting down and abandoning module ProceduralMeshComponentEditor (133)
[2017.03.04-04.04.52:997][690]LogModuleManager: Shutting down and abandoning module ProceduralMeshComponent (132)
[2017.03.04-04.04.52:997][690]LogModuleManager: Shutting down and abandoning module CustomMeshComponent (131)
[2017.03.04-04.04.52:997][690]LogModuleManager: Shutting down and abandoning module CableComponent (130)
[2017.03.04-04.04.52:997][690]LogModuleManager: Shutting down and abandoning module ArchVisCharacter (129)
[2017.03.04-04.04.52:997][690]LogModuleManager: Shutting down and abandoning module MediaPlayerEditor (127)
[2017.03.04-04.04.52:998][690]LogModuleManager: Shutting down and abandoning module HTML5Networking (126)
[2017.03.04-04.04.52:998][690]LogModuleManager: Shutting down and abandoning module GeometryCacheEd (125)
[2017.03.04-04.04.52:998][690]LogModuleManager: Shutting down and abandoning module GeometryCache (124)
[2017.03.04-04.04.52:998][690]LogModuleManager: Shutting down and abandoning module AlembicLibrary (123)
[2017.03.04-04.04.52:998][690]LogModuleManager: Shutting down and abandoning module AlembicImporter (122)
[2017.03.04-04.04.52:998][690]LogModuleManager: Shutting down and abandoning module SuperSearch (121)
[2017.03.04-04.04.52:998][690]LogModuleManager: Shutting down and abandoning module SuperSearchEditor (120)
[2017.03.04-04.04.52:998][690]LogModuleManager: Shutting down and abandoning module SpeedTreeImporter (119)
[2017.03.04-04.04.52:998][690]LogModuleManager: Shutting down and abandoning module PluginBrowser (118)
[2017.03.04-04.04.52:998][690]LogModuleManager: Shutting down and abandoning module DesktopPlatform (117)
[2017.03.04-04.04.52:998][690]LogModuleManager: Shutting down and abandoning module VisualStudioSourceCodeAccess (116)
[2017.03.04-04.04.52:998][690]LogModuleManager: Shutting down and abandoning module UObjectPlugin (115)
[2017.03.04-04.04.52:998][690]LogModuleManager: Shutting down and abandoning module SubversionSourceControl (114)
[2017.03.04-04.04.52:998][690]LogModuleManager: Shutting down and abandoning module PerforceSourceControl (113)
[2017.03.04-04.04.52:998][690]LogModuleManager: Shutting down and abandoning module SourceControl (112)
[2017.03.04-04.04.52:998][690]LogModuleManager: Shutting down and abandoning module GitSourceControl (111)
[2017.03.04-04.04.52:998][690]LogModuleManager: Shutting down and abandoning module LightPropagationVolumeEditor (110)
[2017.03.04-04.04.52:998][690]LogModuleManager: Shutting down and abandoning module PaperTiledImporter (109)
[2017.03.04-04.04.52:998][690]LogModuleManager: Shutting down and abandoning module PaperSpriteSheetImporter (108)
[2017.03.04-04.04.52:998][690]LogModuleManager: Shutting down and abandoning module MeshPaint (107)
[2017.03.04-04.04.52:998][690]LogModuleManager: Shutting down and abandoning module PixelInspectorModule (106)
[2017.03.04-04.04.52:998][690]LogModuleManager: Shutting down and abandoning module HotReload (105)
[2017.03.04-04.04.52:998][690]LogModuleManager: Shutting down and abandoning module MainFrame (104)
[2017.03.04-04.04.52:998][690]LogModuleManager: Shutting down and abandoning module LevelEditor (103)
[2017.03.04-04.04.52:999][690]LogModuleManager: Shutting down and abandoning module ContentBrowser (102)
[2017.03.04-04.04.53:000][690]LogModuleManager: Shutting down and abandoning module Paper2DEditor (101)
[2017.03.04-04.04.53:000][690]LogModuleManager: Shutting down and abandoning module LightPropagationVolumeRuntime (100)
[2017.03.04-04.04.53:000][690]LogModuleManager: Shutting down and abandoning module Paper2D (99)
[2017.03.04-04.04.53:000][690]LogModuleManager: Shutting down and abandoning module WindowsMoviePlayer (98)
[2017.03.04-04.04.53:000][690]LogModuleManager: Shutting down and abandoning module WmfMedia (97)
[2017.03.04-04.04.53:000][690]LogModuleManager: Shutting down and abandoning module MediaAssets (96)
[2017.03.04-04.04.53:000][690]LogModuleManager: Shutting down and abandoning module GameLiveStreaming (95)
[2017.03.04-04.04.53:000][690]LogModuleManager: Shutting down and abandoning module GameplayTagsEditor (94)
[2017.03.04-04.04.53:000][690]LogModuleManager: Shutting down and abandoning module VREditor (93)
[2017.03.04-04.04.53:000][690]LogModuleManager: Shutting down and abandoning module GameplayTasksEditor (92)
[2017.03.04-04.04.53:000][690]LogModuleManager: Shutting down and abandoning module BehaviorTreeEditor (91)
[2017.03.04-04.04.53:001][690]LogModuleManager: Shutting down and abandoning module FunctionalTesting (90)
[2017.03.04-04.04.53:001][690]LogModuleManager: Shutting down and abandoning module CollisionAnalyzer (89)
[2017.03.04-04.04.53:001][690]LogModuleManager: Shutting down and abandoning module Sequencer (88)
[2017.03.04-04.04.53:001][690]LogModuleManager: Shutting down and abandoning module WorkspaceMenuStructure (87)
[2017.03.04-04.04.53:001][690]LogModuleManager: Shutting down and abandoning module MessageLog (86)
[2017.03.04-04.04.53:001][690]LogModuleManager: Shutting down and abandoning module AssetTools (85)
[2017.03.04-04.04.53:001][690]LogModuleManager: Shutting down and abandoning module UMGEditor (84)
[2017.03.04-04.04.53:001][690]LogModuleManager: Shutting down and abandoning module UMG (83)
[2017.03.04-04.04.53:001][690]LogModuleManager: Shutting down and abandoning module SlateReflector (82)
[2017.03.04-04.04.53:001][690]LogModuleManager: Shutting down and abandoning module Slate (81)
[2017.03.04-04.04.53:001][690]LogModuleManager: Shutting down and abandoning module EditorStyle (80)
[2017.03.04-04.04.53:003][690]LogModuleManager: Shutting down and abandoning module SourceCodeAccess (79)
[2017.03.04-04.04.53:003][690]LogModuleManager: Shutting down and abandoning module HeadMountedDisplay (78)
[2017.03.04-04.04.53:003][690]LogModuleManager: Shutting down and abandoning module XAudio2 (77)
[2017.03.04-04.04.53:003][690]LogModuleManager: Shutting down and abandoning module Networking (75)
[2017.03.04-04.04.53:003][690]LogModuleManager: Shutting down and abandoning module Core (74)
[2017.03.04-04.04.53:003][690]LogModuleManager: Shutting down and abandoning module DirectoryWatcher (73)
[2017.03.04-04.04.53:003][690]LogDirectoryWatcher: A directory notification for '../../../Engine/Content/' was aborted.
[2017.03.04-04.04.53:003][690]LogDirectoryWatcher: A directory notification for 'C:/Users/nathan/Desktop/ChimeraGames/Abyss/Content/' was aborted.
[2017.03.04-04.04.53:003][690]LogDirectoryWatcher: A directory notification for '../../../Engine/Plugins/2D/Paper2D/Content/' was aborted.
[2017.03.04-04.04.53:004][690]LogModuleManager: Shutting down and abandoning module AssetRegistry (72)
[2017.03.04-04.04.53:224][690]LogModuleManager: Shutting down and abandoning module KismetCompiler (71)
[2017.03.04-04.04.53:224][690]LogModuleManager: Shutting down and abandoning module PhysXFormats (70)
[2017.03.04-04.04.53:224][690]LogModuleManager: Shutting down and abandoning module SimplygonSwarm (69)
[2017.03.04-04.04.53:224][690]LogModuleManager: Shutting down and abandoning module SimplygonMeshReduction (68)
[2017.03.04-04.04.53:224][690]LogModuleManager: Shutting down and abandoning module QuadricMeshReduction (67)
[2017.03.04-04.04.53:224][690]LogModuleManager: Shutting down and abandoning module PropertyEditor (66)
[2017.03.04-04.04.53:224][690]LogModuleManager: Shutting down and abandoning module MeshUtilities (65)
[2017.03.04-04.04.53:224][690]LogModuleManager: Shutting down and abandoning module DerivedDataCache (64)
[2017.03.04-04.04.53:426][690]LogDerivedDataCache: Shutdown
[2017.03.04-04.04.53:426][690]LogModuleManager: Shutting down and abandoning module VulkanShaderFormat (63)
[2017.03.04-04.04.53:426][690]LogModuleManager: Shutting down and abandoning module ShaderFormatOpenGL (62)
[2017.03.04-04.04.53:426][690]LogModuleManager: Shutting down and abandoning module ShaderFormatD3D (61)
[2017.03.04-04.04.53:426][690]LogModuleManager: Shutting down and abandoning module MetalShaderFormat (60)
[2017.03.04-04.04.53:426][690]LogModuleManager: Shutting down and abandoning module TextureFormatUncompressed (59)
[2017.03.04-04.04.53:426][690]LogModuleManager: Shutting down and abandoning module TextureFormatPVR (58)
[2017.03.04-04.04.53:426][690]LogModuleManager: Shutting down and abandoning module TextureFormatDXT (57)
[2017.03.04-04.04.53:426][690]LogModuleManager: Shutting down and abandoning module TextureFormatIntelISPCTexComp (56)
[2017.03.04-04.04.53:426][690]LogModuleManager: Shutting down and abandoning module ImageWrapper (55)
[2017.03.04-04.04.53:426][690]LogModuleManager: Shutting down and abandoning module TextureFormatASTC (54)
[2017.03.04-04.04.53:426][690]LogModuleManager: Shutting down and abandoning module TextureFormatAndroid (53)
[2017.03.04-04.04.53:426][690]LogModuleManager: Shutting down and abandoning module AudioFormatOpus (52)
[2017.03.04-04.04.53:426][690]LogModuleManager: Shutting down and abandoning module AudioFormatOgg (51)
[2017.03.04-04.04.53:426][690]LogModuleManager: Shutting down and abandoning module AudioFormatADPCM (50)
[2017.03.04-04.04.53:426][690]LogModuleManager: Shutting down and abandoning module LinuxTargetPlatform (49)
[2017.03.04-04.04.53:426][690]LogModuleManager: Shutting down and abandoning module LinuxServerTargetPlatform (48)
[2017.03.04-04.04.53:426][690]LogModuleManager: Shutting down and abandoning module LinuxNoEditorTargetPlatform (47)
[2017.03.04-04.04.53:426][690]LogModuleManager: Shutting down and abandoning module LinuxClientTargetPlatform (46)
[2017.03.04-04.04.53:426][690]LogModuleManager: Shutting down and abandoning module TVOSTargetPlatform (45)
[2017.03.04-04.04.53:426][690]LogModuleManager: Shutting down and abandoning module Messaging (44)
[2017.03.04-04.04.53:426][690]LogModuleManager: Shutting down and abandoning module IOSTargetPlatform (43)
[2017.03.04-04.04.53:426][690]LogModuleManager: Shutting down and abandoning module HTML5TargetPlatform (42)
[2017.03.04-04.04.53:426][690]LogModuleManager: Shutting down and abandoning module Android_PVRTCTargetPlatform (41)
[2017.03.04-04.04.53:426][690]LogModuleManager: Shutting down and abandoning module Android_MultiTargetPlatform (40)
[2017.03.04-04.04.53:426][690]LogModuleManager: Shutting down and abandoning module Android_ETC2TargetPlatform (39)
[2017.03.04-04.04.53:426][690]LogModuleManager: Shutting down and abandoning module Android_ETC1TargetPlatform (38)
[2017.03.04-04.04.53:426][690]LogModuleManager: Shutting down and abandoning module Android_DXTTargetPlatform (37)
[2017.03.04-04.04.53:426][690]LogModuleManager: Shutting down and abandoning module Android_ATCTargetPlatform (36)
[2017.03.04-04.04.53:426][690]LogModuleManager: Shutting down and abandoning module Android_ASTCTargetPlatform (35)
[2017.03.04-04.04.53:426][690]LogModuleManager: Shutting down and abandoning module AndroidTargetPlatform (34)
[2017.03.04-04.04.53:426][690]LogModuleManager: Shutting down and abandoning module WindowsTargetPlatform (33)
[2017.03.04-04.04.53:426][690]LogModuleManager: Shutting down and abandoning module WindowsServerTargetPlatform (32)
[2017.03.04-04.04.53:426][690]LogModuleManager: Shutting down and abandoning module WindowsNoEditorTargetPlatform (31)
[2017.03.04-04.04.53:426][690]LogModuleManager: Shutting down and abandoning module WindowsClientTargetPlatform (30)
[2017.03.04-04.04.53:426][690]LogModuleManager: Shutting down and abandoning module MacTargetPlatform (29)
[2017.03.04-04.04.53:426][690]LogModuleManager: Shutting down and abandoning module MacServerTargetPlatform (28)
[2017.03.04-04.04.53:426][690]LogModuleManager: Shutting down and abandoning module MacNoEditorTargetPlatform (27)
[2017.03.04-04.04.53:426][690]LogModuleManager: Shutting down and abandoning module MacClientTargetPlatform (26)
[2017.03.04-04.04.53:426][690]LogModuleManager: Shutting down and abandoning module AllDesktopTargetPlatform (25)
[2017.03.04-04.04.53:426][690]LogModuleManager: Shutting down and abandoning module TargetPlatform (24)
[2017.03.04-04.04.53:426][690]LogModuleManager: Shutting down and abandoning module InputCore (23)
[2017.03.04-04.04.53:426][690]LogModuleManager: Shutting down and abandoning module Settings (22)
[2017.03.04-04.04.53:426][690]LogModuleManager: Shutting down and abandoning module ExampleDeviceProfileSelector (21)
[2017.03.04-04.04.53:426][690]LogModuleManager: Shutting down and abandoning module OnlineBlueprintSupport (20)
[2017.03.04-04.04.53:426][690]LogModuleManager: Shutting down and abandoning module OnlineSubsystem (18)
[2017.03.04-04.04.53:426][690]LogOnline:Display: Unloading online subsystem: NULL
[2017.03.04-04.04.53:426][690]LogModuleManager: Shutting down and abandoning module SSL (17)
[2017.03.04-04.04.53:428][690]LogModuleManager: Shutting down and abandoning module HTTP (16)
[2017.03.04-04.04.53:428][690]LogModuleManager: Shutting down and abandoning module XMPP (15)
[2017.03.04-04.04.53:428][690]LogModuleManager: Shutting down and abandoning module TextureCompressor (14)
[2017.03.04-04.04.53:428][690]LogModuleManager: Shutting down and abandoning module ShaderCore (13)
[2017.03.04-04.04.53:428][690]LogModuleManager: Shutting down and abandoning module Landscape (12)
[2017.03.04-04.04.53:428][690]LogModuleManager: Shutting down and abandoning module SlateRHIRenderer (11)
[2017.03.04-04.04.53:431][690]LogModuleManager: Shutting down and abandoning module OpenGLDrv (10)
[2017.03.04-04.04.53:431][690]LogModuleManager: Shutting down and abandoning module D3D11RHI (9)
[2017.03.04-04.04.53:431][690]LogModuleManager: Shutting down and abandoning module AnimGraphRuntime (8)
[2017.03.04-04.04.53:431][690]LogModuleManager: Shutting down and abandoning module Renderer (7)
[2017.03.04-04.04.53:431][690]LogModuleManager: Shutting down and abandoning module Engine (6)
[2017.03.04-04.04.53:431][690]LogModuleManager: Shutting down and abandoning module CoreUObject (5)
[2017.03.04-04.04.53:431][690]LogModuleManager: Shutting down and abandoning module NetworkFile (4)
[2017.03.04-04.04.53:431][690]LogModuleManager: Shutting down and abandoning module StreamingFile (3)
[2017.03.04-04.04.53:431][690]LogModuleManager: Shutting down and abandoning module SandboxFile (2)
[2017.03.04-04.04.53:431][690]LogModuleManager: Shutting down and abandoning module PakFile (1)
[2017.03.04-04.04.53:433][690]LogExit: Exiting.
[2017.03.04-04.04.53:435][690]Log file closed, 03/03/17 23:04:53
