Log file open, 02/20/17 21:46:20
LogInit:Display: Running engine for game: Abyss
LogPlatformFile: Not using cached read wrapper
LogInit:Display: RandInit(1753041160) SRandInit(1753041160).
LogTaskGraph: Started task graph with 5 named threads and 8 total threads with 1 sets of task threads.
LogStats: Stats thread started at 0.093844
LogPluginManager: Loaded Plugin Paper2D, From D:/UE4/UE_4.14/Engine/Plugins/2D/Paper2D/Paper2D.uplugin
LogPluginManager: Loaded Plugin LightPropagationVolume, From D:/UE4/UE_4.14/Engine/Plugins/Blendables/LightPropagationVolume/LightPropagationVolume.uplugin
LogPluginManager: Loaded Plugin BlankPlugin, From D:/UE4/UE_4.14/Engine/Plugins/Developer/BlankPlugin/BlankPlugin.uplugin
LogPluginManager: Loaded Plugin CodeLiteSourceCodeAccess, From D:/UE4/UE_4.14/Engine/Plugins/Developer/CodeLiteSourceCodeAccess/CodeLiteSourceCodeAccess.uplugin
LogPluginManager: Loaded Plugin GitSourceControl, From D:/UE4/UE_4.14/Engine/Plugins/Developer/GitSourceControl/GitSourceControl.uplugin
LogPluginManager: Loaded Plugin KDevelopSourceCodeAccess, From D:/UE4/UE_4.14/Engine/Plugins/Developer/KDevelopSourceCodeAccess/KDevelopSourceCodeAccess.uplugin
LogPluginManager: Loaded Plugin NullSourceCodeAccess, From D:/UE4/UE_4.14/Engine/Plugins/Developer/NullSourceCodeAccess/NullSourceCodeAccess.uplugin
LogPluginManager: Loaded Plugin OneSkyLocalizationService, From D:/UE4/UE_4.14/Engine/Plugins/Developer/OneSkyLocalizationService/OneSkyLocalizationService.uplugin
LogPluginManager: Loaded Plugin PerforceSourceControl, From D:/UE4/UE_4.14/Engine/Plugins/Developer/PerforceSourceControl/PerforceSourceControl.uplugin
LogPluginManager: Loaded Plugin SubversionSourceControl, From D:/UE4/UE_4.14/Engine/Plugins/Developer/SubversionSourceControl/SubversionSourceControl.uplugin
LogPluginManager: Loaded Plugin UObjectPlugin, From D:/UE4/UE_4.14/Engine/Plugins/Developer/UObjectPlugin/UObjectPlugin.uplugin
LogPluginManager: Loaded Plugin VisualStudioSourceCodeAccess, From D:/UE4/UE_4.14/Engine/Plugins/Developer/VisualStudioSourceCodeAccess/VisualStudioSourceCodeAccess.uplugin
LogPluginManager: Loaded Plugin XCodeSourceCodeAccess, From D:/UE4/UE_4.14/Engine/Plugins/Developer/XCodeSourceCodeAccess/XCodeSourceCodeAccess.uplugin
LogPluginManager: Loaded Plugin AudioCapture, From D:/UE4/UE_4.14/Engine/Plugins/Editor/AudioCapture/AudioCapture.uplugin
LogPluginManager: Loaded Plugin EpicSurvey, From D:/UE4/UE_4.14/Engine/Plugins/Editor/EpicSurvey/EpicSurvey.uplugin
LogPluginManager: Loaded Plugin MacGraphicsSwitching, From D:/UE4/UE_4.14/Engine/Plugins/Editor/MacGraphicsSwitching/MacGraphicsSwitching.uplugin
LogPluginManager: Loaded Plugin MobileLauncherProfileWizard, From D:/UE4/UE_4.14/Engine/Plugins/Editor/MobileLauncherProfileWizard/MobileLauncherProfileWizard.uplugin
LogPluginManager: Loaded Plugin PluginBrowser, From D:/UE4/UE_4.14/Engine/Plugins/Editor/PluginBrowser/PluginBrowser.uplugin
LogPluginManager: Loaded Plugin SpeedTreeImporter, From D:/UE4/UE_4.14/Engine/Plugins/Editor/SpeedTreeImporter/SpeedTreeImporter.uplugin
LogPluginManager: Loaded Plugin SuperSearchEditor, From D:/UE4/UE_4.14/Engine/Plugins/Editor/SuperSearchEditor/SuperSearchEditor.uplugin
LogPluginManager: Loaded Plugin AlembicImporter, From D:/UE4/UE_4.14/Engine/Plugins/Experimental/AlembicImporter/AlembicImporter.uplugin
LogPluginManager: Loaded Plugin BlueprintStats, From D:/UE4/UE_4.14/Engine/Plugins/Experimental/BlueprintStats/BlueprintStats.uplugin
LogPluginManager: Loaded Plugin CharacterAI, From D:/UE4/UE_4.14/Engine/Plugins/Experimental/CharacterAI/CharacterAI.uplugin
LogPluginManager: Loaded Plugin CodeEditor, From D:/UE4/UE_4.14/Engine/Plugins/Experimental/CodeEditor/CodeEditor.uplugin
LogPluginManager: Loaded Plugin CodeView, From D:/UE4/UE_4.14/Engine/Plugins/Experimental/CodeView/CodeView.uplugin
LogPluginManager: Loaded Plugin HTML5Networking, From D:/UE4/UE_4.14/Engine/Plugins/Experimental/HTML5Networking/HTML5Networking.uplugin
LogPluginManager: Loaded Plugin OSVR, From D:/UE4/UE_4.14/Engine/Plugins/Experimental/OSVR/OSVR.uplugin
LogPluginManager: Loaded Plugin Phya, From D:/UE4/UE_4.14/Engine/Plugins/Experimental/Phya/Phya.uplugin
LogPluginManager: Loaded Plugin SignificanceManager, From D:/UE4/UE_4.14/Engine/Plugins/Experimental/SignificanceManager/SignificanceManager.uplugin
LogPluginManager: Loaded Plugin SimpleHMD, From D:/UE4/UE_4.14/Engine/Plugins/Experimental/SimpleHMD/SimpleHMD.uplugin
LogPluginManager: Loaded Plugin StereoPanorama, From D:/UE4/UE_4.14/Engine/Plugins/Experimental/StereoPanorama/StereoPanorama.uplugin
LogPluginManager: Loaded Plugin StructBox, From D:/UE4/UE_4.14/Engine/Plugins/Experimental/StructBox/StructBox.uplugin
LogPluginManager: Loaded Plugin AndroidMedia, From D:/UE4/UE_4.14/Engine/Plugins/Media/AndroidMedia/AndroidMedia.uplugin
LogPluginManager: Loaded Plugin AvfMedia, From D:/UE4/UE_4.14/Engine/Plugins/Media/AvfMedia/AvfMedia.uplugin
LogPluginManager: Loaded Plugin MediaPlayerEditor, From D:/UE4/UE_4.14/Engine/Plugins/Media/MediaPlayerEditor/MediaPlayerEditor.uplugin
LogPluginManager: Loaded Plugin WmfMedia, From D:/UE4/UE_4.14/Engine/Plugins/Media/WmfMedia/WmfMedia.uplugin
LogPluginManager: Loaded Plugin MessagingDebugger, From D:/UE4/UE_4.14/Engine/Plugins/Messaging/MessagingDebugger/MessagingDebugger.uplugin
LogPluginManager: Loaded Plugin TcpMessaging, From D:/UE4/UE_4.14/Engine/Plugins/Messaging/TcpMessaging/TcpMessaging.uplugin
LogPluginManager: Loaded Plugin UdpMessaging, From D:/UE4/UE_4.14/Engine/Plugins/Messaging/UdpMessaging/UdpMessaging.uplugin
LogPluginManager: Loaded Plugin LevelSequenceEditor, From D:/UE4/UE_4.14/Engine/Plugins/MovieScene/LevelSequenceEditor/LevelSequenceEditor.uplugin
LogPluginManager: Loaded Plugin MatineeToLevelSequence, From D:/UE4/UE_4.14/Engine/Plugins/MovieScene/MatineeToLevelSequence/MatineeToLevelSequence.uplugin
LogPluginManager: Loaded Plugin NetcodeUnitTest, From D:/UE4/UE_4.14/Engine/Plugins/NetcodeUnitTest/NetcodeUnitTest/NetcodeUnitTest.uplugin
LogPluginManager: Loaded Plugin NUTUnrealEngine4, From D:/UE4/UE_4.14/Engine/Plugins/NetcodeUnitTest/NUTUnrealEngine4/NUTUnrealEngine4.uplugin
LogPluginManager: Loaded Plugin OnlineSubsystemGameCircle, From D:/UE4/UE_4.14/Engine/Plugins/Online/Android/OnlineSubsystemGameCircle/OnlineSubsystemGameCircle.uplugin
LogPluginManager: Loaded Plugin OnlineSubsystemGooglePlay, From D:/UE4/UE_4.14/Engine/Plugins/Online/Android/OnlineSubsystemGooglePlay/OnlineSubsystemGooglePlay.uplugin
LogPluginManager: Loaded Plugin OnlineSubsystemIOS, From D:/UE4/UE_4.14/Engine/Plugins/Online/IOS/OnlineSubsystemIOS/OnlineSubsystemIOS.uplugin
LogPluginManager: Loaded Plugin OnlineFramework, From D:/UE4/UE_4.14/Engine/Plugins/Online/OnlineFramework/OnlineFramework.uplugin
LogPluginManager: Loaded Plugin OnlineSubsystem, From D:/UE4/UE_4.14/Engine/Plugins/Online/OnlineSubsystem/OnlineSubsystem.uplugin
LogPluginManager: Loaded Plugin OnlineSubsystemAmazon, From D:/UE4/UE_4.14/Engine/Plugins/Online/OnlineSubsystemAmazon/OnlineSubsystemAmazon.uplugin
LogPluginManager: Loaded Plugin OnlineSubsystemFacebook, From D:/UE4/UE_4.14/Engine/Plugins/Online/OnlineSubsystemFacebook/OnlineSubsystemFacebook.uplugin
LogPluginManager: Loaded Plugin OnlineSubsystemNull, From D:/UE4/UE_4.14/Engine/Plugins/Online/OnlineSubsystemNull/OnlineSubsystemNull.uplugin
LogPluginManager: Loaded Plugin OnlineSubsystemOculus, From D:/UE4/UE_4.14/Engine/Plugins/Online/OnlineSubsystemOculus/OnlineSubsystemOculus.uplugin
LogPluginManager: Loaded Plugin OnlineSubsystemSteam, From D:/UE4/UE_4.14/Engine/Plugins/Online/OnlineSubsystemSteam/OnlineSubsystemSteam.uplugin
LogPluginManager: Loaded Plugin OnlineSubsystemUtils, From D:/UE4/UE_4.14/Engine/Plugins/Online/OnlineSubsystemUtils/OnlineSubsystemUtils.uplugin
LogPluginManager: Loaded Plugin IOSTapJoy, From D:/UE4/UE_4.14/Engine/Plugins/Runtime/Advertising/IOSTapJoy/IOSTapJoy.uplugin
LogPluginManager: Loaded Plugin AnalyticsBlueprintLibrary, From D:/UE4/UE_4.14/Engine/Plugins/Runtime/Analytics/AnalyticsBlueprintLibrary/AnalyticsBlueprintLibrary.uplugin
LogPluginManager: Loaded Plugin AnalyticsMulticast, From D:/UE4/UE_4.14/Engine/Plugins/Runtime/Analytics/AnalyticsMulticast/AnalyticsMulticast.uplugin
LogPluginManager: Loaded Plugin Apsalar, From D:/UE4/UE_4.14/Engine/Plugins/Runtime/Analytics/Apsalar/Apsalar.uplugin
LogPluginManager: Loaded Plugin FileLogging, From D:/UE4/UE_4.14/Engine/Plugins/Runtime/Analytics/FileLogging/FileLogging.uplugin
LogPluginManager: Loaded Plugin Flurry, From D:/UE4/UE_4.14/Engine/Plugins/Runtime/Analytics/Flurry/Flurry.uplugin
LogPluginManager: Loaded Plugin AndroidDeviceProfileSelector, From D:/UE4/UE_4.14/Engine/Plugins/Runtime/AndroidDeviceProfileSelector/AndroidDeviceProfileSelector.uplugin
LogPluginManager: Loaded Plugin AndroidMoviePlayer, From D:/UE4/UE_4.14/Engine/Plugins/Runtime/AndroidMoviePlayer/AndroidMoviePlayer.uplugin
LogPluginManager: Loaded Plugin AppleMoviePlayer, From D:/UE4/UE_4.14/Engine/Plugins/Runtime/AppleMoviePlayer/AppleMoviePlayer.uplugin
LogPluginManager: Loaded Plugin ArchVisCharacter, From D:/UE4/UE_4.14/Engine/Plugins/Runtime/ArchVisCharacter/ArchVisCharacter.uplugin
LogPluginManager: Loaded Plugin CableComponent, From D:/UE4/UE_4.14/Engine/Plugins/Runtime/CableComponent/CableComponent.uplugin
LogPluginManager: Loaded Plugin CustomMeshComponent, From D:/UE4/UE_4.14/Engine/Plugins/Runtime/CustomMeshComponent/CustomMeshComponent.uplugin
LogPluginManager: Loaded Plugin ExampleDeviceProfileSelector, From D:/UE4/UE_4.14/Engine/Plugins/Runtime/ExampleDeviceProfileSelector/ExampleDeviceProfileSelector.uplugin
LogPluginManager: Loaded Plugin GearVR, From D:/UE4/UE_4.14/Engine/Plugins/Runtime/GearVR/GearVR.uplugin
LogPluginManager: Loaded Plugin GoogleVRController, From D:/UE4/UE_4.14/Engine/Plugins/Runtime/GoogleVR/GoogleVRController/GoogleVRController.uplugin
LogPluginManager: Loaded Plugin GoogleVRHMD, From D:/UE4/UE_4.14/Engine/Plugins/Runtime/GoogleVR/GoogleVRHMD/GoogleVRHMD.uplugin
LogPluginManager: Loaded Plugin IOSDeviceProfileSelector, From D:/UE4/UE_4.14/Engine/Plugins/Runtime/IOSDeviceProfileSelector/IOSDeviceProfileSelector.uplugin
LogPluginManager: Loaded Plugin LeapMotion, From D:/UE4/UE_4.14/Engine/Plugins/Runtime/LeapMotion/LeapMotion.uplugin
LogPluginManager: Loaded Plugin LinuxDeviceProfileSelector, From D:/UE4/UE_4.14/Engine/Plugins/Runtime/LinuxDeviceProfileSelector/LinuxDeviceProfileSelector.uplugin
LogPluginManager: Loaded Plugin MIDIDevice, From D:/UE4/UE_4.14/Engine/Plugins/Runtime/MIDIDevice/MIDIDevice.uplugin
LogPluginManager: Loaded Plugin MobilePatchingUtils, From D:/UE4/UE_4.14/Engine/Plugins/Runtime/MobilePatchingUtils/MobilePatchingUtils.uplugin
LogPluginManager: Loaded Plugin Ansel, From D:/UE4/UE_4.14/Engine/Plugins/Runtime/Nvidia/Ansel/Ansel.uplugin
LogPluginManager: Loaded Plugin OculusAudio, From D:/UE4/UE_4.14/Engine/Plugins/Runtime/OculusAudio/OculusAudio.uplugin
LogPluginManager: Loaded Plugin OculusInput, From D:/UE4/UE_4.14/Engine/Plugins/Runtime/OculusInput/OculusInput.uplugin
LogPluginManager: Loaded Plugin OculusLibrary, From D:/UE4/UE_4.14/Engine/Plugins/Runtime/OculusLibrary/OculusLibrary.uplugin
LogPluginManager: Loaded Plugin OculusRift, From D:/UE4/UE_4.14/Engine/Plugins/Runtime/OculusRift/OculusRift.uplugin
LogPluginManager: Loaded Plugin Oodle, From D:/UE4/UE_4.14/Engine/Plugins/Runtime/PacketHandlers/CompressionComponents/Oodle/Oodle.uplugin
LogPluginManager: Loaded Plugin ProceduralMeshComponent, From D:/UE4/UE_4.14/Engine/Plugins/Runtime/ProceduralMeshComponent/ProceduralMeshComponent.uplugin
LogPluginManager: Loaded Plugin SoundMod, From D:/UE4/UE_4.14/Engine/Plugins/Runtime/SoundMod/SoundMod.uplugin
LogPluginManager: Loaded Plugin SoundVisualizations, From D:/UE4/UE_4.14/Engine/Plugins/Runtime/SoundVisualizations/SoundVisualizations.uplugin
LogPluginManager: Loaded Plugin SteamController, From D:/UE4/UE_4.14/Engine/Plugins/Runtime/Steam/SteamController/SteamController.uplugin
LogPluginManager: Loaded Plugin SteamVR, From D:/UE4/UE_4.14/Engine/Plugins/Runtime/Steam/SteamVR/SteamVR.uplugin
LogPluginManager: Loaded Plugin WebBrowserWidget, From D:/UE4/UE_4.14/Engine/Plugins/Runtime/WebBrowserWidget/WebBrowserWidget.uplugin
LogPluginManager: Loaded Plugin WindowsDeviceProfileSelector, From D:/UE4/UE_4.14/Engine/Plugins/Runtime/WindowsDeviceProfileSelector/WindowsDeviceProfileSelector.uplugin
LogPluginManager: Loaded Plugin WindowsMoviePlayer, From D:/UE4/UE_4.14/Engine/Plugins/Runtime/WindowsMoviePlayer/WindowsMoviePlayer.uplugin
LogPluginManager: Loaded Plugin ScriptPlugin, From D:/UE4/UE_4.14/Engine/Plugins/ScriptPlugin/ScriptPlugin.uplugin
LogPluginManager: Loaded Plugin SlateRemote, From D:/UE4/UE_4.14/Engine/Plugins/Slate/SlateRemote/SlateRemote.uplugin
LogPluginManager: Loaded Plugin EditorTests, From D:/UE4/UE_4.14/Engine/Plugins/Tests/EditorTests/EditorTests.uplugin
LogPluginManager: Loaded Plugin FbxAutomationTestBuilder, From D:/UE4/UE_4.14/Engine/Plugins/Tests/FbxAutomationTestBuilder/FbxAutomationTestBuilder.uplugin
LogPluginManager: Loaded Plugin FunctionalTestingEditor, From D:/UE4/UE_4.14/Engine/Plugins/Tests/FunctionalTestingEditor/FunctionalTestingEditor.uplugin
LogPluginManager: Loaded Plugin RuntimeTests, From D:/UE4/UE_4.14/Engine/Plugins/Tests/RuntimeTests/RuntimeTests.uplugin
LogPluginManager: Loaded Plugin ScreenshotTools, From D:/UE4/UE_4.14/Engine/Plugins/Tests/ScreenshotTools/ScreenshotTools.uplugin
LogInit: Using libcurl 7.47.1
LogInit:  - built for x86_64-pc-win32
LogInit:  - supports SSL with OpenSSL/1.0.2g
LogInit:  - supports HTTP deflate (compression) using libz 1.2.8
LogInit:  - other features:
LogInit:      CURL_VERSION_SSL
LogInit:      CURL_VERSION_LIBZ
LogInit:      CURL_VERSION_IPV6
LogInit:      CURL_VERSION_ASYNCHDNS
LogInit:      CURL_VERSION_LARGEFILE
LogInit:      CURL_VERSION_IDN
LogInit:  CurlRequestOptions (configurable via config and command line):
LogInit:  - bVerifyPeer = false  - Libcurl will NOT verify peer certificate
LogInit:  - bUseHttpProxy = false  - Libcurl will NOT use HTTP proxy
LogInit:  - bDontReuseConnections = false  - Libcurl will reuse connections
LogInit:  - CertBundlePath = nullptr  - Libcurl will use whatever was configured at build time.
LogInit: Build: ++UE4+Release-4.14-CL-3249277
LogInit: Engine Version: 4.14.3-3249277+++UE4+Release-4.14
LogInit: Compatible Engine Version: 4.14.0-3195953+++UE4+Release-4.14
LogInit: Net CL: 3195953
LogDevObjectVersion: Number of dev versions registered: 13
LogDevObjectVersion:   Dev-Blueprints (B0D832E4-1F89-4F0D-ACCF-7EB736FD4AA2): 7
LogDevObjectVersion:   Dev-Build (E1C64328-A22C-4D53-A36C-8E866417BD8C): 0
LogDevObjectVersion:   Dev-Core (375EC13C-06E4-48FB-B500-84F0262A717E): 1
LogDevObjectVersion:   Dev-Editor (E4B068ED-F494-42E9-A231-DA0B2E46BB41): 8
LogDevObjectVersion:   Dev-Framework (CFFC743F-43B0-4480-9391-14DF171D2073): 17
LogDevObjectVersion:   Dev-Mobile (B02B49B5-BB20-44E9-A304-32B752E40360): 0
LogDevObjectVersion:   Dev-Networking (A4E4105C-59A1-49B5-A7C5-40C4547EDFEE): 0
LogDevObjectVersion:   Dev-Online (39C831C9-5AE6-47DC-9A44-9C173E1C8E7C): 0
LogDevObjectVersion:   Dev-Physics (78F01B33-EBEA-4F98-B9B4-84EACCB95AA2): 0
LogDevObjectVersion:   Dev-Platform (6631380F-2D4D-43E0-8009-CF276956A95A): 0
LogDevObjectVersion:   Dev-Rendering (12F88B9F-8875-4AFC-A67C-D90C383ABD29): 12
LogDevObjectVersion:   Dev-Sequencer (7B5AE74C-D270-4C10-A958-57980B212A5A): 1
LogDevObjectVersion:   Dev-VR (D7296918-1DD6-4BDD-9DE2-64A83CC13884): 0
LogInit: Compiled (64-bit): Jan  6 2017 10:49:43
LogInit: Compiled with Visual C++: 19.00.23026.00
LogInit: Build Configuration: Development
LogInit: Branch Name: ++UE4+Release-4.14
LogInit: Command line: -EpicPortal 
LogInit: Base directory: D:/UE4/UE_4.14/Engine/Binaries/Win64/
LogInit: Installed Engine Build: 1
LogInit: Presizing for max 8388607 objects, including 0 objects not considered by GC, pre-allocating 0 bytes for permanent pool.
LogInit: Object subsystem initialized
[2017.02.21-02.46.21:580][  0]LogInit: Selected Device Profile: [Windows]
[2017.02.21-02.46.21:580][  0]LogInit: Applying CVar settings loaded from the selected device profile: [Windows]
[2017.02.21-02.46.21:640][  0]LogInit: Computer: NATHAN-PC
[2017.02.21-02.46.21:640][  0]LogInit: User: nathan
[2017.02.21-02.46.21:640][  0]LogInit: CPU Page size=65536, Cores=4
[2017.02.21-02.46.21:640][  0]LogInit: High frequency timer resolution =3.897824 MHz
[2017.02.21-02.46.21:640][  0]LogMemory: Memory total: Physical=16.0GB (16GB approx)
[2017.02.21-02.46.21:640][  0]LogMemory: Platform Memory Stats for Windows
[2017.02.21-02.46.21:640][  0]LogMemory: Process Physical Memory: 267.13 MB used, 267.13 MB peak
[2017.02.21-02.46.21:640][  0]LogMemory: Process Virtual Memory: 262.77 MB used, 262.77 MB peak
[2017.02.21-02.46.21:640][  0]LogMemory: Physical Memory: 4948.48 MB used,  11393.21 MB free, 16341.69 MB total
[2017.02.21-02.46.21:640][  0]LogMemory: Virtual Memory: 676.42 MB used,  11393.21 MB free, 134217728.00 MB total
[2017.02.21-02.46.21:681][  0]LogTextLocalizationManager: No specific translations for ('en-US') exist, so ('en') translations will be used.
[2017.02.21-02.46.22:619][  0]LogD3D11RHI: D3D11 adapters:
[2017.02.21-02.46.23:099][  0]LogD3D11RHI:    0. 'NVIDIA GeForce GTX 960' (Feature Level 11_0)
[2017.02.21-02.46.23:099][  0]LogD3D11RHI:       4061/0/8170 MB DedicatedVideo/DedicatedSystem/SharedSystem, Outputs:2, VendorId:0x10de
[2017.02.21-02.46.23:101][  0]LogD3D11RHI:    1. 'Microsoft Basic Render Driver' (Feature Level 11_0)
[2017.02.21-02.46.23:101][  0]LogD3D11RHI:       0/0/8170 MB DedicatedVideo/DedicatedSystem/SharedSystem, Outputs:0, VendorId:0x1414
[2017.02.21-02.46.23:101][  0]LogD3D11RHI: Chosen D3D11 Adapter: 0
[2017.02.21-02.46.23:109][  0]LogD3D11RHI: Creating new Direct3DDevice
[2017.02.21-02.46.23:109][  0]LogD3D11RHI:     GPU DeviceId: 0x1401 (for the marketing name, search the web for "GPU Device Id")
[2017.02.21-02.46.23:109][  0]LogWindows: EnumDisplayDevices:
[2017.02.21-02.46.23:109][  0]LogWindows:    0. 'NVIDIA GeForce GTX 960' (P:1 D:1)
[2017.02.21-02.46.23:110][  0]LogWindows:    1. 'NVIDIA GeForce GTX 960' (P:0 D:1)
[2017.02.21-02.46.23:110][  0]LogWindows:    2. 'NVIDIA GeForce GTX 960' (P:0 D:0)
[2017.02.21-02.46.23:111][  0]LogWindows:    3. 'NVIDIA GeForce GTX 960' (P:0 D:0)
[2017.02.21-02.46.23:111][  0]LogWindows: DebugString: FoundDriverCount:4 
[2017.02.21-02.46.23:111][  0]LogD3D11RHI:     Adapter Name: NVIDIA GeForce GTX 960
[2017.02.21-02.46.23:111][  0]LogD3D11RHI:   Driver Version: 376.53 (internal:21.21.13.7653, unified:376.53)
[2017.02.21-02.46.23:111][  0]LogD3D11RHI:      Driver Date: 12-29-2016
[2017.02.21-02.46.23:111][  0]LogRHI: Texture pool is 1361 MB (70% of 1945 MB)
[2017.02.21-02.46.23:572][  0]LogD3D11RHI: Async texture creation enabled
[2017.02.21-02.46.23:639][  0]LogD3D11RHI: GPU Timing Frequency: 1000.000000 (Debug: 2 1)
[2017.02.21-02.46.23:640][  0]LogShaderCompilers: Guid format shader working directory is 5 characters bigger than the processId version (C:/Users/nathan/Desktop/ChimeraGames/Abyss/Intermediate/Shaders/WorkingDirectory/3404/).
[2017.02.21-02.46.23:640][  0]LogShaderCompilers: Cleaned the shader compiler working directory 'C:/Users/nathan/AppData/Local/Temp/UnrealShaderWorkingDir/07EB138C41F30DB1694133BCE52D1172/'.
[2017.02.21-02.46.23:640][  0]LogShaderCompilers:Display: Using Local Shader Compiler.
[2017.02.21-02.46.25:137][  0]LogTemp:Display: Loaded TP AllDesktopTargetPlatform
[2017.02.21-02.46.25:217][  0]LogTemp:Display: Loaded TP MacClientTargetPlatform
[2017.02.21-02.46.25:298][  0]LogTemp:Display: Loaded TP MacNoEditorTargetPlatform
[2017.02.21-02.46.25:380][  0]LogTemp:Display: Loaded TP MacServerTargetPlatform
[2017.02.21-02.46.25:460][  0]LogTemp:Display: Loaded TP MacTargetPlatform
[2017.02.21-02.46.25:540][  0]LogTemp:Display: Loaded TP WindowsClientTargetPlatform
[2017.02.21-02.46.25:619][  0]LogTemp:Display: Loaded TP WindowsNoEditorTargetPlatform
[2017.02.21-02.46.25:703][  0]LogTemp:Display: Loaded TP WindowsServerTargetPlatform
[2017.02.21-02.46.25:784][  0]LogTemp:Display: Loaded TP WindowsTargetPlatform
[2017.02.21-02.46.25:878][  0]LogTemp:Display: Loaded TP AndroidTargetPlatform
[2017.02.21-02.46.25:985][  0]LogTemp:Display: Loaded TP Android_ASTCTargetPlatform
[2017.02.21-02.46.26:267][  0]LogTemp:Display: Loaded TP Android_ATCTargetPlatform
[2017.02.21-02.46.26:457][  0]LogTemp:Display: Loaded TP Android_DXTTargetPlatform
[2017.02.21-02.46.26:552][  0]LogTemp:Display: Loaded TP Android_ETC1TargetPlatform
[2017.02.21-02.46.26:644][  0]LogTemp:Display: Loaded TP Android_ETC2TargetPlatform
[2017.02.21-02.46.26:825][  0]LogTemp:Display: Loaded TP Android_MultiTargetPlatform
[2017.02.21-02.46.26:825][  0]LogTemp:Display: Loaded TP Android_PVRTCTargetPlatform
[2017.02.21-02.46.26:903][  0]LogTemp:Display: Loaded TP HTML5TargetPlatform
[2017.02.21-02.46.27:034][  0]LogTemp:Display: Loaded TP IOSTargetPlatform
[2017.02.21-02.46.27:087][  0]LogTemp:Display: Loaded TP TVOSTargetPlatform
[2017.02.21-02.46.27:173][  0]LogTemp:Display: Loaded TP LinuxClientTargetPlatform
[2017.02.21-02.46.27:258][  0]LogTemp:Display: Loaded TP LinuxNoEditorTargetPlatform
[2017.02.21-02.46.27:338][  0]LogTemp:Display: Loaded TP LinuxServerTargetPlatform
[2017.02.21-02.46.27:418][  0]LogTemp:Display: Loaded TP LinuxTargetPlatform
[2017.02.21-02.46.27:418][  0]LogTargetPlatformManager:Display: Building Assets For Windows
[2017.02.21-02.46.27:958][  0]LogDerivedDataCache:Display: Max Cache Size: 512 MB
[2017.02.21-02.46.28:057][  0]LogDerivedDataCache: Loaded boot cache 0.10s 50MB C:/Users/nathan/AppData/Local/UnrealEngine/4.14/DerivedDataCache/Boot.ddc.
[2017.02.21-02.46.28:057][  0]LogDerivedDataCache:Display: Loaded Boot cache: C:/Users/nathan/AppData/Local/UnrealEngine/4.14/DerivedDataCache/Boot.ddc
[2017.02.21-02.46.28:057][  0]LogDerivedDataCache: FDerivedDataBackendGraph:  Pak pak cache file C:/Users/nathan/Desktop/ChimeraGames/Abyss/DerivedDataCache/DDC.ddp not found, will not use a pak cache.
[2017.02.21-02.46.28:057][  0]LogDerivedDataCache: Unable to find inner node Pak for hierarchical cache Hierarchy.
[2017.02.21-02.46.28:057][  0]LogDerivedDataCache: FDerivedDataBackendGraph:  CompressedPak pak cache file C:/Users/nathan/Desktop/ChimeraGames/Abyss/DerivedDataCache/Compressed.ddp not found, will not use a pak cache.
[2017.02.21-02.46.28:057][  0]LogDerivedDataCache: Unable to find inner node CompressedPak for hierarchical cache Hierarchy.
[2017.02.21-02.46.28:079][  0]LogDerivedDataCache:Display: Pak cache opened for reading ../../../Engine/DerivedDataCache/Compressed.ddp.
[2017.02.21-02.46.28:091][  0]LogDerivedDataCache: Using Local data cache path C:/Users/nathan/AppData/Local/UnrealEngine/Common/DerivedDataCache: Writable
[2017.02.21-02.46.28:451][  0]LogInit: Selected Device Profile: [Windows]
[2017.02.21-02.46.28:458][  0]LogContentStreaming: Texture pool size is 0.00 MB
[2017.02.21-02.46.28:763][  0]LogMeshUtilities: Using QuadricMeshReduction for automatic static mesh reduction
[2017.02.21-02.46.28:826][  0]LogSimplygon: Simplygon DLL not present - disabling.
[2017.02.21-02.46.28:898][  0]LogMeshUtilities: Using SimplygonSwarm for distributed automatic mesh merging
[2017.02.21-02.46.28:898][  0]LogMeshUtilities: No automatic skeletal mesh reduction module available
[2017.02.21-02.46.28:898][  0]LogMeshUtilities: No automatic mesh merging module available
[2017.02.21-02.46.29:754][  0]LogNetVersion: GetLocalNetworkVersion: CL: 3195953, ProjectName: abyss, ProjectVersion: , EngineNetworkVersion: 2, GameNetworkVersion: 0, NetworkChecksum: 1595127573
[2017.02.21-02.46.29:836][  0]LogAssetRegistry: FAssetRegistry took 0.0223 seconds to start up
[2017.02.21-02.46.29:936][  0]LogPackageLocalizationCache: Processed 3 localized package path(s) for 2 prioritized culture(s) in 0.051559 seconds
[2017.02.21-02.46.29:945][  0]LogUObjectArray: 31946 objects as part of root set at end of initial load.
[2017.02.21-02.46.29:945][  0]LogUObjectAllocator: 6935848 out of 0 bytes used by permanent object pool.
[2017.02.21-02.46.29:945][  0]LogUObjectArray: CloseDisregardForGC: 0/0 objects in disregard for GC pool
[2017.02.21-02.46.30:037][  0]LogInit: WinSock: version 1.1 (2.2), MaxSocks=32767, MaxUdp=65467
[2017.02.21-02.46.31:114][  0]LogSlate: Using Freetype 2.6.0
[2017.02.21-02.46.31:116][  0]LogSlate: SlateFontCache - WITH_FREETYPE: 1, WITH_HARFBUZZ: 1
[2017.02.21-02.46.31:116][  0]LogSlate: SlateFontCache - WITH_FREETYPE: 1, WITH_HARFBUZZ: 1
[2017.02.21-02.46.32:622][  0]LogTcpMessaging: Initializing TcpMessaging bridge
[2017.02.21-02.46.32:671][  0]LogUdpMessaging: Initializing bridge on interface 0.0.0.0:0 to multicast group 230.0.0.1:6666.
[2017.02.21-02.46.33:122][  0]LogMaterial: Uniform references updated for custom material expression Custom.
[2017.02.21-02.46.33:671][  0]SourceControl: Info Source control is disabled
[2017.02.21-02.46.35:995][  0]LogEngine: Initializing Engine...
[2017.02.21-02.46.35:996][  0]LogHMD: Failed to initialize OpenVR with code 110
[2017.02.21-02.46.36:433][  0]LogAIModule: Creating AISystem for world Untitled
[2017.02.21-02.46.36:457][  0]LogInit: XAudio2 using 'Speakers (Realtek High Definition Audio)' : 2 channels at 48 kHz using 32 bits per sample (channel mask 0x3)
[2017.02.21-02.46.36:485][  0]LogInit: FAudioDevice initialized.
[2017.02.21-02.46.36:538][  0]LogDerivedDataCache: Saved boot cache 0.05s 50MB C:/Users/nathan/AppData/Local/UnrealEngine/4.14/DerivedDataCache/Boot.ddc.
[2017.02.21-02.46.36:556][  0]LogInit: Texture streaming: Enabled
[2017.02.21-02.46.36:846][  0]LogInit: Transaction tracking system initialized
[2017.02.21-02.46.37:363][  0]BlueprintLog: New page: Editor Load
[2017.02.21-02.46.38:600][  0]LocalizationService: Info Localization service is disabled
[2017.02.21-02.46.39:494][  0]LogConsoleResponse:Display: 
[2017.02.21-02.46.39:689][  0]LogCook:Display: Max memory allowance for cook 16384mb min free memory 0mb
[2017.02.21-02.46.39:689][  0]LogCook:Display: Mobile HDR setting 1
[2017.02.21-02.46.40:384][  0]LogFileCache: Scanning file cache for directory 'C:/Users/nathan/Desktop/ChimeraGames/Abyss/Content/' took 0.01s
[2017.02.21-02.46.41:014][  0]Cmd: MAP LOAD FILE="../../../Engine/Content/Maps/Templates/Template_Default.umap" TEMPLATE=1 SHOWPROGRESS=1 FEATURELEVEL=3
[2017.02.21-02.46.41:015][  0]LightingResults: New page: Lighting Build
[2017.02.21-02.46.41:071][  0]MapCheck: New page: Map Check
[2017.02.21-02.46.41:071][  0]LightingResults: New page: Lighting Build
[2017.02.21-02.46.41:354][  0]LogAIModule: Creating AISystem for world Untitled_1
[2017.02.21-02.46.41:355][  0]LogActorComponent: RegisterComponentWithWorld: (/Temp/Untitled_1.Untitled_1:PersistentLevel.WorldSettings_1.StaticMeshComponent0) Trying to register component with IsPendingKill() == true. Aborting.
[2017.02.21-02.46.41:362][  0]LogEditorServer: Finished looking for orphan Actors (0.000 secs)
[2017.02.21-02.46.41:367][  0]Cmd: MAP CHECKDEP NOCLEARLOG
[2017.02.21-02.46.41:476][  0]MapCheck: Info Map check complete: 0 Error(s), 0 Warning(s), took 108.377ms to complete.
[2017.02.21-02.46.41:476][  0]LogFileHelpers: Loading map 'Template_Default' took 0.462
[2017.02.21-02.46.41:584][  0]LogWindowsTextInputMethodSystem:Display: IME system now deactivated.
[2017.02.21-02.46.42:460][  0]LogCollectionManager: Loaded 0 collections in 0.002188 seconds
[2017.02.21-02.46.42:818][  0]LogFileCache: Scanning file cache for directory 'C:/Users/nathan/Desktop/ChimeraGames/Abyss/Saved/Collections/' took 0.01s
[2017.02.21-02.46.42:818][  0]LogFileCache: Scanning file cache for directory 'C:/Users/nathan/Desktop/ChimeraGames/Abyss/Content/Developers/nathan/Collections/' took 0.01s
[2017.02.21-02.46.42:818][  0]LogFileCache: Scanning file cache for directory 'C:/Users/nathan/Desktop/ChimeraGames/Abyss/Content/Collections/' took 0.01s
[2017.02.21-02.46.42:818][  0]LogCollectionManager: Rebuilt the GUID cache for 0 collections in 0.000002 seconds
[2017.02.21-02.46.42:838][  0]LogContentBrowser: Native class hierarchy populated in 0.0160 seconds. Added 2190 classes and 428 folders.
[2017.02.21-02.46.42:981][  0]LogStats: UGameplayTagsManager::ConstructGameplayTagTree: Construct from data asset -  0.000 s
[2017.02.21-02.46.42:992][  0]LogStats: UGameplayTagsManager::ConstructGameplayTagTree: GameplayTagTreeChangedEvent.Broadcast -  0.011 s
[2017.02.21-02.46.42:994][  0]LogContentBrowser: Native class hierarchy updated for 'GameplayTags' in 0.0008 seconds. Added 13 classes and 0 folders.
[2017.02.21-02.46.43:137][  0]LogContentBrowser: Native class hierarchy updated for 'WidgetCarousel' in 0.0006 seconds. Added 0 classes and 0 folders.
[2017.02.21-02.46.43:760][  0]LogContentBrowser: Native class hierarchy updated for 'AddContentDialog' in 0.0007 seconds. Added 0 classes and 0 folders.
[2017.02.21-02.46.43:925][  0]LogContentBrowser: Native class hierarchy updated for 'SceneOutliner' in 0.0008 seconds. Added 1 classes and 2 folders.
[2017.02.21-02.46.44:669][  0]LogCrashTracker: Crashtracker disabled due to settings.
[2017.02.21-02.46.45:193][  0]LogContentBrowser: Native class hierarchy updated for 'HierarchicalLODOutliner' in 0.0008 seconds. Added 1 classes and 2 folders.
[2017.02.21-02.46.45:194][  0]LogLoad: (Engine Initialization) Total time: 25.76 seconds
[2017.02.21-02.46.45:194][  0]LogLoad: (Engine Initialization) Total Blueprint compile time: 0.13 seconds
[2017.02.21-02.46.45:194][  0]LogExternalProfiler: Found external profiler: VSPerf
[2017.02.21-02.46.45:194][  0]LogExternalProfiler: Using external profiler: VSPerf
[2017.02.21-02.46.45:203][  0]LogOcInput: OculusInput pre-init called
[2017.02.21-02.46.45:336][  0]LogContentStreaming: Texture pool size now 1000 MB
[2017.02.21-02.46.46:148][  0]LogRenderer: Reallocating scene render targets to support 1004x456 NumSamples 1 (Frame:2).
[2017.02.21-02.46.46:392][  2]LogAssetRegistry: Asset discovery search completed in 16.5782 seconds
[2017.02.21-02.46.46:392][  2]LogCollectionManager: Rebuilt the object cache for 0 collections in 0.000001 seconds (found 0 objects)
[2017.02.21-02.46.46:392][  2]LogCollectionManager: Fixed up redirectors for 0 collections in 0.000017 seconds (updated 0 objects)
[2017.02.21-03.03.05:042][303]LogTexture:Display: Building textures: Knight_Idle_Frame1 (BGRA8)
[2017.02.21-03.03.05:995][351]LogMaterial: Missing cached shader map for material Knight_Idle_Frame1_Mat, compiling. 
[2017.02.21-03.03.06:128][351]LogMaterial:Warning: Material /Game/Assets/Sprites/Character/Knight_Idle_Frame1_Mat.Knight_Idle_Frame1_Mat needed to have new flag set bUsedWithStaticLighting !
[2017.02.21-03.03.06:130][351]LogMaterial: Missing cached shader map for material Knight_Idle_Frame1_Mat, compiling. 
[2017.02.21-03.03.06:164][351]LogMaterial: 0.00 seconds spent updating 1 materials, 1 interfaces, 0 instances, 0 with static permutations.
[2017.02.21-03.03.15:296][278]LogTemp: Repeting last play command: Selected Viewport
[2017.02.21-03.03.15:336][278]LogPlayLevel: PlayLevel: No blueprints needed recompiling
[2017.02.21-03.03.15:352][278]PIE: New page: PIE session: Untitled_1 (Feb 20, 2017, 5:03:15 PM)
[2017.02.21-03.03.15:366][278]LogPlayLevel: Creating play world package: /Temp/UEDPIE_0_Untitled_1
[2017.02.21-03.03.15:369][278]LogPlayLevel: PIE: StaticDuplicateObject took: (0.003089s)
[2017.02.21-03.03.15:370][278]LogAIModule: Creating AISystem for world Untitled_1
[2017.02.21-03.03.15:370][278]LogPlayLevel: PIE: World Init took: (0.001010s)
[2017.02.21-03.03.15:370][278]LogPlayLevel: PIE: Created PIE world by copying editor world from /Temp/Untitled_1.Untitled_1 to /Temp/UEDPIE_0_Untitled_1.Untitled_1 (0.018490s)
[2017.02.21-03.03.15:438][278]LogInit: XAudio2 using 'Speakers (Realtek High Definition Audio)' : 2 channels at 48 kHz using 32 bits per sample (channel mask 0x3)
[2017.02.21-03.03.15:458][278]LogInit: FAudioDevice initialized.
[2017.02.21-03.03.15:593][278]LogLoad: Game class is 'GameModeBase'
[2017.02.21-03.03.15:668][278]LogWorld: Bringing World /Temp/UEDPIE_0_Untitled_1.Untitled_1 up for play (max tick rate 0) at 2017.02.20-22.03.15
[2017.02.21-03.03.15:668][278]LogWorld: Bringing up level for play took: 0.001237
[2017.02.21-03.03.15:853][278]LogContentBrowser: Native class hierarchy updated for 'MovieSceneCapture' in 0.0008 seconds. Added 11 classes and 0 folders.
[2017.02.21-03.03.15:907][278]PIE: Info Play in editor start time for /Temp/UEDPIE_0_Untitled_1 -0.167
[2017.02.21-03.03.20:887][814]Cmd: TRANSACTION UNDO
[2017.02.21-03.03.20:887][814]LogEditorTransaction: Undo Create Actors
[2017.02.21-03.03.55:786][ 83]LogFileHelpers: Editor autosave (incl. sublevels) for '/Temp/Untitled_1' took 0.013
[2017.02.21-03.06.39:008][209]LogEditorViewport: Clicking on Actor (context menu): StaticMeshActor (Floor)
[2017.02.21-03.06.42:066][339]LogEditorViewport: Clicking Background
[2017.02.21-03.13.56:380][460]LogFileHelpers: Editor autosave (incl. sublevels) for '/Temp/Untitled_1' took 0.017
[2017.02.21-03.23.56:989][734]LogFileHelpers: Editor autosave (incl. sublevels) for '/Temp/Untitled_1' took 0.015
[2017.02.21-03.31.05:487][339]LogContentBrowser: Native class hierarchy updated for 'BlueprintGraph' in 0.0013 seconds. Added 111 classes and 0 folders.
[2017.02.21-03.33.57:905][264]LogFileHelpers: Editor autosave (incl. sublevels) for '/Temp/Untitled_1' took 0.026
[2017.02.21-03.36.41:159][655]LogRenderer: Reallocating scene render targets to support 1004x720 NumSamples 1 (Frame:68354).
[2017.02.21-03.39.01:034][215]LogTexture:Display: Building textures: Knight_Idle_Frame2 (BGRA8)
[2017.02.21-03.39.31:073][234]BlueprintLog: New page: Compile Player
[2017.02.21-03.39.32:526][253]Cmd: OBJ SAVEPACKAGE PACKAGE="/Game/BluePrints/Player" FILE="C:/Users/nathan/Desktop/ChimeraGames/Abyss/Content/BluePrints/Player.uasset" SILENT=true
[2017.02.21-03.39.32:733][253]LogSavePackage: Save=176.70ms
[2017.02.21-03.39.32:733][253]LogSavePackage: Moving 'C:/Users/nathan/Desktop/ChimeraGames/Abyss/Saved/Player0449A501405B93298295ABAF09ABA700.tmp' to 'C:/Users/nathan/Desktop/ChimeraGames/Abyss/Content/BluePrints/Player.uasset'
[2017.02.21-03.39.32:737][253]LogSavePackage:Display: Finished SavePackage C:/Users/nathan/Desktop/ChimeraGames/Abyss/Content/BluePrints/Player.uasset
[2017.02.21-03.40.53:794][999]BlueprintLog: New page: Compile Player
[2017.02.21-03.40.54:549][ 31]Cmd: OBJ SAVEPACKAGE PACKAGE="/Game/BluePrints/Player" FILE="C:/Users/nathan/Desktop/ChimeraGames/Abyss/Content/BluePrints/Player.uasset" SILENT=true
[2017.02.21-03.40.54:582][ 31]LogSavePackage: Save=15.46ms
[2017.02.21-03.40.54:582][ 31]LogSavePackage: Moving 'C:/Users/nathan/Desktop/ChimeraGames/Abyss/Saved/Player6AB31D23470B75CDD101D1A69FA67211.tmp' to 'C:/Users/nathan/Desktop/ChimeraGames/Abyss/Content/BluePrints/Player.uasset'
[2017.02.21-03.40.54:586][ 31]LogSavePackage:Display: Finished SavePackage C:/Users/nathan/Desktop/ChimeraGames/Abyss/Content/BluePrints/Player.uasset
[2017.02.21-03.41.00:965][442]BlueprintLog: New page: Compile Player
[2017.02.21-03.41.01:495][465]Cmd: OBJ SAVEPACKAGE PACKAGE="/Game/BluePrints/Player" FILE="C:/Users/nathan/Desktop/ChimeraGames/Abyss/Content/BluePrints/Player.uasset" SILENT=true
[2017.02.21-03.41.01:514][465]LogSavePackage: Save=15.46ms
[2017.02.21-03.41.01:514][465]LogSavePackage: Moving 'C:/Users/nathan/Desktop/ChimeraGames/Abyss/Saved/Player524764644A926B05A99DF1BE96DEFEF8.tmp' to 'C:/Users/nathan/Desktop/ChimeraGames/Abyss/Content/BluePrints/Player.uasset'
[2017.02.21-03.41.01:519][465]LogSavePackage:Display: Finished SavePackage C:/Users/nathan/Desktop/ChimeraGames/Abyss/Content/BluePrints/Player.uasset
[2017.02.21-03.41.33:495][682]BlueprintLog: New page: Compile Player
[2017.02.21-03.41.34:339][722]Cmd: OBJ SAVEPACKAGE PACKAGE="/Game/BluePrints/Player" FILE="C:/Users/nathan/Desktop/ChimeraGames/Abyss/Content/BluePrints/Player.uasset" SILENT=true
[2017.02.21-03.41.34:359][722]LogSavePackage: Save=15.81ms
[2017.02.21-03.41.34:359][722]LogSavePackage: Moving 'C:/Users/nathan/Desktop/ChimeraGames/Abyss/Saved/Player44FE06E341B25D7A5AA76F8E7E7A26DC.tmp' to 'C:/Users/nathan/Desktop/ChimeraGames/Abyss/Content/BluePrints/Player.uasset'
[2017.02.21-03.41.34:364][722]LogSavePackage:Display: Finished SavePackage C:/Users/nathan/Desktop/ChimeraGames/Abyss/Content/BluePrints/Player.uasset
[2017.02.21-03.43.13:391][613]Cmd: OBJ SAVEPACKAGE PACKAGE="/Game/BluePrints/Player" FILE="C:/Users/nathan/Desktop/ChimeraGames/Abyss/Content/BluePrints/Player.uasset" SILENT=true
[2017.02.21-03.43.13:406][613]LogSavePackage: Save=10.88ms
[2017.02.21-03.43.13:406][613]LogSavePackage: Moving 'C:/Users/nathan/Desktop/ChimeraGames/Abyss/Saved/PlayerF3A613234C20746FA186E8AF44164037.tmp' to 'C:/Users/nathan/Desktop/ChimeraGames/Abyss/Content/BluePrints/Player.uasset'
[2017.02.21-03.43.13:413][613]LogSavePackage:Display: Finished SavePackage C:/Users/nathan/Desktop/ChimeraGames/Abyss/Content/BluePrints/Player.uasset
[2017.02.21-03.43.51:119][583]LogGameProjectGeneration:Verbose: 'D:/UE4/UE_4.14/Templates/TP_2DSideScrollerBP/Media/TP_2DSideScrollerBP.png': Skipping as it is in an ignored folder 'Media'
[2017.02.21-03.43.51:119][583]LogGameProjectGeneration:Verbose: 'D:/UE4/UE_4.14/Templates/TP_2DSideScrollerBP/Media/TP_2DSideScrollerBP_Preview.png': Skipping as it is in an ignored folder 'Media'
[2017.02.21-03.43.51:460][584]Cmd: CLOSE_SLATE_MAINFRAME
[2017.02.21-03.43.51:623][584]LogWindowsTextInputMethodSystem:Display: IME system now deactivated.
[2017.02.21-03.43.52:017][585]Cmd: QUIT_EDITOR
[2017.02.21-03.43.53:172][585]LogExit: Preparing to exit.
[2017.02.21-03.43.54:293][585]LogExit: Editor shut down
[2017.02.21-03.43.54:294][585]LogExit: Transaction tracking system shut down
[2017.02.21-03.43.54:445][585]LogObj: Freed 0b from 0 cluster array pools.
[2017.02.21-03.43.54:446][585]LogExit: Object subsystem successfully closed.
[2017.02.21-03.43.54:462][585]LogD3D11RHI: Shutdown
[2017.02.21-03.43.54:462][585]LogD3D11RHI: CleanupD3DDevice
[2017.02.21-03.43.54:618][585]LogD3D11RHI: ~FD3D11DynamicRHI
[2017.02.21-03.43.54:654][585]LogHttp:Display: Http module shutting down, but needs to wait on 1 outstanding Http requests:
[2017.02.21-03.43.54:654][585]LogHttp:Display: 	verb=[POST] url=[https://datarouter.ol.epicgames.com/datarouter/api/v1/public/data?SessionID=%7B4D721848-42C9-38EB-E9F9-9EB59D61A6AF%7D&AppID=UEEditor.Rocket.Release&AppVersion=4.14.3-3249277%2B%2B%2BUE4%2BRelease-4.14&UserID=ebd02eab4bf37fade98294bf0ac2928c%7Cdf2486657973442ea895399024942a3f%7C11ccd397-2015-4e95-b97f-e72c5e310a35&AppEnvironment=datacollector-binary&UploadType=eteventstream] status=Processing
[2017.02.21-03.43.54:681][585]LogModuleManager: Shutting down and abandoning module BlueprintGraph (244)
[2017.02.21-03.43.54:681][585]LogModuleManager: Shutting down and abandoning module BlueprintProfiler (243)
[2017.02.21-03.43.54:708][585]LogModuleManager: Shutting down and abandoning module MovieSceneCapture (242)
[2017.02.21-03.43.54:708][585]LogModuleManager: Shutting down and abandoning module HierarchicalLODOutliner (241)
[2017.02.21-03.43.54:708][585]LogModuleManager: Shutting down and abandoning module CrashTracker (240)
[2017.02.21-03.43.54:708][585]LogModuleManager: Shutting down and abandoning module SceneOutliner (239)
[2017.02.21-03.43.54:719][585]LogModuleManager: Shutting down and abandoning module WidgetCarousel (238)
[2017.02.21-03.43.54:719][585]LogModuleManager: Shutting down and abandoning module AddContentDialog (237)
[2017.02.21-03.43.54:739][585]LogDirectoryWatcher: A directory notification for 'D:/UE4/UE_4.14/FeaturePacks/' was aborted.
[2017.02.21-03.43.54:741][585]LogModuleManager: Shutting down and abandoning module GameplayTags (236)
[2017.02.21-03.43.54:741][585]LogModuleManager: Shutting down and abandoning module EditorWidgets (235)
[2017.02.21-03.43.54:741][585]LogModuleManager: Shutting down and abandoning module CollectionManager (234)
[2017.02.21-03.43.54:741][585]LogDirectoryWatcher: A directory notification for 'C:/Users/nathan/Desktop/ChimeraGames/Abyss/Content/Collections/' was aborted.
[2017.02.21-03.43.54:741][585]LogDirectoryWatcher: A directory notification for 'C:/Users/nathan/Desktop/ChimeraGames/Abyss/Content/Developers/nathan/Collections/' was aborted.
[2017.02.21-03.43.54:741][585]LogDirectoryWatcher: A directory notification for 'C:/Users/nathan/Desktop/ChimeraGames/Abyss/Saved/Collections/' was aborted.
[2017.02.21-03.43.54:741][585]LogModuleManager: Shutting down and abandoning module StatsViewer (233)
[2017.02.21-03.43.54:741][585]LogModuleManager: Shutting down and abandoning module FoliageEdit (232)
[2017.02.21-03.43.54:741][585]LogModuleManager: Shutting down and abandoning module LandscapeEditor (231)
[2017.02.21-03.43.54:741][585]LogModuleManager: Shutting down and abandoning module SceneDepthPickerMode (230)
[2017.02.21-03.43.54:741][585]LogModuleManager: Shutting down and abandoning module ActorPickerMode (229)
[2017.02.21-03.43.54:741][585]LogModuleManager: Shutting down and abandoning module GeometryMode (228)
[2017.02.21-03.43.54:741][585]LogModuleManager: Shutting down and abandoning module TextureAlignMode (227)
[2017.02.21-03.43.54:741][585]LogModuleManager: Shutting down and abandoning module BspMode (226)
[2017.02.21-03.43.54:741][585]LogModuleManager: Shutting down and abandoning module HardwareSurvey (225)
[2017.02.21-03.43.54:741][585]LogModuleManager: Shutting down and abandoning module SequenceRecorderSections (224)
[2017.02.21-03.43.54:741][585]LogModuleManager: Shutting down and abandoning module AutomationWorker (223)
[2017.02.21-03.43.54:741][585]LogModuleManager: Shutting down and abandoning module MatineeToLevelSequence (222)
[2017.02.21-03.43.54:741][585]LogModuleManager: Shutting down and abandoning module PlacementMode (221)
[2017.02.21-03.43.54:741][585]LogModuleManager: Shutting down and abandoning module LevelSequenceEditor (220)
[2017.02.21-03.43.54:742][585]LogModuleManager: Shutting down and abandoning module WmfMediaFactory (219)
[2017.02.21-03.43.54:742][585]LogModuleManager: Shutting down and abandoning module WmfMediaEditor (218)
[2017.02.21-03.43.54:742][585]LogModuleManager: Shutting down and abandoning module AvfMediaFactory (217)
[2017.02.21-03.43.54:742][585]LogModuleManager: Shutting down and abandoning module AvfMediaEditor (216)
[2017.02.21-03.43.54:742][585]LogModuleManager: Shutting down and abandoning module Media (215)
[2017.02.21-03.43.54:742][585]LogModuleManager: Shutting down and abandoning module AndroidMediaFactory (214)
[2017.02.21-03.43.54:742][585]LogModuleManager: Shutting down and abandoning module AndroidMediaEditor (213)
[2017.02.21-03.43.54:742][585]LogModuleManager: Shutting down and abandoning module CharacterAI (212)
[2017.02.21-03.43.54:742][585]LogModuleManager: Shutting down and abandoning module SequenceRecorder (211)
[2017.02.21-03.43.54:742][585]LogModuleManager: Shutting down and abandoning module AudioCapture (210)
[2017.02.21-03.43.54:742][585]LogModuleManager: Shutting down and abandoning module SmartSnapping (209)
[2017.02.21-03.43.54:742][585]LogModuleManager: Shutting down and abandoning module SessionServices (208)
[2017.02.21-03.43.54:742][585]LogModuleManager: Shutting down and abandoning module ViewportSnapping (207)
[2017.02.21-03.43.54:742][585]LogModuleManager: Shutting down and abandoning module ViewportInteraction (206)
[2017.02.21-03.43.54:742][585]LogModuleManager: Shutting down and abandoning module LogVisualizer (205)
[2017.02.21-03.43.54:742][585]LogModuleManager: Shutting down and abandoning module GameProjectGeneration (204)
[2017.02.21-03.43.54:742][585]LogModuleManager: Shutting down and abandoning module IntroTutorials (203)
[2017.02.21-03.43.54:742][585]LogModuleManager: Shutting down and abandoning module EditorLiveStreaming (202)
[2017.02.21-03.43.54:742][585]LogModuleManager: Shutting down and abandoning module IOSPlatformEditor (201)
[2017.02.21-03.43.54:742][585]LogModuleManager: Shutting down and abandoning module HTML5PlatformEditor (200)
[2017.02.21-03.43.54:742][585]LogModuleManager: Shutting down and abandoning module AndroidDeviceDetection (199)
[2017.02.21-03.43.55:680][585]LogModuleManager: Shutting down and abandoning module AndroidPlatformEditor (198)
[2017.02.21-03.43.55:680][585]LogModuleManager: Shutting down and abandoning module IOSRuntimeSettings (197)
[2017.02.21-03.43.55:680][585]LogModuleManager: Shutting down and abandoning module AndroidRuntimeSettings (196)
[2017.02.21-03.43.55:680][585]LogModuleManager: Shutting down and abandoning module InputBindingEditor (195)
[2017.02.21-03.43.55:680][585]LogModuleManager: Shutting down and abandoning module NiagaraEditor (194)
[2017.02.21-03.43.55:680][585]LogModuleManager: Shutting down and abandoning module MergeActors (193)
[2017.02.21-03.43.55:680][585]LogModuleManager: Shutting down and abandoning module SizeMap (192)
[2017.02.21-03.43.55:680][585]LogModuleManager: Shutting down and abandoning module TreeMap (191)
[2017.02.21-03.43.55:680][585]LogModuleManager: Shutting down and abandoning module ReferenceViewer (190)
[2017.02.21-03.43.55:680][585]LogModuleManager: Shutting down and abandoning module LocalizationService (189)
[2017.02.21-03.43.55:680][585]LogModuleManager: Shutting down and abandoning module LocalizationDashboard (188)
[2017.02.21-03.43.55:680][585]LogModuleManager: Shutting down and abandoning module HardwareTargeting (187)
[2017.02.21-03.43.55:680][585]LogModuleManager: Shutting down and abandoning module DeviceProfileEditor (186)
[2017.02.21-03.43.55:680][585]LogModuleManager: Shutting down and abandoning module UndoHistory (185)
[2017.02.21-03.43.55:680][585]LogModuleManager: Shutting down and abandoning module UserFeedback (184)
[2017.02.21-03.43.55:680][585]LogModuleManager: Shutting down and abandoning module XmlParser (183)
[2017.02.21-03.43.55:680][585]LogModuleManager: Shutting down and abandoning module Blutility (182)
[2017.02.21-03.43.55:680][585]LogModuleManager: Shutting down and abandoning module ProjectTargetPlatformEditor (181)
[2017.02.21-03.43.55:691][585]LogModuleManager: Shutting down and abandoning module ProjectSettingsViewer (180)
[2017.02.21-03.43.55:691][585]LogModuleManager: Shutting down and abandoning module EditorSettingsViewer (179)
[2017.02.21-03.43.55:691][585]LogModuleManager: Shutting down and abandoning module SettingsEditor (178)
[2017.02.21-03.43.55:691][585]LogModuleManager: Shutting down and abandoning module ProjectLauncher (177)
[2017.02.21-03.43.55:691][585]LogModuleManager: Shutting down and abandoning module SessionFrontend (176)
[2017.02.21-03.43.55:691][585]LogModuleManager: Shutting down and abandoning module ProfilerClient (175)
[2017.02.21-03.43.55:691][585]LogModuleManager: Shutting down and abandoning module TargetDeviceServices (174)
[2017.02.21-03.43.55:691][585]LogModuleManager: Shutting down and abandoning module DeviceManager (173)
[2017.02.21-03.43.55:744][585]LogModuleManager: Shutting down and abandoning module AutomationController (172)
[2017.02.21-03.43.55:744][585]LogModuleManager: Shutting down and abandoning module AutomationWindow (171)
[2017.02.21-03.43.55:744][585]LogModuleManager: Shutting down and abandoning module Layers (170)
[2017.02.21-03.43.55:744][585]LogModuleManager: Shutting down and abandoning module ComponentVisualizers (169)
[2017.02.21-03.43.55:744][585]LogModuleManager: Shutting down and abandoning module DetailCustomizations (168)
[2017.02.21-03.43.55:744][585]LogModuleManager: Shutting down and abandoning module PackagesDialog (167)
[2017.02.21-03.43.55:744][585]LogModuleManager: Shutting down and abandoning module AnimGraph (166)
[2017.02.21-03.43.55:744][585]LogModuleManager: Shutting down and abandoning module Persona (165)
[2017.02.21-03.43.55:744][585]LogModuleManager: Shutting down and abandoning module Kismet (164)
[2017.02.21-03.43.55:753][585]LogModuleManager: Shutting down and abandoning module GraphEditor (163)
[2017.02.21-03.43.55:753][585]LogModuleManager: Shutting down and abandoning module ClassViewer (162)
[2017.02.21-03.43.55:784][585]LogModuleManager: Shutting down and abandoning module Toolbox (161)
[2017.02.21-03.43.55:784][585]LogModuleManager: Shutting down and abandoning module ModuleUI (160)
[2017.02.21-03.43.55:784][585]LogModuleManager: Shutting down and abandoning module MovieSceneTools (159)
[2017.02.21-03.43.55:784][585]LogModuleManager: Shutting down and abandoning module OutputLog (158)
[2017.02.21-03.43.55:784][585]LogModuleManager: Shutting down and abandoning module GammaUI (157)
[2017.02.21-03.43.55:784][585]LogModuleManager: Shutting down and abandoning module Documentation (156)
[2017.02.21-03.43.55:784][585]LogModuleManager: Shutting down and abandoning module Niagara (155)
[2017.02.21-03.43.55:784][585]LogModuleManager: Shutting down and abandoning module StreamingPauseRendering (154)
[2017.02.21-03.43.55:784][585]LogModuleManager: Shutting down and abandoning module AnalyticsET (153)
[2017.02.21-03.43.55:784][585]LogModuleManager: Shutting down and abandoning module PortalServices (152)
[2017.02.21-03.43.55:784][585]LogModuleManager: Shutting down and abandoning module PortalRpc (151)
[2017.02.21-03.43.55:784][585]LogModuleManager: Shutting down and abandoning module MessagingRpc (150)
[2017.02.21-03.43.55:784][585]LogModuleManager: Shutting down and abandoning module GameplayDebugger (149)
[2017.02.21-03.43.55:784][585]LogModuleManager: Shutting down and abandoning module AITestSuite (148)
[2017.02.21-03.43.55:784][585]LogModuleManager: Shutting down and abandoning module AIModule (147)
[2017.02.21-03.43.55:784][585]LogModuleManager: Shutting down and abandoning module ProfilerService (146)
[2017.02.21-03.43.55:819][585]LogModuleManager: Shutting down and abandoning module TaskGraph (145)
[2017.02.21-03.43.55:819][585]LogModuleManager: Shutting down and abandoning module SlateRemote (144)
[2017.02.21-03.43.55:819][585]LogModuleManager: Shutting down and abandoning module SteamVRController (143)
[2017.02.21-03.43.55:819][585]LogModuleManager: Shutting down and abandoning module SteamVR (142)
[2017.02.21-03.43.55:819][585]LogModuleManager: Shutting down and abandoning module ProceduralMeshComponentEditor (141)
[2017.02.21-03.43.55:819][585]LogModuleManager: Shutting down and abandoning module ProceduralMeshComponent (140)
[2017.02.21-03.43.55:819][585]LogModuleManager: Shutting down and abandoning module OculusLibrary (139)
[2017.02.21-03.43.55:819][585]LogModuleManager: Shutting down and abandoning module OculusInput (138)
[2017.02.21-03.43.55:819][585]LogModuleManager: Shutting down and abandoning module MobilePatchingUtils (137)
[2017.02.21-03.43.55:819][585]LogModuleManager: Shutting down and abandoning module CustomMeshComponent (136)
[2017.02.21-03.43.55:819][585]LogModuleManager: Shutting down and abandoning module CableComponent (135)
[2017.02.21-03.43.55:819][585]LogModuleManager: Shutting down and abandoning module ArchVisCharacter (134)
[2017.02.21-03.43.55:819][585]LogModuleManager: Shutting down and abandoning module MediaPlayerEditor (132)
[2017.02.21-03.43.55:819][585]LogModuleManager: Shutting down and abandoning module HTML5Networking (131)
[2017.02.21-03.43.55:819][585]LogModuleManager: Shutting down and abandoning module GeometryCacheEd (130)
[2017.02.21-03.43.55:819][585]LogModuleManager: Shutting down and abandoning module GeometryCache (129)
[2017.02.21-03.43.55:819][585]LogModuleManager: Shutting down and abandoning module AlembicLibrary (128)
[2017.02.21-03.43.55:819][585]LogModuleManager: Shutting down and abandoning module AlembicImporter (127)
[2017.02.21-03.43.55:819][585]LogModuleManager: Shutting down and abandoning module SuperSearch (126)
[2017.02.21-03.43.55:819][585]LogModuleManager: Shutting down and abandoning module SuperSearchEditor (125)
[2017.02.21-03.43.55:819][585]LogModuleManager: Shutting down and abandoning module SpeedTreeImporter (124)
[2017.02.21-03.43.55:819][585]LogModuleManager: Shutting down and abandoning module PluginBrowser (123)
[2017.02.21-03.43.55:819][585]LogModuleManager: Shutting down and abandoning module MobileLauncherProfileWizard (122)
[2017.02.21-03.43.55:819][585]LogModuleManager: Shutting down and abandoning module EpicSurvey (121)
[2017.02.21-03.43.55:844][585]LogModuleManager: Shutting down and abandoning module DesktopPlatform (120)
[2017.02.21-03.43.55:844][585]LogModuleManager: Shutting down and abandoning module VisualStudioSourceCodeAccess (119)
[2017.02.21-03.43.55:844][585]LogModuleManager: Shutting down and abandoning module UObjectPlugin (118)
[2017.02.21-03.43.55:844][585]LogModuleManager: Shutting down and abandoning module SubversionSourceControl (117)
[2017.02.21-03.43.55:844][585]LogModuleManager: Shutting down and abandoning module PerforceSourceControl (116)
[2017.02.21-03.43.55:844][585]LogModuleManager: Shutting down and abandoning module SourceControl (115)
[2017.02.21-03.43.55:844][585]LogModuleManager: Shutting down and abandoning module GitSourceControl (114)
[2017.02.21-03.43.55:844][585]LogModuleManager: Shutting down and abandoning module LightPropagationVolumeEditor (113)
[2017.02.21-03.43.55:844][585]LogModuleManager: Shutting down and abandoning module PaperTiledImporter (112)
[2017.02.21-03.43.55:844][585]LogModuleManager: Shutting down and abandoning module PaperSpriteSheetImporter (111)
[2017.02.21-03.43.55:844][585]LogModuleManager: Shutting down and abandoning module MeshPaint (110)
[2017.02.21-03.43.55:844][585]LogModuleManager: Shutting down and abandoning module PixelInspectorModule (109)
[2017.02.21-03.43.55:844][585]LogModuleManager: Shutting down and abandoning module HotReload (108)
[2017.02.21-03.43.55:845][585]LogModuleManager: Shutting down and abandoning module MainFrame (107)
[2017.02.21-03.43.55:845][585]LogModuleManager: Shutting down and abandoning module LevelEditor (106)
[2017.02.21-03.43.55:854][585]LogModuleManager: Shutting down and abandoning module ContentBrowser (105)
[2017.02.21-03.43.55:855][585]LogModuleManager: Shutting down and abandoning module Paper2DEditor (104)
[2017.02.21-03.43.55:855][585]LogModuleManager: Shutting down and abandoning module UdpMessaging (103)
[2017.02.21-03.43.55:956][585]LogModuleManager: Shutting down and abandoning module TcpMessaging (102)
[2017.02.21-03.43.56:057][585]LogModuleManager: Shutting down and abandoning module LightPropagationVolumeRuntime (101)
[2017.02.21-03.43.56:057][585]LogModuleManager: Shutting down and abandoning module Paper2D (100)
[2017.02.21-03.43.56:057][585]LogModuleManager: Shutting down and abandoning module WindowsMoviePlayer (99)
[2017.02.21-03.43.56:057][585]LogModuleManager: Shutting down and abandoning module WmfMedia (98)
[2017.02.21-03.43.56:057][585]LogModuleManager: Shutting down and abandoning module MediaAssets (97)
[2017.02.21-03.43.56:057][585]LogModuleManager: Shutting down and abandoning module GameLiveStreaming (96)
[2017.02.21-03.43.56:057][585]LogModuleManager: Shutting down and abandoning module GameplayTagsEditor (95)
[2017.02.21-03.43.56:057][585]LogModuleManager: Shutting down and abandoning module VREditor (94)
[2017.02.21-03.43.56:057][585]LogModuleManager: Shutting down and abandoning module GameplayTasksEditor (93)
[2017.02.21-03.43.56:057][585]LogModuleManager: Shutting down and abandoning module BehaviorTreeEditor (92)
[2017.02.21-03.43.56:057][585]LogModuleManager: Shutting down and abandoning module FunctionalTesting (91)
[2017.02.21-03.43.56:057][585]LogModuleManager: Shutting down and abandoning module CollisionAnalyzer (90)
[2017.02.21-03.43.56:057][585]LogModuleManager: Shutting down and abandoning module Sequencer (89)
[2017.02.21-03.43.56:057][585]LogModuleManager: Shutting down and abandoning module WorkspaceMenuStructure (88)
[2017.02.21-03.43.56:057][585]LogModuleManager: Shutting down and abandoning module MessageLog (87)
[2017.02.21-03.43.56:057][585]LogModuleManager: Shutting down and abandoning module AssetTools (86)
[2017.02.21-03.43.56:057][585]LogModuleManager: Shutting down and abandoning module UMGEditor (85)
[2017.02.21-03.43.56:057][585]LogModuleManager: Shutting down and abandoning module UMG (84)
[2017.02.21-03.43.56:058][585]LogModuleManager: Shutting down and abandoning module SlateReflector (83)
[2017.02.21-03.43.56:058][585]LogModuleManager: Shutting down and abandoning module Slate (82)
[2017.02.21-03.43.56:058][585]LogModuleManager: Shutting down and abandoning module EditorStyle (81)
[2017.02.21-03.43.56:061][585]LogModuleManager: Shutting down and abandoning module SourceCodeAccess (80)
[2017.02.21-03.43.56:061][585]LogModuleManager: Shutting down and abandoning module HeadMountedDisplay (79)
[2017.02.21-03.43.56:061][585]LogModuleManager: Shutting down and abandoning module XAudio2 (78)
[2017.02.21-03.43.56:061][585]LogModuleManager: Shutting down and abandoning module Networking (76)
[2017.02.21-03.43.56:061][585]LogModuleManager: Shutting down and abandoning module Core (75)
[2017.02.21-03.43.56:061][585]LogModuleManager: Shutting down and abandoning module DirectoryWatcher (74)
[2017.02.21-03.43.56:061][585]LogDirectoryWatcher: A directory notification for '../../../Engine/Content/' was aborted.
[2017.02.21-03.43.56:061][585]LogDirectoryWatcher: A directory notification for 'C:/Users/nathan/Desktop/ChimeraGames/Abyss/Content/' was aborted.
[2017.02.21-03.43.56:061][585]LogDirectoryWatcher: A directory notification for '../../../Engine/Plugins/2D/Paper2D/Content/' was aborted.
[2017.02.21-03.43.56:062][585]LogModuleManager: Shutting down and abandoning module AssetRegistry (73)
[2017.02.21-03.43.56:280][585]LogModuleManager: Shutting down and abandoning module KismetCompiler (72)
[2017.02.21-03.43.56:280][585]LogModuleManager: Shutting down and abandoning module PhysXFormats (71)
[2017.02.21-03.43.56:280][585]LogModuleManager: Shutting down and abandoning module SimplygonSwarm (70)
[2017.02.21-03.43.56:280][585]LogModuleManager: Shutting down and abandoning module SimplygonMeshReduction (69)
[2017.02.21-03.43.56:280][585]LogModuleManager: Shutting down and abandoning module QuadricMeshReduction (68)
[2017.02.21-03.43.56:280][585]LogModuleManager: Shutting down and abandoning module PropertyEditor (67)
[2017.02.21-03.43.56:280][585]LogModuleManager: Shutting down and abandoning module MeshUtilities (66)
[2017.02.21-03.43.56:280][585]LogModuleManager: Shutting down and abandoning module DerivedDataCache (65)
[2017.02.21-03.43.56:296][585]LogDerivedDataCache: Shutdown
[2017.02.21-03.43.56:296][585]LogModuleManager: Shutting down and abandoning module VulkanShaderFormat (64)
[2017.02.21-03.43.56:296][585]LogModuleManager: Shutting down and abandoning module ShaderFormatOpenGL (63)
[2017.02.21-03.43.56:296][585]LogModuleManager: Shutting down and abandoning module ShaderFormatD3D (62)
[2017.02.21-03.43.56:296][585]LogModuleManager: Shutting down and abandoning module MetalShaderFormat (61)
[2017.02.21-03.43.56:296][585]LogModuleManager: Shutting down and abandoning module TextureFormatUncompressed (60)
[2017.02.21-03.43.56:296][585]LogModuleManager: Shutting down and abandoning module TextureFormatPVR (59)
[2017.02.21-03.43.56:296][585]LogModuleManager: Shutting down and abandoning module TextureFormatDXT (58)
[2017.02.21-03.43.56:296][585]LogModuleManager: Shutting down and abandoning module TextureFormatIntelISPCTexComp (57)
[2017.02.21-03.43.56:297][585]LogModuleManager: Shutting down and abandoning module ImageWrapper (56)
[2017.02.21-03.43.56:297][585]LogModuleManager: Shutting down and abandoning module TextureFormatASTC (55)
[2017.02.21-03.43.56:297][585]LogModuleManager: Shutting down and abandoning module TextureFormatAndroid (54)
[2017.02.21-03.43.56:297][585]LogModuleManager: Shutting down and abandoning module AudioFormatOpus (53)
[2017.02.21-03.43.56:297][585]LogModuleManager: Shutting down and abandoning module AudioFormatOgg (52)
[2017.02.21-03.43.56:297][585]LogModuleManager: Shutting down and abandoning module AudioFormatADPCM (51)
[2017.02.21-03.43.56:297][585]LogModuleManager: Shutting down and abandoning module LinuxTargetPlatform (50)
[2017.02.21-03.43.56:297][585]LogModuleManager: Shutting down and abandoning module LinuxServerTargetPlatform (49)
[2017.02.21-03.43.56:297][585]LogModuleManager: Shutting down and abandoning module LinuxNoEditorTargetPlatform (48)
[2017.02.21-03.43.56:297][585]LogModuleManager: Shutting down and abandoning module LinuxClientTargetPlatform (47)
[2017.02.21-03.43.56:297][585]LogModuleManager: Shutting down and abandoning module TVOSTargetPlatform (46)
[2017.02.21-03.43.56:297][585]LogModuleManager: Shutting down and abandoning module Messaging (45)
[2017.02.21-03.43.56:297][585]LogModuleManager: Shutting down and abandoning module IOSTargetPlatform (44)
[2017.02.21-03.43.56:297][585]LogModuleManager: Shutting down and abandoning module HTML5TargetPlatform (43)
[2017.02.21-03.43.56:297][585]LogModuleManager: Shutting down and abandoning module Android_PVRTCTargetPlatform (42)
[2017.02.21-03.43.56:297][585]LogModuleManager: Shutting down and abandoning module Android_MultiTargetPlatform (41)
[2017.02.21-03.43.56:297][585]LogModuleManager: Shutting down and abandoning module Android_ETC2TargetPlatform (40)
[2017.02.21-03.43.56:297][585]LogModuleManager: Shutting down and abandoning module Android_ETC1TargetPlatform (39)
[2017.02.21-03.43.56:297][585]LogModuleManager: Shutting down and abandoning module Android_DXTTargetPlatform (38)
[2017.02.21-03.43.56:297][585]LogModuleManager: Shutting down and abandoning module Android_ATCTargetPlatform (37)
[2017.02.21-03.43.56:297][585]LogModuleManager: Shutting down and abandoning module Android_ASTCTargetPlatform (36)
[2017.02.21-03.43.56:297][585]LogModuleManager: Shutting down and abandoning module AndroidTargetPlatform (35)
[2017.02.21-03.43.56:297][585]LogModuleManager: Shutting down and abandoning module WindowsTargetPlatform (34)
[2017.02.21-03.43.56:297][585]LogModuleManager: Shutting down and abandoning module WindowsServerTargetPlatform (33)
[2017.02.21-03.43.56:297][585]LogModuleManager: Shutting down and abandoning module WindowsNoEditorTargetPlatform (32)
[2017.02.21-03.43.56:297][585]LogModuleManager: Shutting down and abandoning module WindowsClientTargetPlatform (31)
[2017.02.21-03.43.56:297][585]LogModuleManager: Shutting down and abandoning module MacTargetPlatform (30)
[2017.02.21-03.43.56:297][585]LogModuleManager: Shutting down and abandoning module MacServerTargetPlatform (29)
[2017.02.21-03.43.56:297][585]LogModuleManager: Shutting down and abandoning module MacNoEditorTargetPlatform (28)
[2017.02.21-03.43.56:297][585]LogModuleManager: Shutting down and abandoning module MacClientTargetPlatform (27)
[2017.02.21-03.43.56:297][585]LogModuleManager: Shutting down and abandoning module AllDesktopTargetPlatform (26)
[2017.02.21-03.43.56:297][585]LogModuleManager: Shutting down and abandoning module TargetPlatform (25)
[2017.02.21-03.43.56:297][585]LogModuleManager: Shutting down and abandoning module InputCore (24)
[2017.02.21-03.43.56:297][585]LogModuleManager: Shutting down and abandoning module Settings (23)
[2017.02.21-03.43.56:297][585]LogModuleManager: Shutting down and abandoning module OculusRift (22)
[2017.02.21-03.43.56:297][585]LogModuleManager: Shutting down and abandoning module ExampleDeviceProfileSelector (21)
[2017.02.21-03.43.56:297][585]LogModuleManager: Shutting down and abandoning module OnlineBlueprintSupport (20)
[2017.02.21-03.43.56:297][585]LogModuleManager: Shutting down and abandoning module OnlineSubsystem (18)
[2017.02.21-03.43.56:297][585]LogOnline:Display: Unloading online subsystem: NULL
[2017.02.21-03.43.56:297][585]LogModuleManager: Shutting down and abandoning module SSL (17)
[2017.02.21-03.43.56:299][585]LogModuleManager: Shutting down and abandoning module HTTP (16)
[2017.02.21-03.43.56:299][585]LogModuleManager: Shutting down and abandoning module XMPP (15)
[2017.02.21-03.43.56:300][585]LogModuleManager: Shutting down and abandoning module TextureCompressor (14)
[2017.02.21-03.43.56:300][585]LogModuleManager: Shutting down and abandoning module ShaderCore (13)
[2017.02.21-03.43.56:300][585]LogModuleManager: Shutting down and abandoning module Landscape (12)
[2017.02.21-03.43.56:300][585]LogModuleManager: Shutting down and abandoning module SlateRHIRenderer (11)
[2017.02.21-03.43.56:303][585]LogModuleManager: Shutting down and abandoning module OpenGLDrv (10)
[2017.02.21-03.43.56:304][585]LogModuleManager: Shutting down and abandoning module D3D11RHI (9)
[2017.02.21-03.43.56:304][585]LogModuleManager: Shutting down and abandoning module AnimGraphRuntime (8)
[2017.02.21-03.43.56:304][585]LogModuleManager: Shutting down and abandoning module Renderer (7)
[2017.02.21-03.43.56:304][585]LogModuleManager: Shutting down and abandoning module Engine (6)
[2017.02.21-03.43.56:304][585]LogModuleManager: Shutting down and abandoning module CoreUObject (5)
[2017.02.21-03.43.56:304][585]LogModuleManager: Shutting down and abandoning module NetworkFile (4)
[2017.02.21-03.43.56:304][585]LogModuleManager: Shutting down and abandoning module StreamingFile (3)
[2017.02.21-03.43.56:304][585]LogModuleManager: Shutting down and abandoning module SandboxFile (2)
[2017.02.21-03.43.56:304][585]LogModuleManager: Shutting down and abandoning module PakFile (1)
[2017.02.21-03.43.56:306][585]LogExit: Exiting.
[2017.02.21-03.43.56:315][585]Log file closed, 02/20/17 22:43:56
