Log file open, 02/27/17 22:03:13
LogInit:Display: Running engine for game: Abyss
LogPlatformFile: Not using cached read wrapper
LogInit:Display: RandInit(1744226075) SRandInit(1744226075).
LogTaskGraph: Started task graph with 5 named threads and 6 total threads with 1 sets of task threads.
LogStats: Stats thread started at 0.377323
LogPluginManager: Loaded Plugin Paper2D, From C:/Program Files (x86)/Epic Games/4.14/Engine/Plugins/2D/Paper2D/Paper2D.uplugin
LogPluginManager: Loaded Plugin LightPropagationVolume, From C:/Program Files (x86)/Epic Games/4.14/Engine/Plugins/Blendables/LightPropagationVolume/LightPropagationVolume.uplugin
LogPluginManager: Loaded Plugin BlankPlugin, From C:/Program Files (x86)/Epic Games/4.14/Engine/Plugins/Developer/BlankPlugin/BlankPlugin.uplugin
LogPluginManager: Loaded Plugin CodeLiteSourceCodeAccess, From C:/Program Files (x86)/Epic Games/4.14/Engine/Plugins/Developer/CodeLiteSourceCodeAccess/CodeLiteSourceCodeAccess.uplugin
LogPluginManager: Loaded Plugin GitSourceControl, From C:/Program Files (x86)/Epic Games/4.14/Engine/Plugins/Developer/GitSourceControl/GitSourceControl.uplugin
LogPluginManager: Loaded Plugin KDevelopSourceCodeAccess, From C:/Program Files (x86)/Epic Games/4.14/Engine/Plugins/Developer/KDevelopSourceCodeAccess/KDevelopSourceCodeAccess.uplugin
LogPluginManager: Loaded Plugin NullSourceCodeAccess, From C:/Program Files (x86)/Epic Games/4.14/Engine/Plugins/Developer/NullSourceCodeAccess/NullSourceCodeAccess.uplugin
LogPluginManager: Loaded Plugin OneSkyLocalizationService, From C:/Program Files (x86)/Epic Games/4.14/Engine/Plugins/Developer/OneSkyLocalizationService/OneSkyLocalizationService.uplugin
LogPluginManager: Loaded Plugin PerforceSourceControl, From C:/Program Files (x86)/Epic Games/4.14/Engine/Plugins/Developer/PerforceSourceControl/PerforceSourceControl.uplugin
LogPluginManager: Loaded Plugin SubversionSourceControl, From C:/Program Files (x86)/Epic Games/4.14/Engine/Plugins/Developer/SubversionSourceControl/SubversionSourceControl.uplugin
LogPluginManager: Loaded Plugin UObjectPlugin, From C:/Program Files (x86)/Epic Games/4.14/Engine/Plugins/Developer/UObjectPlugin/UObjectPlugin.uplugin
LogPluginManager: Loaded Plugin VisualStudioSourceCodeAccess, From C:/Program Files (x86)/Epic Games/4.14/Engine/Plugins/Developer/VisualStudioSourceCodeAccess/VisualStudioSourceCodeAccess.uplugin
LogPluginManager: Loaded Plugin XCodeSourceCodeAccess, From C:/Program Files (x86)/Epic Games/4.14/Engine/Plugins/Developer/XCodeSourceCodeAccess/XCodeSourceCodeAccess.uplugin
LogPluginManager: Loaded Plugin AudioCapture, From C:/Program Files (x86)/Epic Games/4.14/Engine/Plugins/Editor/AudioCapture/AudioCapture.uplugin
LogPluginManager: Loaded Plugin EpicSurvey, From C:/Program Files (x86)/Epic Games/4.14/Engine/Plugins/Editor/EpicSurvey/EpicSurvey.uplugin
LogPluginManager: Loaded Plugin MacGraphicsSwitching, From C:/Program Files (x86)/Epic Games/4.14/Engine/Plugins/Editor/MacGraphicsSwitching/MacGraphicsSwitching.uplugin
LogPluginManager: Loaded Plugin MobileLauncherProfileWizard, From C:/Program Files (x86)/Epic Games/4.14/Engine/Plugins/Editor/MobileLauncherProfileWizard/MobileLauncherProfileWizard.uplugin
LogPluginManager: Loaded Plugin PluginBrowser, From C:/Program Files (x86)/Epic Games/4.14/Engine/Plugins/Editor/PluginBrowser/PluginBrowser.uplugin
LogPluginManager: Loaded Plugin SpeedTreeImporter, From C:/Program Files (x86)/Epic Games/4.14/Engine/Plugins/Editor/SpeedTreeImporter/SpeedTreeImporter.uplugin
LogPluginManager: Loaded Plugin SuperSearchEditor, From C:/Program Files (x86)/Epic Games/4.14/Engine/Plugins/Editor/SuperSearchEditor/SuperSearchEditor.uplugin
LogPluginManager: Loaded Plugin AlembicImporter, From C:/Program Files (x86)/Epic Games/4.14/Engine/Plugins/Experimental/AlembicImporter/AlembicImporter.uplugin
LogPluginManager: Loaded Plugin BlueprintStats, From C:/Program Files (x86)/Epic Games/4.14/Engine/Plugins/Experimental/BlueprintStats/BlueprintStats.uplugin
LogPluginManager: Loaded Plugin CharacterAI, From C:/Program Files (x86)/Epic Games/4.14/Engine/Plugins/Experimental/CharacterAI/CharacterAI.uplugin
LogPluginManager: Loaded Plugin CodeEditor, From C:/Program Files (x86)/Epic Games/4.14/Engine/Plugins/Experimental/CodeEditor/CodeEditor.uplugin
LogPluginManager: Loaded Plugin CodeView, From C:/Program Files (x86)/Epic Games/4.14/Engine/Plugins/Experimental/CodeView/CodeView.uplugin
LogPluginManager: Loaded Plugin HTML5Networking, From C:/Program Files (x86)/Epic Games/4.14/Engine/Plugins/Experimental/HTML5Networking/HTML5Networking.uplugin
LogPluginManager: Loaded Plugin OSVR, From C:/Program Files (x86)/Epic Games/4.14/Engine/Plugins/Experimental/OSVR/OSVR.uplugin
LogPluginManager: Loaded Plugin Phya, From C:/Program Files (x86)/Epic Games/4.14/Engine/Plugins/Experimental/Phya/Phya.uplugin
LogPluginManager: Loaded Plugin SignificanceManager, From C:/Program Files (x86)/Epic Games/4.14/Engine/Plugins/Experimental/SignificanceManager/SignificanceManager.uplugin
LogPluginManager: Loaded Plugin SimpleHMD, From C:/Program Files (x86)/Epic Games/4.14/Engine/Plugins/Experimental/SimpleHMD/SimpleHMD.uplugin
LogPluginManager: Loaded Plugin StereoPanorama, From C:/Program Files (x86)/Epic Games/4.14/Engine/Plugins/Experimental/StereoPanorama/StereoPanorama.uplugin
LogPluginManager: Loaded Plugin StructBox, From C:/Program Files (x86)/Epic Games/4.14/Engine/Plugins/Experimental/StructBox/StructBox.uplugin
LogPluginManager: Loaded Plugin HGGifImporter, From C:/Program Files (x86)/Epic Games/4.14/Engine/Plugins/Marketplace/HGGifImporter/HGGifImporter.uplugin
LogPluginManager: Loaded Plugin MidiAsset, From C:/Program Files (x86)/Epic Games/4.14/Engine/Plugins/Marketplace/MidiAsset/MidiAsset.uplugin
LogPluginManager: Loaded Plugin UnrealJS, From C:/Program Files (x86)/Epic Games/4.14/Engine/Plugins/Marketplace/UnrealJS/UnrealJS.uplugin
LogPluginManager: Loaded Plugin AndroidMedia, From C:/Program Files (x86)/Epic Games/4.14/Engine/Plugins/Media/AndroidMedia/AndroidMedia.uplugin
LogPluginManager: Loaded Plugin AvfMedia, From C:/Program Files (x86)/Epic Games/4.14/Engine/Plugins/Media/AvfMedia/AvfMedia.uplugin
LogPluginManager: Loaded Plugin MediaPlayerEditor, From C:/Program Files (x86)/Epic Games/4.14/Engine/Plugins/Media/MediaPlayerEditor/MediaPlayerEditor.uplugin
LogPluginManager: Loaded Plugin WmfMedia, From C:/Program Files (x86)/Epic Games/4.14/Engine/Plugins/Media/WmfMedia/WmfMedia.uplugin
LogPluginManager: Loaded Plugin MessagingDebugger, From C:/Program Files (x86)/Epic Games/4.14/Engine/Plugins/Messaging/MessagingDebugger/MessagingDebugger.uplugin
LogPluginManager: Loaded Plugin TcpMessaging, From C:/Program Files (x86)/Epic Games/4.14/Engine/Plugins/Messaging/TcpMessaging/TcpMessaging.uplugin
LogPluginManager: Loaded Plugin UdpMessaging, From C:/Program Files (x86)/Epic Games/4.14/Engine/Plugins/Messaging/UdpMessaging/UdpMessaging.uplugin
LogPluginManager: Loaded Plugin LevelSequenceEditor, From C:/Program Files (x86)/Epic Games/4.14/Engine/Plugins/MovieScene/LevelSequenceEditor/LevelSequenceEditor.uplugin
LogPluginManager: Loaded Plugin MatineeToLevelSequence, From C:/Program Files (x86)/Epic Games/4.14/Engine/Plugins/MovieScene/MatineeToLevelSequence/MatineeToLevelSequence.uplugin
LogPluginManager: Loaded Plugin NetcodeUnitTest, From C:/Program Files (x86)/Epic Games/4.14/Engine/Plugins/NetcodeUnitTest/NetcodeUnitTest/NetcodeUnitTest.uplugin
LogPluginManager: Loaded Plugin NUTUnrealEngine4, From C:/Program Files (x86)/Epic Games/4.14/Engine/Plugins/NetcodeUnitTest/NUTUnrealEngine4/NUTUnrealEngine4.uplugin
LogPluginManager: Loaded Plugin OnlineSubsystemGameCircle, From C:/Program Files (x86)/Epic Games/4.14/Engine/Plugins/Online/Android/OnlineSubsystemGameCircle/OnlineSubsystemGameCircle.uplugin
LogPluginManager: Loaded Plugin OnlineSubsystemGooglePlay, From C:/Program Files (x86)/Epic Games/4.14/Engine/Plugins/Online/Android/OnlineSubsystemGooglePlay/OnlineSubsystemGooglePlay.uplugin
LogPluginManager: Loaded Plugin OnlineSubsystemIOS, From C:/Program Files (x86)/Epic Games/4.14/Engine/Plugins/Online/IOS/OnlineSubsystemIOS/OnlineSubsystemIOS.uplugin
LogPluginManager: Loaded Plugin OnlineFramework, From C:/Program Files (x86)/Epic Games/4.14/Engine/Plugins/Online/OnlineFramework/OnlineFramework.uplugin
LogPluginManager: Loaded Plugin OnlineSubsystem, From C:/Program Files (x86)/Epic Games/4.14/Engine/Plugins/Online/OnlineSubsystem/OnlineSubsystem.uplugin
LogPluginManager: Loaded Plugin OnlineSubsystemAmazon, From C:/Program Files (x86)/Epic Games/4.14/Engine/Plugins/Online/OnlineSubsystemAmazon/OnlineSubsystemAmazon.uplugin
LogPluginManager: Loaded Plugin OnlineSubsystemFacebook, From C:/Program Files (x86)/Epic Games/4.14/Engine/Plugins/Online/OnlineSubsystemFacebook/OnlineSubsystemFacebook.uplugin
LogPluginManager: Loaded Plugin OnlineSubsystemNull, From C:/Program Files (x86)/Epic Games/4.14/Engine/Plugins/Online/OnlineSubsystemNull/OnlineSubsystemNull.uplugin
LogPluginManager: Loaded Plugin OnlineSubsystemOculus, From C:/Program Files (x86)/Epic Games/4.14/Engine/Plugins/Online/OnlineSubsystemOculus/OnlineSubsystemOculus.uplugin
LogPluginManager: Loaded Plugin OnlineSubsystemSteam, From C:/Program Files (x86)/Epic Games/4.14/Engine/Plugins/Online/OnlineSubsystemSteam/OnlineSubsystemSteam.uplugin
LogPluginManager: Loaded Plugin OnlineSubsystemUtils, From C:/Program Files (x86)/Epic Games/4.14/Engine/Plugins/Online/OnlineSubsystemUtils/OnlineSubsystemUtils.uplugin
LogPluginManager: Loaded Plugin IOSTapJoy, From C:/Program Files (x86)/Epic Games/4.14/Engine/Plugins/Runtime/Advertising/IOSTapJoy/IOSTapJoy.uplugin
LogPluginManager: Loaded Plugin AnalyticsBlueprintLibrary, From C:/Program Files (x86)/Epic Games/4.14/Engine/Plugins/Runtime/Analytics/AnalyticsBlueprintLibrary/AnalyticsBlueprintLibrary.uplugin
LogPluginManager: Loaded Plugin AnalyticsMulticast, From C:/Program Files (x86)/Epic Games/4.14/Engine/Plugins/Runtime/Analytics/AnalyticsMulticast/AnalyticsMulticast.uplugin
LogPluginManager: Loaded Plugin Apsalar, From C:/Program Files (x86)/Epic Games/4.14/Engine/Plugins/Runtime/Analytics/Apsalar/Apsalar.uplugin
LogPluginManager: Loaded Plugin FileLogging, From C:/Program Files (x86)/Epic Games/4.14/Engine/Plugins/Runtime/Analytics/FileLogging/FileLogging.uplugin
LogPluginManager: Loaded Plugin Flurry, From C:/Program Files (x86)/Epic Games/4.14/Engine/Plugins/Runtime/Analytics/Flurry/Flurry.uplugin
LogPluginManager: Loaded Plugin AndroidDeviceProfileSelector, From C:/Program Files (x86)/Epic Games/4.14/Engine/Plugins/Runtime/AndroidDeviceProfileSelector/AndroidDeviceProfileSelector.uplugin
LogPluginManager: Loaded Plugin AndroidMoviePlayer, From C:/Program Files (x86)/Epic Games/4.14/Engine/Plugins/Runtime/AndroidMoviePlayer/AndroidMoviePlayer.uplugin
LogPluginManager: Loaded Plugin AppleMoviePlayer, From C:/Program Files (x86)/Epic Games/4.14/Engine/Plugins/Runtime/AppleMoviePlayer/AppleMoviePlayer.uplugin
LogPluginManager: Loaded Plugin ArchVisCharacter, From C:/Program Files (x86)/Epic Games/4.14/Engine/Plugins/Runtime/ArchVisCharacter/ArchVisCharacter.uplugin
LogPluginManager: Loaded Plugin CableComponent, From C:/Program Files (x86)/Epic Games/4.14/Engine/Plugins/Runtime/CableComponent/CableComponent.uplugin
LogPluginManager: Loaded Plugin CustomMeshComponent, From C:/Program Files (x86)/Epic Games/4.14/Engine/Plugins/Runtime/CustomMeshComponent/CustomMeshComponent.uplugin
LogPluginManager: Loaded Plugin ExampleDeviceProfileSelector, From C:/Program Files (x86)/Epic Games/4.14/Engine/Plugins/Runtime/ExampleDeviceProfileSelector/ExampleDeviceProfileSelector.uplugin
LogPluginManager: Loaded Plugin GearVR, From C:/Program Files (x86)/Epic Games/4.14/Engine/Plugins/Runtime/GearVR/GearVR.uplugin
LogPluginManager: Loaded Plugin GoogleVRController, From C:/Program Files (x86)/Epic Games/4.14/Engine/Plugins/Runtime/GoogleVR/GoogleVRController/GoogleVRController.uplugin
LogPluginManager: Loaded Plugin GoogleVRHMD, From C:/Program Files (x86)/Epic Games/4.14/Engine/Plugins/Runtime/GoogleVR/GoogleVRHMD/GoogleVRHMD.uplugin
LogPluginManager: Loaded Plugin IOSDeviceProfileSelector, From C:/Program Files (x86)/Epic Games/4.14/Engine/Plugins/Runtime/IOSDeviceProfileSelector/IOSDeviceProfileSelector.uplugin
LogPluginManager: Loaded Plugin LeapMotion, From C:/Program Files (x86)/Epic Games/4.14/Engine/Plugins/Runtime/LeapMotion/LeapMotion.uplugin
LogPluginManager: Loaded Plugin LinuxDeviceProfileSelector, From C:/Program Files (x86)/Epic Games/4.14/Engine/Plugins/Runtime/LinuxDeviceProfileSelector/LinuxDeviceProfileSelector.uplugin
LogPluginManager: Loaded Plugin MIDIDevice, From C:/Program Files (x86)/Epic Games/4.14/Engine/Plugins/Runtime/MIDIDevice/MIDIDevice.uplugin
LogPluginManager: Loaded Plugin MobilePatchingUtils, From C:/Program Files (x86)/Epic Games/4.14/Engine/Plugins/Runtime/MobilePatchingUtils/MobilePatchingUtils.uplugin
LogPluginManager: Loaded Plugin Ansel, From C:/Program Files (x86)/Epic Games/4.14/Engine/Plugins/Runtime/Nvidia/Ansel/Ansel.uplugin
LogPluginManager: Loaded Plugin OculusAudio, From C:/Program Files (x86)/Epic Games/4.14/Engine/Plugins/Runtime/OculusAudio/OculusAudio.uplugin
LogPluginManager: Loaded Plugin OculusInput, From C:/Program Files (x86)/Epic Games/4.14/Engine/Plugins/Runtime/OculusInput/OculusInput.uplugin
LogPluginManager: Loaded Plugin OculusLibrary, From C:/Program Files (x86)/Epic Games/4.14/Engine/Plugins/Runtime/OculusLibrary/OculusLibrary.uplugin
LogPluginManager: Loaded Plugin OculusRift, From C:/Program Files (x86)/Epic Games/4.14/Engine/Plugins/Runtime/OculusRift/OculusRift.uplugin
LogPluginManager: Loaded Plugin Oodle, From C:/Program Files (x86)/Epic Games/4.14/Engine/Plugins/Runtime/PacketHandlers/CompressionComponents/Oodle/Oodle.uplugin
LogPluginManager: Loaded Plugin ProceduralMeshComponent, From C:/Program Files (x86)/Epic Games/4.14/Engine/Plugins/Runtime/ProceduralMeshComponent/ProceduralMeshComponent.uplugin
LogPluginManager: Loaded Plugin SoundMod, From C:/Program Files (x86)/Epic Games/4.14/Engine/Plugins/Runtime/SoundMod/SoundMod.uplugin
LogPluginManager: Loaded Plugin SoundVisualizations, From C:/Program Files (x86)/Epic Games/4.14/Engine/Plugins/Runtime/SoundVisualizations/SoundVisualizations.uplugin
LogPluginManager: Loaded Plugin SteamController, From C:/Program Files (x86)/Epic Games/4.14/Engine/Plugins/Runtime/Steam/SteamController/SteamController.uplugin
LogPluginManager: Loaded Plugin SteamVR, From C:/Program Files (x86)/Epic Games/4.14/Engine/Plugins/Runtime/Steam/SteamVR/SteamVR.uplugin
LogPluginManager: Loaded Plugin WebBrowserWidget, From C:/Program Files (x86)/Epic Games/4.14/Engine/Plugins/Runtime/WebBrowserWidget/WebBrowserWidget.uplugin
LogPluginManager: Loaded Plugin WindowsDeviceProfileSelector, From C:/Program Files (x86)/Epic Games/4.14/Engine/Plugins/Runtime/WindowsDeviceProfileSelector/WindowsDeviceProfileSelector.uplugin
LogPluginManager: Loaded Plugin WindowsMoviePlayer, From C:/Program Files (x86)/Epic Games/4.14/Engine/Plugins/Runtime/WindowsMoviePlayer/WindowsMoviePlayer.uplugin
LogPluginManager: Loaded Plugin ScriptPlugin, From C:/Program Files (x86)/Epic Games/4.14/Engine/Plugins/ScriptPlugin/ScriptPlugin.uplugin
LogPluginManager: Loaded Plugin SlateRemote, From C:/Program Files (x86)/Epic Games/4.14/Engine/Plugins/Slate/SlateRemote/SlateRemote.uplugin
LogPluginManager: Loaded Plugin EditorTests, From C:/Program Files (x86)/Epic Games/4.14/Engine/Plugins/Tests/EditorTests/EditorTests.uplugin
LogPluginManager: Loaded Plugin FbxAutomationTestBuilder, From C:/Program Files (x86)/Epic Games/4.14/Engine/Plugins/Tests/FbxAutomationTestBuilder/FbxAutomationTestBuilder.uplugin
LogPluginManager: Loaded Plugin FunctionalTestingEditor, From C:/Program Files (x86)/Epic Games/4.14/Engine/Plugins/Tests/FunctionalTestingEditor/FunctionalTestingEditor.uplugin
LogPluginManager: Loaded Plugin RuntimeTests, From C:/Program Files (x86)/Epic Games/4.14/Engine/Plugins/Tests/RuntimeTests/RuntimeTests.uplugin
LogPluginManager: Loaded Plugin ScreenshotTools, From C:/Program Files (x86)/Epic Games/4.14/Engine/Plugins/Tests/ScreenshotTools/ScreenshotTools.uplugin
LogInit: Using libcurl 7.47.1
LogInit:  - built for x86_64-pc-win32
LogInit:  - supports SSL with OpenSSL/1.0.2g
LogInit:  - supports HTTP deflate (compression) using libz 1.2.8
LogInit:  - other features:
LogInit:      CURL_VERSION_SSL
LogInit:      CURL_VERSION_LIBZ
LogInit:      CURL_VERSION_IPV6
LogInit:      CURL_VERSION_ASYNCHDNS
LogInit:      CURL_VERSION_LARGEFILE
LogInit:      CURL_VERSION_IDN
LogInit:  CurlRequestOptions (configurable via config and command line):
LogInit:  - bVerifyPeer = false  - Libcurl will NOT verify peer certificate
LogInit:  - bUseHttpProxy = false  - Libcurl will NOT use HTTP proxy
LogInit:  - bDontReuseConnections = false  - Libcurl will reuse connections
LogInit:  - CertBundlePath = nullptr  - Libcurl will use whatever was configured at build time.
LogInit: Build: ++UE4+Release-4.14-CL-3249277
LogInit: Engine Version: 4.14.3-3249277+++UE4+Release-4.14
LogInit: Compatible Engine Version: 4.14.0-3195953+++UE4+Release-4.14
LogInit: Net CL: 3195953
LogDevObjectVersion: Number of dev versions registered: 13
LogDevObjectVersion:   Dev-Blueprints (B0D832E4-1F89-4F0D-ACCF-7EB736FD4AA2): 7
LogDevObjectVersion:   Dev-Build (E1C64328-A22C-4D53-A36C-8E866417BD8C): 0
LogDevObjectVersion:   Dev-Core (375EC13C-06E4-48FB-B500-84F0262A717E): 1
LogDevObjectVersion:   Dev-Editor (E4B068ED-F494-42E9-A231-DA0B2E46BB41): 8
LogDevObjectVersion:   Dev-Framework (CFFC743F-43B0-4480-9391-14DF171D2073): 17
LogDevObjectVersion:   Dev-Mobile (B02B49B5-BB20-44E9-A304-32B752E40360): 0
LogDevObjectVersion:   Dev-Networking (A4E4105C-59A1-49B5-A7C5-40C4547EDFEE): 0
LogDevObjectVersion:   Dev-Online (39C831C9-5AE6-47DC-9A44-9C173E1C8E7C): 0
LogDevObjectVersion:   Dev-Physics (78F01B33-EBEA-4F98-B9B4-84EACCB95AA2): 0
LogDevObjectVersion:   Dev-Platform (6631380F-2D4D-43E0-8009-CF276956A95A): 0
LogDevObjectVersion:   Dev-Rendering (12F88B9F-8875-4AFC-A67C-D90C383ABD29): 12
LogDevObjectVersion:   Dev-Sequencer (7B5AE74C-D270-4C10-A958-57980B212A5A): 1
LogDevObjectVersion:   Dev-VR (D7296918-1DD6-4BDD-9DE2-64A83CC13884): 0
LogInit: Compiled (64-bit): Jan  6 2017 10:49:43
LogInit: Compiled with Visual C++: 19.00.23026.00
LogInit: Build Configuration: Development
LogInit: Branch Name: ++UE4+Release-4.14
LogInit: Command line:  
LogInit: Base directory: C:/Program Files (x86)/Epic Games/4.14/Engine/Binaries/Win64/
LogInit: Installed Engine Build: 1
LogInit: Presizing for max 8388607 objects, including 0 objects not considered by GC, pre-allocating 0 bytes for permanent pool.
LogInit: Object subsystem initialized
[2017.02.28-03.03.15:503][  0]LogInit: Selected Device Profile: [Windows]
[2017.02.28-03.03.15:503][  0]LogInit: Applying CVar settings loaded from the selected device profile: [Windows]
[2017.02.28-03.03.15:613][  0]LogInit: Computer: THEPOWERPC
[2017.02.28-03.03.15:613][  0]LogInit: User: Anthony
[2017.02.28-03.03.15:613][  0]LogInit: CPU Page size=65536, Cores=2
[2017.02.28-03.03.15:613][  0]LogInit: High frequency timer resolution =1.607343 MHz
[2017.02.28-03.03.15:613][  0]LogMemory: Memory total: Physical=3.7GB (4GB approx)
[2017.02.28-03.03.15:614][  0]LogMemory: Platform Memory Stats for Windows
[2017.02.28-03.03.15:614][  0]LogMemory: Process Physical Memory: 264.20 MB used, 264.20 MB peak
[2017.02.28-03.03.15:614][  0]LogMemory: Process Virtual Memory: 262.72 MB used, 262.72 MB peak
[2017.02.28-03.03.15:614][  0]LogMemory: Physical Memory: 2708.27 MB used,  1110.64 MB free, 3818.90 MB total
[2017.02.28-03.03.15:614][  0]LogMemory: Virtual Memory: 652.16 MB used,  1110.64 MB free, 8388608.00 MB total
[2017.02.28-03.03.16:265][  0]LogTextLocalizationManager: No specific translations for ('en-US') exist, so ('en') translations will be used.
[2017.02.28-03.03.22:716][  0]LogD3D11RHI: D3D11 adapters:
[2017.02.28-03.03.22:755][  0]LogD3D11RHI:    0. 'AMD Radeon HD 6320 Graphics' (Feature Level 11_0)
[2017.02.28-03.03.22:755][  0]LogD3D11RHI:       250/0/1653 MB DedicatedVideo/DedicatedSystem/SharedSystem, Outputs:1, VendorId:0x1002
[2017.02.28-03.03.22:755][  0]LogD3D11RHI: Chosen D3D11 Adapter: 0
[2017.02.28-03.03.22:798][  0]LogD3D11RHI: Creating new Direct3DDevice
[2017.02.28-03.03.22:799][  0]LogD3D11RHI:     GPU DeviceId: 0x9806 (for the marketing name, search the web for "GPU Device Id")
[2017.02.28-03.03.22:799][  0]LogWindows: EnumDisplayDevices:
[2017.02.28-03.03.22:799][  0]LogWindows:    0. 'AMD Radeon HD 6320 Graphics' (P:1 D:1)
[2017.02.28-03.03.22:800][  0]LogWindows:    1. 'AMD Radeon HD 6320 Graphics' (P:0 D:0)
[2017.02.28-03.03.22:800][  0]LogWindows:    2. 'RDPDD Chained DD' (P:0 D:0)
[2017.02.28-03.03.22:801][  0]LogWindows:    3. 'RDP Encoder Mirror Driver' (P:0 D:0)
[2017.02.28-03.03.22:801][  0]LogWindows:    4. 'RDP Reflector Display Driver' (P:0 D:0)
[2017.02.28-03.03.22:801][  0]LogWindows: DebugString: GetVideoDriverDetailsInvalid PrimaryIsNotTheChoosenAdapter GetVideoDriverDetailsInvalid PrimaryIsNotTheChoosenAdapter GetVideoDriverDetailsInvalid PrimaryIsNotTheChoosenAdapter FoundDriverCount:2 
[2017.02.28-03.03.22:801][  0]LogD3D11RHI:     Adapter Name: AMD Radeon HD 6320 Graphics
[2017.02.28-03.03.22:801][  0]LogD3D11RHI:   Driver Version: Catalyst 15.7.1 (internal:15.200.1062.1004, unified:15.200.1062.1004)
[2017.02.28-03.03.22:801][  0]LogD3D11RHI:      Driver Date: 8-3-2015
[2017.02.28-03.03.22:801][  0]LogRHI: Texture pool is 175 MB (70% of 250 MB)
[2017.02.28-03.03.22:833][  0]LogD3D11RHI: Async texture creation enabled
[2017.02.28-03.03.22:883][  0]LogD3D11RHI: GPU Timing Frequency: 50.000000 (Debug: 2 1)
[2017.02.28-03.03.22:886][  0]LogShaderCompilers: Guid format shader working directory is -115 characters bigger than the processId version (../../../../../../Users/Anthony/Documents/GitHub/ChimeraGames-1b05911f5c87d43495dc6b2fcacceb5b671d91b1/ChimeraGames-1b05911f5c87d43495dc6b2fcacceb5b671d91b1/Abyss/Intermediate/Shaders/WorkingDirectory/10584/).
[2017.02.28-03.03.22:886][  0]LogShaderCompilers: Cleaned the shader compiler working directory 'C:/Users/Anthony/AppData/Local/Temp/UnrealShaderWorkingDir/BBD6559545C2E64604F9A28E5402BE37/'.
[2017.02.28-03.03.22:886][  0]LogShaderCompilers:Display: Using Local Shader Compiler.
[2017.02.28-03.03.47:077][  0]LogTemp:Display: Loaded TP AllDesktopTargetPlatform
[2017.02.28-03.03.48:230][  0]LogTemp:Display: Loaded TP MacClientTargetPlatform
[2017.02.28-03.03.49:161][  0]LogTemp:Display: Loaded TP MacNoEditorTargetPlatform
[2017.02.28-03.03.49:820][  0]LogTemp:Display: Loaded TP MacServerTargetPlatform
[2017.02.28-03.03.50:686][  0]LogTemp:Display: Loaded TP MacTargetPlatform
[2017.02.28-03.03.51:480][  0]LogTemp:Display: Loaded TP WindowsClientTargetPlatform
[2017.02.28-03.03.53:128][  0]LogTemp:Display: Loaded TP WindowsNoEditorTargetPlatform
[2017.02.28-03.03.53:943][  0]LogTemp:Display: Loaded TP WindowsServerTargetPlatform
[2017.02.28-03.03.54:421][  0]LogTemp:Display: Loaded TP WindowsTargetPlatform
[2017.02.28-03.03.54:813][  0]LogTemp:Display: Loaded TP AndroidTargetPlatform
[2017.02.28-03.03.55:446][  0]LogTemp:Display: Loaded TP Android_ASTCTargetPlatform
[2017.02.28-03.03.57:252][  0]LogTemp:Display: Loaded TP Android_ATCTargetPlatform
[2017.02.28-03.03.58:907][  0]LogTemp:Display: Loaded TP Android_DXTTargetPlatform
[2017.02.28-03.03.59:874][  0]LogTemp:Display: Loaded TP Android_ETC1TargetPlatform
[2017.02.28-03.04.00:892][  0]LogTemp:Display: Loaded TP Android_ETC2TargetPlatform
[2017.02.28-03.04.02:814][  0]LogTemp:Display: Loaded TP Android_MultiTargetPlatform
[2017.02.28-03.04.02:815][  0]LogTemp:Display: Loaded TP Android_PVRTCTargetPlatform
[2017.02.28-03.04.03:529][  0]LogTemp:Display: Loaded TP HTML5TargetPlatform
[2017.02.28-03.04.04:904][  0]LogTemp:Display: Loaded TP IOSTargetPlatform
[2017.02.28-03.04.05:442][  0]LogTemp:Display: Loaded TP TVOSTargetPlatform
[2017.02.28-03.04.06:390][  0]LogTemp:Display: Loaded TP LinuxClientTargetPlatform
[2017.02.28-03.04.07:368][  0]LogTemp:Display: Loaded TP LinuxNoEditorTargetPlatform
[2017.02.28-03.04.08:184][  0]LogTemp:Display: Loaded TP LinuxServerTargetPlatform
[2017.02.28-03.04.08:854][  0]LogTemp:Display: Loaded TP LinuxTargetPlatform
[2017.02.28-03.04.08:854][  0]LogTargetPlatformManager:Display: Building Assets For Windows
[2017.02.28-03.04.16:622][  0]LogDerivedDataCache:Display: Max Cache Size: 512 MB
[2017.02.28-03.04.17:700][  0]LogDerivedDataCache: Loaded boot cache 1.08s 50MB C:/Users/Anthony/AppData/Local/UnrealEngine/4.14/DerivedDataCache/Boot.ddc.
[2017.02.28-03.04.17:700][  0]LogDerivedDataCache:Display: Loaded Boot cache: C:/Users/Anthony/AppData/Local/UnrealEngine/4.14/DerivedDataCache/Boot.ddc
[2017.02.28-03.04.17:701][  0]LogDerivedDataCache: FDerivedDataBackendGraph:  Pak pak cache file ../../../../../../Users/Anthony/Documents/GitHub/ChimeraGames-1b05911f5c87d43495dc6b2fcacceb5b671d91b1/ChimeraGames-1b05911f5c87d43495dc6b2fcacceb5b671d91b1/Abyss/DerivedDataCache/DDC.ddp not found, will not use a pak cache.
[2017.02.28-03.04.17:701][  0]LogDerivedDataCache: Unable to find inner node Pak for hierarchical cache Hierarchy.
[2017.02.28-03.04.17:701][  0]LogDerivedDataCache: FDerivedDataBackendGraph:  CompressedPak pak cache file ../../../../../../Users/Anthony/Documents/GitHub/ChimeraGames-1b05911f5c87d43495dc6b2fcacceb5b671d91b1/ChimeraGames-1b05911f5c87d43495dc6b2fcacceb5b671d91b1/Abyss/DerivedDataCache/Compressed.ddp not found, will not use a pak cache.
[2017.02.28-03.04.17:701][  0]LogDerivedDataCache: Unable to find inner node CompressedPak for hierarchical cache Hierarchy.
[2017.02.28-03.04.17:893][  0]LogDerivedDataCache:Display: Pak cache opened for reading ../../../Engine/DerivedDataCache/Compressed.ddp.
[2017.02.28-03.04.17:950][  0]LogDerivedDataCache: Using Local data cache path C:/Users/Anthony/AppData/Local/UnrealEngine/Common/DerivedDataCache: Writable
[2017.02.28-03.04.34:249][  0]LogInit: Selected Device Profile: [Windows]
[2017.02.28-03.04.34:280][  0]LogContentStreaming: Texture pool size is 0.00 MB
[2017.02.28-03.04.36:300][  0]LogMeshUtilities: Using QuadricMeshReduction for automatic static mesh reduction
[2017.02.28-03.04.36:785][  0]LogSimplygon: Simplygon DLL not present - disabling.
[2017.02.28-03.04.37:174][  0]LogMeshUtilities: Using SimplygonSwarm for distributed automatic mesh merging
[2017.02.28-03.04.37:174][  0]LogMeshUtilities: No automatic skeletal mesh reduction module available
[2017.02.28-03.04.37:174][  0]LogMeshUtilities: No automatic mesh merging module available
[2017.02.28-03.04.42:496][  0]LogNetVersion: GetLocalNetworkVersion: CL: 3195953, ProjectName: abyss, ProjectVersion: , EngineNetworkVersion: 2, GameNetworkVersion: 0, NetworkChecksum: 1595127573
[2017.02.28-03.04.42:995][  0]LogAssetRegistry: FAssetRegistry took 0.0447 seconds to start up
[2017.02.28-03.04.43:427][  0]LogPackageLocalizationCache: Processed 4 localized package path(s) for 2 prioritized culture(s) in 0.212677 seconds
[2017.02.28-03.04.43:460][  0]LogUObjectArray: 31946 objects as part of root set at end of initial load.
[2017.02.28-03.04.43:460][  0]LogUObjectAllocator: 6935848 out of 0 bytes used by permanent object pool.
[2017.02.28-03.04.43:460][  0]LogUObjectArray: CloseDisregardForGC: 0/0 objects in disregard for GC pool
[2017.02.28-03.04.44:052][  0]LogInit: WinSock: version 1.1 (2.2), MaxSocks=32767, MaxUdp=65467
[2017.02.28-03.04.53:101][  0]LogSlate: Using Freetype 2.6.0
[2017.02.28-03.04.53:142][  0]LogSlate: SlateFontCache - WITH_FREETYPE: 1, WITH_HARFBUZZ: 1
[2017.02.28-03.04.53:142][  0]LogSlate: SlateFontCache - WITH_FREETYPE: 1, WITH_HARFBUZZ: 1
[2017.02.28-03.05.55:851][  0]JavascriptCmd: Unreal.js started. V8 5.7.201
[2017.02.28-03.05.57:627][  0]LogTcpMessaging: Initializing TcpMessaging bridge
[2017.02.28-03.05.57:955][  0]LogUdpMessaging: Initializing bridge on interface 0.0.0.0:0 to multicast group 230.0.0.1:6666.
[2017.02.28-03.06.01:956][  0]LogMaterial: Uniform references updated for custom material expression Custom.
[2017.02.28-03.06.06:390][  0]SourceControl: Info Source control is disabled
[2017.02.28-03.06.06:416][  0]SourceControl: Info Source control is disabled
[2017.02.28-03.06.07:003][  0]SourceControl: Info Source control is disabled
[2017.02.28-03.06.07:447][  0]SourceControl: Info Source control is disabled
[2017.02.28-03.06.22:674][  0]ImportText (YAxis): Missing opening parenthesis: 0.000000,1.000000,0.000000
[2017.02.28-03.06.22:674][  0]ImportText (ZAxis): Missing opening parenthesis: 0.000000,0.000000,1.000000
[2017.02.28-03.06.22:679][  0]ImportText (Rotation): Missing opening parenthesis: -90.000000,0.000000,0.000000
[2017.02.28-03.06.22:688][  0]ImportText (B): Missing opening parenthesis: 1.000000,1.000000,1.000000
[2017.02.28-03.06.31:777][  0]LogEngine: Initializing Engine...
[2017.02.28-03.06.31:834][  0]LogHMD: Failed to initialize OpenVR with code 110
[2017.02.28-03.06.34:815][  0]LogAIModule: Creating AISystem for world Untitled
[2017.02.28-03.06.34:890][  0]LogInit: XAudio2 using 'Speakers (Conexant High Definition Audio)' : 2 channels at 44.1 kHz using 16 bits per sample (channel mask 0x3)
[2017.02.28-03.06.35:028][  0]LogInit: FAudioDevice initialized.
[2017.02.28-03.06.35:160][  0]LogDerivedDataCache: Saved boot cache 0.13s 50MB C:/Users/Anthony/AppData/Local/UnrealEngine/4.14/DerivedDataCache/Boot.ddc.
[2017.02.28-03.06.35:206][  0]LogInit: Texture streaming: Enabled
[2017.02.28-03.06.39:776][  0]LogInit: Transaction tracking system initialized
[2017.02.28-03.06.45:878][  0]BlueprintLog: New page: Editor Load
[2017.02.28-03.06.59:046][  0]LocalizationService: Info Localization service is disabled
[2017.02.28-03.07.06:605][  0]LogConsoleResponse:Display: 
[2017.02.28-03.07.13:429][  0]LogCook:Display: Max memory allowance for cook 16384mb min free memory 0mb
[2017.02.28-03.07.13:429][  0]LogCook:Display: Mobile HDR setting 1
[2017.02.28-03.07.14:269][  0]LogFileCache: Scanning file cache for directory 'C:/Users/Anthony/Documents/GitHub/ChimeraGames-1b05911f5c87d43495dc6b2fcacceb5b671d91b1/ChimeraGames-1b05911f5c87d43495dc6b2fcacceb5b671d91b1/Abyss/Content/' took 0.24s
[2017.02.28-03.07.32:968][  0]SourceControl: Info Source control is disabled
[2017.02.28-03.07.32:969][  0]LogEditorServer:Warning: Can't find file '../../../../../../Users/Anthony/Documents/GitHub/ChimeraGames-1b05911f5c87d43495dc6b2fcacceb5b671d91b1/ChimeraGames-1b05911f5c87d43495dc6b2fcacceb5b671d91b1/Abyss/Content/Maps-Levels/starterWorld.umap'
[2017.02.28-03.07.32:969][  0]Cmd: MAP CHECKDEP NOCLEARLOG
[2017.02.28-03.07.33:526][  0]MapCheck: Info Map check complete: 0 Error(s), 0 Warning(s), took 556.805ms to complete.
[2017.02.28-03.07.33:527][  0]LogFileHelpers: Loading map 'starterWorld' took 0.559
[2017.02.28-03.07.35:036][  0]LogCollectionManager: Loaded 0 collections in 0.005106 seconds
[2017.02.28-03.07.35:665][  0]LogFileCache: Scanning file cache for directory 'C:/Users/Anthony/Documents/GitHub/ChimeraGames-1b05911f5c87d43495dc6b2fcacceb5b671d91b1/ChimeraGames-1b05911f5c87d43495dc6b2fcacceb5b671d91b1/Abyss/Saved/Collections/' took 0.06s
[2017.02.28-03.07.35:666][  0]LogFileCache: Scanning file cache for directory 'C:/Users/Anthony/Documents/GitHub/ChimeraGames-1b05911f5c87d43495dc6b2fcacceb5b671d91b1/ChimeraGames-1b05911f5c87d43495dc6b2fcacceb5b671d91b1/Abyss/Content/Developers/Anthony/Collections/' took 0.03s
[2017.02.28-03.07.35:666][  0]LogFileCache: Scanning file cache for directory 'C:/Users/Anthony/Documents/GitHub/ChimeraGames-1b05911f5c87d43495dc6b2fcacceb5b671d91b1/ChimeraGames-1b05911f5c87d43495dc6b2fcacceb5b671d91b1/Abyss/Content/Collections/' took 0.04s
[2017.02.28-03.07.35:666][  0]LogCollectionManager: Rebuilt the GUID cache for 0 collections in 0.000004 seconds
[2017.02.28-03.07.35:747][  0]LogContentBrowser: Native class hierarchy populated in 0.0795 seconds. Added 2268 classes and 453 folders.
[2017.02.28-03.07.36:273][  0]LogStats: UGameplayTagsManager::ConstructGameplayTagTree: Construct from data asset -  0.000 s
[2017.02.28-03.07.36:273][  0]LogStats: UGameplayTagsManager::ConstructGameplayTagTree: GameplayTagTreeChangedEvent.Broadcast -  0.000 s
[2017.02.28-03.07.36:276][  0]LogContentBrowser: Native class hierarchy updated for 'GameplayTags' in 0.0030 seconds. Added 13 classes and 0 folders.
[2017.02.28-03.07.37:188][  0]LogContentBrowser: Native class hierarchy updated for 'WidgetCarousel' in 0.0019 seconds. Added 0 classes and 0 folders.
[2017.02.28-03.07.37:583][  0]LogContentBrowser: Native class hierarchy updated for 'AddContentDialog' in 0.0022 seconds. Added 0 classes and 0 folders.
[2017.02.28-03.07.38:025][  0]LogContentBrowser: Native class hierarchy updated for 'SceneOutliner' in 0.0035 seconds. Added 1 classes and 2 folders.
[2017.02.28-03.07.38:527][  0]LogCrashTracker: Crashtracker disabled due to settings.
[2017.02.28-03.07.38:719][  0]LogUObjectGlobals:Warning: Failed to find object 'Class None.'
[2017.02.28-03.07.39:631][  0]LogContentBrowser: Native class hierarchy updated for 'HierarchicalLODOutliner' in 0.0021 seconds. Added 1 classes and 2 folders.
[2017.02.28-03.07.39:659][  0]LogLoad: (Engine Initialization) Total time: 274.97 seconds
[2017.02.28-03.07.39:659][  0]LogLoad: (Engine Initialization) Total Blueprint compile time: 0.57 seconds
[2017.02.28-03.07.39:659][  0]LogExternalProfiler: Found external profiler: VSPerf
[2017.02.28-03.07.39:659][  0]LogExternalProfiler: Using external profiler: VSPerf
[2017.02.28-03.07.39:747][  0]LogOcInput: OculusInput pre-init called
[2017.02.28-03.07.39:838][  0]LogContentStreaming: Texture pool size now 1000 MB
[2017.02.28-03.07.40:598][  0]LogRenderer: Reallocating scene render targets to support 856x372 NumSamples 1 (Frame:2).
[2017.02.28-03.07.43:516][  8]LogAssetRegistry: Asset discovery search completed in 180.5615 seconds
[2017.02.28-03.07.43:516][  8]LogCollectionManager: Rebuilt the object cache for 0 collections in 0.000002 seconds (found 0 objects)
[2017.02.28-03.07.43:516][  8]LogCollectionManager: Fixed up redirectors for 0 collections in 0.000072 seconds (updated 0 objects)
[2017.02.28-03.07.46:762][ 30]LogD3D11RHI: Timed out while waiting for GPU to catch up. (0.5 s)
[2017.02.28-03.07.47:406][ 31]LogD3D11RHI: Timed out while waiting for GPU to catch up. (0.5 s)
[2017.02.28-03.08.41:156][251]LogAIModule: Creating AISystem for world Fort_Exploration
[2017.02.28-03.08.47:727][251]LightingResults: New page: Lighting Build
[2017.02.28-03.08.58:392][251]LogContentBrowser: Native class hierarchy updated for 'StatsViewer' in 0.0035 seconds. Added 5 classes and 0 folders.
[2017.02.28-03.08.58:398][251]LoadErrors: New page: Loading map: Fort_Exploration.umap
[2017.02.28-03.08.59:245][251]MapCheck: New page: Map Check
[2017.02.28-03.08.59:245][251]LightingResults: New page: Lighting Build
[2017.02.28-03.09.04:992][251]LogEditorServer: Finished looking for orphan Actors (0.000 secs)
[2017.02.28-03.09.05:459][251]Cmd: MAP CHECKDEP NOCLEARLOG
[2017.02.28-03.09.05:913][251]MapCheck: Info Map check complete: 0 Error(s), 0 Warning(s), took 453.546ms to complete.
[2017.02.28-03.09.05:917][251]LogFileHelpers: Loading map 'Fort_Exploration' took 18.696
[2017.02.28-03.09.57:136][579]LogTemp: Repeting last play command: Selected Viewport
[2017.02.28-03.09.57:423][579]LogBlueprintUserMessages: Early PlayInEditor Detection: Level '/Game/Maps-Levels/Fort/Fort_Exploration.Fort_Exploration:PersistentLevel' has LevelScriptBlueprint '/Game/Maps-Levels/Fort/Fort_Exploration.Fort_Exploration:PersistentLevel.Fort_Exploration' with GeneratedClass '/Game/Maps-Levels/Fort/Fort_Exploration.Fort_Exploration_C' with ClassGeneratedBy '/Game/Maps-Levels/Fort/Fort_Exploration.Fort_Exploration:PersistentLevel.Fort_Exploration'
[2017.02.28-03.09.57:505][579]LogPlayLevel: PlayLevel: No blueprints needed recompiling
[2017.02.28-03.09.58:223][579]PIE: New page: PIE session: Fort_Exploration (Feb 27, 2017, 5:09:57 PM)
[2017.02.28-03.09.58:262][579]LogPlayLevel: Creating play world package: /Game/Maps-Levels/Fort/UEDPIE_0_Fort_Exploration
[2017.02.28-03.09.58:315][579]LogPlayLevel: PIE: StaticDuplicateObject took: (0.052660s)
[2017.02.28-03.09.58:317][579]LogAIModule: Creating AISystem for world Fort_Exploration
[2017.02.28-03.09.58:345][579]LogPlayLevel: PIE: World Init took: (0.030664s)
[2017.02.28-03.09.58:369][579]LogPlayLevel: PIE: Created PIE world by copying editor world from /Game/Maps-Levels/Fort/Fort_Exploration.Fort_Exploration to /Game/Maps-Levels/Fort/UEDPIE_0_Fort_Exploration.Fort_Exploration (0.125443s)
[2017.02.28-03.09.59:006][579]LogInit: XAudio2 using 'Speakers (Conexant High Definition Audio)' : 2 channels at 44.1 kHz using 16 bits per sample (channel mask 0x3)
[2017.02.28-03.09.59:043][579]LogInit: FAudioDevice initialized.
[2017.02.28-03.09.59:531][579]LogLoad: Game class is 'abyssGameMode_C'
[2017.02.28-03.09.59:661][579]LogWorld: Bringing World /Game/Maps-Levels/Fort/UEDPIE_0_Fort_Exploration.Fort_Exploration up for play (max tick rate 60) at 2017.02.27-22.09.59
[2017.02.28-03.09.59:799][579]LogWorld: Bringing up level for play took: 0.147907
[2017.02.28-03.10.00:413][579]LogContentBrowser: Native class hierarchy updated for 'MovieSceneCapture' in 0.0022 seconds. Added 11 classes and 0 folders.
[2017.02.28-03.10.00:888][579]PIE: Info Play in editor start time for /Game/Maps-Levels/Fort/UEDPIE_0_Fort_Exploration 3.851
[2017.02.28-03.10.00:889][579]LogBlueprintUserMessages: Late PlayInEditor Detection: Level '/Game/Maps-Levels/Fort/Fort_Exploration.Fort_Exploration:PersistentLevel' has LevelScriptBlueprint '/Game/Maps-Levels/Fort/Fort_Exploration.Fort_Exploration:PersistentLevel.Fort_Exploration' with GeneratedClass '/Game/Maps-Levels/Fort/Fort_Exploration.Fort_Exploration_C' with ClassGeneratedBy '/Game/Maps-Levels/Fort/Fort_Exploration.Fort_Exploration:PersistentLevel.Fort_Exploration'
[2017.02.28-03.10.25:612][860]LogBlueprintUserMessages: Early EndPlayMap Detection: Level '/Game/Maps-Levels/Fort/Fort_Exploration.Fort_Exploration:PersistentLevel' has LevelScriptBlueprint '/Game/Maps-Levels/Fort/Fort_Exploration.Fort_Exploration:PersistentLevel.Fort_Exploration' with GeneratedClass '/Game/Maps-Levels/Fort/Fort_Exploration.Fort_Exploration_C' with ClassGeneratedBy '/Game/Maps-Levels/Fort/Fort_Exploration.Fort_Exploration:PersistentLevel.Fort_Exploration'
[2017.02.28-03.10.25:942][860]LogBlueprintUserMessages: Late EndPlayMap Detection: Level '/Game/Maps-Levels/Fort/Fort_Exploration.Fort_Exploration:PersistentLevel' has LevelScriptBlueprint '/Game/Maps-Levels/Fort/Fort_Exploration.Fort_Exploration:PersistentLevel.Fort_Exploration' with GeneratedClass '/Game/Maps-Levels/Fort/Fort_Exploration.Fort_Exploration_C' with ClassGeneratedBy '/Game/Maps-Levels/Fort/Fort_Exploration.Fort_Exploration:PersistentLevel.Fort_Exploration'
[2017.02.28-03.11.28:932][477]LogSlate: Only BGRA pngs, bmps or icos are supported in by External Image Picker
[2017.02.28-03.11.36:940][496]LogD3D11RHI: Timed out while waiting for GPU to catch up. (0.5 s)
[2017.02.28-03.11.38:677][497]LogTemp:Display: Executing iPhonePackager certificates Engine -bundlename com.YourCompany.Abyss

[2017.02.28-03.11.38:677][497]LogTemp:Display: CWD: C:\Program Files (x86)\Epic Games\4.14\Engine\Binaries\DotNet\IOS

[2017.02.28-03.11.38:677][497]LogTemp:Display: Initial Dir: C:\Program Files (x86)\Epic Games\4.14

[2017.02.28-03.11.38:677][497]LogTemp:Display: Env CWD: C:\Program Files (x86)\Epic Games\4.14\Engine\Binaries\DotNet\IOS

[2017.02.28-03.11.38:677][497]LogTemp:Display: BranchPath = THEPOWERPC/C/Program Files (x86)/Epic Games/4.14/Engine/Binaries --- GameBranchPath = THEPOWERPC/C/Program Files (x86)/Epic Games/4.14/Engine/Binaries

[2017.02.28-03.11.40:109][500]LogD3D11RHI: Timed out while waiting for GPU to catch up. (0.5 s)
[2017.02.28-03.11.43:966][501]LogTemp:Display: IPP ERROR: Application exception: System.IO.DirectoryNotFoundException: Could not find a part of the path 'C:\Users\Anthony\AppData\Local\Apple Computer\MobileDevice\Provisioning Profiles'.

[2017.02.28-03.11.43:966][501]LogTemp:Display:    at System.IO.__Error.WinIOError(Int32 errorCode, String maybeFullPath)

[2017.02.28-03.11.43:966][501]LogTemp:Display:    at System.IO.FileSystemEnumerableIterator`1.CommonInit()

[2017.02.28-03.11.43:966][501]LogTemp:Display:    at System.IO.FileSystemEnumerableIterator`1..ctor(String path, String originalUserPath, String searchPattern, SearchOption searchOption, SearchResultHandler`1 resultHandler, Boolean checkHost)

[2017.02.28-03.11.43:966][501]LogTemp:Display:    at System.IO.Directory.EnumerateFiles(String path, String searchPattern)

[2017.02.28-03.11.43:966][501]LogTemp:Display:    at iPhonePackager.CodeSignatureBuilder.FindProvisions(String CFBundleIdentifier)

[2017.02.28-03.11.43:966][501]LogTemp:Display:    at iPhonePackager.Program.Main(String[] args)

[2017.02.28-03.12.28:499][917]LogDirectoryWatcher:Warning: Failed to begin reading directory changes for ../../../../../../Users/Anthony/Documents/GitHub/ChimeraGames-1b05911f5c87d43495dc6b2fcacceb5b671d91b1/ChimeraGames-1b05911f5c87d43495dc6b2fcacceb5b671d91b1/Abyss/Plugins/. Error: The system cannot find the file specified. (0x00000002)
[2017.02.28-03.15.49:848][ 82]Cmd: CLOSE_SLATE_MAINFRAME
[2017.02.28-03.15.51:592][ 82]LogDirectoryWatcher: A directory notification for '../../../Engine/Plugins/' was aborted.
[2017.02.28-03.15.52:940][ 83]Cmd: QUIT_EDITOR
[2017.02.28-03.15.55:872][ 83]LogExit: Preparing to exit.
[2017.02.28-03.15.55:909][ 83]Javascript: undefined
[2017.02.28-03.15.56:395][ 83]Javascript: undefined
[2017.02.28-03.15.56:613][ 83]LogDirectoryWatcher: A directory notification for 'C:/Users/Anthony/Documents/GitHub/ChimeraGames-1b05911f5c87d43495dc6b2fcacceb5b671d91b1/ChimeraGames-1b05911f5c87d43495dc6b2fcacceb5b671d91b1/Abyss/Content/Scripts/' was aborted.
[2017.02.28-03.15.56:614][ 83]LogDirectoryWatcher: A directory notification for 'C:/Program Files (x86)/Epic Games/4.14/Engine/Plugins/Marketplace/UnrealJS/Content/Scripts/' was aborted.
[2017.02.28-03.15.59:597][ 83]LogDirectoryWatcher: A directory notification for 'C:/Users/Anthony/Documents/GitHub/ChimeraGames-1b05911f5c87d43495dc6b2fcacceb5b671d91b1/ChimeraGames-1b05911f5c87d43495dc6b2fcacceb5b671d91b1/Abyss/Content/' was aborted.
[2017.02.28-03.16.00:317][ 83]LogExit: Editor shut down
[2017.02.28-03.16.00:319][ 83]LogExit: Transaction tracking system shut down
[2017.02.28-03.16.12:670][ 83]LogObj: Freed 0b from 0 cluster array pools.
[2017.02.28-03.16.12:683][ 83]LogExit: Object subsystem successfully closed.
[2017.02.28-03.16.16:154][ 83]LogD3D11RHI: Shutdown
[2017.02.28-03.16.16:175][ 83]LogD3D11RHI: CleanupD3DDevice
[2017.02.28-03.16.16:879][ 83]LogD3D11RHI: ~FD3D11DynamicRHI
[2017.02.28-03.16.22:325][ 83]LogHttp:Display: Http module shutting down, but needs to wait on 1 outstanding Http requests:
[2017.02.28-03.16.22:325][ 83]LogHttp:Display: 	verb=[POST] url=[https://datarouter.ol.epicgames.com/datarouter/api/v1/public/data?SessionID=%7B5F257C5A-479E-C66B-176F-AFB0F1F9C023%7D&AppID=UEEditor.Rocket.Release&AppVersion=4.14.3-3249277%2B%2B%2BUE4%2BRelease-4.14&UserID=e8e222f54742c54e8c0e5b9b8358f314%7Cdabbf80a43e14cda8842ca5b55e8523f%7C8a9726c6-f878-40e5-a4a1-000ac1d633e0&AppEnvironment=datacollector-binary&UploadType=eteventstream] status=Processing
[2017.02.28-03.16.23:330][ 83]LogModuleManager: Shutting down and abandoning module ExternalImagePicker (256)
[2017.02.28-03.16.23:462][ 83]LogModuleManager: Shutting down and abandoning module MovieSceneCapture (255)
[2017.02.28-03.16.23:462][ 83]LogModuleManager: Shutting down and abandoning module StatsViewer (254)
[2017.02.28-03.16.23:894][ 83]LogModuleManager: Shutting down and abandoning module HierarchicalLODOutliner (253)
[2017.02.28-03.16.23:947][ 83]LogModuleManager: Shutting down and abandoning module CrashTracker (252)
[2017.02.28-03.16.24:570][ 83]LogModuleManager: Shutting down and abandoning module SceneOutliner (251)
[2017.02.28-03.16.24:673][ 83]LogModuleManager: Shutting down and abandoning module WidgetCarousel (250)
[2017.02.28-03.16.24:673][ 83]LogModuleManager: Shutting down and abandoning module AddContentDialog (249)
[2017.02.28-03.16.25:216][ 83]LogDirectoryWatcher: A directory notification for 'C:/Program Files (x86)/Epic Games/4.14/FeaturePacks/' was aborted.
[2017.02.28-03.16.25:225][ 83]LogModuleManager: Shutting down and abandoning module GameplayTags (248)
[2017.02.28-03.16.25:225][ 83]LogModuleManager: Shutting down and abandoning module EditorWidgets (247)
[2017.02.28-03.16.25:225][ 83]LogModuleManager: Shutting down and abandoning module CollectionManager (246)
[2017.02.28-03.16.25:573][ 83]LogDirectoryWatcher: A directory notification for 'C:/Users/Anthony/Documents/GitHub/ChimeraGames-1b05911f5c87d43495dc6b2fcacceb5b671d91b1/ChimeraGames-1b05911f5c87d43495dc6b2fcacceb5b671d91b1/Abyss/Content/Collections/' was aborted.
[2017.02.28-03.16.25:573][ 83]LogDirectoryWatcher: A directory notification for 'C:/Users/Anthony/Documents/GitHub/ChimeraGames-1b05911f5c87d43495dc6b2fcacceb5b671d91b1/ChimeraGames-1b05911f5c87d43495dc6b2fcacceb5b671d91b1/Abyss/Content/Developers/Anthony/Collections/' was aborted.
[2017.02.28-03.16.25:574][ 83]LogDirectoryWatcher: A directory notification for 'C:/Users/Anthony/Documents/GitHub/ChimeraGames-1b05911f5c87d43495dc6b2fcacceb5b671d91b1/ChimeraGames-1b05911f5c87d43495dc6b2fcacceb5b671d91b1/Abyss/Saved/Collections/' was aborted.
[2017.02.28-03.16.25:574][ 83]LogModuleManager: Shutting down and abandoning module FoliageEdit (245)
[2017.02.28-03.16.25:664][ 83]LogModuleManager: Shutting down and abandoning module LandscapeEditor (244)
[2017.02.28-03.16.25:886][ 83]LogModuleManager: Shutting down and abandoning module SceneDepthPickerMode (243)
[2017.02.28-03.16.25:886][ 83]LogModuleManager: Shutting down and abandoning module ActorPickerMode (242)
[2017.02.28-03.16.25:886][ 83]LogModuleManager: Shutting down and abandoning module GeometryMode (241)
[2017.02.28-03.16.25:886][ 83]LogModuleManager: Shutting down and abandoning module TextureAlignMode (240)
[2017.02.28-03.16.25:886][ 83]LogModuleManager: Shutting down and abandoning module BspMode (239)
[2017.02.28-03.16.25:960][ 83]LogModuleManager: Shutting down and abandoning module HardwareSurvey (238)
[2017.02.28-03.16.25:981][ 83]LogModuleManager: Shutting down and abandoning module SequenceRecorderSections (237)
[2017.02.28-03.16.26:020][ 83]LogModuleManager: Shutting down and abandoning module AutomationWorker (236)
[2017.02.28-03.16.26:048][ 83]LogModuleManager: Shutting down and abandoning module MatineeToLevelSequence (235)
[2017.02.28-03.16.26:093][ 83]LogModuleManager: Shutting down and abandoning module PlacementMode (234)
[2017.02.28-03.16.26:191][ 83]LogModuleManager: Shutting down and abandoning module LevelSequenceEditor (233)
[2017.02.28-03.16.26:573][ 83]LogModuleManager: Shutting down and abandoning module WmfMediaFactory (232)
[2017.02.28-03.16.26:573][ 83]LogModuleManager: Shutting down and abandoning module WmfMediaEditor (231)
[2017.02.28-03.16.26:573][ 83]LogModuleManager: Shutting down and abandoning module AvfMediaFactory (230)
[2017.02.28-03.16.26:573][ 83]LogModuleManager: Shutting down and abandoning module AvfMediaEditor (229)
[2017.02.28-03.16.26:573][ 83]LogModuleManager: Shutting down and abandoning module Media (228)
[2017.02.28-03.16.26:573][ 83]LogModuleManager: Shutting down and abandoning module AndroidMediaFactory (227)
[2017.02.28-03.16.26:573][ 83]LogModuleManager: Shutting down and abandoning module AndroidMediaEditor (226)
[2017.02.28-03.16.26:573][ 83]LogModuleManager: Shutting down and abandoning module CharacterAI (225)
[2017.02.28-03.16.26:573][ 83]LogModuleManager: Shutting down and abandoning module SequenceRecorder (224)
[2017.02.28-03.16.26:793][ 83]LogModuleManager: Shutting down and abandoning module AudioCapture (223)
[2017.02.28-03.16.26:793][ 83]LogModuleManager: Shutting down and abandoning module SmartSnapping (222)
[2017.02.28-03.16.26:793][ 83]LogModuleManager: Shutting down and abandoning module SessionServices (221)
[2017.02.28-03.16.26:793][ 83]LogModuleManager: Shutting down and abandoning module ViewportSnapping (220)
[2017.02.28-03.16.26:793][ 83]LogModuleManager: Shutting down and abandoning module ViewportInteraction (219)
[2017.02.28-03.16.26:793][ 83]LogModuleManager: Shutting down and abandoning module LogVisualizer (218)
[2017.02.28-03.16.27:103][ 83]LogModuleManager: Shutting down and abandoning module GameProjectGeneration (217)
[2017.02.28-03.16.27:230][ 83]LogModuleManager: Shutting down and abandoning module IntroTutorials (216)
[2017.02.28-03.16.27:290][ 83]LogModuleManager: Shutting down and abandoning module EditorLiveStreaming (215)
[2017.02.28-03.16.27:290][ 83]LogModuleManager: Shutting down and abandoning module IOSPlatformEditor (214)
[2017.02.28-03.16.27:290][ 83]LogModuleManager: Shutting down and abandoning module HTML5PlatformEditor (213)
[2017.02.28-03.16.27:290][ 83]LogModuleManager: Shutting down and abandoning module AndroidDeviceDetection (212)
[2017.02.28-03.16.27:341][ 83]LogModuleManager: Shutting down and abandoning module AndroidPlatformEditor (211)
[2017.02.28-03.16.27:341][ 83]LogModuleManager: Shutting down and abandoning module IOSRuntimeSettings (210)
[2017.02.28-03.16.27:341][ 83]LogModuleManager: Shutting down and abandoning module AndroidRuntimeSettings (209)
[2017.02.28-03.16.27:341][ 83]LogModuleManager: Shutting down and abandoning module InputBindingEditor (208)
[2017.02.28-03.16.27:341][ 83]LogModuleManager: Shutting down and abandoning module NiagaraEditor (207)
[2017.02.28-03.16.27:517][ 83]LogModuleManager: Shutting down and abandoning module MergeActors (206)
[2017.02.28-03.16.27:668][ 83]LogModuleManager: Shutting down and abandoning module SizeMap (205)
[2017.02.28-03.16.27:694][ 83]LogModuleManager: Shutting down and abandoning module TreeMap (204)
[2017.02.28-03.16.27:798][ 83]LogModuleManager: Shutting down and abandoning module ReferenceViewer (203)
[2017.02.28-03.16.27:799][ 83]LogModuleManager: Shutting down and abandoning module LocalizationService (202)
[2017.02.28-03.16.27:838][ 83]LogModuleManager: Shutting down and abandoning module LocalizationDashboard (201)
[2017.02.28-03.16.28:004][ 83]LogModuleManager: Shutting down and abandoning module HardwareTargeting (200)
[2017.02.28-03.16.28:005][ 83]LogModuleManager: Shutting down and abandoning module DeviceProfileEditor (199)
[2017.02.28-03.16.28:187][ 83]LogModuleManager: Shutting down and abandoning module UndoHistory (198)
[2017.02.28-03.16.28:354][ 83]LogModuleManager: Shutting down and abandoning module UserFeedback (197)
[2017.02.28-03.16.28:354][ 83]LogModuleManager: Shutting down and abandoning module XmlParser (196)
[2017.02.28-03.16.28:441][ 83]LogModuleManager: Shutting down and abandoning module Blutility (195)
[2017.02.28-03.16.28:526][ 83]LogModuleManager: Shutting down and abandoning module ProjectTargetPlatformEditor (194)
[2017.02.28-03.16.28:528][ 83]LogModuleManager: Shutting down and abandoning module ProjectSettingsViewer (193)
[2017.02.28-03.16.28:528][ 83]LogModuleManager: Shutting down and abandoning module EditorSettingsViewer (192)
[2017.02.28-03.16.28:528][ 83]LogModuleManager: Shutting down and abandoning module SettingsEditor (191)
[2017.02.28-03.16.28:630][ 83]LogModuleManager: Shutting down and abandoning module ProjectLauncher (190)
[2017.02.28-03.16.28:845][ 83]LogModuleManager: Shutting down and abandoning module SessionFrontend (189)
[2017.02.28-03.16.28:909][ 83]LogModuleManager: Shutting down and abandoning module ProfilerClient (188)
[2017.02.28-03.16.29:011][ 83]LogModuleManager: Shutting down and abandoning module TargetDeviceServices (187)
[2017.02.28-03.16.29:011][ 83]LogModuleManager: Shutting down and abandoning module DeviceManager (186)
[2017.02.28-03.16.29:356][ 83]LogModuleManager: Shutting down and abandoning module AutomationController (185)
[2017.02.28-03.16.29:638][ 83]LogModuleManager: Shutting down and abandoning module AutomationWindow (184)
[2017.02.28-03.16.29:776][ 83]LogModuleManager: Shutting down and abandoning module Layers (183)
[2017.02.28-03.16.30:188][ 83]LogModuleManager: Shutting down and abandoning module ComponentVisualizers (182)
[2017.02.28-03.16.30:188][ 83]LogModuleManager: Shutting down and abandoning module DetailCustomizations (181)
[2017.02.28-03.16.30:312][ 83]LogModuleManager: Shutting down and abandoning module PackagesDialog (180)
[2017.02.28-03.16.30:501][ 83]LogModuleManager: Shutting down and abandoning module AnimGraph (179)
[2017.02.28-03.16.30:501][ 83]LogModuleManager: Shutting down and abandoning module Persona (178)
[2017.02.28-03.16.30:622][ 83]LogModuleManager: Shutting down and abandoning module Kismet (177)
[2017.02.28-03.16.30:670][ 83]LogModuleManager: Shutting down and abandoning module GraphEditor (176)
[2017.02.28-03.16.31:492][ 83]LogModuleManager: Shutting down and abandoning module ClassViewer (175)
[2017.02.28-03.16.31:671][ 83]LogModuleManager: Shutting down and abandoning module Toolbox (174)
[2017.02.28-03.16.31:710][ 83]LogModuleManager: Shutting down and abandoning module ModuleUI (173)
[2017.02.28-03.16.31:800][ 83]LogModuleManager: Shutting down and abandoning module MovieSceneTools (172)
[2017.02.28-03.16.31:880][ 83]LogModuleManager: Shutting down and abandoning module OutputLog (171)
[2017.02.28-03.16.31:937][ 83]LogModuleManager: Shutting down and abandoning module GammaUI (170)
[2017.02.28-03.16.32:034][ 83]LogModuleManager: Shutting down and abandoning module Documentation (169)
[2017.02.28-03.16.32:034][ 83]LogModuleManager: Shutting down and abandoning module Niagara (168)
[2017.02.28-03.16.32:034][ 83]LogModuleManager: Shutting down and abandoning module StreamingPauseRendering (167)
[2017.02.28-03.16.32:035][ 83]LogModuleManager: Shutting down and abandoning module AnalyticsET (166)
[2017.02.28-03.16.32:035][ 83]LogModuleManager: Shutting down and abandoning module PortalServices (165)
[2017.02.28-03.16.32:035][ 83]LogModuleManager: Shutting down and abandoning module PortalRpc (164)
[2017.02.28-03.16.32:035][ 83]LogModuleManager: Shutting down and abandoning module MessagingRpc (163)
[2017.02.28-03.16.32:035][ 83]LogModuleManager: Shutting down and abandoning module GameplayDebugger (162)
[2017.02.28-03.16.32:153][ 83]LogModuleManager: Shutting down and abandoning module AITestSuite (161)
[2017.02.28-03.16.32:200][ 83]LogModuleManager: Shutting down and abandoning module AIModule (160)
[2017.02.28-03.16.32:200][ 83]LogModuleManager: Shutting down and abandoning module ProfilerService (159)
[2017.02.28-03.16.32:506][ 83]LogModuleManager: Shutting down and abandoning module TaskGraph (158)
[2017.02.28-03.16.32:663][ 83]LogModuleManager: Shutting down and abandoning module SlateRemote (157)
[2017.02.28-03.16.32:663][ 83]LogModuleManager: Shutting down and abandoning module SteamVRController (156)
[2017.02.28-03.16.32:663][ 83]LogModuleManager: Shutting down and abandoning module SteamVR (155)
[2017.02.28-03.16.32:663][ 83]LogModuleManager: Shutting down and abandoning module ProceduralMeshComponentEditor (154)
[2017.02.28-03.16.32:695][ 83]LogModuleManager: Shutting down and abandoning module ProceduralMeshComponent (153)
[2017.02.28-03.16.32:756][ 83]LogModuleManager: Shutting down and abandoning module OculusLibrary (152)
[2017.02.28-03.16.32:756][ 83]LogModuleManager: Shutting down and abandoning module OculusInput (151)
[2017.02.28-03.16.32:756][ 83]LogModuleManager: Shutting down and abandoning module MobilePatchingUtils (150)
[2017.02.28-03.16.32:756][ 83]LogModuleManager: Shutting down and abandoning module CustomMeshComponent (149)
[2017.02.28-03.16.32:756][ 83]LogModuleManager: Shutting down and abandoning module CableComponent (148)
[2017.02.28-03.16.32:756][ 83]LogModuleManager: Shutting down and abandoning module ArchVisCharacter (147)
[2017.02.28-03.16.32:756][ 83]LogModuleManager: Shutting down and abandoning module MediaPlayerEditor (145)
[2017.02.28-03.16.32:981][ 83]LogModuleManager: Shutting down and abandoning module JavascriptConsole (144)
[2017.02.28-03.16.33:019][ 83]LogModuleManager: Shutting down and abandoning module JavascriptEditor (143)
[2017.02.28-03.16.33:019][ 83]LogModuleManager: Shutting down and abandoning module ProceduralAudio (142)
[2017.02.28-03.16.33:019][ 83]LogModuleManager: Shutting down and abandoning module MusicMacroLanguage (141)
[2017.02.28-03.16.33:019][ 83]LogModuleManager: Shutting down and abandoning module MidiInterface (140)
[2017.02.28-03.16.33:019][ 83]LogModuleManager: Shutting down and abandoning module MidiAssetEditor (139)
[2017.02.28-03.16.33:019][ 83]LogModuleManager: Shutting down and abandoning module MidiAsset (138)
[2017.02.28-03.16.33:019][ 83]LogModuleManager: Shutting down and abandoning module Midi (137)
[2017.02.28-03.16.33:019][ 83]LogModuleManager: Shutting down and abandoning module HGGifImporter (136)
[2017.02.28-03.16.33:019][ 83]LogModuleManager: Shutting down and abandoning module HTML5Networking (135)
[2017.02.28-03.16.33:019][ 83]LogModuleManager: Shutting down and abandoning module GeometryCacheEd (134)
[2017.02.28-03.16.33:019][ 83]LogModuleManager: Shutting down and abandoning module GeometryCache (133)
[2017.02.28-03.16.33:020][ 83]LogModuleManager: Shutting down and abandoning module AlembicLibrary (132)
[2017.02.28-03.16.33:053][ 83]LogModuleManager: Shutting down and abandoning module AlembicImporter (131)
[2017.02.28-03.16.33:098][ 83]LogModuleManager: Shutting down and abandoning module SuperSearch (130)
[2017.02.28-03.16.33:098][ 83]LogModuleManager: Shutting down and abandoning module SuperSearchEditor (129)
[2017.02.28-03.16.33:098][ 83]LogModuleManager: Shutting down and abandoning module SpeedTreeImporter (128)
[2017.02.28-03.16.33:098][ 83]LogModuleManager: Shutting down and abandoning module PluginBrowser (127)
[2017.02.28-03.16.33:099][ 83]LogModuleManager: Shutting down and abandoning module MobileLauncherProfileWizard (126)
[2017.02.28-03.16.33:275][ 83]LogModuleManager: Shutting down and abandoning module EpicSurvey (125)
[2017.02.28-03.16.33:292][ 83]LogModuleManager: Shutting down and abandoning module DesktopPlatform (124)
[2017.02.28-03.16.33:292][ 83]LogModuleManager: Shutting down and abandoning module VisualStudioSourceCodeAccess (123)
[2017.02.28-03.16.33:292][ 83]LogModuleManager: Shutting down and abandoning module UObjectPlugin (122)
[2017.02.28-03.16.33:292][ 83]LogModuleManager: Shutting down and abandoning module SubversionSourceControl (121)
[2017.02.28-03.16.33:436][ 83]LogModuleManager: Shutting down and abandoning module PerforceSourceControl (120)
[2017.02.28-03.16.33:683][ 83]LogModuleManager: Shutting down and abandoning module SourceControl (119)
[2017.02.28-03.16.33:738][ 83]LogModuleManager: Shutting down and abandoning module GitSourceControl (118)
[2017.02.28-03.16.33:802][ 83]LogModuleManager: Shutting down and abandoning module LightPropagationVolumeEditor (117)
[2017.02.28-03.16.33:802][ 83]LogModuleManager: Shutting down and abandoning module PaperTiledImporter (116)
[2017.02.28-03.16.33:838][ 83]LogModuleManager: Shutting down and abandoning module PaperSpriteSheetImporter (115)
[2017.02.28-03.16.33:838][ 83]LogModuleManager: Shutting down and abandoning module MeshPaint (114)
[2017.02.28-03.16.33:838][ 83]LogModuleManager: Shutting down and abandoning module PixelInspectorModule (113)
[2017.02.28-03.16.33:887][ 83]LogModuleManager: Shutting down and abandoning module HotReload (112)
[2017.02.28-03.16.33:890][ 83]LogModuleManager: Shutting down and abandoning module MainFrame (111)
[2017.02.28-03.16.33:890][ 83]LogModuleManager: Shutting down and abandoning module LevelEditor (110)
[2017.02.28-03.16.33:952][ 83]LogModuleManager: Shutting down and abandoning module ContentBrowser (109)
[2017.02.28-03.16.33:956][ 83]LogModuleManager: Shutting down and abandoning module Paper2DEditor (108)
[2017.02.28-03.16.34:040][ 83]LogModuleManager: Shutting down and abandoning module UdpMessaging (107)
[2017.02.28-03.16.34:140][ 83]LogModuleManager: Shutting down and abandoning module TcpMessaging (106)
[2017.02.28-03.16.34:264][ 83]LogModuleManager: Shutting down and abandoning module JavascriptWebSocket (105)
[2017.02.28-03.16.34:264][ 83]LogModuleManager: Shutting down and abandoning module JavascriptHttp (104)
[2017.02.28-03.16.34:264][ 83]LogModuleManager: Shutting down and abandoning module JavascriptUMG (103)
[2017.02.28-03.16.34:264][ 83]LogModuleManager: Shutting down and abandoning module V8 (102)
[2017.02.28-03.16.34:337][ 83]LogModuleManager: Shutting down and abandoning module LightPropagationVolumeRuntime (101)
[2017.02.28-03.16.34:337][ 83]LogModuleManager: Shutting down and abandoning module Paper2D (100)
[2017.02.28-03.16.34:337][ 83]LogModuleManager: Shutting down and abandoning module WindowsMoviePlayer (99)
[2017.02.28-03.16.34:338][ 83]LogModuleManager: Shutting down and abandoning module WmfMedia (98)
[2017.02.28-03.16.34:424][ 83]LogModuleManager: Shutting down and abandoning module MediaAssets (97)
[2017.02.28-03.16.34:425][ 83]LogModuleManager: Shutting down and abandoning module GameLiveStreaming (96)
[2017.02.28-03.16.34:595][ 83]LogModuleManager: Shutting down and abandoning module GameplayTagsEditor (95)
[2017.02.28-03.16.34:595][ 83]LogModuleManager: Shutting down and abandoning module VREditor (94)
[2017.02.28-03.16.34:595][ 83]LogModuleManager: Shutting down and abandoning module GameplayTasksEditor (93)
[2017.02.28-03.16.34:595][ 83]LogModuleManager: Shutting down and abandoning module BehaviorTreeEditor (92)
[2017.02.28-03.16.35:196][ 83]LogModuleManager: Shutting down and abandoning module FunctionalTesting (91)
[2017.02.28-03.16.35:223][ 83]LogModuleManager: Shutting down and abandoning module CollisionAnalyzer (90)
[2017.02.28-03.16.35:516][ 83]LogModuleManager: Shutting down and abandoning module Sequencer (89)
[2017.02.28-03.16.35:646][ 83]LogModuleManager: Shutting down and abandoning module WorkspaceMenuStructure (88)
[2017.02.28-03.16.35:646][ 83]LogModuleManager: Shutting down and abandoning module MessageLog (87)
[2017.02.28-03.16.35:646][ 83]LogModuleManager: Shutting down and abandoning module AssetTools (86)
[2017.02.28-03.16.36:182][ 83]LogModuleManager: Shutting down and abandoning module UMGEditor (85)
[2017.02.28-03.16.36:277][ 83]LogModuleManager: Shutting down and abandoning module UMG (84)
[2017.02.28-03.16.36:277][ 83]LogModuleManager: Shutting down and abandoning module SlateReflector (83)
[2017.02.28-03.16.36:527][ 83]LogModuleManager: Shutting down and abandoning module Slate (82)
[2017.02.28-03.16.36:527][ 83]LogModuleManager: Shutting down and abandoning module EditorStyle (81)
[2017.02.28-03.16.36:538][ 83]LogModuleManager: Shutting down and abandoning module SourceCodeAccess (80)
[2017.02.28-03.16.36:538][ 83]LogModuleManager: Shutting down and abandoning module HeadMountedDisplay (79)
[2017.02.28-03.16.36:538][ 83]LogModuleManager: Shutting down and abandoning module XAudio2 (78)
[2017.02.28-03.16.36:538][ 83]LogModuleManager: Shutting down and abandoning module Networking (76)
[2017.02.28-03.16.36:538][ 83]LogModuleManager: Shutting down and abandoning module Core (75)
[2017.02.28-03.16.36:538][ 83]LogModuleManager: Shutting down and abandoning module DirectoryWatcher (74)
[2017.02.28-03.16.36:538][ 83]LogDirectoryWatcher: A directory notification for '../../../Engine/Content/' was aborted.
[2017.02.28-03.16.36:539][ 83]LogDirectoryWatcher: A directory notification for '../../../../../../Users/Anthony/Documents/GitHub/ChimeraGames-1b05911f5c87d43495dc6b2fcacceb5b671d91b1/ChimeraGames-1b05911f5c87d43495dc6b2fcacceb5b671d91b1/Abyss/Content/' was aborted.
[2017.02.28-03.16.36:540][ 83]LogDirectoryWatcher: A directory notification for '../../../Engine/Plugins/2D/Paper2D/Content/' was aborted.
[2017.02.28-03.16.36:540][ 83]LogDirectoryWatcher: A directory notification for '../../../Engine/Plugins/Marketplace/UnrealJS/Content/' was aborted.
[2017.02.28-03.16.36:578][ 83]LogModuleManager: Shutting down and abandoning module AssetRegistry (73)
[2017.02.28-03.16.37:262][ 83]LogModuleManager: Shutting down and abandoning module KismetCompiler (72)
[2017.02.28-03.16.37:262][ 83]LogModuleManager: Shutting down and abandoning module PhysXFormats (71)
[2017.02.28-03.16.37:327][ 83]LogModuleManager: Shutting down and abandoning module SimplygonSwarm (70)
[2017.02.28-03.16.37:397][ 83]LogModuleManager: Shutting down and abandoning module SimplygonMeshReduction (69)
[2017.02.28-03.16.37:448][ 83]LogModuleManager: Shutting down and abandoning module QuadricMeshReduction (68)
[2017.02.28-03.16.37:543][ 83]LogModuleManager: Shutting down and abandoning module PropertyEditor (67)
[2017.02.28-03.16.37:543][ 83]LogModuleManager: Shutting down and abandoning module MeshUtilities (66)
[2017.02.28-03.16.37:744][ 83]LogModuleManager: Shutting down and abandoning module DerivedDataCache (65)
[2017.02.28-03.16.37:815][ 83]LogDerivedDataCache: Shutdown
[2017.02.28-03.16.37:815][ 83]LogModuleManager: Shutting down and abandoning module VulkanShaderFormat (64)
[2017.02.28-03.16.37:834][ 83]LogModuleManager: Shutting down and abandoning module ShaderFormatOpenGL (63)
[2017.02.28-03.16.37:898][ 83]LogModuleManager: Shutting down and abandoning module ShaderFormatD3D (62)
[2017.02.28-03.16.37:983][ 83]LogModuleManager: Shutting down and abandoning module MetalShaderFormat (61)
[2017.02.28-03.16.38:065][ 83]LogModuleManager: Shutting down and abandoning module TextureFormatUncompressed (60)
[2017.02.28-03.16.38:065][ 83]LogModuleManager: Shutting down and abandoning module TextureFormatPVR (59)
[2017.02.28-03.16.38:097][ 83]LogModuleManager: Shutting down and abandoning module TextureFormatDXT (58)
[2017.02.28-03.16.38:115][ 83]LogModuleManager: Shutting down and abandoning module TextureFormatIntelISPCTexComp (57)
[2017.02.28-03.16.38:250][ 83]LogModuleManager: Shutting down and abandoning module ImageWrapper (56)
[2017.02.28-03.16.38:250][ 83]LogModuleManager: Shutting down and abandoning module TextureFormatASTC (55)
[2017.02.28-03.16.38:250][ 83]LogModuleManager: Shutting down and abandoning module TextureFormatAndroid (54)
[2017.02.28-03.16.38:250][ 83]LogModuleManager: Shutting down and abandoning module AudioFormatOpus (53)
[2017.02.28-03.16.38:280][ 83]LogModuleManager: Shutting down and abandoning module AudioFormatOgg (52)
[2017.02.28-03.16.38:311][ 83]LogModuleManager: Shutting down and abandoning module AudioFormatADPCM (51)
[2017.02.28-03.16.38:311][ 83]LogModuleManager: Shutting down and abandoning module LinuxTargetPlatform (50)
[2017.02.28-03.16.38:311][ 83]LogModuleManager: Shutting down and abandoning module LinuxServerTargetPlatform (49)
[2017.02.28-03.16.38:361][ 83]LogModuleManager: Shutting down and abandoning module LinuxNoEditorTargetPlatform (48)
[2017.02.28-03.16.38:376][ 83]LogModuleManager: Shutting down and abandoning module LinuxClientTargetPlatform (47)
[2017.02.28-03.16.38:397][ 83]LogModuleManager: Shutting down and abandoning module TVOSTargetPlatform (46)
[2017.02.28-03.16.38:397][ 83]LogModuleManager: Shutting down and abandoning module Messaging (45)
[2017.02.28-03.16.38:397][ 83]LogModuleManager: Shutting down and abandoning module IOSTargetPlatform (44)
[2017.02.28-03.16.38:397][ 83]LogModuleManager: Shutting down and abandoning module HTML5TargetPlatform (43)
[2017.02.28-03.16.38:397][ 83]LogModuleManager: Shutting down and abandoning module Android_PVRTCTargetPlatform (42)
[2017.02.28-03.16.38:397][ 83]LogModuleManager: Shutting down and abandoning module Android_MultiTargetPlatform (41)
[2017.02.28-03.16.38:397][ 83]LogModuleManager: Shutting down and abandoning module Android_ETC2TargetPlatform (40)
[2017.02.28-03.16.38:397][ 83]LogModuleManager: Shutting down and abandoning module Android_ETC1TargetPlatform (39)
[2017.02.28-03.16.38:397][ 83]LogModuleManager: Shutting down and abandoning module Android_DXTTargetPlatform (38)
[2017.02.28-03.16.38:397][ 83]LogModuleManager: Shutting down and abandoning module Android_ATCTargetPlatform (37)
[2017.02.28-03.16.38:397][ 83]LogModuleManager: Shutting down and abandoning module Android_ASTCTargetPlatform (36)
[2017.02.28-03.16.38:397][ 83]LogModuleManager: Shutting down and abandoning module AndroidTargetPlatform (35)
[2017.02.28-03.16.38:397][ 83]LogModuleManager: Shutting down and abandoning module WindowsTargetPlatform (34)
[2017.02.28-03.16.38:397][ 83]LogModuleManager: Shutting down and abandoning module WindowsServerTargetPlatform (33)
[2017.02.28-03.16.38:424][ 83]LogModuleManager: Shutting down and abandoning module WindowsNoEditorTargetPlatform (32)
[2017.02.28-03.16.38:468][ 83]LogModuleManager: Shutting down and abandoning module WindowsClientTargetPlatform (31)
[2017.02.28-03.16.38:576][ 83]LogModuleManager: Shutting down and abandoning module MacTargetPlatform (30)
[2017.02.28-03.16.38:576][ 83]LogModuleManager: Shutting down and abandoning module MacServerTargetPlatform (29)
[2017.02.28-03.16.38:576][ 83]LogModuleManager: Shutting down and abandoning module MacNoEditorTargetPlatform (28)
[2017.02.28-03.16.38:576][ 83]LogModuleManager: Shutting down and abandoning module MacClientTargetPlatform (27)
[2017.02.28-03.16.38:576][ 83]LogModuleManager: Shutting down and abandoning module AllDesktopTargetPlatform (26)
[2017.02.28-03.16.38:576][ 83]LogModuleManager: Shutting down and abandoning module TargetPlatform (25)
[2017.02.28-03.16.38:576][ 83]LogModuleManager: Shutting down and abandoning module InputCore (24)
[2017.02.28-03.16.38:576][ 83]LogModuleManager: Shutting down and abandoning module Settings (23)
[2017.02.28-03.16.38:576][ 83]LogModuleManager: Shutting down and abandoning module OculusRift (22)
[2017.02.28-03.16.38:615][ 83]LogModuleManager: Shutting down and abandoning module ExampleDeviceProfileSelector (21)
[2017.02.28-03.16.38:616][ 83]LogModuleManager: Shutting down and abandoning module OnlineBlueprintSupport (20)
[2017.02.28-03.16.38:616][ 83]LogModuleManager: Shutting down and abandoning module OnlineSubsystem (18)
[2017.02.28-03.16.38:616][ 83]LogOnline:Display: Unloading online subsystem: NULL
[2017.02.28-03.16.38:700][ 83]LogModuleManager: Shutting down and abandoning module SSL (17)
[2017.02.28-03.16.38:737][ 83]LogModuleManager: Shutting down and abandoning module HTTP (16)
[2017.02.28-03.16.38:737][ 83]LogModuleManager: Shutting down and abandoning module XMPP (15)
[2017.02.28-03.16.38:982][ 83]LogModuleManager: Shutting down and abandoning module TextureCompressor (14)
[2017.02.28-03.16.39:337][ 83]LogModuleManager: Shutting down and abandoning module ShaderCore (13)
[2017.02.28-03.16.39:338][ 83]LogModuleManager: Shutting down and abandoning module Landscape (12)
[2017.02.28-03.16.39:338][ 83]LogModuleManager: Shutting down and abandoning module SlateRHIRenderer (11)
[2017.02.28-03.16.39:451][ 83]LogModuleManager: Shutting down and abandoning module OpenGLDrv (10)
[2017.02.28-03.16.39:524][ 83]LogModuleManager: Shutting down and abandoning module D3D11RHI (9)
[2017.02.28-03.16.39:524][ 83]LogModuleManager: Shutting down and abandoning module AnimGraphRuntime (8)
[2017.02.28-03.16.39:585][ 83]LogModuleManager: Shutting down and abandoning module Renderer (7)
[2017.02.28-03.16.39:606][ 83]LogModuleManager: Shutting down and abandoning module Engine (6)
[2017.02.28-03.16.39:606][ 83]LogModuleManager: Shutting down and abandoning module CoreUObject (5)
[2017.02.28-03.16.39:606][ 83]LogModuleManager: Shutting down and abandoning module NetworkFile (4)
[2017.02.28-03.16.39:637][ 83]LogModuleManager: Shutting down and abandoning module StreamingFile (3)
[2017.02.28-03.16.39:637][ 83]LogModuleManager: Shutting down and abandoning module SandboxFile (2)
[2017.02.28-03.16.39:637][ 83]LogModuleManager: Shutting down and abandoning module PakFile (1)
[2017.02.28-03.16.39:967][ 83]LogExit: Exiting.
[2017.02.28-03.16.40:209][ 83]Log file closed, 02/27/17 22:16:40
