Log file open, 03/08/17 00:39:11
LogInit:Display: Running engine for game: Abyss
LogPlatformFile: Not using cached read wrapper
LogInit:Display: RandInit(1440880997) SRandInit(1440880997).
LogTaskGraph: Started task graph with 5 named threads and 9 total threads with 1 sets of task threads.
LogStats: Stats thread started at 0.118944
LogPluginManager: Loaded Plugin Paper2D, From E:/Game Data/Epic Games/4.14/Engine/Plugins/2D/Paper2D/Paper2D.uplugin
LogPluginManager: Loaded Plugin LightPropagationVolume, From E:/Game Data/Epic Games/4.14/Engine/Plugins/Blendables/LightPropagationVolume/LightPropagationVolume.uplugin
LogPluginManager: Loaded Plugin BlankPlugin, From E:/Game Data/Epic Games/4.14/Engine/Plugins/Developer/BlankPlugin/BlankPlugin.uplugin
LogPluginManager: Loaded Plugin CodeLiteSourceCodeAccess, From E:/Game Data/Epic Games/4.14/Engine/Plugins/Developer/CodeLiteSourceCodeAccess/CodeLiteSourceCodeAccess.uplugin
LogPluginManager: Loaded Plugin GitSourceControl, From E:/Game Data/Epic Games/4.14/Engine/Plugins/Developer/GitSourceControl/GitSourceControl.uplugin
LogPluginManager: Loaded Plugin KDevelopSourceCodeAccess, From E:/Game Data/Epic Games/4.14/Engine/Plugins/Developer/KDevelopSourceCodeAccess/KDevelopSourceCodeAccess.uplugin
LogPluginManager: Loaded Plugin NullSourceCodeAccess, From E:/Game Data/Epic Games/4.14/Engine/Plugins/Developer/NullSourceCodeAccess/NullSourceCodeAccess.uplugin
LogPluginManager: Loaded Plugin OneSkyLocalizationService, From E:/Game Data/Epic Games/4.14/Engine/Plugins/Developer/OneSkyLocalizationService/OneSkyLocalizationService.uplugin
LogPluginManager: Loaded Plugin PerforceSourceControl, From E:/Game Data/Epic Games/4.14/Engine/Plugins/Developer/PerforceSourceControl/PerforceSourceControl.uplugin
LogPluginManager: Loaded Plugin SubversionSourceControl, From E:/Game Data/Epic Games/4.14/Engine/Plugins/Developer/SubversionSourceControl/SubversionSourceControl.uplugin
LogPluginManager: Loaded Plugin UObjectPlugin, From E:/Game Data/Epic Games/4.14/Engine/Plugins/Developer/UObjectPlugin/UObjectPlugin.uplugin
LogPluginManager: Loaded Plugin VisualStudioSourceCodeAccess, From E:/Game Data/Epic Games/4.14/Engine/Plugins/Developer/VisualStudioSourceCodeAccess/VisualStudioSourceCodeAccess.uplugin
LogPluginManager: Loaded Plugin XCodeSourceCodeAccess, From E:/Game Data/Epic Games/4.14/Engine/Plugins/Developer/XCodeSourceCodeAccess/XCodeSourceCodeAccess.uplugin
LogPluginManager: Loaded Plugin AudioCapture, From E:/Game Data/Epic Games/4.14/Engine/Plugins/Editor/AudioCapture/AudioCapture.uplugin
LogPluginManager: Loaded Plugin EpicSurvey, From E:/Game Data/Epic Games/4.14/Engine/Plugins/Editor/EpicSurvey/EpicSurvey.uplugin
LogPluginManager: Loaded Plugin MacGraphicsSwitching, From E:/Game Data/Epic Games/4.14/Engine/Plugins/Editor/MacGraphicsSwitching/MacGraphicsSwitching.uplugin
LogPluginManager: Loaded Plugin MobileLauncherProfileWizard, From E:/Game Data/Epic Games/4.14/Engine/Plugins/Editor/MobileLauncherProfileWizard/MobileLauncherProfileWizard.uplugin
LogPluginManager: Loaded Plugin PluginBrowser, From E:/Game Data/Epic Games/4.14/Engine/Plugins/Editor/PluginBrowser/PluginBrowser.uplugin
LogPluginManager: Loaded Plugin SpeedTreeImporter, From E:/Game Data/Epic Games/4.14/Engine/Plugins/Editor/SpeedTreeImporter/SpeedTreeImporter.uplugin
LogPluginManager: Loaded Plugin SuperSearchEditor, From E:/Game Data/Epic Games/4.14/Engine/Plugins/Editor/SuperSearchEditor/SuperSearchEditor.uplugin
LogPluginManager: Loaded Plugin AlembicImporter, From E:/Game Data/Epic Games/4.14/Engine/Plugins/Experimental/AlembicImporter/AlembicImporter.uplugin
LogPluginManager: Loaded Plugin BlueprintStats, From E:/Game Data/Epic Games/4.14/Engine/Plugins/Experimental/BlueprintStats/BlueprintStats.uplugin
LogPluginManager: Loaded Plugin CharacterAI, From E:/Game Data/Epic Games/4.14/Engine/Plugins/Experimental/CharacterAI/CharacterAI.uplugin
LogPluginManager: Loaded Plugin CodeEditor, From E:/Game Data/Epic Games/4.14/Engine/Plugins/Experimental/CodeEditor/CodeEditor.uplugin
LogPluginManager: Loaded Plugin CodeView, From E:/Game Data/Epic Games/4.14/Engine/Plugins/Experimental/CodeView/CodeView.uplugin
LogPluginManager: Loaded Plugin HTML5Networking, From E:/Game Data/Epic Games/4.14/Engine/Plugins/Experimental/HTML5Networking/HTML5Networking.uplugin
LogPluginManager: Loaded Plugin OSVR, From E:/Game Data/Epic Games/4.14/Engine/Plugins/Experimental/OSVR/OSVR.uplugin
LogPluginManager: Loaded Plugin Phya, From E:/Game Data/Epic Games/4.14/Engine/Plugins/Experimental/Phya/Phya.uplugin
LogPluginManager: Loaded Plugin SignificanceManager, From E:/Game Data/Epic Games/4.14/Engine/Plugins/Experimental/SignificanceManager/SignificanceManager.uplugin
LogPluginManager: Loaded Plugin SimpleHMD, From E:/Game Data/Epic Games/4.14/Engine/Plugins/Experimental/SimpleHMD/SimpleHMD.uplugin
LogPluginManager: Loaded Plugin StereoPanorama, From E:/Game Data/Epic Games/4.14/Engine/Plugins/Experimental/StereoPanorama/StereoPanorama.uplugin
LogPluginManager: Loaded Plugin StructBox, From E:/Game Data/Epic Games/4.14/Engine/Plugins/Experimental/StructBox/StructBox.uplugin
LogPluginManager: Loaded Plugin HGGifImporter, From E:/Game Data/Epic Games/4.14/Engine/Plugins/Marketplace/HGGifImporter/HGGifImporter.uplugin
LogPluginManager: Loaded Plugin UnrealJS, From E:/Game Data/Epic Games/4.14/Engine/Plugins/Marketplace/UnrealJS/UnrealJS.uplugin
LogPluginManager: Loaded Plugin AndroidMedia, From E:/Game Data/Epic Games/4.14/Engine/Plugins/Media/AndroidMedia/AndroidMedia.uplugin
LogPluginManager: Loaded Plugin AvfMedia, From E:/Game Data/Epic Games/4.14/Engine/Plugins/Media/AvfMedia/AvfMedia.uplugin
LogPluginManager: Loaded Plugin MediaPlayerEditor, From E:/Game Data/Epic Games/4.14/Engine/Plugins/Media/MediaPlayerEditor/MediaPlayerEditor.uplugin
LogPluginManager: Loaded Plugin WmfMedia, From E:/Game Data/Epic Games/4.14/Engine/Plugins/Media/WmfMedia/WmfMedia.uplugin
LogPluginManager: Loaded Plugin MessagingDebugger, From E:/Game Data/Epic Games/4.14/Engine/Plugins/Messaging/MessagingDebugger/MessagingDebugger.uplugin
LogPluginManager: Loaded Plugin TcpMessaging, From E:/Game Data/Epic Games/4.14/Engine/Plugins/Messaging/TcpMessaging/TcpMessaging.uplugin
LogPluginManager: Loaded Plugin UdpMessaging, From E:/Game Data/Epic Games/4.14/Engine/Plugins/Messaging/UdpMessaging/UdpMessaging.uplugin
LogPluginManager: Loaded Plugin LevelSequenceEditor, From E:/Game Data/Epic Games/4.14/Engine/Plugins/MovieScene/LevelSequenceEditor/LevelSequenceEditor.uplugin
LogPluginManager: Loaded Plugin MatineeToLevelSequence, From E:/Game Data/Epic Games/4.14/Engine/Plugins/MovieScene/MatineeToLevelSequence/MatineeToLevelSequence.uplugin
LogPluginManager: Loaded Plugin NetcodeUnitTest, From E:/Game Data/Epic Games/4.14/Engine/Plugins/NetcodeUnitTest/NetcodeUnitTest/NetcodeUnitTest.uplugin
LogPluginManager: Loaded Plugin NUTUnrealEngine4, From E:/Game Data/Epic Games/4.14/Engine/Plugins/NetcodeUnitTest/NUTUnrealEngine4/NUTUnrealEngine4.uplugin
LogPluginManager: Loaded Plugin OnlineSubsystemGameCircle, From E:/Game Data/Epic Games/4.14/Engine/Plugins/Online/Android/OnlineSubsystemGameCircle/OnlineSubsystemGameCircle.uplugin
LogPluginManager: Loaded Plugin OnlineSubsystemGooglePlay, From E:/Game Data/Epic Games/4.14/Engine/Plugins/Online/Android/OnlineSubsystemGooglePlay/OnlineSubsystemGooglePlay.uplugin
LogPluginManager: Loaded Plugin OnlineSubsystemIOS, From E:/Game Data/Epic Games/4.14/Engine/Plugins/Online/IOS/OnlineSubsystemIOS/OnlineSubsystemIOS.uplugin
LogPluginManager: Loaded Plugin OnlineFramework, From E:/Game Data/Epic Games/4.14/Engine/Plugins/Online/OnlineFramework/OnlineFramework.uplugin
LogPluginManager: Loaded Plugin OnlineSubsystem, From E:/Game Data/Epic Games/4.14/Engine/Plugins/Online/OnlineSubsystem/OnlineSubsystem.uplugin
LogPluginManager: Loaded Plugin OnlineSubsystemAmazon, From E:/Game Data/Epic Games/4.14/Engine/Plugins/Online/OnlineSubsystemAmazon/OnlineSubsystemAmazon.uplugin
LogPluginManager: Loaded Plugin OnlineSubsystemFacebook, From E:/Game Data/Epic Games/4.14/Engine/Plugins/Online/OnlineSubsystemFacebook/OnlineSubsystemFacebook.uplugin
LogPluginManager: Loaded Plugin OnlineSubsystemNull, From E:/Game Data/Epic Games/4.14/Engine/Plugins/Online/OnlineSubsystemNull/OnlineSubsystemNull.uplugin
LogPluginManager: Loaded Plugin OnlineSubsystemOculus, From E:/Game Data/Epic Games/4.14/Engine/Plugins/Online/OnlineSubsystemOculus/OnlineSubsystemOculus.uplugin
LogPluginManager: Loaded Plugin OnlineSubsystemSteam, From E:/Game Data/Epic Games/4.14/Engine/Plugins/Online/OnlineSubsystemSteam/OnlineSubsystemSteam.uplugin
LogPluginManager: Loaded Plugin OnlineSubsystemUtils, From E:/Game Data/Epic Games/4.14/Engine/Plugins/Online/OnlineSubsystemUtils/OnlineSubsystemUtils.uplugin
LogPluginManager: Loaded Plugin IOSTapJoy, From E:/Game Data/Epic Games/4.14/Engine/Plugins/Runtime/Advertising/IOSTapJoy/IOSTapJoy.uplugin
LogPluginManager: Loaded Plugin AnalyticsBlueprintLibrary, From E:/Game Data/Epic Games/4.14/Engine/Plugins/Runtime/Analytics/AnalyticsBlueprintLibrary/AnalyticsBlueprintLibrary.uplugin
LogPluginManager: Loaded Plugin AnalyticsMulticast, From E:/Game Data/Epic Games/4.14/Engine/Plugins/Runtime/Analytics/AnalyticsMulticast/AnalyticsMulticast.uplugin
LogPluginManager: Loaded Plugin Apsalar, From E:/Game Data/Epic Games/4.14/Engine/Plugins/Runtime/Analytics/Apsalar/Apsalar.uplugin
LogPluginManager: Loaded Plugin FileLogging, From E:/Game Data/Epic Games/4.14/Engine/Plugins/Runtime/Analytics/FileLogging/FileLogging.uplugin
LogPluginManager: Loaded Plugin Flurry, From E:/Game Data/Epic Games/4.14/Engine/Plugins/Runtime/Analytics/Flurry/Flurry.uplugin
LogPluginManager: Loaded Plugin AndroidDeviceProfileSelector, From E:/Game Data/Epic Games/4.14/Engine/Plugins/Runtime/AndroidDeviceProfileSelector/AndroidDeviceProfileSelector.uplugin
LogPluginManager: Loaded Plugin AndroidMoviePlayer, From E:/Game Data/Epic Games/4.14/Engine/Plugins/Runtime/AndroidMoviePlayer/AndroidMoviePlayer.uplugin
LogPluginManager: Loaded Plugin AppleMoviePlayer, From E:/Game Data/Epic Games/4.14/Engine/Plugins/Runtime/AppleMoviePlayer/AppleMoviePlayer.uplugin
LogPluginManager: Loaded Plugin ArchVisCharacter, From E:/Game Data/Epic Games/4.14/Engine/Plugins/Runtime/ArchVisCharacter/ArchVisCharacter.uplugin
LogPluginManager: Loaded Plugin CableComponent, From E:/Game Data/Epic Games/4.14/Engine/Plugins/Runtime/CableComponent/CableComponent.uplugin
LogPluginManager: Loaded Plugin CustomMeshComponent, From E:/Game Data/Epic Games/4.14/Engine/Plugins/Runtime/CustomMeshComponent/CustomMeshComponent.uplugin
LogPluginManager: Loaded Plugin ExampleDeviceProfileSelector, From E:/Game Data/Epic Games/4.14/Engine/Plugins/Runtime/ExampleDeviceProfileSelector/ExampleDeviceProfileSelector.uplugin
LogPluginManager: Loaded Plugin GearVR, From E:/Game Data/Epic Games/4.14/Engine/Plugins/Runtime/GearVR/GearVR.uplugin
LogPluginManager: Loaded Plugin GoogleVRController, From E:/Game Data/Epic Games/4.14/Engine/Plugins/Runtime/GoogleVR/GoogleVRController/GoogleVRController.uplugin
LogPluginManager: Loaded Plugin GoogleVRHMD, From E:/Game Data/Epic Games/4.14/Engine/Plugins/Runtime/GoogleVR/GoogleVRHMD/GoogleVRHMD.uplugin
LogPluginManager: Loaded Plugin IOSDeviceProfileSelector, From E:/Game Data/Epic Games/4.14/Engine/Plugins/Runtime/IOSDeviceProfileSelector/IOSDeviceProfileSelector.uplugin
LogPluginManager: Loaded Plugin LeapMotion, From E:/Game Data/Epic Games/4.14/Engine/Plugins/Runtime/LeapMotion/LeapMotion.uplugin
LogPluginManager: Loaded Plugin LinuxDeviceProfileSelector, From E:/Game Data/Epic Games/4.14/Engine/Plugins/Runtime/LinuxDeviceProfileSelector/LinuxDeviceProfileSelector.uplugin
LogPluginManager: Loaded Plugin MIDIDevice, From E:/Game Data/Epic Games/4.14/Engine/Plugins/Runtime/MIDIDevice/MIDIDevice.uplugin
LogPluginManager: Loaded Plugin MobilePatchingUtils, From E:/Game Data/Epic Games/4.14/Engine/Plugins/Runtime/MobilePatchingUtils/MobilePatchingUtils.uplugin
LogPluginManager: Loaded Plugin Ansel, From E:/Game Data/Epic Games/4.14/Engine/Plugins/Runtime/Nvidia/Ansel/Ansel.uplugin
LogPluginManager: Loaded Plugin OculusAudio, From E:/Game Data/Epic Games/4.14/Engine/Plugins/Runtime/OculusAudio/OculusAudio.uplugin
LogPluginManager: Loaded Plugin OculusInput, From E:/Game Data/Epic Games/4.14/Engine/Plugins/Runtime/OculusInput/OculusInput.uplugin
LogPluginManager: Loaded Plugin OculusLibrary, From E:/Game Data/Epic Games/4.14/Engine/Plugins/Runtime/OculusLibrary/OculusLibrary.uplugin
LogPluginManager: Loaded Plugin OculusRift, From E:/Game Data/Epic Games/4.14/Engine/Plugins/Runtime/OculusRift/OculusRift.uplugin
LogPluginManager: Loaded Plugin Oodle, From E:/Game Data/Epic Games/4.14/Engine/Plugins/Runtime/PacketHandlers/CompressionComponents/Oodle/Oodle.uplugin
LogPluginManager: Loaded Plugin ProceduralMeshComponent, From E:/Game Data/Epic Games/4.14/Engine/Plugins/Runtime/ProceduralMeshComponent/ProceduralMeshComponent.uplugin
LogPluginManager: Loaded Plugin SoundMod, From E:/Game Data/Epic Games/4.14/Engine/Plugins/Runtime/SoundMod/SoundMod.uplugin
LogPluginManager: Loaded Plugin SoundVisualizations, From E:/Game Data/Epic Games/4.14/Engine/Plugins/Runtime/SoundVisualizations/SoundVisualizations.uplugin
LogPluginManager: Loaded Plugin SteamController, From E:/Game Data/Epic Games/4.14/Engine/Plugins/Runtime/Steam/SteamController/SteamController.uplugin
LogPluginManager: Loaded Plugin SteamVR, From E:/Game Data/Epic Games/4.14/Engine/Plugins/Runtime/Steam/SteamVR/SteamVR.uplugin
LogPluginManager: Loaded Plugin WebBrowserWidget, From E:/Game Data/Epic Games/4.14/Engine/Plugins/Runtime/WebBrowserWidget/WebBrowserWidget.uplugin
LogPluginManager: Loaded Plugin WindowsDeviceProfileSelector, From E:/Game Data/Epic Games/4.14/Engine/Plugins/Runtime/WindowsDeviceProfileSelector/WindowsDeviceProfileSelector.uplugin
LogPluginManager: Loaded Plugin WindowsMoviePlayer, From E:/Game Data/Epic Games/4.14/Engine/Plugins/Runtime/WindowsMoviePlayer/WindowsMoviePlayer.uplugin
LogPluginManager: Loaded Plugin ScriptPlugin, From E:/Game Data/Epic Games/4.14/Engine/Plugins/ScriptPlugin/ScriptPlugin.uplugin
LogPluginManager: Loaded Plugin SlateRemote, From E:/Game Data/Epic Games/4.14/Engine/Plugins/Slate/SlateRemote/SlateRemote.uplugin
LogPluginManager: Loaded Plugin EditorTests, From E:/Game Data/Epic Games/4.14/Engine/Plugins/Tests/EditorTests/EditorTests.uplugin
LogPluginManager: Loaded Plugin FbxAutomationTestBuilder, From E:/Game Data/Epic Games/4.14/Engine/Plugins/Tests/FbxAutomationTestBuilder/FbxAutomationTestBuilder.uplugin
LogPluginManager: Loaded Plugin FunctionalTestingEditor, From E:/Game Data/Epic Games/4.14/Engine/Plugins/Tests/FunctionalTestingEditor/FunctionalTestingEditor.uplugin
LogPluginManager: Loaded Plugin RuntimeTests, From E:/Game Data/Epic Games/4.14/Engine/Plugins/Tests/RuntimeTests/RuntimeTests.uplugin
LogPluginManager: Loaded Plugin ScreenshotTools, From E:/Game Data/Epic Games/4.14/Engine/Plugins/Tests/ScreenshotTools/ScreenshotTools.uplugin
LogInit: Using libcurl 7.47.1
LogInit:  - built for x86_64-pc-win32
LogInit:  - supports SSL with OpenSSL/1.0.2g
LogInit:  - supports HTTP deflate (compression) using libz 1.2.8
LogInit:  - other features:
LogInit:      CURL_VERSION_SSL
LogInit:      CURL_VERSION_LIBZ
LogInit:      CURL_VERSION_IPV6
LogInit:      CURL_VERSION_ASYNCHDNS
LogInit:      CURL_VERSION_LARGEFILE
LogInit:      CURL_VERSION_IDN
LogInit:  CurlRequestOptions (configurable via config and command line):
LogInit:  - bVerifyPeer = false  - Libcurl will NOT verify peer certificate
LogInit:  - bUseHttpProxy = false  - Libcurl will NOT use HTTP proxy
LogInit:  - bDontReuseConnections = false  - Libcurl will reuse connections
LogInit:  - CertBundlePath = nullptr  - Libcurl will use whatever was configured at build time.
LogInit: Build: ++UE4+Release-4.14-CL-3249277
LogInit: Engine Version: 4.14.3-3249277+++UE4+Release-4.14
LogInit: Compatible Engine Version: 4.14.0-3195953+++UE4+Release-4.14
LogInit: Net CL: 3195953
LogDevObjectVersion: Number of dev versions registered: 13
LogDevObjectVersion:   Dev-Blueprints (B0D832E4-1F89-4F0D-ACCF-7EB736FD4AA2): 7
LogDevObjectVersion:   Dev-Build (E1C64328-A22C-4D53-A36C-8E866417BD8C): 0
LogDevObjectVersion:   Dev-Core (375EC13C-06E4-48FB-B500-84F0262A717E): 1
LogDevObjectVersion:   Dev-Editor (E4B068ED-F494-42E9-A231-DA0B2E46BB41): 8
LogDevObjectVersion:   Dev-Framework (CFFC743F-43B0-4480-9391-14DF171D2073): 17
LogDevObjectVersion:   Dev-Mobile (B02B49B5-BB20-44E9-A304-32B752E40360): 0
LogDevObjectVersion:   Dev-Networking (A4E4105C-59A1-49B5-A7C5-40C4547EDFEE): 0
LogDevObjectVersion:   Dev-Online (39C831C9-5AE6-47DC-9A44-9C173E1C8E7C): 0
LogDevObjectVersion:   Dev-Physics (78F01B33-EBEA-4F98-B9B4-84EACCB95AA2): 0
LogDevObjectVersion:   Dev-Platform (6631380F-2D4D-43E0-8009-CF276956A95A): 0
LogDevObjectVersion:   Dev-Rendering (12F88B9F-8875-4AFC-A67C-D90C383ABD29): 12
LogDevObjectVersion:   Dev-Sequencer (7B5AE74C-D270-4C10-A958-57980B212A5A): 1
LogDevObjectVersion:   Dev-VR (D7296918-1DD6-4BDD-9DE2-64A83CC13884): 0
LogInit: Compiled (64-bit): Jan  6 2017 10:49:43
LogInit: Compiled with Visual C++: 19.00.23026.00
LogInit: Build Configuration: Development
LogInit: Branch Name: ++UE4+Release-4.14
LogInit: Command line:  /Temp/Autosaves/Game/Maps-Levels/UEDPCstartMenu -game -PIEVIACONSOLE -ResX=1280 -ResY=720  -Multiprocess -messaging -SessionName="Play in Standalone Game" -windowed 
LogInit: Base directory: E:/Game Data/Epic Games/4.14/Engine/Binaries/Win64/
LogInit: Installed Engine Build: 1
LogInit: Presizing for max 8388607 objects, including 0 objects not considered by GC, pre-allocating 0 bytes for permanent pool.
LogInit: Object subsystem initialized
[2017.03.08-05.39.12:365][  0]LogInit: Selected Device Profile: [Windows]
[2017.03.08-05.39.12:365][  0]LogInit: Applying CVar settings loaded from the selected device profile: [Windows]
[2017.03.08-05.39.12:374][  0]LogInit: Computer: RAGNARÖK
[2017.03.08-05.39.12:374][  0]LogInit: User: Chris
[2017.03.08-05.39.12:374][  0]LogInit: CPU Page size=65536, Cores=8
[2017.03.08-05.39.12:374][  0]LogInit: High frequency timer resolution =3.135576 MHz
[2017.03.08-05.39.12:374][  0]LogMemory: Memory total: Physical=15.9GB (16GB approx)
[2017.03.08-05.39.12:374][  0]LogMemory: Platform Memory Stats for Windows
[2017.03.08-05.39.12:374][  0]LogMemory: Process Physical Memory: 267.28 MB used, 267.28 MB peak
[2017.03.08-05.39.12:374][  0]LogMemory: Process Virtual Memory: 266.23 MB used, 266.23 MB peak
[2017.03.08-05.39.12:374][  0]LogMemory: Physical Memory: 7326.74 MB used,  8957.33 MB free, 16284.07 MB total
[2017.03.08-05.39.12:374][  0]LogMemory: Virtual Memory: 664.53 MB used,  8957.33 MB free, 8388608.00 MB total
[2017.03.08-05.39.12:446][  0]LogTextLocalizationManager: No specific translations for ('en-US') exist, so ('en') translations will be used.
[2017.03.08-05.39.13:039][  0]LogD3D11RHI: D3D11 adapters:
[2017.03.08-05.39.13:063][  0]LogD3D11RHI:    0. 'AMD Radeon (TM) R9 380 Series' (Feature Level 11_0)
[2017.03.08-05.39.13:063][  0]LogD3D11RHI:       4074/0/3840 MB DedicatedVideo/DedicatedSystem/SharedSystem, Outputs:1, VendorId:0x1002
[2017.03.08-05.39.13:063][  0]LogD3D11RHI: Chosen D3D11 Adapter: 0
[2017.03.08-05.39.13:074][  0]LogD3D11RHI: Creating new Direct3DDevice
[2017.03.08-05.39.13:074][  0]LogD3D11RHI:     GPU DeviceId: 0x6938 (for the marketing name, search the web for "GPU Device Id")
[2017.03.08-05.39.13:074][  0]LogWindows: EnumDisplayDevices:
[2017.03.08-05.39.13:075][  0]LogWindows:    0. 'AMD Radeon (TM) R9 380 Series' (P:1 D:1)
[2017.03.08-05.39.13:075][  0]LogWindows:    1. 'AMD Radeon (TM) R9 380 Series' (P:0 D:0)
[2017.03.08-05.39.13:076][  0]LogWindows:    2. 'AMD Radeon (TM) R9 380 Series' (P:0 D:0)
[2017.03.08-05.39.13:076][  0]LogWindows:    3. 'AMD Radeon (TM) R9 380 Series' (P:0 D:0)
[2017.03.08-05.39.13:077][  0]LogWindows:    4. 'AMD Radeon (TM) R9 380 Series' (P:0 D:0)
[2017.03.08-05.39.13:077][  0]LogWindows:    5. 'AMD Radeon (TM) R9 380 Series' (P:0 D:0)
[2017.03.08-05.39.13:078][  0]LogWindows:    6. 'RDPDD Chained DD' (P:0 D:0)
[2017.03.08-05.39.13:078][  0]LogWindows:    7. 'RDP Encoder Mirror Driver' (P:0 D:0)
[2017.03.08-05.39.13:079][  0]LogWindows:    8. 'RDP Reflector Display Driver' (P:0 D:0)
[2017.03.08-05.39.13:079][  0]LogWindows: DebugString: GetVideoDriverDetailsInvalid PrimaryIsNotTheChoosenAdapter GetVideoDriverDetailsInvalid PrimaryIsNotTheChoosenAdapter GetVideoDriverDetailsInvalid PrimaryIsNotTheChoosenAdapter FoundDriverCount:6 
[2017.03.08-05.39.13:079][  0]LogD3D11RHI:     Adapter Name: AMD Radeon (TM) R9 380 Series
[2017.03.08-05.39.13:079][  0]LogD3D11RHI:   Driver Version: Crimson ReLive 17.2.1 (internal:21.19.519.2, unified:21.19.519.2)
[2017.03.08-05.39.13:079][  0]LogD3D11RHI:      Driver Date: 2-10-2017
[2017.03.08-05.39.13:079][  0]LogRHI: Texture pool is 1361 MB (70% of 1945 MB)
[2017.03.08-05.39.13:098][  0]LogD3D11RHI: Async texture creation enabled
[2017.03.08-05.39.13:111][  0]LogD3D11RHI: GPU Timing Frequency: 27.000000 (Debug: 2 1)
[2017.03.08-05.39.13:112][  0]LogShaderCompilers: Guid format shader working directory is -3 characters bigger than the processId version (../../../../../Unreal Projects/ChimeraGames/Abyss/Intermediate/Shaders/WorkingDirectory/1508/).
[2017.03.08-05.39.13:112][  0]LogShaderCompilers: Cleaned the shader compiler working directory 'C:/Users/Chris/AppData/Local/Temp/UnrealShaderWorkingDir/CF94D2D345CA47AA65EAD493D76A270B/'.
[2017.03.08-05.39.13:112][  0]LogShaderCompilers:Display: Using Local Shader Compiler.
[2017.03.08-05.39.14:740][  0]LogTemp:Display: Loaded TP WindowsClientTargetPlatform
[2017.03.08-05.39.14:823][  0]LogTemp:Display: Loaded TP WindowsNoEditorTargetPlatform
[2017.03.08-05.39.14:906][  0]LogTemp:Display: Loaded TP WindowsServerTargetPlatform
[2017.03.08-05.39.14:969][  0]LogTemp:Display: Loaded TP WindowsTargetPlatform
[2017.03.08-05.39.14:969][  0]LogTargetPlatformManager:Display: Building Assets For Windows
[2017.03.08-05.39.15:461][  0]LogDerivedDataCache:Display: Max Cache Size: 512 MB
[2017.03.08-05.39.15:568][  0]LogDerivedDataCache: Loaded boot cache 0.11s 50MB C:/Users/Chris/AppData/Local/UnrealEngine/4.14/DerivedDataCache/Boot.ddc.
[2017.03.08-05.39.15:568][  0]LogDerivedDataCache:Display: Loaded Boot cache: C:/Users/Chris/AppData/Local/UnrealEngine/4.14/DerivedDataCache/Boot.ddc
[2017.03.08-05.39.15:568][  0]LogDerivedDataCache: FDerivedDataBackendGraph:  Pak pak cache file ../../../../../Unreal Projects/ChimeraGames/Abyss/DerivedDataCache/DDC.ddp not found, will not use a pak cache.
[2017.03.08-05.39.15:568][  0]LogDerivedDataCache: Unable to find inner node Pak for hierarchical cache Hierarchy.
[2017.03.08-05.39.15:568][  0]LogDerivedDataCache: FDerivedDataBackendGraph:  CompressedPak pak cache file ../../../../../Unreal Projects/ChimeraGames/Abyss/DerivedDataCache/Compressed.ddp not found, will not use a pak cache.
[2017.03.08-05.39.15:568][  0]LogDerivedDataCache: Unable to find inner node CompressedPak for hierarchical cache Hierarchy.
[2017.03.08-05.39.15:592][  0]LogDerivedDataCache:Display: Pak cache opened for reading ../../../Engine/DerivedDataCache/Compressed.ddp.
[2017.03.08-05.39.15:604][  0]LogDerivedDataCache: Using Local data cache path C:/Users/Chris/AppData/Local/UnrealEngine/Common/DerivedDataCache: Writable
[2017.03.08-05.39.15:907][  0]LogAssetRegistry: FAssetRegistry took 0.0001 seconds to start up
[2017.03.08-05.39.15:915][  0]LogPackageLocalizationCache: Processed 4 localized package path(s) for 2 prioritized culture(s) in 0.008007 seconds
[2017.03.08-05.39.15:942][  0]LogInit: Selected Device Profile: [Windows]
[2017.03.08-05.39.15:945][  0]LogContentStreaming: Texture pool size is 1000.00 MB
[2017.03.08-05.39.16:214][  0]LogMeshUtilities: Using QuadricMeshReduction for automatic static mesh reduction
[2017.03.08-05.39.16:269][  0]LogSimplygon: Simplygon DLL not present - disabling.
[2017.03.08-05.39.16:333][  0]LogMeshUtilities: Using SimplygonSwarm for distributed automatic mesh merging
[2017.03.08-05.39.16:333][  0]LogMeshUtilities: No automatic skeletal mesh reduction module available
[2017.03.08-05.39.16:333][  0]LogMeshUtilities: No automatic mesh merging module available
[2017.03.08-05.39.17:067][  0]LogNetVersion: GetLocalNetworkVersion: CL: 3195953, ProjectName: abyss, ProjectVersion: , EngineNetworkVersion: 2, GameNetworkVersion: 0, NetworkChecksum: 1595127573
[2017.03.08-05.39.17:151][  0]LogInit: WinSock: version 1.1 (2.2), MaxSocks=32767, MaxUdp=65467
[2017.03.08-05.39.18:079][  0]LogSlate: Using Freetype 2.6.0
[2017.03.08-05.39.18:079][  0]LogSlate: SlateFontCache - WITH_FREETYPE: 1, WITH_HARFBUZZ: 1
[2017.03.08-05.39.18:079][  0]LogSlate: SlateFontCache - WITH_FREETYPE: 1, WITH_HARFBUZZ: 1
[2017.03.08-05.39.18:249][  0]LogMoviePlayer: Initializing movie player
[2017.03.08-05.39.18:324][  0]LogWindowsMoviePlayer: Unable to load movie: ../../../../../Unreal Projects/ChimeraGames/Abyss/Content/Movies/Default_Startup.mp4
[2017.03.08-05.39.18:583][  0]JavascriptCmd: Unreal.js started. V8 5.7.201
[2017.03.08-05.39.18:881][  0]SourceControl: Info Source control is disabled
[2017.03.08-05.39.18:882][  0]SourceControl: Info Source control is disabled
[2017.03.08-05.39.18:943][  0]SourceControl: Info Source control is disabled
[2017.03.08-05.39.19:512][  0]LogUObjectArray: 34631 objects as part of root set at end of initial load.
[2017.03.08-05.39.19:512][  0]LogUObjectAllocator: 7649232 out of 0 bytes used by permanent object pool.
[2017.03.08-05.39.19:512][  0]LogUObjectArray: CloseDisregardForGC: 0/0 objects in disregard for GC pool
[2017.03.08-05.39.19:653][  0]LogEngine: Initializing Engine...
[2017.03.08-05.39.19:849][  0]LogInit: XAudio2 using '1 - SE32HY27 (2- AMD High Definition Audio Device)' : 2 channels at 48 kHz using 16 bits per sample (channel mask 0x3)
[2017.03.08-05.39.19:865][  0]LogInit: FAudioDevice initialized.
[2017.03.08-05.39.19:895][  0]LogInit: Texture streaming: Enabled
[2017.03.08-05.39.19:993][  0]LogMaterial: Uniform references updated for custom material expression Custom.
[2017.03.08-05.39.20:584][  0]LogInit:Display: Game Engine Initialized.
[2017.03.08-05.39.20:712][  0]LogInit:Display: Starting Game.
[2017.03.08-05.39.20:712][  0]LogNet: Browse: /Temp/Autosaves/Game/Maps-Levels/UEDPCstartMenu?Name=Player
[2017.03.08-05.39.20:712][  0]LogLoad: LoadMap: /Temp/Autosaves/Game/Maps-Levels/UEDPCstartMenu?Name=Player
[2017.03.08-05.39.20:757][  0]LogMemory: Platform Memory Stats for Windows
[2017.03.08-05.39.20:757][  0]LogMemory: Process Physical Memory: 637.73 MB used, 656.85 MB peak
[2017.03.08-05.39.20:757][  0]LogMemory: Process Virtual Memory: 608.51 MB used, 642.16 MB peak
[2017.03.08-05.39.20:757][  0]LogMemory: Physical Memory: 7646.58 MB used,  8637.49 MB free, 16284.07 MB total
[2017.03.08-05.39.20:757][  0]LogMemory: Virtual Memory: 1251.18 MB used,  8637.49 MB free, 8388608.00 MB total
[2017.03.08-05.39.20:757][  0]LogMemory: 
[2017.03.08-05.39.20:757][  0]Allocator Stats for TBB: (not implemented)
[2017.03.08-05.39.20:991][  0]LogAIModule: Creating AISystem for world startMenu
[2017.03.08-05.39.21:105][  0]LogLinker:Warning: Can't find file '/Game/UMG/playerInventory'
[2017.03.08-05.39.21:105][  0]LogUObjectGlobals:Warning: Failed to load '/Game/UMG/playerInventory': Can't find file '/Game/UMG/playerInventory'
[2017.03.08-05.39.21:105][  0]LogLinker:Warning: Can't find file for asset '/Game/UMG/playerInventory' while loading NULL.
[2017.03.08-05.39.21:105][  0]LogUObjectGlobals:Warning: Failed to load '/Game/UMG/playerInventory': Can't find file for asset '/Game/UMG/playerInventory' while loading NULL.
[2017.03.08-05.39.21:302][  0]LogLinker:Warning: Can't find file '/Game/UMG/playerInventory'
[2017.03.08-05.39.21:302][  0]LogUObjectGlobals:Warning: Failed to load '/Game/UMG/playerInventory': Can't find file '/Game/UMG/playerInventory'
[2017.03.08-05.39.21:302][  0]LogLinker:Warning: Can't find file for asset '/Game/UMG/playerInventory' while loading NULL.
[2017.03.08-05.39.21:302][  0]LogUObjectGlobals:Warning: Failed to load '/Game/UMG/playerInventory': Can't find file for asset '/Game/UMG/playerInventory' while loading NULL.
[2017.03.08-05.39.21:303][  0]LogLinker:Warning: Can't find file '/Game/UMG/playerInventory'
[2017.03.08-05.39.21:303][  0]LoadErrors: Info Failed to load /Game/UMG/playerInventory.playerInventory_C Referenced by playerHUD
[2017.03.08-05.39.21:303][  0]LogUObjectGlobals:Warning: Failed to load '/Game/UMG/playerInventory': Can't find file '/Game/UMG/playerInventory'
[2017.03.08-05.39.21:303][  0]LogLinker:Warning: Can't find file for asset '/Game/UMG/playerInventory' while loading NULL.
[2017.03.08-05.39.21:303][  0]LoadErrors: Info Failed to load /Game/UMG/playerInventory.playerInventory_C Referenced by playerHUD
[2017.03.08-05.39.21:303][  0]LogUObjectGlobals:Warning: Failed to load '/Game/UMG/playerInventory': Can't find file for asset '/Game/UMG/playerInventory' while loading NULL.
[2017.03.08-05.39.21:715][  0]LogLoad: Game class is 'abyssGameMode_C'
[2017.03.08-05.39.21:718][  0]LogWorld: Bringing World /Temp/Autosaves/Game/Maps-Levels/UEDPCstartMenu.startMenu up for play (max tick rate 0) at 2017.03.08-00.39.21
[2017.03.08-05.39.21:718][  0]LogWorld: Bringing up level for play took: 0.000927
[2017.03.08-05.39.21:724][  0]LogLoad: Took 1.012099 seconds to LoadMap(/Temp/Autosaves/Game/Maps-Levels/UEDPCstartMenu)
[2017.03.08-05.39.22:124][  0]LogLoad: (Engine Initialization) Total time: 12.23 seconds
[2017.03.08-05.39.22:124][  0]LogLoad: (Engine Initialization) Total Blueprint compile time: 0.48 seconds
[2017.03.08-05.39.22:124][  0]LogExternalProfiler: Found external profiler: VSPerf
[2017.03.08-05.39.22:124][  0]LogExternalProfiler: Using external profiler: VSPerf
[2017.03.08-05.39.22:274][  2]LogRenderer: Reallocating scene render targets to support 1280x720 NumSamples 1 (Frame:2).
[2017.03.08-05.39.23:929][ 68]LogPackageName: SearchForPackageOnDisk took   0.128s to resolve Fort_Exploration1.umap.
[2017.03.08-05.39.24:059][ 68]LogPackageName: SearchForPackageOnDisk took   0.128s to resolve Fort_Exploration1.umap.
[2017.03.08-05.39.24:059][ 68]LogNet: Browse: /Game/Maps-Levels/Fort/Exploration/Fort_Exploration1
[2017.03.08-05.39.24:059][ 68]LogLoad: LoadMap: /Game/Maps-Levels/Fort/Exploration/Fort_Exploration1
[2017.03.08-05.39.24:128][ 68]LogMemory: Platform Memory Stats for Windows
[2017.03.08-05.39.24:128][ 68]LogMemory: Process Physical Memory: 696.84 MB used, 696.84 MB peak
[2017.03.08-05.39.24:128][ 68]LogMemory: Process Virtual Memory: 659.75 MB used, 659.75 MB peak
[2017.03.08-05.39.24:128][ 68]LogMemory: Physical Memory: 7686.02 MB used,  8598.05 MB free, 16284.07 MB total
[2017.03.08-05.39.24:128][ 68]LogMemory: Virtual Memory: 1331.25 MB used,  8598.05 MB free, 8388608.00 MB total
[2017.03.08-05.39.24:128][ 68]LogMemory: 
[2017.03.08-05.39.24:128][ 68]Allocator Stats for TBB: (not implemented)
[2017.03.08-05.39.24:300][ 68]LogLinker:Warning: Can't find file '/Game/UMG/playerInventory'
[2017.03.08-05.39.24:300][ 68]LogUObjectGlobals:Warning: Failed to load '/Game/UMG/playerInventory': Can't find file '/Game/UMG/playerInventory'
[2017.03.08-05.39.24:301][ 68]LogLinker:Warning: Can't find file for asset '/Game/UMG/playerInventory' while loading NULL.
[2017.03.08-05.39.24:301][ 68]LogUObjectGlobals:Warning: Failed to load '/Game/UMG/playerInventory': Can't find file for asset '/Game/UMG/playerInventory' while loading NULL.
[2017.03.08-05.39.24:474][ 68]LogLinker:Warning: Can't find file '/Game/UMG/playerInventory'
[2017.03.08-05.39.24:474][ 68]LogUObjectGlobals:Warning: Failed to load '/Game/UMG/playerInventory': Can't find file '/Game/UMG/playerInventory'
[2017.03.08-05.39.24:474][ 68]LogLinker:Warning: Can't find file for asset '/Game/UMG/playerInventory' while loading NULL.
[2017.03.08-05.39.24:474][ 68]LogUObjectGlobals:Warning: Failed to load '/Game/UMG/playerInventory': Can't find file for asset '/Game/UMG/playerInventory' while loading NULL.
[2017.03.08-05.39.24:475][ 68]LogLinker:Warning: Can't find file '/Game/UMG/playerInventory'
[2017.03.08-05.39.24:475][ 68]LoadErrors: Info Failed to load /Game/UMG/playerInventory.playerInventory_C Referenced by playerHUD
[2017.03.08-05.39.24:475][ 68]LogUObjectGlobals:Warning: Failed to load '/Game/UMG/playerInventory': Can't find file '/Game/UMG/playerInventory'
[2017.03.08-05.39.24:475][ 68]LogLinker:Warning: Can't find file for asset '/Game/UMG/playerInventory' while loading NULL.
[2017.03.08-05.39.24:475][ 68]LoadErrors: Info Failed to load /Game/UMG/playerInventory.playerInventory_C Referenced by playerHUD
[2017.03.08-05.39.24:475][ 68]LogUObjectGlobals:Warning: Failed to load '/Game/UMG/playerInventory': Can't find file for asset '/Game/UMG/playerInventory' while loading NULL.
[2017.03.08-05.39.24:937][ 68]LogAIModule: Creating AISystem for world Fort_Exploration1
[2017.03.08-05.39.24:937][ 68]LogLoad: Game class is 'abyssExplorationMode_C'
[2017.03.08-05.39.24:948][ 68]LogWorld: Bringing World /Game/Maps-Levels/Fort/Exploration/Fort_Exploration1.Fort_Exploration1 up for play (max tick rate 0) at 2017.03.08-00.39.24
[2017.03.08-05.39.24:949][ 68]LogWorld: Bringing up level for play took: 0.010064
[2017.03.08-05.39.24:953][ 68]LogLoad: Took 0.894620 seconds to LoadMap(/Game/Maps-Levels/Fort/Exploration/Fort_Exploration1)
[2017.03.08-05.39.28:614][288]LogPackageName: SearchForPackageOnDisk took   0.124s to resolve Fort_Battle.umap.
[2017.03.08-05.39.28:746][289]LogPackageName: SearchForPackageOnDisk took   0.127s to resolve Fort_Battle.umap.
[2017.03.08-05.39.28:746][289]LogNet: Browse: /Game/Maps-Levels/Fort_Battle
[2017.03.08-05.39.28:746][289]LogLoad: LoadMap: /Game/Maps-Levels/Fort_Battle
[2017.03.08-05.39.28:769][289]LogAudio:Warning: Audio Component is being destroyed without stopping looping sound 'ambientBackground'
[2017.03.08-05.39.28:830][289]LogMemory: Platform Memory Stats for Windows
[2017.03.08-05.39.28:830][289]LogMemory: Process Physical Memory: 710.52 MB used, 710.52 MB peak
[2017.03.08-05.39.28:830][289]LogMemory: Process Virtual Memory: 660.73 MB used, 660.73 MB peak
[2017.03.08-05.39.28:830][289]LogMemory: Physical Memory: 7702.87 MB used,  8581.20 MB free, 16284.07 MB total
[2017.03.08-05.39.28:830][289]LogMemory: Virtual Memory: 1331.25 MB used,  8581.20 MB free, 8388608.00 MB total
[2017.03.08-05.39.28:830][289]LogMemory: 
[2017.03.08-05.39.28:830][289]Allocator Stats for TBB: (not implemented)
[2017.03.08-05.39.29:086][289]LogBlueprint:Warning: [Compiler BattleHUD] Warning 'Item' is already a 'BS Enemy', you don't need  K2Node_DynamicCast_346 .
[2017.03.08-05.39.29:086][289]LogBlueprint:Warning: [Compiler BattleHUD] Warning 'Item' is already a 'BS Player', you don't need  K2Node_DynamicCast_148 .
[2017.03.08-05.39.29:134][289]LogBlueprint:Warning: [Compiler BattleHUD] Warning [0019.24] Compile of BattleHUD successful, but with 2 Warning(s) [in 59 ms] (/Game/UMG/BattleHUD.BattleHUD)
[2017.03.08-05.39.29:134][289]LogBlueprint:Warning: [Compiler BattleHUD] Warning [0019.24] Compile of BattleHUD successful, but with 3 Warning(s) [in 0 ms] (/Game/UMG/BattleHUD.BattleHUD)
[2017.03.08-05.39.29:134][289]LogBlueprint:Warning: [Compiler BattleHUD] Warning [0019.24] Compile of BattleHUD successful, but with 4 Warning(s) [in 0 ms] (/Game/UMG/BattleHUD.BattleHUD)
[2017.03.08-05.39.29:306][289]LogBlueprint:Warning: [Compiler BattleHUD] Warning 'Item' is already a 'BS Enemy', you don't need  K2Node_DynamicCast_346 .
[2017.03.08-05.39.29:307][289]LogBlueprint:Warning: [Compiler BattleHUD] Warning 'Item' is already a 'BS Player', you don't need  K2Node_DynamicCast_148 .
[2017.03.08-05.39.29:352][289]LogBlueprint:Warning: [Compiler BattleHUD] Warning [0019.46] Compile of BattleHUD successful, but with 2 Warning(s) [in 56 ms] (/Game/UMG/BattleHUD.BattleHUD)
[2017.03.08-05.39.29:352][289]LogBlueprint:Warning: [Compiler BattleHUD] Warning [0019.46] Compile of BattleHUD successful, but with 3 Warning(s) [in 0 ms] (/Game/UMG/BattleHUD.BattleHUD)
[2017.03.08-05.39.29:352][289]LogBlueprint:Warning: [Compiler BattleHUD] Warning [0019.46] Compile of BattleHUD successful, but with 4 Warning(s) [in 0 ms] (/Game/UMG/BattleHUD.BattleHUD)
[2017.03.08-05.39.29:499][289]LogAIModule: Creating AISystem for world Fort_Battle
[2017.03.08-05.39.29:500][289]LogLoad: Game class is 'abyssBattleScene_C'
[2017.03.08-05.39.29:505][289]LogWorld: Bringing World /Game/Maps-Levels/Fort_Battle.Fort_Battle up for play (max tick rate 0) at 2017.03.08-00.39.29
[2017.03.08-05.39.29:505][289]LogWorld: Bringing up level for play took: 0.002966
[2017.03.08-05.39.29:505][289]LogGameMode: Warning - PATHS NOT DEFINED or NO PLAYERSTART with positive rating
[2017.03.08-05.39.29:514][289]LogLoad: Took 0.767928 seconds to LoadMap(/Game/Maps-Levels/Fort_Battle)
[2017.03.08-05.39.33:123][513]LogScriptCore:Warning: Script Msg: Attempted to access index 1 from array Loot_33_95D2511440C85A5C76459C8DCBDC82F6 of length 1!
[2017.03.08-05.39.35:542][663]LogScriptCore:Warning: Script Msg: Attempted to access index 1 from array Loot_33_95D2511440C85A5C76459C8DCBDC82F6 of length 1!
[2017.03.08-05.39.38:058][819]LogBlueprintUserMessages: [BattleHUD_C_0] Attack missed!
[2017.03.08-05.39.38:058][819]LogBlueprintUserMessages: [BattleHUD_C_0] Enemy missed!
[2017.03.08-05.39.40:898][995]LogScriptCore:Warning: Script Msg: Attempted to access index 1 from array Loot_33_95D2511440C85A5C76459C8DCBDC82F6 of length 1!
[2017.03.08-05.39.41:882][ 56]LogBlueprintUserMessages: [BattleHUD_C_0] Enemy missed!
[2017.03.08-05.39.42:978][124]LogScriptCore:Warning: Script Msg: Attempted to access index 1 from array Loot_33_95D2511440C85A5C76459C8DCBDC82F6 of length 1!
[2017.03.08-05.39.43:963][185]LogBlueprintUserMessages: [BattleHUD_C_0] Enemy missed!
[2017.03.08-05.39.45:559][284]LogScriptCore:Warning: Script Msg: Attempted to access index 1 from array Loot_33_95D2511440C85A5C76459C8DCBDC82F6 of length 1!
[2017.03.08-05.39.46:543][345]LogBlueprintUserMessages: [BattleHUD_C_0] Enemy is dead
[2017.03.08-05.39.47:711][409]LogPackageName: SearchForPackageOnDisk took   0.135s to resolve Fort_Exploration.umap.
[2017.03.08-05.39.47:839][409]LogPackageName: SearchForPackageOnDisk took   0.127s to resolve Fort_Exploration.umap.
[2017.03.08-05.39.47:839][409]LogNet: Browse: /Game/Maps-Levels/Fort/Fort_Exploration
[2017.03.08-05.39.47:839][409]LogLoad: LoadMap: /Game/Maps-Levels/Fort/Fort_Exploration
[2017.03.08-05.39.47:904][409]LogMemory: Platform Memory Stats for Windows
[2017.03.08-05.39.47:904][409]LogMemory: Process Physical Memory: 720.80 MB used, 720.80 MB peak
[2017.03.08-05.39.47:904][409]LogMemory: Process Virtual Memory: 669.33 MB used, 669.33 MB peak
[2017.03.08-05.39.47:904][409]LogMemory: Physical Memory: 7701.91 MB used,  8582.16 MB free, 16284.07 MB total
[2017.03.08-05.39.47:904][409]LogMemory: Virtual Memory: 1339.32 MB used,  8582.16 MB free, 8388608.00 MB total
[2017.03.08-05.39.47:904][409]LogMemory: 
[2017.03.08-05.39.47:904][409]Allocator Stats for TBB: (not implemented)
[2017.03.08-05.39.48:072][409]LogLinker:Warning: Can't find file '/Game/UMG/playerInventory'
[2017.03.08-05.39.48:072][409]LogUObjectGlobals:Warning: Failed to load '/Game/UMG/playerInventory': Can't find file '/Game/UMG/playerInventory'
[2017.03.08-05.39.48:072][409]LogLinker:Warning: Can't find file for asset '/Game/UMG/playerInventory' while loading NULL.
[2017.03.08-05.39.48:072][409]LogUObjectGlobals:Warning: Failed to load '/Game/UMG/playerInventory': Can't find file for asset '/Game/UMG/playerInventory' while loading NULL.
[2017.03.08-05.39.48:244][409]LogLinker:Warning: Can't find file '/Game/UMG/playerInventory'
[2017.03.08-05.39.48:244][409]LogUObjectGlobals:Warning: Failed to load '/Game/UMG/playerInventory': Can't find file '/Game/UMG/playerInventory'
[2017.03.08-05.39.48:244][409]LogLinker:Warning: Can't find file for asset '/Game/UMG/playerInventory' while loading NULL.
[2017.03.08-05.39.48:244][409]LogUObjectGlobals:Warning: Failed to load '/Game/UMG/playerInventory': Can't find file for asset '/Game/UMG/playerInventory' while loading NULL.
[2017.03.08-05.39.48:245][409]LogLinker:Warning: Can't find file '/Game/UMG/playerInventory'
[2017.03.08-05.39.48:245][409]LoadErrors: Info Failed to load /Game/UMG/playerInventory.playerInventory_C Referenced by playerHUD
[2017.03.08-05.39.48:245][409]LogUObjectGlobals:Warning: Failed to load '/Game/UMG/playerInventory': Can't find file '/Game/UMG/playerInventory'
[2017.03.08-05.39.48:245][409]LogLinker:Warning: Can't find file for asset '/Game/UMG/playerInventory' while loading NULL.
[2017.03.08-05.39.48:245][409]LoadErrors: Info Failed to load /Game/UMG/playerInventory.playerInventory_C Referenced by playerHUD
[2017.03.08-05.39.48:245][409]LogUObjectGlobals:Warning: Failed to load '/Game/UMG/playerInventory': Can't find file for asset '/Game/UMG/playerInventory' while loading NULL.
[2017.03.08-05.39.48:684][409]LogAIModule: Creating AISystem for world Fort_Exploration
[2017.03.08-05.39.48:684][409]LogLoad: Game class is 'abyssExplorationMode_C'
[2017.03.08-05.39.48:691][409]LogWorld: Bringing World /Game/Maps-Levels/Fort/Fort_Exploration.Fort_Exploration up for play (max tick rate 0) at 2017.03.08-00.39.48
[2017.03.08-05.39.48:692][409]LogWorld: Bringing up level for play took: 0.005616
[2017.03.08-05.39.48:695][409]LogLoad: Took 0.856568 seconds to LoadMap(/Game/Maps-Levels/Fort/Fort_Exploration)
[2017.03.08-05.39.48:696][409]LogScriptCore:Warning: Script Msg: Attempted to access index 7 from array CallFunc_GetAllActorsOfClass_OutActors2 of length 2!
[2017.03.08-05.39.52:102][621]LogBlueprintUserMessages: [checkPoint_486] Checkpoint!
[2017.03.08-05.39.56:809][905]LogPackageName: SearchForPackageOnDisk took   0.125s to resolve Fort_Battle.umap.
[2017.03.08-05.39.56:938][906]LogPackageName: SearchForPackageOnDisk took   0.127s to resolve Fort_Battle.umap.
[2017.03.08-05.39.56:938][906]LogNet: Browse: /Game/Maps-Levels/Fort_Battle
[2017.03.08-05.39.56:938][906]LogLoad: LoadMap: /Game/Maps-Levels/Fort_Battle
[2017.03.08-05.39.56:957][906]LogAudio:Warning: Audio Component is being destroyed without stopping looping sound 'ambientBackground'
[2017.03.08-05.39.57:014][906]LogMemory: Platform Memory Stats for Windows
[2017.03.08-05.39.57:014][906]LogMemory: Process Physical Memory: 724.64 MB used, 724.64 MB peak
[2017.03.08-05.39.57:014][906]LogMemory: Process Virtual Memory: 685.92 MB used, 685.92 MB peak
[2017.03.08-05.39.57:014][906]LogMemory: Physical Memory: 7696.86 MB used,  8587.21 MB free, 16284.07 MB total
[2017.03.08-05.39.57:014][906]LogMemory: Virtual Memory: 1355.32 MB used,  8587.21 MB free, 8388608.00 MB total
[2017.03.08-05.39.57:014][906]LogMemory: 
[2017.03.08-05.39.57:014][906]Allocator Stats for TBB: (not implemented)
[2017.03.08-05.39.57:275][906]LogBlueprint:Warning: [Compiler BattleHUD] Warning 'Item' is already a 'BS Enemy', you don't need  K2Node_DynamicCast_346 .
[2017.03.08-05.39.57:275][906]LogBlueprint:Warning: [Compiler BattleHUD] Warning 'Item' is already a 'BS Player', you don't need  K2Node_DynamicCast_148 .
[2017.03.08-05.39.57:321][906]LogBlueprint:Warning: [Compiler BattleHUD] Warning [0047.43] Compile of BattleHUD successful, but with 2 Warning(s) [in 56 ms] (/Game/UMG/BattleHUD.BattleHUD)
[2017.03.08-05.39.57:321][906]LogBlueprint:Warning: [Compiler BattleHUD] Warning [0047.43] Compile of BattleHUD successful, but with 3 Warning(s) [in 0 ms] (/Game/UMG/BattleHUD.BattleHUD)
[2017.03.08-05.39.57:321][906]LogBlueprint:Warning: [Compiler BattleHUD] Warning [0047.43] Compile of BattleHUD successful, but with 4 Warning(s) [in 0 ms] (/Game/UMG/BattleHUD.BattleHUD)
[2017.03.08-05.39.57:494][906]LogBlueprint:Warning: [Compiler BattleHUD] Warning 'Item' is already a 'BS Enemy', you don't need  K2Node_DynamicCast_346 .
[2017.03.08-05.39.57:495][906]LogBlueprint:Warning: [Compiler BattleHUD] Warning 'Item' is already a 'BS Player', you don't need  K2Node_DynamicCast_148 .
[2017.03.08-05.39.57:540][906]LogBlueprint:Warning: [Compiler BattleHUD] Warning [0047.65] Compile of BattleHUD successful, but with 2 Warning(s) [in 57 ms] (/Game/UMG/BattleHUD.BattleHUD)
[2017.03.08-05.39.57:540][906]LogBlueprint:Warning: [Compiler BattleHUD] Warning [0047.65] Compile of BattleHUD successful, but with 3 Warning(s) [in 0 ms] (/Game/UMG/BattleHUD.BattleHUD)
[2017.03.08-05.39.57:541][906]LogBlueprint:Warning: [Compiler BattleHUD] Warning [0047.65] Compile of BattleHUD successful, but with 4 Warning(s) [in 0 ms] (/Game/UMG/BattleHUD.BattleHUD)
[2017.03.08-05.39.57:665][906]LogAIModule: Creating AISystem for world Fort_Battle
[2017.03.08-05.39.57:665][906]LogLoad: Game class is 'abyssBattleScene_C'
[2017.03.08-05.39.57:669][906]LogWorld: Bringing World /Game/Maps-Levels/Fort_Battle.Fort_Battle up for play (max tick rate 0) at 2017.03.08-00.39.57
[2017.03.08-05.39.57:669][906]LogWorld: Bringing up level for play took: 0.002257
[2017.03.08-05.39.57:670][906]LogGameMode: Warning - PATHS NOT DEFINED or NO PLAYERSTART with positive rating
[2017.03.08-05.39.57:678][906]LogLoad: Took 0.738744 seconds to LoadMap(/Game/Maps-Levels/Fort_Battle)
[2017.03.08-05.39.58:683][969]LogScriptCore:Warning: Script Msg: Attempted to access index 1 from array Loot_33_95D2511440C85A5C76459C8DCBDC82F6 of length 1!
[2017.03.08-05.39.59:667][ 30]LogScriptCore:Warning: Script Msg: Attempted to access index 0 from array Loot_33_95D2511440C85A5C76459C8DCBDC82F6 of length 0!
[2017.03.08-05.40.00:892][106]LogScriptCore:Warning: Script Msg: Attempted to access index 1 from array Loot_33_95D2511440C85A5C76459C8DCBDC82F6 of length 1!
[2017.03.08-05.40.01:877][167]LogScriptCore:Warning: Script Msg: Attempted to access index 0 from array Loot_33_95D2511440C85A5C76459C8DCBDC82F6 of length 0!
[2017.03.08-05.40.03:505][268]LogScriptCore:Warning: Script Msg: Attempted to access index 1 from array Loot_33_95D2511440C85A5C76459C8DCBDC82F6 of length 1!
[2017.03.08-05.40.04:490][329]LogBlueprintUserMessages: [BattleHUD_C_0] Enemy is dead
[2017.03.08-05.40.05:714][397]LogPackageName: SearchForPackageOnDisk took   0.128s to resolve Fort_Exploration.umap.
[2017.03.08-05.40.05:841][397]LogPackageName: SearchForPackageOnDisk took   0.126s to resolve Fort_Exploration.umap.
[2017.03.08-05.40.05:841][397]LogNet: Browse: /Game/Maps-Levels/Fort/Fort_Exploration
[2017.03.08-05.40.05:841][397]LogLoad: LoadMap: /Game/Maps-Levels/Fort/Fort_Exploration
[2017.03.08-05.40.05:907][397]LogMemory: Platform Memory Stats for Windows
[2017.03.08-05.40.05:907][397]LogMemory: Process Physical Memory: 728.37 MB used, 730.37 MB peak
[2017.03.08-05.40.05:907][397]LogMemory: Process Virtual Memory: 682.00 MB used, 686.02 MB peak
[2017.03.08-05.40.05:907][397]LogMemory: Physical Memory: 7701.04 MB used,  8583.03 MB free, 16284.07 MB total
[2017.03.08-05.40.05:907][397]LogMemory: Virtual Memory: 1347.31 MB used,  8583.03 MB free, 8388608.00 MB total
[2017.03.08-05.40.05:907][397]LogMemory: 
[2017.03.08-05.40.05:907][397]Allocator Stats for TBB: (not implemented)
[2017.03.08-05.40.06:081][397]LogLinker:Warning: Can't find file '/Game/UMG/playerInventory'
[2017.03.08-05.40.06:081][397]LogUObjectGlobals:Warning: Failed to load '/Game/UMG/playerInventory': Can't find file '/Game/UMG/playerInventory'
[2017.03.08-05.40.06:081][397]LogLinker:Warning: Can't find file for asset '/Game/UMG/playerInventory' while loading NULL.
[2017.03.08-05.40.06:081][397]LogUObjectGlobals:Warning: Failed to load '/Game/UMG/playerInventory': Can't find file for asset '/Game/UMG/playerInventory' while loading NULL.
[2017.03.08-05.40.06:252][397]LogLinker:Warning: Can't find file '/Game/UMG/playerInventory'
[2017.03.08-05.40.06:252][397]LogUObjectGlobals:Warning: Failed to load '/Game/UMG/playerInventory': Can't find file '/Game/UMG/playerInventory'
[2017.03.08-05.40.06:252][397]LogLinker:Warning: Can't find file for asset '/Game/UMG/playerInventory' while loading NULL.
[2017.03.08-05.40.06:252][397]LogUObjectGlobals:Warning: Failed to load '/Game/UMG/playerInventory': Can't find file for asset '/Game/UMG/playerInventory' while loading NULL.
[2017.03.08-05.40.06:253][397]LogLinker:Warning: Can't find file '/Game/UMG/playerInventory'
[2017.03.08-05.40.06:253][397]LoadErrors: Info Failed to load /Game/UMG/playerInventory.playerInventory_C Referenced by playerHUD
[2017.03.08-05.40.06:253][397]LogUObjectGlobals:Warning: Failed to load '/Game/UMG/playerInventory': Can't find file '/Game/UMG/playerInventory'
[2017.03.08-05.40.06:253][397]LogLinker:Warning: Can't find file for asset '/Game/UMG/playerInventory' while loading NULL.
[2017.03.08-05.40.06:253][397]LoadErrors: Info Failed to load /Game/UMG/playerInventory.playerInventory_C Referenced by playerHUD
[2017.03.08-05.40.06:253][397]LogUObjectGlobals:Warning: Failed to load '/Game/UMG/playerInventory': Can't find file for asset '/Game/UMG/playerInventory' while loading NULL.
[2017.03.08-05.40.06:696][397]LogAIModule: Creating AISystem for world Fort_Exploration
[2017.03.08-05.40.06:696][397]LogLoad: Game class is 'abyssExplorationMode_C'
[2017.03.08-05.40.06:703][397]LogWorld: Bringing World /Game/Maps-Levels/Fort/Fort_Exploration.Fort_Exploration up for play (max tick rate 0) at 2017.03.08-00.40.06
[2017.03.08-05.40.06:704][397]LogWorld: Bringing up level for play took: 0.005220
[2017.03.08-05.40.06:707][397]LogLoad: Took 0.865970 seconds to LoadMap(/Game/Maps-Levels/Fort/Fort_Exploration)
[2017.03.08-05.40.06:707][397]LogScriptCore:Warning: Script Msg: Attempted to access index 7 from array CallFunc_GetAllActorsOfClass_OutActors2 of length 2!
[2017.03.08-05.41.11:905][431]LogPackageName: SearchForPackageOnDisk took   0.127s to resolve startMenu.umap.
[2017.03.08-05.41.12:032][431]LogPackageName: SearchForPackageOnDisk took   0.127s to resolve startMenu.umap.
[2017.03.08-05.41.12:032][431]LogNet: Browse: /Game/Maps-Levels/startMenu
[2017.03.08-05.41.12:032][431]LogLoad: LoadMap: /Game/Maps-Levels/startMenu
[2017.03.08-05.41.12:059][431]LogAudio:Warning: Audio Component is being destroyed without stopping looping sound 'ambientBackground'
[2017.03.08-05.41.12:098][431]LogMemory: Platform Memory Stats for Windows
[2017.03.08-05.41.12:098][431]LogMemory: Process Physical Memory: 731.76 MB used, 731.76 MB peak
[2017.03.08-05.41.12:098][431]LogMemory: Process Virtual Memory: 682.13 MB used, 686.02 MB peak
[2017.03.08-05.41.12:098][431]LogMemory: Physical Memory: 7695.38 MB used,  8588.70 MB free, 16284.07 MB total
[2017.03.08-05.41.12:098][431]LogMemory: Virtual Memory: 1342.50 MB used,  8588.70 MB free, 8388608.00 MB total
[2017.03.08-05.41.12:098][431]LogMemory: 
[2017.03.08-05.41.12:098][431]Allocator Stats for TBB: (not implemented)
[2017.03.08-05.41.12:175][431]LogAIModule: Creating AISystem for world startMenu
[2017.03.08-05.41.12:286][431]LogLinker:Warning: Can't find file '/Game/UMG/playerInventory'
[2017.03.08-05.41.12:286][431]LogUObjectGlobals:Warning: Failed to load '/Game/UMG/playerInventory': Can't find file '/Game/UMG/playerInventory'
[2017.03.08-05.41.12:287][431]LogLinker:Warning: Can't find file for asset '/Game/UMG/playerInventory' while loading NULL.
[2017.03.08-05.41.12:287][431]LogUObjectGlobals:Warning: Failed to load '/Game/UMG/playerInventory': Can't find file for asset '/Game/UMG/playerInventory' while loading NULL.
[2017.03.08-05.41.12:474][431]LogLinker:Warning: Can't find file '/Game/UMG/playerInventory'
[2017.03.08-05.41.12:474][431]LogUObjectGlobals:Warning: Failed to load '/Game/UMG/playerInventory': Can't find file '/Game/UMG/playerInventory'
[2017.03.08-05.41.12:474][431]LogLinker:Warning: Can't find file for asset '/Game/UMG/playerInventory' while loading NULL.
[2017.03.08-05.41.12:474][431]LogUObjectGlobals:Warning: Failed to load '/Game/UMG/playerInventory': Can't find file for asset '/Game/UMG/playerInventory' while loading NULL.
[2017.03.08-05.41.12:475][431]LogLinker:Warning: Can't find file '/Game/UMG/playerInventory'
[2017.03.08-05.41.12:475][431]LoadErrors: Info Failed to load /Game/UMG/playerInventory.playerInventory_C Referenced by playerHUD
[2017.03.08-05.41.12:475][431]LogUObjectGlobals:Warning: Failed to load '/Game/UMG/playerInventory': Can't find file '/Game/UMG/playerInventory'
[2017.03.08-05.41.12:475][431]LogLinker:Warning: Can't find file for asset '/Game/UMG/playerInventory' while loading NULL.
[2017.03.08-05.41.12:475][431]LoadErrors: Info Failed to load /Game/UMG/playerInventory.playerInventory_C Referenced by playerHUD
[2017.03.08-05.41.12:475][431]LogUObjectGlobals:Warning: Failed to load '/Game/UMG/playerInventory': Can't find file for asset '/Game/UMG/playerInventory' while loading NULL.
[2017.03.08-05.41.12:886][431]LogLoad: Game class is 'abyssGameMode_C'
[2017.03.08-05.41.12:889][431]LogWorld: Bringing World /Game/Maps-Levels/startMenu.startMenu up for play (max tick rate 0) at 2017.03.08-00.41.12
[2017.03.08-05.41.12:889][431]LogWorld: Bringing up level for play took: 0.000773
[2017.03.08-05.41.12:889][431]LogGameMode: Warning - PATHS NOT DEFINED or NO PLAYERSTART with positive rating
[2017.03.08-05.41.12:894][431]LogLoad: Took 0.861235 seconds to LoadMap(/Game/Maps-Levels/startMenu)
[2017.03.08-05.41.19:926][860]LogPackageName: SearchForPackageOnDisk took   0.127s to resolve Fort_Exploration1.umap.
[2017.03.08-05.41.20:053][860]LogPackageName: SearchForPackageOnDisk took   0.126s to resolve Fort_Exploration1.umap.
[2017.03.08-05.41.20:053][860]LogNet: Browse: /Game/Maps-Levels/Fort/Exploration/Fort_Exploration1
[2017.03.08-05.41.20:053][860]LogLoad: LoadMap: /Game/Maps-Levels/Fort/Exploration/Fort_Exploration1
[2017.03.08-05.41.20:127][860]LogMemory: Platform Memory Stats for Windows
[2017.03.08-05.41.20:127][860]LogMemory: Process Physical Memory: 732.50 MB used, 732.53 MB peak
[2017.03.08-05.41.20:127][860]LogMemory: Process Virtual Memory: 682.10 MB used, 686.02 MB peak
[2017.03.08-05.41.20:127][860]LogMemory: Physical Memory: 7695.13 MB used,  8588.94 MB free, 16284.07 MB total
[2017.03.08-05.41.20:127][860]LogMemory: Virtual Memory: 1332.88 MB used,  8588.94 MB free, 8388608.00 MB total
[2017.03.08-05.41.20:127][860]LogMemory: 
[2017.03.08-05.41.20:127][860]Allocator Stats for TBB: (not implemented)
[2017.03.08-05.41.20:291][860]LogLinker:Warning: Can't find file '/Game/UMG/playerInventory'
[2017.03.08-05.41.20:291][860]LogUObjectGlobals:Warning: Failed to load '/Game/UMG/playerInventory': Can't find file '/Game/UMG/playerInventory'
[2017.03.08-05.41.20:291][860]LogLinker:Warning: Can't find file for asset '/Game/UMG/playerInventory' while loading NULL.
[2017.03.08-05.41.20:291][860]LogUObjectGlobals:Warning: Failed to load '/Game/UMG/playerInventory': Can't find file for asset '/Game/UMG/playerInventory' while loading NULL.
[2017.03.08-05.41.20:462][860]LogLinker:Warning: Can't find file '/Game/UMG/playerInventory'
[2017.03.08-05.41.20:462][860]LogUObjectGlobals:Warning: Failed to load '/Game/UMG/playerInventory': Can't find file '/Game/UMG/playerInventory'
[2017.03.08-05.41.20:462][860]LogLinker:Warning: Can't find file for asset '/Game/UMG/playerInventory' while loading NULL.
[2017.03.08-05.41.20:462][860]LogUObjectGlobals:Warning: Failed to load '/Game/UMG/playerInventory': Can't find file for asset '/Game/UMG/playerInventory' while loading NULL.
[2017.03.08-05.41.20:463][860]LogLinker:Warning: Can't find file '/Game/UMG/playerInventory'
[2017.03.08-05.41.20:463][860]LoadErrors: Info Failed to load /Game/UMG/playerInventory.playerInventory_C Referenced by playerHUD
[2017.03.08-05.41.20:463][860]LogUObjectGlobals:Warning: Failed to load '/Game/UMG/playerInventory': Can't find file '/Game/UMG/playerInventory'
[2017.03.08-05.41.20:463][860]LogLinker:Warning: Can't find file for asset '/Game/UMG/playerInventory' while loading NULL.
[2017.03.08-05.41.20:463][860]LoadErrors: Info Failed to load /Game/UMG/playerInventory.playerInventory_C Referenced by playerHUD
[2017.03.08-05.41.20:463][860]LogUObjectGlobals:Warning: Failed to load '/Game/UMG/playerInventory': Can't find file for asset '/Game/UMG/playerInventory' while loading NULL.
[2017.03.08-05.41.20:912][860]LogAIModule: Creating AISystem for world Fort_Exploration1
[2017.03.08-05.41.20:913][860]LogLoad: Game class is 'abyssExplorationMode_C'
[2017.03.08-05.41.20:922][860]LogWorld: Bringing World /Game/Maps-Levels/Fort/Exploration/Fort_Exploration1.Fort_Exploration1 up for play (max tick rate 0) at 2017.03.08-00.41.20
[2017.03.08-05.41.20:923][860]LogWorld: Bringing up level for play took: 0.008473
[2017.03.08-05.41.20:927][860]LogLoad: Took 0.873526 seconds to LoadMap(/Game/Maps-Levels/Fort/Exploration/Fort_Exploration1)
[2017.03.08-05.41.29:849][414]Closing by request
[2017.03.08-05.41.29:849][414]LogWindows: FPlatformMisc::RequestExit(0)
[2017.03.08-05.41.29:850][415]LogMoviePlayer: Shutting down movie player
[2017.03.08-05.41.30:692][415]LogExit: Preparing to exit.
[2017.03.08-05.41.30:877][415]LogExit: Game engine shut down
[2017.03.08-05.41.30:960][415]LogObj: Freed 0b from 0 cluster array pools.
[2017.03.08-05.41.30:960][415]LogExit: Object subsystem successfully closed.
[2017.03.08-05.41.30:977][415]LogD3D11RHI: Shutdown
[2017.03.08-05.41.30:977][415]LogD3D11RHI: CleanupD3DDevice
[2017.03.08-05.41.31:009][415]LogD3D11RHI: ~FD3D11DynamicRHI
[2017.03.08-05.41.31:018][415]LogModuleManager: Shutting down and abandoning module SequenceRecorderSections (119)
[2017.03.08-05.41.31:018][415]LogModuleManager: Shutting down and abandoning module SequenceRecorder (118)
[2017.03.08-05.41.31:018][415]LogModuleManager: Shutting down and abandoning module AutomationController (117)
[2017.03.08-05.41.31:018][415]LogModuleManager: Shutting down and abandoning module AutomationWorker (116)
[2017.03.08-05.41.31:018][415]LogModuleManager: Shutting down and abandoning module GameplayDebugger (115)
[2017.03.08-05.41.31:018][415]LogModuleManager: Shutting down and abandoning module AITestSuite (114)
[2017.03.08-05.41.31:018][415]LogModuleManager: Shutting down and abandoning module AIModule (113)
[2017.03.08-05.41.31:018][415]LogModuleManager: Shutting down and abandoning module Media (112)
[2017.03.08-05.41.31:018][415]LogModuleManager: Shutting down and abandoning module WmfMediaFactory (111)
[2017.03.08-05.41.31:018][415]LogModuleManager: Shutting down and abandoning module CharacterAI (110)
[2017.03.08-05.41.31:018][415]LogModuleManager: Shutting down and abandoning module SessionServices (109)
[2017.03.08-05.41.31:018][415]LogModuleManager: Shutting down and abandoning module MovieSceneCapture (108)
[2017.03.08-05.41.31:018][415]LogModuleManager: Shutting down and abandoning module GeometryCacheEd (107)
[2017.03.08-05.41.31:018][415]LogModuleManager: Shutting down and abandoning module GeometryCache (106)
[2017.03.08-05.41.31:018][415]LogModuleManager: Shutting down and abandoning module Niagara (105)
[2017.03.08-05.41.31:018][415]LogModuleManager: Shutting down and abandoning module StreamingPauseRendering (104)
[2017.03.08-05.41.31:018][415]LogModuleManager: Shutting down and abandoning module PortalServices (103)
[2017.03.08-05.41.31:018][415]LogModuleManager: Shutting down and abandoning module PortalRpc (102)
[2017.03.08-05.41.31:018][415]LogModuleManager: Shutting down and abandoning module MessagingRpc (101)
[2017.03.08-05.41.31:018][415]LogModuleManager: Shutting down and abandoning module ProfilerService (100)
[2017.03.08-05.41.31:106][415]LogModuleManager: Shutting down and abandoning module TaskGraph (99)
[2017.03.08-05.41.31:106][415]LogModuleManager: Shutting down and abandoning module SlateRemote (98)
[2017.03.08-05.41.31:106][415]LogModuleManager: Shutting down and abandoning module ProceduralMeshComponent (97)
[2017.03.08-05.41.31:106][415]LogModuleManager: Shutting down and abandoning module CustomMeshComponent (96)
[2017.03.08-05.41.31:106][415]LogModuleManager: Shutting down and abandoning module CableComponent (95)
[2017.03.08-05.41.31:106][415]LogModuleManager: Shutting down and abandoning module ArchVisCharacter (94)
[2017.03.08-05.41.31:106][415]LogModuleManager: Shutting down and abandoning module HTML5Networking (92)
[2017.03.08-05.41.31:106][415]LogModuleManager: Shutting down and abandoning module DesktopPlatform (91)
[2017.03.08-05.41.31:106][415]LogModuleManager: Shutting down and abandoning module DirectoryWatcher (90)
[2017.03.08-05.41.31:106][415]LogModuleManager: Shutting down and abandoning module HotReload (89)
[2017.03.08-05.41.31:106][415]LogModuleManager: Shutting down and abandoning module VisualStudioSourceCodeAccess (88)
[2017.03.08-05.41.31:106][415]LogModuleManager: Shutting down and abandoning module UObjectPlugin (87)
[2017.03.08-05.41.31:106][415]LogModuleManager: Shutting down and abandoning module SubversionSourceControl (86)
[2017.03.08-05.41.31:106][415]LogModuleManager: Shutting down and abandoning module SourceControl (85)
[2017.03.08-05.41.31:106][415]LogModuleManager: Shutting down and abandoning module PerforceSourceControl (84)
[2017.03.08-05.41.31:106][415]LogModuleManager: Shutting down and abandoning module JavascriptWebSocket (83)
[2017.03.08-05.41.31:106][415]LogModuleManager: Shutting down and abandoning module JavascriptHttp (82)
[2017.03.08-05.41.31:106][415]LogModuleManager: Shutting down and abandoning module JavascriptUMG (81)
[2017.03.08-05.41.31:106][415]LogModuleManager: Shutting down and abandoning module V8 (80)
[2017.03.08-05.41.31:107][415]LogModuleManager: Shutting down and abandoning module LightPropagationVolumeRuntime (79)
[2017.03.08-05.41.31:107][415]LogModuleManager: Shutting down and abandoning module Paper2D (78)
[2017.03.08-05.41.31:107][415]LogModuleManager: Shutting down and abandoning module WindowsMoviePlayer (77)
[2017.03.08-05.41.31:107][415]LogModuleManager: Shutting down and abandoning module WmfMedia (76)
[2017.03.08-05.41.31:108][415]LogModuleManager: Shutting down and abandoning module MediaAssets (75)
[2017.03.08-05.41.31:108][415]LogModuleManager: Shutting down and abandoning module GameLiveStreaming (74)
[2017.03.08-05.41.31:108][415]LogModuleManager: Shutting down and abandoning module GameplayTagsEditor (73)
[2017.03.08-05.41.31:108][415]LogModuleManager: Shutting down and abandoning module VREditor (72)
[2017.03.08-05.41.31:108][415]LogModuleManager: Shutting down and abandoning module GameplayTasksEditor (71)
[2017.03.08-05.41.31:108][415]LogModuleManager: Shutting down and abandoning module BehaviorTreeEditor (70)
[2017.03.08-05.41.31:108][415]LogModuleManager: Shutting down and abandoning module FunctionalTesting (69)
[2017.03.08-05.41.31:108][415]LogModuleManager: Shutting down and abandoning module CollisionAnalyzer (68)
[2017.03.08-05.41.31:108][415]LogModuleManager: Shutting down and abandoning module Sequencer (67)
[2017.03.08-05.41.31:108][415]LogModuleManager: Shutting down and abandoning module WorkspaceMenuStructure (66)
[2017.03.08-05.41.31:108][415]LogModuleManager: Shutting down and abandoning module MessageLog (65)
[2017.03.08-05.41.31:108][415]LogModuleManager: Shutting down and abandoning module AssetTools (64)
[2017.03.08-05.41.31:108][415]LogModuleManager: Shutting down and abandoning module UMGEditor (63)
[2017.03.08-05.41.31:108][415]LogModuleManager: Shutting down and abandoning module UMG (62)
[2017.03.08-05.41.31:108][415]LogModuleManager: Shutting down and abandoning module SlateReflector (61)
[2017.03.08-05.41.31:108][415]LogModuleManager: Shutting down and abandoning module Slate (60)
[2017.03.08-05.41.31:108][415]LogModuleManager: Shutting down and abandoning module EditorStyle (59)
[2017.03.08-05.41.31:110][415]LogModuleManager: Shutting down and abandoning module Messaging (58)
[2017.03.08-05.41.31:110][415]LogModuleManager: Shutting down and abandoning module SourceCodeAccess (57)
[2017.03.08-05.41.31:110][415]LogModuleManager: Shutting down and abandoning module HeadMountedDisplay (56)
[2017.03.08-05.41.31:110][415]LogModuleManager: Shutting down and abandoning module XAudio2 (55)
[2017.03.08-05.41.31:110][415]LogModuleManager: Shutting down and abandoning module Networking (53)
[2017.03.08-05.41.31:110][415]LogModuleManager: Shutting down and abandoning module Core (52)
[2017.03.08-05.41.31:110][415]LogModuleManager: Shutting down and abandoning module KismetCompiler (51)
[2017.03.08-05.41.31:110][415]LogModuleManager: Shutting down and abandoning module PhysXFormats (50)
[2017.03.08-05.41.31:110][415]LogModuleManager: Shutting down and abandoning module SimplygonSwarm (49)
[2017.03.08-05.41.31:110][415]LogModuleManager: Shutting down and abandoning module SimplygonMeshReduction (48)
[2017.03.08-05.41.31:110][415]LogModuleManager: Shutting down and abandoning module QuadricMeshReduction (47)
[2017.03.08-05.41.31:110][415]LogModuleManager: Shutting down and abandoning module PropertyEditor (46)
[2017.03.08-05.41.31:110][415]LogModuleManager: Shutting down and abandoning module MeshUtilities (45)
[2017.03.08-05.41.31:110][415]LogModuleManager: Shutting down and abandoning module AssetRegistry (44)
[2017.03.08-05.41.31:110][415]LogModuleManager: Shutting down and abandoning module DerivedDataCache (43)
[2017.03.08-05.41.31:158][415]LogDerivedDataCache: Shutdown
[2017.03.08-05.41.31:158][415]LogModuleManager: Shutting down and abandoning module VulkanShaderFormat (42)
[2017.03.08-05.41.31:158][415]LogModuleManager: Shutting down and abandoning module ShaderFormatOpenGL (41)
[2017.03.08-05.41.31:158][415]LogModuleManager: Shutting down and abandoning module ShaderFormatD3D (40)
[2017.03.08-05.41.31:158][415]LogModuleManager: Shutting down and abandoning module MetalShaderFormat (39)
[2017.03.08-05.41.31:158][415]LogModuleManager: Shutting down and abandoning module TextureFormatUncompressed (38)
[2017.03.08-05.41.31:158][415]LogModuleManager: Shutting down and abandoning module TextureFormatPVR (37)
[2017.03.08-05.41.31:158][415]LogModuleManager: Shutting down and abandoning module TextureFormatDXT (36)
[2017.03.08-05.41.31:158][415]LogModuleManager: Shutting down and abandoning module TextureFormatIntelISPCTexComp (35)
[2017.03.08-05.41.31:158][415]LogModuleManager: Shutting down and abandoning module ImageWrapper (34)
[2017.03.08-05.41.31:158][415]LogModuleManager: Shutting down and abandoning module TextureFormatASTC (33)
[2017.03.08-05.41.31:158][415]LogModuleManager: Shutting down and abandoning module TextureFormatAndroid (32)
[2017.03.08-05.41.31:158][415]LogModuleManager: Shutting down and abandoning module AudioFormatOpus (31)
[2017.03.08-05.41.31:158][415]LogModuleManager: Shutting down and abandoning module AudioFormatOgg (30)
[2017.03.08-05.41.31:158][415]LogModuleManager: Shutting down and abandoning module AudioFormatADPCM (29)
[2017.03.08-05.41.31:158][415]LogModuleManager: Shutting down and abandoning module WindowsTargetPlatform (28)
[2017.03.08-05.41.31:158][415]LogModuleManager: Shutting down and abandoning module WindowsServerTargetPlatform (27)
[2017.03.08-05.41.31:158][415]LogModuleManager: Shutting down and abandoning module WindowsNoEditorTargetPlatform (26)
[2017.03.08-05.41.31:158][415]LogModuleManager: Shutting down and abandoning module WindowsClientTargetPlatform (25)
[2017.03.08-05.41.31:158][415]LogModuleManager: Shutting down and abandoning module TargetPlatform (24)
[2017.03.08-05.41.31:158][415]LogModuleManager: Shutting down and abandoning module InputCore (23)
[2017.03.08-05.41.31:158][415]LogModuleManager: Shutting down and abandoning module Settings (22)
[2017.03.08-05.41.31:158][415]LogModuleManager: Shutting down and abandoning module ExampleDeviceProfileSelector (21)
[2017.03.08-05.41.31:158][415]LogModuleManager: Shutting down and abandoning module OnlineBlueprintSupport (20)
[2017.03.08-05.41.31:158][415]LogModuleManager: Shutting down and abandoning module OnlineSubsystem (18)
[2017.03.08-05.41.31:158][415]LogOnline:Display: Unloading online subsystem: NULL
[2017.03.08-05.41.31:158][415]LogModuleManager: Shutting down and abandoning module SSL (17)
[2017.03.08-05.41.31:160][415]LogModuleManager: Shutting down and abandoning module HTTP (16)
[2017.03.08-05.41.31:160][415]LogModuleManager: Shutting down and abandoning module XMPP (15)
[2017.03.08-05.41.31:160][415]LogModuleManager: Shutting down and abandoning module TextureCompressor (14)
[2017.03.08-05.41.31:160][415]LogModuleManager: Shutting down and abandoning module ShaderCore (13)
[2017.03.08-05.41.31:160][415]LogModuleManager: Shutting down and abandoning module Landscape (12)
[2017.03.08-05.41.31:160][415]LogModuleManager: Shutting down and abandoning module SlateRHIRenderer (11)
[2017.03.08-05.41.31:161][415]LogModuleManager: Shutting down and abandoning module OpenGLDrv (10)
[2017.03.08-05.41.31:161][415]LogModuleManager: Shutting down and abandoning module D3D11RHI (9)
[2017.03.08-05.41.31:161][415]LogModuleManager: Shutting down and abandoning module AnimGraphRuntime (8)
[2017.03.08-05.41.31:161][415]LogModuleManager: Shutting down and abandoning module Renderer (7)
[2017.03.08-05.41.31:161][415]LogModuleManager: Shutting down and abandoning module Engine (6)
[2017.03.08-05.41.31:161][415]LogModuleManager: Shutting down and abandoning module CoreUObject (5)
[2017.03.08-05.41.31:161][415]LogModuleManager: Shutting down and abandoning module NetworkFile (4)
[2017.03.08-05.41.31:161][415]LogModuleManager: Shutting down and abandoning module StreamingFile (3)
[2017.03.08-05.41.31:161][415]LogModuleManager: Shutting down and abandoning module SandboxFile (2)
[2017.03.08-05.41.31:161][415]LogModuleManager: Shutting down and abandoning module PakFile (1)
[2017.03.08-05.41.31:162][415]LogExit: Exiting.
[2017.03.08-05.41.31:164][415]Log file closed, 03/08/17 00:41:31
