Log file open, 02/26/17 11:14:02
LogInit:Display: Running engine for game: Abyss
LogPlatformFile: Not using cached read wrapper
LogInit:Display: RandInit(-101961549) SRandInit(-101961549).
LogTaskGraph: Started task graph with 5 named threads and 8 total threads with 1 sets of task threads.
LogStats: Stats thread started at 0.084017
LogPluginManager: Loaded Plugin Paper2D, From C:/Program Files/Epic Games/UE_4.14/Engine/Plugins/2D/Paper2D/Paper2D.uplugin
LogPluginManager: Loaded Plugin LightPropagationVolume, From C:/Program Files/Epic Games/UE_4.14/Engine/Plugins/Blendables/LightPropagationVolume/LightPropagationVolume.uplugin
LogPluginManager: Loaded Plugin BlankPlugin, From C:/Program Files/Epic Games/UE_4.14/Engine/Plugins/Developer/BlankPlugin/BlankPlugin.uplugin
LogPluginManager: Loaded Plugin CodeLiteSourceCodeAccess, From C:/Program Files/Epic Games/UE_4.14/Engine/Plugins/Developer/CodeLiteSourceCodeAccess/CodeLiteSourceCodeAccess.uplugin
LogPluginManager: Loaded Plugin GitSourceControl, From C:/Program Files/Epic Games/UE_4.14/Engine/Plugins/Developer/GitSourceControl/GitSourceControl.uplugin
LogPluginManager: Loaded Plugin KDevelopSourceCodeAccess, From C:/Program Files/Epic Games/UE_4.14/Engine/Plugins/Developer/KDevelopSourceCodeAccess/KDevelopSourceCodeAccess.uplugin
LogPluginManager: Loaded Plugin NullSourceCodeAccess, From C:/Program Files/Epic Games/UE_4.14/Engine/Plugins/Developer/NullSourceCodeAccess/NullSourceCodeAccess.uplugin
LogPluginManager: Loaded Plugin OneSkyLocalizationService, From C:/Program Files/Epic Games/UE_4.14/Engine/Plugins/Developer/OneSkyLocalizationService/OneSkyLocalizationService.uplugin
LogPluginManager: Loaded Plugin PerforceSourceControl, From C:/Program Files/Epic Games/UE_4.14/Engine/Plugins/Developer/PerforceSourceControl/PerforceSourceControl.uplugin
LogPluginManager: Loaded Plugin SubversionSourceControl, From C:/Program Files/Epic Games/UE_4.14/Engine/Plugins/Developer/SubversionSourceControl/SubversionSourceControl.uplugin
LogPluginManager: Loaded Plugin UObjectPlugin, From C:/Program Files/Epic Games/UE_4.14/Engine/Plugins/Developer/UObjectPlugin/UObjectPlugin.uplugin
LogPluginManager: Loaded Plugin VisualStudioSourceCodeAccess, From C:/Program Files/Epic Games/UE_4.14/Engine/Plugins/Developer/VisualStudioSourceCodeAccess/VisualStudioSourceCodeAccess.uplugin
LogPluginManager: Loaded Plugin XCodeSourceCodeAccess, From C:/Program Files/Epic Games/UE_4.14/Engine/Plugins/Developer/XCodeSourceCodeAccess/XCodeSourceCodeAccess.uplugin
LogPluginManager: Loaded Plugin AudioCapture, From C:/Program Files/Epic Games/UE_4.14/Engine/Plugins/Editor/AudioCapture/AudioCapture.uplugin
LogPluginManager: Loaded Plugin EpicSurvey, From C:/Program Files/Epic Games/UE_4.14/Engine/Plugins/Editor/EpicSurvey/EpicSurvey.uplugin
LogPluginManager: Loaded Plugin MacGraphicsSwitching, From C:/Program Files/Epic Games/UE_4.14/Engine/Plugins/Editor/MacGraphicsSwitching/MacGraphicsSwitching.uplugin
LogPluginManager: Loaded Plugin MobileLauncherProfileWizard, From C:/Program Files/Epic Games/UE_4.14/Engine/Plugins/Editor/MobileLauncherProfileWizard/MobileLauncherProfileWizard.uplugin
LogPluginManager: Loaded Plugin PluginBrowser, From C:/Program Files/Epic Games/UE_4.14/Engine/Plugins/Editor/PluginBrowser/PluginBrowser.uplugin
LogPluginManager: Loaded Plugin SpeedTreeImporter, From C:/Program Files/Epic Games/UE_4.14/Engine/Plugins/Editor/SpeedTreeImporter/SpeedTreeImporter.uplugin
LogPluginManager: Loaded Plugin SuperSearchEditor, From C:/Program Files/Epic Games/UE_4.14/Engine/Plugins/Editor/SuperSearchEditor/SuperSearchEditor.uplugin
LogPluginManager: Loaded Plugin AlembicImporter, From C:/Program Files/Epic Games/UE_4.14/Engine/Plugins/Experimental/AlembicImporter/AlembicImporter.uplugin
LogPluginManager: Loaded Plugin BlueprintStats, From C:/Program Files/Epic Games/UE_4.14/Engine/Plugins/Experimental/BlueprintStats/BlueprintStats.uplugin
LogPluginManager: Loaded Plugin CharacterAI, From C:/Program Files/Epic Games/UE_4.14/Engine/Plugins/Experimental/CharacterAI/CharacterAI.uplugin
LogPluginManager: Loaded Plugin CodeEditor, From C:/Program Files/Epic Games/UE_4.14/Engine/Plugins/Experimental/CodeEditor/CodeEditor.uplugin
LogPluginManager: Loaded Plugin CodeView, From C:/Program Files/Epic Games/UE_4.14/Engine/Plugins/Experimental/CodeView/CodeView.uplugin
LogPluginManager: Loaded Plugin HTML5Networking, From C:/Program Files/Epic Games/UE_4.14/Engine/Plugins/Experimental/HTML5Networking/HTML5Networking.uplugin
LogPluginManager: Loaded Plugin OSVR, From C:/Program Files/Epic Games/UE_4.14/Engine/Plugins/Experimental/OSVR/OSVR.uplugin
LogPluginManager: Loaded Plugin Phya, From C:/Program Files/Epic Games/UE_4.14/Engine/Plugins/Experimental/Phya/Phya.uplugin
LogPluginManager: Loaded Plugin SignificanceManager, From C:/Program Files/Epic Games/UE_4.14/Engine/Plugins/Experimental/SignificanceManager/SignificanceManager.uplugin
LogPluginManager: Loaded Plugin SimpleHMD, From C:/Program Files/Epic Games/UE_4.14/Engine/Plugins/Experimental/SimpleHMD/SimpleHMD.uplugin
LogPluginManager: Loaded Plugin StereoPanorama, From C:/Program Files/Epic Games/UE_4.14/Engine/Plugins/Experimental/StereoPanorama/StereoPanorama.uplugin
LogPluginManager: Loaded Plugin StructBox, From C:/Program Files/Epic Games/UE_4.14/Engine/Plugins/Experimental/StructBox/StructBox.uplugin
LogPluginManager: Loaded Plugin AndroidMedia, From C:/Program Files/Epic Games/UE_4.14/Engine/Plugins/Media/AndroidMedia/AndroidMedia.uplugin
LogPluginManager: Loaded Plugin AvfMedia, From C:/Program Files/Epic Games/UE_4.14/Engine/Plugins/Media/AvfMedia/AvfMedia.uplugin
LogPluginManager: Loaded Plugin MediaPlayerEditor, From C:/Program Files/Epic Games/UE_4.14/Engine/Plugins/Media/MediaPlayerEditor/MediaPlayerEditor.uplugin
LogPluginManager: Loaded Plugin WmfMedia, From C:/Program Files/Epic Games/UE_4.14/Engine/Plugins/Media/WmfMedia/WmfMedia.uplugin
LogPluginManager: Loaded Plugin MessagingDebugger, From C:/Program Files/Epic Games/UE_4.14/Engine/Plugins/Messaging/MessagingDebugger/MessagingDebugger.uplugin
LogPluginManager: Loaded Plugin TcpMessaging, From C:/Program Files/Epic Games/UE_4.14/Engine/Plugins/Messaging/TcpMessaging/TcpMessaging.uplugin
LogPluginManager: Loaded Plugin UdpMessaging, From C:/Program Files/Epic Games/UE_4.14/Engine/Plugins/Messaging/UdpMessaging/UdpMessaging.uplugin
LogPluginManager: Loaded Plugin LevelSequenceEditor, From C:/Program Files/Epic Games/UE_4.14/Engine/Plugins/MovieScene/LevelSequenceEditor/LevelSequenceEditor.uplugin
LogPluginManager: Loaded Plugin MatineeToLevelSequence, From C:/Program Files/Epic Games/UE_4.14/Engine/Plugins/MovieScene/MatineeToLevelSequence/MatineeToLevelSequence.uplugin
LogPluginManager: Loaded Plugin NetcodeUnitTest, From C:/Program Files/Epic Games/UE_4.14/Engine/Plugins/NetcodeUnitTest/NetcodeUnitTest/NetcodeUnitTest.uplugin
LogPluginManager: Loaded Plugin NUTUnrealEngine4, From C:/Program Files/Epic Games/UE_4.14/Engine/Plugins/NetcodeUnitTest/NUTUnrealEngine4/NUTUnrealEngine4.uplugin
LogPluginManager: Loaded Plugin OnlineSubsystemGameCircle, From C:/Program Files/Epic Games/UE_4.14/Engine/Plugins/Online/Android/OnlineSubsystemGameCircle/OnlineSubsystemGameCircle.uplugin
LogPluginManager: Loaded Plugin OnlineSubsystemGooglePlay, From C:/Program Files/Epic Games/UE_4.14/Engine/Plugins/Online/Android/OnlineSubsystemGooglePlay/OnlineSubsystemGooglePlay.uplugin
LogPluginManager: Loaded Plugin OnlineSubsystemIOS, From C:/Program Files/Epic Games/UE_4.14/Engine/Plugins/Online/IOS/OnlineSubsystemIOS/OnlineSubsystemIOS.uplugin
LogPluginManager: Loaded Plugin OnlineFramework, From C:/Program Files/Epic Games/UE_4.14/Engine/Plugins/Online/OnlineFramework/OnlineFramework.uplugin
LogPluginManager: Loaded Plugin OnlineSubsystem, From C:/Program Files/Epic Games/UE_4.14/Engine/Plugins/Online/OnlineSubsystem/OnlineSubsystem.uplugin
LogPluginManager: Loaded Plugin OnlineSubsystemAmazon, From C:/Program Files/Epic Games/UE_4.14/Engine/Plugins/Online/OnlineSubsystemAmazon/OnlineSubsystemAmazon.uplugin
LogPluginManager: Loaded Plugin OnlineSubsystemFacebook, From C:/Program Files/Epic Games/UE_4.14/Engine/Plugins/Online/OnlineSubsystemFacebook/OnlineSubsystemFacebook.uplugin
LogPluginManager: Loaded Plugin OnlineSubsystemNull, From C:/Program Files/Epic Games/UE_4.14/Engine/Plugins/Online/OnlineSubsystemNull/OnlineSubsystemNull.uplugin
LogPluginManager: Loaded Plugin OnlineSubsystemOculus, From C:/Program Files/Epic Games/UE_4.14/Engine/Plugins/Online/OnlineSubsystemOculus/OnlineSubsystemOculus.uplugin
LogPluginManager: Loaded Plugin OnlineSubsystemSteam, From C:/Program Files/Epic Games/UE_4.14/Engine/Plugins/Online/OnlineSubsystemSteam/OnlineSubsystemSteam.uplugin
LogPluginManager: Loaded Plugin OnlineSubsystemUtils, From C:/Program Files/Epic Games/UE_4.14/Engine/Plugins/Online/OnlineSubsystemUtils/OnlineSubsystemUtils.uplugin
LogPluginManager: Loaded Plugin IOSTapJoy, From C:/Program Files/Epic Games/UE_4.14/Engine/Plugins/Runtime/Advertising/IOSTapJoy/IOSTapJoy.uplugin
LogPluginManager: Loaded Plugin AnalyticsBlueprintLibrary, From C:/Program Files/Epic Games/UE_4.14/Engine/Plugins/Runtime/Analytics/AnalyticsBlueprintLibrary/AnalyticsBlueprintLibrary.uplugin
LogPluginManager: Loaded Plugin AnalyticsMulticast, From C:/Program Files/Epic Games/UE_4.14/Engine/Plugins/Runtime/Analytics/AnalyticsMulticast/AnalyticsMulticast.uplugin
LogPluginManager: Loaded Plugin Apsalar, From C:/Program Files/Epic Games/UE_4.14/Engine/Plugins/Runtime/Analytics/Apsalar/Apsalar.uplugin
LogPluginManager: Loaded Plugin FileLogging, From C:/Program Files/Epic Games/UE_4.14/Engine/Plugins/Runtime/Analytics/FileLogging/FileLogging.uplugin
LogPluginManager: Loaded Plugin Flurry, From C:/Program Files/Epic Games/UE_4.14/Engine/Plugins/Runtime/Analytics/Flurry/Flurry.uplugin
LogPluginManager: Loaded Plugin AndroidDeviceProfileSelector, From C:/Program Files/Epic Games/UE_4.14/Engine/Plugins/Runtime/AndroidDeviceProfileSelector/AndroidDeviceProfileSelector.uplugin
LogPluginManager: Loaded Plugin AndroidMoviePlayer, From C:/Program Files/Epic Games/UE_4.14/Engine/Plugins/Runtime/AndroidMoviePlayer/AndroidMoviePlayer.uplugin
LogPluginManager: Loaded Plugin AppleMoviePlayer, From C:/Program Files/Epic Games/UE_4.14/Engine/Plugins/Runtime/AppleMoviePlayer/AppleMoviePlayer.uplugin
LogPluginManager: Loaded Plugin ArchVisCharacter, From C:/Program Files/Epic Games/UE_4.14/Engine/Plugins/Runtime/ArchVisCharacter/ArchVisCharacter.uplugin
LogPluginManager: Loaded Plugin CableComponent, From C:/Program Files/Epic Games/UE_4.14/Engine/Plugins/Runtime/CableComponent/CableComponent.uplugin
LogPluginManager: Loaded Plugin CustomMeshComponent, From C:/Program Files/Epic Games/UE_4.14/Engine/Plugins/Runtime/CustomMeshComponent/CustomMeshComponent.uplugin
LogPluginManager: Loaded Plugin ExampleDeviceProfileSelector, From C:/Program Files/Epic Games/UE_4.14/Engine/Plugins/Runtime/ExampleDeviceProfileSelector/ExampleDeviceProfileSelector.uplugin
LogPluginManager: Loaded Plugin GearVR, From C:/Program Files/Epic Games/UE_4.14/Engine/Plugins/Runtime/GearVR/GearVR.uplugin
LogPluginManager: Loaded Plugin GoogleVRController, From C:/Program Files/Epic Games/UE_4.14/Engine/Plugins/Runtime/GoogleVR/GoogleVRController/GoogleVRController.uplugin
LogPluginManager: Loaded Plugin GoogleVRHMD, From C:/Program Files/Epic Games/UE_4.14/Engine/Plugins/Runtime/GoogleVR/GoogleVRHMD/GoogleVRHMD.uplugin
LogPluginManager: Loaded Plugin IOSDeviceProfileSelector, From C:/Program Files/Epic Games/UE_4.14/Engine/Plugins/Runtime/IOSDeviceProfileSelector/IOSDeviceProfileSelector.uplugin
LogPluginManager: Loaded Plugin LeapMotion, From C:/Program Files/Epic Games/UE_4.14/Engine/Plugins/Runtime/LeapMotion/LeapMotion.uplugin
LogPluginManager: Loaded Plugin LinuxDeviceProfileSelector, From C:/Program Files/Epic Games/UE_4.14/Engine/Plugins/Runtime/LinuxDeviceProfileSelector/LinuxDeviceProfileSelector.uplugin
LogPluginManager: Loaded Plugin MIDIDevice, From C:/Program Files/Epic Games/UE_4.14/Engine/Plugins/Runtime/MIDIDevice/MIDIDevice.uplugin
LogPluginManager: Loaded Plugin MobilePatchingUtils, From C:/Program Files/Epic Games/UE_4.14/Engine/Plugins/Runtime/MobilePatchingUtils/MobilePatchingUtils.uplugin
LogPluginManager: Loaded Plugin Ansel, From C:/Program Files/Epic Games/UE_4.14/Engine/Plugins/Runtime/Nvidia/Ansel/Ansel.uplugin
LogPluginManager: Loaded Plugin OculusAudio, From C:/Program Files/Epic Games/UE_4.14/Engine/Plugins/Runtime/OculusAudio/OculusAudio.uplugin
LogPluginManager: Loaded Plugin OculusInput, From C:/Program Files/Epic Games/UE_4.14/Engine/Plugins/Runtime/OculusInput/OculusInput.uplugin
LogPluginManager: Loaded Plugin OculusLibrary, From C:/Program Files/Epic Games/UE_4.14/Engine/Plugins/Runtime/OculusLibrary/OculusLibrary.uplugin
LogPluginManager: Loaded Plugin OculusRift, From C:/Program Files/Epic Games/UE_4.14/Engine/Plugins/Runtime/OculusRift/OculusRift.uplugin
LogPluginManager: Loaded Plugin Oodle, From C:/Program Files/Epic Games/UE_4.14/Engine/Plugins/Runtime/PacketHandlers/CompressionComponents/Oodle/Oodle.uplugin
LogPluginManager: Loaded Plugin ProceduralMeshComponent, From C:/Program Files/Epic Games/UE_4.14/Engine/Plugins/Runtime/ProceduralMeshComponent/ProceduralMeshComponent.uplugin
LogPluginManager: Loaded Plugin SoundMod, From C:/Program Files/Epic Games/UE_4.14/Engine/Plugins/Runtime/SoundMod/SoundMod.uplugin
LogPluginManager: Loaded Plugin SoundVisualizations, From C:/Program Files/Epic Games/UE_4.14/Engine/Plugins/Runtime/SoundVisualizations/SoundVisualizations.uplugin
LogPluginManager: Loaded Plugin SteamController, From C:/Program Files/Epic Games/UE_4.14/Engine/Plugins/Runtime/Steam/SteamController/SteamController.uplugin
LogPluginManager: Loaded Plugin SteamVR, From C:/Program Files/Epic Games/UE_4.14/Engine/Plugins/Runtime/Steam/SteamVR/SteamVR.uplugin
LogPluginManager: Loaded Plugin WebBrowserWidget, From C:/Program Files/Epic Games/UE_4.14/Engine/Plugins/Runtime/WebBrowserWidget/WebBrowserWidget.uplugin
LogPluginManager: Loaded Plugin WindowsDeviceProfileSelector, From C:/Program Files/Epic Games/UE_4.14/Engine/Plugins/Runtime/WindowsDeviceProfileSelector/WindowsDeviceProfileSelector.uplugin
LogPluginManager: Loaded Plugin WindowsMoviePlayer, From C:/Program Files/Epic Games/UE_4.14/Engine/Plugins/Runtime/WindowsMoviePlayer/WindowsMoviePlayer.uplugin
LogPluginManager: Loaded Plugin ScriptPlugin, From C:/Program Files/Epic Games/UE_4.14/Engine/Plugins/ScriptPlugin/ScriptPlugin.uplugin
LogPluginManager: Loaded Plugin SlateRemote, From C:/Program Files/Epic Games/UE_4.14/Engine/Plugins/Slate/SlateRemote/SlateRemote.uplugin
LogPluginManager: Loaded Plugin EditorTests, From C:/Program Files/Epic Games/UE_4.14/Engine/Plugins/Tests/EditorTests/EditorTests.uplugin
LogPluginManager: Loaded Plugin FbxAutomationTestBuilder, From C:/Program Files/Epic Games/UE_4.14/Engine/Plugins/Tests/FbxAutomationTestBuilder/FbxAutomationTestBuilder.uplugin
LogPluginManager: Loaded Plugin FunctionalTestingEditor, From C:/Program Files/Epic Games/UE_4.14/Engine/Plugins/Tests/FunctionalTestingEditor/FunctionalTestingEditor.uplugin
LogPluginManager: Loaded Plugin RuntimeTests, From C:/Program Files/Epic Games/UE_4.14/Engine/Plugins/Tests/RuntimeTests/RuntimeTests.uplugin
LogPluginManager: Loaded Plugin ScreenshotTools, From C:/Program Files/Epic Games/UE_4.14/Engine/Plugins/Tests/ScreenshotTools/ScreenshotTools.uplugin
LogInit: Using libcurl 7.47.1
LogInit:  - built for x86_64-pc-win32
LogInit:  - supports SSL with OpenSSL/1.0.2g
LogInit:  - supports HTTP deflate (compression) using libz 1.2.8
LogInit:  - other features:
LogInit:      CURL_VERSION_SSL
LogInit:      CURL_VERSION_LIBZ
LogInit:      CURL_VERSION_IPV6
LogInit:      CURL_VERSION_ASYNCHDNS
LogInit:      CURL_VERSION_LARGEFILE
LogInit:      CURL_VERSION_IDN
LogInit:  CurlRequestOptions (configurable via config and command line):
LogInit:  - bVerifyPeer = false  - Libcurl will NOT verify peer certificate
LogInit:  - bUseHttpProxy = false  - Libcurl will NOT use HTTP proxy
LogInit:  - bDontReuseConnections = false  - Libcurl will reuse connections
LogInit:  - CertBundlePath = nullptr  - Libcurl will use whatever was configured at build time.
LogInit: Build: ++UE4+Release-4.14-CL-3249277
LogInit: Engine Version: 4.14.3-3249277+++UE4+Release-4.14
LogInit: Compatible Engine Version: 4.14.0-3195953+++UE4+Release-4.14
LogInit: Net CL: 3195953
LogDevObjectVersion: Number of dev versions registered: 13
LogDevObjectVersion:   Dev-Blueprints (B0D832E4-1F89-4F0D-ACCF-7EB736FD4AA2): 7
LogDevObjectVersion:   Dev-Build (E1C64328-A22C-4D53-A36C-8E866417BD8C): 0
LogDevObjectVersion:   Dev-Core (375EC13C-06E4-48FB-B500-84F0262A717E): 1
LogDevObjectVersion:   Dev-Editor (E4B068ED-F494-42E9-A231-DA0B2E46BB41): 8
LogDevObjectVersion:   Dev-Framework (CFFC743F-43B0-4480-9391-14DF171D2073): 17
LogDevObjectVersion:   Dev-Mobile (B02B49B5-BB20-44E9-A304-32B752E40360): 0
LogDevObjectVersion:   Dev-Networking (A4E4105C-59A1-49B5-A7C5-40C4547EDFEE): 0
LogDevObjectVersion:   Dev-Online (39C831C9-5AE6-47DC-9A44-9C173E1C8E7C): 0
LogDevObjectVersion:   Dev-Physics (78F01B33-EBEA-4F98-B9B4-84EACCB95AA2): 0
LogDevObjectVersion:   Dev-Platform (6631380F-2D4D-43E0-8009-CF276956A95A): 0
LogDevObjectVersion:   Dev-Rendering (12F88B9F-8875-4AFC-A67C-D90C383ABD29): 12
LogDevObjectVersion:   Dev-Sequencer (7B5AE74C-D270-4C10-A958-57980B212A5A): 1
LogDevObjectVersion:   Dev-VR (D7296918-1DD6-4BDD-9DE2-64A83CC13884): 0
LogInit: Compiled (64-bit): Jan  6 2017 10:49:43
LogInit: Compiled with Visual C++: 19.00.23026.00
LogInit: Build Configuration: Development
LogInit: Branch Name: ++UE4+Release-4.14
LogInit: Command line: -EpicPortal 
LogInit: Base directory: C:/Program Files/Epic Games/UE_4.14/Engine/Binaries/Win64/
LogInit: Installed Engine Build: 1
LogInit: Presizing for max 8388607 objects, including 0 objects not considered by GC, pre-allocating 0 bytes for permanent pool.
LogInit: Object subsystem initialized
[2017.02.26-16.14.03:106][  0]LogInit: Selected Device Profile: [Windows]
[2017.02.26-16.14.03:106][  0]LogInit: Applying CVar settings loaded from the selected device profile: [Windows]
[2017.02.26-16.14.03:114][  0]LogInit: Computer: ARCTURUS
[2017.02.26-16.14.03:114][  0]LogInit: User: Braden
[2017.02.26-16.14.03:114][  0]LogInit: CPU Page size=65536, Cores=4
[2017.02.26-16.14.03:114][  0]LogInit: High frequency timer resolution =2.338344 MHz
[2017.02.26-16.14.03:115][  0]LogMemory: Memory total: Physical=7.9GB (8GB approx)
[2017.02.26-16.14.03:115][  0]LogMemory: Platform Memory Stats for Windows
[2017.02.26-16.14.03:115][  0]LogMemory: Process Physical Memory: 261.68 MB used, 261.68 MB peak
[2017.02.26-16.14.03:115][  0]LogMemory: Process Virtual Memory: 262.30 MB used, 262.30 MB peak
[2017.02.26-16.14.03:115][  0]LogMemory: Physical Memory: 5381.88 MB used,  2722.39 MB free, 8104.27 MB total
[2017.02.26-16.14.03:115][  0]LogMemory: Virtual Memory: 659.42 MB used,  2722.39 MB free, 134217728.00 MB total
[2017.02.26-16.14.03:143][  0]LogTextLocalizationManager: No specific translations for ('en-US') exist, so ('en') translations will be used.
[2017.02.26-16.14.03:787][  0]LogD3D11RHI: D3D11 adapters:
[2017.02.26-16.14.03:824][  0]LogD3D11RHI:    0. 'Intel(R) HD Graphics 4600' (Feature Level 11_0)
[2017.02.26-16.14.03:824][  0]LogD3D11RHI:       0/0/1792 MB DedicatedVideo/DedicatedSystem/SharedSystem, Outputs:2, VendorId:0x8086
[2017.02.26-16.14.03:844][  0]LogD3D11RHI:    1. 'NVIDIA GeForce GT 755M' (Feature Level 11_0)
[2017.02.26-16.14.03:844][  0]LogD3D11RHI:       1976/0/4052 MB DedicatedVideo/DedicatedSystem/SharedSystem, Outputs:0, VendorId:0x10de
[2017.02.26-16.14.03:846][  0]LogD3D11RHI:    2. 'Microsoft Basic Render Driver' (Feature Level 11_0)
[2017.02.26-16.14.03:846][  0]LogD3D11RHI:       0/0/256 MB DedicatedVideo/DedicatedSystem/SharedSystem, Outputs:0, VendorId:0x1414
[2017.02.26-16.14.03:846][  0]LogD3D11RHI: Chosen D3D11 Adapter: 1
[2017.02.26-16.14.03:851][  0]LogD3D11RHI: Creating new Direct3DDevice
[2017.02.26-16.14.03:851][  0]LogD3D11RHI:     GPU DeviceId: 0xfcd (for the marketing name, search the web for "GPU Device Id")
[2017.02.26-16.14.03:851][  0]LogWindows: EnumDisplayDevices:
[2017.02.26-16.14.03:851][  0]LogWindows:    0. 'Intel(R) HD Graphics 4600' (P:1 D:1)
[2017.02.26-16.14.03:851][  0]LogWindows:    1. 'Intel(R) HD Graphics 4600' (P:0 D:1)
[2017.02.26-16.14.03:852][  0]LogWindows:    2. 'Intel(R) HD Graphics 4600' (P:0 D:0)
[2017.02.26-16.14.03:852][  0]LogWindows:    3. 'NVIDIA GeForce GT 755M' (P:0 D:0)
[2017.02.26-16.14.03:852][  0]LogWindows: DebugString: PrimaryIsNotTheChoosenAdapter PrimaryIsNotTheChoosenAdapter PrimaryIsNotTheChoosenAdapter 
[2017.02.26-16.14.03:852][  0]LogD3D11RHI:     Adapter Name: NVIDIA GeForce GT 755M
[2017.02.26-16.14.03:852][  0]LogD3D11RHI:   Driver Version: 375.70 (internal:21.21.13.7570, unified:375.70)
[2017.02.26-16.14.03:852][  0]LogD3D11RHI:      Driver Date: 10-25-2016
[2017.02.26-16.14.03:852][  0]LogRHI: Texture pool is 1361 MB (70% of 1945 MB)
[2017.02.26-16.14.03:863][  0]LogD3D11RHI:Warning: Timestamp queries are currently disabled on this hardware due to instability. Realtime GPU stats will not be available. You can override this behaviour by setting r.NVIDIATimestampWorkaround to 0
[2017.02.26-16.14.03:863][  0]LogD3D11RHI: Async texture creation enabled
[2017.02.26-16.14.03:882][  0]LogD3D11RHI: GPU Timing Frequency: 1000.000000 (Debug: 2 2)
[2017.02.26-16.14.03:882][  0]LogShaderCompilers: Guid format shader working directory is -18 characters bigger than the processId version (../../../../../../Users/Braden/Documents/GitHub/ChimeraGames/Abyss/Intermediate/Shaders/WorkingDirectory/160/).
[2017.02.26-16.14.03:882][  0]LogShaderCompilers: Cleaned the shader compiler working directory 'C:/Users/Braden/AppData/Local/Temp/UnrealShaderWorkingDir/E1F5C8E5417B26F5462BEBA342C37DDB/'.
[2017.02.26-16.14.03:882][  0]LogShaderCompilers:Display: Using Local Shader Compiler.
[2017.02.26-16.14.05:004][  0]LogTemp:Display: Loaded TP AllDesktopTargetPlatform
[2017.02.26-16.14.05:054][  0]LogTemp:Display: Loaded TP MacClientTargetPlatform
[2017.02.26-16.14.05:103][  0]LogTemp:Display: Loaded TP MacNoEditorTargetPlatform
[2017.02.26-16.14.05:160][  0]LogTemp:Display: Loaded TP MacServerTargetPlatform
[2017.02.26-16.14.05:209][  0]LogTemp:Display: Loaded TP MacTargetPlatform
[2017.02.26-16.14.05:254][  0]LogTemp:Display: Loaded TP WindowsClientTargetPlatform
[2017.02.26-16.14.05:300][  0]LogTemp:Display: Loaded TP WindowsNoEditorTargetPlatform
[2017.02.26-16.14.05:347][  0]LogTemp:Display: Loaded TP WindowsServerTargetPlatform
[2017.02.26-16.14.05:382][  0]LogTemp:Display: Loaded TP WindowsTargetPlatform
[2017.02.26-16.14.05:428][  0]LogTemp:Display: Loaded TP AndroidTargetPlatform
[2017.02.26-16.14.05:472][  0]LogTemp:Display: Loaded TP Android_ASTCTargetPlatform
[2017.02.26-16.14.05:516][  0]LogTemp:Display: Loaded TP Android_ATCTargetPlatform
[2017.02.26-16.14.05:561][  0]LogTemp:Display: Loaded TP Android_DXTTargetPlatform
[2017.02.26-16.14.05:605][  0]LogTemp:Display: Loaded TP Android_ETC1TargetPlatform
[2017.02.26-16.14.05:651][  0]LogTemp:Display: Loaded TP Android_ETC2TargetPlatform
[2017.02.26-16.14.05:744][  0]LogTemp:Display: Loaded TP Android_MultiTargetPlatform
[2017.02.26-16.14.05:744][  0]LogTemp:Display: Loaded TP Android_PVRTCTargetPlatform
[2017.02.26-16.14.05:776][  0]LogTemp:Display: Loaded TP HTML5TargetPlatform
[2017.02.26-16.14.05:847][  0]LogTemp:Display: Loaded TP IOSTargetPlatform
[2017.02.26-16.14.05:884][  0]LogTemp:Display: Loaded TP TVOSTargetPlatform
[2017.02.26-16.14.05:937][  0]LogTemp:Display: Loaded TP LinuxClientTargetPlatform
[2017.02.26-16.14.05:982][  0]LogTemp:Display: Loaded TP LinuxNoEditorTargetPlatform
[2017.02.26-16.14.06:028][  0]LogTemp:Display: Loaded TP LinuxServerTargetPlatform
[2017.02.26-16.14.06:074][  0]LogTemp:Display: Loaded TP LinuxTargetPlatform
[2017.02.26-16.14.06:074][  0]LogTargetPlatformManager:Display: Building Assets For Windows
[2017.02.26-16.14.06:389][  0]LogDerivedDataCache:Display: Max Cache Size: 512 MB
[2017.02.26-16.14.06:459][  0]LogDerivedDataCache: Loaded boot cache 0.07s 50MB C:/Users/Braden/AppData/Local/UnrealEngine/4.14/DerivedDataCache/Boot.ddc.
[2017.02.26-16.14.06:459][  0]LogDerivedDataCache:Display: Loaded Boot cache: C:/Users/Braden/AppData/Local/UnrealEngine/4.14/DerivedDataCache/Boot.ddc
[2017.02.26-16.14.06:459][  0]LogDerivedDataCache: FDerivedDataBackendGraph:  Pak pak cache file ../../../../../../Users/Braden/Documents/GitHub/ChimeraGames/Abyss/DerivedDataCache/DDC.ddp not found, will not use a pak cache.
[2017.02.26-16.14.06:459][  0]LogDerivedDataCache: Unable to find inner node Pak for hierarchical cache Hierarchy.
[2017.02.26-16.14.06:459][  0]LogDerivedDataCache: FDerivedDataBackendGraph:  CompressedPak pak cache file ../../../../../../Users/Braden/Documents/GitHub/ChimeraGames/Abyss/DerivedDataCache/Compressed.ddp not found, will not use a pak cache.
[2017.02.26-16.14.06:459][  0]LogDerivedDataCache: Unable to find inner node CompressedPak for hierarchical cache Hierarchy.
[2017.02.26-16.14.06:479][  0]LogDerivedDataCache:Display: Pak cache opened for reading ../../../Engine/DerivedDataCache/Compressed.ddp.
[2017.02.26-16.14.06:491][  0]LogDerivedDataCache: Using Local data cache path C:/Users/Braden/AppData/Local/UnrealEngine/Common/DerivedDataCache: Writable
[2017.02.26-16.14.06:701][  0]LogInit: Selected Device Profile: [Windows]
[2017.02.26-16.14.06:704][  0]LogContentStreaming: Texture pool size is 0.00 MB
[2017.02.26-16.14.06:891][  0]LogMeshUtilities: Using QuadricMeshReduction for automatic static mesh reduction
[2017.02.26-16.14.06:924][  0]LogSimplygon: Simplygon DLL not present - disabling.
[2017.02.26-16.14.06:959][  0]LogMeshUtilities: Using SimplygonSwarm for distributed automatic mesh merging
[2017.02.26-16.14.06:959][  0]LogMeshUtilities: No automatic skeletal mesh reduction module available
[2017.02.26-16.14.06:959][  0]LogMeshUtilities: No automatic mesh merging module available
[2017.02.26-16.14.07:511][  0]LogNetVersion: GetLocalNetworkVersion: CL: 3195953, ProjectName: abyss, ProjectVersion: , EngineNetworkVersion: 2, GameNetworkVersion: 0, NetworkChecksum: 1595127573
[2017.02.26-16.14.07:565][  0]LogAssetRegistry: FAssetRegistry took 0.0224 seconds to start up
[2017.02.26-16.14.07:610][  0]LogPackageLocalizationCache: Processed 3 localized package path(s) for 2 prioritized culture(s) in 0.023303 seconds
[2017.02.26-16.14.07:615][  0]LogUObjectArray: 31946 objects as part of root set at end of initial load.
[2017.02.26-16.14.07:615][  0]LogUObjectAllocator: 6935848 out of 0 bytes used by permanent object pool.
[2017.02.26-16.14.07:615][  0]LogUObjectArray: CloseDisregardForGC: 0/0 objects in disregard for GC pool
[2017.02.26-16.14.07:665][  0]LogInit: WinSock: version 1.1 (2.2), MaxSocks=32767, MaxUdp=65467
[2017.02.26-16.14.08:232][  0]LogSlate: Using Freetype 2.6.0
[2017.02.26-16.14.08:232][  0]LogSlate: SlateFontCache - WITH_FREETYPE: 1, WITH_HARFBUZZ: 1
[2017.02.26-16.14.08:232][  0]LogSlate: SlateFontCache - WITH_FREETYPE: 1, WITH_HARFBUZZ: 1
[2017.02.26-16.14.08:932][  0]LogTcpMessaging: Initializing TcpMessaging bridge
[2017.02.26-16.14.08:966][  0]LogUdpMessaging: Initializing bridge on interface 0.0.0.0:0 to multicast group 230.0.0.1:6666.
[2017.02.26-16.14.09:215][  0]LogMaterial: Uniform references updated for custom material expression Custom.
[2017.02.26-16.14.09:518][  0]SourceControl: Info Source control is disabled
[2017.02.26-16.14.10:532][  0]LogEngine: Initializing Engine...
[2017.02.26-16.14.10:534][  0]LogHMD: Failed to initialize OpenVR with code 105
[2017.02.26-16.14.10:749][  0]LogAIModule: Creating AISystem for world Untitled
[2017.02.26-16.14.10:759][  0]LogInit: XAudio2 using 'Speakers (Realtek High Definition Audio)' : 2 channels at 44.1 kHz using 16 bits per sample (channel mask 0x3)
[2017.02.26-16.14.10:768][  0]LogInit: FAudioDevice initialized.
[2017.02.26-16.14.10:805][  0]LogDerivedDataCache: Saved boot cache 0.04s 50MB C:/Users/Braden/AppData/Local/UnrealEngine/4.14/DerivedDataCache/Boot.ddc.
[2017.02.26-16.14.10:816][  0]LogInit: Texture streaming: Enabled
[2017.02.26-16.14.10:960][  0]LogInit: Transaction tracking system initialized
[2017.02.26-16.14.11:212][  0]BlueprintLog: New page: Editor Load
[2017.02.26-16.14.11:878][  0]LocalizationService: Info Localization service is disabled
[2017.02.26-16.14.12:592][  0]LogConsoleResponse:Display: 
[2017.02.26-16.14.12:719][  0]LogCook:Display: Max memory allowance for cook 16384mb min free memory 0mb
[2017.02.26-16.14.12:719][  0]LogCook:Display: Mobile HDR setting 1
[2017.02.26-16.14.13:394][  0]LogFileCache: Scanning file cache for directory 'C:/Users/Braden/Documents/GitHub/ChimeraGames/Abyss/Content/' took 0.01s
[2017.02.26-16.14.13:430][  0]Cmd: MAP LOAD FILE="../../../Engine/Content/Maps/Templates/Template_Default.umap" TEMPLATE=1 SHOWPROGRESS=1 FEATURELEVEL=3
[2017.02.26-16.14.13:430][  0]LightingResults: New page: Lighting Build
[2017.02.26-16.14.13:460][  0]MapCheck: New page: Map Check
[2017.02.26-16.14.13:460][  0]LightingResults: New page: Lighting Build
[2017.02.26-16.14.13:666][  0]LogAIModule: Creating AISystem for world Untitled_1
[2017.02.26-16.14.13:667][  0]LogActorComponent: RegisterComponentWithWorld: (/Temp/Untitled_1.Untitled_1:PersistentLevel.WorldSettings_1.StaticMeshComponent0) Trying to register component with IsPendingKill() == true. Aborting.
[2017.02.26-16.14.13:674][  0]LogEditorServer: Finished looking for orphan Actors (0.000 secs)
[2017.02.26-16.14.13:678][  0]Cmd: MAP CHECKDEP NOCLEARLOG
[2017.02.26-16.14.13:708][  0]MapCheck: Info Map check complete: 0 Error(s), 0 Warning(s), took 30.07ms to complete.
[2017.02.26-16.14.13:708][  0]LogFileHelpers: Loading map 'Template_Default' took 0.278
[2017.02.26-16.14.13:841][  0]LogCollectionManager: Loaded 0 collections in 0.001698 seconds
[2017.02.26-16.14.13:914][  0]LogFileCache: Scanning file cache for directory 'C:/Users/Braden/Documents/GitHub/ChimeraGames/Abyss/Saved/Collections/' took 0.01s
[2017.02.26-16.14.13:914][  0]LogFileCache: Scanning file cache for directory 'C:/Users/Braden/Documents/GitHub/ChimeraGames/Abyss/Content/Developers/Braden/Collections/' took 0.01s
[2017.02.26-16.14.13:914][  0]LogFileCache: Scanning file cache for directory 'C:/Users/Braden/Documents/GitHub/ChimeraGames/Abyss/Content/Collections/' took 0.01s
[2017.02.26-16.14.13:914][  0]LogCollectionManager: Rebuilt the GUID cache for 0 collections in 0.000002 seconds
[2017.02.26-16.14.13:922][  0]LogContentBrowser: Native class hierarchy populated in 0.0087 seconds. Added 2190 classes and 428 folders.
[2017.02.26-16.14.13:955][  0]LogStats: UGameplayTagsManager::ConstructGameplayTagTree: Construct from data asset -  0.000 s
[2017.02.26-16.14.13:955][  0]LogStats: UGameplayTagsManager::ConstructGameplayTagTree: GameplayTagTreeChangedEvent.Broadcast -  0.000 s
[2017.02.26-16.14.13:955][  0]LogContentBrowser: Native class hierarchy updated for 'GameplayTags' in 0.0006 seconds. Added 13 classes and 0 folders.
[2017.02.26-16.14.14:003][  0]LogContentBrowser: Native class hierarchy updated for 'WidgetCarousel' in 0.0004 seconds. Added 0 classes and 0 folders.
[2017.02.26-16.14.14:035][  0]LogContentBrowser: Native class hierarchy updated for 'AddContentDialog' in 0.0005 seconds. Added 0 classes and 0 folders.
[2017.02.26-16.14.14:066][  0]LogContentBrowser: Native class hierarchy updated for 'SceneOutliner' in 0.0005 seconds. Added 1 classes and 2 folders.
[2017.02.26-16.14.14:101][  0]LogCrashTracker: Crashtracker disabled due to settings.
[2017.02.26-16.14.14:106][  0]LogUObjectGlobals:Warning: Failed to find object 'Class None.'
[2017.02.26-16.14.14:165][  0]LogContentBrowser: Native class hierarchy updated for 'HierarchicalLODOutliner' in 0.0005 seconds. Added 1 classes and 2 folders.
[2017.02.26-16.14.14:166][  0]LogLoad: (Engine Initialization) Total time: 12.48 seconds
[2017.02.26-16.14.14:166][  0]LogLoad: (Engine Initialization) Total Blueprint compile time: 0.08 seconds
[2017.02.26-16.14.14:166][  0]LogExternalProfiler: Found external profiler: VSPerf
[2017.02.26-16.14.14:166][  0]LogExternalProfiler: Using external profiler: VSPerf
[2017.02.26-16.14.14:183][  0]LogOcInput: OculusInput pre-init called
[2017.02.26-16.14.14:201][  0]LogContentStreaming: Texture pool size now 400 MB
[2017.02.26-16.14.14:363][  0]LogRenderer: Reallocating scene render targets to support 1004x456 NumSamples 1 (Frame:2).
[2017.02.26-16.14.14:483][  1]LogAssetRegistry: Asset discovery search completed in 6.9413 seconds
[2017.02.26-16.14.14:483][  1]LogCollectionManager: Rebuilt the object cache for 0 collections in 0.000001 seconds (found 0 objects)
[2017.02.26-16.14.14:483][  1]LogCollectionManager: Fixed up redirectors for 0 collections in 0.000015 seconds (updated 0 objects)
[2017.02.26-16.14.21:181][387]LogLinker:Warning: Can't find file '/Game/Assets/HUD/HUD_Button'
[2017.02.26-16.14.21:181][387]LogLinker:Warning: Can't find file for asset '/Game/Assets/HUD/HUD_Button' while loading ../../../../../../Users/Braden/Documents/GitHub/ChimeraGames/Abyss/Content/UMG/BattleHUD.uasset.
[2017.02.26-16.14.21:213][387]LoadErrors:Error: Error /Game/UMG/BattleHUD : Can't find file for asset. /Game/Assets/HUD/HUD_Button
[2017.02.26-16.14.21:213][387]LogLinker:Warning: Can't find file '/Game/Assets/HUD/HUD_Portrait_Player'
[2017.02.26-16.14.21:213][387]LogLinker:Warning: Can't find file for asset '/Game/Assets/HUD/HUD_Portrait_Player' while loading ../../../../../../Users/Braden/Documents/GitHub/ChimeraGames/Abyss/Content/UMG/BattleHUD.uasset.
[2017.02.26-16.14.21:224][387]LoadErrors:Error: Error /Game/UMG/BattleHUD : Can't find file for asset. /Game/Assets/HUD/HUD_Portrait_Player
[2017.02.26-16.14.21:224][387]LogLinker:Warning: Can't find file '/Game/Assets/HUD/HUD_Button'
[2017.02.26-16.14.21:225][387]LogLinker:Warning: Can't find file for asset '/Game/Assets/HUD/HUD_Button' while loading ../../../../../../Users/Braden/Documents/GitHub/ChimeraGames/Abyss/Content/UMG/BattleHUD.uasset.
[2017.02.26-16.14.21:225][387]LogLinker:Warning: Can't find file '/Game/Assets/HUD/HUD_Portrait_Player'
[2017.02.26-16.14.21:225][387]LogLinker:Warning: Can't find file for asset '/Game/Assets/HUD/HUD_Portrait_Player' while loading ../../../../../../Users/Braden/Documents/GitHub/ChimeraGames/Abyss/Content/UMG/BattleHUD.uasset.
[2017.02.26-16.14.21:225][387]LogLinker:Warning: Can't find file '/Game/Assets/HUD/HUD_Button'
[2017.02.26-16.14.21:225][387]LogLinker:Warning: Can't find file for asset '/Game/Assets/HUD/HUD_Button' while loading NULL.
[2017.02.26-16.14.21:225][387]LogLinker:Warning: Can't find file '/Game/Assets/HUD/HUD_Portrait_Player'
[2017.02.26-16.14.21:226][387]LogLinker:Warning: Can't find file for asset '/Game/Assets/HUD/HUD_Portrait_Player' while loading NULL.
[2017.02.26-16.14.21:226][387]LogLinker:Warning: Can't find file '/Game/Assets/HUD/HUD_Button'
[2017.02.26-16.14.21:226][387]LogLinker:Warning: Can't find file for asset '/Game/Assets/HUD/HUD_Button' while loading NULL.
[2017.02.26-16.14.21:226][387]LogLinker:Warning: Can't find file '/Game/Assets/HUD/HUD_Portrait_Player'
[2017.02.26-16.14.21:226][387]LogLinker:Warning: Can't find file for asset '/Game/Assets/HUD/HUD_Portrait_Player' while loading NULL.
[2017.02.26-16.14.21:229][387]LogLinker:Warning: Can't find file '/Game/Assets/HUD/HUD_Portrait_Player'
[2017.02.26-16.14.21:229][387]LoadErrors: Info Failed to load /Game/Assets/HUD/HUD_Portrait_Player.HUD_Portrait_Player Referenced by PlayerPortrait
[2017.02.26-16.14.21:229][387]LogLinker:Warning: Can't find file for asset '/Game/Assets/HUD/HUD_Portrait_Player' while loading NULL.
[2017.02.26-16.14.21:230][387]LogLinker:Warning: Can't find file '/Game/Assets/HUD/HUD_Button'
[2017.02.26-16.14.21:230][387]LoadErrors: Info Failed to load /Game/Assets/HUD/HUD_Button.HUD_Button Referenced by Button_60
[2017.02.26-16.14.21:230][387]LogLinker:Warning: Can't find file for asset '/Game/Assets/HUD/HUD_Button' while loading NULL.
[2017.02.26-16.14.21:230][387]LogLinker:Warning: Can't find file '/Game/Assets/HUD/HUD_Button'
[2017.02.26-16.14.21:230][387]LoadErrors: Info Failed to load /Game/Assets/HUD/HUD_Button.HUD_Button Referenced by Button_109
[2017.02.26-16.14.21:230][387]LogLinker:Warning: Can't find file for asset '/Game/Assets/HUD/HUD_Button' while loading NULL.
[2017.02.26-16.14.21:230][387]LogLinker:Warning: Can't find file '/Game/Assets/HUD/HUD_Button'
[2017.02.26-16.14.21:230][387]LoadErrors: Info Failed to load /Game/Assets/HUD/HUD_Button.HUD_Button Referenced by Button_175
[2017.02.26-16.14.21:230][387]LogLinker:Warning: Can't find file for asset '/Game/Assets/HUD/HUD_Button' while loading NULL.
[2017.02.26-16.14.21:237][387]LogLinker:Warning: Can't find file '/Game/Assets/HUD/HUD_Button'
[2017.02.26-16.14.21:237][387]LogLinker:Warning: Can't find file for asset '/Game/Assets/HUD/HUD_Button' while loading NULL.
[2017.02.26-16.14.21:237][387]LogLinker:Warning: Can't find file '/Game/Assets/HUD/HUD_Button'
[2017.02.26-16.14.21:237][387]LogLinker:Warning: Can't find file for asset '/Game/Assets/HUD/HUD_Button' while loading NULL.
[2017.02.26-16.14.21:237][387]LogLinker:Warning: Can't find file '/Game/Assets/HUD/HUD_Button'
[2017.02.26-16.14.21:237][387]LogLinker:Warning: Can't find file for asset '/Game/Assets/HUD/HUD_Button' while loading NULL.
[2017.02.26-16.14.21:766][387]LogContentBrowser: Native class hierarchy updated for 'BlueprintGraph' in 0.0008 seconds. Added 111 classes and 0 folders.
[2017.02.26-16.29.40:310][584]LogFactory: FactoryCreateFile: Texture with ReimportTextureFactory (0 0 ../../../../../../Users/Braden/Desktop/AbyssArt/HUD_Button.png)
[2017.02.26-16.29.40:330][584]LogTexture:Display: Building textures: HUD_Button (BGRA8)
[2017.02.26-16.29.40:337][584]LogFactory: FactoryCreateFile: Texture with ReimportTextureFactory (0 0 ../../../../../../Users/Braden/Desktop/AbyssArt/HUD_NameBar.png)
[2017.02.26-16.29.40:345][584]LogTexture:Display: Building textures: HUD_NameBar (AutoDXT)
[2017.02.26-16.29.40:376][584]LogFactory: FactoryCreateFile: Texture with ReimportTextureFactory (0 0 ../../../../../../Users/Braden/Desktop/AbyssArt/HUD_Portrait_Enemy_Skeleton.png)
[2017.02.26-16.29.40:383][584]LogTexture:Display: Building textures: HUD_Portrait_Enemy_Skeleton (AutoDXT)
[2017.02.26-16.29.40:398][584]LogFactory: FactoryCreateFile: Texture with ReimportTextureFactory (0 0 ../../../../../../Users/Braden/Desktop/AbyssArt/HUD_Portrait_Player.png)
[2017.02.26-16.29.40:401][584]LogTexture:Display: Building textures: HUD_Portrait_Player (AutoDXT)
[2017.02.26-16.29.49:190][645]LogFactory: FactoryCreateFile: Texture with ReimportTextureFactory (0 0 ../../../../../../Users/Braden/Desktop/AbyssArt/HUD_StatBar.png)
[2017.02.26-16.29.49:191][645]LogTexture:Display: Building textures: HUD_StatBar (AutoDXT)
[2017.02.26-16.30.08:795][228]LogSavePackage: Save=39.39ms
[2017.02.26-16.30.08:795][228]LogSavePackage: Moving '../../../../../../Users/Braden/Documents/GitHub/ChimeraGames/Abyss/Saved/HUD_Character8F1AD6454FC3B6C84A42D7B92AF68C8B.tmp' to '../../../../../../Users/Braden/Documents/GitHub/ChimeraGames/Abyss/Content/Assets/HUD/Exploration/HUD_Character.uasset'
[2017.02.26-16.30.08:797][228]LogSavePackage:Display: Finished SavePackage ../../../../../../Users/Braden/Documents/GitHub/ChimeraGames/Abyss/Content/Assets/HUD/Exploration/HUD_Character.uasset
[2017.02.26-16.30.08:800][228]Cmd: OBJ SAVEPACKAGE PACKAGE="/Game/Assets/HUD/Exploration/HUD_HP" FILE="../../../../../../Users/Braden/Documents/GitHub/ChimeraGames/Abyss/Content/Assets/HUD/Exploration/HUD_HP.uasset" SILENT=true
[2017.02.26-16.30.08:803][228]LogSavePackage: Save=2.05ms
[2017.02.26-16.30.08:803][228]LogSavePackage: Moving '../../../../../../Users/Braden/Documents/GitHub/ChimeraGames/Abyss/Saved/HUD_HP9434A16A4654AE37FC4167B1A0877270.tmp' to '../../../../../../Users/Braden/Documents/GitHub/ChimeraGames/Abyss/Content/Assets/HUD/Exploration/HUD_HP.uasset'
[2017.02.26-16.30.08:804][228]LogSavePackage:Display: Finished SavePackage ../../../../../../Users/Braden/Documents/GitHub/ChimeraGames/Abyss/Content/Assets/HUD/Exploration/HUD_HP.uasset
[2017.02.26-16.30.08:814][228]LogSavePackage: Save=1.37ms
[2017.02.26-16.30.08:814][228]LogSavePackage: Moving '../../../../../../Users/Braden/Documents/GitHub/ChimeraGames/Abyss/Saved/HUD_Settings8FE54FA541E5A2131EE2CCA942EFC94B.tmp' to '../../../../../../Users/Braden/Documents/GitHub/ChimeraGames/Abyss/Content/Assets/HUD/Exploration/HUD_Settings.uasset'
[2017.02.26-16.30.08:815][228]LogSavePackage:Display: Finished SavePackage ../../../../../../Users/Braden/Documents/GitHub/ChimeraGames/Abyss/Content/Assets/HUD/Exploration/HUD_Settings.uasset
[2017.02.26-16.30.08:820][228]LogSavePackage: Save=1.51ms
[2017.02.26-16.30.08:821][228]LogSavePackage: Moving '../../../../../../Users/Braden/Documents/GitHub/ChimeraGames/Abyss/Saved/HUD_InventoryF854729044E456E6B3DC0295BDA39A72.tmp' to '../../../../../../Users/Braden/Documents/GitHub/ChimeraGames/Abyss/Content/Assets/HUD/Exploration/HUD_Inventory.uasset'
[2017.02.26-16.30.08:822][228]LogSavePackage:Display: Finished SavePackage ../../../../../../Users/Braden/Documents/GitHub/ChimeraGames/Abyss/Content/Assets/HUD/Exploration/HUD_Inventory.uasset
[2017.02.26-16.30.09:264][228]Cmd: OBJ SAVEPACKAGE PACKAGE="/Game/UMG/playerHUD" FILE="../../../../../../Users/Braden/Documents/GitHub/ChimeraGames/Abyss/Content/UMG/playerHUD.uasset" SILENT=true
[2017.02.26-16.30.09:300][228]LogSavePackage: Save=23.48ms
[2017.02.26-16.30.09:300][228]LogSavePackage: Moving '../../../../../../Users/Braden/Documents/GitHub/ChimeraGames/Abyss/Saved/playerHUD840BB42048DF68C30DAF7A8B297A0143.tmp' to '../../../../../../Users/Braden/Documents/GitHub/ChimeraGames/Abyss/Content/UMG/playerHUD.uasset'
[2017.02.26-16.30.09:301][228]LogSavePackage:Display: Finished SavePackage ../../../../../../Users/Braden/Documents/GitHub/ChimeraGames/Abyss/Content/UMG/playerHUD.uasset
[2017.02.26-16.30.09:304][228]Cmd: OBJ SAVEPACKAGE PACKAGE="/Game/UMG/playerHUD" FILE="../../../../../../Users/Braden/Documents/GitHub/ChimeraGames/Abyss/Content/UMG/playerHUD.uasset" SILENT=true
[2017.02.26-16.30.09:333][228]LogSavePackage: Save=21.06ms
[2017.02.26-16.30.09:333][228]LogSavePackage: Moving '../../../../../../Users/Braden/Documents/GitHub/ChimeraGames/Abyss/Saved/playerHUD277C243040E97A1C3DACBF9E96363FD4.tmp' to '../../../../../../Users/Braden/Documents/GitHub/ChimeraGames/Abyss/Content/UMG/playerHUD.uasset'
[2017.02.26-16.30.09:334][228]LogSavePackage:Display: Finished SavePackage ../../../../../../Users/Braden/Documents/GitHub/ChimeraGames/Abyss/Content/UMG/playerHUD.uasset
[2017.02.26-16.30.09:337][228]Cmd: OBJ SAVEPACKAGE PACKAGE="/Game/UMG/playerHUD" FILE="../../../../../../Users/Braden/Documents/GitHub/ChimeraGames/Abyss/Content/UMG/playerHUD.uasset" SILENT=true
[2017.02.26-16.30.09:367][228]LogSavePackage: Save=22.47ms
[2017.02.26-16.30.09:367][228]LogSavePackage: Moving '../../../../../../Users/Braden/Documents/GitHub/ChimeraGames/Abyss/Saved/playerHUD2010EC6E4D81C0F9015F51B611B70D3D.tmp' to '../../../../../../Users/Braden/Documents/GitHub/ChimeraGames/Abyss/Content/UMG/playerHUD.uasset'
[2017.02.26-16.30.09:368][228]LogSavePackage:Display: Finished SavePackage ../../../../../../Users/Braden/Documents/GitHub/ChimeraGames/Abyss/Content/UMG/playerHUD.uasset
[2017.02.26-16.30.09:371][228]Cmd: OBJ SAVEPACKAGE PACKAGE="/Game/UMG/playerHUD" FILE="../../../../../../Users/Braden/Documents/GitHub/ChimeraGames/Abyss/Content/UMG/playerHUD.uasset" SILENT=true
[2017.02.26-16.30.09:401][228]LogSavePackage: Save=22.31ms
[2017.02.26-16.30.09:401][228]LogSavePackage: Moving '../../../../../../Users/Braden/Documents/GitHub/ChimeraGames/Abyss/Saved/playerHUD579B2E994DD1F60534915F93CAC5FD63.tmp' to '../../../../../../Users/Braden/Documents/GitHub/ChimeraGames/Abyss/Content/UMG/playerHUD.uasset'
[2017.02.26-16.30.09:402][228]LogSavePackage:Display: Finished SavePackage ../../../../../../Users/Braden/Documents/GitHub/ChimeraGames/Abyss/Content/UMG/playerHUD.uasset
[2017.02.26-16.30.12:483][321]Cmd: OBJ SAVEPACKAGE PACKAGE="/Game/Assets/HUD/Battle/HUD_Button" FILE="../../../../../../Users/Braden/Documents/GitHub/ChimeraGames/Abyss/Content/Assets/HUD/Battle/HUD_Button.uasset" SILENT=true
[2017.02.26-16.30.12:485][321]LogSavePackage: Save=1.39ms
[2017.02.26-16.30.12:485][321]LogSavePackage: Moving '../../../../../../Users/Braden/Documents/GitHub/ChimeraGames/Abyss/Saved/HUD_ButtonEA139A6C4D83E4B6FBB4AB9CC60C894F.tmp' to '../../../../../../Users/Braden/Documents/GitHub/ChimeraGames/Abyss/Content/Assets/HUD/Battle/HUD_Button.uasset'
[2017.02.26-16.30.12:487][321]LogSavePackage:Display: Finished SavePackage ../../../../../../Users/Braden/Documents/GitHub/ChimeraGames/Abyss/Content/Assets/HUD/Battle/HUD_Button.uasset
[2017.02.26-16.30.12:489][321]Cmd: OBJ SAVEPACKAGE PACKAGE="/Game/Assets/HUD/Battle/HUD_NameBar" FILE="../../../../../../Users/Braden/Documents/GitHub/ChimeraGames/Abyss/Content/Assets/HUD/Battle/HUD_NameBar.uasset" SILENT=true
[2017.02.26-16.30.12:492][321]LogSavePackage: Save=1.58ms
[2017.02.26-16.30.12:492][321]LogSavePackage: Moving '../../../../../../Users/Braden/Documents/GitHub/ChimeraGames/Abyss/Saved/HUD_NameBarA86061FD40D5D3EC281DCBAF5DCC2CB1.tmp' to '../../../../../../Users/Braden/Documents/GitHub/ChimeraGames/Abyss/Content/Assets/HUD/Battle/HUD_NameBar.uasset'
[2017.02.26-16.30.12:493][321]LogSavePackage:Display: Finished SavePackage ../../../../../../Users/Braden/Documents/GitHub/ChimeraGames/Abyss/Content/Assets/HUD/Battle/HUD_NameBar.uasset
[2017.02.26-16.30.12:509][321]LogSavePackage: Save=1.40ms
[2017.02.26-16.30.12:509][321]LogSavePackage: Moving '../../../../../../Users/Braden/Documents/GitHub/ChimeraGames/Abyss/Saved/HUD_Portrait_Enemy_SkeletonE5DAF236426941D7183EEEBDE42AA6B7.tmp' to '../../../../../../Users/Braden/Documents/GitHub/ChimeraGames/Abyss/Content/Assets/HUD/Battle/HUD_Portrait_Enemy_Skeleton.uasset'
[2017.02.26-16.30.12:510][321]LogSavePackage:Display: Finished SavePackage ../../../../../../Users/Braden/Documents/GitHub/ChimeraGames/Abyss/Content/Assets/HUD/Battle/HUD_Portrait_Enemy_Skeleton.uasset
[2017.02.26-16.30.12:516][321]LogSavePackage: Save=1.54ms
[2017.02.26-16.30.12:516][321]LogSavePackage: Moving '../../../../../../Users/Braden/Documents/GitHub/ChimeraGames/Abyss/Saved/HUD_Portrait_Player7F78E9394663E35E5AFF4F8333EB735E.tmp' to '../../../../../../Users/Braden/Documents/GitHub/ChimeraGames/Abyss/Content/Assets/HUD/Battle/HUD_Portrait_Player.uasset'
[2017.02.26-16.30.12:517][321]LogSavePackage:Display: Finished SavePackage ../../../../../../Users/Braden/Documents/GitHub/ChimeraGames/Abyss/Content/Assets/HUD/Battle/HUD_Portrait_Player.uasset
[2017.02.26-16.30.12:521][321]Cmd: OBJ SAVEPACKAGE PACKAGE="/Game/Assets/HUD/Battle/HUD_StatBar" FILE="../../../../../../Users/Braden/Documents/GitHub/ChimeraGames/Abyss/Content/Assets/HUD/Battle/HUD_StatBar.uasset" SILENT=true
[2017.02.26-16.30.12:523][321]LogSavePackage: Save=1.53ms
[2017.02.26-16.30.12:523][321]LogSavePackage: Moving '../../../../../../Users/Braden/Documents/GitHub/ChimeraGames/Abyss/Saved/HUD_StatBarAABF459E4853D16D161357856E330116.tmp' to '../../../../../../Users/Braden/Documents/GitHub/ChimeraGames/Abyss/Content/Assets/HUD/Battle/HUD_StatBar.uasset'
[2017.02.26-16.30.12:524][321]LogSavePackage:Display: Finished SavePackage ../../../../../../Users/Braden/Documents/GitHub/ChimeraGames/Abyss/Content/Assets/HUD/Battle/HUD_StatBar.uasset
[2017.02.26-16.30.12:831][321]Cmd: OBJ SAVEPACKAGE PACKAGE="/Game/UMG/BattleHUD" FILE="../../../../../../Users/Braden/Documents/GitHub/ChimeraGames/Abyss/Content/UMG/BattleHUD.uasset" SILENT=true
[2017.02.26-16.30.12:857][321]LogSavePackage: Save=16.84ms
[2017.02.26-16.30.12:857][321]LogSavePackage: Moving '../../../../../../Users/Braden/Documents/GitHub/ChimeraGames/Abyss/Saved/BattleHUD9A552B7C4CC55B8728E0E9A8E80CC4C3.tmp' to '../../../../../../Users/Braden/Documents/GitHub/ChimeraGames/Abyss/Content/UMG/BattleHUD.uasset'
[2017.02.26-16.30.12:858][321]LogSavePackage:Display: Finished SavePackage ../../../../../../Users/Braden/Documents/GitHub/ChimeraGames/Abyss/Content/UMG/BattleHUD.uasset
[2017.02.26-16.30.12:863][321]Cmd: OBJ SAVEPACKAGE PACKAGE="/Game/UMG/BattleHUD" FILE="../../../../../../Users/Braden/Documents/GitHub/ChimeraGames/Abyss/Content/UMG/BattleHUD.uasset" SILENT=true
[2017.02.26-16.30.12:887][321]LogSavePackage: Save=15.68ms
[2017.02.26-16.30.12:887][321]LogSavePackage: Moving '../../../../../../Users/Braden/Documents/GitHub/ChimeraGames/Abyss/Saved/BattleHUD11D288FF4EF4ADF14C125798AA132F61.tmp' to '../../../../../../Users/Braden/Documents/GitHub/ChimeraGames/Abyss/Content/UMG/BattleHUD.uasset'
[2017.02.26-16.30.12:887][321]LogSavePackage:Display: Finished SavePackage ../../../../../../Users/Braden/Documents/GitHub/ChimeraGames/Abyss/Content/UMG/BattleHUD.uasset
[2017.02.26-16.30.17:378][448]LogContentBrowser: Native class hierarchy updated for 'TextureEditor' in 0.0006 seconds. Added 1 classes and 2 folders.
[2017.02.26-16.30.27:332][885]Cmd: OBJ SAVEPACKAGE PACKAGE="/Game/Assets/HUD/Battle/HUD_Button" FILE="../../../../../../Users/Braden/Documents/GitHub/ChimeraGames/Abyss/Content/Assets/HUD/Battle/HUD_Button.uasset" SILENT=true
[2017.02.26-16.30.27:341][885]LogSavePackage: Save=1.44ms
[2017.02.26-16.30.27:341][885]LogSavePackage: Moving '../../../../../../Users/Braden/Documents/GitHub/ChimeraGames/Abyss/Saved/HUD_ButtonAE1A4869474F5688C0C934BB032A4BF9.tmp' to '../../../../../../Users/Braden/Documents/GitHub/ChimeraGames/Abyss/Content/Assets/HUD/Battle/HUD_Button.uasset'
[2017.02.26-16.30.27:343][885]LogSavePackage:Display: Finished SavePackage ../../../../../../Users/Braden/Documents/GitHub/ChimeraGames/Abyss/Content/Assets/HUD/Battle/HUD_Button.uasset
[2017.02.26-16.30.33:894][175]LogTexture:Display: Building textures: HUD_NameBar (BGRA8)
[2017.02.26-16.30.42:061][549]Cmd: OBJ SAVEPACKAGE PACKAGE="/Game/Assets/HUD/Battle/HUD_NameBar" FILE="../../../../../../Users/Braden/Documents/GitHub/ChimeraGames/Abyss/Content/Assets/HUD/Battle/HUD_NameBar.uasset" SILENT=true
[2017.02.26-16.30.42:076][549]LogSavePackage: Save=2.24ms
[2017.02.26-16.30.42:076][549]LogSavePackage: Moving '../../../../../../Users/Braden/Documents/GitHub/ChimeraGames/Abyss/Saved/HUD_NameBarC7EDBF314BD12F02138A9997F05015B0.tmp' to '../../../../../../Users/Braden/Documents/GitHub/ChimeraGames/Abyss/Content/Assets/HUD/Battle/HUD_NameBar.uasset'
[2017.02.26-16.30.42:078][549]LogSavePackage:Display: Finished SavePackage ../../../../../../Users/Braden/Documents/GitHub/ChimeraGames/Abyss/Content/Assets/HUD/Battle/HUD_NameBar.uasset
[2017.02.26-16.30.47:263][771]LogTexture:Display: Building textures: HUD_Portrait_Enemy_Skeleton (RGBA16F)
[2017.02.26-16.30.48:622][835]LogTexture:Display: Building textures: HUD_Portrait_Enemy_Skeleton (BGRA8)
[2017.02.26-16.30.51:376][957]LogSavePackage: Save=1.83ms
[2017.02.26-16.30.51:376][957]LogSavePackage: Moving '../../../../../../Users/Braden/Documents/GitHub/ChimeraGames/Abyss/Saved/HUD_Portrait_Enemy_Skeleton0F8845E2444307A471EB5A9EB0E82433.tmp' to '../../../../../../Users/Braden/Documents/GitHub/ChimeraGames/Abyss/Content/Assets/HUD/Battle/HUD_Portrait_Enemy_Skeleton.uasset'
[2017.02.26-16.30.51:378][957]LogSavePackage:Display: Finished SavePackage ../../../../../../Users/Braden/Documents/GitHub/ChimeraGames/Abyss/Content/Assets/HUD/Battle/HUD_Portrait_Enemy_Skeleton.uasset
[2017.02.26-16.30.58:621][285]LogTexture:Display: Building textures: HUD_StatBar (BGRA8)
[2017.02.26-16.31.02:894][468]Cmd: OBJ SAVEPACKAGE PACKAGE="/Game/Assets/HUD/Battle/HUD_StatBar" FILE="../../../../../../Users/Braden/Documents/GitHub/ChimeraGames/Abyss/Content/Assets/HUD/Battle/HUD_StatBar.uasset" SILENT=true
[2017.02.26-16.31.02:910][468]LogSavePackage: Save=2.55ms
[2017.02.26-16.31.02:910][468]LogSavePackage: Moving '../../../../../../Users/Braden/Documents/GitHub/ChimeraGames/Abyss/Saved/HUD_StatBar191B7CD149E892208B036BB35275628E.tmp' to '../../../../../../Users/Braden/Documents/GitHub/ChimeraGames/Abyss/Content/Assets/HUD/Battle/HUD_StatBar.uasset'
[2017.02.26-16.31.02:911][468]LogSavePackage:Display: Finished SavePackage ../../../../../../Users/Braden/Documents/GitHub/ChimeraGames/Abyss/Content/Assets/HUD/Battle/HUD_StatBar.uasset
[2017.02.26-16.31.08:858][750]LogTexture:Display: Building textures: HUD_Portrait_Player (BGRA8)
[2017.02.26-16.31.12:773][928]LogSavePackage: Save=3.15ms
[2017.02.26-16.31.12:774][928]LogSavePackage: Moving '../../../../../../Users/Braden/Documents/GitHub/ChimeraGames/Abyss/Saved/HUD_Portrait_Player4ACB34D541F15A2BD5FBDDA6094B1265.tmp' to '../../../../../../Users/Braden/Documents/GitHub/ChimeraGames/Abyss/Content/Assets/HUD/Battle/HUD_Portrait_Player.uasset'
[2017.02.26-16.31.12:776][928]LogSavePackage:Display: Finished SavePackage ../../../../../../Users/Braden/Documents/GitHub/ChimeraGames/Abyss/Content/Assets/HUD/Battle/HUD_Portrait_Player.uasset
[2017.02.26-16.31.37:490][667]LogEditorTransaction: Undo Edit Image
[2017.02.26-16.35.19:412][485]LogTexture:Display: Building textures: HUD_Portrait_Enemy_Skeleton (BGRA8)
[2017.02.26-16.35.21:357][584]LogSavePackage: Save=1.46ms
[2017.02.26-16.35.21:357][584]LogSavePackage: Moving '../../../../../../Users/Braden/Documents/GitHub/ChimeraGames/Abyss/Saved/HUD_Portrait_Enemy_Skeleton1BFB47824DDDF4D2CBA86EAF3B3BA10D.tmp' to '../../../../../../Users/Braden/Documents/GitHub/ChimeraGames/Abyss/Content/Assets/HUD/Battle/HUD_Portrait_Enemy_Skeleton.uasset'
[2017.02.26-16.35.21:358][584]LogSavePackage:Display: Finished SavePackage ../../../../../../Users/Braden/Documents/GitHub/ChimeraGames/Abyss/Content/Assets/HUD/Battle/HUD_Portrait_Enemy_Skeleton.uasset
[2017.02.26-16.35.42:610][433]LogTexture:Display: Building textures: HUD_Portrait_Enemy_Skeleton (BGRA8)
[2017.02.26-16.35.43:743][478]LogSavePackage: Save=2.04ms
[2017.02.26-16.35.43:743][478]LogSavePackage: Moving '../../../../../../Users/Braden/Documents/GitHub/ChimeraGames/Abyss/Saved/HUD_Portrait_Enemy_SkeletonD4C8CE88412E83125A487A850D15C5D3.tmp' to '../../../../../../Users/Braden/Documents/GitHub/ChimeraGames/Abyss/Content/Assets/HUD/Battle/HUD_Portrait_Enemy_Skeleton.uasset'
[2017.02.26-16.35.43:744][478]LogSavePackage:Display: Finished SavePackage ../../../../../../Users/Braden/Documents/GitHub/ChimeraGames/Abyss/Content/Assets/HUD/Battle/HUD_Portrait_Enemy_Skeleton.uasset
[2017.02.26-16.35.50:778][782]LogTexture:Display: Building textures: HUD_Portrait_Enemy_Skeleton (BGRA8)
[2017.02.26-16.35.58:519][123]LogTexture:Display: Building textures: HUD_Portrait_Enemy_Skeleton (BGRA8)
[2017.02.26-16.36.00:507][203]LogSavePackage: Save=1.93ms
[2017.02.26-16.36.00:507][203]LogSavePackage: Moving '../../../../../../Users/Braden/Documents/GitHub/ChimeraGames/Abyss/Saved/HUD_Portrait_Enemy_SkeletonE7FC1E254F1685DB7FBFCCBB54613583.tmp' to '../../../../../../Users/Braden/Documents/GitHub/ChimeraGames/Abyss/Content/Assets/HUD/Battle/HUD_Portrait_Enemy_Skeleton.uasset'
[2017.02.26-16.36.00:508][203]LogSavePackage:Display: Finished SavePackage ../../../../../../Users/Braden/Documents/GitHub/ChimeraGames/Abyss/Content/Assets/HUD/Battle/HUD_Portrait_Enemy_Skeleton.uasset
[2017.02.26-16.36.11:539][615]LogTexture:Display: Building textures: HUD_Portrait_Enemy_Skeleton (BGRA8)
[2017.02.26-16.36.13:592][700]LogSavePackage: Save=2.54ms
[2017.02.26-16.36.13:592][700]LogSavePackage: Moving '../../../../../../Users/Braden/Documents/GitHub/ChimeraGames/Abyss/Saved/HUD_Portrait_Enemy_SkeletonF503702E4485038C12B986BFA9D204D1.tmp' to '../../../../../../Users/Braden/Documents/GitHub/ChimeraGames/Abyss/Content/Assets/HUD/Battle/HUD_Portrait_Enemy_Skeleton.uasset'
[2017.02.26-16.36.13:593][700]LogSavePackage:Display: Finished SavePackage ../../../../../../Users/Braden/Documents/GitHub/ChimeraGames/Abyss/Content/Assets/HUD/Battle/HUD_Portrait_Enemy_Skeleton.uasset
[2017.02.26-16.36.23:738][222]LogTexture:Display: Building textures: HUD_Portrait_Enemy_Skeleton (BGRA8)
[2017.02.26-16.36.26:351][375]LogSavePackage: Save=1.82ms
[2017.02.26-16.36.26:351][375]LogSavePackage: Moving '../../../../../../Users/Braden/Documents/GitHub/ChimeraGames/Abyss/Saved/HUD_Portrait_Enemy_SkeletonD4A53CDC491BAB83B2F044A3296B276A.tmp' to '../../../../../../Users/Braden/Documents/GitHub/ChimeraGames/Abyss/Content/Assets/HUD/Battle/HUD_Portrait_Enemy_Skeleton.uasset'
[2017.02.26-16.36.26:353][375]LogSavePackage:Display: Finished SavePackage ../../../../../../Users/Braden/Documents/GitHub/ChimeraGames/Abyss/Content/Assets/HUD/Battle/HUD_Portrait_Enemy_Skeleton.uasset
[2017.02.26-16.36.40:552][155]LogTexture:Display: Building textures: HUD_Portrait_Enemy_Skeleton (BGRA8)
[2017.02.26-16.36.42:164][249]LogSavePackage: Save=1.45ms
[2017.02.26-16.36.42:164][249]LogSavePackage: Moving '../../../../../../Users/Braden/Documents/GitHub/ChimeraGames/Abyss/Saved/HUD_Portrait_Enemy_Skeleton16070F744DBC0BBBEB0EA7A0FA40504F.tmp' to '../../../../../../Users/Braden/Documents/GitHub/ChimeraGames/Abyss/Content/Assets/HUD/Battle/HUD_Portrait_Enemy_Skeleton.uasset'
[2017.02.26-16.36.42:165][249]LogSavePackage:Display: Finished SavePackage ../../../../../../Users/Braden/Documents/GitHub/ChimeraGames/Abyss/Content/Assets/HUD/Battle/HUD_Portrait_Enemy_Skeleton.uasset
[2017.02.26-16.37.14:419][964]LogTexture:Display: Building textures: HUD_Character (BGRA8)
[2017.02.26-16.37.16:081][ 46]LogSavePackage: Save=2.05ms
[2017.02.26-16.37.16:081][ 46]LogSavePackage: Moving '../../../../../../Users/Braden/Documents/GitHub/ChimeraGames/Abyss/Saved/HUD_Character2F24A29B4221B593BFF64E8805349EE8.tmp' to '../../../../../../Users/Braden/Documents/GitHub/ChimeraGames/Abyss/Content/Assets/HUD/Exploration/HUD_Character.uasset'
[2017.02.26-16.37.16:083][ 46]LogSavePackage:Display: Finished SavePackage ../../../../../../Users/Braden/Documents/GitHub/ChimeraGames/Abyss/Content/Assets/HUD/Exploration/HUD_Character.uasset
[2017.02.26-16.37.48:944][193]Cmd: OBJ SAVEPACKAGE PACKAGE="/Game/UMG/BattleHUD" FILE="../../../../../../Users/Braden/Documents/GitHub/ChimeraGames/Abyss/Content/UMG/BattleHUD.uasset" SILENT=true
[2017.02.26-16.37.48:977][193]LogSavePackage: Save=22.72ms
[2017.02.26-16.37.48:977][193]LogSavePackage: Moving '../../../../../../Users/Braden/Documents/GitHub/ChimeraGames/Abyss/Saved/BattleHUDEFB619B947096C467417B1A2F1E9F7B9.tmp' to '../../../../../../Users/Braden/Documents/GitHub/ChimeraGames/Abyss/Content/UMG/BattleHUD.uasset'
[2017.02.26-16.37.48:979][193]LogSavePackage:Display: Finished SavePackage ../../../../../../Users/Braden/Documents/GitHub/ChimeraGames/Abyss/Content/UMG/BattleHUD.uasset
[2017.02.26-16.38.03:310][814]Cmd: OBJ SAVEPACKAGE PACKAGE="/Game/UMG/BattleHUD" FILE="../../../../../../Users/Braden/Documents/GitHub/ChimeraGames/Abyss/Content/UMG/BattleHUD.uasset" SILENT=true
[2017.02.26-16.38.03:342][814]LogSavePackage: Save=22.06ms
[2017.02.26-16.38.03:342][814]LogSavePackage: Moving '../../../../../../Users/Braden/Documents/GitHub/ChimeraGames/Abyss/Saved/BattleHUDF2106DA54C69B3F9CB1103B86CAC6EAE.tmp' to '../../../../../../Users/Braden/Documents/GitHub/ChimeraGames/Abyss/Content/UMG/BattleHUD.uasset'
[2017.02.26-16.38.03:343][814]LogSavePackage:Display: Finished SavePackage ../../../../../../Users/Braden/Documents/GitHub/ChimeraGames/Abyss/Content/UMG/BattleHUD.uasset
[2017.02.26-16.39.09:256][901]LogFileHelpers: Editor autosave (incl. sublevels) for '/Temp/Untitled_1' took 0.021
[2017.02.26-16.39.09:260][901]LogSavePackage: Save=1.22ms
[2017.02.26-16.39.09:260][901]LogSavePackage: Moving '../../../../../../Users/Braden/Documents/GitHub/ChimeraGames/Abyss/Saved/HUD_Button_Auto11589FCC741A93A4D44B2EBB7B505BC53.tmp' to '../../../../../../Users/Braden/Documents/GitHub/ChimeraGames/Abyss/Saved/Autosaves/Game/Assets/HUD/HUD_Button_Auto1.uasset'
[2017.02.26-16.39.09:261][901]LogSavePackage:Display: Finished SavePackage ../../../../../../Users/Braden/Documents/GitHub/ChimeraGames/Abyss/Saved/Autosaves/Game/Assets/HUD/HUD_Button_Auto1.uasset
[2017.02.26-16.39.09:262][901]LogSavePackage: Save=0.61ms
[2017.02.26-16.39.09:262][901]LogSavePackage: Moving '../../../../../../Users/Braden/Documents/GitHub/ChimeraGames/Abyss/Saved/HUD_Portrait_Player_Auto1244ACA74413D16D7B85C7BBD6A660195.tmp' to '../../../../../../Users/Braden/Documents/GitHub/ChimeraGames/Abyss/Saved/Autosaves/Game/Assets/HUD/HUD_Portrait_Player_Auto1.uasset'
[2017.02.26-16.39.09:263][901]LogSavePackage:Display: Finished SavePackage ../../../../../../Users/Braden/Documents/GitHub/ChimeraGames/Abyss/Saved/Autosaves/Game/Assets/HUD/HUD_Portrait_Player_Auto1.uasset
[2017.02.26-16.39.09:264][901]LogSavePackage: Save=0.66ms
[2017.02.26-16.39.09:264][901]LogSavePackage: Moving '../../../../../../Users/Braden/Documents/GitHub/ChimeraGames/Abyss/Saved/HUD_NameBar_Auto17C31905C4B71BB5FF8D65790ACC18E44.tmp' to '../../../../../../Users/Braden/Documents/GitHub/ChimeraGames/Abyss/Saved/Autosaves/Game/Assets/HUD/HUD_NameBar_Auto1.uasset'
[2017.02.26-16.39.09:266][901]LogSavePackage:Display: Finished SavePackage ../../../../../../Users/Braden/Documents/GitHub/ChimeraGames/Abyss/Saved/Autosaves/Game/Assets/HUD/HUD_NameBar_Auto1.uasset
[2017.02.26-16.39.09:268][901]LogSavePackage: Save=0.82ms
[2017.02.26-16.39.09:268][901]LogSavePackage: Moving '../../../../../../Users/Braden/Documents/GitHub/ChimeraGames/Abyss/Saved/HUD_Portrait_Enemy_Skeleton_Auto168B1D2C74B33DEAC5EF0E2A03BFB7FF0.tmp' to '../../../../../../Users/Braden/Documents/GitHub/ChimeraGames/Abyss/Saved/Autosaves/Game/Assets/HUD/HUD_Portrait_Enemy_Skeleton_Auto1.uasset'
[2017.02.26-16.39.09:268][901]LogSavePackage:Display: Finished SavePackage ../../../../../../Users/Braden/Documents/GitHub/ChimeraGames/Abyss/Saved/Autosaves/Game/Assets/HUD/HUD_Portrait_Enemy_Skeleton_Auto1.uasset
[2017.02.26-16.39.09:270][901]LogSavePackage: Save=0.75ms
[2017.02.26-16.39.09:270][901]LogSavePackage: Moving '../../../../../../Users/Braden/Documents/GitHub/ChimeraGames/Abyss/Saved/HUD_StatBar_Auto19C0D400C49316BA283C0C6ABAA2B1749.tmp' to '../../../../../../Users/Braden/Documents/GitHub/ChimeraGames/Abyss/Saved/Autosaves/Game/Assets/HUD/HUD_StatBar_Auto1.uasset'
[2017.02.26-16.39.09:271][901]LogSavePackage:Display: Finished SavePackage ../../../../../../Users/Braden/Documents/GitHub/ChimeraGames/Abyss/Saved/Autosaves/Game/Assets/HUD/HUD_StatBar_Auto1.uasset
[2017.02.26-16.39.09:271][901]LogFileHelpers: Auto-saving content packages took 0.014
[2017.02.26-16.43.46:056][223]LogTexture:Display: Building textures: HQ_Lightmap0_1 (AutoDXT)
[2017.02.26-16.43.46:061][223]LogTexture:Display: Building textures: HQ_Lightmap0_2 (AutoDXT)
[2017.02.26-16.43.46:062][223]LogTexture:Display: Building textures: LQ_Lightmap_0_1 (DXT1)
[2017.02.26-16.43.46:064][223]LogTexture:Display: Building textures: LQ_Lightmap_0_2 (DXT1)
[2017.02.26-16.43.46:667][223]LogAIModule: Creating AISystem for world Battle_Scene
[2017.02.26-16.43.49:872][223]Cmd: OBJ SAVEPACKAGE PACKAGE="/Game/Assets/HUD/HUD_Button" FILE="../../../../../../Users/Braden/Documents/GitHub/ChimeraGames/Abyss/Content/Assets/HUD/HUD_Button.uasset" SILENT=true
[2017.02.26-16.43.49:874][223]LogSavePackage: Save=0.70ms
[2017.02.26-16.43.49:874][223]LogSavePackage: Moving '../../../../../../Users/Braden/Documents/GitHub/ChimeraGames/Abyss/Saved/HUD_Button9B38DB3F4C8B1C21BB3E9EB736DD9585.tmp' to '../../../../../../Users/Braden/Documents/GitHub/ChimeraGames/Abyss/Content/Assets/HUD/HUD_Button.uasset'
[2017.02.26-16.43.49:875][223]LogSavePackage:Display: Finished SavePackage ../../../../../../Users/Braden/Documents/GitHub/ChimeraGames/Abyss/Content/Assets/HUD/HUD_Button.uasset
[2017.02.26-16.43.49:875][223]Cmd: OBJ SAVEPACKAGE PACKAGE="/Game/Assets/HUD/HUD_NameBar" FILE="../../../../../../Users/Braden/Documents/GitHub/ChimeraGames/Abyss/Content/Assets/HUD/HUD_NameBar.uasset" SILENT=true
[2017.02.26-16.43.49:876][223]LogSavePackage: Save=0.58ms
[2017.02.26-16.43.49:876][223]LogSavePackage: Moving '../../../../../../Users/Braden/Documents/GitHub/ChimeraGames/Abyss/Saved/HUD_NameBarB82DA2AE4DF01D0AA2FC29AD637E2705.tmp' to '../../../../../../Users/Braden/Documents/GitHub/ChimeraGames/Abyss/Content/Assets/HUD/HUD_NameBar.uasset'
[2017.02.26-16.43.49:877][223]LogSavePackage:Display: Finished SavePackage ../../../../../../Users/Braden/Documents/GitHub/ChimeraGames/Abyss/Content/Assets/HUD/HUD_NameBar.uasset
[2017.02.26-16.43.49:878][223]LogSavePackage: Save=0.55ms
[2017.02.26-16.43.49:878][223]LogSavePackage: Moving '../../../../../../Users/Braden/Documents/GitHub/ChimeraGames/Abyss/Saved/HUD_Portrait_Enemy_Skeleton189A73B24F8FBF517983BF98019DCC40.tmp' to '../../../../../../Users/Braden/Documents/GitHub/ChimeraGames/Abyss/Content/Assets/HUD/HUD_Portrait_Enemy_Skeleton.uasset'
[2017.02.26-16.43.49:879][223]LogSavePackage:Display: Finished SavePackage ../../../../../../Users/Braden/Documents/GitHub/ChimeraGames/Abyss/Content/Assets/HUD/HUD_Portrait_Enemy_Skeleton.uasset
[2017.02.26-16.43.49:879][223]Cmd: OBJ SAVEPACKAGE PACKAGE="/Game/Assets/HUD/HUD_Portrait_Player" FILE="../../../../../../Users/Braden/Documents/GitHub/ChimeraGames/Abyss/Content/Assets/HUD/HUD_Portrait_Player.uasset" SILENT=true
[2017.02.26-16.43.49:880][223]LogSavePackage: Save=0.57ms
[2017.02.26-16.43.49:880][223]LogSavePackage: Moving '../../../../../../Users/Braden/Documents/GitHub/ChimeraGames/Abyss/Saved/HUD_Portrait_Player3D0C28F5459C4C6654F7FA81ED249932.tmp' to '../../../../../../Users/Braden/Documents/GitHub/ChimeraGames/Abyss/Content/Assets/HUD/HUD_Portrait_Player.uasset'
[2017.02.26-16.43.49:881][223]LogSavePackage:Display: Finished SavePackage ../../../../../../Users/Braden/Documents/GitHub/ChimeraGames/Abyss/Content/Assets/HUD/HUD_Portrait_Player.uasset
[2017.02.26-16.43.49:881][223]Cmd: OBJ SAVEPACKAGE PACKAGE="/Game/Assets/HUD/HUD_StatBar" FILE="../../../../../../Users/Braden/Documents/GitHub/ChimeraGames/Abyss/Content/Assets/HUD/HUD_StatBar.uasset" SILENT=true
[2017.02.26-16.43.49:882][223]LogSavePackage: Save=0.53ms
[2017.02.26-16.43.49:882][223]LogSavePackage: Moving '../../../../../../Users/Braden/Documents/GitHub/ChimeraGames/Abyss/Saved/HUD_StatBar9C8F9D244901BB76790677A6D16E2653.tmp' to '../../../../../../Users/Braden/Documents/GitHub/ChimeraGames/Abyss/Content/Assets/HUD/HUD_StatBar.uasset'
[2017.02.26-16.43.49:883][223]LogSavePackage:Display: Finished SavePackage ../../../../../../Users/Braden/Documents/GitHub/ChimeraGames/Abyss/Content/Assets/HUD/HUD_StatBar.uasset
[2017.02.26-16.43.49:885][223]Cmd: MAP LOAD FILE="../../../../../../Users/Braden/Documents/GitHub/ChimeraGames/Abyss/Content/Maps-Levels/Battle_Scene.umap" TEMPLATE=0 SHOWPROGRESS=1 FEATURELEVEL=3
[2017.02.26-16.43.49:885][223]LightingResults: New page: Lighting Build
[2017.02.26-16.43.49:887][223]LoadErrors: New page: Loading map: Battle_Scene.umap
[2017.02.26-16.43.49:888][223]MapCheck: New page: Map Check
[2017.02.26-16.43.49:888][223]LightingResults: New page: Lighting Build
[2017.02.26-16.43.49:912][223]LogEditorServer: Finished looking for orphan Actors (0.000 secs)
[2017.02.26-16.43.49:980][223]Cmd: MAP CHECKDEP NOCLEARLOG
[2017.02.26-16.43.50:020][223]MapCheck: Info Map check complete: 0 Error(s), 0 Warning(s), took 40.312ms to complete.
[2017.02.26-16.43.50:021][223]LogFileHelpers: Loading map 'Battle_Scene' took 0.137
[2017.02.26-16.43.52:431][354]LogAIModule: Creating AISystem for world NewMap
[2017.02.26-16.43.52:450][354]Cmd: MAP LOAD FILE="../../../../../../Users/Braden/Documents/GitHub/ChimeraGames/Abyss/Content/Maps-Levels/NewMap.umap" TEMPLATE=0 SHOWPROGRESS=1 FEATURELEVEL=3
[2017.02.26-16.43.52:450][354]LightingResults: New page: Lighting Build
[2017.02.26-16.43.52:451][354]LoadErrors: New page: Loading map: NewMap.umap
[2017.02.26-16.43.52:451][354]MapCheck: New page: Map Check
[2017.02.26-16.43.52:451][354]LightingResults: New page: Lighting Build
[2017.02.26-16.43.52:470][354]LogEditorServer: Finished looking for orphan Actors (0.000 secs)
[2017.02.26-16.43.52:501][354]Cmd: MAP CHECKDEP NOCLEARLOG
[2017.02.26-16.43.52:539][354]MapCheck: Info Map check complete: 0 Error(s), 0 Warning(s), took 37.792ms to complete.
[2017.02.26-16.43.52:539][354]LogFileHelpers: Loading map 'NewMap' took 0.090
[2017.02.26-16.43.55:085][504]LogTemp: Repeting last play command: Selected Viewport
[2017.02.26-16.43.55:103][504]BlueprintLog: New page: Pre-Play auto-recompile
[2017.02.26-16.43.55:103][504]LogPlayLevel: [PlayLevel] Compiling BattleHUD before play...
[2017.02.26-16.43.55:193][504]LogPlayLevel: PlayLevel: Blueprint regeneration took 88 ms (1 blueprints)
[2017.02.26-16.43.55:226][504]PIE: New page: PIE session: NewMap (Feb 26, 2017, 6:43:55 AM)
[2017.02.26-16.43.55:226][504]LogPlayLevel: Creating play world package: /Game/Maps-Levels/UEDPIE_0_NewMap
[2017.02.26-16.43.55:227][504]LogPlayLevel: PIE: StaticDuplicateObject took: (0.001598s)
[2017.02.26-16.43.55:228][504]LogAIModule: Creating AISystem for world NewMap
[2017.02.26-16.43.55:228][504]LogPlayLevel: PIE: World Init took: (0.000689s)
[2017.02.26-16.43.55:228][504]LogPlayLevel: PIE: Created PIE world by copying editor world from /Game/Maps-Levels/NewMap.NewMap to /Game/Maps-Levels/UEDPIE_0_NewMap.NewMap (0.002518s)
[2017.02.26-16.43.55:255][504]LogInit: XAudio2 using 'Speakers (Realtek High Definition Audio)' : 2 channels at 44.1 kHz using 16 bits per sample (channel mask 0x3)
[2017.02.26-16.43.55:264][504]LogInit: FAudioDevice initialized.
[2017.02.26-16.43.55:344][504]LogLoad: Game class is 'abyssGameMode_C'
[2017.02.26-16.43.55:346][504]LogWorld: Bringing World /Game/Maps-Levels/UEDPIE_0_NewMap.NewMap up for play (max tick rate 60) at 2017.02.26-11.43.55
[2017.02.26-16.43.55:346][504]LogWorld: Bringing up level for play took: 0.000764
[2017.02.26-16.43.55:380][504]LogContentBrowser: Native class hierarchy updated for 'MovieSceneCapture' in 0.0005 seconds. Added 11 classes and 0 folders.
[2017.02.26-16.43.55:409][504]PIE: Info Play in editor start time for /Game/Maps-Levels/UEDPIE_0_NewMap 0.354
[2017.02.26-16.45.20:163][527]LogWindowsTextInputMethodSystem:Display: IME system now deactivated.
[2017.02.26-16.45.20:355][528]Cmd: QUIT_EDITOR
[2017.02.26-16.45.21:191][528]LogExit: Preparing to exit.
[2017.02.26-16.45.22:112][528]LogDirectoryWatcher: A directory notification for 'C:/Users/Braden/Documents/GitHub/ChimeraGames/Abyss/Content/' was aborted.
[2017.02.26-16.45.22:158][528]LogExit: Editor shut down
[2017.02.26-16.45.22:158][528]LogExit: Transaction tracking system shut down
[2017.02.26-16.45.22:258][528]LogObj: Freed 0b from 0 cluster array pools.
[2017.02.26-16.45.22:259][528]LogExit: Object subsystem successfully closed.
[2017.02.26-16.45.22:279][528]LogD3D11RHI: Shutdown
[2017.02.26-16.45.22:279][528]LogD3D11RHI: CleanupD3DDevice
[2017.02.26-16.45.22:325][528]LogD3D11RHI: ~FD3D11DynamicRHI
[2017.02.26-16.45.22:337][528]LogHttp:Display: Http module shutting down, but needs to wait on 1 outstanding Http requests:
[2017.02.26-16.45.22:337][528]LogHttp:Display: 	verb=[POST] url=[https://datarouter.ol.epicgames.com/datarouter/api/v1/public/data?SessionID=%7BF259F4F4-499B-A273-DA67-A3A616706F9E%7D&AppID=UEEditor.Rocket.Release&AppVersion=4.14.3-3249277%2B%2B%2BUE4%2BRelease-4.14&UserID=bcab204c4eba50f4cbc298a0a41b2c7b%7C19b914fd1bf446109fa5a9d924e5dd7a%7C388d880e-e76b-426c-9d5d-4ed7ee87f56f&AppEnvironment=datacollector-binary&UploadType=eteventstream] status=Processing
[2017.02.26-16.45.22:368][528]LogModuleManager: Shutting down and abandoning module MovieSceneCapture (246)
[2017.02.26-16.45.22:368][528]LogModuleManager: Shutting down and abandoning module TextureEditor (245)
[2017.02.26-16.45.22:368][528]LogModuleManager: Shutting down and abandoning module SequencerWidgets (244)
[2017.02.26-16.45.22:368][528]LogModuleManager: Shutting down and abandoning module BlueprintGraph (243)
[2017.02.26-16.45.22:368][528]LogModuleManager: Shutting down and abandoning module BlueprintProfiler (242)
[2017.02.26-16.45.22:368][528]LogModuleManager: Shutting down and abandoning module HierarchicalLODOutliner (241)
[2017.02.26-16.45.22:368][528]LogModuleManager: Shutting down and abandoning module CrashTracker (240)
[2017.02.26-16.45.22:368][528]LogModuleManager: Shutting down and abandoning module SceneOutliner (239)
[2017.02.26-16.45.22:368][528]LogModuleManager: Shutting down and abandoning module WidgetCarousel (238)
[2017.02.26-16.45.22:368][528]LogModuleManager: Shutting down and abandoning module AddContentDialog (237)
[2017.02.26-16.45.22:368][528]LogDirectoryWatcher: A directory notification for 'C:/Program Files/Epic Games/UE_4.14/FeaturePacks/' was aborted.
[2017.02.26-16.45.22:369][528]LogModuleManager: Shutting down and abandoning module GameplayTags (236)
[2017.02.26-16.45.22:369][528]LogModuleManager: Shutting down and abandoning module EditorWidgets (235)
[2017.02.26-16.45.22:369][528]LogModuleManager: Shutting down and abandoning module CollectionManager (234)
[2017.02.26-16.45.22:370][528]LogDirectoryWatcher: A directory notification for 'C:/Users/Braden/Documents/GitHub/ChimeraGames/Abyss/Content/Collections/' was aborted.
[2017.02.26-16.45.22:370][528]LogDirectoryWatcher: A directory notification for 'C:/Users/Braden/Documents/GitHub/ChimeraGames/Abyss/Content/Developers/Braden/Collections/' was aborted.
[2017.02.26-16.45.22:370][528]LogDirectoryWatcher: A directory notification for 'C:/Users/Braden/Documents/GitHub/ChimeraGames/Abyss/Saved/Collections/' was aborted.
[2017.02.26-16.45.22:370][528]LogModuleManager: Shutting down and abandoning module StatsViewer (233)
[2017.02.26-16.45.22:370][528]LogModuleManager: Shutting down and abandoning module FoliageEdit (232)
[2017.02.26-16.45.22:370][528]LogModuleManager: Shutting down and abandoning module LandscapeEditor (231)
[2017.02.26-16.45.22:370][528]LogModuleManager: Shutting down and abandoning module SceneDepthPickerMode (230)
[2017.02.26-16.45.22:370][528]LogModuleManager: Shutting down and abandoning module ActorPickerMode (229)
[2017.02.26-16.45.22:370][528]LogModuleManager: Shutting down and abandoning module GeometryMode (228)
[2017.02.26-16.45.22:370][528]LogModuleManager: Shutting down and abandoning module TextureAlignMode (227)
[2017.02.26-16.45.22:370][528]LogModuleManager: Shutting down and abandoning module BspMode (226)
[2017.02.26-16.45.22:370][528]LogModuleManager: Shutting down and abandoning module HardwareSurvey (225)
[2017.02.26-16.45.22:370][528]LogModuleManager: Shutting down and abandoning module SequenceRecorderSections (224)
[2017.02.26-16.45.22:370][528]LogModuleManager: Shutting down and abandoning module AutomationWorker (223)
[2017.02.26-16.45.22:370][528]LogModuleManager: Shutting down and abandoning module MatineeToLevelSequence (222)
[2017.02.26-16.45.22:370][528]LogModuleManager: Shutting down and abandoning module PlacementMode (221)
[2017.02.26-16.45.22:371][528]LogModuleManager: Shutting down and abandoning module LevelSequenceEditor (220)
[2017.02.26-16.45.22:371][528]LogModuleManager: Shutting down and abandoning module WmfMediaFactory (219)
[2017.02.26-16.45.22:371][528]LogModuleManager: Shutting down and abandoning module WmfMediaEditor (218)
[2017.02.26-16.45.22:371][528]LogModuleManager: Shutting down and abandoning module AvfMediaFactory (217)
[2017.02.26-16.45.22:371][528]LogModuleManager: Shutting down and abandoning module AvfMediaEditor (216)
[2017.02.26-16.45.22:371][528]LogModuleManager: Shutting down and abandoning module Media (215)
[2017.02.26-16.45.22:371][528]LogModuleManager: Shutting down and abandoning module AndroidMediaFactory (214)
[2017.02.26-16.45.22:371][528]LogModuleManager: Shutting down and abandoning module AndroidMediaEditor (213)
[2017.02.26-16.45.22:371][528]LogModuleManager: Shutting down and abandoning module CharacterAI (212)
[2017.02.26-16.45.22:371][528]LogModuleManager: Shutting down and abandoning module SequenceRecorder (211)
[2017.02.26-16.45.22:371][528]LogModuleManager: Shutting down and abandoning module AudioCapture (210)
[2017.02.26-16.45.22:371][528]LogModuleManager: Shutting down and abandoning module SmartSnapping (209)
[2017.02.26-16.45.22:371][528]LogModuleManager: Shutting down and abandoning module SessionServices (208)
[2017.02.26-16.45.22:371][528]LogModuleManager: Shutting down and abandoning module ViewportSnapping (207)
[2017.02.26-16.45.22:371][528]LogModuleManager: Shutting down and abandoning module ViewportInteraction (206)
[2017.02.26-16.45.22:371][528]LogModuleManager: Shutting down and abandoning module LogVisualizer (205)
[2017.02.26-16.45.22:371][528]LogModuleManager: Shutting down and abandoning module GameProjectGeneration (204)
[2017.02.26-16.45.22:371][528]LogModuleManager: Shutting down and abandoning module IntroTutorials (203)
[2017.02.26-16.45.22:371][528]LogModuleManager: Shutting down and abandoning module EditorLiveStreaming (202)
[2017.02.26-16.45.22:371][528]LogModuleManager: Shutting down and abandoning module IOSPlatformEditor (201)
[2017.02.26-16.45.22:371][528]LogModuleManager: Shutting down and abandoning module HTML5PlatformEditor (200)
[2017.02.26-16.45.22:371][528]LogModuleManager: Shutting down and abandoning module AndroidDeviceDetection (199)
[2017.02.26-16.45.23:228][528]LogModuleManager: Shutting down and abandoning module AndroidPlatformEditor (198)
[2017.02.26-16.45.23:228][528]LogModuleManager: Shutting down and abandoning module IOSRuntimeSettings (197)
[2017.02.26-16.45.23:228][528]LogModuleManager: Shutting down and abandoning module AndroidRuntimeSettings (196)
[2017.02.26-16.45.23:228][528]LogModuleManager: Shutting down and abandoning module InputBindingEditor (195)
[2017.02.26-16.45.23:228][528]LogModuleManager: Shutting down and abandoning module NiagaraEditor (194)
[2017.02.26-16.45.23:228][528]LogModuleManager: Shutting down and abandoning module MergeActors (193)
[2017.02.26-16.45.23:228][528]LogModuleManager: Shutting down and abandoning module SizeMap (192)
[2017.02.26-16.45.23:228][528]LogModuleManager: Shutting down and abandoning module TreeMap (191)
[2017.02.26-16.45.23:228][528]LogModuleManager: Shutting down and abandoning module ReferenceViewer (190)
[2017.02.26-16.45.23:228][528]LogModuleManager: Shutting down and abandoning module LocalizationService (189)
[2017.02.26-16.45.23:228][528]LogModuleManager: Shutting down and abandoning module LocalizationDashboard (188)
[2017.02.26-16.45.23:228][528]LogModuleManager: Shutting down and abandoning module HardwareTargeting (187)
[2017.02.26-16.45.23:228][528]LogModuleManager: Shutting down and abandoning module DeviceProfileEditor (186)
[2017.02.26-16.45.23:228][528]LogModuleManager: Shutting down and abandoning module UndoHistory (185)
[2017.02.26-16.45.23:228][528]LogModuleManager: Shutting down and abandoning module UserFeedback (184)
[2017.02.26-16.45.23:228][528]LogModuleManager: Shutting down and abandoning module XmlParser (183)
[2017.02.26-16.45.23:229][528]LogModuleManager: Shutting down and abandoning module Blutility (182)
[2017.02.26-16.45.23:229][528]LogModuleManager: Shutting down and abandoning module ProjectTargetPlatformEditor (181)
[2017.02.26-16.45.23:229][528]LogModuleManager: Shutting down and abandoning module ProjectSettingsViewer (180)
[2017.02.26-16.45.23:229][528]LogModuleManager: Shutting down and abandoning module EditorSettingsViewer (179)
[2017.02.26-16.45.23:229][528]LogModuleManager: Shutting down and abandoning module SettingsEditor (178)
[2017.02.26-16.45.23:229][528]LogModuleManager: Shutting down and abandoning module ProjectLauncher (177)
[2017.02.26-16.45.23:229][528]LogModuleManager: Shutting down and abandoning module SessionFrontend (176)
[2017.02.26-16.45.23:229][528]LogModuleManager: Shutting down and abandoning module ProfilerClient (175)
[2017.02.26-16.45.23:229][528]LogModuleManager: Shutting down and abandoning module TargetDeviceServices (174)
[2017.02.26-16.45.23:229][528]LogModuleManager: Shutting down and abandoning module DeviceManager (173)
[2017.02.26-16.45.23:272][528]LogModuleManager: Shutting down and abandoning module AutomationController (172)
[2017.02.26-16.45.23:272][528]LogModuleManager: Shutting down and abandoning module AutomationWindow (171)
[2017.02.26-16.45.23:272][528]LogModuleManager: Shutting down and abandoning module Layers (170)
[2017.02.26-16.45.23:272][528]LogModuleManager: Shutting down and abandoning module ComponentVisualizers (169)
[2017.02.26-16.45.23:272][528]LogModuleManager: Shutting down and abandoning module DetailCustomizations (168)
[2017.02.26-16.45.23:272][528]LogModuleManager: Shutting down and abandoning module PackagesDialog (167)
[2017.02.26-16.45.23:272][528]LogModuleManager: Shutting down and abandoning module AnimGraph (166)
[2017.02.26-16.45.23:272][528]LogModuleManager: Shutting down and abandoning module Persona (165)
[2017.02.26-16.45.23:272][528]LogModuleManager: Shutting down and abandoning module Kismet (164)
[2017.02.26-16.45.23:281][528]LogModuleManager: Shutting down and abandoning module GraphEditor (163)
[2017.02.26-16.45.23:281][528]LogModuleManager: Shutting down and abandoning module ClassViewer (162)
[2017.02.26-16.45.23:281][528]LogModuleManager: Shutting down and abandoning module Toolbox (161)
[2017.02.26-16.45.23:281][528]LogModuleManager: Shutting down and abandoning module ModuleUI (160)
[2017.02.26-16.45.23:281][528]LogModuleManager: Shutting down and abandoning module MovieSceneTools (159)
[2017.02.26-16.45.23:281][528]LogModuleManager: Shutting down and abandoning module OutputLog (158)
[2017.02.26-16.45.23:281][528]LogModuleManager: Shutting down and abandoning module GammaUI (157)
[2017.02.26-16.45.23:281][528]LogModuleManager: Shutting down and abandoning module Documentation (156)
[2017.02.26-16.45.23:281][528]LogModuleManager: Shutting down and abandoning module Niagara (155)
[2017.02.26-16.45.23:281][528]LogModuleManager: Shutting down and abandoning module StreamingPauseRendering (154)
[2017.02.26-16.45.23:281][528]LogModuleManager: Shutting down and abandoning module AnalyticsET (153)
[2017.02.26-16.45.23:281][528]LogModuleManager: Shutting down and abandoning module PortalServices (152)
[2017.02.26-16.45.23:281][528]LogModuleManager: Shutting down and abandoning module PortalRpc (151)
[2017.02.26-16.45.23:281][528]LogModuleManager: Shutting down and abandoning module MessagingRpc (150)
[2017.02.26-16.45.23:281][528]LogModuleManager: Shutting down and abandoning module GameplayDebugger (149)
[2017.02.26-16.45.23:281][528]LogModuleManager: Shutting down and abandoning module AITestSuite (148)
[2017.02.26-16.45.23:281][528]LogModuleManager: Shutting down and abandoning module AIModule (147)
[2017.02.26-16.45.23:281][528]LogModuleManager: Shutting down and abandoning module ProfilerService (146)
[2017.02.26-16.45.23:514][528]LogModuleManager: Shutting down and abandoning module TaskGraph (145)
[2017.02.26-16.45.23:514][528]LogModuleManager: Shutting down and abandoning module SlateRemote (144)
[2017.02.26-16.45.23:514][528]LogModuleManager: Shutting down and abandoning module SteamVRController (143)
[2017.02.26-16.45.23:514][528]LogModuleManager: Shutting down and abandoning module SteamVR (142)
[2017.02.26-16.45.23:514][528]LogModuleManager: Shutting down and abandoning module ProceduralMeshComponentEditor (141)
[2017.02.26-16.45.23:514][528]LogModuleManager: Shutting down and abandoning module ProceduralMeshComponent (140)
[2017.02.26-16.45.23:514][528]LogModuleManager: Shutting down and abandoning module OculusLibrary (139)
[2017.02.26-16.45.23:514][528]LogModuleManager: Shutting down and abandoning module OculusInput (138)
[2017.02.26-16.45.23:514][528]LogModuleManager: Shutting down and abandoning module MobilePatchingUtils (137)
[2017.02.26-16.45.23:514][528]LogModuleManager: Shutting down and abandoning module CustomMeshComponent (136)
[2017.02.26-16.45.23:514][528]LogModuleManager: Shutting down and abandoning module CableComponent (135)
[2017.02.26-16.45.23:514][528]LogModuleManager: Shutting down and abandoning module ArchVisCharacter (134)
[2017.02.26-16.45.23:514][528]LogModuleManager: Shutting down and abandoning module MediaPlayerEditor (132)
[2017.02.26-16.45.23:514][528]LogModuleManager: Shutting down and abandoning module HTML5Networking (131)
[2017.02.26-16.45.23:514][528]LogModuleManager: Shutting down and abandoning module GeometryCacheEd (130)
[2017.02.26-16.45.23:514][528]LogModuleManager: Shutting down and abandoning module GeometryCache (129)
[2017.02.26-16.45.23:514][528]LogModuleManager: Shutting down and abandoning module AlembicLibrary (128)
[2017.02.26-16.45.23:514][528]LogModuleManager: Shutting down and abandoning module AlembicImporter (127)
[2017.02.26-16.45.23:514][528]LogModuleManager: Shutting down and abandoning module SuperSearch (126)
[2017.02.26-16.45.23:514][528]LogModuleManager: Shutting down and abandoning module SuperSearchEditor (125)
[2017.02.26-16.45.23:514][528]LogModuleManager: Shutting down and abandoning module SpeedTreeImporter (124)
[2017.02.26-16.45.23:514][528]LogModuleManager: Shutting down and abandoning module PluginBrowser (123)
[2017.02.26-16.45.23:514][528]LogModuleManager: Shutting down and abandoning module MobileLauncherProfileWizard (122)
[2017.02.26-16.45.23:514][528]LogModuleManager: Shutting down and abandoning module EpicSurvey (121)
[2017.02.26-16.45.23:514][528]LogModuleManager: Shutting down and abandoning module DesktopPlatform (120)
[2017.02.26-16.45.23:514][528]LogModuleManager: Shutting down and abandoning module VisualStudioSourceCodeAccess (119)
[2017.02.26-16.45.23:514][528]LogModuleManager: Shutting down and abandoning module UObjectPlugin (118)
[2017.02.26-16.45.23:514][528]LogModuleManager: Shutting down and abandoning module SubversionSourceControl (117)
[2017.02.26-16.45.23:515][528]LogModuleManager: Shutting down and abandoning module PerforceSourceControl (116)
[2017.02.26-16.45.23:515][528]LogModuleManager: Shutting down and abandoning module SourceControl (115)
[2017.02.26-16.45.23:515][528]LogModuleManager: Shutting down and abandoning module GitSourceControl (114)
[2017.02.26-16.45.23:515][528]LogModuleManager: Shutting down and abandoning module LightPropagationVolumeEditor (113)
[2017.02.26-16.45.23:515][528]LogModuleManager: Shutting down and abandoning module PaperTiledImporter (112)
[2017.02.26-16.45.23:515][528]LogModuleManager: Shutting down and abandoning module PaperSpriteSheetImporter (111)
[2017.02.26-16.45.23:515][528]LogModuleManager: Shutting down and abandoning module MeshPaint (110)
[2017.02.26-16.45.23:515][528]LogModuleManager: Shutting down and abandoning module PixelInspectorModule (109)
[2017.02.26-16.45.23:515][528]LogModuleManager: Shutting down and abandoning module HotReload (108)
[2017.02.26-16.45.23:515][528]LogModuleManager: Shutting down and abandoning module MainFrame (107)
[2017.02.26-16.45.23:515][528]LogModuleManager: Shutting down and abandoning module LevelEditor (106)
[2017.02.26-16.45.23:516][528]LogModuleManager: Shutting down and abandoning module ContentBrowser (105)
[2017.02.26-16.45.23:517][528]LogModuleManager: Shutting down and abandoning module Paper2DEditor (104)
[2017.02.26-16.45.23:517][528]LogModuleManager: Shutting down and abandoning module UdpMessaging (103)
[2017.02.26-16.45.23:617][528]LogModuleManager: Shutting down and abandoning module TcpMessaging (102)
[2017.02.26-16.45.23:718][528]LogModuleManager: Shutting down and abandoning module LightPropagationVolumeRuntime (101)
[2017.02.26-16.45.23:718][528]LogModuleManager: Shutting down and abandoning module Paper2D (100)
[2017.02.26-16.45.23:718][528]LogModuleManager: Shutting down and abandoning module WindowsMoviePlayer (99)
[2017.02.26-16.45.23:718][528]LogModuleManager: Shutting down and abandoning module WmfMedia (98)
[2017.02.26-16.45.23:718][528]LogModuleManager: Shutting down and abandoning module MediaAssets (97)
[2017.02.26-16.45.23:718][528]LogModuleManager: Shutting down and abandoning module GameLiveStreaming (96)
[2017.02.26-16.45.23:718][528]LogModuleManager: Shutting down and abandoning module GameplayTagsEditor (95)
[2017.02.26-16.45.23:718][528]LogModuleManager: Shutting down and abandoning module VREditor (94)
[2017.02.26-16.45.23:718][528]LogModuleManager: Shutting down and abandoning module GameplayTasksEditor (93)
[2017.02.26-16.45.23:718][528]LogModuleManager: Shutting down and abandoning module BehaviorTreeEditor (92)
[2017.02.26-16.45.23:718][528]LogModuleManager: Shutting down and abandoning module FunctionalTesting (91)
[2017.02.26-16.45.23:718][528]LogModuleManager: Shutting down and abandoning module CollisionAnalyzer (90)
[2017.02.26-16.45.23:718][528]LogModuleManager: Shutting down and abandoning module Sequencer (89)
[2017.02.26-16.45.23:718][528]LogModuleManager: Shutting down and abandoning module WorkspaceMenuStructure (88)
[2017.02.26-16.45.23:718][528]LogModuleManager: Shutting down and abandoning module MessageLog (87)
[2017.02.26-16.45.23:718][528]LogModuleManager: Shutting down and abandoning module AssetTools (86)
[2017.02.26-16.45.23:718][528]LogModuleManager: Shutting down and abandoning module UMGEditor (85)
[2017.02.26-16.45.23:718][528]LogModuleManager: Shutting down and abandoning module UMG (84)
[2017.02.26-16.45.23:718][528]LogModuleManager: Shutting down and abandoning module SlateReflector (83)
[2017.02.26-16.45.23:718][528]LogModuleManager: Shutting down and abandoning module Slate (82)
[2017.02.26-16.45.23:718][528]LogModuleManager: Shutting down and abandoning module EditorStyle (81)
[2017.02.26-16.45.23:720][528]LogModuleManager: Shutting down and abandoning module SourceCodeAccess (80)
[2017.02.26-16.45.23:720][528]LogModuleManager: Shutting down and abandoning module HeadMountedDisplay (79)
[2017.02.26-16.45.23:720][528]LogModuleManager: Shutting down and abandoning module XAudio2 (78)
[2017.02.26-16.45.23:720][528]LogModuleManager: Shutting down and abandoning module Networking (76)
[2017.02.26-16.45.23:720][528]LogModuleManager: Shutting down and abandoning module Core (75)
[2017.02.26-16.45.23:720][528]LogModuleManager: Shutting down and abandoning module DirectoryWatcher (74)
[2017.02.26-16.45.23:720][528]LogDirectoryWatcher: A directory notification for '../../../Engine/Content/' was aborted.
[2017.02.26-16.45.23:721][528]LogDirectoryWatcher: A directory notification for '../../../../../../Users/Braden/Documents/GitHub/ChimeraGames/Abyss/Content/' was aborted.
[2017.02.26-16.45.23:721][528]LogDirectoryWatcher: A directory notification for '../../../Engine/Plugins/2D/Paper2D/Content/' was aborted.
[2017.02.26-16.45.23:721][528]LogModuleManager: Shutting down and abandoning module AssetRegistry (73)
[2017.02.26-16.45.23:794][528]LogModuleManager: Shutting down and abandoning module KismetCompiler (72)
[2017.02.26-16.45.23:794][528]LogModuleManager: Shutting down and abandoning module PhysXFormats (71)
[2017.02.26-16.45.23:794][528]LogModuleManager: Shutting down and abandoning module SimplygonSwarm (70)
[2017.02.26-16.45.23:794][528]LogModuleManager: Shutting down and abandoning module SimplygonMeshReduction (69)
[2017.02.26-16.45.23:794][528]LogModuleManager: Shutting down and abandoning module QuadricMeshReduction (68)
[2017.02.26-16.45.23:794][528]LogModuleManager: Shutting down and abandoning module PropertyEditor (67)
[2017.02.26-16.45.23:829][528]LogModuleManager: Shutting down and abandoning module MeshUtilities (66)
[2017.02.26-16.45.23:829][528]LogModuleManager: Shutting down and abandoning module DerivedDataCache (65)
[2017.02.26-16.45.23:849][528]LogDerivedDataCache: Shutdown
[2017.02.26-16.45.23:849][528]LogModuleManager: Shutting down and abandoning module VulkanShaderFormat (64)
[2017.02.26-16.45.23:849][528]LogModuleManager: Shutting down and abandoning module ShaderFormatOpenGL (63)
[2017.02.26-16.45.23:849][528]LogModuleManager: Shutting down and abandoning module ShaderFormatD3D (62)
[2017.02.26-16.45.23:849][528]LogModuleManager: Shutting down and abandoning module MetalShaderFormat (61)
[2017.02.26-16.45.23:849][528]LogModuleManager: Shutting down and abandoning module TextureFormatUncompressed (60)
[2017.02.26-16.45.23:849][528]LogModuleManager: Shutting down and abandoning module TextureFormatPVR (59)
[2017.02.26-16.45.23:849][528]LogModuleManager: Shutting down and abandoning module TextureFormatDXT (58)
[2017.02.26-16.45.23:849][528]LogModuleManager: Shutting down and abandoning module TextureFormatIntelISPCTexComp (57)
[2017.02.26-16.45.23:849][528]LogModuleManager: Shutting down and abandoning module ImageWrapper (56)
[2017.02.26-16.45.23:849][528]LogModuleManager: Shutting down and abandoning module TextureFormatASTC (55)
[2017.02.26-16.45.23:849][528]LogModuleManager: Shutting down and abandoning module TextureFormatAndroid (54)
[2017.02.26-16.45.23:849][528]LogModuleManager: Shutting down and abandoning module AudioFormatOpus (53)
[2017.02.26-16.45.23:849][528]LogModuleManager: Shutting down and abandoning module AudioFormatOgg (52)
[2017.02.26-16.45.23:849][528]LogModuleManager: Shutting down and abandoning module AudioFormatADPCM (51)
[2017.02.26-16.45.23:849][528]LogModuleManager: Shutting down and abandoning module LinuxTargetPlatform (50)
[2017.02.26-16.45.23:849][528]LogModuleManager: Shutting down and abandoning module LinuxServerTargetPlatform (49)
[2017.02.26-16.45.23:849][528]LogModuleManager: Shutting down and abandoning module LinuxNoEditorTargetPlatform (48)
[2017.02.26-16.45.23:849][528]LogModuleManager: Shutting down and abandoning module LinuxClientTargetPlatform (47)
[2017.02.26-16.45.23:849][528]LogModuleManager: Shutting down and abandoning module TVOSTargetPlatform (46)
[2017.02.26-16.45.23:849][528]LogModuleManager: Shutting down and abandoning module Messaging (45)
[2017.02.26-16.45.23:849][528]LogModuleManager: Shutting down and abandoning module IOSTargetPlatform (44)
[2017.02.26-16.45.23:849][528]LogModuleManager: Shutting down and abandoning module HTML5TargetPlatform (43)
[2017.02.26-16.45.23:850][528]LogModuleManager: Shutting down and abandoning module Android_PVRTCTargetPlatform (42)
[2017.02.26-16.45.23:850][528]LogModuleManager: Shutting down and abandoning module Android_MultiTargetPlatform (41)
[2017.02.26-16.45.23:850][528]LogModuleManager: Shutting down and abandoning module Android_ETC2TargetPlatform (40)
[2017.02.26-16.45.23:850][528]LogModuleManager: Shutting down and abandoning module Android_ETC1TargetPlatform (39)
[2017.02.26-16.45.23:850][528]LogModuleManager: Shutting down and abandoning module Android_DXTTargetPlatform (38)
[2017.02.26-16.45.23:850][528]LogModuleManager: Shutting down and abandoning module Android_ATCTargetPlatform (37)
[2017.02.26-16.45.23:850][528]LogModuleManager: Shutting down and abandoning module Android_ASTCTargetPlatform (36)
[2017.02.26-16.45.23:850][528]LogModuleManager: Shutting down and abandoning module AndroidTargetPlatform (35)
[2017.02.26-16.45.23:850][528]LogModuleManager: Shutting down and abandoning module WindowsTargetPlatform (34)
[2017.02.26-16.45.23:850][528]LogModuleManager: Shutting down and abandoning module WindowsServerTargetPlatform (33)
[2017.02.26-16.45.23:850][528]LogModuleManager: Shutting down and abandoning module WindowsNoEditorTargetPlatform (32)
[2017.02.26-16.45.23:850][528]LogModuleManager: Shutting down and abandoning module WindowsClientTargetPlatform (31)
[2017.02.26-16.45.23:850][528]LogModuleManager: Shutting down and abandoning module MacTargetPlatform (30)
[2017.02.26-16.45.23:850][528]LogModuleManager: Shutting down and abandoning module MacServerTargetPlatform (29)
[2017.02.26-16.45.23:850][528]LogModuleManager: Shutting down and abandoning module MacNoEditorTargetPlatform (28)
[2017.02.26-16.45.23:850][528]LogModuleManager: Shutting down and abandoning module MacClientTargetPlatform (27)
[2017.02.26-16.45.23:850][528]LogModuleManager: Shutting down and abandoning module AllDesktopTargetPlatform (26)
[2017.02.26-16.45.23:850][528]LogModuleManager: Shutting down and abandoning module TargetPlatform (25)
[2017.02.26-16.45.23:850][528]LogModuleManager: Shutting down and abandoning module InputCore (24)
[2017.02.26-16.45.23:850][528]LogModuleManager: Shutting down and abandoning module Settings (23)
[2017.02.26-16.45.23:850][528]LogModuleManager: Shutting down and abandoning module OculusRift (22)
[2017.02.26-16.45.23:850][528]LogModuleManager: Shutting down and abandoning module ExampleDeviceProfileSelector (21)
[2017.02.26-16.45.23:850][528]LogModuleManager: Shutting down and abandoning module OnlineBlueprintSupport (20)
[2017.02.26-16.45.23:850][528]LogModuleManager: Shutting down and abandoning module OnlineSubsystem (18)
[2017.02.26-16.45.23:850][528]LogOnline:Display: Unloading online subsystem: NULL
[2017.02.26-16.45.23:850][528]LogModuleManager: Shutting down and abandoning module SSL (17)
[2017.02.26-16.45.23:851][528]LogModuleManager: Shutting down and abandoning module HTTP (16)
[2017.02.26-16.45.23:851][528]LogModuleManager: Shutting down and abandoning module XMPP (15)
[2017.02.26-16.45.23:851][528]LogModuleManager: Shutting down and abandoning module TextureCompressor (14)
[2017.02.26-16.45.23:851][528]LogModuleManager: Shutting down and abandoning module ShaderCore (13)
[2017.02.26-16.45.23:851][528]LogModuleManager: Shutting down and abandoning module Landscape (12)
[2017.02.26-16.45.23:851][528]LogModuleManager: Shutting down and abandoning module SlateRHIRenderer (11)
[2017.02.26-16.45.23:853][528]LogModuleManager: Shutting down and abandoning module OpenGLDrv (10)
[2017.02.26-16.45.23:853][528]LogModuleManager: Shutting down and abandoning module D3D11RHI (9)
[2017.02.26-16.45.23:853][528]LogModuleManager: Shutting down and abandoning module AnimGraphRuntime (8)
[2017.02.26-16.45.23:853][528]LogModuleManager: Shutting down and abandoning module Renderer (7)
[2017.02.26-16.45.23:853][528]LogModuleManager: Shutting down and abandoning module Engine (6)
[2017.02.26-16.45.23:853][528]LogModuleManager: Shutting down and abandoning module CoreUObject (5)
[2017.02.26-16.45.23:853][528]LogModuleManager: Shutting down and abandoning module NetworkFile (4)
[2017.02.26-16.45.23:853][528]LogModuleManager: Shutting down and abandoning module StreamingFile (3)
[2017.02.26-16.45.23:853][528]LogModuleManager: Shutting down and abandoning module SandboxFile (2)
[2017.02.26-16.45.23:853][528]LogModuleManager: Shutting down and abandoning module PakFile (1)
[2017.02.26-16.45.23:856][528]LogExit: Exiting.
[2017.02.26-16.45.23:871][528]Log file closed, 02/26/17 11:45:23
