Log file open, 02/26/17 20:12:08
LogInit:Display: Running engine for game: Abyss
LogPlatformFile: Not using cached read wrapper
LogInit:Display: RandInit(764748591) SRandInit(764748591).
LogTaskGraph: Started task graph with 5 named threads and 8 total threads with 1 sets of task threads.
LogStats: Stats thread started at 0.101993
LogPluginManager: Loaded Plugin Paper2D, From D:/UE4/UE_4.14/Engine/Plugins/2D/Paper2D/Paper2D.uplugin
LogPluginManager: Loaded Plugin LightPropagationVolume, From D:/UE4/UE_4.14/Engine/Plugins/Blendables/LightPropagationVolume/LightPropagationVolume.uplugin
LogPluginManager: Loaded Plugin BlankPlugin, From D:/UE4/UE_4.14/Engine/Plugins/Developer/BlankPlugin/BlankPlugin.uplugin
LogPluginManager: Loaded Plugin CodeLiteSourceCodeAccess, From D:/UE4/UE_4.14/Engine/Plugins/Developer/CodeLiteSourceCodeAccess/CodeLiteSourceCodeAccess.uplugin
LogPluginManager: Loaded Plugin GitSourceControl, From D:/UE4/UE_4.14/Engine/Plugins/Developer/GitSourceControl/GitSourceControl.uplugin
LogPluginManager: Loaded Plugin KDevelopSourceCodeAccess, From D:/UE4/UE_4.14/Engine/Plugins/Developer/KDevelopSourceCodeAccess/KDevelopSourceCodeAccess.uplugin
LogPluginManager: Loaded Plugin NullSourceCodeAccess, From D:/UE4/UE_4.14/Engine/Plugins/Developer/NullSourceCodeAccess/NullSourceCodeAccess.uplugin
LogPluginManager: Loaded Plugin OneSkyLocalizationService, From D:/UE4/UE_4.14/Engine/Plugins/Developer/OneSkyLocalizationService/OneSkyLocalizationService.uplugin
LogPluginManager: Loaded Plugin PerforceSourceControl, From D:/UE4/UE_4.14/Engine/Plugins/Developer/PerforceSourceControl/PerforceSourceControl.uplugin
LogPluginManager: Loaded Plugin SubversionSourceControl, From D:/UE4/UE_4.14/Engine/Plugins/Developer/SubversionSourceControl/SubversionSourceControl.uplugin
LogPluginManager: Loaded Plugin UObjectPlugin, From D:/UE4/UE_4.14/Engine/Plugins/Developer/UObjectPlugin/UObjectPlugin.uplugin
LogPluginManager: Loaded Plugin VisualStudioSourceCodeAccess, From D:/UE4/UE_4.14/Engine/Plugins/Developer/VisualStudioSourceCodeAccess/VisualStudioSourceCodeAccess.uplugin
LogPluginManager: Loaded Plugin XCodeSourceCodeAccess, From D:/UE4/UE_4.14/Engine/Plugins/Developer/XCodeSourceCodeAccess/XCodeSourceCodeAccess.uplugin
LogPluginManager: Loaded Plugin AudioCapture, From D:/UE4/UE_4.14/Engine/Plugins/Editor/AudioCapture/AudioCapture.uplugin
LogPluginManager: Loaded Plugin EpicSurvey, From D:/UE4/UE_4.14/Engine/Plugins/Editor/EpicSurvey/EpicSurvey.uplugin
LogPluginManager: Loaded Plugin MacGraphicsSwitching, From D:/UE4/UE_4.14/Engine/Plugins/Editor/MacGraphicsSwitching/MacGraphicsSwitching.uplugin
LogPluginManager: Loaded Plugin MobileLauncherProfileWizard, From D:/UE4/UE_4.14/Engine/Plugins/Editor/MobileLauncherProfileWizard/MobileLauncherProfileWizard.uplugin
LogPluginManager: Loaded Plugin PluginBrowser, From D:/UE4/UE_4.14/Engine/Plugins/Editor/PluginBrowser/PluginBrowser.uplugin
LogPluginManager: Loaded Plugin SpeedTreeImporter, From D:/UE4/UE_4.14/Engine/Plugins/Editor/SpeedTreeImporter/SpeedTreeImporter.uplugin
LogPluginManager: Loaded Plugin SuperSearchEditor, From D:/UE4/UE_4.14/Engine/Plugins/Editor/SuperSearchEditor/SuperSearchEditor.uplugin
LogPluginManager: Loaded Plugin AlembicImporter, From D:/UE4/UE_4.14/Engine/Plugins/Experimental/AlembicImporter/AlembicImporter.uplugin
LogPluginManager: Loaded Plugin BlueprintStats, From D:/UE4/UE_4.14/Engine/Plugins/Experimental/BlueprintStats/BlueprintStats.uplugin
LogPluginManager: Loaded Plugin CharacterAI, From D:/UE4/UE_4.14/Engine/Plugins/Experimental/CharacterAI/CharacterAI.uplugin
LogPluginManager: Loaded Plugin CodeEditor, From D:/UE4/UE_4.14/Engine/Plugins/Experimental/CodeEditor/CodeEditor.uplugin
LogPluginManager: Loaded Plugin CodeView, From D:/UE4/UE_4.14/Engine/Plugins/Experimental/CodeView/CodeView.uplugin
LogPluginManager: Loaded Plugin HTML5Networking, From D:/UE4/UE_4.14/Engine/Plugins/Experimental/HTML5Networking/HTML5Networking.uplugin
LogPluginManager: Loaded Plugin OSVR, From D:/UE4/UE_4.14/Engine/Plugins/Experimental/OSVR/OSVR.uplugin
LogPluginManager: Loaded Plugin Phya, From D:/UE4/UE_4.14/Engine/Plugins/Experimental/Phya/Phya.uplugin
LogPluginManager: Loaded Plugin SignificanceManager, From D:/UE4/UE_4.14/Engine/Plugins/Experimental/SignificanceManager/SignificanceManager.uplugin
LogPluginManager: Loaded Plugin SimpleHMD, From D:/UE4/UE_4.14/Engine/Plugins/Experimental/SimpleHMD/SimpleHMD.uplugin
LogPluginManager: Loaded Plugin StereoPanorama, From D:/UE4/UE_4.14/Engine/Plugins/Experimental/StereoPanorama/StereoPanorama.uplugin
LogPluginManager: Loaded Plugin StructBox, From D:/UE4/UE_4.14/Engine/Plugins/Experimental/StructBox/StructBox.uplugin
LogPluginManager: Loaded Plugin AndroidMedia, From D:/UE4/UE_4.14/Engine/Plugins/Media/AndroidMedia/AndroidMedia.uplugin
LogPluginManager: Loaded Plugin AvfMedia, From D:/UE4/UE_4.14/Engine/Plugins/Media/AvfMedia/AvfMedia.uplugin
LogPluginManager: Loaded Plugin MediaPlayerEditor, From D:/UE4/UE_4.14/Engine/Plugins/Media/MediaPlayerEditor/MediaPlayerEditor.uplugin
LogPluginManager: Loaded Plugin WmfMedia, From D:/UE4/UE_4.14/Engine/Plugins/Media/WmfMedia/WmfMedia.uplugin
LogPluginManager: Loaded Plugin MessagingDebugger, From D:/UE4/UE_4.14/Engine/Plugins/Messaging/MessagingDebugger/MessagingDebugger.uplugin
LogPluginManager: Loaded Plugin TcpMessaging, From D:/UE4/UE_4.14/Engine/Plugins/Messaging/TcpMessaging/TcpMessaging.uplugin
LogPluginManager: Loaded Plugin UdpMessaging, From D:/UE4/UE_4.14/Engine/Plugins/Messaging/UdpMessaging/UdpMessaging.uplugin
LogPluginManager: Loaded Plugin LevelSequenceEditor, From D:/UE4/UE_4.14/Engine/Plugins/MovieScene/LevelSequenceEditor/LevelSequenceEditor.uplugin
LogPluginManager: Loaded Plugin MatineeToLevelSequence, From D:/UE4/UE_4.14/Engine/Plugins/MovieScene/MatineeToLevelSequence/MatineeToLevelSequence.uplugin
LogPluginManager: Loaded Plugin NetcodeUnitTest, From D:/UE4/UE_4.14/Engine/Plugins/NetcodeUnitTest/NetcodeUnitTest/NetcodeUnitTest.uplugin
LogPluginManager: Loaded Plugin NUTUnrealEngine4, From D:/UE4/UE_4.14/Engine/Plugins/NetcodeUnitTest/NUTUnrealEngine4/NUTUnrealEngine4.uplugin
LogPluginManager: Loaded Plugin OnlineSubsystemGameCircle, From D:/UE4/UE_4.14/Engine/Plugins/Online/Android/OnlineSubsystemGameCircle/OnlineSubsystemGameCircle.uplugin
LogPluginManager: Loaded Plugin OnlineSubsystemGooglePlay, From D:/UE4/UE_4.14/Engine/Plugins/Online/Android/OnlineSubsystemGooglePlay/OnlineSubsystemGooglePlay.uplugin
LogPluginManager: Loaded Plugin OnlineSubsystemIOS, From D:/UE4/UE_4.14/Engine/Plugins/Online/IOS/OnlineSubsystemIOS/OnlineSubsystemIOS.uplugin
LogPluginManager: Loaded Plugin OnlineFramework, From D:/UE4/UE_4.14/Engine/Plugins/Online/OnlineFramework/OnlineFramework.uplugin
LogPluginManager: Loaded Plugin OnlineSubsystem, From D:/UE4/UE_4.14/Engine/Plugins/Online/OnlineSubsystem/OnlineSubsystem.uplugin
LogPluginManager: Loaded Plugin OnlineSubsystemAmazon, From D:/UE4/UE_4.14/Engine/Plugins/Online/OnlineSubsystemAmazon/OnlineSubsystemAmazon.uplugin
LogPluginManager: Loaded Plugin OnlineSubsystemFacebook, From D:/UE4/UE_4.14/Engine/Plugins/Online/OnlineSubsystemFacebook/OnlineSubsystemFacebook.uplugin
LogPluginManager: Loaded Plugin OnlineSubsystemNull, From D:/UE4/UE_4.14/Engine/Plugins/Online/OnlineSubsystemNull/OnlineSubsystemNull.uplugin
LogPluginManager: Loaded Plugin OnlineSubsystemOculus, From D:/UE4/UE_4.14/Engine/Plugins/Online/OnlineSubsystemOculus/OnlineSubsystemOculus.uplugin
LogPluginManager: Loaded Plugin OnlineSubsystemSteam, From D:/UE4/UE_4.14/Engine/Plugins/Online/OnlineSubsystemSteam/OnlineSubsystemSteam.uplugin
LogPluginManager: Loaded Plugin OnlineSubsystemUtils, From D:/UE4/UE_4.14/Engine/Plugins/Online/OnlineSubsystemUtils/OnlineSubsystemUtils.uplugin
LogPluginManager: Loaded Plugin IOSTapJoy, From D:/UE4/UE_4.14/Engine/Plugins/Runtime/Advertising/IOSTapJoy/IOSTapJoy.uplugin
LogPluginManager: Loaded Plugin AnalyticsBlueprintLibrary, From D:/UE4/UE_4.14/Engine/Plugins/Runtime/Analytics/AnalyticsBlueprintLibrary/AnalyticsBlueprintLibrary.uplugin
LogPluginManager: Loaded Plugin AnalyticsMulticast, From D:/UE4/UE_4.14/Engine/Plugins/Runtime/Analytics/AnalyticsMulticast/AnalyticsMulticast.uplugin
LogPluginManager: Loaded Plugin Apsalar, From D:/UE4/UE_4.14/Engine/Plugins/Runtime/Analytics/Apsalar/Apsalar.uplugin
LogPluginManager: Loaded Plugin FileLogging, From D:/UE4/UE_4.14/Engine/Plugins/Runtime/Analytics/FileLogging/FileLogging.uplugin
LogPluginManager: Loaded Plugin Flurry, From D:/UE4/UE_4.14/Engine/Plugins/Runtime/Analytics/Flurry/Flurry.uplugin
LogPluginManager: Loaded Plugin AndroidDeviceProfileSelector, From D:/UE4/UE_4.14/Engine/Plugins/Runtime/AndroidDeviceProfileSelector/AndroidDeviceProfileSelector.uplugin
LogPluginManager: Loaded Plugin AndroidMoviePlayer, From D:/UE4/UE_4.14/Engine/Plugins/Runtime/AndroidMoviePlayer/AndroidMoviePlayer.uplugin
LogPluginManager: Loaded Plugin AppleMoviePlayer, From D:/UE4/UE_4.14/Engine/Plugins/Runtime/AppleMoviePlayer/AppleMoviePlayer.uplugin
LogPluginManager: Loaded Plugin ArchVisCharacter, From D:/UE4/UE_4.14/Engine/Plugins/Runtime/ArchVisCharacter/ArchVisCharacter.uplugin
LogPluginManager: Loaded Plugin CableComponent, From D:/UE4/UE_4.14/Engine/Plugins/Runtime/CableComponent/CableComponent.uplugin
LogPluginManager: Loaded Plugin CustomMeshComponent, From D:/UE4/UE_4.14/Engine/Plugins/Runtime/CustomMeshComponent/CustomMeshComponent.uplugin
LogPluginManager: Loaded Plugin ExampleDeviceProfileSelector, From D:/UE4/UE_4.14/Engine/Plugins/Runtime/ExampleDeviceProfileSelector/ExampleDeviceProfileSelector.uplugin
LogPluginManager: Loaded Plugin GearVR, From D:/UE4/UE_4.14/Engine/Plugins/Runtime/GearVR/GearVR.uplugin
LogPluginManager: Loaded Plugin GoogleVRController, From D:/UE4/UE_4.14/Engine/Plugins/Runtime/GoogleVR/GoogleVRController/GoogleVRController.uplugin
LogPluginManager: Loaded Plugin GoogleVRHMD, From D:/UE4/UE_4.14/Engine/Plugins/Runtime/GoogleVR/GoogleVRHMD/GoogleVRHMD.uplugin
LogPluginManager: Loaded Plugin IOSDeviceProfileSelector, From D:/UE4/UE_4.14/Engine/Plugins/Runtime/IOSDeviceProfileSelector/IOSDeviceProfileSelector.uplugin
LogPluginManager: Loaded Plugin LeapMotion, From D:/UE4/UE_4.14/Engine/Plugins/Runtime/LeapMotion/LeapMotion.uplugin
LogPluginManager: Loaded Plugin LinuxDeviceProfileSelector, From D:/UE4/UE_4.14/Engine/Plugins/Runtime/LinuxDeviceProfileSelector/LinuxDeviceProfileSelector.uplugin
LogPluginManager: Loaded Plugin MIDIDevice, From D:/UE4/UE_4.14/Engine/Plugins/Runtime/MIDIDevice/MIDIDevice.uplugin
LogPluginManager: Loaded Plugin MobilePatchingUtils, From D:/UE4/UE_4.14/Engine/Plugins/Runtime/MobilePatchingUtils/MobilePatchingUtils.uplugin
LogPluginManager: Loaded Plugin Ansel, From D:/UE4/UE_4.14/Engine/Plugins/Runtime/Nvidia/Ansel/Ansel.uplugin
LogPluginManager: Loaded Plugin OculusAudio, From D:/UE4/UE_4.14/Engine/Plugins/Runtime/OculusAudio/OculusAudio.uplugin
LogPluginManager: Loaded Plugin OculusInput, From D:/UE4/UE_4.14/Engine/Plugins/Runtime/OculusInput/OculusInput.uplugin
LogPluginManager: Loaded Plugin OculusLibrary, From D:/UE4/UE_4.14/Engine/Plugins/Runtime/OculusLibrary/OculusLibrary.uplugin
LogPluginManager: Loaded Plugin OculusRift, From D:/UE4/UE_4.14/Engine/Plugins/Runtime/OculusRift/OculusRift.uplugin
LogPluginManager: Loaded Plugin Oodle, From D:/UE4/UE_4.14/Engine/Plugins/Runtime/PacketHandlers/CompressionComponents/Oodle/Oodle.uplugin
LogPluginManager: Loaded Plugin ProceduralMeshComponent, From D:/UE4/UE_4.14/Engine/Plugins/Runtime/ProceduralMeshComponent/ProceduralMeshComponent.uplugin
LogPluginManager: Loaded Plugin SoundMod, From D:/UE4/UE_4.14/Engine/Plugins/Runtime/SoundMod/SoundMod.uplugin
LogPluginManager: Loaded Plugin SoundVisualizations, From D:/UE4/UE_4.14/Engine/Plugins/Runtime/SoundVisualizations/SoundVisualizations.uplugin
LogPluginManager: Loaded Plugin SteamController, From D:/UE4/UE_4.14/Engine/Plugins/Runtime/Steam/SteamController/SteamController.uplugin
LogPluginManager: Loaded Plugin SteamVR, From D:/UE4/UE_4.14/Engine/Plugins/Runtime/Steam/SteamVR/SteamVR.uplugin
LogPluginManager: Loaded Plugin WebBrowserWidget, From D:/UE4/UE_4.14/Engine/Plugins/Runtime/WebBrowserWidget/WebBrowserWidget.uplugin
LogPluginManager: Loaded Plugin WindowsDeviceProfileSelector, From D:/UE4/UE_4.14/Engine/Plugins/Runtime/WindowsDeviceProfileSelector/WindowsDeviceProfileSelector.uplugin
LogPluginManager: Loaded Plugin WindowsMoviePlayer, From D:/UE4/UE_4.14/Engine/Plugins/Runtime/WindowsMoviePlayer/WindowsMoviePlayer.uplugin
LogPluginManager: Loaded Plugin ScriptPlugin, From D:/UE4/UE_4.14/Engine/Plugins/ScriptPlugin/ScriptPlugin.uplugin
LogPluginManager: Loaded Plugin SlateRemote, From D:/UE4/UE_4.14/Engine/Plugins/Slate/SlateRemote/SlateRemote.uplugin
LogPluginManager: Loaded Plugin EditorTests, From D:/UE4/UE_4.14/Engine/Plugins/Tests/EditorTests/EditorTests.uplugin
LogPluginManager: Loaded Plugin FbxAutomationTestBuilder, From D:/UE4/UE_4.14/Engine/Plugins/Tests/FbxAutomationTestBuilder/FbxAutomationTestBuilder.uplugin
LogPluginManager: Loaded Plugin FunctionalTestingEditor, From D:/UE4/UE_4.14/Engine/Plugins/Tests/FunctionalTestingEditor/FunctionalTestingEditor.uplugin
LogPluginManager: Loaded Plugin RuntimeTests, From D:/UE4/UE_4.14/Engine/Plugins/Tests/RuntimeTests/RuntimeTests.uplugin
LogPluginManager: Loaded Plugin ScreenshotTools, From D:/UE4/UE_4.14/Engine/Plugins/Tests/ScreenshotTools/ScreenshotTools.uplugin
LogInit: Using libcurl 7.47.1
LogInit:  - built for x86_64-pc-win32
LogInit:  - supports SSL with OpenSSL/1.0.2g
LogInit:  - supports HTTP deflate (compression) using libz 1.2.8
LogInit:  - other features:
LogInit:      CURL_VERSION_SSL
LogInit:      CURL_VERSION_LIBZ
LogInit:      CURL_VERSION_IPV6
LogInit:      CURL_VERSION_ASYNCHDNS
LogInit:      CURL_VERSION_LARGEFILE
LogInit:      CURL_VERSION_IDN
LogInit:  CurlRequestOptions (configurable via config and command line):
LogInit:  - bVerifyPeer = false  - Libcurl will NOT verify peer certificate
LogInit:  - bUseHttpProxy = false  - Libcurl will NOT use HTTP proxy
LogInit:  - bDontReuseConnections = false  - Libcurl will reuse connections
LogInit:  - CertBundlePath = nullptr  - Libcurl will use whatever was configured at build time.
LogInit: Build: ++UE4+Release-4.14-CL-3249277
LogInit: Engine Version: 4.14.3-3249277+++UE4+Release-4.14
LogInit: Compatible Engine Version: 4.14.0-3195953+++UE4+Release-4.14
LogInit: Net CL: 3195953
LogDevObjectVersion: Number of dev versions registered: 13
LogDevObjectVersion:   Dev-Blueprints (B0D832E4-1F89-4F0D-ACCF-7EB736FD4AA2): 7
LogDevObjectVersion:   Dev-Build (E1C64328-A22C-4D53-A36C-8E866417BD8C): 0
LogDevObjectVersion:   Dev-Core (375EC13C-06E4-48FB-B500-84F0262A717E): 1
LogDevObjectVersion:   Dev-Editor (E4B068ED-F494-42E9-A231-DA0B2E46BB41): 8
LogDevObjectVersion:   Dev-Framework (CFFC743F-43B0-4480-9391-14DF171D2073): 17
LogDevObjectVersion:   Dev-Mobile (B02B49B5-BB20-44E9-A304-32B752E40360): 0
LogDevObjectVersion:   Dev-Networking (A4E4105C-59A1-49B5-A7C5-40C4547EDFEE): 0
LogDevObjectVersion:   Dev-Online (39C831C9-5AE6-47DC-9A44-9C173E1C8E7C): 0
LogDevObjectVersion:   Dev-Physics (78F01B33-EBEA-4F98-B9B4-84EACCB95AA2): 0
LogDevObjectVersion:   Dev-Platform (6631380F-2D4D-43E0-8009-CF276956A95A): 0
LogDevObjectVersion:   Dev-Rendering (12F88B9F-8875-4AFC-A67C-D90C383ABD29): 12
LogDevObjectVersion:   Dev-Sequencer (7B5AE74C-D270-4C10-A958-57980B212A5A): 1
LogDevObjectVersion:   Dev-VR (D7296918-1DD6-4BDD-9DE2-64A83CC13884): 0
LogInit: Compiled (64-bit): Jan  6 2017 10:49:43
LogInit: Compiled with Visual C++: 19.00.23026.00
LogInit: Build Configuration: Development
LogInit: Branch Name: ++UE4+Release-4.14
LogInit: Command line: -EpicPortal 
LogInit: Base directory: D:/UE4/UE_4.14/Engine/Binaries/Win64/
LogInit: Installed Engine Build: 1
LogInit: Presizing for max 8388607 objects, including 0 objects not considered by GC, pre-allocating 0 bytes for permanent pool.
LogInit: Object subsystem initialized
[2017.02.27-01.12.08:918][  0]LogInit: Selected Device Profile: [Windows]
[2017.02.27-01.12.08:918][  0]LogInit: Applying CVar settings loaded from the selected device profile: [Windows]
[2017.02.27-01.12.08:933][  0]LogInit: Computer: NATHAN-PC
[2017.02.27-01.12.08:933][  0]LogInit: User: nathan
[2017.02.27-01.12.08:933][  0]LogInit: CPU Page size=65536, Cores=4
[2017.02.27-01.12.08:933][  0]LogInit: High frequency timer resolution =3.897829 MHz
[2017.02.27-01.12.08:934][  0]LogMemory: Memory total: Physical=16.0GB (16GB approx)
[2017.02.27-01.12.08:934][  0]LogMemory: Platform Memory Stats for Windows
[2017.02.27-01.12.08:934][  0]LogMemory: Process Physical Memory: 267.79 MB used, 267.79 MB peak
[2017.02.27-01.12.08:934][  0]LogMemory: Process Virtual Memory: 262.76 MB used, 262.76 MB peak
[2017.02.27-01.12.08:934][  0]LogMemory: Physical Memory: 6674.75 MB used,  9666.95 MB free, 16341.69 MB total
[2017.02.27-01.12.08:934][  0]LogMemory: Virtual Memory: 676.42 MB used,  9666.95 MB free, 134217728.00 MB total
[2017.02.27-01.12.08:971][  0]LogTextLocalizationManager: No specific translations for ('en-US') exist, so ('en') translations will be used.
[2017.02.27-01.12.09:756][  0]LogD3D11RHI: D3D11 adapters:
[2017.02.27-01.12.10:265][  0]LogD3D11RHI:    0. 'NVIDIA GeForce GTX 960' (Feature Level 11_0)
[2017.02.27-01.12.10:265][  0]LogD3D11RHI:       4061/0/8170 MB DedicatedVideo/DedicatedSystem/SharedSystem, Outputs:2, VendorId:0x10de
[2017.02.27-01.12.10:267][  0]LogD3D11RHI:    1. 'Microsoft Basic Render Driver' (Feature Level 11_0)
[2017.02.27-01.12.10:267][  0]LogD3D11RHI:       0/0/8170 MB DedicatedVideo/DedicatedSystem/SharedSystem, Outputs:0, VendorId:0x1414
[2017.02.27-01.12.10:267][  0]LogD3D11RHI: Chosen D3D11 Adapter: 0
[2017.02.27-01.12.10:274][  0]LogD3D11RHI: Creating new Direct3DDevice
[2017.02.27-01.12.10:274][  0]LogD3D11RHI:     GPU DeviceId: 0x1401 (for the marketing name, search the web for "GPU Device Id")
[2017.02.27-01.12.10:274][  0]LogWindows: EnumDisplayDevices:
[2017.02.27-01.12.10:275][  0]LogWindows:    0. 'NVIDIA GeForce GTX 960' (P:1 D:1)
[2017.02.27-01.12.10:275][  0]LogWindows:    1. 'NVIDIA GeForce GTX 960' (P:0 D:1)
[2017.02.27-01.12.10:275][  0]LogWindows:    2. 'NVIDIA GeForce GTX 960' (P:0 D:0)
[2017.02.27-01.12.10:275][  0]LogWindows:    3. 'NVIDIA GeForce GTX 960' (P:0 D:0)
[2017.02.27-01.12.10:275][  0]LogWindows: DebugString: FoundDriverCount:4 
[2017.02.27-01.12.10:275][  0]LogD3D11RHI:     Adapter Name: NVIDIA GeForce GTX 960
[2017.02.27-01.12.10:275][  0]LogD3D11RHI:   Driver Version: 376.53 (internal:21.21.13.7653, unified:376.53)
[2017.02.27-01.12.10:275][  0]LogD3D11RHI:      Driver Date: 12-29-2016
[2017.02.27-01.12.10:276][  0]LogRHI: Texture pool is 1361 MB (70% of 1945 MB)
[2017.02.27-01.12.10:744][  0]LogD3D11RHI: Async texture creation enabled
[2017.02.27-01.12.10:791][  0]LogD3D11RHI: GPU Timing Frequency: 1000.000000 (Debug: 2 1)
[2017.02.27-01.12.10:792][  0]LogShaderCompilers: Guid format shader working directory is 5 characters bigger than the processId version (C:/Users/nathan/Desktop/ChimeraGames/Abyss/Intermediate/Shaders/WorkingDirectory/4028/).
[2017.02.27-01.12.10:792][  0]LogShaderCompilers: Cleaned the shader compiler working directory 'C:/Users/nathan/AppData/Local/Temp/UnrealShaderWorkingDir/3FCF58754902048345FFF4AC09B50434/'.
[2017.02.27-01.12.10:792][  0]LogShaderCompilers:Display: Using Local Shader Compiler.
[2017.02.27-01.12.12:136][  0]LogTemp:Display: Loaded TP AllDesktopTargetPlatform
[2017.02.27-01.12.12:205][  0]LogTemp:Display: Loaded TP MacClientTargetPlatform
[2017.02.27-01.12.12:273][  0]LogTemp:Display: Loaded TP MacNoEditorTargetPlatform
[2017.02.27-01.12.12:341][  0]LogTemp:Display: Loaded TP MacServerTargetPlatform
[2017.02.27-01.12.12:409][  0]LogTemp:Display: Loaded TP MacTargetPlatform
[2017.02.27-01.12.12:477][  0]LogTemp:Display: Loaded TP WindowsClientTargetPlatform
[2017.02.27-01.12.12:545][  0]LogTemp:Display: Loaded TP WindowsNoEditorTargetPlatform
[2017.02.27-01.12.12:613][  0]LogTemp:Display: Loaded TP WindowsServerTargetPlatform
[2017.02.27-01.12.12:667][  0]LogTemp:Display: Loaded TP WindowsTargetPlatform
[2017.02.27-01.12.12:734][  0]LogTemp:Display: Loaded TP AndroidTargetPlatform
[2017.02.27-01.12.12:800][  0]LogTemp:Display: Loaded TP Android_ASTCTargetPlatform
[2017.02.27-01.12.12:867][  0]LogTemp:Display: Loaded TP Android_ATCTargetPlatform
[2017.02.27-01.12.12:934][  0]LogTemp:Display: Loaded TP Android_DXTTargetPlatform
[2017.02.27-01.12.13:001][  0]LogTemp:Display: Loaded TP Android_ETC1TargetPlatform
[2017.02.27-01.12.13:067][  0]LogTemp:Display: Loaded TP Android_ETC2TargetPlatform
[2017.02.27-01.12.13:201][  0]LogTemp:Display: Loaded TP Android_MultiTargetPlatform
[2017.02.27-01.12.13:201][  0]LogTemp:Display: Loaded TP Android_PVRTCTargetPlatform
[2017.02.27-01.12.13:244][  0]LogTemp:Display: Loaded TP HTML5TargetPlatform
[2017.02.27-01.12.13:346][  0]LogTemp:Display: Loaded TP IOSTargetPlatform
[2017.02.27-01.12.13:393][  0]LogTemp:Display: Loaded TP TVOSTargetPlatform
[2017.02.27-01.12.13:461][  0]LogTemp:Display: Loaded TP LinuxClientTargetPlatform
[2017.02.27-01.12.13:527][  0]LogTemp:Display: Loaded TP LinuxNoEditorTargetPlatform
[2017.02.27-01.12.13:598][  0]LogTemp:Display: Loaded TP LinuxServerTargetPlatform
[2017.02.27-01.12.13:668][  0]LogTemp:Display: Loaded TP LinuxTargetPlatform
[2017.02.27-01.12.13:668][  0]LogTargetPlatformManager:Display: Building Assets For Windows
[2017.02.27-01.12.14:145][  0]LogDerivedDataCache:Display: Max Cache Size: 512 MB
[2017.02.27-01.12.14:245][  0]LogDerivedDataCache: Loaded boot cache 0.10s 50MB C:/Users/nathan/AppData/Local/UnrealEngine/4.14/DerivedDataCache/Boot.ddc.
[2017.02.27-01.12.14:245][  0]LogDerivedDataCache:Display: Loaded Boot cache: C:/Users/nathan/AppData/Local/UnrealEngine/4.14/DerivedDataCache/Boot.ddc
[2017.02.27-01.12.14:245][  0]LogDerivedDataCache: FDerivedDataBackendGraph:  Pak pak cache file C:/Users/nathan/Desktop/ChimeraGames/Abyss/DerivedDataCache/DDC.ddp not found, will not use a pak cache.
[2017.02.27-01.12.14:245][  0]LogDerivedDataCache: Unable to find inner node Pak for hierarchical cache Hierarchy.
[2017.02.27-01.12.14:245][  0]LogDerivedDataCache: FDerivedDataBackendGraph:  CompressedPak pak cache file C:/Users/nathan/Desktop/ChimeraGames/Abyss/DerivedDataCache/Compressed.ddp not found, will not use a pak cache.
[2017.02.27-01.12.14:245][  0]LogDerivedDataCache: Unable to find inner node CompressedPak for hierarchical cache Hierarchy.
[2017.02.27-01.12.14:268][  0]LogDerivedDataCache:Display: Pak cache opened for reading ../../../Engine/DerivedDataCache/Compressed.ddp.
[2017.02.27-01.12.14:280][  0]LogDerivedDataCache: Using Local data cache path C:/Users/nathan/AppData/Local/UnrealEngine/Common/DerivedDataCache: Writable
[2017.02.27-01.12.14:564][  0]LogInit: Selected Device Profile: [Windows]
[2017.02.27-01.12.14:568][  0]LogContentStreaming: Texture pool size is 0.00 MB
[2017.02.27-01.12.14:808][  0]LogMeshUtilities: Using QuadricMeshReduction for automatic static mesh reduction
[2017.02.27-01.12.14:860][  0]LogSimplygon: Simplygon DLL not present - disabling.
[2017.02.27-01.12.14:914][  0]LogMeshUtilities: Using SimplygonSwarm for distributed automatic mesh merging
[2017.02.27-01.12.14:914][  0]LogMeshUtilities: No automatic skeletal mesh reduction module available
[2017.02.27-01.12.14:914][  0]LogMeshUtilities: No automatic mesh merging module available
[2017.02.27-01.12.15:611][  0]LogNetVersion: GetLocalNetworkVersion: CL: 3195953, ProjectName: abyss, ProjectVersion: , EngineNetworkVersion: 2, GameNetworkVersion: 0, NetworkChecksum: 1595127573
[2017.02.27-01.12.15:675][  0]LogAssetRegistry: FAssetRegistry took 0.0224 seconds to start up
[2017.02.27-01.12.15:743][  0]LogPackageLocalizationCache: Processed 3 localized package path(s) for 2 prioritized culture(s) in 0.038797 seconds
[2017.02.27-01.12.15:751][  0]LogUObjectArray: 31946 objects as part of root set at end of initial load.
[2017.02.27-01.12.15:751][  0]LogUObjectAllocator: 6935848 out of 0 bytes used by permanent object pool.
[2017.02.27-01.12.15:751][  0]LogUObjectArray: CloseDisregardForGC: 0/0 objects in disregard for GC pool
[2017.02.27-01.12.15:826][  0]LogInit: WinSock: version 1.1 (2.2), MaxSocks=32767, MaxUdp=65467
[2017.02.27-01.12.16:740][  0]LogSlate: Using Freetype 2.6.0
[2017.02.27-01.12.16:741][  0]LogSlate: SlateFontCache - WITH_FREETYPE: 1, WITH_HARFBUZZ: 1
[2017.02.27-01.12.16:741][  0]LogSlate: SlateFontCache - WITH_FREETYPE: 1, WITH_HARFBUZZ: 1
[2017.02.27-01.12.17:716][  0]LogTcpMessaging: Initializing TcpMessaging bridge
[2017.02.27-01.12.17:763][  0]LogUdpMessaging: Initializing bridge on interface 0.0.0.0:0 to multicast group 230.0.0.1:6666.
[2017.02.27-01.12.18:115][  0]LogMaterial: Uniform references updated for custom material expression Custom.
[2017.02.27-01.12.18:554][  0]SourceControl: Info Source control is disabled
[2017.02.27-01.12.18:554][  0]SourceControl: Info Source control is disabled
[2017.02.27-01.12.18:609][  0]SourceControl: Info Source control is disabled
[2017.02.27-01.12.18:663][  0]SourceControl: Info Source control is disabled
[2017.02.27-01.12.20:130][  0]LogEngine: Initializing Engine...
[2017.02.27-01.12.20:130][  0]LogHMD: Failed to initialize OpenVR with code 110
[2017.02.27-01.12.20:411][  0]LogAIModule: Creating AISystem for world Untitled
[2017.02.27-01.12.20:426][  0]LogInit: XAudio2 using 'Speakers (Realtek High Definition Audio)' : 2 channels at 48 kHz using 32 bits per sample (channel mask 0x3)
[2017.02.27-01.12.20:448][  0]LogInit: FAudioDevice initialized.
[2017.02.27-01.12.20:500][  0]LogDerivedDataCache: Saved boot cache 0.05s 50MB C:/Users/nathan/AppData/Local/UnrealEngine/4.14/DerivedDataCache/Boot.ddc.
[2017.02.27-01.12.20:520][  0]LogInit: Texture streaming: Enabled
[2017.02.27-01.12.20:737][  0]LogInit: Transaction tracking system initialized
[2017.02.27-01.12.21:128][  0]BlueprintLog: New page: Editor Load
[2017.02.27-01.12.22:140][  0]LocalizationService: Info Localization service is disabled
[2017.02.27-01.12.22:879][  0]LogConsoleResponse:Display: 
[2017.02.27-01.12.23:036][  0]LogCook:Display: Max memory allowance for cook 16384mb min free memory 0mb
[2017.02.27-01.12.23:036][  0]LogCook:Display: Mobile HDR setting 1
[2017.02.27-01.12.24:069][  0]LogFileCache: Scanning file cache for directory 'C:/Users/nathan/Desktop/ChimeraGames/Abyss/Content/' took 0.01s
[2017.02.27-01.12.24:121][  0]SourceControl: Info Source control is disabled
[2017.02.27-01.12.24:121][  0]Cmd: MAP LOAD FILE="../../../Engine/Content/Maps/Templates/Template_Default.umap" TEMPLATE=1 SHOWPROGRESS=1 FEATURELEVEL=3
[2017.02.27-01.12.24:122][  0]LightingResults: New page: Lighting Build
[2017.02.27-01.12.24:167][  0]MapCheck: New page: Map Check
[2017.02.27-01.12.24:167][  0]LightingResults: New page: Lighting Build
[2017.02.27-01.12.24:464][  0]LogAIModule: Creating AISystem for world Untitled_1
[2017.02.27-01.12.24:464][  0]LogActorComponent: RegisterComponentWithWorld: (/Temp/Untitled_1.Untitled_1:PersistentLevel.WorldSettings_1.StaticMeshComponent0) Trying to register component with IsPendingKill() == true. Aborting.
[2017.02.27-01.12.24:470][  0]LogEditorServer: Finished looking for orphan Actors (0.000 secs)
[2017.02.27-01.12.24:474][  0]Cmd: MAP CHECKDEP NOCLEARLOG
[2017.02.27-01.12.24:519][  0]MapCheck: Info Map check complete: 0 Error(s), 0 Warning(s), took 44.596ms to complete.
[2017.02.27-01.12.24:519][  0]LogFileHelpers: Loading map 'Template_Default' took 0.398
[2017.02.27-01.12.24:629][  0]LogWindowsTextInputMethodSystem:Display: IME system now deactivated.
[2017.02.27-01.12.24:764][  0]LogCollectionManager: Loaded 0 collections in 0.001172 seconds
[2017.02.27-01.12.24:877][  0]LogFileCache: Scanning file cache for directory 'C:/Users/nathan/Desktop/ChimeraGames/Abyss/Saved/Collections/' took 0.01s
[2017.02.27-01.12.24:877][  0]LogFileCache: Scanning file cache for directory 'C:/Users/nathan/Desktop/ChimeraGames/Abyss/Content/Developers/nathan/Collections/' took 0.01s
[2017.02.27-01.12.24:877][  0]LogFileCache: Scanning file cache for directory 'C:/Users/nathan/Desktop/ChimeraGames/Abyss/Content/Collections/' took 0.01s
[2017.02.27-01.12.24:877][  0]LogCollectionManager: Rebuilt the GUID cache for 0 collections in 0.000002 seconds
[2017.02.27-01.12.24:892][  0]LogContentBrowser: Native class hierarchy populated in 0.0147 seconds. Added 2190 classes and 428 folders.
[2017.02.27-01.12.24:941][  0]LogStats: UGameplayTagsManager::ConstructGameplayTagTree: Construct from data asset -  0.000 s
[2017.02.27-01.12.24:941][  0]LogStats: UGameplayTagsManager::ConstructGameplayTagTree: GameplayTagTreeChangedEvent.Broadcast -  0.000 s
[2017.02.27-01.12.24:942][  0]LogContentBrowser: Native class hierarchy updated for 'GameplayTags' in 0.0007 seconds. Added 13 classes and 0 folders.
[2017.02.27-01.12.25:018][  0]LogContentBrowser: Native class hierarchy updated for 'WidgetCarousel' in 0.0006 seconds. Added 0 classes and 0 folders.
[2017.02.27-01.12.25:068][  0]LogContentBrowser: Native class hierarchy updated for 'AddContentDialog' in 0.0006 seconds. Added 0 classes and 0 folders.
[2017.02.27-01.12.25:117][  0]LogContentBrowser: Native class hierarchy updated for 'SceneOutliner' in 0.0006 seconds. Added 1 classes and 2 folders.
[2017.02.27-01.12.25:208][  0]LogCrashTracker: Crashtracker disabled due to settings.
[2017.02.27-01.12.25:218][  0]LogUObjectGlobals:Warning: Failed to find object 'Class None.'
[2017.02.27-01.12.25:293][  0]LogContentBrowser: Native class hierarchy updated for 'HierarchicalLODOutliner' in 0.0006 seconds. Added 1 classes and 2 folders.
[2017.02.27-01.12.25:293][  0]LogLoad: (Engine Initialization) Total time: 18.23 seconds
[2017.02.27-01.12.25:293][  0]LogLoad: (Engine Initialization) Total Blueprint compile time: 0.12 seconds
[2017.02.27-01.12.25:293][  0]LogExternalProfiler: Found external profiler: VSPerf
[2017.02.27-01.12.25:293][  0]LogExternalProfiler: Using external profiler: VSPerf
[2017.02.27-01.12.25:303][  0]LogOcInput: OculusInput pre-init called
[2017.02.27-01.12.25:323][  0]LogContentStreaming: Texture pool size now 1000 MB
[2017.02.27-01.12.25:490][  0]LogRenderer: Reallocating scene render targets to support 1040x476 NumSamples 1 (Frame:2).
[2017.02.27-01.12.25:579][  1]LogAssetRegistry: Asset discovery search completed in 9.9267 seconds
[2017.02.27-01.12.25:579][  1]LogCollectionManager: Rebuilt the object cache for 0 collections in 0.000001 seconds (found 0 objects)
[2017.02.27-01.12.25:579][  1]LogCollectionManager: Fixed up redirectors for 0 collections in 0.000023 seconds (updated 0 objects)
[2017.02.27-01.12.43:761][772]LogSlate: Only BGRA pngs, bmps or icos are supported in by External Image Picker
[2017.02.27-01.12.43:895][772]LogTemp:Display: Executing iPhonePackager certificates Engine -bundlename com.YourCompany.Abyss

[2017.02.27-01.12.43:895][772]LogTemp:Display: CWD: D:\UE4\UE_4.14\Engine\Binaries\DotNet\IOS

[2017.02.27-01.12.43:895][772]LogTemp:Display: Initial Dir: D:\UE4\UE_4.14

[2017.02.27-01.12.43:895][772]LogTemp:Display: Env CWD: D:\UE4\UE_4.14\Engine\Binaries\DotNet\IOS

[2017.02.27-01.12.43:895][772]LogTemp:Display: BranchPath = NATHAN-PC/D/UE4/UE_4.14/Engine/Binaries --- GameBranchPath = NATHAN-PC/D/UE4/UE_4.14/Engine/Binaries

[2017.02.27-01.12.43:895][772]LogTemp:Display: IPP ERROR: Application exception: System.IO.DirectoryNotFoundException: Could not find a part of the path 'C:\Users\nathan\AppData\Local\Apple Computer\MobileDevice\Provisioning Profiles'.

[2017.02.27-01.12.43:895][772]LogTemp:Display:    at System.IO.__Error.WinIOError(Int32 errorCode, String maybeFullPath)

[2017.02.27-01.12.43:895][772]LogTemp:Display:    at System.IO.FileSystemEnumerableIterator`1.CommonInit()

[2017.02.27-01.12.43:895][772]LogTemp:Display:    at System.IO.Directory.EnumerateFiles(String path, String searchPattern)

[2017.02.27-01.12.43:895][772]LogTemp:Display:    at iPhonePackager.CodeSignatureBuilder.FindProvisions(String CFBundleIdentifier)

[2017.02.27-01.12.43:895][772]LogTemp:Display:    at iPhonePackager.Program.Main(String[] args)

[2017.02.27-01.13.58:310][133]LogAIModule: Creating AISystem for world Battle_Scene
[2017.02.27-01.13.58:340][133]Cmd: MAP LOAD FILE="C:/Users/nathan/Desktop/ChimeraGames/Abyss/Content/Maps-Levels/Battle_Scene.umap" TEMPLATE=0 SHOWPROGRESS=1 FEATURELEVEL=3
[2017.02.27-01.13.58:340][133]LightingResults: New page: Lighting Build
[2017.02.27-01.13.58:341][133]LoadErrors: New page: Loading map: Battle_Scene.umap
[2017.02.27-01.13.58:341][133]MapCheck: New page: Map Check
[2017.02.27-01.13.58:341][133]LightingResults: New page: Lighting Build
[2017.02.27-01.13.58:414][133]LogEditorServer: Finished looking for orphan Actors (0.000 secs)
[2017.02.27-01.13.58:469][133]Cmd: MAP CHECKDEP NOCLEARLOG
[2017.02.27-01.13.58:517][133]MapCheck: Info Map check complete: 0 Error(s), 0 Warning(s), took 48.096ms to complete.
[2017.02.27-01.13.58:518][133]LogFileHelpers: Loading map 'Battle_Scene' took 0.179
[2017.02.27-01.14.00:991][394]LogTemp: Repeting last play command: Selected Viewport
[2017.02.27-01.14.01:021][394]LogBlueprintUserMessages: Early PlayInEditor Detection: Level '/Game/Maps-Levels/Battle_Scene.Battle_Scene:PersistentLevel' has LevelScriptBlueprint '/Game/Maps-Levels/Battle_Scene.Battle_Scene:PersistentLevel.Battle_Scene' with GeneratedClass '/Game/Maps-Levels/Battle_Scene.Battle_Scene_C' with ClassGeneratedBy '/Game/Maps-Levels/Battle_Scene.Battle_Scene:PersistentLevel.Battle_Scene'
[2017.02.27-01.14.01:021][394]LogPlayLevel: PlayLevel: No blueprints needed recompiling
[2017.02.27-01.14.01:021][394]PIE: New page: PIE session: Battle_Scene (Feb 26, 2017, 3:14:01 PM)
[2017.02.27-01.14.01:021][394]LogPlayLevel: Creating play world package: /Game/Maps-Levels/UEDPIE_0_Battle_Scene
[2017.02.27-01.14.01:025][394]LogPlayLevel: PIE: StaticDuplicateObject took: (0.003618s)
[2017.02.27-01.14.01:026][394]LogAIModule: Creating AISystem for world Battle_Scene
[2017.02.27-01.14.01:026][394]LogPlayLevel: PIE: World Init took: (0.001004s)
[2017.02.27-01.14.01:026][394]LogPlayLevel: PIE: Created PIE world by copying editor world from /Game/Maps-Levels/Battle_Scene.Battle_Scene to /Game/Maps-Levels/UEDPIE_0_Battle_Scene.Battle_Scene (0.004869s)
[2017.02.27-01.14.01:050][394]LogInit: XAudio2 using 'Speakers (Realtek High Definition Audio)' : 2 channels at 48 kHz using 32 bits per sample (channel mask 0x3)
[2017.02.27-01.14.01:067][394]LogInit: FAudioDevice initialized.
[2017.02.27-01.14.01:117][394]LogLoad: Game class is 'abyssBattleScene_C'
[2017.02.27-01.14.01:121][394]LogWorld: Bringing World /Game/Maps-Levels/UEDPIE_0_Battle_Scene.Battle_Scene up for play (max tick rate 0) at 2017.02.26-20.14.01
[2017.02.27-01.14.01:121][394]LogWorld: Bringing up level for play took: 0.001291
[2017.02.27-01.14.01:169][394]LogContentBrowser: Native class hierarchy updated for 'MovieSceneCapture' in 0.0007 seconds. Added 11 classes and 0 folders.
[2017.02.27-01.14.01:171][394]PIE: Info Play in editor start time for /Game/Maps-Levels/UEDPIE_0_Battle_Scene 1.132
[2017.02.27-01.14.01:172][394]LogBlueprintUserMessages: Late PlayInEditor Detection: Level '/Game/Maps-Levels/Battle_Scene.Battle_Scene:PersistentLevel' has LevelScriptBlueprint '/Game/Maps-Levels/Battle_Scene.Battle_Scene:PersistentLevel.Battle_Scene' with GeneratedClass '/Game/Maps-Levels/Battle_Scene.Battle_Scene_C' with ClassGeneratedBy '/Game/Maps-Levels/Battle_Scene.Battle_Scene:PersistentLevel.Battle_Scene'
[2017.02.27-01.14.09:754][390]LogBlueprintUserMessages: Early EndPlayMap Detection: Level '/Game/Maps-Levels/Battle_Scene.Battle_Scene:PersistentLevel' has LevelScriptBlueprint '/Game/Maps-Levels/Battle_Scene.Battle_Scene:PersistentLevel.Battle_Scene' with GeneratedClass '/Game/Maps-Levels/Battle_Scene.Battle_Scene_C' with ClassGeneratedBy '/Game/Maps-Levels/Battle_Scene.Battle_Scene:PersistentLevel.Battle_Scene'
[2017.02.27-01.14.09:790][390]LogBlueprintUserMessages: Late EndPlayMap Detection: Level '/Game/Maps-Levels/Battle_Scene.Battle_Scene:PersistentLevel' has LevelScriptBlueprint '/Game/Maps-Levels/Battle_Scene.Battle_Scene:PersistentLevel.Battle_Scene' with GeneratedClass '/Game/Maps-Levels/Battle_Scene.Battle_Scene_C' with ClassGeneratedBy '/Game/Maps-Levels/Battle_Scene.Battle_Scene:PersistentLevel.Battle_Scene'
[2017.02.27-01.14.11:044][534]LogTemp: Repeting last play command: Selected Viewport
[2017.02.27-01.14.11:073][534]LogBlueprintUserMessages: Early PlayInEditor Detection: Level '/Game/Maps-Levels/Battle_Scene.Battle_Scene:PersistentLevel' has LevelScriptBlueprint '/Game/Maps-Levels/Battle_Scene.Battle_Scene:PersistentLevel.Battle_Scene' with GeneratedClass '/Game/Maps-Levels/Battle_Scene.Battle_Scene_C' with ClassGeneratedBy '/Game/Maps-Levels/Battle_Scene.Battle_Scene:PersistentLevel.Battle_Scene'
[2017.02.27-01.14.11:073][534]LogPlayLevel: PlayLevel: No blueprints needed recompiling
[2017.02.27-01.14.11:073][534]PIE: New page: PIE session: Battle_Scene (Feb 26, 2017, 3:14:11 PM)
[2017.02.27-01.14.11:074][534]LogPlayLevel: Creating play world package: /Game/Maps-Levels/UEDPIE_0_Battle_Scene
[2017.02.27-01.14.11:077][534]LogPlayLevel: PIE: StaticDuplicateObject took: (0.003633s)
[2017.02.27-01.14.11:078][534]LogAIModule: Creating AISystem for world Battle_Scene
[2017.02.27-01.14.11:078][534]LogPlayLevel: PIE: World Init took: (0.001037s)
[2017.02.27-01.14.11:079][534]LogPlayLevel: PIE: Created PIE world by copying editor world from /Game/Maps-Levels/Battle_Scene.Battle_Scene to /Game/Maps-Levels/UEDPIE_0_Battle_Scene.Battle_Scene (0.004972s)
[2017.02.27-01.14.11:104][534]LogInit: XAudio2 using 'Speakers (Realtek High Definition Audio)' : 2 channels at 48 kHz using 32 bits per sample (channel mask 0x3)
[2017.02.27-01.14.11:122][534]LogInit: FAudioDevice initialized.
[2017.02.27-01.14.11:155][534]LogLoad: Game class is 'abyssBattleScene_C'
[2017.02.27-01.14.11:159][534]LogWorld: Bringing World /Game/Maps-Levels/UEDPIE_0_Battle_Scene.Battle_Scene up for play (max tick rate 0) at 2017.02.26-20.14.11
[2017.02.27-01.14.11:159][534]LogWorld: Bringing up level for play took: 0.001374
[2017.02.27-01.14.11:162][534]PIE: Info Play in editor start time for /Game/Maps-Levels/UEDPIE_0_Battle_Scene -0.878
[2017.02.27-01.14.11:162][534]LogBlueprintUserMessages: Late PlayInEditor Detection: Level '/Game/Maps-Levels/Battle_Scene.Battle_Scene:PersistentLevel' has LevelScriptBlueprint '/Game/Maps-Levels/Battle_Scene.Battle_Scene:PersistentLevel.Battle_Scene' with GeneratedClass '/Game/Maps-Levels/Battle_Scene.Battle_Scene_C' with ClassGeneratedBy '/Game/Maps-Levels/Battle_Scene.Battle_Scene:PersistentLevel.Battle_Scene'
[2017.02.27-01.14.37:104][554]LogBlueprintUserMessages: Early EndPlayMap Detection: Level '/Game/Maps-Levels/Battle_Scene.Battle_Scene:PersistentLevel' has LevelScriptBlueprint '/Game/Maps-Levels/Battle_Scene.Battle_Scene:PersistentLevel.Battle_Scene' with GeneratedClass '/Game/Maps-Levels/Battle_Scene.Battle_Scene_C' with ClassGeneratedBy '/Game/Maps-Levels/Battle_Scene.Battle_Scene:PersistentLevel.Battle_Scene'
[2017.02.27-01.14.37:139][554]LogBlueprintUserMessages: Late EndPlayMap Detection: Level '/Game/Maps-Levels/Battle_Scene.Battle_Scene:PersistentLevel' has LevelScriptBlueprint '/Game/Maps-Levels/Battle_Scene.Battle_Scene:PersistentLevel.Battle_Scene' with GeneratedClass '/Game/Maps-Levels/Battle_Scene.Battle_Scene_C' with ClassGeneratedBy '/Game/Maps-Levels/Battle_Scene.Battle_Scene:PersistentLevel.Battle_Scene'
[2017.02.27-01.14.46:464][472]LogContentBrowser: Native class hierarchy updated for 'BlueprintGraph' in 0.0012 seconds. Added 111 classes and 0 folders.
[2017.02.27-01.24.22:463][504]BlueprintLog: New page: Compile Battle_Scene
[2017.02.27-01.24.29:951][ 83]LogTemp: Repeting last play command: Selected Viewport
[2017.02.27-01.24.29:988][ 83]LogBlueprintUserMessages: Early PlayInEditor Detection: Level '/Game/Maps-Levels/Battle_Scene.Battle_Scene:PersistentLevel' has LevelScriptBlueprint '/Game/Maps-Levels/Battle_Scene.Battle_Scene:PersistentLevel.Battle_Scene' with GeneratedClass '/Game/Maps-Levels/Battle_Scene.Battle_Scene_C' with ClassGeneratedBy '/Game/Maps-Levels/Battle_Scene.Battle_Scene:PersistentLevel.Battle_Scene'
[2017.02.27-01.24.29:988][ 83]LogPlayLevel: PlayLevel: No blueprints needed recompiling
[2017.02.27-01.24.29:989][ 83]PIE: New page: PIE session: Battle_Scene (Feb 26, 2017, 3:24:29 PM)
[2017.02.27-01.24.29:989][ 83]LogPlayLevel: Creating play world package: /Game/Maps-Levels/UEDPIE_0_Battle_Scene
[2017.02.27-01.24.29:993][ 83]LogPlayLevel: PIE: StaticDuplicateObject took: (0.003887s)
[2017.02.27-01.24.29:993][ 83]LogAIModule: Creating AISystem for world Battle_Scene
[2017.02.27-01.24.29:994][ 83]LogPlayLevel: PIE: World Init took: (0.000928s)
[2017.02.27-01.24.29:994][ 83]LogPlayLevel: PIE: Created PIE world by copying editor world from /Game/Maps-Levels/Battle_Scene.Battle_Scene to /Game/Maps-Levels/UEDPIE_0_Battle_Scene.Battle_Scene (0.005044s)
[2017.02.27-01.24.30:026][ 83]LogInit: XAudio2 using 'Speakers (Realtek High Definition Audio)' : 2 channels at 48 kHz using 32 bits per sample (channel mask 0x3)
[2017.02.27-01.24.30:044][ 83]LogInit: FAudioDevice initialized.
[2017.02.27-01.24.30:075][ 83]LogLoad: Game class is 'abyssBattleScene_C'
[2017.02.27-01.24.30:079][ 83]LogWorld: Bringing World /Game/Maps-Levels/UEDPIE_0_Battle_Scene.Battle_Scene up for play (max tick rate 0) at 2017.02.26-20.24.30
[2017.02.27-01.24.30:079][ 83]LogWorld: Bringing up level for play took: 0.001371
[2017.02.27-01.24.30:082][ 83]PIE: Info Play in editor start time for /Game/Maps-Levels/UEDPIE_0_Battle_Scene 0.043
[2017.02.27-01.24.30:083][ 83]LogBlueprintUserMessages: Late PlayInEditor Detection: Level '/Game/Maps-Levels/Battle_Scene.Battle_Scene:PersistentLevel' has LevelScriptBlueprint '/Game/Maps-Levels/Battle_Scene.Battle_Scene:PersistentLevel.Battle_Scene' with GeneratedClass '/Game/Maps-Levels/Battle_Scene.Battle_Scene_C' with ClassGeneratedBy '/Game/Maps-Levels/Battle_Scene.Battle_Scene:PersistentLevel.Battle_Scene'
[2017.02.27-01.24.32:418][357]LogBlueprintUserMessages: Early EndPlayMap Detection: Level '/Game/Maps-Levels/Battle_Scene.Battle_Scene:PersistentLevel' has LevelScriptBlueprint '/Game/Maps-Levels/Battle_Scene.Battle_Scene:PersistentLevel.Battle_Scene' with GeneratedClass '/Game/Maps-Levels/Battle_Scene.Battle_Scene_C' with ClassGeneratedBy '/Game/Maps-Levels/Battle_Scene.Battle_Scene:PersistentLevel.Battle_Scene'
[2017.02.27-01.24.32:453][357]LogBlueprintUserMessages: Late EndPlayMap Detection: Level '/Game/Maps-Levels/Battle_Scene.Battle_Scene:PersistentLevel' has LevelScriptBlueprint '/Game/Maps-Levels/Battle_Scene.Battle_Scene:PersistentLevel.Battle_Scene' with GeneratedClass '/Game/Maps-Levels/Battle_Scene.Battle_Scene_C' with ClassGeneratedBy '/Game/Maps-Levels/Battle_Scene.Battle_Scene:PersistentLevel.Battle_Scene'
[2017.02.27-01.24.34:971][633]LogTemp: Repeting last play command: Selected Viewport
[2017.02.27-01.24.35:000][633]LogBlueprintUserMessages: Early PlayInEditor Detection: Level '/Game/Maps-Levels/Battle_Scene.Battle_Scene:PersistentLevel' has LevelScriptBlueprint '/Game/Maps-Levels/Battle_Scene.Battle_Scene:PersistentLevel.Battle_Scene' with GeneratedClass '/Game/Maps-Levels/Battle_Scene.Battle_Scene_C' with ClassGeneratedBy '/Game/Maps-Levels/Battle_Scene.Battle_Scene:PersistentLevel.Battle_Scene'
[2017.02.27-01.24.35:000][633]LogPlayLevel: PlayLevel: No blueprints needed recompiling
[2017.02.27-01.24.35:000][633]PIE: New page: PIE session: Battle_Scene (Feb 26, 2017, 3:24:35 PM)
[2017.02.27-01.24.35:000][633]LogPlayLevel: Creating play world package: /Game/Maps-Levels/UEDPIE_0_Battle_Scene
[2017.02.27-01.24.35:003][633]LogPlayLevel: PIE: StaticDuplicateObject took: (0.003015s)
[2017.02.27-01.24.35:004][633]LogAIModule: Creating AISystem for world Battle_Scene
[2017.02.27-01.24.35:004][633]LogPlayLevel: PIE: World Init took: (0.000875s)
[2017.02.27-01.24.35:004][633]LogPlayLevel: PIE: Created PIE world by copying editor world from /Game/Maps-Levels/Battle_Scene.Battle_Scene to /Game/Maps-Levels/UEDPIE_0_Battle_Scene.Battle_Scene (0.004179s)
[2017.02.27-01.24.35:037][633]LogInit: XAudio2 using 'Speakers (Realtek High Definition Audio)' : 2 channels at 48 kHz using 32 bits per sample (channel mask 0x3)
[2017.02.27-01.24.35:052][633]LogInit: FAudioDevice initialized.
[2017.02.27-01.24.35:086][633]LogLoad: Game class is 'abyssBattleScene_C'
[2017.02.27-01.24.35:090][633]LogWorld: Bringing World /Game/Maps-Levels/UEDPIE_0_Battle_Scene.Battle_Scene up for play (max tick rate 0) at 2017.02.26-20.24.35
[2017.02.27-01.24.35:091][633]LogWorld: Bringing up level for play took: 0.001604
[2017.02.27-01.24.35:094][633]PIE: Info Play in editor start time for /Game/Maps-Levels/UEDPIE_0_Battle_Scene 1.053
[2017.02.27-01.24.35:094][633]LogBlueprintUserMessages: Late PlayInEditor Detection: Level '/Game/Maps-Levels/Battle_Scene.Battle_Scene:PersistentLevel' has LevelScriptBlueprint '/Game/Maps-Levels/Battle_Scene.Battle_Scene:PersistentLevel.Battle_Scene' with GeneratedClass '/Game/Maps-Levels/Battle_Scene.Battle_Scene_C' with ClassGeneratedBy '/Game/Maps-Levels/Battle_Scene.Battle_Scene:PersistentLevel.Battle_Scene'
[2017.02.27-01.24.45:658][874]LogBlueprintUserMessages: Early EndPlayMap Detection: Level '/Game/Maps-Levels/Battle_Scene.Battle_Scene:PersistentLevel' has LevelScriptBlueprint '/Game/Maps-Levels/Battle_Scene.Battle_Scene:PersistentLevel.Battle_Scene' with GeneratedClass '/Game/Maps-Levels/Battle_Scene.Battle_Scene_C' with ClassGeneratedBy '/Game/Maps-Levels/Battle_Scene.Battle_Scene:PersistentLevel.Battle_Scene'
[2017.02.27-01.24.45:698][874]LogBlueprintUserMessages: Late EndPlayMap Detection: Level '/Game/Maps-Levels/Battle_Scene.Battle_Scene:PersistentLevel' has LevelScriptBlueprint '/Game/Maps-Levels/Battle_Scene.Battle_Scene:PersistentLevel.Battle_Scene' with GeneratedClass '/Game/Maps-Levels/Battle_Scene.Battle_Scene_C' with ClassGeneratedBy '/Game/Maps-Levels/Battle_Scene.Battle_Scene:PersistentLevel.Battle_Scene'
[2017.02.27-01.26.20:951][907]LogSavePackage: Save=142.77ms
[2017.02.27-01.26.20:952][907]LogSavePackage: Moving 'C:/Users/nathan/Desktop/ChimeraGames/Abyss/Saved/Battle_Scene_Auto139C66C7E4EA387E43068EB9758BEDBEB.tmp' to 'C:/Users/nathan/Desktop/ChimeraGames/Abyss/Saved/Autosaves/Game/Maps-Levels/Battle_Scene_Auto1.umap'
[2017.02.27-01.26.20:954][907]LogSavePackage:Display: Finished SavePackage C:/Users/nathan/Desktop/ChimeraGames/Abyss/Saved/Autosaves/Game/Maps-Levels/Battle_Scene_Auto1.umap
[2017.02.27-01.26.20:960][907]LogFileHelpers: Editor autosave (incl. sublevels) for '/Game/Maps-Levels/Battle_Scene' took 0.224
[2017.02.27-01.26.20:960][907]LogFileHelpers: Editor autosave (incl. sublevels) for all levels took 0.224
[2017.02.27-01.26.20:962][907]OBJ SavePackage: Generating thumbnails for [0] asset(s) in package [/Game/UMG/BattleHUD] ([1] browsable assets)...
[2017.02.27-01.26.20:962][907]OBJ SavePackage: Finished generating thumbnails for package [/Game/UMG/BattleHUD]
[2017.02.27-01.26.20:962][907]Cmd: OBJ SAVEPACKAGE PACKAGE="/Game/UMG/BattleHUD" FILE="C:/Users/nathan/Desktop/ChimeraGames/Abyss/Saved/Autosaves/Game/UMG/BattleHUD_Auto1.uasset" SILENT=false AUTOSAVING=true
[2017.02.27-01.26.21:022][907]LogSavePackage: Save=33.83ms
[2017.02.27-01.26.21:022][907]LogSavePackage: Moving 'C:/Users/nathan/Desktop/ChimeraGames/Abyss/Saved/BattleHUD_Auto12304E106478BA6F51CCA79851D20CB86.tmp' to 'C:/Users/nathan/Desktop/ChimeraGames/Abyss/Saved/Autosaves/Game/UMG/BattleHUD_Auto1.uasset'
[2017.02.27-01.26.21:025][907]LogSavePackage:Display: Finished SavePackage C:/Users/nathan/Desktop/ChimeraGames/Abyss/Saved/Autosaves/Game/UMG/BattleHUD_Auto1.uasset
[2017.02.27-01.26.21:025][907]LogFileHelpers: Auto-saving content packages took 0.064
[2017.02.27-01.36.38:188][145]LogSavePackage: Save=145.91ms
[2017.02.27-01.36.38:188][145]LogSavePackage: Moving 'C:/Users/nathan/Desktop/ChimeraGames/Abyss/Saved/Battle_Scene_Auto2BD6EB6F54E56D9A3BD53B08817BFDDB9.tmp' to 'C:/Users/nathan/Desktop/ChimeraGames/Abyss/Saved/Autosaves/Game/Maps-Levels/Battle_Scene_Auto2.umap'
[2017.02.27-01.36.38:191][145]LogSavePackage:Display: Finished SavePackage C:/Users/nathan/Desktop/ChimeraGames/Abyss/Saved/Autosaves/Game/Maps-Levels/Battle_Scene_Auto2.umap
[2017.02.27-01.36.38:196][145]LogFileHelpers: Editor autosave (incl. sublevels) for '/Game/Maps-Levels/Battle_Scene' took 0.217
[2017.02.27-01.36.38:196][145]LogFileHelpers: Editor autosave (incl. sublevels) for all levels took 0.217
[2017.02.27-01.36.38:199][145]OBJ SavePackage: Generating thumbnails for [0] asset(s) in package [/Game/UMG/BattleHUD] ([1] browsable assets)...
[2017.02.27-01.36.38:199][145]OBJ SavePackage: Finished generating thumbnails for package [/Game/UMG/BattleHUD]
[2017.02.27-01.36.38:199][145]Cmd: OBJ SAVEPACKAGE PACKAGE="/Game/UMG/BattleHUD" FILE="C:/Users/nathan/Desktop/ChimeraGames/Abyss/Saved/Autosaves/Game/UMG/BattleHUD_Auto2.uasset" SILENT=false AUTOSAVING=true
[2017.02.27-01.36.38:258][145]LogSavePackage: Save=32.95ms
[2017.02.27-01.36.38:258][145]LogSavePackage: Moving 'C:/Users/nathan/Desktop/ChimeraGames/Abyss/Saved/BattleHUD_Auto2893C120344357A680A2D7F85F896B008.tmp' to 'C:/Users/nathan/Desktop/ChimeraGames/Abyss/Saved/Autosaves/Game/UMG/BattleHUD_Auto2.uasset'
[2017.02.27-01.36.38:261][145]LogSavePackage:Display: Finished SavePackage C:/Users/nathan/Desktop/ChimeraGames/Abyss/Saved/Autosaves/Game/UMG/BattleHUD_Auto2.uasset
[2017.02.27-01.36.38:261][145]LogFileHelpers: Auto-saving content packages took 0.063
[2017.02.27-01.44.48:706][999]LogTemp: Repeting last play command: Selected Viewport
[2017.02.27-01.44.48:740][999]LogBlueprintUserMessages: Early PlayInEditor Detection: Level '/Game/Maps-Levels/Battle_Scene.Battle_Scene:PersistentLevel' has LevelScriptBlueprint '/Game/Maps-Levels/Battle_Scene.Battle_Scene:PersistentLevel.Battle_Scene' with GeneratedClass '/Game/Maps-Levels/Battle_Scene.Battle_Scene_C' with ClassGeneratedBy '/Game/Maps-Levels/Battle_Scene.Battle_Scene:PersistentLevel.Battle_Scene'
[2017.02.27-01.44.48:740][999]BlueprintLog: New page: Pre-Play auto-recompile
[2017.02.27-01.44.48:740][999]LogPlayLevel: [PlayLevel] Compiling BattleHUD before play...
[2017.02.27-01.44.48:888][999]LogPlayLevel: PlayLevel: Blueprint regeneration took 147 ms (1 blueprints)
[2017.02.27-01.44.48:888][999]PIE: New page: PIE session: Battle_Scene (Feb 26, 2017, 3:44:48 PM)
[2017.02.27-01.44.48:888][999]LogPlayLevel: Creating play world package: /Game/Maps-Levels/UEDPIE_0_Battle_Scene
[2017.02.27-01.44.48:892][999]LogPlayLevel: PIE: StaticDuplicateObject took: (0.003747s)
[2017.02.27-01.44.48:893][999]LogAIModule: Creating AISystem for world Battle_Scene
[2017.02.27-01.44.48:893][999]LogPlayLevel: PIE: World Init took: (0.000896s)
[2017.02.27-01.44.48:893][999]LogPlayLevel: PIE: Created PIE world by copying editor world from /Game/Maps-Levels/Battle_Scene.Battle_Scene to /Game/Maps-Levels/UEDPIE_0_Battle_Scene.Battle_Scene (0.004852s)
[2017.02.27-01.44.48:929][999]LogInit: XAudio2 using 'Speakers (Realtek High Definition Audio)' : 2 channels at 48 kHz using 32 bits per sample (channel mask 0x3)
[2017.02.27-01.44.48:945][999]LogInit: FAudioDevice initialized.
[2017.02.27-01.44.48:977][999]LogLoad: Game class is 'abyssBattleScene_C'
[2017.02.27-01.44.48:981][999]LogWorld: Bringing World /Game/Maps-Levels/UEDPIE_0_Battle_Scene.Battle_Scene up for play (max tick rate 0) at 2017.02.26-20.44.48
[2017.02.27-01.44.48:981][999]LogWorld: Bringing up level for play took: 0.001646
[2017.02.27-01.44.48:985][999]PIE: Info Play in editor start time for /Game/Maps-Levels/UEDPIE_0_Battle_Scene 0.945
[2017.02.27-01.44.48:985][999]LogBlueprintUserMessages: Late PlayInEditor Detection: Level '/Game/Maps-Levels/Battle_Scene.Battle_Scene:PersistentLevel' has LevelScriptBlueprint '/Game/Maps-Levels/Battle_Scene.Battle_Scene:PersistentLevel.Battle_Scene' with GeneratedClass '/Game/Maps-Levels/Battle_Scene.Battle_Scene_C' with ClassGeneratedBy '/Game/Maps-Levels/Battle_Scene.Battle_Scene:PersistentLevel.Battle_Scene'
[2017.02.27-01.46.37:281][180]LogBlueprintUserMessages: Early EndPlayMap Detection: Level '/Game/Maps-Levels/Battle_Scene.Battle_Scene:PersistentLevel' has LevelScriptBlueprint '/Game/Maps-Levels/Battle_Scene.Battle_Scene:PersistentLevel.Battle_Scene' with GeneratedClass '/Game/Maps-Levels/Battle_Scene.Battle_Scene_C' with ClassGeneratedBy '/Game/Maps-Levels/Battle_Scene.Battle_Scene:PersistentLevel.Battle_Scene'
[2017.02.27-01.46.37:320][180]LogBlueprintUserMessages: Late EndPlayMap Detection: Level '/Game/Maps-Levels/Battle_Scene.Battle_Scene:PersistentLevel' has LevelScriptBlueprint '/Game/Maps-Levels/Battle_Scene.Battle_Scene:PersistentLevel.Battle_Scene' with GeneratedClass '/Game/Maps-Levels/Battle_Scene.Battle_Scene_C' with ClassGeneratedBy '/Game/Maps-Levels/Battle_Scene.Battle_Scene:PersistentLevel.Battle_Scene'
[2017.02.27-01.46.43:385][779]LogTemp: Repeting last play command: Selected Viewport
[2017.02.27-01.46.43:420][779]LogBlueprintUserMessages: Early PlayInEditor Detection: Level '/Game/Maps-Levels/Battle_Scene.Battle_Scene:PersistentLevel' has LevelScriptBlueprint '/Game/Maps-Levels/Battle_Scene.Battle_Scene:PersistentLevel.Battle_Scene' with GeneratedClass '/Game/Maps-Levels/Battle_Scene.Battle_Scene_C' with ClassGeneratedBy '/Game/Maps-Levels/Battle_Scene.Battle_Scene:PersistentLevel.Battle_Scene'
[2017.02.27-01.46.43:420][779]LogPlayLevel: PlayLevel: No blueprints needed recompiling
[2017.02.27-01.46.43:420][779]PIE: New page: PIE session: Battle_Scene (Feb 26, 2017, 3:46:43 PM)
[2017.02.27-01.46.43:420][779]LogPlayLevel: Creating play world package: /Game/Maps-Levels/UEDPIE_0_Battle_Scene
[2017.02.27-01.46.43:423][779]LogPlayLevel: PIE: StaticDuplicateObject took: (0.003009s)
[2017.02.27-01.46.43:424][779]LogAIModule: Creating AISystem for world Battle_Scene
[2017.02.27-01.46.43:425][779]LogPlayLevel: PIE: World Init took: (0.001269s)
[2017.02.27-01.46.43:425][779]LogPlayLevel: PIE: Created PIE world by copying editor world from /Game/Maps-Levels/Battle_Scene.Battle_Scene to /Game/Maps-Levels/UEDPIE_0_Battle_Scene.Battle_Scene (0.004591s)
[2017.02.27-01.46.43:461][779]LogInit: XAudio2 using 'Speakers (Realtek High Definition Audio)' : 2 channels at 48 kHz using 32 bits per sample (channel mask 0x3)
[2017.02.27-01.46.43:478][779]LogInit: FAudioDevice initialized.
[2017.02.27-01.46.43:509][779]LogLoad: Game class is 'abyssBattleScene_C'
[2017.02.27-01.46.43:513][779]LogWorld: Bringing World /Game/Maps-Levels/UEDPIE_0_Battle_Scene.Battle_Scene up for play (max tick rate 0) at 2017.02.26-20.46.43
[2017.02.27-01.46.43:513][779]LogWorld: Bringing up level for play took: 0.001527
[2017.02.27-01.46.43:516][779]PIE: Info Play in editor start time for /Game/Maps-Levels/UEDPIE_0_Battle_Scene -0.524
[2017.02.27-01.46.43:517][779]LogBlueprintUserMessages: Late PlayInEditor Detection: Level '/Game/Maps-Levels/Battle_Scene.Battle_Scene:PersistentLevel' has LevelScriptBlueprint '/Game/Maps-Levels/Battle_Scene.Battle_Scene:PersistentLevel.Battle_Scene' with GeneratedClass '/Game/Maps-Levels/Battle_Scene.Battle_Scene_C' with ClassGeneratedBy '/Game/Maps-Levels/Battle_Scene.Battle_Scene:PersistentLevel.Battle_Scene'
[2017.02.27-01.47.10:233][744]LogBlueprintUserMessages: Early EndPlayMap Detection: Level '/Game/Maps-Levels/Battle_Scene.Battle_Scene:PersistentLevel' has LevelScriptBlueprint '/Game/Maps-Levels/Battle_Scene.Battle_Scene:PersistentLevel.Battle_Scene' with GeneratedClass '/Game/Maps-Levels/Battle_Scene.Battle_Scene_C' with ClassGeneratedBy '/Game/Maps-Levels/Battle_Scene.Battle_Scene:PersistentLevel.Battle_Scene'
[2017.02.27-01.47.10:273][744]LogBlueprintUserMessages: Late EndPlayMap Detection: Level '/Game/Maps-Levels/Battle_Scene.Battle_Scene:PersistentLevel' has LevelScriptBlueprint '/Game/Maps-Levels/Battle_Scene.Battle_Scene:PersistentLevel.Battle_Scene' with GeneratedClass '/Game/Maps-Levels/Battle_Scene.Battle_Scene_C' with ClassGeneratedBy '/Game/Maps-Levels/Battle_Scene.Battle_Scene:PersistentLevel.Battle_Scene'
[2017.02.27-01.49.12:808][241]LogSavePackage: Save=152.70ms
[2017.02.27-01.49.12:808][241]LogSavePackage: Moving 'C:/Users/nathan/Desktop/ChimeraGames/Abyss/Saved/Battle_Scene_Auto335335B4445B3807A3AB4D8AC06BFAEF5.tmp' to 'C:/Users/nathan/Desktop/ChimeraGames/Abyss/Saved/Autosaves/Game/Maps-Levels/Battle_Scene_Auto3.umap'
[2017.02.27-01.49.12:811][241]LogSavePackage:Display: Finished SavePackage C:/Users/nathan/Desktop/ChimeraGames/Abyss/Saved/Autosaves/Game/Maps-Levels/Battle_Scene_Auto3.umap
[2017.02.27-01.49.12:814][241]LogFileHelpers: Editor autosave (incl. sublevels) for '/Game/Maps-Levels/Battle_Scene' took 0.217
[2017.02.27-01.49.12:814][241]LogFileHelpers: Editor autosave (incl. sublevels) for all levels took 0.217
[2017.02.27-01.49.12:817][241]OBJ SavePackage: Generating thumbnails for [0] asset(s) in package [/Game/UMG/BattleHUD] ([1] browsable assets)...
[2017.02.27-01.49.12:817][241]OBJ SavePackage: Finished generating thumbnails for package [/Game/UMG/BattleHUD]
[2017.02.27-01.49.12:817][241]Cmd: OBJ SAVEPACKAGE PACKAGE="/Game/UMG/BattleHUD" FILE="C:/Users/nathan/Desktop/ChimeraGames/Abyss/Saved/Autosaves/Game/UMG/BattleHUD_Auto3.uasset" SILENT=false AUTOSAVING=true
[2017.02.27-01.49.12:876][241]LogSavePackage: Save=33.68ms
[2017.02.27-01.49.12:876][241]LogSavePackage: Moving 'C:/Users/nathan/Desktop/ChimeraGames/Abyss/Saved/BattleHUD_Auto378B766104EC90DB4F03A9CB27A2FD170.tmp' to 'C:/Users/nathan/Desktop/ChimeraGames/Abyss/Saved/Autosaves/Game/UMG/BattleHUD_Auto3.uasset'
[2017.02.27-01.49.12:878][241]LogSavePackage:Display: Finished SavePackage C:/Users/nathan/Desktop/ChimeraGames/Abyss/Saved/Autosaves/Game/UMG/BattleHUD_Auto3.uasset
[2017.02.27-01.49.12:878][241]LogFileHelpers: Auto-saving content packages took 0.062
[2017.02.27-01.54.18:602][339]BlueprintLog: New page: Compile Battle_Scene
[2017.02.27-01.54.25:200][880]Cmd: OBJ SAVEPACKAGE PACKAGE="/Game/Maps-Levels/Battle_Scene" FILE="C:/Users/nathan/Desktop/ChimeraGames/Abyss/Content/Maps-Levels/Battle_Scene.umap" SILENT=true AUTOSAVING=false KEEPDIRTY=false
[2017.02.27-01.54.25:418][880]LogSavePackage: Save=163.34ms
[2017.02.27-01.54.25:418][880]LogSavePackage: Moving 'C:/Users/nathan/Desktop/ChimeraGames/Abyss/Saved/Battle_Scene5B7BFAE14916960DB0D56F9B3BDD99BB.tmp' to 'C:/Users/nathan/Desktop/ChimeraGames/Abyss/Content/Maps-Levels/Battle_Scene.umap'
