Log file open, 03/08/17 13:38:52
LogInit:Display: Running engine for game: Abyss
LogPlatformFile: Not using cached read wrapper
LogInit:Display: RandInit(380667809) SRandInit(380667809).
LogTaskGraph: Started task graph with 5 named threads and 8 total threads with 1 sets of task threads.
LogStats: Stats thread started at 0.119718
LogPluginManager: Loaded Plugin Paper2D, From C:/Program Files/Epic Games/UE_4.14/Engine/Plugins/2D/Paper2D/Paper2D.uplugin
LogPluginManager: Loaded Plugin LightPropagationVolume, From C:/Program Files/Epic Games/UE_4.14/Engine/Plugins/Blendables/LightPropagationVolume/LightPropagationVolume.uplugin
LogPluginManager: Loaded Plugin BlankPlugin, From C:/Program Files/Epic Games/UE_4.14/Engine/Plugins/Developer/BlankPlugin/BlankPlugin.uplugin
LogPluginManager: Loaded Plugin CodeLiteSourceCodeAccess, From C:/Program Files/Epic Games/UE_4.14/Engine/Plugins/Developer/CodeLiteSourceCodeAccess/CodeLiteSourceCodeAccess.uplugin
LogPluginManager: Loaded Plugin GitSourceControl, From C:/Program Files/Epic Games/UE_4.14/Engine/Plugins/Developer/GitSourceControl/GitSourceControl.uplugin
LogPluginManager: Loaded Plugin KDevelopSourceCodeAccess, From C:/Program Files/Epic Games/UE_4.14/Engine/Plugins/Developer/KDevelopSourceCodeAccess/KDevelopSourceCodeAccess.uplugin
LogPluginManager: Loaded Plugin NullSourceCodeAccess, From C:/Program Files/Epic Games/UE_4.14/Engine/Plugins/Developer/NullSourceCodeAccess/NullSourceCodeAccess.uplugin
LogPluginManager: Loaded Plugin OneSkyLocalizationService, From C:/Program Files/Epic Games/UE_4.14/Engine/Plugins/Developer/OneSkyLocalizationService/OneSkyLocalizationService.uplugin
LogPluginManager: Loaded Plugin PerforceSourceControl, From C:/Program Files/Epic Games/UE_4.14/Engine/Plugins/Developer/PerforceSourceControl/PerforceSourceControl.uplugin
LogPluginManager: Loaded Plugin SubversionSourceControl, From C:/Program Files/Epic Games/UE_4.14/Engine/Plugins/Developer/SubversionSourceControl/SubversionSourceControl.uplugin
LogPluginManager: Loaded Plugin UObjectPlugin, From C:/Program Files/Epic Games/UE_4.14/Engine/Plugins/Developer/UObjectPlugin/UObjectPlugin.uplugin
LogPluginManager: Loaded Plugin VisualStudioSourceCodeAccess, From C:/Program Files/Epic Games/UE_4.14/Engine/Plugins/Developer/VisualStudioSourceCodeAccess/VisualStudioSourceCodeAccess.uplugin
LogPluginManager: Loaded Plugin XCodeSourceCodeAccess, From C:/Program Files/Epic Games/UE_4.14/Engine/Plugins/Developer/XCodeSourceCodeAccess/XCodeSourceCodeAccess.uplugin
LogPluginManager: Loaded Plugin AudioCapture, From C:/Program Files/Epic Games/UE_4.14/Engine/Plugins/Editor/AudioCapture/AudioCapture.uplugin
LogPluginManager: Loaded Plugin EpicSurvey, From C:/Program Files/Epic Games/UE_4.14/Engine/Plugins/Editor/EpicSurvey/EpicSurvey.uplugin
LogPluginManager: Loaded Plugin MacGraphicsSwitching, From C:/Program Files/Epic Games/UE_4.14/Engine/Plugins/Editor/MacGraphicsSwitching/MacGraphicsSwitching.uplugin
LogPluginManager: Loaded Plugin MobileLauncherProfileWizard, From C:/Program Files/Epic Games/UE_4.14/Engine/Plugins/Editor/MobileLauncherProfileWizard/MobileLauncherProfileWizard.uplugin
LogPluginManager: Loaded Plugin PluginBrowser, From C:/Program Files/Epic Games/UE_4.14/Engine/Plugins/Editor/PluginBrowser/PluginBrowser.uplugin
LogPluginManager: Loaded Plugin SpeedTreeImporter, From C:/Program Files/Epic Games/UE_4.14/Engine/Plugins/Editor/SpeedTreeImporter/SpeedTreeImporter.uplugin
LogPluginManager: Loaded Plugin SuperSearchEditor, From C:/Program Files/Epic Games/UE_4.14/Engine/Plugins/Editor/SuperSearchEditor/SuperSearchEditor.uplugin
LogPluginManager: Loaded Plugin AlembicImporter, From C:/Program Files/Epic Games/UE_4.14/Engine/Plugins/Experimental/AlembicImporter/AlembicImporter.uplugin
LogPluginManager: Loaded Plugin BlueprintStats, From C:/Program Files/Epic Games/UE_4.14/Engine/Plugins/Experimental/BlueprintStats/BlueprintStats.uplugin
LogPluginManager: Loaded Plugin CharacterAI, From C:/Program Files/Epic Games/UE_4.14/Engine/Plugins/Experimental/CharacterAI/CharacterAI.uplugin
LogPluginManager: Loaded Plugin CodeEditor, From C:/Program Files/Epic Games/UE_4.14/Engine/Plugins/Experimental/CodeEditor/CodeEditor.uplugin
LogPluginManager: Loaded Plugin CodeView, From C:/Program Files/Epic Games/UE_4.14/Engine/Plugins/Experimental/CodeView/CodeView.uplugin
LogPluginManager: Loaded Plugin HTML5Networking, From C:/Program Files/Epic Games/UE_4.14/Engine/Plugins/Experimental/HTML5Networking/HTML5Networking.uplugin
LogPluginManager: Loaded Plugin OSVR, From C:/Program Files/Epic Games/UE_4.14/Engine/Plugins/Experimental/OSVR/OSVR.uplugin
LogPluginManager: Loaded Plugin Phya, From C:/Program Files/Epic Games/UE_4.14/Engine/Plugins/Experimental/Phya/Phya.uplugin
LogPluginManager: Loaded Plugin SignificanceManager, From C:/Program Files/Epic Games/UE_4.14/Engine/Plugins/Experimental/SignificanceManager/SignificanceManager.uplugin
LogPluginManager: Loaded Plugin SimpleHMD, From C:/Program Files/Epic Games/UE_4.14/Engine/Plugins/Experimental/SimpleHMD/SimpleHMD.uplugin
LogPluginManager: Loaded Plugin StereoPanorama, From C:/Program Files/Epic Games/UE_4.14/Engine/Plugins/Experimental/StereoPanorama/StereoPanorama.uplugin
LogPluginManager: Loaded Plugin StructBox, From C:/Program Files/Epic Games/UE_4.14/Engine/Plugins/Experimental/StructBox/StructBox.uplugin
LogPluginManager: Loaded Plugin AndroidMedia, From C:/Program Files/Epic Games/UE_4.14/Engine/Plugins/Media/AndroidMedia/AndroidMedia.uplugin
LogPluginManager: Loaded Plugin AvfMedia, From C:/Program Files/Epic Games/UE_4.14/Engine/Plugins/Media/AvfMedia/AvfMedia.uplugin
LogPluginManager: Loaded Plugin MediaPlayerEditor, From C:/Program Files/Epic Games/UE_4.14/Engine/Plugins/Media/MediaPlayerEditor/MediaPlayerEditor.uplugin
LogPluginManager: Loaded Plugin WmfMedia, From C:/Program Files/Epic Games/UE_4.14/Engine/Plugins/Media/WmfMedia/WmfMedia.uplugin
LogPluginManager: Loaded Plugin MessagingDebugger, From C:/Program Files/Epic Games/UE_4.14/Engine/Plugins/Messaging/MessagingDebugger/MessagingDebugger.uplugin
LogPluginManager: Loaded Plugin TcpMessaging, From C:/Program Files/Epic Games/UE_4.14/Engine/Plugins/Messaging/TcpMessaging/TcpMessaging.uplugin
LogPluginManager: Loaded Plugin UdpMessaging, From C:/Program Files/Epic Games/UE_4.14/Engine/Plugins/Messaging/UdpMessaging/UdpMessaging.uplugin
LogPluginManager: Loaded Plugin LevelSequenceEditor, From C:/Program Files/Epic Games/UE_4.14/Engine/Plugins/MovieScene/LevelSequenceEditor/LevelSequenceEditor.uplugin
LogPluginManager: Loaded Plugin MatineeToLevelSequence, From C:/Program Files/Epic Games/UE_4.14/Engine/Plugins/MovieScene/MatineeToLevelSequence/MatineeToLevelSequence.uplugin
LogPluginManager: Loaded Plugin NetcodeUnitTest, From C:/Program Files/Epic Games/UE_4.14/Engine/Plugins/NetcodeUnitTest/NetcodeUnitTest/NetcodeUnitTest.uplugin
LogPluginManager: Loaded Plugin NUTUnrealEngine4, From C:/Program Files/Epic Games/UE_4.14/Engine/Plugins/NetcodeUnitTest/NUTUnrealEngine4/NUTUnrealEngine4.uplugin
LogPluginManager: Loaded Plugin OnlineSubsystemGameCircle, From C:/Program Files/Epic Games/UE_4.14/Engine/Plugins/Online/Android/OnlineSubsystemGameCircle/OnlineSubsystemGameCircle.uplugin
LogPluginManager: Loaded Plugin OnlineSubsystemGooglePlay, From C:/Program Files/Epic Games/UE_4.14/Engine/Plugins/Online/Android/OnlineSubsystemGooglePlay/OnlineSubsystemGooglePlay.uplugin
LogPluginManager: Loaded Plugin OnlineSubsystemIOS, From C:/Program Files/Epic Games/UE_4.14/Engine/Plugins/Online/IOS/OnlineSubsystemIOS/OnlineSubsystemIOS.uplugin
LogPluginManager: Loaded Plugin OnlineFramework, From C:/Program Files/Epic Games/UE_4.14/Engine/Plugins/Online/OnlineFramework/OnlineFramework.uplugin
LogPluginManager: Loaded Plugin OnlineSubsystem, From C:/Program Files/Epic Games/UE_4.14/Engine/Plugins/Online/OnlineSubsystem/OnlineSubsystem.uplugin
LogPluginManager: Loaded Plugin OnlineSubsystemAmazon, From C:/Program Files/Epic Games/UE_4.14/Engine/Plugins/Online/OnlineSubsystemAmazon/OnlineSubsystemAmazon.uplugin
LogPluginManager: Loaded Plugin OnlineSubsystemFacebook, From C:/Program Files/Epic Games/UE_4.14/Engine/Plugins/Online/OnlineSubsystemFacebook/OnlineSubsystemFacebook.uplugin
LogPluginManager: Loaded Plugin OnlineSubsystemNull, From C:/Program Files/Epic Games/UE_4.14/Engine/Plugins/Online/OnlineSubsystemNull/OnlineSubsystemNull.uplugin
LogPluginManager: Loaded Plugin OnlineSubsystemOculus, From C:/Program Files/Epic Games/UE_4.14/Engine/Plugins/Online/OnlineSubsystemOculus/OnlineSubsystemOculus.uplugin
LogPluginManager: Loaded Plugin OnlineSubsystemSteam, From C:/Program Files/Epic Games/UE_4.14/Engine/Plugins/Online/OnlineSubsystemSteam/OnlineSubsystemSteam.uplugin
LogPluginManager: Loaded Plugin OnlineSubsystemUtils, From C:/Program Files/Epic Games/UE_4.14/Engine/Plugins/Online/OnlineSubsystemUtils/OnlineSubsystemUtils.uplugin
LogPluginManager: Loaded Plugin IOSTapJoy, From C:/Program Files/Epic Games/UE_4.14/Engine/Plugins/Runtime/Advertising/IOSTapJoy/IOSTapJoy.uplugin
LogPluginManager: Loaded Plugin AnalyticsBlueprintLibrary, From C:/Program Files/Epic Games/UE_4.14/Engine/Plugins/Runtime/Analytics/AnalyticsBlueprintLibrary/AnalyticsBlueprintLibrary.uplugin
LogPluginManager: Loaded Plugin AnalyticsMulticast, From C:/Program Files/Epic Games/UE_4.14/Engine/Plugins/Runtime/Analytics/AnalyticsMulticast/AnalyticsMulticast.uplugin
LogPluginManager: Loaded Plugin Apsalar, From C:/Program Files/Epic Games/UE_4.14/Engine/Plugins/Runtime/Analytics/Apsalar/Apsalar.uplugin
LogPluginManager: Loaded Plugin FileLogging, From C:/Program Files/Epic Games/UE_4.14/Engine/Plugins/Runtime/Analytics/FileLogging/FileLogging.uplugin
LogPluginManager: Loaded Plugin Flurry, From C:/Program Files/Epic Games/UE_4.14/Engine/Plugins/Runtime/Analytics/Flurry/Flurry.uplugin
LogPluginManager: Loaded Plugin AndroidDeviceProfileSelector, From C:/Program Files/Epic Games/UE_4.14/Engine/Plugins/Runtime/AndroidDeviceProfileSelector/AndroidDeviceProfileSelector.uplugin
LogPluginManager: Loaded Plugin AndroidMoviePlayer, From C:/Program Files/Epic Games/UE_4.14/Engine/Plugins/Runtime/AndroidMoviePlayer/AndroidMoviePlayer.uplugin
LogPluginManager: Loaded Plugin AppleMoviePlayer, From C:/Program Files/Epic Games/UE_4.14/Engine/Plugins/Runtime/AppleMoviePlayer/AppleMoviePlayer.uplugin
LogPluginManager: Loaded Plugin ArchVisCharacter, From C:/Program Files/Epic Games/UE_4.14/Engine/Plugins/Runtime/ArchVisCharacter/ArchVisCharacter.uplugin
LogPluginManager: Loaded Plugin CableComponent, From C:/Program Files/Epic Games/UE_4.14/Engine/Plugins/Runtime/CableComponent/CableComponent.uplugin
LogPluginManager: Loaded Plugin CustomMeshComponent, From C:/Program Files/Epic Games/UE_4.14/Engine/Plugins/Runtime/CustomMeshComponent/CustomMeshComponent.uplugin
LogPluginManager: Loaded Plugin ExampleDeviceProfileSelector, From C:/Program Files/Epic Games/UE_4.14/Engine/Plugins/Runtime/ExampleDeviceProfileSelector/ExampleDeviceProfileSelector.uplugin
LogPluginManager: Loaded Plugin GearVR, From C:/Program Files/Epic Games/UE_4.14/Engine/Plugins/Runtime/GearVR/GearVR.uplugin
LogPluginManager: Loaded Plugin GoogleVRController, From C:/Program Files/Epic Games/UE_4.14/Engine/Plugins/Runtime/GoogleVR/GoogleVRController/GoogleVRController.uplugin
LogPluginManager: Loaded Plugin GoogleVRHMD, From C:/Program Files/Epic Games/UE_4.14/Engine/Plugins/Runtime/GoogleVR/GoogleVRHMD/GoogleVRHMD.uplugin
LogPluginManager: Loaded Plugin IOSDeviceProfileSelector, From C:/Program Files/Epic Games/UE_4.14/Engine/Plugins/Runtime/IOSDeviceProfileSelector/IOSDeviceProfileSelector.uplugin
LogPluginManager: Loaded Plugin LeapMotion, From C:/Program Files/Epic Games/UE_4.14/Engine/Plugins/Runtime/LeapMotion/LeapMotion.uplugin
LogPluginManager: Loaded Plugin LinuxDeviceProfileSelector, From C:/Program Files/Epic Games/UE_4.14/Engine/Plugins/Runtime/LinuxDeviceProfileSelector/LinuxDeviceProfileSelector.uplugin
LogPluginManager: Loaded Plugin MIDIDevice, From C:/Program Files/Epic Games/UE_4.14/Engine/Plugins/Runtime/MIDIDevice/MIDIDevice.uplugin
LogPluginManager: Loaded Plugin MobilePatchingUtils, From C:/Program Files/Epic Games/UE_4.14/Engine/Plugins/Runtime/MobilePatchingUtils/MobilePatchingUtils.uplugin
LogPluginManager: Loaded Plugin Ansel, From C:/Program Files/Epic Games/UE_4.14/Engine/Plugins/Runtime/Nvidia/Ansel/Ansel.uplugin
LogPluginManager: Loaded Plugin OculusAudio, From C:/Program Files/Epic Games/UE_4.14/Engine/Plugins/Runtime/OculusAudio/OculusAudio.uplugin
LogPluginManager: Loaded Plugin OculusInput, From C:/Program Files/Epic Games/UE_4.14/Engine/Plugins/Runtime/OculusInput/OculusInput.uplugin
LogPluginManager: Loaded Plugin OculusLibrary, From C:/Program Files/Epic Games/UE_4.14/Engine/Plugins/Runtime/OculusLibrary/OculusLibrary.uplugin
LogPluginManager: Loaded Plugin OculusRift, From C:/Program Files/Epic Games/UE_4.14/Engine/Plugins/Runtime/OculusRift/OculusRift.uplugin
LogPluginManager: Loaded Plugin Oodle, From C:/Program Files/Epic Games/UE_4.14/Engine/Plugins/Runtime/PacketHandlers/CompressionComponents/Oodle/Oodle.uplugin
LogPluginManager: Loaded Plugin ProceduralMeshComponent, From C:/Program Files/Epic Games/UE_4.14/Engine/Plugins/Runtime/ProceduralMeshComponent/ProceduralMeshComponent.uplugin
LogPluginManager: Loaded Plugin SoundMod, From C:/Program Files/Epic Games/UE_4.14/Engine/Plugins/Runtime/SoundMod/SoundMod.uplugin
LogPluginManager: Loaded Plugin SoundVisualizations, From C:/Program Files/Epic Games/UE_4.14/Engine/Plugins/Runtime/SoundVisualizations/SoundVisualizations.uplugin
LogPluginManager: Loaded Plugin SteamController, From C:/Program Files/Epic Games/UE_4.14/Engine/Plugins/Runtime/Steam/SteamController/SteamController.uplugin
LogPluginManager: Loaded Plugin SteamVR, From C:/Program Files/Epic Games/UE_4.14/Engine/Plugins/Runtime/Steam/SteamVR/SteamVR.uplugin
LogPluginManager: Loaded Plugin WebBrowserWidget, From C:/Program Files/Epic Games/UE_4.14/Engine/Plugins/Runtime/WebBrowserWidget/WebBrowserWidget.uplugin
LogPluginManager: Loaded Plugin WindowsDeviceProfileSelector, From C:/Program Files/Epic Games/UE_4.14/Engine/Plugins/Runtime/WindowsDeviceProfileSelector/WindowsDeviceProfileSelector.uplugin
LogPluginManager: Loaded Plugin WindowsMoviePlayer, From C:/Program Files/Epic Games/UE_4.14/Engine/Plugins/Runtime/WindowsMoviePlayer/WindowsMoviePlayer.uplugin
LogPluginManager: Loaded Plugin ScriptPlugin, From C:/Program Files/Epic Games/UE_4.14/Engine/Plugins/ScriptPlugin/ScriptPlugin.uplugin
LogPluginManager: Loaded Plugin SlateRemote, From C:/Program Files/Epic Games/UE_4.14/Engine/Plugins/Slate/SlateRemote/SlateRemote.uplugin
LogPluginManager: Loaded Plugin EditorTests, From C:/Program Files/Epic Games/UE_4.14/Engine/Plugins/Tests/EditorTests/EditorTests.uplugin
LogPluginManager: Loaded Plugin FbxAutomationTestBuilder, From C:/Program Files/Epic Games/UE_4.14/Engine/Plugins/Tests/FbxAutomationTestBuilder/FbxAutomationTestBuilder.uplugin
LogPluginManager: Loaded Plugin FunctionalTestingEditor, From C:/Program Files/Epic Games/UE_4.14/Engine/Plugins/Tests/FunctionalTestingEditor/FunctionalTestingEditor.uplugin
LogPluginManager: Loaded Plugin RuntimeTests, From C:/Program Files/Epic Games/UE_4.14/Engine/Plugins/Tests/RuntimeTests/RuntimeTests.uplugin
LogPluginManager: Loaded Plugin ScreenshotTools, From C:/Program Files/Epic Games/UE_4.14/Engine/Plugins/Tests/ScreenshotTools/ScreenshotTools.uplugin
LogInit: Using libcurl 7.47.1
LogInit:  - built for x86_64-pc-win32
LogInit:  - supports SSL with OpenSSL/1.0.2g
LogInit:  - supports HTTP deflate (compression) using libz 1.2.8
LogInit:  - other features:
LogInit:      CURL_VERSION_SSL
LogInit:      CURL_VERSION_LIBZ
LogInit:      CURL_VERSION_IPV6
LogInit:      CURL_VERSION_ASYNCHDNS
LogInit:      CURL_VERSION_LARGEFILE
LogInit:      CURL_VERSION_IDN
LogInit:  CurlRequestOptions (configurable via config and command line):
LogInit:  - bVerifyPeer = false  - Libcurl will NOT verify peer certificate
LogInit:  - bUseHttpProxy = false  - Libcurl will NOT use HTTP proxy
LogInit:  - bDontReuseConnections = false  - Libcurl will reuse connections
LogInit:  - CertBundlePath = nullptr  - Libcurl will use whatever was configured at build time.
LogInit: Build: ++UE4+Release-4.14-CL-3249277
LogInit: Engine Version: 4.14.3-3249277+++UE4+Release-4.14
LogInit: Compatible Engine Version: 4.14.0-3195953+++UE4+Release-4.14
LogInit: Net CL: 3195953
LogDevObjectVersion: Number of dev versions registered: 13
LogDevObjectVersion:   Dev-Blueprints (B0D832E4-1F89-4F0D-ACCF-7EB736FD4AA2): 7
LogDevObjectVersion:   Dev-Build (E1C64328-A22C-4D53-A36C-8E866417BD8C): 0
LogDevObjectVersion:   Dev-Core (375EC13C-06E4-48FB-B500-84F0262A717E): 1
LogDevObjectVersion:   Dev-Editor (E4B068ED-F494-42E9-A231-DA0B2E46BB41): 8
LogDevObjectVersion:   Dev-Framework (CFFC743F-43B0-4480-9391-14DF171D2073): 17
LogDevObjectVersion:   Dev-Mobile (B02B49B5-BB20-44E9-A304-32B752E40360): 0
LogDevObjectVersion:   Dev-Networking (A4E4105C-59A1-49B5-A7C5-40C4547EDFEE): 0
LogDevObjectVersion:   Dev-Online (39C831C9-5AE6-47DC-9A44-9C173E1C8E7C): 0
LogDevObjectVersion:   Dev-Physics (78F01B33-EBEA-4F98-B9B4-84EACCB95AA2): 0
LogDevObjectVersion:   Dev-Platform (6631380F-2D4D-43E0-8009-CF276956A95A): 0
LogDevObjectVersion:   Dev-Rendering (12F88B9F-8875-4AFC-A67C-D90C383ABD29): 12
LogDevObjectVersion:   Dev-Sequencer (7B5AE74C-D270-4C10-A958-57980B212A5A): 1
LogDevObjectVersion:   Dev-VR (D7296918-1DD6-4BDD-9DE2-64A83CC13884): 0
LogInit: Compiled (64-bit): Jan  6 2017 10:49:43
LogInit: Compiled with Visual C++: 19.00.23026.00
LogInit: Build Configuration: Development
LogInit: Branch Name: ++UE4+Release-4.14
LogInit: Command line:  /Temp/Autosaves/Game/Maps-Levels/Fort/UEDPCFort_Exploration -game -PIEVIACONSOLE -ResX=1280 -ResY=720  -Multiprocess -messaging -SessionName="Play in Standalone Game" -windowed 
LogInit: Base directory: C:/Program Files/Epic Games/UE_4.14/Engine/Binaries/Win64/
LogInit: Installed Engine Build: 1
LogInit: Presizing for max 8388607 objects, including 0 objects not considered by GC, pre-allocating 0 bytes for permanent pool.
LogInit: Object subsystem initialized
[2017.03.08-18.38.52:819][  0]LogInit: Selected Device Profile: [Windows]
[2017.03.08-18.38.52:819][  0]LogInit: Applying CVar settings loaded from the selected device profile: [Windows]
[2017.03.08-18.38.52:832][  0]LogInit: Computer: ARCTURUS
[2017.03.08-18.38.52:832][  0]LogInit: User: Braden
[2017.03.08-18.38.52:832][  0]LogInit: CPU Page size=65536, Cores=4
[2017.03.08-18.38.52:832][  0]LogInit: High frequency timer resolution =2.338341 MHz
[2017.03.08-18.38.52:832][  0]LogMemory: Memory total: Physical=7.9GB (8GB approx)
[2017.03.08-18.38.52:832][  0]LogMemory: Platform Memory Stats for Windows
[2017.03.08-18.38.52:832][  0]LogMemory: Process Physical Memory: 264.87 MB used, 264.87 MB peak
[2017.03.08-18.38.52:832][  0]LogMemory: Process Virtual Memory: 262.55 MB used, 262.55 MB peak
[2017.03.08-18.38.52:832][  0]LogMemory: Physical Memory: 6777.93 MB used,  1326.34 MB free, 8104.27 MB total
[2017.03.08-18.38.52:832][  0]LogMemory: Virtual Memory: 689.43 MB used,  1326.34 MB free, 134217728.00 MB total
[2017.03.08-18.38.52:889][  0]LogTextLocalizationManager: No specific translations for ('en-US') exist, so ('en') translations will be used.
[2017.03.08-18.38.53:852][  0]LogD3D11RHI: D3D11 adapters:
[2017.03.08-18.38.53:903][  0]LogD3D11RHI:    0. 'Intel(R) HD Graphics 4600' (Feature Level 11_0)
[2017.03.08-18.38.53:903][  0]LogD3D11RHI:       0/0/1792 MB DedicatedVideo/DedicatedSystem/SharedSystem, Outputs:2, VendorId:0x8086
[2017.03.08-18.38.53:949][  0]LogD3D11RHI:    1. 'NVIDIA GeForce GT 755M' (Feature Level 11_0)
[2017.03.08-18.38.53:949][  0]LogD3D11RHI:       1977/0/4052 MB DedicatedVideo/DedicatedSystem/SharedSystem, Outputs:0, VendorId:0x10de
[2017.03.08-18.38.53:951][  0]LogD3D11RHI:    2. 'Microsoft Basic Render Driver' (Feature Level 11_0)
[2017.03.08-18.38.53:951][  0]LogD3D11RHI:       0/0/256 MB DedicatedVideo/DedicatedSystem/SharedSystem, Outputs:0, VendorId:0x1414
[2017.03.08-18.38.53:951][  0]LogD3D11RHI: Chosen D3D11 Adapter: 1
[2017.03.08-18.38.53:963][  0]LogD3D11RHI: Creating new Direct3DDevice
[2017.03.08-18.38.53:963][  0]LogD3D11RHI:     GPU DeviceId: 0xfcd (for the marketing name, search the web for "GPU Device Id")
[2017.03.08-18.38.53:963][  0]LogWindows: EnumDisplayDevices:
[2017.03.08-18.38.53:963][  0]LogWindows:    0. 'Intel(R) HD Graphics 4600' (P:1 D:1)
[2017.03.08-18.38.53:964][  0]LogWindows:    1. 'Intel(R) HD Graphics 4600' (P:0 D:1)
[2017.03.08-18.38.53:964][  0]LogWindows:    2. 'Intel(R) HD Graphics 4600' (P:0 D:0)
[2017.03.08-18.38.53:964][  0]LogWindows:    3. 'NVIDIA GeForce GT 755M' (P:0 D:0)
[2017.03.08-18.38.53:964][  0]LogWindows: DebugString: PrimaryIsNotTheChoosenAdapter PrimaryIsNotTheChoosenAdapter PrimaryIsNotTheChoosenAdapter 
[2017.03.08-18.38.53:964][  0]LogD3D11RHI:     Adapter Name: NVIDIA GeForce GT 755M
[2017.03.08-18.38.53:964][  0]LogD3D11RHI:   Driver Version: 378.66 (internal:21.21.13.7866, unified:378.66)
[2017.03.08-18.38.53:964][  0]LogD3D11RHI:      Driver Date: 2-9-2017
[2017.03.08-18.38.53:964][  0]LogRHI: Texture pool is 1361 MB (70% of 1945 MB)
[2017.03.08-18.38.53:998][  0]LogD3D11RHI:Warning: Timestamp queries are currently disabled on this hardware due to instability. Realtime GPU stats will not be available. You can override this behaviour by setting r.NVIDIATimestampWorkaround to 0
[2017.03.08-18.38.53:998][  0]LogD3D11RHI: Async texture creation enabled
[2017.03.08-18.38.54:020][  0]LogD3D11RHI: GPU Timing Frequency: 1000.000000 (Debug: 2 2)
[2017.03.08-18.38.54:021][  0]LogShaderCompilers: Guid format shader working directory is -19 characters bigger than the processId version (../../../../../../Users/Braden/Documents/GitHub/ChimeraGames/Abyss/Intermediate/Shaders/WorkingDirectory/9252/).
[2017.03.08-18.38.54:021][  0]LogShaderCompilers: Cleaned the shader compiler working directory 'C:/Users/Braden/AppData/Local/Temp/UnrealShaderWorkingDir/988A31284C709432AB29849D0E1EAE6A/'.
[2017.03.08-18.38.54:021][  0]LogShaderCompilers:Display: Using Local Shader Compiler.
[2017.03.08-18.38.55:689][  0]LogTemp:Display: Loaded TP WindowsClientTargetPlatform
[2017.03.08-18.38.55:761][  0]LogTemp:Display: Loaded TP WindowsNoEditorTargetPlatform
[2017.03.08-18.38.55:830][  0]LogTemp:Display: Loaded TP WindowsServerTargetPlatform
[2017.03.08-18.38.55:877][  0]LogTemp:Display: Loaded TP WindowsTargetPlatform
[2017.03.08-18.38.55:877][  0]LogTargetPlatformManager:Display: Building Assets For Windows
[2017.03.08-18.38.56:292][  0]LogDerivedDataCache:Display: Max Cache Size: 512 MB
[2017.03.08-18.38.56:409][  0]LogDerivedDataCache: Loaded boot cache 0.12s 52MB C:/Users/Braden/AppData/Local/UnrealEngine/4.14/DerivedDataCache/Boot.ddc.
[2017.03.08-18.38.56:409][  0]LogDerivedDataCache:Display: Loaded Boot cache: C:/Users/Braden/AppData/Local/UnrealEngine/4.14/DerivedDataCache/Boot.ddc
[2017.03.08-18.38.56:410][  0]LogDerivedDataCache: FDerivedDataBackendGraph:  Pak pak cache file ../../../../../../Users/Braden/Documents/GitHub/ChimeraGames/Abyss/DerivedDataCache/DDC.ddp not found, will not use a pak cache.
[2017.03.08-18.38.56:410][  0]LogDerivedDataCache: Unable to find inner node Pak for hierarchical cache Hierarchy.
[2017.03.08-18.38.56:410][  0]LogDerivedDataCache: FDerivedDataBackendGraph:  CompressedPak pak cache file ../../../../../../Users/Braden/Documents/GitHub/ChimeraGames/Abyss/DerivedDataCache/Compressed.ddp not found, will not use a pak cache.
[2017.03.08-18.38.56:410][  0]LogDerivedDataCache: Unable to find inner node CompressedPak for hierarchical cache Hierarchy.
[2017.03.08-18.38.56:443][  0]LogDerivedDataCache:Display: Pak cache opened for reading ../../../Engine/DerivedDataCache/Compressed.ddp.
[2017.03.08-18.38.56:456][  0]LogDerivedDataCache: Using Local data cache path C:/Users/Braden/AppData/Local/UnrealEngine/Common/DerivedDataCache: Writable
[2017.03.08-18.38.56:797][  0]LogAssetRegistry: FAssetRegistry took 0.0001 seconds to start up
[2017.03.08-18.38.56:806][  0]LogPackageLocalizationCache: Processed 3 localized package path(s) for 2 prioritized culture(s) in 0.008840 seconds
[2017.03.08-18.38.56:843][  0]LogInit: Selected Device Profile: [Windows]
[2017.03.08-18.38.56:846][  0]LogContentStreaming: Texture pool size is 1000.00 MB
[2017.03.08-18.38.57:126][  0]LogMeshUtilities: Using QuadricMeshReduction for automatic static mesh reduction
[2017.03.08-18.38.57:165][  0]LogSimplygon: Simplygon DLL not present - disabling.
[2017.03.08-18.38.57:212][  0]LogMeshUtilities: Using SimplygonSwarm for distributed automatic mesh merging
[2017.03.08-18.38.57:212][  0]LogMeshUtilities: No automatic skeletal mesh reduction module available
[2017.03.08-18.38.57:212][  0]LogMeshUtilities: No automatic mesh merging module available
[2017.03.08-18.38.58:032][  0]LogNetVersion: GetLocalNetworkVersion: CL: 3195953, ProjectName: abyss, ProjectVersion: , EngineNetworkVersion: 2, GameNetworkVersion: 0, NetworkChecksum: 1595127573
[2017.03.08-18.38.58:127][  0]LogInit: WinSock: version 1.1 (2.2), MaxSocks=32767, MaxUdp=65467
[2017.03.08-18.38.58:699][  0]LogSlate: Using Freetype 2.6.0
[2017.03.08-18.38.58:699][  0]LogSlate: SlateFontCache - WITH_FREETYPE: 1, WITH_HARFBUZZ: 1
[2017.03.08-18.38.58:699][  0]LogSlate: SlateFontCache - WITH_FREETYPE: 1, WITH_HARFBUZZ: 1
[2017.03.08-18.38.58:824][  0]LogMoviePlayer: Initializing movie player
[2017.03.08-18.38.58:933][  0]LogWindowsMoviePlayer: Unable to load movie: ../../../../../../Users/Braden/Documents/GitHub/ChimeraGames/Abyss/Content/Movies/Default_Startup.mp4
[2017.03.08-18.38.59:188][  0]SourceControl: Info Source control is disabled
[2017.03.08-18.38.59:188][  0]SourceControl: Info Source control is disabled
[2017.03.08-18.38.59:243][  0]SourceControl: Info Source control is disabled
[2017.03.08-18.38.59:605][  0]LogUObjectArray: 33239 objects as part of root set at end of initial load.
[2017.03.08-18.38.59:605][  0]LogUObjectAllocator: 7367304 out of 0 bytes used by permanent object pool.
[2017.03.08-18.38.59:605][  0]LogUObjectArray: CloseDisregardForGC: 0/0 objects in disregard for GC pool
[2017.03.08-18.38.59:714][  0]LogEngine: Initializing Engine...
[2017.03.08-18.38.59:917][  0]LogInit: XAudio2 using 'Speakers (Realtek High Definition Audio)' : 2 channels at 44.1 kHz using 16 bits per sample (channel mask 0x3)
[2017.03.08-18.38.59:934][  0]LogInit: FAudioDevice initialized.
[2017.03.08-18.38.59:968][  0]LogInit: Texture streaming: Enabled
[2017.03.08-18.38.59:993][  0]LogMaterial: Uniform references updated for custom material expression Custom.
[2017.03.08-18.39.00:374][  0]LogInit:Display: Game Engine Initialized.
[2017.03.08-18.39.00:473][  0]LogInit:Display: Starting Game.
[2017.03.08-18.39.00:473][  0]LogNet: Browse: /Temp/Autosaves/Game/Maps-Levels/Fort/UEDPCFort_Exploration?Name=Player
[2017.03.08-18.39.00:474][  0]LogLoad: LoadMap: /Temp/Autosaves/Game/Maps-Levels/Fort/UEDPCFort_Exploration?Name=Player
[2017.03.08-18.39.00:519][  0]LogMemory: Platform Memory Stats for Windows
[2017.03.08-18.39.00:519][  0]LogMemory: Process Physical Memory: 615.77 MB used, 659.74 MB peak
[2017.03.08-18.39.00:519][  0]LogMemory: Process Virtual Memory: 695.66 MB used, 695.67 MB peak
[2017.03.08-18.39.00:519][  0]LogMemory: Physical Memory: 7086.48 MB used,  1017.80 MB free, 8104.27 MB total
[2017.03.08-18.39.00:519][  0]LogMemory: Virtual Memory: 1331.34 MB used,  1017.80 MB free, 134217728.00 MB total
[2017.03.08-18.39.00:519][  0]LogMemory: 
[2017.03.08-18.39.00:519][  0]Allocator Stats for TBB: (not implemented)
[2017.03.08-18.39.01:561][  0]LogAIModule: Creating AISystem for world Fort_Exploration
[2017.03.08-18.39.01:562][  0]LogLoad: Game class is 'abyssExplorationMode_C'
[2017.03.08-18.39.01:575][  0]LogWorld: Bringing World /Temp/Autosaves/Game/Maps-Levels/Fort/UEDPCFort_Exploration.Fort_Exploration up for play (max tick rate 0) at 2017.03.08-13.39.01
[2017.03.08-18.39.01:576][  0]LogWorld: Bringing up level for play took: 0.012629
[2017.03.08-18.39.01:581][  0]LogLoad: Took 1.106811 seconds to LoadMap(/Temp/Autosaves/Game/Maps-Levels/Fort/UEDPCFort_Exploration)
[2017.03.08-18.39.01:910][  0]LogLoad: (Engine Initialization) Total time: 12.57 seconds
[2017.03.08-18.39.01:910][  0]LogLoad: (Engine Initialization) Total Blueprint compile time: 0.57 seconds
[2017.03.08-18.39.01:910][  0]LogExternalProfiler: Found external profiler: VSPerf
[2017.03.08-18.39.01:910][  0]LogExternalProfiler: Using external profiler: VSPerf
[2017.03.08-18.39.02:039][  2]LogRenderer: Reallocating scene render targets to support 1280x720 NumSamples 1 (Frame:2).
[2017.03.08-18.39.19:171][ 17]LogPackageName: SearchForPackageOnDisk took   0.096s to resolve Fort_Battle.umap.
[2017.03.08-18.39.19:260][ 18]LogPackageName: SearchForPackageOnDisk took   0.083s to resolve Fort_Battle.umap.
[2017.03.08-18.39.19:260][ 18]LogNet: Browse: /Game/Maps-Levels/Fort_Battle
[2017.03.08-18.39.19:260][ 18]LogLoad: LoadMap: /Game/Maps-Levels/Fort_Battle
[2017.03.08-18.39.19:342][ 18]LogMemory: Platform Memory Stats for Windows
[2017.03.08-18.39.19:342][ 18]LogMemory: Process Physical Memory: 697.55 MB used, 697.55 MB peak
[2017.03.08-18.39.19:342][ 18]LogMemory: Process Virtual Memory: 886.84 MB used, 889.38 MB peak
[2017.03.08-18.39.19:342][ 18]LogMemory: Physical Memory: 7182.46 MB used,  921.82 MB free, 8104.27 MB total
[2017.03.08-18.39.19:342][ 18]LogMemory: Virtual Memory: 1533.84 MB used,  921.82 MB free, 134217728.00 MB total
[2017.03.08-18.39.19:342][ 18]LogMemory: 
[2017.03.08-18.39.19:342][ 18]Allocator Stats for TBB: (not implemented)
[2017.03.08-18.39.20:133][ 18]LogAIModule: Creating AISystem for world Fort_Battle
[2017.03.08-18.39.20:133][ 18]LogLoad: Game class is 'abyssBattleScene_C'
[2017.03.08-18.39.20:141][ 18]LogWorld: Bringing World /Game/Maps-Levels/Fort_Battle.Fort_Battle up for play (max tick rate 0) at 2017.03.08-13.39.20
[2017.03.08-18.39.20:142][ 18]LogWorld: Bringing up level for play took: 0.007850
[2017.03.08-18.39.20:142][ 18]LogGameMode: Warning - PATHS NOT DEFINED or NO PLAYERSTART with positive rating
[2017.03.08-18.39.20:149][ 18]LogLoad: Took 0.888865 seconds to LoadMap(/Game/Maps-Levels/Fort_Battle)
[2017.03.08-18.39.38:613][154]LogBlueprintUserMessages: [BattleHUD_C_0] Enemy missed!
[2017.03.08-18.39.39:015][179]LogBlueprintUserMessages: [BattleHUD_C_0] Attack missed!
[2017.03.08-18.39.43:430][452]LogBlueprintUserMessages: [BattleHUD_C_0] Enemy missed!
[2017.03.08-18.39.44:789][536]LogBlueprintUserMessages: [BattleHUD_C_0] Enemy is dead
[2017.03.08-18.39.45:909][600]LogPackageName: SearchForPackageOnDisk took   0.088s to resolve Fort_Exploration.umap.
[2017.03.08-18.39.46:005][600]LogPackageName: SearchForPackageOnDisk took   0.094s to resolve Fort_Exploration.umap.
[2017.03.08-18.39.46:005][600]LogNet: Browse: /Game/Maps-Levels/Fort/Fort_Exploration
[2017.03.08-18.39.46:005][600]LogLoad: LoadMap: /Game/Maps-Levels/Fort/Fort_Exploration
[2017.03.08-18.39.46:062][600]LogMemory: Platform Memory Stats for Windows
[2017.03.08-18.39.46:062][600]LogMemory: Process Physical Memory: 707.98 MB used, 708.69 MB peak
[2017.03.08-18.39.46:062][600]LogMemory: Process Virtual Memory: 923.72 MB used, 970.41 MB peak
[2017.03.08-18.39.46:062][600]LogMemory: Physical Memory: 7183.12 MB used,  921.16 MB free, 8104.27 MB total
[2017.03.08-18.39.46:062][600]LogMemory: Virtual Memory: 1573.03 MB used,  921.16 MB free, 134217728.00 MB total
[2017.03.08-18.39.46:062][600]LogMemory: 
[2017.03.08-18.39.46:062][600]Allocator Stats for TBB: (not implemented)
[2017.03.08-18.39.47:069][600]LogAIModule: Creating AISystem for world Fort_Exploration
[2017.03.08-18.39.47:069][600]LogLoad: Game class is 'abyssExplorationMode_C'
[2017.03.08-18.39.47:081][600]LogWorld: Bringing World /Game/Maps-Levels/Fort/Fort_Exploration.Fort_Exploration up for play (max tick rate 0) at 2017.03.08-13.39.47
[2017.03.08-18.39.47:082][600]LogWorld: Bringing up level for play took: 0.011898
[2017.03.08-18.39.47:087][600]LogLoad: Took 1.082723 seconds to LoadMap(/Game/Maps-Levels/Fort/Fort_Exploration)
[2017.03.08-18.39.51:342][856]LogBlueprintUserMessages: [checkPoint_486] Checkpoint!
[2017.03.08-18.39.55:827][127]LogPackageName: SearchForPackageOnDisk took   0.097s to resolve Fort_Battle.umap.
[2017.03.08-18.39.55:913][128]LogPackageName: SearchForPackageOnDisk took   0.083s to resolve Fort_Battle.umap.
[2017.03.08-18.39.55:913][128]LogNet: Browse: /Game/Maps-Levels/Fort_Battle
[2017.03.08-18.39.55:913][128]LogLoad: LoadMap: /Game/Maps-Levels/Fort_Battle
[2017.03.08-18.39.55:990][128]LogMemory: Platform Memory Stats for Windows
[2017.03.08-18.39.55:990][128]LogMemory: Process Physical Memory: 712.31 MB used, 712.31 MB peak
[2017.03.08-18.39.55:990][128]LogMemory: Process Virtual Memory: 930.51 MB used, 980.26 MB peak
[2017.03.08-18.39.55:990][128]LogMemory: Physical Memory: 7143.25 MB used,  961.02 MB free, 8104.27 MB total
[2017.03.08-18.39.55:990][128]LogMemory: Virtual Memory: 1580.34 MB used,  961.02 MB free, 134217728.00 MB total
[2017.03.08-18.39.55:990][128]LogMemory: 
[2017.03.08-18.39.55:990][128]Allocator Stats for TBB: (not implemented)
[2017.03.08-18.39.56:802][128]LogAIModule: Creating AISystem for world Fort_Battle
[2017.03.08-18.39.56:802][128]LogLoad: Game class is 'abyssBattleScene_C'
[2017.03.08-18.39.56:806][128]LogWorld: Bringing World /Game/Maps-Levels/Fort_Battle.Fort_Battle up for play (max tick rate 0) at 2017.03.08-13.39.56
[2017.03.08-18.39.56:806][128]LogWorld: Bringing up level for play took: 0.002468
[2017.03.08-18.39.56:807][128]LogGameMode: Warning - PATHS NOT DEFINED or NO PLAYERSTART with positive rating
[2017.03.08-18.39.56:814][128]LogLoad: Took 0.901561 seconds to LoadMap(/Game/Maps-Levels/Fort_Battle)
[2017.03.08-18.39.57:765][179]LogWindowsTextInputMethodSystem:Display: IME system now deactivated.
[2017.03.08-18.39.57:768][179]LogWindowsTextInputMethodSystem:Display: IME system now deactivated.
[2017.03.08-18.39.57:771][179]LogEngine: All Windows Closed
[2017.03.08-18.39.57:771][179]LogWindows: FPlatformMisc::RequestExit(0)
[2017.03.08-18.39.57:772][180]LogMoviePlayer: Shutting down movie player
[2017.03.08-18.39.58:754][180]LogExit: Preparing to exit.
[2017.03.08-18.39.58:841][180]LogExit: Game engine shut down
[2017.03.08-18.39.59:018][180]LogObj: Freed 0b from 0 cluster array pools.
[2017.03.08-18.39.59:018][180]LogExit: Object subsystem successfully closed.
[2017.03.08-18.39.59:041][180]LogD3D11RHI: Shutdown
[2017.03.08-18.39.59:041][180]LogD3D11RHI: CleanupD3DDevice
[2017.03.08-18.39.59:168][180]LogD3D11RHI: ~FD3D11DynamicRHI
[2017.03.08-18.39.59:189][180]LogModuleManager: Shutting down and abandoning module SequenceRecorderSections (115)
[2017.03.08-18.39.59:189][180]LogModuleManager: Shutting down and abandoning module SequenceRecorder (114)
[2017.03.08-18.39.59:189][180]LogModuleManager: Shutting down and abandoning module AutomationController (113)
[2017.03.08-18.39.59:189][180]LogModuleManager: Shutting down and abandoning module AutomationWorker (112)
[2017.03.08-18.39.59:189][180]LogModuleManager: Shutting down and abandoning module GameplayDebugger (111)
[2017.03.08-18.39.59:189][180]LogModuleManager: Shutting down and abandoning module AITestSuite (110)
[2017.03.08-18.39.59:189][180]LogModuleManager: Shutting down and abandoning module AIModule (109)
[2017.03.08-18.39.59:189][180]LogModuleManager: Shutting down and abandoning module Media (108)
[2017.03.08-18.39.59:189][180]LogModuleManager: Shutting down and abandoning module WmfMediaFactory (107)
[2017.03.08-18.39.59:189][180]LogModuleManager: Shutting down and abandoning module CharacterAI (106)
[2017.03.08-18.39.59:189][180]LogModuleManager: Shutting down and abandoning module SessionServices (105)
[2017.03.08-18.39.59:189][180]LogModuleManager: Shutting down and abandoning module MovieSceneCapture (104)
[2017.03.08-18.39.59:189][180]LogModuleManager: Shutting down and abandoning module GeometryCacheEd (103)
[2017.03.08-18.39.59:189][180]LogModuleManager: Shutting down and abandoning module GeometryCache (102)
[2017.03.08-18.39.59:189][180]LogModuleManager: Shutting down and abandoning module Niagara (101)
[2017.03.08-18.39.59:189][180]LogModuleManager: Shutting down and abandoning module StreamingPauseRendering (100)
[2017.03.08-18.39.59:189][180]LogModuleManager: Shutting down and abandoning module PortalServices (99)
[2017.03.08-18.39.59:189][180]LogModuleManager: Shutting down and abandoning module PortalRpc (98)
[2017.03.08-18.39.59:189][180]LogModuleManager: Shutting down and abandoning module MessagingRpc (97)
[2017.03.08-18.39.59:189][180]LogModuleManager: Shutting down and abandoning module ProfilerService (96)
[2017.03.08-18.39.59:232][180]LogModuleManager: Shutting down and abandoning module TaskGraph (95)
[2017.03.08-18.39.59:232][180]LogModuleManager: Shutting down and abandoning module SlateRemote (94)
[2017.03.08-18.39.59:232][180]LogModuleManager: Shutting down and abandoning module ProceduralMeshComponent (93)
[2017.03.08-18.39.59:232][180]LogModuleManager: Shutting down and abandoning module CustomMeshComponent (92)
[2017.03.08-18.39.59:232][180]LogModuleManager: Shutting down and abandoning module CableComponent (91)
[2017.03.08-18.39.59:232][180]LogModuleManager: Shutting down and abandoning module ArchVisCharacter (90)
[2017.03.08-18.39.59:232][180]LogModuleManager: Shutting down and abandoning module HTML5Networking (88)
[2017.03.08-18.39.59:232][180]LogModuleManager: Shutting down and abandoning module DesktopPlatform (87)
[2017.03.08-18.39.59:233][180]LogModuleManager: Shutting down and abandoning module DirectoryWatcher (86)
[2017.03.08-18.39.59:233][180]LogModuleManager: Shutting down and abandoning module HotReload (85)
[2017.03.08-18.39.59:233][180]LogModuleManager: Shutting down and abandoning module VisualStudioSourceCodeAccess (84)
[2017.03.08-18.39.59:233][180]LogModuleManager: Shutting down and abandoning module UObjectPlugin (83)
[2017.03.08-18.39.59:233][180]LogModuleManager: Shutting down and abandoning module SubversionSourceControl (82)
[2017.03.08-18.39.59:233][180]LogModuleManager: Shutting down and abandoning module SourceControl (81)
[2017.03.08-18.39.59:233][180]LogModuleManager: Shutting down and abandoning module PerforceSourceControl (80)
[2017.03.08-18.39.59:233][180]LogModuleManager: Shutting down and abandoning module LightPropagationVolumeRuntime (79)
[2017.03.08-18.39.59:233][180]LogModuleManager: Shutting down and abandoning module Paper2D (78)
[2017.03.08-18.39.59:233][180]LogModuleManager: Shutting down and abandoning module WindowsMoviePlayer (77)
[2017.03.08-18.39.59:233][180]LogModuleManager: Shutting down and abandoning module WmfMedia (76)
[2017.03.08-18.39.59:234][180]LogModuleManager: Shutting down and abandoning module MediaAssets (75)
[2017.03.08-18.39.59:234][180]LogModuleManager: Shutting down and abandoning module GameLiveStreaming (74)
[2017.03.08-18.39.59:234][180]LogModuleManager: Shutting down and abandoning module GameplayTagsEditor (73)
[2017.03.08-18.39.59:234][180]LogModuleManager: Shutting down and abandoning module VREditor (72)
[2017.03.08-18.39.59:234][180]LogModuleManager: Shutting down and abandoning module GameplayTasksEditor (71)
[2017.03.08-18.39.59:234][180]LogModuleManager: Shutting down and abandoning module BehaviorTreeEditor (70)
[2017.03.08-18.39.59:234][180]LogModuleManager: Shutting down and abandoning module FunctionalTesting (69)
[2017.03.08-18.39.59:234][180]LogModuleManager: Shutting down and abandoning module CollisionAnalyzer (68)
[2017.03.08-18.39.59:234][180]LogModuleManager: Shutting down and abandoning module Sequencer (67)
[2017.03.08-18.39.59:234][180]LogModuleManager: Shutting down and abandoning module WorkspaceMenuStructure (66)
[2017.03.08-18.39.59:234][180]LogModuleManager: Shutting down and abandoning module MessageLog (65)
[2017.03.08-18.39.59:234][180]LogModuleManager: Shutting down and abandoning module AssetTools (64)
[2017.03.08-18.39.59:234][180]LogModuleManager: Shutting down and abandoning module UMGEditor (63)
[2017.03.08-18.39.59:235][180]LogModuleManager: Shutting down and abandoning module UMG (62)
[2017.03.08-18.39.59:235][180]LogModuleManager: Shutting down and abandoning module SlateReflector (61)
[2017.03.08-18.39.59:235][180]LogModuleManager: Shutting down and abandoning module Slate (60)
[2017.03.08-18.39.59:235][180]LogModuleManager: Shutting down and abandoning module EditorStyle (59)
[2017.03.08-18.39.59:242][180]LogModuleManager: Shutting down and abandoning module Messaging (58)
[2017.03.08-18.39.59:242][180]LogModuleManager: Shutting down and abandoning module SourceCodeAccess (57)
[2017.03.08-18.39.59:242][180]LogModuleManager: Shutting down and abandoning module HeadMountedDisplay (56)
[2017.03.08-18.39.59:242][180]LogModuleManager: Shutting down and abandoning module XAudio2 (55)
[2017.03.08-18.39.59:242][180]LogModuleManager: Shutting down and abandoning module Networking (53)
[2017.03.08-18.39.59:242][180]LogModuleManager: Shutting down and abandoning module Core (52)
[2017.03.08-18.39.59:242][180]LogModuleManager: Shutting down and abandoning module KismetCompiler (51)
[2017.03.08-18.39.59:242][180]LogModuleManager: Shutting down and abandoning module PhysXFormats (50)
[2017.03.08-18.39.59:242][180]LogModuleManager: Shutting down and abandoning module SimplygonSwarm (49)
[2017.03.08-18.39.59:242][180]LogModuleManager: Shutting down and abandoning module SimplygonMeshReduction (48)
[2017.03.08-18.39.59:242][180]LogModuleManager: Shutting down and abandoning module QuadricMeshReduction (47)
[2017.03.08-18.39.59:242][180]LogModuleManager: Shutting down and abandoning module PropertyEditor (46)
[2017.03.08-18.39.59:242][180]LogModuleManager: Shutting down and abandoning module MeshUtilities (45)
[2017.03.08-18.39.59:242][180]LogModuleManager: Shutting down and abandoning module AssetRegistry (44)
[2017.03.08-18.39.59:242][180]LogModuleManager: Shutting down and abandoning module DerivedDataCache (43)
[2017.03.08-18.39.59:502][180]LogDerivedDataCache: Shutdown
[2017.03.08-18.39.59:502][180]LogModuleManager: Shutting down and abandoning module VulkanShaderFormat (42)
[2017.03.08-18.39.59:502][180]LogModuleManager: Shutting down and abandoning module ShaderFormatOpenGL (41)
[2017.03.08-18.39.59:502][180]LogModuleManager: Shutting down and abandoning module ShaderFormatD3D (40)
[2017.03.08-18.39.59:502][180]LogModuleManager: Shutting down and abandoning module MetalShaderFormat (39)
[2017.03.08-18.39.59:502][180]LogModuleManager: Shutting down and abandoning module TextureFormatUncompressed (38)
[2017.03.08-18.39.59:502][180]LogModuleManager: Shutting down and abandoning module TextureFormatPVR (37)
[2017.03.08-18.39.59:502][180]LogModuleManager: Shutting down and abandoning module TextureFormatDXT (36)
[2017.03.08-18.39.59:502][180]LogModuleManager: Shutting down and abandoning module TextureFormatIntelISPCTexComp (35)
[2017.03.08-18.39.59:503][180]LogModuleManager: Shutting down and abandoning module ImageWrapper (34)
[2017.03.08-18.39.59:503][180]LogModuleManager: Shutting down and abandoning module TextureFormatASTC (33)
[2017.03.08-18.39.59:503][180]LogModuleManager: Shutting down and abandoning module TextureFormatAndroid (32)
[2017.03.08-18.39.59:503][180]LogModuleManager: Shutting down and abandoning module AudioFormatOpus (31)
[2017.03.08-18.39.59:503][180]LogModuleManager: Shutting down and abandoning module AudioFormatOgg (30)
[2017.03.08-18.39.59:503][180]LogModuleManager: Shutting down and abandoning module AudioFormatADPCM (29)
[2017.03.08-18.39.59:503][180]LogModuleManager: Shutting down and abandoning module WindowsTargetPlatform (28)
[2017.03.08-18.39.59:503][180]LogModuleManager: Shutting down and abandoning module WindowsServerTargetPlatform (27)
[2017.03.08-18.39.59:503][180]LogModuleManager: Shutting down and abandoning module WindowsNoEditorTargetPlatform (26)
[2017.03.08-18.39.59:503][180]LogModuleManager: Shutting down and abandoning module WindowsClientTargetPlatform (25)
[2017.03.08-18.39.59:503][180]LogModuleManager: Shutting down and abandoning module TargetPlatform (24)
[2017.03.08-18.39.59:503][180]LogModuleManager: Shutting down and abandoning module InputCore (23)
[2017.03.08-18.39.59:503][180]LogModuleManager: Shutting down and abandoning module Settings (22)
[2017.03.08-18.39.59:503][180]LogModuleManager: Shutting down and abandoning module ExampleDeviceProfileSelector (21)
[2017.03.08-18.39.59:503][180]LogModuleManager: Shutting down and abandoning module OnlineBlueprintSupport (20)
[2017.03.08-18.39.59:503][180]LogModuleManager: Shutting down and abandoning module OnlineSubsystem (18)
[2017.03.08-18.39.59:503][180]LogOnline:Display: Unloading online subsystem: NULL
[2017.03.08-18.39.59:503][180]LogModuleManager: Shutting down and abandoning module SSL (17)
[2017.03.08-18.39.59:507][180]LogModuleManager: Shutting down and abandoning module HTTP (16)
[2017.03.08-18.39.59:507][180]LogModuleManager: Shutting down and abandoning module XMPP (15)
[2017.03.08-18.39.59:507][180]LogModuleManager: Shutting down and abandoning module TextureCompressor (14)
[2017.03.08-18.39.59:507][180]LogModuleManager: Shutting down and abandoning module ShaderCore (13)
[2017.03.08-18.39.59:507][180]LogModuleManager: Shutting down and abandoning module Landscape (12)
[2017.03.08-18.39.59:507][180]LogModuleManager: Shutting down and abandoning module SlateRHIRenderer (11)
[2017.03.08-18.39.59:507][180]LogModuleManager: Shutting down and abandoning module OpenGLDrv (10)
[2017.03.08-18.39.59:507][180]LogModuleManager: Shutting down and abandoning module D3D11RHI (9)
[2017.03.08-18.39.59:507][180]LogModuleManager: Shutting down and abandoning module AnimGraphRuntime (8)
[2017.03.08-18.39.59:508][180]LogModuleManager: Shutting down and abandoning module Renderer (7)
[2017.03.08-18.39.59:508][180]LogModuleManager: Shutting down and abandoning module Engine (6)
[2017.03.08-18.39.59:508][180]LogModuleManager: Shutting down and abandoning module CoreUObject (5)
[2017.03.08-18.39.59:508][180]LogModuleManager: Shutting down and abandoning module NetworkFile (4)
[2017.03.08-18.39.59:508][180]LogModuleManager: Shutting down and abandoning module StreamingFile (3)
[2017.03.08-18.39.59:508][180]LogModuleManager: Shutting down and abandoning module SandboxFile (2)
[2017.03.08-18.39.59:508][180]LogModuleManager: Shutting down and abandoning module PakFile (1)
[2017.03.08-18.39.59:509][180]LogExit: Exiting.
[2017.03.08-18.39.59:514][180]Log file closed, 03/08/17 13:39:59
