Log file open, 03/08/17 21:27:45
LogInit:Display: Running engine for game: Abyss
LogPlatformFile: Not using cached read wrapper
LogInit:Display: RandInit(1741563692) SRandInit(1741563692).
LogTaskGraph: Started task graph with 5 named threads and 8 total threads with 1 sets of task threads.
LogStats: Stats thread started at 0.082095
LogPluginManager: Loaded Plugin Paper2D, From C:/Program Files/Epic Games/UE_4.14/Engine/Plugins/2D/Paper2D/Paper2D.uplugin
LogPluginManager: Loaded Plugin LightPropagationVolume, From C:/Program Files/Epic Games/UE_4.14/Engine/Plugins/Blendables/LightPropagationVolume/LightPropagationVolume.uplugin
LogPluginManager: Loaded Plugin BlankPlugin, From C:/Program Files/Epic Games/UE_4.14/Engine/Plugins/Developer/BlankPlugin/BlankPlugin.uplugin
LogPluginManager: Loaded Plugin CodeLiteSourceCodeAccess, From C:/Program Files/Epic Games/UE_4.14/Engine/Plugins/Developer/CodeLiteSourceCodeAccess/CodeLiteSourceCodeAccess.uplugin
LogPluginManager: Loaded Plugin GitSourceControl, From C:/Program Files/Epic Games/UE_4.14/Engine/Plugins/Developer/GitSourceControl/GitSourceControl.uplugin
LogPluginManager: Loaded Plugin KDevelopSourceCodeAccess, From C:/Program Files/Epic Games/UE_4.14/Engine/Plugins/Developer/KDevelopSourceCodeAccess/KDevelopSourceCodeAccess.uplugin
LogPluginManager: Loaded Plugin NullSourceCodeAccess, From C:/Program Files/Epic Games/UE_4.14/Engine/Plugins/Developer/NullSourceCodeAccess/NullSourceCodeAccess.uplugin
LogPluginManager: Loaded Plugin OneSkyLocalizationService, From C:/Program Files/Epic Games/UE_4.14/Engine/Plugins/Developer/OneSkyLocalizationService/OneSkyLocalizationService.uplugin
LogPluginManager: Loaded Plugin PerforceSourceControl, From C:/Program Files/Epic Games/UE_4.14/Engine/Plugins/Developer/PerforceSourceControl/PerforceSourceControl.uplugin
LogPluginManager: Loaded Plugin SubversionSourceControl, From C:/Program Files/Epic Games/UE_4.14/Engine/Plugins/Developer/SubversionSourceControl/SubversionSourceControl.uplugin
LogPluginManager: Loaded Plugin UObjectPlugin, From C:/Program Files/Epic Games/UE_4.14/Engine/Plugins/Developer/UObjectPlugin/UObjectPlugin.uplugin
LogPluginManager: Loaded Plugin VisualStudioSourceCodeAccess, From C:/Program Files/Epic Games/UE_4.14/Engine/Plugins/Developer/VisualStudioSourceCodeAccess/VisualStudioSourceCodeAccess.uplugin
LogPluginManager: Loaded Plugin XCodeSourceCodeAccess, From C:/Program Files/Epic Games/UE_4.14/Engine/Plugins/Developer/XCodeSourceCodeAccess/XCodeSourceCodeAccess.uplugin
LogPluginManager: Loaded Plugin AudioCapture, From C:/Program Files/Epic Games/UE_4.14/Engine/Plugins/Editor/AudioCapture/AudioCapture.uplugin
LogPluginManager: Loaded Plugin EpicSurvey, From C:/Program Files/Epic Games/UE_4.14/Engine/Plugins/Editor/EpicSurvey/EpicSurvey.uplugin
LogPluginManager: Loaded Plugin MacGraphicsSwitching, From C:/Program Files/Epic Games/UE_4.14/Engine/Plugins/Editor/MacGraphicsSwitching/MacGraphicsSwitching.uplugin
LogPluginManager: Loaded Plugin MobileLauncherProfileWizard, From C:/Program Files/Epic Games/UE_4.14/Engine/Plugins/Editor/MobileLauncherProfileWizard/MobileLauncherProfileWizard.uplugin
LogPluginManager: Loaded Plugin PluginBrowser, From C:/Program Files/Epic Games/UE_4.14/Engine/Plugins/Editor/PluginBrowser/PluginBrowser.uplugin
LogPluginManager: Loaded Plugin SpeedTreeImporter, From C:/Program Files/Epic Games/UE_4.14/Engine/Plugins/Editor/SpeedTreeImporter/SpeedTreeImporter.uplugin
LogPluginManager: Loaded Plugin SuperSearchEditor, From C:/Program Files/Epic Games/UE_4.14/Engine/Plugins/Editor/SuperSearchEditor/SuperSearchEditor.uplugin
LogPluginManager: Loaded Plugin AlembicImporter, From C:/Program Files/Epic Games/UE_4.14/Engine/Plugins/Experimental/AlembicImporter/AlembicImporter.uplugin
LogPluginManager: Loaded Plugin BlueprintStats, From C:/Program Files/Epic Games/UE_4.14/Engine/Plugins/Experimental/BlueprintStats/BlueprintStats.uplugin
LogPluginManager: Loaded Plugin CharacterAI, From C:/Program Files/Epic Games/UE_4.14/Engine/Plugins/Experimental/CharacterAI/CharacterAI.uplugin
LogPluginManager: Loaded Plugin CodeEditor, From C:/Program Files/Epic Games/UE_4.14/Engine/Plugins/Experimental/CodeEditor/CodeEditor.uplugin
LogPluginManager: Loaded Plugin CodeView, From C:/Program Files/Epic Games/UE_4.14/Engine/Plugins/Experimental/CodeView/CodeView.uplugin
LogPluginManager: Loaded Plugin HTML5Networking, From C:/Program Files/Epic Games/UE_4.14/Engine/Plugins/Experimental/HTML5Networking/HTML5Networking.uplugin
LogPluginManager: Loaded Plugin OSVR, From C:/Program Files/Epic Games/UE_4.14/Engine/Plugins/Experimental/OSVR/OSVR.uplugin
LogPluginManager: Loaded Plugin Phya, From C:/Program Files/Epic Games/UE_4.14/Engine/Plugins/Experimental/Phya/Phya.uplugin
LogPluginManager: Loaded Plugin SignificanceManager, From C:/Program Files/Epic Games/UE_4.14/Engine/Plugins/Experimental/SignificanceManager/SignificanceManager.uplugin
LogPluginManager: Loaded Plugin SimpleHMD, From C:/Program Files/Epic Games/UE_4.14/Engine/Plugins/Experimental/SimpleHMD/SimpleHMD.uplugin
LogPluginManager: Loaded Plugin StereoPanorama, From C:/Program Files/Epic Games/UE_4.14/Engine/Plugins/Experimental/StereoPanorama/StereoPanorama.uplugin
LogPluginManager: Loaded Plugin StructBox, From C:/Program Files/Epic Games/UE_4.14/Engine/Plugins/Experimental/StructBox/StructBox.uplugin
LogPluginManager: Loaded Plugin AndroidMedia, From C:/Program Files/Epic Games/UE_4.14/Engine/Plugins/Media/AndroidMedia/AndroidMedia.uplugin
LogPluginManager: Loaded Plugin AvfMedia, From C:/Program Files/Epic Games/UE_4.14/Engine/Plugins/Media/AvfMedia/AvfMedia.uplugin
LogPluginManager: Loaded Plugin MediaPlayerEditor, From C:/Program Files/Epic Games/UE_4.14/Engine/Plugins/Media/MediaPlayerEditor/MediaPlayerEditor.uplugin
LogPluginManager: Loaded Plugin WmfMedia, From C:/Program Files/Epic Games/UE_4.14/Engine/Plugins/Media/WmfMedia/WmfMedia.uplugin
LogPluginManager: Loaded Plugin MessagingDebugger, From C:/Program Files/Epic Games/UE_4.14/Engine/Plugins/Messaging/MessagingDebugger/MessagingDebugger.uplugin
LogPluginManager: Loaded Plugin TcpMessaging, From C:/Program Files/Epic Games/UE_4.14/Engine/Plugins/Messaging/TcpMessaging/TcpMessaging.uplugin
LogPluginManager: Loaded Plugin UdpMessaging, From C:/Program Files/Epic Games/UE_4.14/Engine/Plugins/Messaging/UdpMessaging/UdpMessaging.uplugin
LogPluginManager: Loaded Plugin LevelSequenceEditor, From C:/Program Files/Epic Games/UE_4.14/Engine/Plugins/MovieScene/LevelSequenceEditor/LevelSequenceEditor.uplugin
LogPluginManager: Loaded Plugin MatineeToLevelSequence, From C:/Program Files/Epic Games/UE_4.14/Engine/Plugins/MovieScene/MatineeToLevelSequence/MatineeToLevelSequence.uplugin
LogPluginManager: Loaded Plugin NetcodeUnitTest, From C:/Program Files/Epic Games/UE_4.14/Engine/Plugins/NetcodeUnitTest/NetcodeUnitTest/NetcodeUnitTest.uplugin
LogPluginManager: Loaded Plugin NUTUnrealEngine4, From C:/Program Files/Epic Games/UE_4.14/Engine/Plugins/NetcodeUnitTest/NUTUnrealEngine4/NUTUnrealEngine4.uplugin
LogPluginManager: Loaded Plugin OnlineSubsystemGameCircle, From C:/Program Files/Epic Games/UE_4.14/Engine/Plugins/Online/Android/OnlineSubsystemGameCircle/OnlineSubsystemGameCircle.uplugin
LogPluginManager: Loaded Plugin OnlineSubsystemGooglePlay, From C:/Program Files/Epic Games/UE_4.14/Engine/Plugins/Online/Android/OnlineSubsystemGooglePlay/OnlineSubsystemGooglePlay.uplugin
LogPluginManager: Loaded Plugin OnlineSubsystemIOS, From C:/Program Files/Epic Games/UE_4.14/Engine/Plugins/Online/IOS/OnlineSubsystemIOS/OnlineSubsystemIOS.uplugin
LogPluginManager: Loaded Plugin OnlineFramework, From C:/Program Files/Epic Games/UE_4.14/Engine/Plugins/Online/OnlineFramework/OnlineFramework.uplugin
LogPluginManager: Loaded Plugin OnlineSubsystem, From C:/Program Files/Epic Games/UE_4.14/Engine/Plugins/Online/OnlineSubsystem/OnlineSubsystem.uplugin
LogPluginManager: Loaded Plugin OnlineSubsystemAmazon, From C:/Program Files/Epic Games/UE_4.14/Engine/Plugins/Online/OnlineSubsystemAmazon/OnlineSubsystemAmazon.uplugin
LogPluginManager: Loaded Plugin OnlineSubsystemFacebook, From C:/Program Files/Epic Games/UE_4.14/Engine/Plugins/Online/OnlineSubsystemFacebook/OnlineSubsystemFacebook.uplugin
LogPluginManager: Loaded Plugin OnlineSubsystemNull, From C:/Program Files/Epic Games/UE_4.14/Engine/Plugins/Online/OnlineSubsystemNull/OnlineSubsystemNull.uplugin
LogPluginManager: Loaded Plugin OnlineSubsystemOculus, From C:/Program Files/Epic Games/UE_4.14/Engine/Plugins/Online/OnlineSubsystemOculus/OnlineSubsystemOculus.uplugin
LogPluginManager: Loaded Plugin OnlineSubsystemSteam, From C:/Program Files/Epic Games/UE_4.14/Engine/Plugins/Online/OnlineSubsystemSteam/OnlineSubsystemSteam.uplugin
LogPluginManager: Loaded Plugin OnlineSubsystemUtils, From C:/Program Files/Epic Games/UE_4.14/Engine/Plugins/Online/OnlineSubsystemUtils/OnlineSubsystemUtils.uplugin
LogPluginManager: Loaded Plugin IOSTapJoy, From C:/Program Files/Epic Games/UE_4.14/Engine/Plugins/Runtime/Advertising/IOSTapJoy/IOSTapJoy.uplugin
LogPluginManager: Loaded Plugin AnalyticsBlueprintLibrary, From C:/Program Files/Epic Games/UE_4.14/Engine/Plugins/Runtime/Analytics/AnalyticsBlueprintLibrary/AnalyticsBlueprintLibrary.uplugin
LogPluginManager: Loaded Plugin AnalyticsMulticast, From C:/Program Files/Epic Games/UE_4.14/Engine/Plugins/Runtime/Analytics/AnalyticsMulticast/AnalyticsMulticast.uplugin
LogPluginManager: Loaded Plugin Apsalar, From C:/Program Files/Epic Games/UE_4.14/Engine/Plugins/Runtime/Analytics/Apsalar/Apsalar.uplugin
LogPluginManager: Loaded Plugin FileLogging, From C:/Program Files/Epic Games/UE_4.14/Engine/Plugins/Runtime/Analytics/FileLogging/FileLogging.uplugin
LogPluginManager: Loaded Plugin Flurry, From C:/Program Files/Epic Games/UE_4.14/Engine/Plugins/Runtime/Analytics/Flurry/Flurry.uplugin
LogPluginManager: Loaded Plugin AndroidDeviceProfileSelector, From C:/Program Files/Epic Games/UE_4.14/Engine/Plugins/Runtime/AndroidDeviceProfileSelector/AndroidDeviceProfileSelector.uplugin
LogPluginManager: Loaded Plugin AndroidMoviePlayer, From C:/Program Files/Epic Games/UE_4.14/Engine/Plugins/Runtime/AndroidMoviePlayer/AndroidMoviePlayer.uplugin
LogPluginManager: Loaded Plugin AppleMoviePlayer, From C:/Program Files/Epic Games/UE_4.14/Engine/Plugins/Runtime/AppleMoviePlayer/AppleMoviePlayer.uplugin
LogPluginManager: Loaded Plugin ArchVisCharacter, From C:/Program Files/Epic Games/UE_4.14/Engine/Plugins/Runtime/ArchVisCharacter/ArchVisCharacter.uplugin
LogPluginManager: Loaded Plugin CableComponent, From C:/Program Files/Epic Games/UE_4.14/Engine/Plugins/Runtime/CableComponent/CableComponent.uplugin
LogPluginManager: Loaded Plugin CustomMeshComponent, From C:/Program Files/Epic Games/UE_4.14/Engine/Plugins/Runtime/CustomMeshComponent/CustomMeshComponent.uplugin
LogPluginManager: Loaded Plugin ExampleDeviceProfileSelector, From C:/Program Files/Epic Games/UE_4.14/Engine/Plugins/Runtime/ExampleDeviceProfileSelector/ExampleDeviceProfileSelector.uplugin
LogPluginManager: Loaded Plugin GearVR, From C:/Program Files/Epic Games/UE_4.14/Engine/Plugins/Runtime/GearVR/GearVR.uplugin
LogPluginManager: Loaded Plugin GoogleVRController, From C:/Program Files/Epic Games/UE_4.14/Engine/Plugins/Runtime/GoogleVR/GoogleVRController/GoogleVRController.uplugin
LogPluginManager: Loaded Plugin GoogleVRHMD, From C:/Program Files/Epic Games/UE_4.14/Engine/Plugins/Runtime/GoogleVR/GoogleVRHMD/GoogleVRHMD.uplugin
LogPluginManager: Loaded Plugin IOSDeviceProfileSelector, From C:/Program Files/Epic Games/UE_4.14/Engine/Plugins/Runtime/IOSDeviceProfileSelector/IOSDeviceProfileSelector.uplugin
LogPluginManager: Loaded Plugin LeapMotion, From C:/Program Files/Epic Games/UE_4.14/Engine/Plugins/Runtime/LeapMotion/LeapMotion.uplugin
LogPluginManager: Loaded Plugin LinuxDeviceProfileSelector, From C:/Program Files/Epic Games/UE_4.14/Engine/Plugins/Runtime/LinuxDeviceProfileSelector/LinuxDeviceProfileSelector.uplugin
LogPluginManager: Loaded Plugin MIDIDevice, From C:/Program Files/Epic Games/UE_4.14/Engine/Plugins/Runtime/MIDIDevice/MIDIDevice.uplugin
LogPluginManager: Loaded Plugin MobilePatchingUtils, From C:/Program Files/Epic Games/UE_4.14/Engine/Plugins/Runtime/MobilePatchingUtils/MobilePatchingUtils.uplugin
LogPluginManager: Loaded Plugin Ansel, From C:/Program Files/Epic Games/UE_4.14/Engine/Plugins/Runtime/Nvidia/Ansel/Ansel.uplugin
LogPluginManager: Loaded Plugin OculusAudio, From C:/Program Files/Epic Games/UE_4.14/Engine/Plugins/Runtime/OculusAudio/OculusAudio.uplugin
LogPluginManager: Loaded Plugin OculusInput, From C:/Program Files/Epic Games/UE_4.14/Engine/Plugins/Runtime/OculusInput/OculusInput.uplugin
LogPluginManager: Loaded Plugin OculusLibrary, From C:/Program Files/Epic Games/UE_4.14/Engine/Plugins/Runtime/OculusLibrary/OculusLibrary.uplugin
LogPluginManager: Loaded Plugin OculusRift, From C:/Program Files/Epic Games/UE_4.14/Engine/Plugins/Runtime/OculusRift/OculusRift.uplugin
LogPluginManager: Loaded Plugin Oodle, From C:/Program Files/Epic Games/UE_4.14/Engine/Plugins/Runtime/PacketHandlers/CompressionComponents/Oodle/Oodle.uplugin
LogPluginManager: Loaded Plugin ProceduralMeshComponent, From C:/Program Files/Epic Games/UE_4.14/Engine/Plugins/Runtime/ProceduralMeshComponent/ProceduralMeshComponent.uplugin
LogPluginManager: Loaded Plugin SoundMod, From C:/Program Files/Epic Games/UE_4.14/Engine/Plugins/Runtime/SoundMod/SoundMod.uplugin
LogPluginManager: Loaded Plugin SoundVisualizations, From C:/Program Files/Epic Games/UE_4.14/Engine/Plugins/Runtime/SoundVisualizations/SoundVisualizations.uplugin
LogPluginManager: Loaded Plugin SteamController, From C:/Program Files/Epic Games/UE_4.14/Engine/Plugins/Runtime/Steam/SteamController/SteamController.uplugin
LogPluginManager: Loaded Plugin SteamVR, From C:/Program Files/Epic Games/UE_4.14/Engine/Plugins/Runtime/Steam/SteamVR/SteamVR.uplugin
LogPluginManager: Loaded Plugin WebBrowserWidget, From C:/Program Files/Epic Games/UE_4.14/Engine/Plugins/Runtime/WebBrowserWidget/WebBrowserWidget.uplugin
LogPluginManager: Loaded Plugin WindowsDeviceProfileSelector, From C:/Program Files/Epic Games/UE_4.14/Engine/Plugins/Runtime/WindowsDeviceProfileSelector/WindowsDeviceProfileSelector.uplugin
LogPluginManager: Loaded Plugin WindowsMoviePlayer, From C:/Program Files/Epic Games/UE_4.14/Engine/Plugins/Runtime/WindowsMoviePlayer/WindowsMoviePlayer.uplugin
LogPluginManager: Loaded Plugin ScriptPlugin, From C:/Program Files/Epic Games/UE_4.14/Engine/Plugins/ScriptPlugin/ScriptPlugin.uplugin
LogPluginManager: Loaded Plugin SlateRemote, From C:/Program Files/Epic Games/UE_4.14/Engine/Plugins/Slate/SlateRemote/SlateRemote.uplugin
LogPluginManager: Loaded Plugin EditorTests, From C:/Program Files/Epic Games/UE_4.14/Engine/Plugins/Tests/EditorTests/EditorTests.uplugin
LogPluginManager: Loaded Plugin FbxAutomationTestBuilder, From C:/Program Files/Epic Games/UE_4.14/Engine/Plugins/Tests/FbxAutomationTestBuilder/FbxAutomationTestBuilder.uplugin
LogPluginManager: Loaded Plugin FunctionalTestingEditor, From C:/Program Files/Epic Games/UE_4.14/Engine/Plugins/Tests/FunctionalTestingEditor/FunctionalTestingEditor.uplugin
LogPluginManager: Loaded Plugin RuntimeTests, From C:/Program Files/Epic Games/UE_4.14/Engine/Plugins/Tests/RuntimeTests/RuntimeTests.uplugin
LogPluginManager: Loaded Plugin ScreenshotTools, From C:/Program Files/Epic Games/UE_4.14/Engine/Plugins/Tests/ScreenshotTools/ScreenshotTools.uplugin
LogInit: Using libcurl 7.47.1
LogInit:  - built for x86_64-pc-win32
LogInit:  - supports SSL with OpenSSL/1.0.2g
LogInit:  - supports HTTP deflate (compression) using libz 1.2.8
LogInit:  - other features:
LogInit:      CURL_VERSION_SSL
LogInit:      CURL_VERSION_LIBZ
LogInit:      CURL_VERSION_IPV6
LogInit:      CURL_VERSION_ASYNCHDNS
LogInit:      CURL_VERSION_LARGEFILE
LogInit:      CURL_VERSION_IDN
LogInit:  CurlRequestOptions (configurable via config and command line):
LogInit:  - bVerifyPeer = false  - Libcurl will NOT verify peer certificate
LogInit:  - bUseHttpProxy = false  - Libcurl will NOT use HTTP proxy
LogInit:  - bDontReuseConnections = false  - Libcurl will reuse connections
LogInit:  - CertBundlePath = nullptr  - Libcurl will use whatever was configured at build time.
LogInit: Build: ++UE4+Release-4.14-CL-3249277
LogInit: Engine Version: 4.14.3-3249277+++UE4+Release-4.14
LogInit: Compatible Engine Version: 4.14.0-3195953+++UE4+Release-4.14
LogInit: Net CL: 3195953
LogDevObjectVersion: Number of dev versions registered: 13
LogDevObjectVersion:   Dev-Blueprints (B0D832E4-1F89-4F0D-ACCF-7EB736FD4AA2): 7
LogDevObjectVersion:   Dev-Build (E1C64328-A22C-4D53-A36C-8E866417BD8C): 0
LogDevObjectVersion:   Dev-Core (375EC13C-06E4-48FB-B500-84F0262A717E): 1
LogDevObjectVersion:   Dev-Editor (E4B068ED-F494-42E9-A231-DA0B2E46BB41): 8
LogDevObjectVersion:   Dev-Framework (CFFC743F-43B0-4480-9391-14DF171D2073): 17
LogDevObjectVersion:   Dev-Mobile (B02B49B5-BB20-44E9-A304-32B752E40360): 0
LogDevObjectVersion:   Dev-Networking (A4E4105C-59A1-49B5-A7C5-40C4547EDFEE): 0
LogDevObjectVersion:   Dev-Online (39C831C9-5AE6-47DC-9A44-9C173E1C8E7C): 0
LogDevObjectVersion:   Dev-Physics (78F01B33-EBEA-4F98-B9B4-84EACCB95AA2): 0
LogDevObjectVersion:   Dev-Platform (6631380F-2D4D-43E0-8009-CF276956A95A): 0
LogDevObjectVersion:   Dev-Rendering (12F88B9F-8875-4AFC-A67C-D90C383ABD29): 12
LogDevObjectVersion:   Dev-Sequencer (7B5AE74C-D270-4C10-A958-57980B212A5A): 1
LogDevObjectVersion:   Dev-VR (D7296918-1DD6-4BDD-9DE2-64A83CC13884): 0
LogInit: Compiled (64-bit): Jan  6 2017 10:49:43
LogInit: Compiled with Visual C++: 19.00.23026.00
LogInit: Build Configuration: Development
LogInit: Branch Name: ++UE4+Release-4.14
LogInit: Command line: -EpicPortal 
LogInit: Base directory: C:/Program Files/Epic Games/UE_4.14/Engine/Binaries/Win64/
LogInit: Installed Engine Build: 1
LogInit: Presizing for max 8388607 objects, including 0 objects not considered by GC, pre-allocating 0 bytes for permanent pool.
LogInit: Object subsystem initialized
[2017.03.09-02.27.45:642][  0]LogInit: Selected Device Profile: [Windows]
[2017.03.09-02.27.45:642][  0]LogInit: Applying CVar settings loaded from the selected device profile: [Windows]
[2017.03.09-02.27.45:655][  0]LogInit: Computer: ARCTURUS
[2017.03.09-02.27.45:655][  0]LogInit: User: Braden
[2017.03.09-02.27.45:655][  0]LogInit: CPU Page size=65536, Cores=4
[2017.03.09-02.27.45:655][  0]LogInit: High frequency timer resolution =2.338341 MHz
[2017.03.09-02.27.45:655][  0]LogMemory: Memory total: Physical=7.9GB (8GB approx)
[2017.03.09-02.27.45:655][  0]LogMemory: Platform Memory Stats for Windows
[2017.03.09-02.27.45:655][  0]LogMemory: Process Physical Memory: 264.52 MB used, 264.52 MB peak
[2017.03.09-02.27.45:655][  0]LogMemory: Process Virtual Memory: 262.54 MB used, 262.54 MB peak
[2017.03.09-02.27.45:655][  0]LogMemory: Physical Memory: 5668.20 MB used,  2436.08 MB free, 8104.27 MB total
[2017.03.09-02.27.45:655][  0]LogMemory: Virtual Memory: 689.43 MB used,  2436.08 MB free, 134217728.00 MB total
[2017.03.09-02.27.45:681][  0]LogTextLocalizationManager: No specific translations for ('en-US') exist, so ('en') translations will be used.
[2017.03.09-02.27.46:268][  0]LogD3D11RHI: D3D11 adapters:
[2017.03.09-02.27.46:302][  0]LogD3D11RHI:    0. 'Intel(R) HD Graphics 4600' (Feature Level 11_0)
[2017.03.09-02.27.46:302][  0]LogD3D11RHI:       0/0/1792 MB DedicatedVideo/DedicatedSystem/SharedSystem, Outputs:2, VendorId:0x8086
[2017.03.09-02.27.46:326][  0]LogD3D11RHI:    1. 'NVIDIA GeForce GT 755M' (Feature Level 11_0)
[2017.03.09-02.27.46:326][  0]LogD3D11RHI:       1977/0/4052 MB DedicatedVideo/DedicatedSystem/SharedSystem, Outputs:0, VendorId:0x10de
[2017.03.09-02.27.46:328][  0]LogD3D11RHI:    2. 'Microsoft Basic Render Driver' (Feature Level 11_0)
[2017.03.09-02.27.46:328][  0]LogD3D11RHI:       0/0/256 MB DedicatedVideo/DedicatedSystem/SharedSystem, Outputs:0, VendorId:0x1414
[2017.03.09-02.27.46:328][  0]LogD3D11RHI: Chosen D3D11 Adapter: 1
[2017.03.09-02.27.46:335][  0]LogD3D11RHI: Creating new Direct3DDevice
[2017.03.09-02.27.46:335][  0]LogD3D11RHI:     GPU DeviceId: 0xfcd (for the marketing name, search the web for "GPU Device Id")
[2017.03.09-02.27.46:335][  0]LogWindows: EnumDisplayDevices:
[2017.03.09-02.27.46:335][  0]LogWindows:    0. 'Intel(R) HD Graphics 4600' (P:1 D:1)
[2017.03.09-02.27.46:335][  0]LogWindows:    1. 'Intel(R) HD Graphics 4600' (P:0 D:1)
[2017.03.09-02.27.46:335][  0]LogWindows:    2. 'Intel(R) HD Graphics 4600' (P:0 D:0)
[2017.03.09-02.27.46:335][  0]LogWindows:    3. 'NVIDIA GeForce GT 755M' (P:0 D:0)
[2017.03.09-02.27.46:335][  0]LogWindows: DebugString: PrimaryIsNotTheChoosenAdapter PrimaryIsNotTheChoosenAdapter PrimaryIsNotTheChoosenAdapter 
[2017.03.09-02.27.46:335][  0]LogD3D11RHI:     Adapter Name: NVIDIA GeForce GT 755M
[2017.03.09-02.27.46:335][  0]LogD3D11RHI:   Driver Version: 378.66 (internal:21.21.13.7866, unified:378.66)
[2017.03.09-02.27.46:335][  0]LogD3D11RHI:      Driver Date: 2-9-2017
[2017.03.09-02.27.46:335][  0]LogRHI: Texture pool is 1361 MB (70% of 1945 MB)
[2017.03.09-02.27.46:351][  0]LogD3D11RHI:Warning: Timestamp queries are currently disabled on this hardware due to instability. Realtime GPU stats will not be available. You can override this behaviour by setting r.NVIDIATimestampWorkaround to 0
[2017.03.09-02.27.46:351][  0]LogD3D11RHI: Async texture creation enabled
[2017.03.09-02.27.46:370][  0]LogD3D11RHI: GPU Timing Frequency: 1000.000000 (Debug: 2 2)
[2017.03.09-02.27.46:370][  0]LogShaderCompilers: Guid format shader working directory is -20 characters bigger than the processId version (../../../../../../Users/Braden/Documents/GitHub/ChimeraGames/Abyss/Intermediate/Shaders/WorkingDirectory/13616/).
[2017.03.09-02.27.46:370][  0]LogShaderCompilers: Cleaned the shader compiler working directory 'C:/Users/Braden/AppData/Local/Temp/UnrealShaderWorkingDir/0DDD58D045FD5BA070B58EB71983914C/'.
[2017.03.09-02.27.46:370][  0]LogShaderCompilers:Display: Using Local Shader Compiler.
[2017.03.09-02.27.47:344][  0]LogTemp:Display: Loaded TP AllDesktopTargetPlatform
[2017.03.09-02.27.47:384][  0]LogTemp:Display: Loaded TP MacClientTargetPlatform
[2017.03.09-02.27.47:422][  0]LogTemp:Display: Loaded TP MacNoEditorTargetPlatform
[2017.03.09-02.27.47:460][  0]LogTemp:Display: Loaded TP MacServerTargetPlatform
[2017.03.09-02.27.47:501][  0]LogTemp:Display: Loaded TP MacTargetPlatform
[2017.03.09-02.27.47:539][  0]LogTemp:Display: Loaded TP WindowsClientTargetPlatform
[2017.03.09-02.27.47:578][  0]LogTemp:Display: Loaded TP WindowsNoEditorTargetPlatform
[2017.03.09-02.27.47:616][  0]LogTemp:Display: Loaded TP WindowsServerTargetPlatform
[2017.03.09-02.27.47:645][  0]LogTemp:Display: Loaded TP WindowsTargetPlatform
[2017.03.09-02.27.47:684][  0]LogTemp:Display: Loaded TP AndroidTargetPlatform
[2017.03.09-02.27.47:721][  0]LogTemp:Display: Loaded TP Android_ASTCTargetPlatform
[2017.03.09-02.27.47:760][  0]LogTemp:Display: Loaded TP Android_ATCTargetPlatform
[2017.03.09-02.27.47:797][  0]LogTemp:Display: Loaded TP Android_DXTTargetPlatform
[2017.03.09-02.27.47:834][  0]LogTemp:Display: Loaded TP Android_ETC1TargetPlatform
[2017.03.09-02.27.47:871][  0]LogTemp:Display: Loaded TP Android_ETC2TargetPlatform
[2017.03.09-02.27.47:947][  0]LogTemp:Display: Loaded TP Android_MultiTargetPlatform
[2017.03.09-02.27.47:947][  0]LogTemp:Display: Loaded TP Android_PVRTCTargetPlatform
[2017.03.09-02.27.47:968][  0]LogTemp:Display: Loaded TP HTML5TargetPlatform
[2017.03.09-02.27.48:030][  0]LogTemp:Display: Loaded TP IOSTargetPlatform
[2017.03.09-02.27.48:057][  0]LogTemp:Display: Loaded TP TVOSTargetPlatform
[2017.03.09-02.27.48:095][  0]LogTemp:Display: Loaded TP LinuxClientTargetPlatform
[2017.03.09-02.27.48:132][  0]LogTemp:Display: Loaded TP LinuxNoEditorTargetPlatform
[2017.03.09-02.27.48:192][  0]LogTemp:Display: Loaded TP LinuxServerTargetPlatform
[2017.03.09-02.27.48:233][  0]LogTemp:Display: Loaded TP LinuxTargetPlatform
[2017.03.09-02.27.48:233][  0]LogTargetPlatformManager:Display: Building Assets For Windows
[2017.03.09-02.27.48:486][  0]LogDerivedDataCache:Display: Max Cache Size: 512 MB
[2017.03.09-02.27.48:553][  0]LogDerivedDataCache: Loaded boot cache 0.07s 52MB C:/Users/Braden/AppData/Local/UnrealEngine/4.14/DerivedDataCache/Boot.ddc.
[2017.03.09-02.27.48:553][  0]LogDerivedDataCache:Display: Loaded Boot cache: C:/Users/Braden/AppData/Local/UnrealEngine/4.14/DerivedDataCache/Boot.ddc
[2017.03.09-02.27.48:553][  0]LogDerivedDataCache: FDerivedDataBackendGraph:  Pak pak cache file ../../../../../../Users/Braden/Documents/GitHub/ChimeraGames/Abyss/DerivedDataCache/DDC.ddp not found, will not use a pak cache.
[2017.03.09-02.27.48:553][  0]LogDerivedDataCache: Unable to find inner node Pak for hierarchical cache Hierarchy.
[2017.03.09-02.27.48:553][  0]LogDerivedDataCache: FDerivedDataBackendGraph:  CompressedPak pak cache file ../../../../../../Users/Braden/Documents/GitHub/ChimeraGames/Abyss/DerivedDataCache/Compressed.ddp not found, will not use a pak cache.
[2017.03.09-02.27.48:553][  0]LogDerivedDataCache: Unable to find inner node CompressedPak for hierarchical cache Hierarchy.
[2017.03.09-02.27.48:572][  0]LogDerivedDataCache:Display: Pak cache opened for reading ../../../Engine/DerivedDataCache/Compressed.ddp.
[2017.03.09-02.27.48:584][  0]LogDerivedDataCache: Using Local data cache path C:/Users/Braden/AppData/Local/UnrealEngine/Common/DerivedDataCache: Writable
[2017.03.09-02.27.48:870][  0]LogInit: Selected Device Profile: [Windows]
[2017.03.09-02.27.48:873][  0]LogContentStreaming: Texture pool size is 0.00 MB
[2017.03.09-02.27.49:034][  0]LogMeshUtilities: Using QuadricMeshReduction for automatic static mesh reduction
[2017.03.09-02.27.49:072][  0]LogSimplygon: Simplygon DLL not present - disabling.
[2017.03.09-02.27.49:105][  0]LogMeshUtilities: Using SimplygonSwarm for distributed automatic mesh merging
[2017.03.09-02.27.49:105][  0]LogMeshUtilities: No automatic skeletal mesh reduction module available
[2017.03.09-02.27.49:105][  0]LogMeshUtilities: No automatic mesh merging module available
[2017.03.09-02.27.49:621][  0]LogNetVersion: GetLocalNetworkVersion: CL: 3195953, ProjectName: abyss, ProjectVersion: , EngineNetworkVersion: 2, GameNetworkVersion: 0, NetworkChecksum: 1595127573
[2017.03.09-02.27.49:672][  0]LogAssetRegistry: FAssetRegistry took 0.0219 seconds to start up
[2017.03.09-02.27.49:710][  0]LogPackageLocalizationCache: Processed 3 localized package path(s) for 2 prioritized culture(s) in 0.023551 seconds
[2017.03.09-02.27.49:719][  0]LogUObjectArray: 31890 objects as part of root set at end of initial load.
[2017.03.09-02.27.49:719][  0]LogUObjectAllocator: 6922368 out of 0 bytes used by permanent object pool.
[2017.03.09-02.27.49:719][  0]LogUObjectArray: CloseDisregardForGC: 0/0 objects in disregard for GC pool
[2017.03.09-02.27.49:754][  0]LogInit: WinSock: version 1.1 (2.2), MaxSocks=32767, MaxUdp=65467
[2017.03.09-02.27.50:211][  0]LogSlate: Using Freetype 2.6.0
[2017.03.09-02.27.50:212][  0]LogSlate: SlateFontCache - WITH_FREETYPE: 1, WITH_HARFBUZZ: 1
[2017.03.09-02.27.50:212][  0]LogSlate: SlateFontCache - WITH_FREETYPE: 1, WITH_HARFBUZZ: 1
[2017.03.09-02.27.51:070][  0]LogMaterial: Uniform references updated for custom material expression Custom.
[2017.03.09-02.27.51:337][  0]SourceControl: Info Source control is disabled
[2017.03.09-02.27.52:217][  0]LogEngine: Initializing Engine...
[2017.03.09-02.27.52:441][  0]LogAIModule: Creating AISystem for world Untitled
[2017.03.09-02.27.52:452][  0]LogInit: XAudio2 using 'Speakers (Realtek High Definition Audio)' : 2 channels at 44.1 kHz using 16 bits per sample (channel mask 0x3)
[2017.03.09-02.27.52:461][  0]LogInit: FAudioDevice initialized.
[2017.03.09-02.27.52:503][  0]LogDerivedDataCache: Saved boot cache 0.04s 52MB C:/Users/Braden/AppData/Local/UnrealEngine/4.14/DerivedDataCache/Boot.ddc.
[2017.03.09-02.27.52:513][  0]LogInit: Texture streaming: Enabled
[2017.03.09-02.27.52:654][  0]LogInit: Transaction tracking system initialized
[2017.03.09-02.27.52:848][  0]BlueprintLog: New page: Editor Load
[2017.03.09-02.27.53:359][  0]LocalizationService: Info Localization service is disabled
[2017.03.09-02.27.53:565][  0]LogModuleManager:Warning: No filename provided for module TcpMessaging
[2017.03.09-02.27.53:565][  0]LogModuleManager:Warning: ModuleManager: Unable to load module 'TcpMessaging' because the file 'C:/Program Files/Epic Games/UE_4.14/Engine/Binaries/Win64/' was not found.
[2017.03.09-02.27.53:954][  0]LogConsoleResponse:Display: 
[2017.03.09-02.27.54:141][  0]LogCook:Display: Max memory allowance for cook 16384mb min free memory 0mb
[2017.03.09-02.27.54:141][  0]LogCook:Display: Mobile HDR setting 1
[2017.03.09-02.27.54:181][  0]LogFileCache: Scanning file cache for directory 'C:/Users/Braden/Documents/GitHub/ChimeraGames/Abyss/Content/' took 0.02s
[2017.03.09-02.27.54:732][  0]Cmd: MAP LOAD FILE="../../../../../../Users/Braden/Documents/GitHub/ChimeraGames/Abyss/Content/Maps-Levels/startMenu.umap" TEMPLATE=0 SHOWPROGRESS=1 FEATURELEVEL=3
[2017.03.09-02.27.54:732][  0]LightingResults: New page: Lighting Build
[2017.03.09-02.27.54:755][  0]MapCheck: New page: Map Check
[2017.03.09-02.27.54:755][  0]LightingResults: New page: Lighting Build
[2017.03.09-02.27.54:862][  0]LogAIModule: Creating AISystem for world startMenu
[2017.03.09-02.27.54:863][  0]LogEditorServer: Finished looking for orphan Actors (0.000 secs)
[2017.03.09-02.27.54:863][  0]Cmd: MAP CHECKDEP NOCLEARLOG
[2017.03.09-02.27.54:893][  0]MapCheck: Info Map check complete: 0 Error(s), 0 Warning(s), took 30.1ms to complete.
[2017.03.09-02.27.54:893][  0]LogFileHelpers: Loading map 'startMenu' took 0.162
[2017.03.09-02.27.55:061][  0]LogCollectionManager: Loaded 0 collections in 0.001344 seconds
[2017.03.09-02.27.55:142][  0]LogFileCache: Scanning file cache for directory 'C:/Users/Braden/Documents/GitHub/ChimeraGames/Abyss/Saved/Collections/' took 0.01s
[2017.03.09-02.27.55:142][  0]LogFileCache: Scanning file cache for directory 'C:/Users/Braden/Documents/GitHub/ChimeraGames/Abyss/Content/Developers/Braden/Collections/' took 0.01s
[2017.03.09-02.27.55:142][  0]LogFileCache: Scanning file cache for directory 'C:/Users/Braden/Documents/GitHub/ChimeraGames/Abyss/Content/Collections/' took 0.01s
[2017.03.09-02.27.55:142][  0]LogCollectionManager: Rebuilt the GUID cache for 0 collections in 0.000002 seconds
[2017.03.09-02.27.55:153][  0]LogContentBrowser: Native class hierarchy populated in 0.0094 seconds. Added 2178 classes and 401 folders.
[2017.03.09-02.27.55:182][  0]LogStats: UGameplayTagsManager::ConstructGameplayTagTree: Construct from data asset -  0.000 s
[2017.03.09-02.27.55:182][  0]LogStats: UGameplayTagsManager::ConstructGameplayTagTree: GameplayTagTreeChangedEvent.Broadcast -  0.000 s
[2017.03.09-02.27.55:184][  0]LogContentBrowser: Native class hierarchy updated for 'GameplayTags' in 0.0007 seconds. Added 13 classes and 0 folders.
[2017.03.09-02.27.55:220][  0]LogContentBrowser: Native class hierarchy updated for 'WidgetCarousel' in 0.0004 seconds. Added 0 classes and 0 folders.
[2017.03.09-02.27.55:379][  0]LogContentBrowser: Native class hierarchy updated for 'AddContentDialog' in 0.0006 seconds. Added 0 classes and 0 folders.
[2017.03.09-02.27.55:410][  0]LogContentBrowser: Native class hierarchy updated for 'SceneOutliner' in 0.0006 seconds. Added 1 classes and 2 folders.
[2017.03.09-02.27.55:460][  0]LogCrashTracker: Crashtracker disabled due to settings.
[2017.03.09-02.27.55:466][  0]LogUObjectGlobals:Warning: Failed to find object 'Class None.'
[2017.03.09-02.27.55:518][  0]LogContentBrowser: Native class hierarchy updated for 'HierarchicalLODOutliner' in 0.0005 seconds. Added 1 classes and 2 folders.
[2017.03.09-02.27.55:518][  0]LogLoad: (Engine Initialization) Total time: 12.77 seconds
[2017.03.09-02.27.55:518][  0]LogLoad: (Engine Initialization) Total Blueprint compile time: 0.05 seconds
[2017.03.09-02.27.55:518][  0]LogExternalProfiler: Found external profiler: VSPerf
[2017.03.09-02.27.55:518][  0]LogExternalProfiler: Using external profiler: VSPerf
[2017.03.09-02.27.55:556][  0]SourceControl: Info On branch master
[2017.03.09-02.27.55:557][  0]SourceControl: Info Your branch is up-to-date with 'origin/master'.
[2017.03.09-02.27.55:557][  0]SourceControl: Info Changes not staged for commit:
[2017.03.09-02.27.55:557][  0]SourceControl: Info   (use "git add/rm <file>..." to update what will be committed)
[2017.03.09-02.27.55:557][  0]SourceControl: Info   (use "git checkout -- <file>..." to discard changes in working directory)
[2017.03.09-02.27.55:557][  0]SourceControl: Info 	modified:   Abyss/Intermediate/CachedAssetRegistry.bin
[2017.03.09-02.27.55:557][  0]SourceControl: Info 	modified:   Abyss/Saved/Config/Windows/Editor.ini
[2017.03.09-02.27.55:557][  0]SourceControl: Info 	modified:   Abyss/Saved/Config/Windows/Engine.ini
[2017.03.09-02.27.55:557][  0]SourceControl: Info 	modified:   Abyss/Saved/Logs/Abyss.log
[2017.03.09-02.27.55:557][  0]SourceControl: Info 	deleted:    Abyss/Saved/Logs/Abyss_2-backup-2017.03.08-13.23.19.log
[2017.03.09-02.27.55:557][  0]SourceControl: Info 	deleted:    Abyss/Saved/Logs/Abyss_2-backup-2017.03.08-13.27.07.log
[2017.03.09-02.27.55:557][  0]SourceControl: Info Untracked files:
[2017.03.09-02.27.55:557][  0]SourceControl: Info   (use "git add <file>..." to include in what will be committed)
[2017.03.09-02.27.55:557][  0]SourceControl: Info 	Abyss/Saved/Logs/Abyss-backup-2017.03.08-21.27.45.log
[2017.03.09-02.27.55:557][  0]SourceControl: Info 	Abyss/Saved/Logs/UE4CC-Windows-AA27BAF0448A9224F94484A9F1BF4EA8/
[2017.03.09-02.27.55:557][  0]SourceControl: Info no changes added to commit (use "git add" and/or "git commit -a")
[2017.03.09-02.27.55:558][  0]LogContentStreaming: Texture pool size now 400 MB
[2017.03.09-02.27.55:704][  0]LogRenderer: Reallocating scene render targets to support 932x456 NumSamples 1 (Frame:2).
[2017.03.09-02.27.55:794][  1]LogAssetRegistry: Asset discovery search completed in 6.1445 seconds
[2017.03.09-02.27.55:794][  1]LogCollectionManager: Rebuilt the object cache for 0 collections in 0.000000 seconds (found 0 objects)
[2017.03.09-02.27.55:794][  1]LogCollectionManager: Fixed up redirectors for 0 collections in 0.000014 seconds (updated 0 objects)
[2017.03.09-02.27.56:581][ 45]LogTexture:Display: Building textures: Victory_Screen (AutoDXT)
[2017.03.09-02.27.57:120][ 45]LogContentBrowser: Native class hierarchy updated for 'BlueprintGraph' in 0.0008 seconds. Added 111 classes and 0 folders.
[2017.03.09-02.28.25:138][533]LogContentBrowser: Native class hierarchy updated for 'TextureEditor' in 0.0006 seconds. Added 1 classes and 2 folders.
[2017.03.09-02.28.30:190][819]LogTexture:Display: Building textures: Victory_Screen (BGRA8)
[2017.03.09-02.28.34:510][ 64]LogSavePackage: Save=9.55ms
[2017.03.09-02.28.34:510][ 64]LogSavePackage: Moving '../../../../../../Users/Braden/Documents/GitHub/ChimeraGames/Abyss/Saved/Victory_Screen18AD290347106DB81DEB3BBC474D894A.tmp' to '../../../../../../Users/Braden/Documents/GitHub/ChimeraGames/Abyss/Content/Assets/Sprites/Other/Victory_Screen.uasset'
[2017.03.09-02.28.34:512][ 64]LogSavePackage:Display: Finished SavePackage ../../../../../../Users/Braden/Documents/GitHub/ChimeraGames/Abyss/Content/Assets/Sprites/Other/Victory_Screen.uasset
[2017.03.09-02.29.09:561][582]LogFactory: FactoryCreateFile: Texture with ReimportTextureFactory (0 0 ../../../../../../Users/Braden/Desktop/AbyssArt/Defeat.png)
[2017.03.09-02.29.09:569][582]LogTexture:Display: Building textures: Defeat (AutoDXT)
[2017.03.09-02.29.15:769][930]LogTexture:Display: Building textures: Defeat (BGRA8)
[2017.03.09-02.29.18:985][114]Cmd: OBJ SAVEPACKAGE PACKAGE="/Game/Assets/Sprites/Other/Defeat" FILE="../../../../../../Users/Braden/Documents/GitHub/ChimeraGames/Abyss/Content/Assets/Sprites/Other/Defeat.uasset" SILENT=true
[2017.03.09-02.29.18:992][114]LogSavePackage: Save=5.90ms
[2017.03.09-02.29.18:992][114]LogSavePackage: Moving '../../../../../../Users/Braden/Documents/GitHub/ChimeraGames/Abyss/Saved/Defeat523AA31D4789A85B5173A6A8A5197042.tmp' to '../../../../../../Users/Braden/Documents/GitHub/ChimeraGames/Abyss/Content/Assets/Sprites/Other/Defeat.uasset'
[2017.03.09-02.29.18:993][114]LogSavePackage:Display: Finished SavePackage ../../../../../../Users/Braden/Documents/GitHub/ChimeraGames/Abyss/Content/Assets/Sprites/Other/Defeat.uasset
[2017.03.09-02.30.42:807][ 17]Cmd: OBJ SAVEPACKAGE PACKAGE="/Game/UMG/BattleHUD" FILE="../../../../../../Users/Braden/Documents/GitHub/ChimeraGames/Abyss/Content/UMG/BattleHUD.uasset" SILENT=true
[2017.03.09-02.30.43:117][ 17]LogSavePackage: Save=264.33ms
[2017.03.09-02.30.43:117][ 17]LogSavePackage: Moving '../../../../../../Users/Braden/Documents/GitHub/ChimeraGames/Abyss/Saved/BattleHUDB0AD3E6C45D32542501FE0BA1DFC412A.tmp' to '../../../../../../Users/Braden/Documents/GitHub/ChimeraGames/Abyss/Content/UMG/BattleHUD.uasset'
[2017.03.09-02.30.43:119][ 17]LogSavePackage:Display: Finished SavePackage ../../../../../../Users/Braden/Documents/GitHub/ChimeraGames/Abyss/Content/UMG/BattleHUD.uasset
[2017.03.09-02.30.43:997][ 69]BlueprintLog: New page: Compile BattleHUD
[2017.03.09-02.30.44:337][ 69]BlueprintEditorCompileResults: Info The execution path doesn't end with a return node.  CastFailed
[2017.03.09-02.30.44:337][ 69]BlueprintEditorCompileResults: Info The execution path doesn't end with a return node.  CastFailed
[2017.03.09-02.30.44:337][ 69]BlueprintEditorCompileResults: Info The execution path doesn't end with a return node.  CastFailed
[2017.03.09-02.30.44:337][ 69]BlueprintEditorCompileResults: Info The execution path doesn't end with a return node.  CastFailed
[2017.03.09-02.30.46:572][197]Cmd: OBJ SAVEPACKAGE PACKAGE="/Game/UMG/BattleHUD" FILE="../../../../../../Users/Braden/Documents/GitHub/ChimeraGames/Abyss/Content/UMG/BattleHUD.uasset" SILENT=true
[2017.03.09-02.30.46:854][197]LogSavePackage: Save=240.00ms
[2017.03.09-02.30.46:854][197]LogSavePackage: Moving '../../../../../../Users/Braden/Documents/GitHub/ChimeraGames/Abyss/Saved/BattleHUD986E744A4CB5BE929A6EBF8303662507.tmp' to '../../../../../../Users/Braden/Documents/GitHub/ChimeraGames/Abyss/Content/UMG/BattleHUD.uasset'
[2017.03.09-02.30.46:856][197]LogSavePackage:Display: Finished SavePackage ../../../../../../Users/Braden/Documents/GitHub/ChimeraGames/Abyss/Content/UMG/BattleHUD.uasset
[2017.03.09-02.30.59:024][902]BlueprintLog: New page: Compile AbyssGameInstance
[2017.03.09-02.31.00:596][985]LogTemp: Repeting last play command: Selected Viewport
[2017.03.09-02.31.00:639][985]LogBlueprintUserMessages: Early PlayInEditor Detection: Level '/Game/Maps-Levels/startMenu.startMenu:PersistentLevel' has LevelScriptBlueprint '/Game/Maps-Levels/startMenu.startMenu:PersistentLevel.startMenu' with GeneratedClass '/Game/Maps-Levels/startMenu.startMenu_C' with ClassGeneratedBy '/Game/Maps-Levels/startMenu.startMenu:PersistentLevel.startMenu'
[2017.03.09-02.31.00:640][985]BlueprintLog: New page: Pre-Play auto-recompile
[2017.03.09-02.31.00:640][985]LogPlayLevel: [PlayLevel] Compiling LossBattle before play...
[2017.03.09-02.31.00:745][985]LogPlayLevel: PlayLevel: Blueprint regeneration took 105 ms (1 blueprints)
[2017.03.09-02.31.00:749][985]PIE: New page: PIE session: startMenu (Mar 8, 2017, 4:31:00 PM)
[2017.03.09-02.31.00:752][985]LogPlayLevel: Creating play world package: /Game/Maps-Levels/UEDPIE_0_startMenu
[2017.03.09-02.31.00:755][985]LogPlayLevel: PIE: StaticDuplicateObject took: (0.002844s)
[2017.03.09-02.31.00:755][985]LogAIModule: Creating AISystem for world startMenu
[2017.03.09-02.31.00:756][985]LogPlayLevel: PIE: World Init took: (0.001451s)
[2017.03.09-02.31.00:757][985]LogPlayLevel: PIE: Created PIE world by copying editor world from /Game/Maps-Levels/startMenu.startMenu to /Game/Maps-Levels/UEDPIE_0_startMenu.startMenu (0.004864s)
[2017.03.09-02.31.00:783][985]LogInit: XAudio2 using 'Speakers (Realtek High Definition Audio)' : 2 channels at 44.1 kHz using 16 bits per sample (channel mask 0x3)
[2017.03.09-02.31.00:793][985]LogInit: FAudioDevice initialized.
[2017.03.09-02.31.01:798][985]LogLoad: Game class is 'abyssGameMode_C'
[2017.03.09-02.31.01:802][985]LogWorld: Bringing World /Game/Maps-Levels/UEDPIE_0_startMenu.startMenu up for play (max tick rate 60) at 2017.03.08-21.31.01
[2017.03.09-02.31.01:804][985]LogWorld: Bringing up level for play took: 0.002596
[2017.03.09-02.31.01:878][985]LogContentBrowser: Native class hierarchy updated for 'MovieSceneCapture' in 0.0008 seconds. Added 11 classes and 0 folders.
[2017.03.09-02.31.01:911][985]PIE: Info Play in editor start time for /Game/Maps-Levels/UEDPIE_0_startMenu 0.869
[2017.03.09-02.31.01:911][985]LogBlueprintUserMessages: Late PlayInEditor Detection: Level '/Game/Maps-Levels/startMenu.startMenu:PersistentLevel' has LevelScriptBlueprint '/Game/Maps-Levels/startMenu.startMenu:PersistentLevel.startMenu' with GeneratedClass '/Game/Maps-Levels/startMenu.startMenu_C' with ClassGeneratedBy '/Game/Maps-Levels/startMenu.startMenu:PersistentLevel.startMenu'
[2017.03.09-02.31.03:129][ 55]LogNet: Browse: /Game/Maps-Levels/Fort/Exploration/Fort_Exploration1
[2017.03.09-02.31.03:130][ 55]LogLoad: LoadMap: /Game/Maps-Levels/Fort/Exploration/Fort_Exploration1
[2017.03.09-02.31.03:173][ 55]Cmd: MEM
[2017.03.09-02.31.03:197][ 55]LogMemory: Platform Memory Stats for Windows
[2017.03.09-02.31.03:197][ 55]LogMemory: Process Physical Memory: 1227.72 MB used, 1232.92 MB peak
[2017.03.09-02.31.03:197][ 55]LogMemory: Process Virtual Memory: 1682.38 MB used, 1687.25 MB peak
[2017.03.09-02.31.03:197][ 55]LogMemory: Physical Memory: 6572.58 MB used,  1531.69 MB free, 8104.27 MB total
[2017.03.09-02.31.03:197][ 55]LogMemory: Virtual Memory: 2500.80 MB used,  1531.69 MB free, 134217728.00 MB total
[2017.03.09-02.31.03:197][ 55]LogMemory: 
[2017.03.09-02.31.03:197][ 55]Allocator Stats for TBB: (not implemented)
[2017.03.09-02.31.04:415][ 55]LogAIModule: Creating AISystem for world Fort_Exploration1
[2017.03.09-02.31.04:416][ 55]LogLoad: Game class is 'abyssExplorationMode_C'
[2017.03.09-02.31.04:437][ 55]LogWorld: Bringing World /Game/Maps-Levels/Fort/Exploration/UEDPIE_0_Fort_Exploration1.Fort_Exploration1 up for play (max tick rate 60) at 2017.03.08-21.31.04
[2017.03.09-02.31.04:443][ 55]LogWorld: Bringing up level for play took: 0.025819
[2017.03.09-02.31.04:449][ 55]LogLoad: Took 1.317943 seconds to LoadMap(/Game/Maps-Levels/Fort/Exploration/Fort_Exploration1)
[2017.03.09-02.31.07:905][261]LogNet: Browse: /Game/Maps-Levels/Fort_Battle
[2017.03.09-02.31.07:905][261]LogLoad: LoadMap: /Game/Maps-Levels/Fort_Battle
[2017.03.09-02.31.07:932][261]Cmd: MEM
[2017.03.09-02.31.07:954][261]LogMemory: Platform Memory Stats for Windows
[2017.03.09-02.31.07:954][261]LogMemory: Process Physical Memory: 1292.04 MB used, 1292.04 MB peak
[2017.03.09-02.31.07:954][261]LogMemory: Process Virtual Memory: 1734.09 MB used, 1801.07 MB peak
[2017.03.09-02.31.07:954][261]LogMemory: Physical Memory: 6642.99 MB used,  1461.28 MB free, 8104.27 MB total
[2017.03.09-02.31.07:954][261]LogMemory: Virtual Memory: 2549.43 MB used,  1461.28 MB free, 134217728.00 MB total
[2017.03.09-02.31.07:955][261]LogMemory: 
[2017.03.09-02.31.07:955][261]Allocator Stats for TBB: (not implemented)
[2017.03.09-02.31.08:301][261]LogStats: FPlatformStackWalk::StackWalkAndDump -  0.054 s
[2017.03.09-02.31.08:302][261]LogOutputDevice:Error: === Handled ensure: ===
[2017.03.09-02.31.08:302][261]LogOutputDevice:Error: 
[2017.03.09-02.31.08:302][261]LogOutputDevice:Error: Ensure condition failed: IsObjectValidForDatabase(AssetObject) [File:D:\Build\++UE4+Release-4.14+Compile\Sync\Engine\Source\Editor\BlueprintGraph\Private\BlueprintActionDatabase.cpp] [Line: 1263]
[2017.03.09-02.31.08:302][261]LogOutputDevice:Error: 
[2017.03.09-02.31.08:302][261]LogOutputDevice:Error: Stack: 
[2017.03.09-02.31.08:302][261]LogOutputDevice:Error: UE4Editor-Core.dll
[2017.03.09-02.31.08:302][261]LogOutputDevice:Error: UE4Editor-Core.dll
[2017.03.09-02.31.08:302][261]LogOutputDevice:Error: UE4Editor-Core.dll
[2017.03.09-02.31.08:302][261]LogOutputDevice:Error: UE4Editor-BlueprintGraph.dll
[2017.03.09-02.31.08:302][261]LogOutputDevice:Error: UE4Editor-BlueprintGraph.dll
[2017.03.09-02.31.08:302][261]LogOutputDevice:Error: UE4Editor-CoreUObject.dll
[2017.03.09-02.31.08:302][261]LogOutputDevice:Error: UE4Editor-CoreUObject.dll
[2017.03.09-02.31.08:302][261]LogOutputDevice:Error: UE4Editor-CoreUObject.dll
[2017.03.09-02.31.08:302][261]LogOutputDevice:Error: UE4Editor-CoreUObject.dll
[2017.03.09-02.31.08:302][261]LogOutputDevice:Error: UE4Editor-Engine.dll
[2017.03.09-02.31.08:302][261]LogOutputDevice:Error: UE4Editor-Engine.dll
[2017.03.09-02.31.08:302][261]LogOutputDevice:Error: UE4Editor-Engine.dll
[2017.03.09-02.31.08:302][261]LogOutputDevice:Error: UE4Editor-UnrealEd.dll
[2017.03.09-02.31.08:302][261]LogOutputDevice:Error: UE4Editor-UnrealEd.dll
[2017.03.09-02.31.08:302][261]LogOutputDevice:Error: UE4Editor.exe
[2017.03.09-02.31.08:302][261]LogOutputDevice:Error: UE4Editor.exe
[2017.03.09-02.31.08:302][261]LogOutputDevice:Error: UE4Editor.exe
[2017.03.09-02.31.08:302][261]LogOutputDevice:Error: UE4Editor.exe
[2017.03.09-02.31.08:302][261]LogOutputDevice:Error: UE4Editor.exe
[2017.03.09-02.31.08:302][261]LogOutputDevice:Error: KERNEL32.DLL
[2017.03.09-02.31.08:302][261]LogOutputDevice:Error: ntdll.dll
[2017.03.09-02.31.08:302][261]LogOutputDevice:Error: 
[2017.03.09-02.31.08:303][261]LogStats:                SubmitErrorReport -  0.000 s
[2017.03.09-02.31.09:103][261]LogStats:                    SendNewReport -  0.800 s
[2017.03.09-02.31.09:103][261]LogStats:             FDebug::EnsureFailed -  0.856 s
[2017.03.09-02.31.09:286][261]LogAIModule: Creating AISystem for world Fort_Battle
[2017.03.09-02.31.09:287][261]LogLoad: Game class is 'abyssBattleScene_C'
[2017.03.09-02.31.09:291][261]LogWorld: Bringing World /Game/Maps-Levels/UEDPIE_0_Fort_Battle.Fort_Battle up for play (max tick rate 60) at 2017.03.08-21.31.09
[2017.03.09-02.31.09:298][261]LogWorld: Bringing up level for play took: 0.009181
[2017.03.09-02.31.09:298][261]LogGameMode: Warning - PATHS NOT DEFINED or NO PLAYERSTART with positive rating
[2017.03.09-02.31.09:306][261]LogLoad: Took 1.401552 seconds to LoadMap(/Game/Maps-Levels/Fort_Battle)
[2017.03.09-02.31.14:217][554]LogBlueprintUserMessages: [BattleHUD_C_6] Enemy missed!
[2017.03.09-02.31.15:548][634]LogBlueprintUserMessages: [BattleHUD_C_6] Attack missed!
[2017.03.09-02.31.16:533][693]LogBlueprintUserMessages: [BattleHUD_C_6] Player has died!
[2017.03.09-02.31.19:536][873]LogBlueprintUserMessages: Early EndPlayMap Detection: Level '/Game/Maps-Levels/startMenu.startMenu:PersistentLevel' has LevelScriptBlueprint '/Game/Maps-Levels/startMenu.startMenu:PersistentLevel.startMenu' with GeneratedClass '/Game/Maps-Levels/startMenu.startMenu_C' with ClassGeneratedBy '/Game/Maps-Levels/startMenu.startMenu:PersistentLevel.startMenu'
[2017.03.09-02.31.19:581][873]LogBlueprintUserMessages: Late EndPlayMap Detection: Level '/Game/Maps-Levels/startMenu.startMenu:PersistentLevel' has LevelScriptBlueprint '/Game/Maps-Levels/startMenu.startMenu:PersistentLevel.startMenu' with GeneratedClass '/Game/Maps-Levels/startMenu.startMenu_C' with ClassGeneratedBy '/Game/Maps-Levels/startMenu.startMenu:PersistentLevel.startMenu'
[2017.03.09-02.31.48:147][565]Cmd: OBJ SAVEPACKAGE PACKAGE="/Game/BluePrints/AbyssGameInstance" FILE="../../../../../../Users/Braden/Documents/GitHub/ChimeraGames/Abyss/Content/BluePrints/AbyssGameInstance.uasset" SILENT=true
[2017.03.09-02.31.48:204][565]LogSavePackage: Save=7.43ms
[2017.03.09-02.31.48:204][565]LogSavePackage: Moving '../../../../../../Users/Braden/Documents/GitHub/ChimeraGames/Abyss/Saved/AbyssGameInstance8496AFBE4BCDFC78D6F0ADA9A5A72B15.tmp' to '../../../../../../Users/Braden/Documents/GitHub/ChimeraGames/Abyss/Content/BluePrints/AbyssGameInstance.uasset'
[2017.03.09-02.31.48:206][565]LogSavePackage:Display: Finished SavePackage ../../../../../../Users/Braden/Documents/GitHub/ChimeraGames/Abyss/Content/BluePrints/AbyssGameInstance.uasset
[2017.03.09-02.31.59:096][211]LogEditorViewport: Clicking Background
[2017.03.09-02.32.01:625][342]BlueprintLog: New page: Compile AbyssGameInstance
[2017.03.09-02.32.32:793][163]Cmd: OBJ SAVEPACKAGE PACKAGE="/Game/UMG/LossBattle" FILE="../../../../../../Users/Braden/Documents/GitHub/ChimeraGames/Abyss/Content/UMG/LossBattle.uasset" SILENT=true
[2017.03.09-02.32.32:850][163]LogSavePackage: Save=4.35ms
[2017.03.09-02.32.32:850][163]LogSavePackage: Moving '../../../../../../Users/Braden/Documents/GitHub/ChimeraGames/Abyss/Saved/LossBattle1111A0FB41F4C21157D93AA98421A93A.tmp' to '../../../../../../Users/Braden/Documents/GitHub/ChimeraGames/Abyss/Content/UMG/LossBattle.uasset'
[2017.03.09-02.32.32:852][163]LogSavePackage:Display: Finished SavePackage ../../../../../../Users/Braden/Documents/GitHub/ChimeraGames/Abyss/Content/UMG/LossBattle.uasset
[2017.03.09-02.32.35:673][330]BlueprintLog: New page: Compile LossBattle
[2017.03.09-02.32.43:857][778]Cmd: OBJ SAVEPACKAGE PACKAGE="/Game/BluePrints/AbyssGameInstance" FILE="../../../../../../Users/Braden/Documents/GitHub/ChimeraGames/Abyss/Content/BluePrints/AbyssGameInstance.uasset" SILENT=true
[2017.03.09-02.32.43:909][778]LogSavePackage: Save=7.91ms
[2017.03.09-02.32.43:910][778]LogSavePackage: Moving '../../../../../../Users/Braden/Documents/GitHub/ChimeraGames/Abyss/Saved/AbyssGameInstance2FDA0A70408040D2A462CA9D20635F6C.tmp' to '../../../../../../Users/Braden/Documents/GitHub/ChimeraGames/Abyss/Content/BluePrints/AbyssGameInstance.uasset'
[2017.03.09-02.32.43:911][778]LogSavePackage:Display: Finished SavePackage ../../../../../../Users/Braden/Documents/GitHub/ChimeraGames/Abyss/Content/BluePrints/AbyssGameInstance.uasset
[2017.03.09-02.32.44:243][798]BlueprintLog: New page: Compile AbyssGameInstance
[2017.03.09-02.32.46:339][910]LogTemp: Repeting last play command: Selected Viewport
[2017.03.09-02.32.46:379][910]LogBlueprintUserMessages: Early PlayInEditor Detection: Level '/Game/Maps-Levels/startMenu.startMenu:PersistentLevel' has LevelScriptBlueprint '/Game/Maps-Levels/startMenu.startMenu:PersistentLevel.startMenu' with GeneratedClass '/Game/Maps-Levels/startMenu.startMenu_C' with ClassGeneratedBy '/Game/Maps-Levels/startMenu.startMenu:PersistentLevel.startMenu'
[2017.03.09-02.32.46:379][910]LogPlayLevel: PlayLevel: No blueprints needed recompiling
[2017.03.09-02.32.46:380][910]PIE: New page: PIE session: startMenu (Mar 8, 2017, 4:32:46 PM)
[2017.03.09-02.32.46:393][910]LogPlayLevel: Creating play world package: /Game/Maps-Levels/UEDPIE_0_startMenu
[2017.03.09-02.32.46:394][910]LogPlayLevel: PIE: StaticDuplicateObject took: (0.001046s)
[2017.03.09-02.32.46:394][910]LogAIModule: Creating AISystem for world startMenu
[2017.03.09-02.32.46:394][910]LogPlayLevel: PIE: World Init took: (0.000525s)
[2017.03.09-02.32.46:394][910]LogPlayLevel: PIE: Created PIE world by copying editor world from /Game/Maps-Levels/startMenu.startMenu to /Game/Maps-Levels/UEDPIE_0_startMenu.startMenu (0.001764s)
[2017.03.09-02.32.46:417][910]LogInit: XAudio2 using 'Speakers (Realtek High Definition Audio)' : 2 channels at 44.1 kHz using 16 bits per sample (channel mask 0x3)
[2017.03.09-02.32.46:428][910]LogInit: FAudioDevice initialized.
[2017.03.09-02.32.46:462][910]LogLoad: Game class is 'abyssGameMode_C'
[2017.03.09-02.32.46:464][910]LogWorld: Bringing World /Game/Maps-Levels/UEDPIE_0_startMenu.startMenu up for play (max tick rate 60) at 2017.03.08-21.32.46
[2017.03.09-02.32.46:464][910]LogWorld: Bringing up level for play took: 0.000931
[2017.03.09-02.32.46:467][910]PIE: Info Play in editor start time for /Game/Maps-Levels/UEDPIE_0_startMenu -0.575
[2017.03.09-02.32.46:467][910]LogBlueprintUserMessages: Late PlayInEditor Detection: Level '/Game/Maps-Levels/startMenu.startMenu:PersistentLevel' has LevelScriptBlueprint '/Game/Maps-Levels/startMenu.startMenu:PersistentLevel.startMenu' with GeneratedClass '/Game/Maps-Levels/startMenu.startMenu_C' with ClassGeneratedBy '/Game/Maps-Levels/startMenu.startMenu:PersistentLevel.startMenu'
[2017.03.09-02.32.47:450][968]LogNet: Browse: /Game/Maps-Levels/Fort/Exploration/Fort_Exploration1
[2017.03.09-02.32.47:450][968]LogLoad: LoadMap: /Game/Maps-Levels/Fort/Exploration/Fort_Exploration1
[2017.03.09-02.32.47:478][968]Cmd: MEM
[2017.03.09-02.32.47:496][968]LogMemory: Platform Memory Stats for Windows
[2017.03.09-02.32.47:496][968]LogMemory: Process Physical Memory: 1351.95 MB used, 1359.69 MB peak
[2017.03.09-02.32.47:496][968]LogMemory: Process Virtual Memory: 1810.85 MB used, 1835.43 MB peak
[2017.03.09-02.32.47:496][968]LogMemory: Physical Memory: 6833.89 MB used,  1270.38 MB free, 8104.27 MB total
[2017.03.09-02.32.47:496][968]LogMemory: Virtual Memory: 2617.35 MB used,  1270.38 MB free, 134217728.00 MB total
[2017.03.09-02.32.47:496][968]LogMemory: 
[2017.03.09-02.32.47:496][968]Allocator Stats for TBB: (not implemented)
[2017.03.09-02.32.47:607][968]LogAIModule: Creating AISystem for world Fort_Exploration1
[2017.03.09-02.32.47:608][968]LogLoad: Game class is 'abyssExplorationMode_C'
[2017.03.09-02.32.47:615][968]LogWorld: Bringing World /Game/Maps-Levels/Fort/Exploration/UEDPIE_0_Fort_Exploration1.Fort_Exploration1 up for play (max tick rate 60) at 2017.03.08-21.32.47
[2017.03.09-02.32.47:616][968]LogWorld: Bringing up level for play took: 0.007387
[2017.03.09-02.32.47:618][968]LogLoad: Took 0.167535 seconds to LoadMap(/Game/Maps-Levels/Fort/Exploration/Fort_Exploration1)
[2017.03.09-02.32.50:137][118]LogNet: Browse: /Game/Maps-Levels/Fort_Battle
[2017.03.09-02.32.50:137][118]LogLoad: LoadMap: /Game/Maps-Levels/Fort_Battle
[2017.03.09-02.32.50:161][118]Cmd: MEM
[2017.03.09-02.32.50:180][118]LogMemory: Platform Memory Stats for Windows
[2017.03.09-02.32.50:180][118]LogMemory: Process Physical Memory: 1354.83 MB used, 1359.69 MB peak
[2017.03.09-02.32.50:180][118]LogMemory: Process Virtual Memory: 1805.02 MB used, 1867.75 MB peak
[2017.03.09-02.32.50:180][118]LogMemory: Physical Memory: 6836.05 MB used,  1268.23 MB free, 8104.27 MB total
[2017.03.09-02.32.50:180][118]LogMemory: Virtual Memory: 2611.35 MB used,  1268.23 MB free, 134217728.00 MB total
[2017.03.09-02.32.50:180][118]LogMemory: 
[2017.03.09-02.32.50:180][118]Allocator Stats for TBB: (not implemented)
[2017.03.09-02.32.50:271][118]LogAIModule: Creating AISystem for world Fort_Battle
[2017.03.09-02.32.50:271][118]LogLoad: Game class is 'abyssBattleScene_C'
[2017.03.09-02.32.50:274][118]LogWorld: Bringing World /Game/Maps-Levels/UEDPIE_0_Fort_Battle.Fort_Battle up for play (max tick rate 60) at 2017.03.08-21.32.50
[2017.03.09-02.32.50:274][118]LogWorld: Bringing up level for play took: 0.002492
[2017.03.09-02.32.50:274][118]LogGameMode: Warning - PATHS NOT DEFINED or NO PLAYERSTART with positive rating
[2017.03.09-02.32.50:284][118]LogLoad: Took 0.146630 seconds to LoadMap(/Game/Maps-Levels/Fort_Battle)
[2017.03.09-02.32.53:409][304]LogBlueprintUserMessages: [BattleHUD_C_17] Player has died!
[2017.03.09-02.32.56:411][484]LogBlueprintUserMessages: Early EndPlayMap Detection: Level '/Game/Maps-Levels/startMenu.startMenu:PersistentLevel' has LevelScriptBlueprint '/Game/Maps-Levels/startMenu.startMenu:PersistentLevel.startMenu' with GeneratedClass '/Game/Maps-Levels/startMenu.startMenu_C' with ClassGeneratedBy '/Game/Maps-Levels/startMenu.startMenu:PersistentLevel.startMenu'
[2017.03.09-02.32.56:446][484]LogBlueprintUserMessages: Late EndPlayMap Detection: Level '/Game/Maps-Levels/startMenu.startMenu:PersistentLevel' has LevelScriptBlueprint '/Game/Maps-Levels/startMenu.startMenu:PersistentLevel.startMenu' with GeneratedClass '/Game/Maps-Levels/startMenu.startMenu_C' with ClassGeneratedBy '/Game/Maps-Levels/startMenu.startMenu:PersistentLevel.startMenu'
[2017.03.09-02.33.37:514][431]LogRenderer: Reallocating scene render targets to support 952x568 NumSamples 1 (Frame:7243).
[2017.03.09-02.34.07:431][161]Cmd: OBJ SAVEPACKAGE PACKAGE="/Game/BluePrints/AbyssGameInstance" FILE="../../../../../../Users/Braden/Documents/GitHub/ChimeraGames/Abyss/Content/BluePrints/AbyssGameInstance.uasset" SILENT=true
[2017.03.09-02.34.07:486][161]LogSavePackage: Save=8.15ms
[2017.03.09-02.34.07:486][161]LogSavePackage: Moving '../../../../../../Users/Braden/Documents/GitHub/ChimeraGames/Abyss/Saved/AbyssGameInstance5D21AC684624A0BD8BCCFE8640B00A72.tmp' to '../../../../../../Users/Braden/Documents/GitHub/ChimeraGames/Abyss/Content/BluePrints/AbyssGameInstance.uasset'
[2017.03.09-02.34.07:487][161]LogSavePackage:Display: Finished SavePackage ../../../../../../Users/Braden/Documents/GitHub/ChimeraGames/Abyss/Content/BluePrints/AbyssGameInstance.uasset
[2017.03.09-02.34.08:334][212]BlueprintLog: New page: Compile AbyssGameInstance
[2017.03.09-02.34.09:064][238]Cmd: OBJ SAVEPACKAGE PACKAGE="/Game/BluePrints/AbyssGameInstance" FILE="../../../../../../Users/Braden/Documents/GitHub/ChimeraGames/Abyss/Content/BluePrints/AbyssGameInstance.uasset" SILENT=true
[2017.03.09-02.34.09:117][238]LogSavePackage: Save=8.50ms
[2017.03.09-02.34.09:117][238]LogSavePackage: Moving '../../../../../../Users/Braden/Documents/GitHub/ChimeraGames/Abyss/Saved/AbyssGameInstance6C8327664857405D58292091E1FB6817.tmp' to '../../../../../../Users/Braden/Documents/GitHub/ChimeraGames/Abyss/Content/BluePrints/AbyssGameInstance.uasset'
[2017.03.09-02.34.09:118][238]LogSavePackage:Display: Finished SavePackage ../../../../../../Users/Braden/Documents/GitHub/ChimeraGames/Abyss/Content/BluePrints/AbyssGameInstance.uasset
[2017.03.09-02.36.13:967][369]Cmd: OBJ SAVEPACKAGE PACKAGE="/Game/UMG/GameVictory" FILE="../../../../../../Users/Braden/Documents/GitHub/ChimeraGames/Abyss/Content/UMG/GameVictory.uasset" SILENT=true
[2017.03.09-02.36.13:972][369]LogSavePackage: Save=3.98ms
[2017.03.09-02.36.13:972][369]LogSavePackage: Moving '../../../../../../Users/Braden/Documents/GitHub/ChimeraGames/Abyss/Saved/GameVictoryC37659664706B521012A858989A0932D.tmp' to '../../../../../../Users/Braden/Documents/GitHub/ChimeraGames/Abyss/Content/UMG/GameVictory.uasset'
[2017.03.09-02.36.13:973][369]LogSavePackage:Display: Finished SavePackage ../../../../../../Users/Braden/Documents/GitHub/ChimeraGames/Abyss/Content/UMG/GameVictory.uasset
[2017.03.09-02.36.14:520][398]BlueprintLog: New page: Compile GameVictory
[2017.03.09-02.36.33:180][487]LogSlate:Warning: Prevented a slow task dialog from being summoned while a context menu was open
[2017.03.09-02.37.26:987][594]LogSavePackage: Save=9.54ms
[2017.03.09-02.37.26:987][594]LogSavePackage: Moving '../../../../../../Users/Braden/Documents/GitHub/ChimeraGames/Abyss/Saved/GameVictoryTrigger09B28C3240BEAF2C6269F8A45A2AB453.tmp' to '../../../../../../Users/Braden/Documents/GitHub/ChimeraGames/Abyss/Content/BluePrints/Exploration/GameVictoryTrigger.uasset'
[2017.03.09-02.37.26:989][594]LogSavePackage:Display: Finished SavePackage ../../../../../../Users/Braden/Documents/GitHub/ChimeraGames/Abyss/Content/BluePrints/Exploration/GameVictoryTrigger.uasset
[2017.03.09-02.37.28:930][707]BlueprintLog: New page: Compile GameVictoryTrigger
[2017.03.09-02.37.29:946][745]LogSavePackage: Save=9.17ms
[2017.03.09-02.37.29:946][745]LogSavePackage: Moving '../../../../../../Users/Braden/Documents/GitHub/ChimeraGames/Abyss/Saved/GameVictoryTrigger9CA7687D43FD71E6BFFC999210EB351F.tmp' to '../../../../../../Users/Braden/Documents/GitHub/ChimeraGames/Abyss/Content/BluePrints/Exploration/GameVictoryTrigger.uasset'
[2017.03.09-02.37.29:947][745]LogSavePackage:Display: Finished SavePackage ../../../../../../Users/Braden/Documents/GitHub/ChimeraGames/Abyss/Content/BluePrints/Exploration/GameVictoryTrigger.uasset
[2017.03.09-02.38.13:784][320]BlueprintLog: New page: Compile GameVictoryTrigger
[2017.03.09-02.41.42:254][552]LogSavePackage: Save=12.86ms
[2017.03.09-02.41.42:254][552]LogSavePackage: Moving '../../../../../../Users/Braden/Documents/GitHub/ChimeraGames/Abyss/Saved/GameVictoryTrigger8E9C86D44F6E8A89EB255983F6E0B28D.tmp' to '../../../../../../Users/Braden/Documents/GitHub/ChimeraGames/Abyss/Content/BluePrints/Exploration/GameVictoryTrigger.uasset'
[2017.03.09-02.41.42:256][552]LogSavePackage:Display: Finished SavePackage ../../../../../../Users/Braden/Documents/GitHub/ChimeraGames/Abyss/Content/BluePrints/Exploration/GameVictoryTrigger.uasset
[2017.03.09-02.41.45:352][737]BlueprintLog: New page: Compile GameVictoryTrigger
[2017.03.09-02.41.46:402][776]LogSavePackage: Save=10.81ms
[2017.03.09-02.41.46:402][776]LogSavePackage: Moving '../../../../../../Users/Braden/Documents/GitHub/ChimeraGames/Abyss/Saved/GameVictoryTrigger47CF71224CC60FDE8DC7EA91D72EA600.tmp' to '../../../../../../Users/Braden/Documents/GitHub/ChimeraGames/Abyss/Content/BluePrints/Exploration/GameVictoryTrigger.uasset'
[2017.03.09-02.41.46:403][776]LogSavePackage:Display: Finished SavePackage ../../../../../../Users/Braden/Documents/GitHub/ChimeraGames/Abyss/Content/BluePrints/Exploration/GameVictoryTrigger.uasset
[2017.03.09-02.41.56:528][350]LogAIModule: Creating AISystem for world Fort_Exploration
[2017.03.09-02.41.56:566][350]Cmd: MAP LOAD FILE="../../../../../../Users/Braden/Documents/GitHub/ChimeraGames/Abyss/Content/Maps-Levels/Fort/Fort_Exploration.umap" TEMPLATE=0 SHOWPROGRESS=1 FEATURELEVEL=3
[2017.03.09-02.41.56:566][350]LightingResults: New page: Lighting Build
[2017.03.09-02.41.56:568][350]LoadErrors: New page: Loading map: Fort_Exploration.umap
[2017.03.09-02.41.56:569][350]MapCheck: New page: Map Check
[2017.03.09-02.41.56:569][350]LightingResults: New page: Lighting Build
[2017.03.09-02.41.56:606][350]LogEditorServer: Finished looking for orphan Actors (0.000 secs)
[2017.03.09-02.41.56:652][350]Cmd: MAP CHECKDEP NOCLEARLOG
[2017.03.09-02.41.56:705][350]MapCheck: Info Map check complete: 0 Error(s), 0 Warning(s), took 53.286ms to complete.
[2017.03.09-02.41.56:705][350]LogFileHelpers: Loading map 'Fort_Exploration' took 0.141
[2017.03.09-02.41.58:976][481]LogEditorViewport: Clicking on Actor (LMB): Fort_BattleTrigger_C (Fort_BattleTrigger8)
[2017.03.09-02.42.32:523][481]LogEditorViewport: Clicking on Actor (LMB): PaperTileMapActor (Fort_TileMap3)
[2017.03.09-02.42.33:868][559]LogEditorViewport: Clicking on Actor (LMB): PaperTileMapActor (Fort_TileMap3)
[2017.03.09-02.42.40:081][928]LogEditorViewport: Clicking on Actor (LMB): PaperTileMapActor (Fort_TileMap2)
[2017.03.09-02.42.41:735][ 25]LogEditorViewport: Clicking on Actor (LMB): PaperTileMapActor (Fort_TileMap)
[2017.03.09-02.42.44:520][189]LogEditorViewport: Clicking on Actor (LMB): PaperTileMapActor (Fort_TileMap3)
[2017.03.09-02.42.46:383][299]LogEditorViewport: Clicking on Actor (LMB): PaperTileMapActor (Fort_TileMap2)
[2017.03.09-02.42.49:970][512]LogEditorViewport: Clicking on Actor (LMB): PaperTileMapActor (Fort_TileMap3)
[2017.03.09-02.42.50:499][542]LogEditorViewport: Clicking on Actor (LMB): PaperTileMapActor (Fort_TileMap3)
[2017.03.09-02.42.51:502][602]LogEditorViewport: Clicking on Actor (LMB): Fort_BattleTrigger_C (Fort_BattleTrigger5)
[2017.03.09-02.43.01:647][206]LogEditorViewport: Clicking on Actor (LMB): Fort_BattleTrigger_C (Fort_BattleTrigger6)
[2017.03.09-02.43.03:744][328]LogEditorViewport: Clicking on Actor (LMB): Fort_BattleTrigger_C (Fort_BattleTrigger7)
[2017.03.09-02.43.06:547][491]LogEditorViewport: Clicking on Actor (LMB): Fort_BattleTrigger_C (Fort_BattleTrigger4)
[2017.03.09-02.43.09:099][640]LogEditorViewport: Clicking on Actor (LMB): Fort_BattleTrigger_C (Fort_BattleTrigger6)
[2017.03.09-02.43.12:662][850]LogEditorViewport: Clicking on Actor (LMB): Fort_BattleTrigger_C (Fort_BattleTrigger8)
[2017.03.09-02.43.37:556][751]LogEditorViewport: Clicking on Actor (LMB): PaperTileMapActor (Fort_TileMap2)
[2017.03.09-02.43.46:313][272]LogEditorViewport: Clicking on Actor (LMB): Fort_BattleTrigger_C (Fort_BattleTrigger8)
[2017.03.09-02.43.58:295][978]LogEditorViewport: Clicking on Actor (LMB): PaperTileMapActor (Fort_TileMap2)
[2017.03.09-02.44.06:139][432]LogEditorViewport: Clicking on Actor (LMB): Fort_BattleTrigger_C (Fort_BattleTrigger8)
[2017.03.09-02.44.12:661][809]LogEditorViewport: Clicking on Actor (LMB): GameVictoryTrigger_C (GameVictoryTrigger)
[2017.03.09-02.44.59:213][548]LogEditorViewport: Clicking Background
[2017.03.09-02.45.25:349][111]LogEditorViewport: Clicking on Actor (LMB): PlayerStart (PlayerStart)
[2017.03.09-02.45.28:743][309]LogNavigationPoint: PostEditMove Clear paths rebuilt
[2017.03.09-02.45.29:697][364]LogNavigationPoint: PostEditMove Clear paths rebuilt
[2017.03.09-02.45.31:149][450]LogNavigationPoint: PostEditMove Clear paths rebuilt
[2017.03.09-02.45.35:715][720]LogNavigationPoint: PostEditMove Clear paths rebuilt
[2017.03.09-02.45.38:619][874]LogSavePackage: Save=113.07ms
[2017.03.09-02.45.38:619][874]LogSavePackage: Moving '../../../../../../Users/Braden/Documents/GitHub/ChimeraGames/Abyss/Saved/Fort_Exploration9715A7FE4E78BE62E944E0976A83EDA0.tmp' to '../../../../../../Users/Braden/Documents/GitHub/ChimeraGames/Abyss/Content/Maps-Levels/Fort/Fort_Exploration.umap'
[2017.03.09-02.45.38:621][874]LogSavePackage:Display: Finished SavePackage ../../../../../../Users/Braden/Documents/GitHub/ChimeraGames/Abyss/Content/Maps-Levels/Fort/Fort_Exploration.umap
[2017.03.09-02.46.26:287][584]LogSavePackage: Save=14.67ms
[2017.03.09-02.46.26:287][584]LogSavePackage: Moving '../../../../../../Users/Braden/Documents/GitHub/ChimeraGames/Abyss/Saved/GameVictoryTrigger1BFD75CF42C1DA7DA656B396FEF78EF3.tmp' to '../../../../../../Users/Braden/Documents/GitHub/ChimeraGames/Abyss/Content/BluePrints/Exploration/GameVictoryTrigger.uasset'
[2017.03.09-02.46.26:289][584]LogSavePackage:Display: Finished SavePackage ../../../../../../Users/Braden/Documents/GitHub/ChimeraGames/Abyss/Content/BluePrints/Exploration/GameVictoryTrigger.uasset
[2017.03.09-02.46.27:381][649]BlueprintLog: New page: Compile GameVictoryTrigger
[2017.03.09-02.46.28:918][729]LogTemp: Repeting last play command: Selected Viewport
[2017.03.09-02.46.28:953][729]LogBlueprintUserMessages: Early PlayInEditor Detection: Level '/Game/Maps-Levels/Fort/Fort_Exploration.Fort_Exploration:PersistentLevel' has LevelScriptBlueprint '/Game/Maps-Levels/Fort/Fort_Exploration.Fort_Exploration:PersistentLevel.Fort_Exploration' with GeneratedClass '/Game/Maps-Levels/Fort/Fort_Exploration.Fort_Exploration_C' with ClassGeneratedBy '/Game/Maps-Levels/Fort/Fort_Exploration.Fort_Exploration:PersistentLevel.Fort_Exploration'
[2017.03.09-02.46.28:953][729]LogPlayLevel: PlayLevel: No blueprints needed recompiling
[2017.03.09-02.46.28:953][729]PIE: New page: PIE session: Fort_Exploration (Mar 8, 2017, 4:46:28 PM)
[2017.03.09-02.46.28:954][729]LogPlayLevel: Creating play world package: /Game/Maps-Levels/Fort/UEDPIE_0_Fort_Exploration
[2017.03.09-02.46.28:958][729]LogPlayLevel: PIE: StaticDuplicateObject took: (0.004691s)
[2017.03.09-02.46.28:960][729]LogAIModule: Creating AISystem for world Fort_Exploration
[2017.03.09-02.46.28:960][729]LogPlayLevel: PIE: World Init took: (0.001742s)
[2017.03.09-02.46.28:961][729]LogPlayLevel: PIE: Created PIE world by copying editor world from /Game/Maps-Levels/Fort/Fort_Exploration.Fort_Exploration to /Game/Maps-Levels/Fort/UEDPIE_0_Fort_Exploration.Fort_Exploration (0.007046s)
[2017.03.09-02.46.28:991][729]LogInit: XAudio2 using 'Speakers (Realtek High Definition Audio)' : 2 channels at 44.1 kHz using 16 bits per sample (channel mask 0x3)
[2017.03.09-02.46.29:003][729]LogInit: FAudioDevice initialized.
[2017.03.09-02.46.29:043][729]LogLoad: Game class is 'abyssExplorationMode_C'
[2017.03.09-02.46.29:047][729]LogWorld: Bringing World /Game/Maps-Levels/Fort/UEDPIE_0_Fort_Exploration.Fort_Exploration up for play (max tick rate 60) at 2017.03.08-21.46.29
[2017.03.09-02.46.29:048][729]LogWorld: Bringing up level for play took: 0.003534
[2017.03.09-02.46.29:056][729]PIE: Info Play in editor start time for /Game/Maps-Levels/Fort/UEDPIE_0_Fort_Exploration 0.015
[2017.03.09-02.46.29:056][729]LogBlueprintUserMessages: Late PlayInEditor Detection: Level '/Game/Maps-Levels/Fort/Fort_Exploration.Fort_Exploration:PersistentLevel' has LevelScriptBlueprint '/Game/Maps-Levels/Fort/Fort_Exploration.Fort_Exploration:PersistentLevel.Fort_Exploration' with GeneratedClass '/Game/Maps-Levels/Fort/Fort_Exploration.Fort_Exploration_C' with ClassGeneratedBy '/Game/Maps-Levels/Fort/Fort_Exploration.Fort_Exploration:PersistentLevel.Fort_Exploration'
[2017.03.09-02.46.32:600][940]LogBlueprintUserMessages: Early EndPlayMap Detection: Level '/Game/Maps-Levels/Fort/Fort_Exploration.Fort_Exploration:PersistentLevel' has LevelScriptBlueprint '/Game/Maps-Levels/Fort/Fort_Exploration.Fort_Exploration:PersistentLevel.Fort_Exploration' with GeneratedClass '/Game/Maps-Levels/Fort/Fort_Exploration.Fort_Exploration_C' with ClassGeneratedBy '/Game/Maps-Levels/Fort/Fort_Exploration.Fort_Exploration:PersistentLevel.Fort_Exploration'
[2017.03.09-02.46.32:653][940]LogBlueprintUserMessages: Late EndPlayMap Detection: Level '/Game/Maps-Levels/Fort/Fort_Exploration.Fort_Exploration:PersistentLevel' has LevelScriptBlueprint '/Game/Maps-Levels/Fort/Fort_Exploration.Fort_Exploration:PersistentLevel.Fort_Exploration' with GeneratedClass '/Game/Maps-Levels/Fort/Fort_Exploration.Fort_Exploration_C' with ClassGeneratedBy '/Game/Maps-Levels/Fort/Fort_Exploration.Fort_Exploration:PersistentLevel.Fort_Exploration'
[2017.03.09-02.46.33:766][  4]LogEditorViewport: Clicking on Actor (LMB): PlayerStart (PlayerStart)
[2017.03.09-02.46.34:859][ 68]LogNavigationPoint: PostEditMove Clear paths rebuilt
[2017.03.09-02.46.35:528][105]LogTemp: Repeting last play command: Selected Viewport
[2017.03.09-02.46.35:568][105]LogBlueprintUserMessages: Early PlayInEditor Detection: Level '/Game/Maps-Levels/Fort/Fort_Exploration.Fort_Exploration:PersistentLevel' has LevelScriptBlueprint '/Game/Maps-Levels/Fort/Fort_Exploration.Fort_Exploration:PersistentLevel.Fort_Exploration' with GeneratedClass '/Game/Maps-Levels/Fort/Fort_Exploration.Fort_Exploration_C' with ClassGeneratedBy '/Game/Maps-Levels/Fort/Fort_Exploration.Fort_Exploration:PersistentLevel.Fort_Exploration'
[2017.03.09-02.46.35:569][105]LogPlayLevel: PlayLevel: No blueprints needed recompiling
[2017.03.09-02.46.35:569][105]PIE: New page: PIE session: Fort_Exploration (Mar 8, 2017, 4:46:35 PM)
[2017.03.09-02.46.35:569][105]LogPlayLevel: Creating play world package: /Game/Maps-Levels/Fort/UEDPIE_0_Fort_Exploration
[2017.03.09-02.46.35:574][105]LogPlayLevel: PIE: StaticDuplicateObject took: (0.004474s)
[2017.03.09-02.46.35:574][105]LogAIModule: Creating AISystem for world Fort_Exploration
[2017.03.09-02.46.35:575][105]LogPlayLevel: PIE: World Init took: (0.000657s)
[2017.03.09-02.46.35:575][105]LogPlayLevel: PIE: Created PIE world by copying editor world from /Game/Maps-Levels/Fort/Fort_Exploration.Fort_Exploration to /Game/Maps-Levels/Fort/UEDPIE_0_Fort_Exploration.Fort_Exploration (0.005378s)
[2017.03.09-02.46.35:603][105]LogInit: XAudio2 using 'Speakers (Realtek High Definition Audio)' : 2 channels at 44.1 kHz using 16 bits per sample (channel mask 0x3)
[2017.03.09-02.46.35:612][105]LogInit: FAudioDevice initialized.
[2017.03.09-02.46.35:642][105]LogLoad: Game class is 'abyssExplorationMode_C'
[2017.03.09-02.46.35:645][105]LogWorld: Bringing World /Game/Maps-Levels/Fort/UEDPIE_0_Fort_Exploration.Fort_Exploration up for play (max tick rate 60) at 2017.03.08-21.46.35
[2017.03.09-02.46.35:646][105]LogWorld: Bringing up level for play took: 0.003150
[2017.03.09-02.46.35:650][105]PIE: Info Play in editor start time for /Game/Maps-Levels/Fort/UEDPIE_0_Fort_Exploration 0.607
[2017.03.09-02.46.35:650][105]LogBlueprintUserMessages: Late PlayInEditor Detection: Level '/Game/Maps-Levels/Fort/Fort_Exploration.Fort_Exploration:PersistentLevel' has LevelScriptBlueprint '/Game/Maps-Levels/Fort/Fort_Exploration.Fort_Exploration:PersistentLevel.Fort_Exploration' with GeneratedClass '/Game/Maps-Levels/Fort/Fort_Exploration.Fort_Exploration_C' with ClassGeneratedBy '/Game/Maps-Levels/Fort/Fort_Exploration.Fort_Exploration:PersistentLevel.Fort_Exploration'
[2017.03.09-02.46.37:620][223]LogBlueprintUserMessages: Early EndPlayMap Detection: Level '/Game/Maps-Levels/Fort/Fort_Exploration.Fort_Exploration:PersistentLevel' has LevelScriptBlueprint '/Game/Maps-Levels/Fort/Fort_Exploration.Fort_Exploration:PersistentLevel.Fort_Exploration' with GeneratedClass '/Game/Maps-Levels/Fort/Fort_Exploration.Fort_Exploration_C' with ClassGeneratedBy '/Game/Maps-Levels/Fort/Fort_Exploration.Fort_Exploration:PersistentLevel.Fort_Exploration'
[2017.03.09-02.46.37:669][223]LogBlueprintUserMessages: Late EndPlayMap Detection: Level '/Game/Maps-Levels/Fort/Fort_Exploration.Fort_Exploration:PersistentLevel' has LevelScriptBlueprint '/Game/Maps-Levels/Fort/Fort_Exploration.Fort_Exploration:PersistentLevel.Fort_Exploration' with GeneratedClass '/Game/Maps-Levels/Fort/Fort_Exploration.Fort_Exploration_C' with ClassGeneratedBy '/Game/Maps-Levels/Fort/Fort_Exploration.Fort_Exploration:PersistentLevel.Fort_Exploration'
[2017.03.09-02.46.39:917][351]LogEditorViewport: Clicking on Actor (LMB): PaperTileMapActor (Fort_TileMap2)
[2017.03.09-02.46.46:048][703]LogRenderer: Reallocating scene render targets to support 952x744 NumSamples 1 (Frame:29197).
[2017.03.09-02.47.37:133][387]LogSavePackage: Save=30.29ms
[2017.03.09-02.47.37:133][387]LogSavePackage: Moving '../../../../../../Users/Braden/Documents/GitHub/ChimeraGames/Abyss/Saved/Fort_TileMap209069CC44B9ACEA0993CAC89955C48EA.tmp' to '../../../../../../Users/Braden/Documents/GitHub/ChimeraGames/Abyss/Content/Maps-Levels/Fort/Exploration/Fort_TileMap2.uasset'
[2017.03.09-02.47.37:135][387]LogSavePackage:Display: Finished SavePackage ../../../../../../Users/Braden/Documents/GitHub/ChimeraGames/Abyss/Content/Maps-Levels/Fort/Exploration/Fort_TileMap2.uasset
[2017.03.09-02.47.44:148][788]LogEditorViewport: Clicking on Actor (LMB): PaperTileMapActor (Fort_TileMap3)
[2017.03.09-02.47.44:769][823]LogEditorViewport: Clicking on Actor (LMB): PaperTileMapActor (Fort_TileMap2)
[2017.03.09-02.47.46:481][921]LogTemp: Repeting last play command: Selected Viewport
[2017.03.09-02.47.46:522][921]LogBlueprintUserMessages: Early PlayInEditor Detection: Level '/Game/Maps-Levels/Fort/Fort_Exploration.Fort_Exploration:PersistentLevel' has LevelScriptBlueprint '/Game/Maps-Levels/Fort/Fort_Exploration.Fort_Exploration:PersistentLevel.Fort_Exploration' with GeneratedClass '/Game/Maps-Levels/Fort/Fort_Exploration.Fort_Exploration_C' with ClassGeneratedBy '/Game/Maps-Levels/Fort/Fort_Exploration.Fort_Exploration:PersistentLevel.Fort_Exploration'
[2017.03.09-02.47.46:522][921]LogPlayLevel: PlayLevel: No blueprints needed recompiling
[2017.03.09-02.47.46:523][921]PIE: New page: PIE session: Fort_Exploration (Mar 8, 2017, 4:47:46 PM)
[2017.03.09-02.47.46:523][921]LogPlayLevel: Creating play world package: /Game/Maps-Levels/Fort/UEDPIE_0_Fort_Exploration
[2017.03.09-02.47.46:528][921]LogPlayLevel: PIE: StaticDuplicateObject took: (0.004598s)
[2017.03.09-02.47.46:529][921]LogAIModule: Creating AISystem for world Fort_Exploration
[2017.03.09-02.47.46:529][921]LogPlayLevel: PIE: World Init took: (0.000802s)
[2017.03.09-02.47.46:529][921]LogPlayLevel: PIE: Created PIE world by copying editor world from /Game/Maps-Levels/Fort/Fort_Exploration.Fort_Exploration to /Game/Maps-Levels/Fort/UEDPIE_0_Fort_Exploration.Fort_Exploration (0.005780s)
[2017.03.09-02.47.46:565][921]LogInit: XAudio2 using 'Speakers (Realtek High Definition Audio)' : 2 channels at 44.1 kHz using 16 bits per sample (channel mask 0x3)
[2017.03.09-02.47.46:574][921]LogInit: FAudioDevice initialized.
[2017.03.09-02.47.46:609][921]LogLoad: Game class is 'abyssExplorationMode_C'
[2017.03.09-02.47.46:659][921]LogWorld: Bringing World /Game/Maps-Levels/Fort/UEDPIE_0_Fort_Exploration.Fort_Exploration up for play (max tick rate 60) at 2017.03.08-21.47.46
[2017.03.09-02.47.46:660][921]LogWorld: Bringing up level for play took: 0.003352
[2017.03.09-02.47.46:664][921]PIE: Info Play in editor start time for /Game/Maps-Levels/Fort/UEDPIE_0_Fort_Exploration -0.378
[2017.03.09-02.47.46:664][921]LogBlueprintUserMessages: Late PlayInEditor Detection: Level '/Game/Maps-Levels/Fort/Fort_Exploration.Fort_Exploration:PersistentLevel' has LevelScriptBlueprint '/Game/Maps-Levels/Fort/Fort_Exploration.Fort_Exploration:PersistentLevel.Fort_Exploration' with GeneratedClass '/Game/Maps-Levels/Fort/Fort_Exploration.Fort_Exploration_C' with ClassGeneratedBy '/Game/Maps-Levels/Fort/Fort_Exploration.Fort_Exploration:PersistentLevel.Fort_Exploration'
[2017.03.09-02.47.51:752][222]LogBlueprintUserMessages: Early EndPlayMap Detection: Level '/Game/Maps-Levels/Fort/Fort_Exploration.Fort_Exploration:PersistentLevel' has LevelScriptBlueprint '/Game/Maps-Levels/Fort/Fort_Exploration.Fort_Exploration:PersistentLevel.Fort_Exploration' with GeneratedClass '/Game/Maps-Levels/Fort/Fort_Exploration.Fort_Exploration_C' with ClassGeneratedBy '/Game/Maps-Levels/Fort/Fort_Exploration.Fort_Exploration:PersistentLevel.Fort_Exploration'
[2017.03.09-02.47.51:809][222]LogBlueprintUserMessages: Late EndPlayMap Detection: Level '/Game/Maps-Levels/Fort/Fort_Exploration.Fort_Exploration:PersistentLevel' has LevelScriptBlueprint '/Game/Maps-Levels/Fort/Fort_Exploration.Fort_Exploration:PersistentLevel.Fort_Exploration' with GeneratedClass '/Game/Maps-Levels/Fort/Fort_Exploration.Fort_Exploration_C' with ClassGeneratedBy '/Game/Maps-Levels/Fort/Fort_Exploration.Fort_Exploration:PersistentLevel.Fort_Exploration'
[2017.03.09-02.47.53:316][310]LogEditorViewport: Clicking on Actor (LMB): GameVictoryTrigger_C (GameVictoryTrigger)
[2017.03.09-02.48.08:607][206]LogEditorViewport: Clicking on Actor (LMB): PaperTileMapActor (Fort_TileMap2)
[2017.03.09-02.48.10:053][288]LogTemp: Repeting last play command: Selected Viewport
[2017.03.09-02.48.10:089][288]LogBlueprintUserMessages: Early PlayInEditor Detection: Level '/Game/Maps-Levels/Fort/Fort_Exploration.Fort_Exploration:PersistentLevel' has LevelScriptBlueprint '/Game/Maps-Levels/Fort/Fort_Exploration.Fort_Exploration:PersistentLevel.Fort_Exploration' with GeneratedClass '/Game/Maps-Levels/Fort/Fort_Exploration.Fort_Exploration_C' with ClassGeneratedBy '/Game/Maps-Levels/Fort/Fort_Exploration.Fort_Exploration:PersistentLevel.Fort_Exploration'
[2017.03.09-02.48.10:089][288]LogPlayLevel: PlayLevel: No blueprints needed recompiling
[2017.03.09-02.48.10:090][288]PIE: New page: PIE session: Fort_Exploration (Mar 8, 2017, 4:48:10 PM)
[2017.03.09-02.48.10:090][288]LogPlayLevel: Creating play world package: /Game/Maps-Levels/Fort/UEDPIE_0_Fort_Exploration
[2017.03.09-02.48.10:096][288]LogPlayLevel: PIE: StaticDuplicateObject took: (0.005542s)
[2017.03.09-02.48.10:096][288]LogAIModule: Creating AISystem for world Fort_Exploration
[2017.03.09-02.48.10:097][288]LogPlayLevel: PIE: World Init took: (0.000744s)
[2017.03.09-02.48.10:097][288]LogPlayLevel: PIE: Created PIE world by copying editor world from /Game/Maps-Levels/Fort/Fort_Exploration.Fort_Exploration to /Game/Maps-Levels/Fort/UEDPIE_0_Fort_Exploration.Fort_Exploration (0.006547s)
[2017.03.09-02.48.10:129][288]LogInit: XAudio2 using 'Speakers (Realtek High Definition Audio)' : 2 channels at 44.1 kHz using 16 bits per sample (channel mask 0x3)
[2017.03.09-02.48.10:139][288]LogInit: FAudioDevice initialized.
[2017.03.09-02.48.10:171][288]LogLoad: Game class is 'abyssExplorationMode_C'
[2017.03.09-02.48.10:175][288]LogWorld: Bringing World /Game/Maps-Levels/Fort/UEDPIE_0_Fort_Exploration.Fort_Exploration up for play (max tick rate 60) at 2017.03.08-21.48.10
[2017.03.09-02.48.10:176][288]LogWorld: Bringing up level for play took: 0.003143
[2017.03.09-02.48.10:179][288]PIE: Info Play in editor start time for /Game/Maps-Levels/Fort/UEDPIE_0_Fort_Exploration -0.863
[2017.03.09-02.48.10:180][288]LogBlueprintUserMessages: Late PlayInEditor Detection: Level '/Game/Maps-Levels/Fort/Fort_Exploration.Fort_Exploration:PersistentLevel' has LevelScriptBlueprint '/Game/Maps-Levels/Fort/Fort_Exploration.Fort_Exploration:PersistentLevel.Fort_Exploration' with GeneratedClass '/Game/Maps-Levels/Fort/Fort_Exploration.Fort_Exploration_C' with ClassGeneratedBy '/Game/Maps-Levels/Fort/Fort_Exploration.Fort_Exploration:PersistentLevel.Fort_Exploration'
[2017.03.09-02.48.15:749][622]LogBlueprintUserMessages: Early EndPlayMap Detection: Level '/Game/Maps-Levels/Fort/Fort_Exploration.Fort_Exploration:PersistentLevel' has LevelScriptBlueprint '/Game/Maps-Levels/Fort/Fort_Exploration.Fort_Exploration:PersistentLevel.Fort_Exploration' with GeneratedClass '/Game/Maps-Levels/Fort/Fort_Exploration.Fort_Exploration_C' with ClassGeneratedBy '/Game/Maps-Levels/Fort/Fort_Exploration.Fort_Exploration:PersistentLevel.Fort_Exploration'
[2017.03.09-02.48.15:807][622]LogBlueprintUserMessages: Late EndPlayMap Detection: Level '/Game/Maps-Levels/Fort/Fort_Exploration.Fort_Exploration:PersistentLevel' has LevelScriptBlueprint '/Game/Maps-Levels/Fort/Fort_Exploration.Fort_Exploration:PersistentLevel.Fort_Exploration' with GeneratedClass '/Game/Maps-Levels/Fort/Fort_Exploration.Fort_Exploration_C' with ClassGeneratedBy '/Game/Maps-Levels/Fort/Fort_Exploration.Fort_Exploration:PersistentLevel.Fort_Exploration'
[2017.03.09-02.48.17:078][696]LogEditorViewport: Clicking on Actor (LMB): Fort_BattleTrigger_C (Fort_BattleTrigger8)
[2017.03.09-02.48.45:070][324]BlueprintLog: New page: Compile Fort_BattleTrigger
[2017.03.09-02.48.47:659][397]LogSavePackage: Save=36.53ms
[2017.03.09-02.48.47:659][397]LogSavePackage: Moving '../../../../../../Users/Braden/Documents/GitHub/ChimeraGames/Abyss/Saved/Fort_BattleTriggerB32DE3E84273EC4895F817B25D90A7DA.tmp' to '../../../../../../Users/Braden/Documents/GitHub/ChimeraGames/Abyss/Content/BluePrints/Exploration/Fort_BattleTrigger.uasset'
[2017.03.09-02.48.47:661][397]LogSavePackage:Display: Finished SavePackage ../../../../../../Users/Braden/Documents/GitHub/ChimeraGames/Abyss/Content/BluePrints/Exploration/Fort_BattleTrigger.uasset
[2017.03.09-02.48.53:711][756]BlueprintLog: New page: Compile GameVictoryTrigger
[2017.03.09-02.48.55:920][868]LogSavePackage: Save=13.98ms
[2017.03.09-02.48.55:920][868]LogSavePackage: Moving '../../../../../../Users/Braden/Documents/GitHub/ChimeraGames/Abyss/Saved/GameVictoryTrigger87F96B1E4FAC3C992938F29F0C50622E.tmp' to '../../../../../../Users/Braden/Documents/GitHub/ChimeraGames/Abyss/Content/BluePrints/Exploration/GameVictoryTrigger.uasset'
[2017.03.09-02.48.55:921][868]LogSavePackage:Display: Finished SavePackage ../../../../../../Users/Braden/Documents/GitHub/ChimeraGames/Abyss/Content/BluePrints/Exploration/GameVictoryTrigger.uasset
[2017.03.09-02.49.00:433][132]LogEditorViewport: Clicking on Actor (LMB): GameVictoryTrigger_C (GameVictoryTrigger)
[2017.03.09-02.49.07:651][533]LogSavePackage: Save=142.34ms
[2017.03.09-02.49.07:651][533]LogSavePackage: Moving '../../../../../../Users/Braden/Documents/GitHub/ChimeraGames/Abyss/Saved/Fort_ExplorationAAF8CB724BDFB2235020C684EE52C31C.tmp' to '../../../../../../Users/Braden/Documents/GitHub/ChimeraGames/Abyss/Content/Maps-Levels/Fort/Fort_Exploration.umap'
[2017.03.09-02.49.07:653][533]LogSavePackage:Display: Finished SavePackage ../../../../../../Users/Braden/Documents/GitHub/ChimeraGames/Abyss/Content/Maps-Levels/Fort/Fort_Exploration.umap
[2017.03.09-02.49.08:508][576]LogTemp: Repeting last play command: Selected Viewport
[2017.03.09-02.49.08:551][576]LogBlueprintUserMessages: Early PlayInEditor Detection: Level '/Game/Maps-Levels/Fort/Fort_Exploration.Fort_Exploration:PersistentLevel' has LevelScriptBlueprint '/Game/Maps-Levels/Fort/Fort_Exploration.Fort_Exploration:PersistentLevel.Fort_Exploration' with GeneratedClass '/Game/Maps-Levels/Fort/Fort_Exploration.Fort_Exploration_C' with ClassGeneratedBy '/Game/Maps-Levels/Fort/Fort_Exploration.Fort_Exploration:PersistentLevel.Fort_Exploration'
[2017.03.09-02.49.08:551][576]LogPlayLevel: PlayLevel: No blueprints needed recompiling
[2017.03.09-02.49.08:551][576]PIE: New page: PIE session: Fort_Exploration (Mar 8, 2017, 4:49:08 PM)
[2017.03.09-02.49.08:552][576]LogPlayLevel: Creating play world package: /Game/Maps-Levels/Fort/UEDPIE_0_Fort_Exploration
[2017.03.09-02.49.08:556][576]LogPlayLevel: PIE: StaticDuplicateObject took: (0.004162s)
[2017.03.09-02.49.08:556][576]LogAIModule: Creating AISystem for world Fort_Exploration
[2017.03.09-02.49.08:557][576]LogPlayLevel: PIE: World Init took: (0.000742s)
[2017.03.09-02.49.08:557][576]LogPlayLevel: PIE: Created PIE world by copying editor world from /Game/Maps-Levels/Fort/Fort_Exploration.Fort_Exploration to /Game/Maps-Levels/Fort/UEDPIE_0_Fort_Exploration.Fort_Exploration (0.005205s)
[2017.03.09-02.49.08:591][576]LogInit: XAudio2 using 'Speakers (Realtek High Definition Audio)' : 2 channels at 44.1 kHz using 16 bits per sample (channel mask 0x3)
[2017.03.09-02.49.08:601][576]LogInit: FAudioDevice initialized.
[2017.03.09-02.49.08:634][576]LogLoad: Game class is 'abyssExplorationMode_C'
[2017.03.09-02.49.08:639][576]LogWorld: Bringing World /Game/Maps-Levels/Fort/UEDPIE_0_Fort_Exploration.Fort_Exploration up for play (max tick rate 60) at 2017.03.08-21.49.08
[2017.03.09-02.49.08:640][576]LogWorld: Bringing up level for play took: 0.004283
[2017.03.09-02.49.08:645][576]PIE: Info Play in editor start time for /Game/Maps-Levels/Fort/UEDPIE_0_Fort_Exploration -0.397
[2017.03.09-02.49.08:646][576]LogBlueprintUserMessages: Late PlayInEditor Detection: Level '/Game/Maps-Levels/Fort/Fort_Exploration.Fort_Exploration:PersistentLevel' has LevelScriptBlueprint '/Game/Maps-Levels/Fort/Fort_Exploration.Fort_Exploration:PersistentLevel.Fort_Exploration' with GeneratedClass '/Game/Maps-Levels/Fort/Fort_Exploration.Fort_Exploration_C' with ClassGeneratedBy '/Game/Maps-Levels/Fort/Fort_Exploration.Fort_Exploration:PersistentLevel.Fort_Exploration'
[2017.03.09-02.49.13:012][836]LogBlueprintUserMessages: Early EndPlayMap Detection: Level '/Game/Maps-Levels/Fort/Fort_Exploration.Fort_Exploration:PersistentLevel' has LevelScriptBlueprint '/Game/Maps-Levels/Fort/Fort_Exploration.Fort_Exploration:PersistentLevel.Fort_Exploration' with GeneratedClass '/Game/Maps-Levels/Fort/Fort_Exploration.Fort_Exploration_C' with ClassGeneratedBy '/Game/Maps-Levels/Fort/Fort_Exploration.Fort_Exploration:PersistentLevel.Fort_Exploration'
[2017.03.09-02.49.13:078][836]LogBlueprintUserMessages: Late EndPlayMap Detection: Level '/Game/Maps-Levels/Fort/Fort_Exploration.Fort_Exploration:PersistentLevel' has LevelScriptBlueprint '/Game/Maps-Levels/Fort/Fort_Exploration.Fort_Exploration:PersistentLevel.Fort_Exploration' with GeneratedClass '/Game/Maps-Levels/Fort/Fort_Exploration.Fort_Exploration_C' with ClassGeneratedBy '/Game/Maps-Levels/Fort/Fort_Exploration.Fort_Exploration:PersistentLevel.Fort_Exploration'
[2017.03.09-02.49.19:403][188]LogSavePackage: Save=142.67ms
[2017.03.09-02.49.19:403][188]LogSavePackage: Moving '../../../../../../Users/Braden/Documents/GitHub/ChimeraGames/Abyss/Saved/Fort_Exploration020D4DC144A517B7D67545B9740C307D.tmp' to '../../../../../../Users/Braden/Documents/GitHub/ChimeraGames/Abyss/Content/Maps-Levels/Fort/Fort_Exploration.umap'
[2017.03.09-02.49.19:405][188]LogSavePackage:Display: Finished SavePackage ../../../../../../Users/Braden/Documents/GitHub/ChimeraGames/Abyss/Content/Maps-Levels/Fort/Fort_Exploration.umap
[2017.03.09-02.49.20:076][220]LogTemp: Repeting last play command: Selected Viewport
[2017.03.09-02.49.20:113][220]LogBlueprintUserMessages: Early PlayInEditor Detection: Level '/Game/Maps-Levels/Fort/Fort_Exploration.Fort_Exploration:PersistentLevel' has LevelScriptBlueprint '/Game/Maps-Levels/Fort/Fort_Exploration.Fort_Exploration:PersistentLevel.Fort_Exploration' with GeneratedClass '/Game/Maps-Levels/Fort/Fort_Exploration.Fort_Exploration_C' with ClassGeneratedBy '/Game/Maps-Levels/Fort/Fort_Exploration.Fort_Exploration:PersistentLevel.Fort_Exploration'
[2017.03.09-02.49.20:113][220]LogPlayLevel: PlayLevel: No blueprints needed recompiling
[2017.03.09-02.49.20:114][220]PIE: New page: PIE session: Fort_Exploration (Mar 8, 2017, 4:49:20 PM)
[2017.03.09-02.49.20:115][220]LogPlayLevel: Creating play world package: /Game/Maps-Levels/Fort/UEDPIE_0_Fort_Exploration
[2017.03.09-02.49.20:119][220]LogPlayLevel: PIE: StaticDuplicateObject took: (0.004273s)
[2017.03.09-02.49.20:120][220]LogAIModule: Creating AISystem for world Fort_Exploration
[2017.03.09-02.49.20:120][220]LogPlayLevel: PIE: World Init took: (0.000640s)
[2017.03.09-02.49.20:120][220]LogPlayLevel: PIE: Created PIE world by copying editor world from /Game/Maps-Levels/Fort/Fort_Exploration.Fort_Exploration to /Game/Maps-Levels/Fort/UEDPIE_0_Fort_Exploration.Fort_Exploration (0.005152s)
[2017.03.09-02.49.20:150][220]LogInit: XAudio2 using 'Speakers (Realtek High Definition Audio)' : 2 channels at 44.1 kHz using 16 bits per sample (channel mask 0x3)
[2017.03.09-02.49.20:160][220]LogInit: FAudioDevice initialized.
[2017.03.09-02.49.20:198][220]LogLoad: Game class is 'abyssExplorationMode_C'
[2017.03.09-02.49.20:202][220]LogWorld: Bringing World /Game/Maps-Levels/Fort/UEDPIE_0_Fort_Exploration.Fort_Exploration up for play (max tick rate 60) at 2017.03.08-21.49.20
[2017.03.09-02.49.20:202][220]LogWorld: Bringing up level for play took: 0.003292
[2017.03.09-02.49.20:207][220]PIE: Info Play in editor start time for /Game/Maps-Levels/Fort/UEDPIE_0_Fort_Exploration -0.834
[2017.03.09-02.49.20:207][220]LogBlueprintUserMessages: Late PlayInEditor Detection: Level '/Game/Maps-Levels/Fort/Fort_Exploration.Fort_Exploration:PersistentLevel' has LevelScriptBlueprint '/Game/Maps-Levels/Fort/Fort_Exploration.Fort_Exploration:PersistentLevel.Fort_Exploration' with GeneratedClass '/Game/Maps-Levels/Fort/Fort_Exploration.Fort_Exploration_C' with ClassGeneratedBy '/Game/Maps-Levels/Fort/Fort_Exploration.Fort_Exploration:PersistentLevel.Fort_Exploration'
[2017.03.09-02.49.26:181][578]LogBlueprintUserMessages: Early EndPlayMap Detection: Level '/Game/Maps-Levels/Fort/Fort_Exploration.Fort_Exploration:PersistentLevel' has LevelScriptBlueprint '/Game/Maps-Levels/Fort/Fort_Exploration.Fort_Exploration:PersistentLevel.Fort_Exploration' with GeneratedClass '/Game/Maps-Levels/Fort/Fort_Exploration.Fort_Exploration_C' with ClassGeneratedBy '/Game/Maps-Levels/Fort/Fort_Exploration.Fort_Exploration:PersistentLevel.Fort_Exploration'
[2017.03.09-02.49.26:244][578]LogBlueprintUserMessages: Late EndPlayMap Detection: Level '/Game/Maps-Levels/Fort/Fort_Exploration.Fort_Exploration:PersistentLevel' has LevelScriptBlueprint '/Game/Maps-Levels/Fort/Fort_Exploration.Fort_Exploration:PersistentLevel.Fort_Exploration' with GeneratedClass '/Game/Maps-Levels/Fort/Fort_Exploration.Fort_Exploration_C' with ClassGeneratedBy '/Game/Maps-Levels/Fort/Fort_Exploration.Fort_Exploration:PersistentLevel.Fort_Exploration'
[2017.03.09-02.49.27:470][647]LogEditorViewport: Clicking on Actor (LMB): Fort_BattleTrigger_C (Fort_BattleTrigger8)
[2017.03.09-02.50.15:212][396]LogSavePackage: Save=27.71ms
[2017.03.09-02.50.15:212][396]LogSavePackage: Moving '../../../../../../Users/Braden/Documents/GitHub/ChimeraGames/Abyss/Saved/Fort_BattleTriggerD6B445A64798A56A4FEE74AFAFDE5EDD.tmp' to '../../../../../../Users/Braden/Documents/GitHub/ChimeraGames/Abyss/Content/BluePrints/Exploration/Fort_BattleTrigger.uasset'
[2017.03.09-02.50.15:214][396]LogSavePackage:Display: Finished SavePackage ../../../../../../Users/Braden/Documents/GitHub/ChimeraGames/Abyss/Content/BluePrints/Exploration/Fort_BattleTrigger.uasset
[2017.03.09-02.50.17:977][562]LogEditorViewport: Clicking on Actor (LMB): Fort_BattleTrigger_C (Fort_BattleTrigger8)
[2017.03.09-02.50.44:935][128]LogActorComponent: ~FComponentReregisterContext: (/Game/Maps-Levels/Fort/Fort_Exploration.Fort_Exploration:PersistentLevel.Fort_BattleTrigger8.OptionalSprite) Component already registered.
[2017.03.09-02.50.47:145][258]LogActorComponent: ~FComponentReregisterContext: (/Game/Maps-Levels/Fort/Fort_Exploration.Fort_Exploration:PersistentLevel.Fort_BattleTrigger8.OptionalSprite) Component already registered.
[2017.03.09-02.50.50:534][455]Cmd: TRANSACTION UNDO
[2017.03.09-02.50.50:538][455]LogEditorTransaction: Undo Move Components
[2017.03.09-02.50.59:404][959]LogEditorViewport: Clicking on Actor (LMB): GameVictoryTrigger_C (GameVictoryTrigger)
[2017.03.09-02.51.21:488][232]LogCrashTracker: 


[2017.03.09-02.51.21:488][232]LogCrashTracker: 


[2017.03.09-02.51.21:488][232]LogWindows:Error: === Critical error: ===
[2017.03.09-02.51.21:488][232]LogWindows:Error: 
[2017.03.09-02.51.21:488][232]LogWindows:Error: Unhandled Exception: EXCEPTION_ACCESS_VIOLATION reading address 0x00000010
[2017.03.09-02.51.21:488][232]LogWindows:Error: 
[2017.03.09-02.51.21:488][232]LogWindows:Error: UE4Editor-Sequencer.dll
[2017.03.09-02.51.21:488][232]LogWindows:Error: UE4Editor-Sequencer.dll
[2017.03.09-02.51.21:488][232]LogWindows:Error: UE4Editor-Sequencer.dll
[2017.03.09-02.51.21:488][232]LogWindows:Error: UE4Editor-PropertyEditor.dll
[2017.03.09-02.51.21:488][232]LogWindows:Error: UE4Editor-PropertyEditor.dll
[2017.03.09-02.51.21:488][232]LogWindows:Error: UE4Editor-Sequencer.dll
[2017.03.09-02.51.21:488][232]LogWindows:Error: UE4Editor-Sequencer.dll
[2017.03.09-02.51.21:488][232]LogWindows:Error: UE4Editor-CoreUObject.dll
[2017.03.09-02.51.21:488][232]LogWindows:Error: UE4Editor-Engine.dll
[2017.03.09-02.51.21:488][232]LogWindows:Error: UE4Editor-Engine.dll
[2017.03.09-02.51.21:488][232]LogWindows:Error: UE4Editor-Engine.dll
[2017.03.09-02.51.21:488][232]LogWindows:Error: UE4Editor-DetailCustomizations.dll
[2017.03.09-02.51.21:488][232]LogWindows:Error: UE4Editor-DetailCustomizations.dll
[2017.03.09-02.51.21:488][232]LogWindows:Error: UE4Editor-DetailCustomizations.dll
[2017.03.09-02.51.21:488][232]LogWindows:Error: UE4Editor-DetailCustomizations.dll
[2017.03.09-02.51.21:488][232]LogWindows:Error: UE4Editor-Slate.dll
[2017.03.09-02.51.21:488][232]LogWindows:Error: UE4Editor-Slate.dll
[2017.03.09-02.51.21:488][232]LogWindows:Error: UE4Editor-Slate.dll
[2017.03.09-02.51.21:488][232]LogWindows:Error: UE4Editor-Slate.dll
[2017.03.09-02.51.21:488][232]LogWindows:Error: UE4Editor-Slate.dll
[2017.03.09-02.51.21:488][232]LogWindows:Error: UE4Editor-Slate.dll
[2017.03.09-02.51.21:488][232]LogWindows:Error: UE4Editor-Slate.dll
[2017.03.09-02.51.21:488][232]LogWindows:Error: UE4Editor-Slate.dll
[2017.03.09-02.51.21:488][232]LogWindows:Error: UE4Editor-Slate.dll
[2017.03.09-02.51.21:488][232]LogWindows:Error: UE4Editor-Slate.dll
[2017.03.09-02.51.21:488][232]LogWindows:Error: UE4Editor-Slate.dll
[2017.03.09-02.51.21:488][232]LogWindows:Error: UE4Editor-Slate.dll
[2017.03.09-02.51.21:488][232]LogWindows:Error: UE4Editor-Slate.dll
[2017.03.09-02.51.21:488][232]LogWindows:Error: UE4Editor-Slate.dll
[2017.03.09-02.51.21:488][232]LogWindows:Error: UE4Editor-Core.dll
[2017.03.09-02.51.21:488][232]LogWindows:Error: UE4Editor-Core.dll
[2017.03.09-02.51.21:488][232]LogWindows:Error: UE4Editor-Core.dll
[2017.03.09-02.51.21:488][232]LogWindows:Error: UE4Editor-Core.dll
[2017.03.09-02.51.21:488][232]LogWindows:Error: USER32.dll
[2017.03.09-02.51.21:488][232]LogWindows:Error: USER32.dll
[2017.03.09-02.51.21:488][232]LogWindows:Error: UE4Editor-Core.dll
[2017.03.09-02.51.21:488][232]LogWindows:Error: UE4Editor.exe
[2017.03.09-02.51.21:488][232]LogWindows:Error: UE4Editor.exe
[2017.03.09-02.51.21:488][232]LogWindows:Error: UE4Editor.exe
[2017.03.09-02.51.21:488][232]LogWindows:Error: UE4Editor.exe
[2017.03.09-02.51.21:488][232]LogWindows:Error: UE4Editor.exe
[2017.03.09-02.51.21:488][232]LogWindows:Error: KERNEL32.DLL
[2017.03.09-02.51.21:488][232]LogWindows:Error: ntdll.dll
[2017.03.09-02.51.21:488][232]LogWindows:Error: ntdll.dll
[2017.03.09-02.51.21:488][232]LogWindows:Error: 
[2017.03.09-02.51.21:841][232]LogExit: Executing StaticShutdownAfterError
[2017.03.09-02.51.21:906][232]LogWindows: FPlatformMisc::RequestExit(1)
[2017.03.09-02.51.21:907][232]Log file closed, 03/08/17 21:51:21
