Log file open, 02/27/17 20:48:45
LogInit:Display: Running engine for game: Abyss
LogPlatformFile: Not using cached read wrapper
LogInit:Display: RandInit(-1987889484) SRandInit(-1987889484).
LogTaskGraph: Started task graph with 5 named threads and 8 total threads with 1 sets of task threads.
LogStats: Stats thread started at 0.077856
LogPluginManager: Loaded Plugin Paper2D, From C:/Program Files/Epic Games/UE_4.14/Engine/Plugins/2D/Paper2D/Paper2D.uplugin
LogPluginManager: Loaded Plugin LightPropagationVolume, From C:/Program Files/Epic Games/UE_4.14/Engine/Plugins/Blendables/LightPropagationVolume/LightPropagationVolume.uplugin
LogPluginManager: Loaded Plugin BlankPlugin, From C:/Program Files/Epic Games/UE_4.14/Engine/Plugins/Developer/BlankPlugin/BlankPlugin.uplugin
LogPluginManager: Loaded Plugin CodeLiteSourceCodeAccess, From C:/Program Files/Epic Games/UE_4.14/Engine/Plugins/Developer/CodeLiteSourceCodeAccess/CodeLiteSourceCodeAccess.uplugin
LogPluginManager: Loaded Plugin GitSourceControl, From C:/Program Files/Epic Games/UE_4.14/Engine/Plugins/Developer/GitSourceControl/GitSourceControl.uplugin
LogPluginManager: Loaded Plugin KDevelopSourceCodeAccess, From C:/Program Files/Epic Games/UE_4.14/Engine/Plugins/Developer/KDevelopSourceCodeAccess/KDevelopSourceCodeAccess.uplugin
LogPluginManager: Loaded Plugin NullSourceCodeAccess, From C:/Program Files/Epic Games/UE_4.14/Engine/Plugins/Developer/NullSourceCodeAccess/NullSourceCodeAccess.uplugin
LogPluginManager: Loaded Plugin OneSkyLocalizationService, From C:/Program Files/Epic Games/UE_4.14/Engine/Plugins/Developer/OneSkyLocalizationService/OneSkyLocalizationService.uplugin
LogPluginManager: Loaded Plugin PerforceSourceControl, From C:/Program Files/Epic Games/UE_4.14/Engine/Plugins/Developer/PerforceSourceControl/PerforceSourceControl.uplugin
LogPluginManager: Loaded Plugin SubversionSourceControl, From C:/Program Files/Epic Games/UE_4.14/Engine/Plugins/Developer/SubversionSourceControl/SubversionSourceControl.uplugin
LogPluginManager: Loaded Plugin UObjectPlugin, From C:/Program Files/Epic Games/UE_4.14/Engine/Plugins/Developer/UObjectPlugin/UObjectPlugin.uplugin
LogPluginManager: Loaded Plugin VisualStudioSourceCodeAccess, From C:/Program Files/Epic Games/UE_4.14/Engine/Plugins/Developer/VisualStudioSourceCodeAccess/VisualStudioSourceCodeAccess.uplugin
LogPluginManager: Loaded Plugin XCodeSourceCodeAccess, From C:/Program Files/Epic Games/UE_4.14/Engine/Plugins/Developer/XCodeSourceCodeAccess/XCodeSourceCodeAccess.uplugin
LogPluginManager: Loaded Plugin AudioCapture, From C:/Program Files/Epic Games/UE_4.14/Engine/Plugins/Editor/AudioCapture/AudioCapture.uplugin
LogPluginManager: Loaded Plugin EpicSurvey, From C:/Program Files/Epic Games/UE_4.14/Engine/Plugins/Editor/EpicSurvey/EpicSurvey.uplugin
LogPluginManager: Loaded Plugin MacGraphicsSwitching, From C:/Program Files/Epic Games/UE_4.14/Engine/Plugins/Editor/MacGraphicsSwitching/MacGraphicsSwitching.uplugin
LogPluginManager: Loaded Plugin MobileLauncherProfileWizard, From C:/Program Files/Epic Games/UE_4.14/Engine/Plugins/Editor/MobileLauncherProfileWizard/MobileLauncherProfileWizard.uplugin
LogPluginManager: Loaded Plugin PluginBrowser, From C:/Program Files/Epic Games/UE_4.14/Engine/Plugins/Editor/PluginBrowser/PluginBrowser.uplugin
LogPluginManager: Loaded Plugin SpeedTreeImporter, From C:/Program Files/Epic Games/UE_4.14/Engine/Plugins/Editor/SpeedTreeImporter/SpeedTreeImporter.uplugin
LogPluginManager: Loaded Plugin SuperSearchEditor, From C:/Program Files/Epic Games/UE_4.14/Engine/Plugins/Editor/SuperSearchEditor/SuperSearchEditor.uplugin
LogPluginManager: Loaded Plugin AlembicImporter, From C:/Program Files/Epic Games/UE_4.14/Engine/Plugins/Experimental/AlembicImporter/AlembicImporter.uplugin
LogPluginManager: Loaded Plugin BlueprintStats, From C:/Program Files/Epic Games/UE_4.14/Engine/Plugins/Experimental/BlueprintStats/BlueprintStats.uplugin
LogPluginManager: Loaded Plugin CharacterAI, From C:/Program Files/Epic Games/UE_4.14/Engine/Plugins/Experimental/CharacterAI/CharacterAI.uplugin
LogPluginManager: Loaded Plugin CodeEditor, From C:/Program Files/Epic Games/UE_4.14/Engine/Plugins/Experimental/CodeEditor/CodeEditor.uplugin
LogPluginManager: Loaded Plugin CodeView, From C:/Program Files/Epic Games/UE_4.14/Engine/Plugins/Experimental/CodeView/CodeView.uplugin
LogPluginManager: Loaded Plugin HTML5Networking, From C:/Program Files/Epic Games/UE_4.14/Engine/Plugins/Experimental/HTML5Networking/HTML5Networking.uplugin
LogPluginManager: Loaded Plugin OSVR, From C:/Program Files/Epic Games/UE_4.14/Engine/Plugins/Experimental/OSVR/OSVR.uplugin
LogPluginManager: Loaded Plugin Phya, From C:/Program Files/Epic Games/UE_4.14/Engine/Plugins/Experimental/Phya/Phya.uplugin
LogPluginManager: Loaded Plugin SignificanceManager, From C:/Program Files/Epic Games/UE_4.14/Engine/Plugins/Experimental/SignificanceManager/SignificanceManager.uplugin
LogPluginManager: Loaded Plugin SimpleHMD, From C:/Program Files/Epic Games/UE_4.14/Engine/Plugins/Experimental/SimpleHMD/SimpleHMD.uplugin
LogPluginManager: Loaded Plugin StereoPanorama, From C:/Program Files/Epic Games/UE_4.14/Engine/Plugins/Experimental/StereoPanorama/StereoPanorama.uplugin
LogPluginManager: Loaded Plugin StructBox, From C:/Program Files/Epic Games/UE_4.14/Engine/Plugins/Experimental/StructBox/StructBox.uplugin
LogPluginManager: Loaded Plugin AndroidMedia, From C:/Program Files/Epic Games/UE_4.14/Engine/Plugins/Media/AndroidMedia/AndroidMedia.uplugin
LogPluginManager: Loaded Plugin AvfMedia, From C:/Program Files/Epic Games/UE_4.14/Engine/Plugins/Media/AvfMedia/AvfMedia.uplugin
LogPluginManager: Loaded Plugin MediaPlayerEditor, From C:/Program Files/Epic Games/UE_4.14/Engine/Plugins/Media/MediaPlayerEditor/MediaPlayerEditor.uplugin
LogPluginManager: Loaded Plugin WmfMedia, From C:/Program Files/Epic Games/UE_4.14/Engine/Plugins/Media/WmfMedia/WmfMedia.uplugin
LogPluginManager: Loaded Plugin MessagingDebugger, From C:/Program Files/Epic Games/UE_4.14/Engine/Plugins/Messaging/MessagingDebugger/MessagingDebugger.uplugin
LogPluginManager: Loaded Plugin TcpMessaging, From C:/Program Files/Epic Games/UE_4.14/Engine/Plugins/Messaging/TcpMessaging/TcpMessaging.uplugin
LogPluginManager: Loaded Plugin UdpMessaging, From C:/Program Files/Epic Games/UE_4.14/Engine/Plugins/Messaging/UdpMessaging/UdpMessaging.uplugin
LogPluginManager: Loaded Plugin LevelSequenceEditor, From C:/Program Files/Epic Games/UE_4.14/Engine/Plugins/MovieScene/LevelSequenceEditor/LevelSequenceEditor.uplugin
LogPluginManager: Loaded Plugin MatineeToLevelSequence, From C:/Program Files/Epic Games/UE_4.14/Engine/Plugins/MovieScene/MatineeToLevelSequence/MatineeToLevelSequence.uplugin
LogPluginManager: Loaded Plugin NetcodeUnitTest, From C:/Program Files/Epic Games/UE_4.14/Engine/Plugins/NetcodeUnitTest/NetcodeUnitTest/NetcodeUnitTest.uplugin
LogPluginManager: Loaded Plugin NUTUnrealEngine4, From C:/Program Files/Epic Games/UE_4.14/Engine/Plugins/NetcodeUnitTest/NUTUnrealEngine4/NUTUnrealEngine4.uplugin
LogPluginManager: Loaded Plugin OnlineSubsystemGameCircle, From C:/Program Files/Epic Games/UE_4.14/Engine/Plugins/Online/Android/OnlineSubsystemGameCircle/OnlineSubsystemGameCircle.uplugin
LogPluginManager: Loaded Plugin OnlineSubsystemGooglePlay, From C:/Program Files/Epic Games/UE_4.14/Engine/Plugins/Online/Android/OnlineSubsystemGooglePlay/OnlineSubsystemGooglePlay.uplugin
LogPluginManager: Loaded Plugin OnlineSubsystemIOS, From C:/Program Files/Epic Games/UE_4.14/Engine/Plugins/Online/IOS/OnlineSubsystemIOS/OnlineSubsystemIOS.uplugin
LogPluginManager: Loaded Plugin OnlineFramework, From C:/Program Files/Epic Games/UE_4.14/Engine/Plugins/Online/OnlineFramework/OnlineFramework.uplugin
LogPluginManager: Loaded Plugin OnlineSubsystem, From C:/Program Files/Epic Games/UE_4.14/Engine/Plugins/Online/OnlineSubsystem/OnlineSubsystem.uplugin
LogPluginManager: Loaded Plugin OnlineSubsystemAmazon, From C:/Program Files/Epic Games/UE_4.14/Engine/Plugins/Online/OnlineSubsystemAmazon/OnlineSubsystemAmazon.uplugin
LogPluginManager: Loaded Plugin OnlineSubsystemFacebook, From C:/Program Files/Epic Games/UE_4.14/Engine/Plugins/Online/OnlineSubsystemFacebook/OnlineSubsystemFacebook.uplugin
LogPluginManager: Loaded Plugin OnlineSubsystemNull, From C:/Program Files/Epic Games/UE_4.14/Engine/Plugins/Online/OnlineSubsystemNull/OnlineSubsystemNull.uplugin
LogPluginManager: Loaded Plugin OnlineSubsystemOculus, From C:/Program Files/Epic Games/UE_4.14/Engine/Plugins/Online/OnlineSubsystemOculus/OnlineSubsystemOculus.uplugin
LogPluginManager: Loaded Plugin OnlineSubsystemSteam, From C:/Program Files/Epic Games/UE_4.14/Engine/Plugins/Online/OnlineSubsystemSteam/OnlineSubsystemSteam.uplugin
LogPluginManager: Loaded Plugin OnlineSubsystemUtils, From C:/Program Files/Epic Games/UE_4.14/Engine/Plugins/Online/OnlineSubsystemUtils/OnlineSubsystemUtils.uplugin
LogPluginManager: Loaded Plugin IOSTapJoy, From C:/Program Files/Epic Games/UE_4.14/Engine/Plugins/Runtime/Advertising/IOSTapJoy/IOSTapJoy.uplugin
LogPluginManager: Loaded Plugin AnalyticsBlueprintLibrary, From C:/Program Files/Epic Games/UE_4.14/Engine/Plugins/Runtime/Analytics/AnalyticsBlueprintLibrary/AnalyticsBlueprintLibrary.uplugin
LogPluginManager: Loaded Plugin AnalyticsMulticast, From C:/Program Files/Epic Games/UE_4.14/Engine/Plugins/Runtime/Analytics/AnalyticsMulticast/AnalyticsMulticast.uplugin
LogPluginManager: Loaded Plugin Apsalar, From C:/Program Files/Epic Games/UE_4.14/Engine/Plugins/Runtime/Analytics/Apsalar/Apsalar.uplugin
LogPluginManager: Loaded Plugin FileLogging, From C:/Program Files/Epic Games/UE_4.14/Engine/Plugins/Runtime/Analytics/FileLogging/FileLogging.uplugin
LogPluginManager: Loaded Plugin Flurry, From C:/Program Files/Epic Games/UE_4.14/Engine/Plugins/Runtime/Analytics/Flurry/Flurry.uplugin
LogPluginManager: Loaded Plugin AndroidDeviceProfileSelector, From C:/Program Files/Epic Games/UE_4.14/Engine/Plugins/Runtime/AndroidDeviceProfileSelector/AndroidDeviceProfileSelector.uplugin
LogPluginManager: Loaded Plugin AndroidMoviePlayer, From C:/Program Files/Epic Games/UE_4.14/Engine/Plugins/Runtime/AndroidMoviePlayer/AndroidMoviePlayer.uplugin
LogPluginManager: Loaded Plugin AppleMoviePlayer, From C:/Program Files/Epic Games/UE_4.14/Engine/Plugins/Runtime/AppleMoviePlayer/AppleMoviePlayer.uplugin
LogPluginManager: Loaded Plugin ArchVisCharacter, From C:/Program Files/Epic Games/UE_4.14/Engine/Plugins/Runtime/ArchVisCharacter/ArchVisCharacter.uplugin
LogPluginManager: Loaded Plugin CableComponent, From C:/Program Files/Epic Games/UE_4.14/Engine/Plugins/Runtime/CableComponent/CableComponent.uplugin
LogPluginManager: Loaded Plugin CustomMeshComponent, From C:/Program Files/Epic Games/UE_4.14/Engine/Plugins/Runtime/CustomMeshComponent/CustomMeshComponent.uplugin
LogPluginManager: Loaded Plugin ExampleDeviceProfileSelector, From C:/Program Files/Epic Games/UE_4.14/Engine/Plugins/Runtime/ExampleDeviceProfileSelector/ExampleDeviceProfileSelector.uplugin
LogPluginManager: Loaded Plugin GearVR, From C:/Program Files/Epic Games/UE_4.14/Engine/Plugins/Runtime/GearVR/GearVR.uplugin
LogPluginManager: Loaded Plugin GoogleVRController, From C:/Program Files/Epic Games/UE_4.14/Engine/Plugins/Runtime/GoogleVR/GoogleVRController/GoogleVRController.uplugin
LogPluginManager: Loaded Plugin GoogleVRHMD, From C:/Program Files/Epic Games/UE_4.14/Engine/Plugins/Runtime/GoogleVR/GoogleVRHMD/GoogleVRHMD.uplugin
LogPluginManager: Loaded Plugin IOSDeviceProfileSelector, From C:/Program Files/Epic Games/UE_4.14/Engine/Plugins/Runtime/IOSDeviceProfileSelector/IOSDeviceProfileSelector.uplugin
LogPluginManager: Loaded Plugin LeapMotion, From C:/Program Files/Epic Games/UE_4.14/Engine/Plugins/Runtime/LeapMotion/LeapMotion.uplugin
LogPluginManager: Loaded Plugin LinuxDeviceProfileSelector, From C:/Program Files/Epic Games/UE_4.14/Engine/Plugins/Runtime/LinuxDeviceProfileSelector/LinuxDeviceProfileSelector.uplugin
LogPluginManager: Loaded Plugin MIDIDevice, From C:/Program Files/Epic Games/UE_4.14/Engine/Plugins/Runtime/MIDIDevice/MIDIDevice.uplugin
LogPluginManager: Loaded Plugin MobilePatchingUtils, From C:/Program Files/Epic Games/UE_4.14/Engine/Plugins/Runtime/MobilePatchingUtils/MobilePatchingUtils.uplugin
LogPluginManager: Loaded Plugin Ansel, From C:/Program Files/Epic Games/UE_4.14/Engine/Plugins/Runtime/Nvidia/Ansel/Ansel.uplugin
LogPluginManager: Loaded Plugin OculusAudio, From C:/Program Files/Epic Games/UE_4.14/Engine/Plugins/Runtime/OculusAudio/OculusAudio.uplugin
LogPluginManager: Loaded Plugin OculusInput, From C:/Program Files/Epic Games/UE_4.14/Engine/Plugins/Runtime/OculusInput/OculusInput.uplugin
LogPluginManager: Loaded Plugin OculusLibrary, From C:/Program Files/Epic Games/UE_4.14/Engine/Plugins/Runtime/OculusLibrary/OculusLibrary.uplugin
LogPluginManager: Loaded Plugin OculusRift, From C:/Program Files/Epic Games/UE_4.14/Engine/Plugins/Runtime/OculusRift/OculusRift.uplugin
LogPluginManager: Loaded Plugin Oodle, From C:/Program Files/Epic Games/UE_4.14/Engine/Plugins/Runtime/PacketHandlers/CompressionComponents/Oodle/Oodle.uplugin
LogPluginManager: Loaded Plugin ProceduralMeshComponent, From C:/Program Files/Epic Games/UE_4.14/Engine/Plugins/Runtime/ProceduralMeshComponent/ProceduralMeshComponent.uplugin
LogPluginManager: Loaded Plugin SoundMod, From C:/Program Files/Epic Games/UE_4.14/Engine/Plugins/Runtime/SoundMod/SoundMod.uplugin
LogPluginManager: Loaded Plugin SoundVisualizations, From C:/Program Files/Epic Games/UE_4.14/Engine/Plugins/Runtime/SoundVisualizations/SoundVisualizations.uplugin
LogPluginManager: Loaded Plugin SteamController, From C:/Program Files/Epic Games/UE_4.14/Engine/Plugins/Runtime/Steam/SteamController/SteamController.uplugin
LogPluginManager: Loaded Plugin SteamVR, From C:/Program Files/Epic Games/UE_4.14/Engine/Plugins/Runtime/Steam/SteamVR/SteamVR.uplugin
LogPluginManager: Loaded Plugin WebBrowserWidget, From C:/Program Files/Epic Games/UE_4.14/Engine/Plugins/Runtime/WebBrowserWidget/WebBrowserWidget.uplugin
LogPluginManager: Loaded Plugin WindowsDeviceProfileSelector, From C:/Program Files/Epic Games/UE_4.14/Engine/Plugins/Runtime/WindowsDeviceProfileSelector/WindowsDeviceProfileSelector.uplugin
LogPluginManager: Loaded Plugin WindowsMoviePlayer, From C:/Program Files/Epic Games/UE_4.14/Engine/Plugins/Runtime/WindowsMoviePlayer/WindowsMoviePlayer.uplugin
LogPluginManager: Loaded Plugin ScriptPlugin, From C:/Program Files/Epic Games/UE_4.14/Engine/Plugins/ScriptPlugin/ScriptPlugin.uplugin
LogPluginManager: Loaded Plugin SlateRemote, From C:/Program Files/Epic Games/UE_4.14/Engine/Plugins/Slate/SlateRemote/SlateRemote.uplugin
LogPluginManager: Loaded Plugin EditorTests, From C:/Program Files/Epic Games/UE_4.14/Engine/Plugins/Tests/EditorTests/EditorTests.uplugin
LogPluginManager: Loaded Plugin FbxAutomationTestBuilder, From C:/Program Files/Epic Games/UE_4.14/Engine/Plugins/Tests/FbxAutomationTestBuilder/FbxAutomationTestBuilder.uplugin
LogPluginManager: Loaded Plugin FunctionalTestingEditor, From C:/Program Files/Epic Games/UE_4.14/Engine/Plugins/Tests/FunctionalTestingEditor/FunctionalTestingEditor.uplugin
LogPluginManager: Loaded Plugin RuntimeTests, From C:/Program Files/Epic Games/UE_4.14/Engine/Plugins/Tests/RuntimeTests/RuntimeTests.uplugin
LogPluginManager: Loaded Plugin ScreenshotTools, From C:/Program Files/Epic Games/UE_4.14/Engine/Plugins/Tests/ScreenshotTools/ScreenshotTools.uplugin
LogInit: Using libcurl 7.47.1
LogInit:  - built for x86_64-pc-win32
LogInit:  - supports SSL with OpenSSL/1.0.2g
LogInit:  - supports HTTP deflate (compression) using libz 1.2.8
LogInit:  - other features:
LogInit:      CURL_VERSION_SSL
LogInit:      CURL_VERSION_LIBZ
LogInit:      CURL_VERSION_IPV6
LogInit:      CURL_VERSION_ASYNCHDNS
LogInit:      CURL_VERSION_LARGEFILE
LogInit:      CURL_VERSION_IDN
LogInit:  CurlRequestOptions (configurable via config and command line):
LogInit:  - bVerifyPeer = false  - Libcurl will NOT verify peer certificate
LogInit:  - bUseHttpProxy = false  - Libcurl will NOT use HTTP proxy
LogInit:  - bDontReuseConnections = false  - Libcurl will reuse connections
LogInit:  - CertBundlePath = nullptr  - Libcurl will use whatever was configured at build time.
LogInit: Build: ++UE4+Release-4.14-CL-3249277
LogInit: Engine Version: 4.14.3-3249277+++UE4+Release-4.14
LogInit: Compatible Engine Version: 4.14.0-3195953+++UE4+Release-4.14
LogInit: Net CL: 3195953
LogDevObjectVersion: Number of dev versions registered: 13
LogDevObjectVersion:   Dev-Blueprints (B0D832E4-1F89-4F0D-ACCF-7EB736FD4AA2): 7
LogDevObjectVersion:   Dev-Build (E1C64328-A22C-4D53-A36C-8E866417BD8C): 0
LogDevObjectVersion:   Dev-Core (375EC13C-06E4-48FB-B500-84F0262A717E): 1
LogDevObjectVersion:   Dev-Editor (E4B068ED-F494-42E9-A231-DA0B2E46BB41): 8
LogDevObjectVersion:   Dev-Framework (CFFC743F-43B0-4480-9391-14DF171D2073): 17
LogDevObjectVersion:   Dev-Mobile (B02B49B5-BB20-44E9-A304-32B752E40360): 0
LogDevObjectVersion:   Dev-Networking (A4E4105C-59A1-49B5-A7C5-40C4547EDFEE): 0
LogDevObjectVersion:   Dev-Online (39C831C9-5AE6-47DC-9A44-9C173E1C8E7C): 0
LogDevObjectVersion:   Dev-Physics (78F01B33-EBEA-4F98-B9B4-84EACCB95AA2): 0
LogDevObjectVersion:   Dev-Platform (6631380F-2D4D-43E0-8009-CF276956A95A): 0
LogDevObjectVersion:   Dev-Rendering (12F88B9F-8875-4AFC-A67C-D90C383ABD29): 12
LogDevObjectVersion:   Dev-Sequencer (7B5AE74C-D270-4C10-A958-57980B212A5A): 1
LogDevObjectVersion:   Dev-VR (D7296918-1DD6-4BDD-9DE2-64A83CC13884): 0
LogInit: Compiled (64-bit): Jan  6 2017 10:49:43
LogInit: Compiled with Visual C++: 19.00.23026.00
LogInit: Build Configuration: Development
LogInit: Branch Name: ++UE4+Release-4.14
LogInit: Command line: -EpicPortal 
LogInit: Base directory: C:/Program Files/Epic Games/UE_4.14/Engine/Binaries/Win64/
LogInit: Installed Engine Build: 1
LogInit: Presizing for max 8388607 objects, including 0 objects not considered by GC, pre-allocating 0 bytes for permanent pool.
LogInit: Object subsystem initialized
[2017.02.28-01.48.45:913][  0]LogInit: Selected Device Profile: [Windows]
[2017.02.28-01.48.45:913][  0]LogInit: Applying CVar settings loaded from the selected device profile: [Windows]
[2017.02.28-01.48.45:921][  0]LogInit: Computer: ARCTURUS
[2017.02.28-01.48.45:921][  0]LogInit: User: Braden
[2017.02.28-01.48.45:921][  0]LogInit: CPU Page size=65536, Cores=4
[2017.02.28-01.48.45:921][  0]LogInit: High frequency timer resolution =2.338345 MHz
[2017.02.28-01.48.45:922][  0]LogMemory: Memory total: Physical=7.9GB (8GB approx)
[2017.02.28-01.48.45:922][  0]LogMemory: Platform Memory Stats for Windows
[2017.02.28-01.48.45:922][  0]LogMemory: Process Physical Memory: 262.10 MB used, 262.10 MB peak
[2017.02.28-01.48.45:922][  0]LogMemory: Process Virtual Memory: 262.31 MB used, 262.31 MB peak
[2017.02.28-01.48.45:922][  0]LogMemory: Physical Memory: 6516.24 MB used,  1588.03 MB free, 8104.27 MB total
[2017.02.28-01.48.45:922][  0]LogMemory: Virtual Memory: 659.42 MB used,  1588.03 MB free, 134217728.00 MB total
[2017.02.28-01.48.45:949][  0]LogTextLocalizationManager: No specific translations for ('en-US') exist, so ('en') translations will be used.
[2017.02.28-01.48.46:602][  0]LogD3D11RHI: D3D11 adapters:
[2017.02.28-01.48.46:640][  0]LogD3D11RHI:    0. 'Intel(R) HD Graphics 4600' (Feature Level 11_0)
[2017.02.28-01.48.46:640][  0]LogD3D11RHI:       0/0/1792 MB DedicatedVideo/DedicatedSystem/SharedSystem, Outputs:2, VendorId:0x8086
[2017.02.28-01.48.46:671][  0]LogD3D11RHI:    1. 'NVIDIA GeForce GT 755M' (Feature Level 11_0)
[2017.02.28-01.48.46:671][  0]LogD3D11RHI:       1977/0/4052 MB DedicatedVideo/DedicatedSystem/SharedSystem, Outputs:0, VendorId:0x10de
[2017.02.28-01.48.46:673][  0]LogD3D11RHI:    2. 'Microsoft Basic Render Driver' (Feature Level 11_0)
[2017.02.28-01.48.46:673][  0]LogD3D11RHI:       0/0/256 MB DedicatedVideo/DedicatedSystem/SharedSystem, Outputs:0, VendorId:0x1414
[2017.02.28-01.48.46:673][  0]LogD3D11RHI: Chosen D3D11 Adapter: 1
[2017.02.28-01.48.46:684][  0]LogD3D11RHI: Creating new Direct3DDevice
[2017.02.28-01.48.46:684][  0]LogD3D11RHI:     GPU DeviceId: 0xfcd (for the marketing name, search the web for "GPU Device Id")
[2017.02.28-01.48.46:684][  0]LogWindows: EnumDisplayDevices:
[2017.02.28-01.48.46:685][  0]LogWindows:    0. 'Intel(R) HD Graphics 4600' (P:1 D:1)
[2017.02.28-01.48.46:685][  0]LogWindows:    1. 'Intel(R) HD Graphics 4600' (P:0 D:1)
[2017.02.28-01.48.46:685][  0]LogWindows:    2. 'Intel(R) HD Graphics 4600' (P:0 D:0)
[2017.02.28-01.48.46:685][  0]LogWindows:    3. 'NVIDIA GeForce GT 755M' (P:0 D:0)
[2017.02.28-01.48.46:685][  0]LogWindows: DebugString: PrimaryIsNotTheChoosenAdapter PrimaryIsNotTheChoosenAdapter PrimaryIsNotTheChoosenAdapter 
[2017.02.28-01.48.46:685][  0]LogD3D11RHI:     Adapter Name: NVIDIA GeForce GT 755M
[2017.02.28-01.48.46:685][  0]LogD3D11RHI:   Driver Version: 378.66 (internal:21.21.13.7866, unified:378.66)
[2017.02.28-01.48.46:685][  0]LogD3D11RHI:      Driver Date: 2-9-2017
[2017.02.28-01.48.46:685][  0]LogRHI: Texture pool is 1361 MB (70% of 1945 MB)
[2017.02.28-01.48.46:703][  0]LogD3D11RHI:Warning: Timestamp queries are currently disabled on this hardware due to instability. Realtime GPU stats will not be available. You can override this behaviour by setting r.NVIDIATimestampWorkaround to 0
[2017.02.28-01.48.46:703][  0]LogD3D11RHI: Async texture creation enabled
[2017.02.28-01.48.46:723][  0]LogD3D11RHI: GPU Timing Frequency: 1000.000000 (Debug: 2 2)
[2017.02.28-01.48.46:724][  0]LogShaderCompilers: Guid format shader working directory is -20 characters bigger than the processId version (../../../../../../Users/Braden/Documents/GitHub/ChimeraGames/Abyss/Intermediate/Shaders/WorkingDirectory/10752/).
[2017.02.28-01.48.46:724][  0]LogShaderCompilers: Cleaned the shader compiler working directory 'C:/Users/Braden/AppData/Local/Temp/UnrealShaderWorkingDir/2F9E96744CD6AB89B022219B101F2502/'.
[2017.02.28-01.48.46:724][  0]LogShaderCompilers:Display: Using Local Shader Compiler.
[2017.02.28-01.48.47:913][  0]LogTemp:Display: Loaded TP AllDesktopTargetPlatform
[2017.02.28-01.48.47:961][  0]LogTemp:Display: Loaded TP MacClientTargetPlatform
[2017.02.28-01.48.48:009][  0]LogTemp:Display: Loaded TP MacNoEditorTargetPlatform
[2017.02.28-01.48.48:059][  0]LogTemp:Display: Loaded TP MacServerTargetPlatform
[2017.02.28-01.48.48:122][  0]LogTemp:Display: Loaded TP MacTargetPlatform
[2017.02.28-01.48.48:170][  0]LogTemp:Display: Loaded TP WindowsClientTargetPlatform
[2017.02.28-01.48.48:216][  0]LogTemp:Display: Loaded TP WindowsNoEditorTargetPlatform
[2017.02.28-01.48.48:262][  0]LogTemp:Display: Loaded TP WindowsServerTargetPlatform
[2017.02.28-01.48.48:300][  0]LogTemp:Display: Loaded TP WindowsTargetPlatform
[2017.02.28-01.48.48:346][  0]LogTemp:Display: Loaded TP AndroidTargetPlatform
[2017.02.28-01.48.48:392][  0]LogTemp:Display: Loaded TP Android_ASTCTargetPlatform
[2017.02.28-01.48.48:438][  0]LogTemp:Display: Loaded TP Android_ATCTargetPlatform
[2017.02.28-01.48.48:499][  0]LogTemp:Display: Loaded TP Android_DXTTargetPlatform
[2017.02.28-01.48.48:545][  0]LogTemp:Display: Loaded TP Android_ETC1TargetPlatform
[2017.02.28-01.48.48:592][  0]LogTemp:Display: Loaded TP Android_ETC2TargetPlatform
[2017.02.28-01.48.48:693][  0]LogTemp:Display: Loaded TP Android_MultiTargetPlatform
[2017.02.28-01.48.48:693][  0]LogTemp:Display: Loaded TP Android_PVRTCTargetPlatform
[2017.02.28-01.48.48:725][  0]LogTemp:Display: Loaded TP HTML5TargetPlatform
[2017.02.28-01.48.48:797][  0]LogTemp:Display: Loaded TP IOSTargetPlatform
[2017.02.28-01.48.48:831][  0]LogTemp:Display: Loaded TP TVOSTargetPlatform
[2017.02.28-01.48.48:877][  0]LogTemp:Display: Loaded TP LinuxClientTargetPlatform
[2017.02.28-01.48.48:922][  0]LogTemp:Display: Loaded TP LinuxNoEditorTargetPlatform
[2017.02.28-01.48.48:966][  0]LogTemp:Display: Loaded TP LinuxServerTargetPlatform
[2017.02.28-01.48.49:010][  0]LogTemp:Display: Loaded TP LinuxTargetPlatform
[2017.02.28-01.48.49:011][  0]LogTargetPlatformManager:Display: Building Assets For Windows
[2017.02.28-01.48.49:390][  0]LogDerivedDataCache:Display: Max Cache Size: 512 MB
[2017.02.28-01.48.49:459][  0]LogDerivedDataCache: Loaded boot cache 0.07s 50MB C:/Users/Braden/AppData/Local/UnrealEngine/4.14/DerivedDataCache/Boot.ddc.
[2017.02.28-01.48.49:459][  0]LogDerivedDataCache:Display: Loaded Boot cache: C:/Users/Braden/AppData/Local/UnrealEngine/4.14/DerivedDataCache/Boot.ddc
[2017.02.28-01.48.49:459][  0]LogDerivedDataCache: FDerivedDataBackendGraph:  Pak pak cache file ../../../../../../Users/Braden/Documents/GitHub/ChimeraGames/Abyss/DerivedDataCache/DDC.ddp not found, will not use a pak cache.
[2017.02.28-01.48.49:459][  0]LogDerivedDataCache: Unable to find inner node Pak for hierarchical cache Hierarchy.
[2017.02.28-01.48.49:459][  0]LogDerivedDataCache: FDerivedDataBackendGraph:  CompressedPak pak cache file ../../../../../../Users/Braden/Documents/GitHub/ChimeraGames/Abyss/DerivedDataCache/Compressed.ddp not found, will not use a pak cache.
[2017.02.28-01.48.49:459][  0]LogDerivedDataCache: Unable to find inner node CompressedPak for hierarchical cache Hierarchy.
[2017.02.28-01.48.49:492][  0]LogDerivedDataCache:Display: Pak cache opened for reading ../../../Engine/DerivedDataCache/Compressed.ddp.
[2017.02.28-01.48.49:504][  0]LogDerivedDataCache: Using Local data cache path C:/Users/Braden/AppData/Local/UnrealEngine/Common/DerivedDataCache: Writable
[2017.02.28-01.48.49:707][  0]LogInit: Selected Device Profile: [Windows]
[2017.02.28-01.48.49:709][  0]LogContentStreaming: Texture pool size is 0.00 MB
[2017.02.28-01.48.49:902][  0]LogMeshUtilities: Using QuadricMeshReduction for automatic static mesh reduction
[2017.02.28-01.48.49:935][  0]LogSimplygon: Simplygon DLL not present - disabling.
[2017.02.28-01.48.49:970][  0]LogMeshUtilities: Using SimplygonSwarm for distributed automatic mesh merging
[2017.02.28-01.48.49:970][  0]LogMeshUtilities: No automatic skeletal mesh reduction module available
[2017.02.28-01.48.49:970][  0]LogMeshUtilities: No automatic mesh merging module available
[2017.02.28-01.48.50:545][  0]LogNetVersion: GetLocalNetworkVersion: CL: 3195953, ProjectName: abyss, ProjectVersion: , EngineNetworkVersion: 2, GameNetworkVersion: 0, NetworkChecksum: 1595127573
[2017.02.28-01.48.50:599][  0]LogAssetRegistry: FAssetRegistry took 0.0220 seconds to start up
[2017.02.28-01.48.50:638][  0]LogPackageLocalizationCache: Processed 3 localized package path(s) for 2 prioritized culture(s) in 0.019927 seconds
[2017.02.28-01.48.50:643][  0]LogUObjectArray: 31946 objects as part of root set at end of initial load.
[2017.02.28-01.48.50:643][  0]LogUObjectAllocator: 6935848 out of 0 bytes used by permanent object pool.
[2017.02.28-01.48.50:643][  0]LogUObjectArray: CloseDisregardForGC: 0/0 objects in disregard for GC pool
[2017.02.28-01.48.50:696][  0]LogInit: WinSock: version 1.1 (2.2), MaxSocks=32767, MaxUdp=65467
[2017.02.28-01.48.51:272][  0]LogSlate: Using Freetype 2.6.0
[2017.02.28-01.48.51:272][  0]LogSlate: SlateFontCache - WITH_FREETYPE: 1, WITH_HARFBUZZ: 1
[2017.02.28-01.48.51:272][  0]LogSlate: SlateFontCache - WITH_FREETYPE: 1, WITH_HARFBUZZ: 1
[2017.02.28-01.48.52:036][  0]LogTcpMessaging: Initializing TcpMessaging bridge
[2017.02.28-01.48.52:071][  0]LogUdpMessaging: Initializing bridge on interface 0.0.0.0:0 to multicast group 230.0.0.1:6666.
[2017.02.28-01.48.52:331][  0]LogMaterial: Uniform references updated for custom material expression Custom.
[2017.02.28-01.48.52:658][  0]SourceControl: Info Source control is disabled
[2017.02.28-01.48.52:658][  0]SourceControl: Info Source control is disabled
[2017.02.28-01.48.52:694][  0]SourceControl: Info Source control is disabled
[2017.02.28-01.48.52:730][  0]SourceControl: Info Source control is disabled
[2017.02.28-01.48.53:771][  0]LogEngine: Initializing Engine...
[2017.02.28-01.48.53:773][  0]LogHMD: Failed to initialize OpenVR with code 105
[2017.02.28-01.48.53:983][  0]LogAIModule: Creating AISystem for world Untitled
[2017.02.28-01.48.53:993][  0]LogInit: XAudio2 using 'Speakers (Realtek High Definition Audio)' : 2 channels at 44.1 kHz using 16 bits per sample (channel mask 0x3)
[2017.02.28-01.48.54:003][  0]LogInit: FAudioDevice initialized.
[2017.02.28-01.48.54:038][  0]LogDerivedDataCache: Saved boot cache 0.03s 50MB C:/Users/Braden/AppData/Local/UnrealEngine/4.14/DerivedDataCache/Boot.ddc.
[2017.02.28-01.48.54:045][  0]LogInit: Texture streaming: Enabled
[2017.02.28-01.48.54:188][  0]LogInit: Transaction tracking system initialized
[2017.02.28-01.48.54:447][  0]BlueprintLog: New page: Editor Load
[2017.02.28-01.48.55:112][  0]LocalizationService: Info Localization service is disabled
[2017.02.28-01.48.55:840][  0]LogConsoleResponse:Display: 
[2017.02.28-01.48.55:966][  0]LogCook:Display: Max memory allowance for cook 16384mb min free memory 0mb
[2017.02.28-01.48.55:966][  0]LogCook:Display: Mobile HDR setting 1
[2017.02.28-01.48.56:640][  0]LogFileCache: Scanning file cache for directory 'C:/Users/Braden/Documents/GitHub/ChimeraGames/Abyss/Content/' took 0.01s
[2017.02.28-01.48.56:675][  0]SourceControl: Info Source control is disabled
[2017.02.28-01.48.56:675][  0]Cmd: MAP LOAD FILE="../../../../../../Users/Braden/Documents/GitHub/ChimeraGames/Abyss/Content/Maps-Levels/starterWorld.umap" TEMPLATE=0 SHOWPROGRESS=1 FEATURELEVEL=3
[2017.02.28-01.48.56:675][  0]LogEditorServer:Warning: Can't find file '../../../../../../Users/Braden/Documents/GitHub/ChimeraGames/Abyss/Content/Maps-Levels/starterWorld.umap'
[2017.02.28-01.48.56:676][  0]Cmd: MAP CHECKDEP NOCLEARLOG
[2017.02.28-01.48.56:703][  0]MapCheck: Info Map check complete: 0 Error(s), 0 Warning(s), took 27.217ms to complete.
[2017.02.28-01.48.56:703][  0]LogFileHelpers: Loading map 'starterWorld' took 0.027
[2017.02.28-01.48.57:041][  0]LogCollectionManager: Loaded 0 collections in 0.001244 seconds
[2017.02.28-01.48.57:118][  0]LogFileCache: Scanning file cache for directory 'C:/Users/Braden/Documents/GitHub/ChimeraGames/Abyss/Saved/Collections/' took 0.01s
[2017.02.28-01.48.57:118][  0]LogFileCache: Scanning file cache for directory 'C:/Users/Braden/Documents/GitHub/ChimeraGames/Abyss/Content/Developers/Braden/Collections/' took 0.01s
[2017.02.28-01.48.57:118][  0]LogFileCache: Scanning file cache for directory 'C:/Users/Braden/Documents/GitHub/ChimeraGames/Abyss/Content/Collections/' took 0.01s
[2017.02.28-01.48.57:118][  0]LogCollectionManager: Rebuilt the GUID cache for 0 collections in 0.000003 seconds
[2017.02.28-01.48.57:126][  0]LogContentBrowser: Native class hierarchy populated in 0.0084 seconds. Added 2190 classes and 428 folders.
[2017.02.28-01.48.57:156][  0]LogStats: UGameplayTagsManager::ConstructGameplayTagTree: Construct from data asset -  0.000 s
[2017.02.28-01.48.57:156][  0]LogStats: UGameplayTagsManager::ConstructGameplayTagTree: GameplayTagTreeChangedEvent.Broadcast -  0.000 s
[2017.02.28-01.48.57:156][  0]LogContentBrowser: Native class hierarchy updated for 'GameplayTags' in 0.0005 seconds. Added 13 classes and 0 folders.
[2017.02.28-01.48.57:203][  0]LogContentBrowser: Native class hierarchy updated for 'WidgetCarousel' in 0.0008 seconds. Added 0 classes and 0 folders.
[2017.02.28-01.49.00:324][  0]LogContentBrowser: Native class hierarchy updated for 'AddContentDialog' in 0.0011 seconds. Added 0 classes and 0 folders.
[2017.02.28-01.49.00:428][  0]LogContentBrowser: Native class hierarchy updated for 'SceneOutliner' in 0.0006 seconds. Added 1 classes and 2 folders.
[2017.02.28-01.49.00:478][  0]LogCrashTracker: Crashtracker disabled due to settings.
[2017.02.28-01.49.00:486][  0]LogUObjectGlobals:Warning: Failed to find object 'Class None.'
[2017.02.28-01.49.00:555][  0]LogContentBrowser: Native class hierarchy updated for 'HierarchicalLODOutliner' in 0.0005 seconds. Added 1 classes and 2 folders.
[2017.02.28-01.49.00:556][  0]LogLoad: (Engine Initialization) Total time: 16.05 seconds
[2017.02.28-01.49.00:556][  0]LogLoad: (Engine Initialization) Total Blueprint compile time: 0.04 seconds
[2017.02.28-01.49.00:556][  0]LogExternalProfiler: Found external profiler: VSPerf
[2017.02.28-01.49.00:556][  0]LogExternalProfiler: Using external profiler: VSPerf
[2017.02.28-01.49.00:573][  0]LogOcInput: OculusInput pre-init called
[2017.02.28-01.49.00:588][  0]LogContentStreaming: Texture pool size now 400 MB
[2017.02.28-01.49.00:783][  0]LogRenderer: Reallocating scene render targets to support 956x456 NumSamples 1 (Frame:2).
[2017.02.28-01.49.13:524][ 96]LogCollectionManager: Rebuilt the object cache for 0 collections in 0.000004 seconds (found 0 objects)
[2017.02.28-01.49.13:691][104]LogAssetRegistry: Asset discovery search completed in 23.1150 seconds
[2017.02.28-01.49.13:691][104]LogCollectionManager: Fixed up redirectors for 0 collections in 0.000005 seconds (updated 0 objects)
[2017.02.28-01.49.17:930][357]LogProperty:Error: UStructProperty::Serialize Loading: Property 'StructProperty /Game/BluePrints/AbyssGameInstance.AbyssGameInstance_C:EnemyToFightStruct'. Unknown structure.
[2017.02.28-01.49.17:931][357]LogClass:Warning: Property EnemyToFightStruct of EnemyToFightStruct has a struct type mismatch (tag STRUCT_REINST_GeneralEnemyStruct_0 != prop FallbackStruct) in package:  ../../../../../../Users/Braden/Documents/GitHub/ChimeraGames/Abyss/Content/BluePrints/AbyssGameInstance.uasset. If that struct got renamed, add an entry to ActiveStructRedirects.
[2017.02.28-01.49.17:934][357]LogClass:Warning: Property EnemyToFightStruct of EnemyToFightStruct has a struct type mismatch (tag FallbackStruct != prop GeneralEnemyStruct) in package:  FObjectReader. If that struct got renamed, add an entry to ActiveStructRedirects.
[2017.02.28-01.49.19:467][357]LogContentBrowser: Native class hierarchy updated for 'BlueprintGraph' in 0.0008 seconds. Added 111 classes and 0 folders.
[2017.02.28-01.49.20:223][357]LoadErrors:Error: Error /Game/UMG/BattleHUD : Failed import for FloatProperty /Game/BluePrints/GeneralEnemyStruct.GeneralEnemyStruct:HP_30_04A4C27941ACD570551A53B8E360244E
[2017.02.28-01.49.20:248][357]LoadErrors:Error: Error /Game/UMG/BattleHUD : Failed import for FloatProperty /Game/BluePrints/GeneralEnemyStruct.GeneralEnemyStruct:MaxHP_31_B7E378C44AD44D8C3CBBCB90FE99AC84
[2017.02.28-01.49.20:248][357]LoadErrors:Error: Error /Game/UMG/BattleHUD : Failed import for FloatProperty /Game/BluePrints/GeneralEnemyStruct.GeneralEnemyStruct:MaxMP_33_48AE8B304C52FB61C041E6932882C8CD
[2017.02.28-01.49.20:248][357]LoadErrors:Error: Error /Game/UMG/BattleHUD : Failed import for FloatProperty /Game/BluePrints/GeneralEnemyStruct.GeneralEnemyStruct:MP_32_3BD0220148492A8B808267B665330437
[2017.02.28-01.49.24:648][615]LogTemp: Repeting last play command: Selected Viewport
[2017.02.28-01.49.24:672][615]LogPlayLevel: PlayLevel: No blueprints needed recompiling
[2017.02.28-01.49.24:672][615]PIE: New page: PIE session: Untitled_0 (Feb 27, 2017, 3:49:24 PM)
[2017.02.28-01.49.24:673][615]LogPlayLevel: Creating play world package: /Temp/UEDPIE_0_Untitled_0
[2017.02.28-01.49.24:674][615]LogPlayLevel: PIE: StaticDuplicateObject took: (0.000747s)
[2017.02.28-01.49.24:674][615]LogAIModule: Creating AISystem for world Untitled
[2017.02.28-01.49.24:675][615]LogPlayLevel: PIE: World Init took: (0.001083s)
[2017.02.28-01.49.24:676][615]LogPlayLevel: PIE: Created PIE world by copying editor world from /Temp/Untitled_0.Untitled to /Temp/UEDPIE_0_Untitled_0.Untitled (0.002689s)
[2017.02.28-01.49.24:707][615]LogInit: XAudio2 using 'Speakers (Realtek High Definition Audio)' : 2 channels at 44.1 kHz using 16 bits per sample (channel mask 0x3)
[2017.02.28-01.49.24:716][615]LogInit: FAudioDevice initialized.
[2017.02.28-01.49.25:022][615]LogLoad: Game class is 'abyssGameMode_C'
[2017.02.28-01.49.25:023][615]LogWorld: Bringing World /Temp/UEDPIE_0_Untitled_0.Untitled up for play (max tick rate 60) at 2017.02.27-20.49.25
[2017.02.28-01.49.25:023][615]LogWorld: Bringing up level for play took: 0.000765
[2017.02.28-01.49.25:055][615]LogContentBrowser: Native class hierarchy updated for 'MovieSceneCapture' in 0.0005 seconds. Added 11 classes and 0 folders.
[2017.02.28-01.49.25:057][615]PIE: Info Play in editor start time for /Temp/UEDPIE_0_Untitled_0 1
[2017.02.28-01.49.44:815][785]LogAIModule: Creating AISystem for world Fort_Exploration
[2017.02.28-01.49.44:837][785]Cmd: MAP LOAD FILE="../../../../../../Users/Braden/Documents/GitHub/ChimeraGames/Abyss/Content/Maps-Levels/Fort/Fort_Exploration.umap" TEMPLATE=0 SHOWPROGRESS=1 FEATURELEVEL=3
[2017.02.28-01.49.44:837][785]LightingResults: New page: Lighting Build
[2017.02.28-01.49.44:868][785]LogContentBrowser: Native class hierarchy updated for 'StatsViewer' in 0.0005 seconds. Added 5 classes and 0 folders.
[2017.02.28-01.49.44:869][785]LoadErrors: New page: Loading map: Fort_Exploration.umap
[2017.02.28-01.49.44:869][785]MapCheck: New page: Map Check
[2017.02.28-01.49.44:869][785]LightingResults: New page: Lighting Build
[2017.02.28-01.49.44:886][785]LogEditorServer: Finished looking for orphan Actors (0.000 secs)
[2017.02.28-01.49.44:920][785]Cmd: MAP CHECKDEP NOCLEARLOG
[2017.02.28-01.49.44:956][785]MapCheck: Info Map check complete: 0 Error(s), 0 Warning(s), took 35.523ms to complete.
[2017.02.28-01.49.44:956][785]LogFileHelpers: Loading map 'Fort_Exploration' took 0.120
[2017.02.28-01.49.49:027][ 25]LogTemp: Repeting last play command: Selected Viewport
[2017.02.28-01.49.49:049][ 25]LogBlueprintUserMessages: Early PlayInEditor Detection: Level '/Game/Maps-Levels/Fort/Fort_Exploration.Fort_Exploration:PersistentLevel' has LevelScriptBlueprint '/Game/Maps-Levels/Fort/Fort_Exploration.Fort_Exploration:PersistentLevel.Fort_Exploration' with GeneratedClass '/Game/Maps-Levels/Fort/Fort_Exploration.Fort_Exploration_C' with ClassGeneratedBy '/Game/Maps-Levels/Fort/Fort_Exploration.Fort_Exploration:PersistentLevel.Fort_Exploration'
[2017.02.28-01.49.49:049][ 25]LogPlayLevel: PlayLevel: No blueprints needed recompiling
[2017.02.28-01.49.49:049][ 25]PIE: New page: PIE session: Fort_Exploration (Feb 27, 2017, 3:49:49 PM)
[2017.02.28-01.49.49:051][ 25]LogPlayLevel: Creating play world package: /Game/Maps-Levels/Fort/UEDPIE_0_Fort_Exploration
[2017.02.28-01.49.49:054][ 25]LogPlayLevel: PIE: StaticDuplicateObject took: (0.002097s)
[2017.02.28-01.49.49:054][ 25]LogAIModule: Creating AISystem for world Fort_Exploration
[2017.02.28-01.49.49:054][ 25]LogPlayLevel: PIE: World Init took: (0.000689s)
[2017.02.28-01.49.49:055][ 25]LogPlayLevel: PIE: Created PIE world by copying editor world from /Game/Maps-Levels/Fort/Fort_Exploration.Fort_Exploration to /Game/Maps-Levels/Fort/UEDPIE_0_Fort_Exploration.Fort_Exploration (0.003072s)
[2017.02.28-01.49.49:078][ 25]LogInit: XAudio2 using 'Speakers (Realtek High Definition Audio)' : 2 channels at 44.1 kHz using 16 bits per sample (channel mask 0x3)
[2017.02.28-01.49.49:086][ 25]LogInit: FAudioDevice initialized.
[2017.02.28-01.49.49:115][ 25]LogLoad: Game class is 'abyssGameMode_C'
[2017.02.28-01.49.49:117][ 25]LogWorld: Bringing World /Game/Maps-Levels/Fort/UEDPIE_0_Fort_Exploration.Fort_Exploration up for play (max tick rate 60) at 2017.02.27-20.49.49
[2017.02.28-01.49.49:117][ 25]LogWorld: Bringing up level for play took: 0.001321
[2017.02.28-01.49.49:120][ 25]PIE: Info Play in editor start time for /Game/Maps-Levels/Fort/UEDPIE_0_Fort_Exploration 1.063
[2017.02.28-01.49.49:120][ 25]LogBlueprintUserMessages: Late PlayInEditor Detection: Level '/Game/Maps-Levels/Fort/Fort_Exploration.Fort_Exploration:PersistentLevel' has LevelScriptBlueprint '/Game/Maps-Levels/Fort/Fort_Exploration.Fort_Exploration:PersistentLevel.Fort_Exploration' with GeneratedClass '/Game/Maps-Levels/Fort/Fort_Exploration.Fort_Exploration_C' with ClassGeneratedBy '/Game/Maps-Levels/Fort/Fort_Exploration.Fort_Exploration:PersistentLevel.Fort_Exploration'
[2017.02.28-01.49.52:418][223]LogNet: Browse: /Game/Maps-Levels/Fort/Fort_Battle
[2017.02.28-01.49.52:418][223]LogLoad: LoadMap: /Game/Maps-Levels/Fort/Fort_Battle
[2017.02.28-01.49.52:441][223]Cmd: MEM
[2017.02.28-01.49.52:455][223]LogMemory: Platform Memory Stats for Windows
[2017.02.28-01.49.52:456][223]LogMemory: Process Physical Memory: 974.13 MB used, 976.43 MB peak
[2017.02.28-01.49.52:456][223]LogMemory: Process Virtual Memory: 1158.26 MB used, 1243.41 MB peak
[2017.02.28-01.49.52:456][223]LogMemory: Physical Memory: 6443.51 MB used,  1660.77 MB free, 8104.27 MB total
[2017.02.28-01.49.52:456][223]LogMemory: Virtual Memory: 1885.16 MB used,  1660.77 MB free, 134217728.00 MB total
[2017.02.28-01.49.52:456][223]LogMemory: 
[2017.02.28-01.49.52:456][223]Allocator Stats for TBB: (not implemented)
[2017.02.28-01.49.52:708][223]LogStats: FPlatformStackWalk::StackWalkAndDump -  0.016 s
[2017.02.28-01.49.52:708][223]LogOutputDevice:Error: === Handled ensure: ===
[2017.02.28-01.49.52:708][223]LogOutputDevice:Error: 
[2017.02.28-01.49.52:708][223]LogOutputDevice:Error: Ensure condition failed: IsObjectValidForDatabase(AssetObject) [File:D:\Build\++UE4+Release-4.14+Compile\Sync\Engine\Source\Editor\BlueprintGraph\Private\BlueprintActionDatabase.cpp] [Line: 1263]
[2017.02.28-01.49.52:708][223]LogOutputDevice:Error: 
[2017.02.28-01.49.52:708][223]LogOutputDevice:Error: Stack: 
[2017.02.28-01.49.52:708][223]LogOutputDevice:Error: UE4Editor-Core.dll
[2017.02.28-01.49.52:708][223]LogOutputDevice:Error: UE4Editor-Core.dll
[2017.02.28-01.49.52:708][223]LogOutputDevice:Error: UE4Editor-Core.dll
[2017.02.28-01.49.52:708][223]LogOutputDevice:Error: UE4Editor-BlueprintGraph.dll
[2017.02.28-01.49.52:708][223]LogOutputDevice:Error: UE4Editor-BlueprintGraph.dll
[2017.02.28-01.49.52:708][223]LogOutputDevice:Error: UE4Editor-CoreUObject.dll
[2017.02.28-01.49.52:708][223]LogOutputDevice:Error: UE4Editor-CoreUObject.dll
[2017.02.28-01.49.52:708][223]LogOutputDevice:Error: UE4Editor-CoreUObject.dll
[2017.02.28-01.49.52:708][223]LogOutputDevice:Error: UE4Editor-CoreUObject.dll
[2017.02.28-01.49.52:708][223]LogOutputDevice:Error: UE4Editor-Engine.dll
[2017.02.28-01.49.52:708][223]LogOutputDevice:Error: UE4Editor-Engine.dll
[2017.02.28-01.49.52:708][223]LogOutputDevice:Error: UE4Editor-Engine.dll
[2017.02.28-01.49.52:708][223]LogOutputDevice:Error: UE4Editor-UnrealEd.dll
[2017.02.28-01.49.52:708][223]LogOutputDevice:Error: UE4Editor-UnrealEd.dll
[2017.02.28-01.49.52:708][223]LogOutputDevice:Error: UE4Editor.exe
[2017.02.28-01.49.52:708][223]LogOutputDevice:Error: UE4Editor.exe
[2017.02.28-01.49.52:708][223]LogOutputDevice:Error: UE4Editor.exe
[2017.02.28-01.49.52:708][223]LogOutputDevice:Error: UE4Editor.exe
[2017.02.28-01.49.52:708][223]LogOutputDevice:Error: UE4Editor.exe
[2017.02.28-01.49.52:708][223]LogOutputDevice:Error: KERNEL32.DLL
[2017.02.28-01.49.52:708][223]LogOutputDevice:Error: ntdll.dll
[2017.02.28-01.49.52:708][223]LogOutputDevice:Error: 
[2017.02.28-01.49.52:709][223]LogStats:                SubmitErrorReport -  0.000 s
