Log file open, 03/04/17 15:42:56
LogInit:Display: Running engine for game: Abyss
LogPlatformFile: Not using cached read wrapper
LogInit:Display: RandInit(-1396375330) SRandInit(-1396375329).
LogTaskGraph: Started task graph with 5 named threads and 12 total threads with 1 sets of task threads.
LogStats: Stats thread started at 0.135650
LogPluginManager: Loaded Plugin Paper2D, From E:/Game Data/Epic Games/4.14/Engine/Plugins/2D/Paper2D/Paper2D.uplugin
LogPluginManager: Loaded Plugin LightPropagationVolume, From E:/Game Data/Epic Games/4.14/Engine/Plugins/Blendables/LightPropagationVolume/LightPropagationVolume.uplugin
LogPluginManager: Loaded Plugin BlankPlugin, From E:/Game Data/Epic Games/4.14/Engine/Plugins/Developer/BlankPlugin/BlankPlugin.uplugin
LogPluginManager: Loaded Plugin CodeLiteSourceCodeAccess, From E:/Game Data/Epic Games/4.14/Engine/Plugins/Developer/CodeLiteSourceCodeAccess/CodeLiteSourceCodeAccess.uplugin
LogPluginManager: Loaded Plugin GitSourceControl, From E:/Game Data/Epic Games/4.14/Engine/Plugins/Developer/GitSourceControl/GitSourceControl.uplugin
LogPluginManager: Loaded Plugin KDevelopSourceCodeAccess, From E:/Game Data/Epic Games/4.14/Engine/Plugins/Developer/KDevelopSourceCodeAccess/KDevelopSourceCodeAccess.uplugin
LogPluginManager: Loaded Plugin NullSourceCodeAccess, From E:/Game Data/Epic Games/4.14/Engine/Plugins/Developer/NullSourceCodeAccess/NullSourceCodeAccess.uplugin
LogPluginManager: Loaded Plugin OneSkyLocalizationService, From E:/Game Data/Epic Games/4.14/Engine/Plugins/Developer/OneSkyLocalizationService/OneSkyLocalizationService.uplugin
LogPluginManager: Loaded Plugin PerforceSourceControl, From E:/Game Data/Epic Games/4.14/Engine/Plugins/Developer/PerforceSourceControl/PerforceSourceControl.uplugin
LogPluginManager: Loaded Plugin SubversionSourceControl, From E:/Game Data/Epic Games/4.14/Engine/Plugins/Developer/SubversionSourceControl/SubversionSourceControl.uplugin
LogPluginManager: Loaded Plugin UObjectPlugin, From E:/Game Data/Epic Games/4.14/Engine/Plugins/Developer/UObjectPlugin/UObjectPlugin.uplugin
LogPluginManager: Loaded Plugin VisualStudioSourceCodeAccess, From E:/Game Data/Epic Games/4.14/Engine/Plugins/Developer/VisualStudioSourceCodeAccess/VisualStudioSourceCodeAccess.uplugin
LogPluginManager: Loaded Plugin XCodeSourceCodeAccess, From E:/Game Data/Epic Games/4.14/Engine/Plugins/Developer/XCodeSourceCodeAccess/XCodeSourceCodeAccess.uplugin
LogPluginManager: Loaded Plugin AudioCapture, From E:/Game Data/Epic Games/4.14/Engine/Plugins/Editor/AudioCapture/AudioCapture.uplugin
LogPluginManager: Loaded Plugin EpicSurvey, From E:/Game Data/Epic Games/4.14/Engine/Plugins/Editor/EpicSurvey/EpicSurvey.uplugin
LogPluginManager: Loaded Plugin MacGraphicsSwitching, From E:/Game Data/Epic Games/4.14/Engine/Plugins/Editor/MacGraphicsSwitching/MacGraphicsSwitching.uplugin
LogPluginManager: Loaded Plugin MobileLauncherProfileWizard, From E:/Game Data/Epic Games/4.14/Engine/Plugins/Editor/MobileLauncherProfileWizard/MobileLauncherProfileWizard.uplugin
LogPluginManager: Loaded Plugin PluginBrowser, From E:/Game Data/Epic Games/4.14/Engine/Plugins/Editor/PluginBrowser/PluginBrowser.uplugin
LogPluginManager: Loaded Plugin SpeedTreeImporter, From E:/Game Data/Epic Games/4.14/Engine/Plugins/Editor/SpeedTreeImporter/SpeedTreeImporter.uplugin
LogPluginManager: Loaded Plugin SuperSearchEditor, From E:/Game Data/Epic Games/4.14/Engine/Plugins/Editor/SuperSearchEditor/SuperSearchEditor.uplugin
LogPluginManager: Loaded Plugin AlembicImporter, From E:/Game Data/Epic Games/4.14/Engine/Plugins/Experimental/AlembicImporter/AlembicImporter.uplugin
LogPluginManager: Loaded Plugin BlueprintStats, From E:/Game Data/Epic Games/4.14/Engine/Plugins/Experimental/BlueprintStats/BlueprintStats.uplugin
LogPluginManager: Loaded Plugin CharacterAI, From E:/Game Data/Epic Games/4.14/Engine/Plugins/Experimental/CharacterAI/CharacterAI.uplugin
LogPluginManager: Loaded Plugin CodeEditor, From E:/Game Data/Epic Games/4.14/Engine/Plugins/Experimental/CodeEditor/CodeEditor.uplugin
LogPluginManager: Loaded Plugin CodeView, From E:/Game Data/Epic Games/4.14/Engine/Plugins/Experimental/CodeView/CodeView.uplugin
LogPluginManager: Loaded Plugin HTML5Networking, From E:/Game Data/Epic Games/4.14/Engine/Plugins/Experimental/HTML5Networking/HTML5Networking.uplugin
LogPluginManager: Loaded Plugin OSVR, From E:/Game Data/Epic Games/4.14/Engine/Plugins/Experimental/OSVR/OSVR.uplugin
LogPluginManager: Loaded Plugin Phya, From E:/Game Data/Epic Games/4.14/Engine/Plugins/Experimental/Phya/Phya.uplugin
LogPluginManager: Loaded Plugin SignificanceManager, From E:/Game Data/Epic Games/4.14/Engine/Plugins/Experimental/SignificanceManager/SignificanceManager.uplugin
LogPluginManager: Loaded Plugin SimpleHMD, From E:/Game Data/Epic Games/4.14/Engine/Plugins/Experimental/SimpleHMD/SimpleHMD.uplugin
LogPluginManager: Loaded Plugin StereoPanorama, From E:/Game Data/Epic Games/4.14/Engine/Plugins/Experimental/StereoPanorama/StereoPanorama.uplugin
LogPluginManager: Loaded Plugin StructBox, From E:/Game Data/Epic Games/4.14/Engine/Plugins/Experimental/StructBox/StructBox.uplugin
LogPluginManager: Loaded Plugin HGGifImporter, From E:/Game Data/Epic Games/4.14/Engine/Plugins/Marketplace/HGGifImporter/HGGifImporter.uplugin
LogPluginManager: Loaded Plugin UnrealJS, From E:/Game Data/Epic Games/4.14/Engine/Plugins/Marketplace/UnrealJS/UnrealJS.uplugin
LogPluginManager: Loaded Plugin AndroidMedia, From E:/Game Data/Epic Games/4.14/Engine/Plugins/Media/AndroidMedia/AndroidMedia.uplugin
LogPluginManager: Loaded Plugin AvfMedia, From E:/Game Data/Epic Games/4.14/Engine/Plugins/Media/AvfMedia/AvfMedia.uplugin
LogPluginManager: Loaded Plugin MediaPlayerEditor, From E:/Game Data/Epic Games/4.14/Engine/Plugins/Media/MediaPlayerEditor/MediaPlayerEditor.uplugin
LogPluginManager: Loaded Plugin WmfMedia, From E:/Game Data/Epic Games/4.14/Engine/Plugins/Media/WmfMedia/WmfMedia.uplugin
LogPluginManager: Loaded Plugin MessagingDebugger, From E:/Game Data/Epic Games/4.14/Engine/Plugins/Messaging/MessagingDebugger/MessagingDebugger.uplugin
LogPluginManager: Loaded Plugin TcpMessaging, From E:/Game Data/Epic Games/4.14/Engine/Plugins/Messaging/TcpMessaging/TcpMessaging.uplugin
LogPluginManager: Loaded Plugin UdpMessaging, From E:/Game Data/Epic Games/4.14/Engine/Plugins/Messaging/UdpMessaging/UdpMessaging.uplugin
LogPluginManager: Loaded Plugin LevelSequenceEditor, From E:/Game Data/Epic Games/4.14/Engine/Plugins/MovieScene/LevelSequenceEditor/LevelSequenceEditor.uplugin
LogPluginManager: Loaded Plugin MatineeToLevelSequence, From E:/Game Data/Epic Games/4.14/Engine/Plugins/MovieScene/MatineeToLevelSequence/MatineeToLevelSequence.uplugin
LogPluginManager: Loaded Plugin NetcodeUnitTest, From E:/Game Data/Epic Games/4.14/Engine/Plugins/NetcodeUnitTest/NetcodeUnitTest/NetcodeUnitTest.uplugin
LogPluginManager: Loaded Plugin NUTUnrealEngine4, From E:/Game Data/Epic Games/4.14/Engine/Plugins/NetcodeUnitTest/NUTUnrealEngine4/NUTUnrealEngine4.uplugin
LogPluginManager: Loaded Plugin OnlineSubsystemGameCircle, From E:/Game Data/Epic Games/4.14/Engine/Plugins/Online/Android/OnlineSubsystemGameCircle/OnlineSubsystemGameCircle.uplugin
LogPluginManager: Loaded Plugin OnlineSubsystemGooglePlay, From E:/Game Data/Epic Games/4.14/Engine/Plugins/Online/Android/OnlineSubsystemGooglePlay/OnlineSubsystemGooglePlay.uplugin
LogPluginManager: Loaded Plugin OnlineSubsystemIOS, From E:/Game Data/Epic Games/4.14/Engine/Plugins/Online/IOS/OnlineSubsystemIOS/OnlineSubsystemIOS.uplugin
LogPluginManager: Loaded Plugin OnlineFramework, From E:/Game Data/Epic Games/4.14/Engine/Plugins/Online/OnlineFramework/OnlineFramework.uplugin
LogPluginManager: Loaded Plugin OnlineSubsystem, From E:/Game Data/Epic Games/4.14/Engine/Plugins/Online/OnlineSubsystem/OnlineSubsystem.uplugin
LogPluginManager: Loaded Plugin OnlineSubsystemAmazon, From E:/Game Data/Epic Games/4.14/Engine/Plugins/Online/OnlineSubsystemAmazon/OnlineSubsystemAmazon.uplugin
LogPluginManager: Loaded Plugin OnlineSubsystemFacebook, From E:/Game Data/Epic Games/4.14/Engine/Plugins/Online/OnlineSubsystemFacebook/OnlineSubsystemFacebook.uplugin
LogPluginManager: Loaded Plugin OnlineSubsystemNull, From E:/Game Data/Epic Games/4.14/Engine/Plugins/Online/OnlineSubsystemNull/OnlineSubsystemNull.uplugin
LogPluginManager: Loaded Plugin OnlineSubsystemOculus, From E:/Game Data/Epic Games/4.14/Engine/Plugins/Online/OnlineSubsystemOculus/OnlineSubsystemOculus.uplugin
LogPluginManager: Loaded Plugin OnlineSubsystemSteam, From E:/Game Data/Epic Games/4.14/Engine/Plugins/Online/OnlineSubsystemSteam/OnlineSubsystemSteam.uplugin
LogPluginManager: Loaded Plugin OnlineSubsystemUtils, From E:/Game Data/Epic Games/4.14/Engine/Plugins/Online/OnlineSubsystemUtils/OnlineSubsystemUtils.uplugin
LogPluginManager: Loaded Plugin IOSTapJoy, From E:/Game Data/Epic Games/4.14/Engine/Plugins/Runtime/Advertising/IOSTapJoy/IOSTapJoy.uplugin
LogPluginManager: Loaded Plugin AnalyticsBlueprintLibrary, From E:/Game Data/Epic Games/4.14/Engine/Plugins/Runtime/Analytics/AnalyticsBlueprintLibrary/AnalyticsBlueprintLibrary.uplugin
LogPluginManager: Loaded Plugin AnalyticsMulticast, From E:/Game Data/Epic Games/4.14/Engine/Plugins/Runtime/Analytics/AnalyticsMulticast/AnalyticsMulticast.uplugin
LogPluginManager: Loaded Plugin Apsalar, From E:/Game Data/Epic Games/4.14/Engine/Plugins/Runtime/Analytics/Apsalar/Apsalar.uplugin
LogPluginManager: Loaded Plugin FileLogging, From E:/Game Data/Epic Games/4.14/Engine/Plugins/Runtime/Analytics/FileLogging/FileLogging.uplugin
LogPluginManager: Loaded Plugin Flurry, From E:/Game Data/Epic Games/4.14/Engine/Plugins/Runtime/Analytics/Flurry/Flurry.uplugin
LogPluginManager: Loaded Plugin AndroidDeviceProfileSelector, From E:/Game Data/Epic Games/4.14/Engine/Plugins/Runtime/AndroidDeviceProfileSelector/AndroidDeviceProfileSelector.uplugin
LogPluginManager: Loaded Plugin AndroidMoviePlayer, From E:/Game Data/Epic Games/4.14/Engine/Plugins/Runtime/AndroidMoviePlayer/AndroidMoviePlayer.uplugin
LogPluginManager: Loaded Plugin AppleMoviePlayer, From E:/Game Data/Epic Games/4.14/Engine/Plugins/Runtime/AppleMoviePlayer/AppleMoviePlayer.uplugin
LogPluginManager: Loaded Plugin ArchVisCharacter, From E:/Game Data/Epic Games/4.14/Engine/Plugins/Runtime/ArchVisCharacter/ArchVisCharacter.uplugin
LogPluginManager: Loaded Plugin CableComponent, From E:/Game Data/Epic Games/4.14/Engine/Plugins/Runtime/CableComponent/CableComponent.uplugin
LogPluginManager: Loaded Plugin CustomMeshComponent, From E:/Game Data/Epic Games/4.14/Engine/Plugins/Runtime/CustomMeshComponent/CustomMeshComponent.uplugin
LogPluginManager: Loaded Plugin ExampleDeviceProfileSelector, From E:/Game Data/Epic Games/4.14/Engine/Plugins/Runtime/ExampleDeviceProfileSelector/ExampleDeviceProfileSelector.uplugin
LogPluginManager: Loaded Plugin GearVR, From E:/Game Data/Epic Games/4.14/Engine/Plugins/Runtime/GearVR/GearVR.uplugin
LogPluginManager: Loaded Plugin GoogleVRController, From E:/Game Data/Epic Games/4.14/Engine/Plugins/Runtime/GoogleVR/GoogleVRController/GoogleVRController.uplugin
LogPluginManager: Loaded Plugin GoogleVRHMD, From E:/Game Data/Epic Games/4.14/Engine/Plugins/Runtime/GoogleVR/GoogleVRHMD/GoogleVRHMD.uplugin
LogPluginManager: Loaded Plugin IOSDeviceProfileSelector, From E:/Game Data/Epic Games/4.14/Engine/Plugins/Runtime/IOSDeviceProfileSelector/IOSDeviceProfileSelector.uplugin
LogPluginManager: Loaded Plugin LeapMotion, From E:/Game Data/Epic Games/4.14/Engine/Plugins/Runtime/LeapMotion/LeapMotion.uplugin
LogPluginManager: Loaded Plugin LinuxDeviceProfileSelector, From E:/Game Data/Epic Games/4.14/Engine/Plugins/Runtime/LinuxDeviceProfileSelector/LinuxDeviceProfileSelector.uplugin
LogPluginManager: Loaded Plugin MIDIDevice, From E:/Game Data/Epic Games/4.14/Engine/Plugins/Runtime/MIDIDevice/MIDIDevice.uplugin
LogPluginManager: Loaded Plugin MobilePatchingUtils, From E:/Game Data/Epic Games/4.14/Engine/Plugins/Runtime/MobilePatchingUtils/MobilePatchingUtils.uplugin
LogPluginManager: Loaded Plugin Ansel, From E:/Game Data/Epic Games/4.14/Engine/Plugins/Runtime/Nvidia/Ansel/Ansel.uplugin
LogPluginManager: Loaded Plugin OculusAudio, From E:/Game Data/Epic Games/4.14/Engine/Plugins/Runtime/OculusAudio/OculusAudio.uplugin
LogPluginManager: Loaded Plugin OculusInput, From E:/Game Data/Epic Games/4.14/Engine/Plugins/Runtime/OculusInput/OculusInput.uplugin
LogPluginManager: Loaded Plugin OculusLibrary, From E:/Game Data/Epic Games/4.14/Engine/Plugins/Runtime/OculusLibrary/OculusLibrary.uplugin
LogPluginManager: Loaded Plugin OculusRift, From E:/Game Data/Epic Games/4.14/Engine/Plugins/Runtime/OculusRift/OculusRift.uplugin
LogPluginManager: Loaded Plugin Oodle, From E:/Game Data/Epic Games/4.14/Engine/Plugins/Runtime/PacketHandlers/CompressionComponents/Oodle/Oodle.uplugin
LogPluginManager: Loaded Plugin ProceduralMeshComponent, From E:/Game Data/Epic Games/4.14/Engine/Plugins/Runtime/ProceduralMeshComponent/ProceduralMeshComponent.uplugin
LogPluginManager: Loaded Plugin SoundMod, From E:/Game Data/Epic Games/4.14/Engine/Plugins/Runtime/SoundMod/SoundMod.uplugin
LogPluginManager: Loaded Plugin SoundVisualizations, From E:/Game Data/Epic Games/4.14/Engine/Plugins/Runtime/SoundVisualizations/SoundVisualizations.uplugin
LogPluginManager: Loaded Plugin SteamController, From E:/Game Data/Epic Games/4.14/Engine/Plugins/Runtime/Steam/SteamController/SteamController.uplugin
LogPluginManager: Loaded Plugin SteamVR, From E:/Game Data/Epic Games/4.14/Engine/Plugins/Runtime/Steam/SteamVR/SteamVR.uplugin
LogPluginManager: Loaded Plugin WebBrowserWidget, From E:/Game Data/Epic Games/4.14/Engine/Plugins/Runtime/WebBrowserWidget/WebBrowserWidget.uplugin
LogPluginManager: Loaded Plugin WindowsDeviceProfileSelector, From E:/Game Data/Epic Games/4.14/Engine/Plugins/Runtime/WindowsDeviceProfileSelector/WindowsDeviceProfileSelector.uplugin
LogPluginManager: Loaded Plugin WindowsMoviePlayer, From E:/Game Data/Epic Games/4.14/Engine/Plugins/Runtime/WindowsMoviePlayer/WindowsMoviePlayer.uplugin
LogPluginManager: Loaded Plugin ScriptPlugin, From E:/Game Data/Epic Games/4.14/Engine/Plugins/ScriptPlugin/ScriptPlugin.uplugin
LogPluginManager: Loaded Plugin SlateRemote, From E:/Game Data/Epic Games/4.14/Engine/Plugins/Slate/SlateRemote/SlateRemote.uplugin
LogPluginManager: Loaded Plugin EditorTests, From E:/Game Data/Epic Games/4.14/Engine/Plugins/Tests/EditorTests/EditorTests.uplugin
LogPluginManager: Loaded Plugin FbxAutomationTestBuilder, From E:/Game Data/Epic Games/4.14/Engine/Plugins/Tests/FbxAutomationTestBuilder/FbxAutomationTestBuilder.uplugin
LogPluginManager: Loaded Plugin FunctionalTestingEditor, From E:/Game Data/Epic Games/4.14/Engine/Plugins/Tests/FunctionalTestingEditor/FunctionalTestingEditor.uplugin
LogPluginManager: Loaded Plugin RuntimeTests, From E:/Game Data/Epic Games/4.14/Engine/Plugins/Tests/RuntimeTests/RuntimeTests.uplugin
LogPluginManager: Loaded Plugin ScreenshotTools, From E:/Game Data/Epic Games/4.14/Engine/Plugins/Tests/ScreenshotTools/ScreenshotTools.uplugin
LogInit: Using libcurl 7.47.1
LogInit:  - built for x86_64-pc-win32
LogInit:  - supports SSL with OpenSSL/1.0.2g
LogInit:  - supports HTTP deflate (compression) using libz 1.2.8
LogInit:  - other features:
LogInit:      CURL_VERSION_SSL
LogInit:      CURL_VERSION_LIBZ
LogInit:      CURL_VERSION_IPV6
LogInit:      CURL_VERSION_ASYNCHDNS
LogInit:      CURL_VERSION_LARGEFILE
LogInit:      CURL_VERSION_IDN
LogInit:  CurlRequestOptions (configurable via config and command line):
LogInit:  - bVerifyPeer = false  - Libcurl will NOT verify peer certificate
LogInit:  - bUseHttpProxy = false  - Libcurl will NOT use HTTP proxy
LogInit:  - bDontReuseConnections = false  - Libcurl will reuse connections
LogInit:  - CertBundlePath = nullptr  - Libcurl will use whatever was configured at build time.
LogInit: Build: ++UE4+Release-4.14-CL-3249277
LogInit: Engine Version: 4.14.3-3249277+++UE4+Release-4.14
LogInit: Compatible Engine Version: 4.14.0-3195953+++UE4+Release-4.14
LogInit: Net CL: 3195953
LogDevObjectVersion: Number of dev versions registered: 13
LogDevObjectVersion:   Dev-Blueprints (B0D832E4-1F89-4F0D-ACCF-7EB736FD4AA2): 7
LogDevObjectVersion:   Dev-Build (E1C64328-A22C-4D53-A36C-8E866417BD8C): 0
LogDevObjectVersion:   Dev-Core (375EC13C-06E4-48FB-B500-84F0262A717E): 1
LogDevObjectVersion:   Dev-Editor (E4B068ED-F494-42E9-A231-DA0B2E46BB41): 8
LogDevObjectVersion:   Dev-Framework (CFFC743F-43B0-4480-9391-14DF171D2073): 17
LogDevObjectVersion:   Dev-Mobile (B02B49B5-BB20-44E9-A304-32B752E40360): 0
LogDevObjectVersion:   Dev-Networking (A4E4105C-59A1-49B5-A7C5-40C4547EDFEE): 0
LogDevObjectVersion:   Dev-Online (39C831C9-5AE6-47DC-9A44-9C173E1C8E7C): 0
LogDevObjectVersion:   Dev-Physics (78F01B33-EBEA-4F98-B9B4-84EACCB95AA2): 0
LogDevObjectVersion:   Dev-Platform (6631380F-2D4D-43E0-8009-CF276956A95A): 0
LogDevObjectVersion:   Dev-Rendering (12F88B9F-8875-4AFC-A67C-D90C383ABD29): 12
LogDevObjectVersion:   Dev-Sequencer (7B5AE74C-D270-4C10-A958-57980B212A5A): 1
LogDevObjectVersion:   Dev-VR (D7296918-1DD6-4BDD-9DE2-64A83CC13884): 0
LogInit: Compiled (64-bit): Jan  6 2017 10:49:43
LogInit: Compiled with Visual C++: 19.00.23026.00
LogInit: Build Configuration: Development
LogInit: Branch Name: ++UE4+Release-4.14
LogInit: Command line:  
LogInit: Base directory: E:/Game Data/Epic Games/4.14/Engine/Binaries/Win64/
LogInit: Installed Engine Build: 1
LogInit: Presizing for max 8388607 objects, including 0 objects not considered by GC, pre-allocating 0 bytes for permanent pool.
LogInit: Object subsystem initialized
[2017.03.04-20.42.56:566][  0]LogInit: Selected Device Profile: [Windows]
[2017.03.04-20.42.56:567][  0]LogInit: Applying CVar settings loaded from the selected device profile: [Windows]
[2017.03.04-20.42.56:581][  0]LogInit: Computer: RAGNARÖK
[2017.03.04-20.42.56:581][  0]LogInit: User: Chris
[2017.03.04-20.42.56:581][  0]LogInit: CPU Page size=65536, Cores=8
[2017.03.04-20.42.56:581][  0]LogInit: High frequency timer resolution =3.135537 MHz
[2017.03.04-20.42.56:581][  0]LogMemory: Memory total: Physical=15.9GB (16GB approx)
[2017.03.04-20.42.56:581][  0]LogMemory: Platform Memory Stats for Windows
[2017.03.04-20.42.56:582][  0]LogMemory: Process Physical Memory: 267.72 MB used, 267.72 MB peak
[2017.03.04-20.42.56:582][  0]LogMemory: Process Virtual Memory: 266.41 MB used, 266.41 MB peak
[2017.03.04-20.42.56:582][  0]LogMemory: Physical Memory: 5900.16 MB used,  10383.91 MB free, 16284.07 MB total
[2017.03.04-20.42.56:582][  0]LogMemory: Virtual Memory: 666.03 MB used,  10383.91 MB free, 8388608.00 MB total
[2017.03.04-20.42.56:672][  0]LogTextLocalizationManager: No specific translations for ('en-US') exist, so ('en') translations will be used.
[2017.03.04-20.42.57:530][  0]LogD3D11RHI: D3D11 adapters:
[2017.03.04-20.42.57:554][  0]LogD3D11RHI:    0. 'AMD Radeon (TM) R9 380 Series' (Feature Level 11_0)
[2017.03.04-20.42.57:554][  0]LogD3D11RHI:       4074/0/3840 MB DedicatedVideo/DedicatedSystem/SharedSystem, Outputs:1, VendorId:0x1002
[2017.03.04-20.42.57:554][  0]LogD3D11RHI: Chosen D3D11 Adapter: 0
[2017.03.04-20.42.57:564][  0]LogD3D11RHI: Creating new Direct3DDevice
[2017.03.04-20.42.57:565][  0]LogD3D11RHI:     GPU DeviceId: 0x6938 (for the marketing name, search the web for "GPU Device Id")
[2017.03.04-20.42.57:565][  0]LogWindows: EnumDisplayDevices:
[2017.03.04-20.42.57:565][  0]LogWindows:    0. 'AMD Radeon (TM) R9 380 Series' (P:1 D:1)
[2017.03.04-20.42.57:565][  0]LogWindows:    1. 'AMD Radeon (TM) R9 380 Series' (P:0 D:0)
[2017.03.04-20.42.57:566][  0]LogWindows:    2. 'AMD Radeon (TM) R9 380 Series' (P:0 D:0)
[2017.03.04-20.42.57:566][  0]LogWindows:    3. 'AMD Radeon (TM) R9 380 Series' (P:0 D:0)
[2017.03.04-20.42.57:567][  0]LogWindows:    4. 'AMD Radeon (TM) R9 380 Series' (P:0 D:0)
[2017.03.04-20.42.57:568][  0]LogWindows:    5. 'AMD Radeon (TM) R9 380 Series' (P:0 D:0)
[2017.03.04-20.42.57:568][  0]LogWindows:    6. 'RDPDD Chained DD' (P:0 D:0)
[2017.03.04-20.42.57:568][  0]LogWindows:    7. 'RDP Encoder Mirror Driver' (P:0 D:0)
[2017.03.04-20.42.57:569][  0]LogWindows:    8. 'RDP Reflector Display Driver' (P:0 D:0)
[2017.03.04-20.42.57:569][  0]LogWindows: DebugString: GetVideoDriverDetailsInvalid PrimaryIsNotTheChoosenAdapter GetVideoDriverDetailsInvalid PrimaryIsNotTheChoosenAdapter GetVideoDriverDetailsInvalid PrimaryIsNotTheChoosenAdapter FoundDriverCount:6 
[2017.03.04-20.42.57:569][  0]LogD3D11RHI:     Adapter Name: AMD Radeon (TM) R9 380 Series
[2017.03.04-20.42.57:569][  0]LogD3D11RHI:   Driver Version: Crimson ReLive 17.2.1 (internal:21.19.519.2, unified:21.19.519.2)
[2017.03.04-20.42.57:569][  0]LogD3D11RHI:      Driver Date: 2-10-2017
[2017.03.04-20.42.57:569][  0]LogRHI: Texture pool is 1361 MB (70% of 1945 MB)
[2017.03.04-20.42.57:587][  0]LogD3D11RHI: Async texture creation enabled
[2017.03.04-20.42.57:601][  0]LogD3D11RHI: GPU Timing Frequency: 27.000000 (Debug: 2 1)
[2017.03.04-20.42.57:601][  0]LogShaderCompilers: Guid format shader working directory is -3 characters bigger than the processId version (../../../../../Unreal Projects/ChimeraGames/Abyss/Intermediate/Shaders/WorkingDirectory/5644/).
[2017.03.04-20.42.57:601][  0]LogShaderCompilers: Cleaned the shader compiler working directory 'C:/Users/Chris/AppData/Local/Temp/UnrealShaderWorkingDir/B0D5753A439A682C4CBCC688D908C5EE/'.
[2017.03.04-20.42.57:601][  0]LogShaderCompilers:Display: Using Local Shader Compiler.
[2017.03.04-20.42.59:444][  0]LogTemp:Display: Loaded TP AllDesktopTargetPlatform
[2017.03.04-20.42.59:522][  0]LogTemp:Display: Loaded TP MacClientTargetPlatform
[2017.03.04-20.42.59:598][  0]LogTemp:Display: Loaded TP MacNoEditorTargetPlatform
[2017.03.04-20.42.59:676][  0]LogTemp:Display: Loaded TP MacServerTargetPlatform
[2017.03.04-20.42.59:754][  0]LogTemp:Display: Loaded TP MacTargetPlatform
[2017.03.04-20.42.59:829][  0]LogTemp:Display: Loaded TP WindowsClientTargetPlatform
[2017.03.04-20.42.59:905][  0]LogTemp:Display: Loaded TP WindowsNoEditorTargetPlatform
[2017.03.04-20.42.59:980][  0]LogTemp:Display: Loaded TP WindowsServerTargetPlatform
[2017.03.04-20.43.00:041][  0]LogTemp:Display: Loaded TP WindowsTargetPlatform
[2017.03.04-20.43.00:117][  0]LogTemp:Display: Loaded TP AndroidTargetPlatform
[2017.03.04-20.43.00:199][  0]LogTemp:Display: Loaded TP Android_ASTCTargetPlatform
[2017.03.04-20.43.00:280][  0]LogTemp:Display: Loaded TP Android_ATCTargetPlatform
[2017.03.04-20.43.00:356][  0]LogTemp:Display: Loaded TP Android_DXTTargetPlatform
[2017.03.04-20.43.00:429][  0]LogTemp:Display: Loaded TP Android_ETC1TargetPlatform
[2017.03.04-20.43.00:505][  0]LogTemp:Display: Loaded TP Android_ETC2TargetPlatform
[2017.03.04-20.43.00:653][  0]LogTemp:Display: Loaded TP Android_MultiTargetPlatform
[2017.03.04-20.43.00:653][  0]LogTemp:Display: Loaded TP Android_PVRTCTargetPlatform
[2017.03.04-20.43.00:700][  0]LogTemp:Display: Loaded TP HTML5TargetPlatform
[2017.03.04-20.43.00:807][  0]LogTemp:Display: Loaded TP IOSTargetPlatform
[2017.03.04-20.43.00:859][  0]LogTemp:Display: Loaded TP TVOSTargetPlatform
[2017.03.04-20.43.00:943][  0]LogTemp:Display: Loaded TP LinuxClientTargetPlatform
[2017.03.04-20.43.01:017][  0]LogTemp:Display: Loaded TP LinuxNoEditorTargetPlatform
[2017.03.04-20.43.01:097][  0]LogTemp:Display: Loaded TP LinuxServerTargetPlatform
[2017.03.04-20.43.01:179][  0]LogTemp:Display: Loaded TP LinuxTargetPlatform
[2017.03.04-20.43.01:179][  0]LogTargetPlatformManager:Display: Building Assets For Windows
[2017.03.04-20.43.01:649][  0]LogDerivedDataCache:Display: Max Cache Size: 512 MB
[2017.03.04-20.43.01:753][  0]LogDerivedDataCache: Loaded boot cache 0.10s 52MB C:/Users/Chris/AppData/Local/UnrealEngine/4.14/DerivedDataCache/Boot.ddc.
[2017.03.04-20.43.01:754][  0]LogDerivedDataCache:Display: Loaded Boot cache: C:/Users/Chris/AppData/Local/UnrealEngine/4.14/DerivedDataCache/Boot.ddc
[2017.03.04-20.43.01:754][  0]LogDerivedDataCache: FDerivedDataBackendGraph:  Pak pak cache file ../../../../../Unreal Projects/ChimeraGames/Abyss/DerivedDataCache/DDC.ddp not found, will not use a pak cache.
[2017.03.04-20.43.01:754][  0]LogDerivedDataCache: Unable to find inner node Pak for hierarchical cache Hierarchy.
[2017.03.04-20.43.01:754][  0]LogDerivedDataCache: FDerivedDataBackendGraph:  CompressedPak pak cache file ../../../../../Unreal Projects/ChimeraGames/Abyss/DerivedDataCache/Compressed.ddp not found, will not use a pak cache.
[2017.03.04-20.43.01:754][  0]LogDerivedDataCache: Unable to find inner node CompressedPak for hierarchical cache Hierarchy.
[2017.03.04-20.43.01:777][  0]LogDerivedDataCache:Display: Pak cache opened for reading ../../../Engine/DerivedDataCache/Compressed.ddp.
[2017.03.04-20.43.01:789][  0]LogDerivedDataCache: Using Local data cache path C:/Users/Chris/AppData/Local/UnrealEngine/Common/DerivedDataCache: Writable
[2017.03.04-20.43.02:108][  0]LogInit: Selected Device Profile: [Windows]
[2017.03.04-20.43.02:113][  0]LogContentStreaming: Texture pool size is 0.00 MB
[2017.03.04-20.43.02:374][  0]LogMeshUtilities: Using QuadricMeshReduction for automatic static mesh reduction
[2017.03.04-20.43.02:429][  0]LogSimplygon: Simplygon DLL not present - disabling.
[2017.03.04-20.43.02:492][  0]LogMeshUtilities: Using SimplygonSwarm for distributed automatic mesh merging
[2017.03.04-20.43.02:492][  0]LogMeshUtilities: No automatic skeletal mesh reduction module available
[2017.03.04-20.43.02:492][  0]LogMeshUtilities: No automatic mesh merging module available
[2017.03.04-20.43.03:292][  0]LogNetVersion: GetLocalNetworkVersion: CL: 3195953, ProjectName: abyss, ProjectVersion: , EngineNetworkVersion: 2, GameNetworkVersion: 0, NetworkChecksum: 1595127573
[2017.03.04-20.43.03:357][  0]LogAssetRegistry: FAssetRegistry took 0.0205 seconds to start up
[2017.03.04-20.43.03:416][  0]LogPackageLocalizationCache: Processed 4 localized package path(s) for 2 prioritized culture(s) in 0.035074 seconds
[2017.03.04-20.43.03:425][  0]LogUObjectArray: 31890 objects as part of root set at end of initial load.
[2017.03.04-20.43.03:425][  0]LogUObjectAllocator: 6922376 out of 0 bytes used by permanent object pool.
[2017.03.04-20.43.03:425][  0]LogUObjectArray: CloseDisregardForGC: 0/0 objects in disregard for GC pool
[2017.03.04-20.43.03:490][  0]LogInit: WinSock: version 1.1 (2.2), MaxSocks=32767, MaxUdp=65467
[2017.03.04-20.43.04:477][  0]LogSlate: Using Freetype 2.6.0
[2017.03.04-20.43.04:477][  0]LogSlate: SlateFontCache - WITH_FREETYPE: 1, WITH_HARFBUZZ: 1
[2017.03.04-20.43.04:477][  0]LogSlate: SlateFontCache - WITH_FREETYPE: 1, WITH_HARFBUZZ: 1
[2017.03.04-20.43.05:775][  0]JavascriptCmd: Unreal.js started. V8 5.7.201
[2017.03.04-20.43.06:314][  0]LogMaterial: Uniform references updated for custom material expression Custom.
[2017.03.04-20.43.06:823][  0]SourceControl: Info Source control is disabled
[2017.03.04-20.43.06:823][  0]SourceControl: Info Source control is disabled
[2017.03.04-20.43.06:892][  0]SourceControl: Info Source control is disabled
[2017.03.04-20.43.06:953][  0]SourceControl: Info Source control is disabled
[2017.03.04-20.43.08:937][  0]ImportText (YAxis): Missing opening parenthesis: 0.000000,1.000000,0.000000
[2017.03.04-20.43.08:937][  0]ImportText (ZAxis): Missing opening parenthesis: 0.000000,0.000000,1.000000
[2017.03.04-20.43.08:938][  0]ImportText (Rotation): Missing opening parenthesis: -90.000000,0.000000,0.000000
[2017.03.04-20.43.08:942][  0]ImportText (B): Missing opening parenthesis: 1.000000,1.000000,1.000000
[2017.03.04-20.43.09:752][  0]LogEngine: Initializing Engine...
[2017.03.04-20.43.10:125][  0]LogAIModule: Creating AISystem for world Untitled
[2017.03.04-20.43.10:168][  0]LogInit: XAudio2 using '1 - SE32HY27 (2- AMD High Definition Audio Device)' : 2 channels at 48 kHz using 16 bits per sample (channel mask 0x3)
[2017.03.04-20.43.10:236][  0]LogInit: FAudioDevice initialized.
[2017.03.04-20.43.10:289][  0]LogDerivedDataCache: Saved boot cache 0.05s 50MB C:/Users/Chris/AppData/Local/UnrealEngine/4.14/DerivedDataCache/Boot.ddc.
[2017.03.04-20.43.10:308][  0]LogInit: Texture streaming: Enabled
[2017.03.04-20.43.10:548][  0]LogInit: Transaction tracking system initialized
[2017.03.04-20.43.11:034][  0]BlueprintLog: New page: Editor Load
[2017.03.04-20.43.12:224][  0]LocalizationService: Info Localization service is disabled
[2017.03.04-20.43.12:716][  0]LogModuleManager:Warning: No filename provided for module TcpMessaging
[2017.03.04-20.43.12:716][  0]LogModuleManager:Warning: ModuleManager: Unable to load module 'TcpMessaging' because the file 'E:/Game Data/Epic Games/4.14/Engine/Binaries/Win64/' was not found.
[2017.03.04-20.43.13:097][  0]LogConsoleResponse:Display: 
[2017.03.04-20.43.13:278][  0]LogCook:Display: Max memory allowance for cook 16384mb min free memory 0mb
[2017.03.04-20.43.13:278][  0]LogCook:Display: Mobile HDR setting 1
[2017.03.04-20.43.13:991][  0]LogFileCache: Scanning file cache for directory 'E:/Game Data/Unreal Projects/ChimeraGames/Abyss/Content/' took 0.01s
[2017.03.04-20.43.14:383][  0]SourceControl: Info Source control is disabled
[2017.03.04-20.43.14:383][  0]Cmd: MAP LOAD FILE="../../../../../Unreal Projects/ChimeraGames/Abyss/Content/Maps-Levels/Fort/Fort_Exploration.umap" TEMPLATE=0 SHOWPROGRESS=1 FEATURELEVEL=3
[2017.03.04-20.43.14:384][  0]LightingResults: New page: Lighting Build
[2017.03.04-20.43.14:432][  0]MapCheck: New page: Map Check
[2017.03.04-20.43.14:432][  0]LightingResults: New page: Lighting Build
[2017.03.04-20.43.15:881][  0]LogAIModule: Creating AISystem for world Fort_Exploration
[2017.03.04-20.43.15:897][  0]LogEditorServer: Finished looking for orphan Actors (0.000 secs)
[2017.03.04-20.43.15:897][  0]Cmd: MAP CHECKDEP NOCLEARLOG
[2017.03.04-20.43.15:974][  0]MapCheck: Info Map check complete: 0 Error(s), 0 Warning(s), took 76.802ms to complete.
[2017.03.04-20.43.15:974][  0]LogFileHelpers: Loading map 'Fort_Exploration' took 1.591
[2017.03.04-20.43.16:153][  0]LogCollectionManager: Loaded 0 collections in 0.003388 seconds
[2017.03.04-20.43.16:253][  0]LogFileCache: Scanning file cache for directory 'E:/Game Data/Unreal Projects/ChimeraGames/Abyss/Saved/Collections/' took 0.01s
[2017.03.04-20.43.16:253][  0]LogFileCache: Scanning file cache for directory 'E:/Game Data/Unreal Projects/ChimeraGames/Abyss/Content/Developers/Chris/Collections/' took 0.01s
[2017.03.04-20.43.16:253][  0]LogFileCache: Scanning file cache for directory 'E:/Game Data/Unreal Projects/ChimeraGames/Abyss/Content/Collections/' took 0.01s
[2017.03.04-20.43.16:253][  0]LogCollectionManager: Rebuilt the GUID cache for 0 collections in 0.000002 seconds
[2017.03.04-20.43.16:269][  0]LogContentBrowser: Native class hierarchy populated in 0.0163 seconds. Added 2245 classes and 411 folders.
[2017.03.04-20.43.16:322][  0]LogStats: UGameplayTagsManager::ConstructGameplayTagTree: Construct from data asset -  0.000 s
[2017.03.04-20.43.16:322][  0]LogStats: UGameplayTagsManager::ConstructGameplayTagTree: GameplayTagTreeChangedEvent.Broadcast -  0.000 s
[2017.03.04-20.43.16:323][  0]LogContentBrowser: Native class hierarchy updated for 'GameplayTags' in 0.0007 seconds. Added 13 classes and 0 folders.
[2017.03.04-20.43.16:394][  0]LogContentBrowser: Native class hierarchy updated for 'WidgetCarousel' in 0.0007 seconds. Added 0 classes and 0 folders.
[2017.03.04-20.43.16:461][  0]LogContentBrowser: Native class hierarchy updated for 'AddContentDialog' in 0.0007 seconds. Added 0 classes and 0 folders.
[2017.03.04-20.43.16:519][  0]LogContentBrowser: Native class hierarchy updated for 'SceneOutliner' in 0.0007 seconds. Added 1 classes and 2 folders.
[2017.03.04-20.43.16:628][  0]LogCrashTracker: Crashtracker disabled due to settings.
[2017.03.04-20.43.16:633][  0]LogUObjectGlobals:Warning: Failed to find object 'Class None.'
[2017.03.04-20.43.16:714][  0]LogContentBrowser: Native class hierarchy updated for 'HierarchicalLODOutliner' in 0.0007 seconds. Added 1 classes and 2 folders.
[2017.03.04-20.43.16:715][  0]LogLoad: (Engine Initialization) Total time: 22.59 seconds
[2017.03.04-20.43.16:715][  0]LogLoad: (Engine Initialization) Total Blueprint compile time: 0.52 seconds
[2017.03.04-20.43.16:715][  0]LogExternalProfiler: Found external profiler: VSPerf
[2017.03.04-20.43.16:715][  0]LogExternalProfiler: Using external profiler: VSPerf
[2017.03.04-20.43.16:745][  0]LogContentStreaming: Texture pool size now 1000 MB
[2017.03.04-20.43.16:929][  0]LogRenderer: Reallocating scene render targets to support 728x396 NumSamples 1 (Frame:2).
[2017.03.04-20.43.17:078][  3]LogAssetRegistry: Asset discovery search completed in 13.7418 seconds
[2017.03.04-20.43.17:079][  3]LogCollectionManager: Rebuilt the object cache for 0 collections in 0.000001 seconds (found 0 objects)
[2017.03.04-20.43.17:079][  3]LogCollectionManager: Fixed up redirectors for 0 collections in 0.000029 seconds (updated 0 objects)
[2017.03.04-20.43.18:500][ 77]LogContentBrowser: Native class hierarchy updated for 'BlueprintGraph' in 0.0016 seconds. Added 111 classes and 0 folders.
[2017.03.04-20.43.39:319][925]LogBlueprint:Warning: [Compiler PersistentLevel.Fort_Battle] Warning 'BS Enemy' does not inherit from 'BS Player' ( K2Node_DynamicCast_2  would always fail).
[2017.03.04-20.43.39:322][925]LogBlueprint:Warning: [Compiler PersistentLevel.Fort_Battle] Warning [0045.20] Compile of PersistentLevel.Fort_Battle successful, but with 1 Warning(s) [in 4 ms] (/Game/Maps-Levels/Fort/Fort_Battle.Fort_Battle:PersistentLevel.Fort_Battle)
[2017.03.04-20.43.39:322][925]LogBlueprint:Warning: [Compiler PersistentLevel.Fort_Battle] Warning [0045.20] Compile of PersistentLevel.Fort_Battle successful, but with 2 Warning(s) [in 0 ms] (/Game/Maps-Levels/Fort/Fort_Battle.Fort_Battle:PersistentLevel.Fort_Battle)
[2017.03.04-20.43.39:322][925]LogBlueprint:Warning: [Compiler PersistentLevel.Fort_Battle] Warning [0045.20] Compile of PersistentLevel.Fort_Battle successful, but with 3 Warning(s) [in 0 ms] (/Game/Maps-Levels/Fort/Fort_Battle.Fort_Battle:PersistentLevel.Fort_Battle)
[2017.03.04-20.43.39:326][925]LogBlueprint:Warning: [Compiler PersistentLevel.Fort_Battle] Warning 'BS Enemy' does not inherit from 'BS Player' ( K2Node_DynamicCast_2  would always fail).
[2017.03.04-20.43.39:329][925]LogBlueprint:Warning: [Compiler PersistentLevel.Fort_Battle] Warning [0045.21] Compile of PersistentLevel.Fort_Battle successful, but with 1 Warning(s) [in 4 ms] (/Game/Maps-Levels/Fort/Fort_Battle.Fort_Battle:PersistentLevel.Fort_Battle)
[2017.03.04-20.43.39:329][925]LogBlueprint:Warning: [Compiler PersistentLevel.Fort_Battle] Warning [0045.21] Compile of PersistentLevel.Fort_Battle successful, but with 2 Warning(s) [in 0 ms] (/Game/Maps-Levels/Fort/Fort_Battle.Fort_Battle:PersistentLevel.Fort_Battle)
[2017.03.04-20.43.39:329][925]LogBlueprint:Warning: [Compiler PersistentLevel.Fort_Battle] Warning [0045.21] Compile of PersistentLevel.Fort_Battle successful, but with 3 Warning(s) [in 0 ms] (/Game/Maps-Levels/Fort/Fort_Battle.Fort_Battle:PersistentLevel.Fort_Battle)
[2017.03.04-20.43.39:369][925]LogBlueprint:Warning: USimpleConstructionScript::FixupRootNodeParentReferences() - Couldn't find inherited parent component 'DefaultSceneRoot' for 'PaperSprite' in BlueprintGeneratedClass 'BS_Enemy_C' (it may have been removed)
[2017.03.04-20.43.39:509][925]LogAIModule: Creating AISystem for world Fort_Battle
[2017.03.04-20.43.39:510][925]LogActorComponent: RegisterComponentWithWorld: (/Game/Maps-Levels/Fort/Fort_Battle.Fort_Battle:PersistentLevel.BS_Player_2.CollisionCylinder) Trying to register component with IsPendingKill() == true. Aborting.
[2017.03.04-20.43.48:519][320]LogAIModule: Creating AISystem for world Fort_Exploration
[2017.03.04-20.43.48:696][320]Cmd: MAP LOAD FILE="../../../../../Unreal Projects/ChimeraGames/Abyss/Content/Maps-Levels/Fort/Exploration/Fort_Exploration.umap" TEMPLATE=0 SHOWPROGRESS=1 FEATURELEVEL=3
[2017.03.04-20.43.48:697][320]LightingResults: New page: Lighting Build
[2017.03.04-20.43.48:698][320]LoadErrors: New page: Loading map: Fort_Exploration.umap
[2017.03.04-20.43.48:699][320]MapCheck: New page: Map Check
[2017.03.04-20.43.48:699][320]LightingResults: New page: Lighting Build
[2017.03.04-20.43.49:238][320]LogEditorServer: Finished looking for orphan Actors (0.000 secs)
[2017.03.04-20.43.49:303][320]Cmd: MAP CHECKDEP NOCLEARLOG
[2017.03.04-20.43.49:384][320]MapCheck: Info Map check complete: 0 Error(s), 0 Warning(s), took 80.991ms to complete.
[2017.03.04-20.43.49:385][320]LogFileHelpers: Loading map 'Fort_Exploration' took 0.690
[2017.03.04-20.43.52:912][736]LogBlueprint:Warning: [Compiler PersistentLevel.Fort_Battle] Warning 'BS Enemy' does not inherit from 'BS Player' ( K2Node_DynamicCast_2  would always fail).
[2017.03.04-20.43.52:914][736]LogBlueprint:Warning: [Compiler PersistentLevel.Fort_Battle] Warning [0058.79] Compile of PersistentLevel.Fort_Battle successful, but with 1 Warning(s) [in 4 ms] (/Game/Maps-Levels/Fort/Fort_Battle.Fort_Battle:PersistentLevel.Fort_Battle)
[2017.03.04-20.43.52:914][736]LogBlueprint:Warning: [Compiler PersistentLevel.Fort_Battle] Warning [0058.79] Compile of PersistentLevel.Fort_Battle successful, but with 2 Warning(s) [in 0 ms] (/Game/Maps-Levels/Fort/Fort_Battle.Fort_Battle:PersistentLevel.Fort_Battle)
[2017.03.04-20.43.52:915][736]LogBlueprint:Warning: [Compiler PersistentLevel.Fort_Battle] Warning [0058.80] Compile of PersistentLevel.Fort_Battle successful, but with 3 Warning(s) [in 0 ms] (/Game/Maps-Levels/Fort/Fort_Battle.Fort_Battle:PersistentLevel.Fort_Battle)
[2017.03.04-20.43.52:917][736]LogBlueprint:Warning: [Compiler PersistentLevel.Fort_Battle] Warning 'BS Enemy' does not inherit from 'BS Player' ( K2Node_DynamicCast_2  would always fail).
[2017.03.04-20.43.52:920][736]LogBlueprint:Warning: [Compiler PersistentLevel.Fort_Battle] Warning [0058.80] Compile of PersistentLevel.Fort_Battle successful, but with 1 Warning(s) [in 4 ms] (/Game/Maps-Levels/Fort/Fort_Battle.Fort_Battle:PersistentLevel.Fort_Battle)
[2017.03.04-20.43.52:920][736]LogBlueprint:Warning: [Compiler PersistentLevel.Fort_Battle] Warning [0058.80] Compile of PersistentLevel.Fort_Battle successful, but with 2 Warning(s) [in 0 ms] (/Game/Maps-Levels/Fort/Fort_Battle.Fort_Battle:PersistentLevel.Fort_Battle)
[2017.03.04-20.43.52:920][736]LogBlueprint:Warning: [Compiler PersistentLevel.Fort_Battle] Warning [0058.80] Compile of PersistentLevel.Fort_Battle successful, but with 3 Warning(s) [in 0 ms] (/Game/Maps-Levels/Fort/Fort_Battle.Fort_Battle:PersistentLevel.Fort_Battle)
[2017.03.04-20.43.52:936][736]LogAIModule: Creating AISystem for world Fort_Battle
[2017.03.04-20.43.52:937][736]LogActorComponent: RegisterComponentWithWorld: (/Game/Maps-Levels/Fort/Fort_Battle.Fort_Battle:PersistentLevel.BS_Player_2.CollisionCylinder) Trying to register component with IsPendingKill() == true. Aborting.
[2017.03.04-20.43.52:951][736]LogAIModule: Creating AISystem for world Fort_Exploration
[2017.03.04-20.44.01:594][ 19]LogTemp: Repeting last play command: Selected Viewport
[2017.03.04-20.44.01:636][ 19]LogBlueprintUserMessages: Early PlayInEditor Detection: Level '/Game/Maps-Levels/Fort/Exploration/Fort_Exploration.Fort_Exploration:PersistentLevel' has LevelScriptBlueprint '/Game/Maps-Levels/Fort/Exploration/Fort_Exploration.Fort_Exploration:PersistentLevel.Fort_Exploration' with GeneratedClass '/Game/Maps-Levels/Fort/Exploration/Fort_Exploration.Fort_Exploration_C' with ClassGeneratedBy '/Game/Maps-Levels/Fort/Exploration/Fort_Exploration.Fort_Exploration:PersistentLevel.Fort_Exploration'
[2017.03.04-20.44.01:636][ 19]LogPlayLevel: PlayLevel: No blueprints needed recompiling
[2017.03.04-20.44.01:636][ 19]PIE: New page: PIE session: Fort_Exploration (Mar 4, 2017, 10:44:01 AM)
[2017.03.04-20.44.01:637][ 19]LogPlayLevel: Creating play world package: /Game/Maps-Levels/Fort/Exploration/UEDPIE_0_Fort_Exploration
[2017.03.04-20.44.01:639][ 19]LogPlayLevel: PIE: StaticDuplicateObject took: (0.002459s)
[2017.03.04-20.44.01:640][ 19]LogAIModule: Creating AISystem for world Fort_Exploration
[2017.03.04-20.44.01:640][ 19]LogPlayLevel: PIE: World Init took: (0.000816s)
[2017.03.04-20.44.01:640][ 19]LogPlayLevel: PIE: Created PIE world by copying editor world from /Game/Maps-Levels/Fort/Exploration/Fort_Exploration.Fort_Exploration to /Game/Maps-Levels/Fort/Exploration/UEDPIE_0_Fort_Exploration.Fort_Exploration (0.003577s)
[2017.03.04-20.44.01:822][ 19]LogInit: XAudio2 using '1 - SE32HY27 (2- AMD High Definition Audio Device)' : 2 channels at 48 kHz using 16 bits per sample (channel mask 0x3)
[2017.03.04-20.44.01:835][ 19]LogInit: FAudioDevice initialized.
[2017.03.04-20.44.01:883][ 19]LogLoad: Game class is 'abyssExplorationMode_C'
[2017.03.04-20.44.01:886][ 19]LogWorld: Bringing World /Game/Maps-Levels/Fort/Exploration/UEDPIE_0_Fort_Exploration.Fort_Exploration up for play (max tick rate 0) at 2017.03.04-15.44.01
[2017.03.04-20.44.01:887][ 19]LogWorld: Bringing up level for play took: 0.002125
[2017.03.04-20.44.01:937][ 19]LogContentBrowser: Native class hierarchy updated for 'MovieSceneCapture' in 0.0007 seconds. Added 11 classes and 0 folders.
[2017.03.04-20.44.01:940][ 19]PIE: Info Play in editor start time for /Game/Maps-Levels/Fort/Exploration/UEDPIE_0_Fort_Exploration 0.594
[2017.03.04-20.44.01:941][ 19]LogBlueprintUserMessages: Late PlayInEditor Detection: Level '/Game/Maps-Levels/Fort/Exploration/Fort_Exploration.Fort_Exploration:PersistentLevel' has LevelScriptBlueprint '/Game/Maps-Levels/Fort/Exploration/Fort_Exploration.Fort_Exploration:PersistentLevel.Fort_Exploration' with GeneratedClass '/Game/Maps-Levels/Fort/Exploration/Fort_Exploration.Fort_Exploration_C' with ClassGeneratedBy '/Game/Maps-Levels/Fort/Exploration/Fort_Exploration.Fort_Exploration:PersistentLevel.Fort_Exploration'
[2017.03.04-20.44.07:755][709]LogBlueprintUserMessages: [checkPoint_765] Checkpoint!
[2017.03.04-20.44.15:565][645]LogScriptCore:Warning: Script Msg: Attempted to access index 0 from array EnemyTable of length 0!
[2017.03.04-20.44.15:574][646]LogNet: Browse: /Game/Maps-Levels/Fort/Battle/Fort_Battle
[2017.03.04-20.44.15:574][646]LogLoad: LoadMap: /Game/Maps-Levels/Fort/Battle/Fort_Battle
[2017.03.04-20.44.15:736][646]Cmd: MEM
[2017.03.04-20.44.15:880][646]LogMemory: Platform Memory Stats for Windows
[2017.03.04-20.44.15:880][646]LogMemory: Process Physical Memory: 1282.90 MB used, 1284.17 MB peak
[2017.03.04-20.44.15:880][646]LogMemory: Process Virtual Memory: 1181.68 MB used, 1186.68 MB peak
[2017.03.04-20.44.15:880][646]LogMemory: Physical Memory: 6843.08 MB used,  9440.99 MB free, 16284.07 MB total
[2017.03.04-20.44.15:880][646]LogMemory: Virtual Memory: 2491.78 MB used,  9440.99 MB free, 8388608.00 MB total
[2017.03.04-20.44.15:880][646]LogMemory: 
[2017.03.04-20.44.15:880][646]Allocator Stats for TBB: (not implemented)
[2017.03.04-20.44.16:076][646]LogStats: FPlatformStackWalk::StackWalkAndDump -  0.157 s
[2017.03.04-20.44.16:076][646]LogOutputDevice:Error: === Handled ensure: ===
[2017.03.04-20.44.16:076][646]LogOutputDevice:Error: 
[2017.03.04-20.44.16:076][646]LogOutputDevice:Error: Ensure condition failed: IsObjectValidForDatabase(AssetObject) [File:D:\Build\++UE4+Release-4.14+Compile\Sync\Engine\Source\Editor\BlueprintGraph\Private\BlueprintActionDatabase.cpp] [Line: 1263]
[2017.03.04-20.44.16:076][646]LogOutputDevice:Error: 
[2017.03.04-20.44.16:076][646]LogOutputDevice:Error: Stack: 
[2017.03.04-20.44.16:076][646]LogOutputDevice:Error: UE4Editor-Core.dll
[2017.03.04-20.44.16:076][646]LogOutputDevice:Error: UE4Editor-Core.dll
[2017.03.04-20.44.16:076][646]LogOutputDevice:Error: UE4Editor-Core.dll
[2017.03.04-20.44.16:076][646]LogOutputDevice:Error: UE4Editor-BlueprintGraph.dll
[2017.03.04-20.44.16:076][646]LogOutputDevice:Error: UE4Editor-BlueprintGraph.dll
[2017.03.04-20.44.16:076][646]LogOutputDevice:Error: UE4Editor-CoreUObject.dll
[2017.03.04-20.44.16:076][646]LogOutputDevice:Error: UE4Editor-CoreUObject.dll
[2017.03.04-20.44.16:076][646]LogOutputDevice:Error: UE4Editor-CoreUObject.dll
[2017.03.04-20.44.16:076][646]LogOutputDevice:Error: UE4Editor-CoreUObject.dll
[2017.03.04-20.44.16:076][646]LogOutputDevice:Error: UE4Editor-Engine.dll
[2017.03.04-20.44.16:076][646]LogOutputDevice:Error: UE4Editor-Engine.dll
[2017.03.04-20.44.16:076][646]LogOutputDevice:Error: UE4Editor-Engine.dll
[2017.03.04-20.44.16:076][646]LogOutputDevice:Error: UE4Editor-UnrealEd.dll
[2017.03.04-20.44.16:076][646]LogOutputDevice:Error: UE4Editor-UnrealEd.dll
[2017.03.04-20.44.16:076][646]LogOutputDevice:Error: UE4Editor.exe
[2017.03.04-20.44.16:076][646]LogOutputDevice:Error: UE4Editor.exe
[2017.03.04-20.44.16:076][646]LogOutputDevice:Error: UE4Editor.exe
[2017.03.04-20.44.16:076][646]LogOutputDevice:Error: UE4Editor.exe
[2017.03.04-20.44.16:077][646]LogOutputDevice:Error: UE4Editor.exe
[2017.03.04-20.44.16:077][646]LogOutputDevice:Error: kernel32.dll
[2017.03.04-20.44.16:077][646]LogOutputDevice:Error: ntdll.dll
[2017.03.04-20.44.16:077][646]LogOutputDevice:Error: 
[2017.03.04-20.44.16:081][646]LogStats:                SubmitErrorReport -  0.000 s
