Log file open, 03/08/17 17:46:30
LogInit:Display: Running engine for game: Abyss
LogPlatformFile: Not using cached read wrapper
LogInit:Display: RandInit(1551456577) SRandInit(1551456577).
LogTaskGraph: Started task graph with 5 named threads and 6 total threads with 1 sets of task threads.
LogStats: Stats thread started at 5.795995
LogPluginManager: Loaded Plugin Paper2D, From C:/Program Files (x86)/Epic Games/4.14/Engine/Plugins/2D/Paper2D/Paper2D.uplugin
LogPluginManager: Loaded Plugin LightPropagationVolume, From C:/Program Files (x86)/Epic Games/4.14/Engine/Plugins/Blendables/LightPropagationVolume/LightPropagationVolume.uplugin
LogPluginManager: Loaded Plugin BlankPlugin, From C:/Program Files (x86)/Epic Games/4.14/Engine/Plugins/Developer/BlankPlugin/BlankPlugin.uplugin
LogPluginManager: Loaded Plugin CodeLiteSourceCodeAccess, From C:/Program Files (x86)/Epic Games/4.14/Engine/Plugins/Developer/CodeLiteSourceCodeAccess/CodeLiteSourceCodeAccess.uplugin
LogPluginManager: Loaded Plugin GitSourceControl, From C:/Program Files (x86)/Epic Games/4.14/Engine/Plugins/Developer/GitSourceControl/GitSourceControl.uplugin
LogPluginManager: Loaded Plugin KDevelopSourceCodeAccess, From C:/Program Files (x86)/Epic Games/4.14/Engine/Plugins/Developer/KDevelopSourceCodeAccess/KDevelopSourceCodeAccess.uplugin
LogPluginManager: Loaded Plugin NullSourceCodeAccess, From C:/Program Files (x86)/Epic Games/4.14/Engine/Plugins/Developer/NullSourceCodeAccess/NullSourceCodeAccess.uplugin
LogPluginManager: Loaded Plugin OneSkyLocalizationService, From C:/Program Files (x86)/Epic Games/4.14/Engine/Plugins/Developer/OneSkyLocalizationService/OneSkyLocalizationService.uplugin
LogPluginManager: Loaded Plugin PerforceSourceControl, From C:/Program Files (x86)/Epic Games/4.14/Engine/Plugins/Developer/PerforceSourceControl/PerforceSourceControl.uplugin
LogPluginManager: Loaded Plugin SubversionSourceControl, From C:/Program Files (x86)/Epic Games/4.14/Engine/Plugins/Developer/SubversionSourceControl/SubversionSourceControl.uplugin
LogPluginManager: Loaded Plugin UObjectPlugin, From C:/Program Files (x86)/Epic Games/4.14/Engine/Plugins/Developer/UObjectPlugin/UObjectPlugin.uplugin
LogPluginManager: Loaded Plugin VisualStudioSourceCodeAccess, From C:/Program Files (x86)/Epic Games/4.14/Engine/Plugins/Developer/VisualStudioSourceCodeAccess/VisualStudioSourceCodeAccess.uplugin
LogPluginManager: Loaded Plugin XCodeSourceCodeAccess, From C:/Program Files (x86)/Epic Games/4.14/Engine/Plugins/Developer/XCodeSourceCodeAccess/XCodeSourceCodeAccess.uplugin
LogPluginManager: Loaded Plugin AudioCapture, From C:/Program Files (x86)/Epic Games/4.14/Engine/Plugins/Editor/AudioCapture/AudioCapture.uplugin
LogPluginManager: Loaded Plugin EpicSurvey, From C:/Program Files (x86)/Epic Games/4.14/Engine/Plugins/Editor/EpicSurvey/EpicSurvey.uplugin
LogPluginManager: Loaded Plugin MacGraphicsSwitching, From C:/Program Files (x86)/Epic Games/4.14/Engine/Plugins/Editor/MacGraphicsSwitching/MacGraphicsSwitching.uplugin
LogPluginManager: Loaded Plugin MobileLauncherProfileWizard, From C:/Program Files (x86)/Epic Games/4.14/Engine/Plugins/Editor/MobileLauncherProfileWizard/MobileLauncherProfileWizard.uplugin
LogPluginManager: Loaded Plugin PluginBrowser, From C:/Program Files (x86)/Epic Games/4.14/Engine/Plugins/Editor/PluginBrowser/PluginBrowser.uplugin
LogPluginManager: Loaded Plugin SpeedTreeImporter, From C:/Program Files (x86)/Epic Games/4.14/Engine/Plugins/Editor/SpeedTreeImporter/SpeedTreeImporter.uplugin
LogPluginManager: Loaded Plugin SuperSearchEditor, From C:/Program Files (x86)/Epic Games/4.14/Engine/Plugins/Editor/SuperSearchEditor/SuperSearchEditor.uplugin
LogPluginManager: Loaded Plugin AlembicImporter, From C:/Program Files (x86)/Epic Games/4.14/Engine/Plugins/Experimental/AlembicImporter/AlembicImporter.uplugin
LogPluginManager: Loaded Plugin BlueprintStats, From C:/Program Files (x86)/Epic Games/4.14/Engine/Plugins/Experimental/BlueprintStats/BlueprintStats.uplugin
LogPluginManager: Loaded Plugin CharacterAI, From C:/Program Files (x86)/Epic Games/4.14/Engine/Plugins/Experimental/CharacterAI/CharacterAI.uplugin
LogPluginManager: Loaded Plugin CodeEditor, From C:/Program Files (x86)/Epic Games/4.14/Engine/Plugins/Experimental/CodeEditor/CodeEditor.uplugin
LogPluginManager: Loaded Plugin CodeView, From C:/Program Files (x86)/Epic Games/4.14/Engine/Plugins/Experimental/CodeView/CodeView.uplugin
LogPluginManager: Loaded Plugin HTML5Networking, From C:/Program Files (x86)/Epic Games/4.14/Engine/Plugins/Experimental/HTML5Networking/HTML5Networking.uplugin
LogPluginManager: Loaded Plugin OSVR, From C:/Program Files (x86)/Epic Games/4.14/Engine/Plugins/Experimental/OSVR/OSVR.uplugin
LogPluginManager: Loaded Plugin Phya, From C:/Program Files (x86)/Epic Games/4.14/Engine/Plugins/Experimental/Phya/Phya.uplugin
LogPluginManager: Loaded Plugin SignificanceManager, From C:/Program Files (x86)/Epic Games/4.14/Engine/Plugins/Experimental/SignificanceManager/SignificanceManager.uplugin
LogPluginManager: Loaded Plugin SimpleHMD, From C:/Program Files (x86)/Epic Games/4.14/Engine/Plugins/Experimental/SimpleHMD/SimpleHMD.uplugin
LogPluginManager: Loaded Plugin StereoPanorama, From C:/Program Files (x86)/Epic Games/4.14/Engine/Plugins/Experimental/StereoPanorama/StereoPanorama.uplugin
LogPluginManager: Loaded Plugin StructBox, From C:/Program Files (x86)/Epic Games/4.14/Engine/Plugins/Experimental/StructBox/StructBox.uplugin
LogPluginManager: Loaded Plugin HGGifImporter, From C:/Program Files (x86)/Epic Games/4.14/Engine/Plugins/Marketplace/HGGifImporter/HGGifImporter.uplugin
LogPluginManager: Loaded Plugin MidiAsset, From C:/Program Files (x86)/Epic Games/4.14/Engine/Plugins/Marketplace/MidiAsset/MidiAsset.uplugin
LogPluginManager: Loaded Plugin UnrealJS, From C:/Program Files (x86)/Epic Games/4.14/Engine/Plugins/Marketplace/UnrealJS/UnrealJS.uplugin
LogPluginManager: Loaded Plugin AndroidMedia, From C:/Program Files (x86)/Epic Games/4.14/Engine/Plugins/Media/AndroidMedia/AndroidMedia.uplugin
LogPluginManager: Loaded Plugin AvfMedia, From C:/Program Files (x86)/Epic Games/4.14/Engine/Plugins/Media/AvfMedia/AvfMedia.uplugin
LogPluginManager: Loaded Plugin MediaPlayerEditor, From C:/Program Files (x86)/Epic Games/4.14/Engine/Plugins/Media/MediaPlayerEditor/MediaPlayerEditor.uplugin
LogPluginManager: Loaded Plugin WmfMedia, From C:/Program Files (x86)/Epic Games/4.14/Engine/Plugins/Media/WmfMedia/WmfMedia.uplugin
LogPluginManager: Loaded Plugin MessagingDebugger, From C:/Program Files (x86)/Epic Games/4.14/Engine/Plugins/Messaging/MessagingDebugger/MessagingDebugger.uplugin
LogPluginManager: Loaded Plugin TcpMessaging, From C:/Program Files (x86)/Epic Games/4.14/Engine/Plugins/Messaging/TcpMessaging/TcpMessaging.uplugin
LogPluginManager: Loaded Plugin UdpMessaging, From C:/Program Files (x86)/Epic Games/4.14/Engine/Plugins/Messaging/UdpMessaging/UdpMessaging.uplugin
LogPluginManager: Loaded Plugin LevelSequenceEditor, From C:/Program Files (x86)/Epic Games/4.14/Engine/Plugins/MovieScene/LevelSequenceEditor/LevelSequenceEditor.uplugin
LogPluginManager: Loaded Plugin MatineeToLevelSequence, From C:/Program Files (x86)/Epic Games/4.14/Engine/Plugins/MovieScene/MatineeToLevelSequence/MatineeToLevelSequence.uplugin
LogPluginManager: Loaded Plugin NetcodeUnitTest, From C:/Program Files (x86)/Epic Games/4.14/Engine/Plugins/NetcodeUnitTest/NetcodeUnitTest/NetcodeUnitTest.uplugin
LogPluginManager: Loaded Plugin NUTUnrealEngine4, From C:/Program Files (x86)/Epic Games/4.14/Engine/Plugins/NetcodeUnitTest/NUTUnrealEngine4/NUTUnrealEngine4.uplugin
LogPluginManager: Loaded Plugin OnlineSubsystemGameCircle, From C:/Program Files (x86)/Epic Games/4.14/Engine/Plugins/Online/Android/OnlineSubsystemGameCircle/OnlineSubsystemGameCircle.uplugin
LogPluginManager: Loaded Plugin OnlineSubsystemGooglePlay, From C:/Program Files (x86)/Epic Games/4.14/Engine/Plugins/Online/Android/OnlineSubsystemGooglePlay/OnlineSubsystemGooglePlay.uplugin
LogPluginManager: Loaded Plugin OnlineSubsystemIOS, From C:/Program Files (x86)/Epic Games/4.14/Engine/Plugins/Online/IOS/OnlineSubsystemIOS/OnlineSubsystemIOS.uplugin
LogPluginManager: Loaded Plugin OnlineFramework, From C:/Program Files (x86)/Epic Games/4.14/Engine/Plugins/Online/OnlineFramework/OnlineFramework.uplugin
LogPluginManager: Loaded Plugin OnlineSubsystem, From C:/Program Files (x86)/Epic Games/4.14/Engine/Plugins/Online/OnlineSubsystem/OnlineSubsystem.uplugin
LogPluginManager: Loaded Plugin OnlineSubsystemAmazon, From C:/Program Files (x86)/Epic Games/4.14/Engine/Plugins/Online/OnlineSubsystemAmazon/OnlineSubsystemAmazon.uplugin
LogPluginManager: Loaded Plugin OnlineSubsystemFacebook, From C:/Program Files (x86)/Epic Games/4.14/Engine/Plugins/Online/OnlineSubsystemFacebook/OnlineSubsystemFacebook.uplugin
LogPluginManager: Loaded Plugin OnlineSubsystemNull, From C:/Program Files (x86)/Epic Games/4.14/Engine/Plugins/Online/OnlineSubsystemNull/OnlineSubsystemNull.uplugin
LogPluginManager: Loaded Plugin OnlineSubsystemOculus, From C:/Program Files (x86)/Epic Games/4.14/Engine/Plugins/Online/OnlineSubsystemOculus/OnlineSubsystemOculus.uplugin
LogPluginManager: Loaded Plugin OnlineSubsystemSteam, From C:/Program Files (x86)/Epic Games/4.14/Engine/Plugins/Online/OnlineSubsystemSteam/OnlineSubsystemSteam.uplugin
LogPluginManager: Loaded Plugin OnlineSubsystemUtils, From C:/Program Files (x86)/Epic Games/4.14/Engine/Plugins/Online/OnlineSubsystemUtils/OnlineSubsystemUtils.uplugin
LogPluginManager: Loaded Plugin IOSTapJoy, From C:/Program Files (x86)/Epic Games/4.14/Engine/Plugins/Runtime/Advertising/IOSTapJoy/IOSTapJoy.uplugin
LogPluginManager: Loaded Plugin AnalyticsBlueprintLibrary, From C:/Program Files (x86)/Epic Games/4.14/Engine/Plugins/Runtime/Analytics/AnalyticsBlueprintLibrary/AnalyticsBlueprintLibrary.uplugin
LogPluginManager: Loaded Plugin AnalyticsMulticast, From C:/Program Files (x86)/Epic Games/4.14/Engine/Plugins/Runtime/Analytics/AnalyticsMulticast/AnalyticsMulticast.uplugin
LogPluginManager: Loaded Plugin Apsalar, From C:/Program Files (x86)/Epic Games/4.14/Engine/Plugins/Runtime/Analytics/Apsalar/Apsalar.uplugin
LogPluginManager: Loaded Plugin FileLogging, From C:/Program Files (x86)/Epic Games/4.14/Engine/Plugins/Runtime/Analytics/FileLogging/FileLogging.uplugin
LogPluginManager: Loaded Plugin Flurry, From C:/Program Files (x86)/Epic Games/4.14/Engine/Plugins/Runtime/Analytics/Flurry/Flurry.uplugin
LogPluginManager: Loaded Plugin AndroidDeviceProfileSelector, From C:/Program Files (x86)/Epic Games/4.14/Engine/Plugins/Runtime/AndroidDeviceProfileSelector/AndroidDeviceProfileSelector.uplugin
LogPluginManager: Loaded Plugin AndroidMoviePlayer, From C:/Program Files (x86)/Epic Games/4.14/Engine/Plugins/Runtime/AndroidMoviePlayer/AndroidMoviePlayer.uplugin
LogPluginManager: Loaded Plugin AppleMoviePlayer, From C:/Program Files (x86)/Epic Games/4.14/Engine/Plugins/Runtime/AppleMoviePlayer/AppleMoviePlayer.uplugin
LogPluginManager: Loaded Plugin ArchVisCharacter, From C:/Program Files (x86)/Epic Games/4.14/Engine/Plugins/Runtime/ArchVisCharacter/ArchVisCharacter.uplugin
LogPluginManager: Loaded Plugin CableComponent, From C:/Program Files (x86)/Epic Games/4.14/Engine/Plugins/Runtime/CableComponent/CableComponent.uplugin
LogPluginManager: Loaded Plugin CustomMeshComponent, From C:/Program Files (x86)/Epic Games/4.14/Engine/Plugins/Runtime/CustomMeshComponent/CustomMeshComponent.uplugin
LogPluginManager: Loaded Plugin ExampleDeviceProfileSelector, From C:/Program Files (x86)/Epic Games/4.14/Engine/Plugins/Runtime/ExampleDeviceProfileSelector/ExampleDeviceProfileSelector.uplugin
LogPluginManager: Loaded Plugin GearVR, From C:/Program Files (x86)/Epic Games/4.14/Engine/Plugins/Runtime/GearVR/GearVR.uplugin
LogPluginManager: Loaded Plugin GoogleVRController, From C:/Program Files (x86)/Epic Games/4.14/Engine/Plugins/Runtime/GoogleVR/GoogleVRController/GoogleVRController.uplugin
LogPluginManager: Loaded Plugin GoogleVRHMD, From C:/Program Files (x86)/Epic Games/4.14/Engine/Plugins/Runtime/GoogleVR/GoogleVRHMD/GoogleVRHMD.uplugin
LogPluginManager: Loaded Plugin IOSDeviceProfileSelector, From C:/Program Files (x86)/Epic Games/4.14/Engine/Plugins/Runtime/IOSDeviceProfileSelector/IOSDeviceProfileSelector.uplugin
LogPluginManager: Loaded Plugin LeapMotion, From C:/Program Files (x86)/Epic Games/4.14/Engine/Plugins/Runtime/LeapMotion/LeapMotion.uplugin
LogPluginManager: Loaded Plugin LinuxDeviceProfileSelector, From C:/Program Files (x86)/Epic Games/4.14/Engine/Plugins/Runtime/LinuxDeviceProfileSelector/LinuxDeviceProfileSelector.uplugin
LogPluginManager: Loaded Plugin MIDIDevice, From C:/Program Files (x86)/Epic Games/4.14/Engine/Plugins/Runtime/MIDIDevice/MIDIDevice.uplugin
LogPluginManager: Loaded Plugin MobilePatchingUtils, From C:/Program Files (x86)/Epic Games/4.14/Engine/Plugins/Runtime/MobilePatchingUtils/MobilePatchingUtils.uplugin
LogPluginManager: Loaded Plugin Ansel, From C:/Program Files (x86)/Epic Games/4.14/Engine/Plugins/Runtime/Nvidia/Ansel/Ansel.uplugin
LogPluginManager: Loaded Plugin OculusAudio, From C:/Program Files (x86)/Epic Games/4.14/Engine/Plugins/Runtime/OculusAudio/OculusAudio.uplugin
LogPluginManager: Loaded Plugin OculusInput, From C:/Program Files (x86)/Epic Games/4.14/Engine/Plugins/Runtime/OculusInput/OculusInput.uplugin
LogPluginManager: Loaded Plugin OculusLibrary, From C:/Program Files (x86)/Epic Games/4.14/Engine/Plugins/Runtime/OculusLibrary/OculusLibrary.uplugin
LogPluginManager: Loaded Plugin OculusRift, From C:/Program Files (x86)/Epic Games/4.14/Engine/Plugins/Runtime/OculusRift/OculusRift.uplugin
LogPluginManager: Loaded Plugin Oodle, From C:/Program Files (x86)/Epic Games/4.14/Engine/Plugins/Runtime/PacketHandlers/CompressionComponents/Oodle/Oodle.uplugin
LogPluginManager: Loaded Plugin ProceduralMeshComponent, From C:/Program Files (x86)/Epic Games/4.14/Engine/Plugins/Runtime/ProceduralMeshComponent/ProceduralMeshComponent.uplugin
LogPluginManager: Loaded Plugin SoundMod, From C:/Program Files (x86)/Epic Games/4.14/Engine/Plugins/Runtime/SoundMod/SoundMod.uplugin
LogPluginManager: Loaded Plugin SoundVisualizations, From C:/Program Files (x86)/Epic Games/4.14/Engine/Plugins/Runtime/SoundVisualizations/SoundVisualizations.uplugin
LogPluginManager: Loaded Plugin SteamController, From C:/Program Files (x86)/Epic Games/4.14/Engine/Plugins/Runtime/Steam/SteamController/SteamController.uplugin
LogPluginManager: Loaded Plugin SteamVR, From C:/Program Files (x86)/Epic Games/4.14/Engine/Plugins/Runtime/Steam/SteamVR/SteamVR.uplugin
LogPluginManager: Loaded Plugin WebBrowserWidget, From C:/Program Files (x86)/Epic Games/4.14/Engine/Plugins/Runtime/WebBrowserWidget/WebBrowserWidget.uplugin
LogPluginManager: Loaded Plugin WindowsDeviceProfileSelector, From C:/Program Files (x86)/Epic Games/4.14/Engine/Plugins/Runtime/WindowsDeviceProfileSelector/WindowsDeviceProfileSelector.uplugin
LogPluginManager: Loaded Plugin WindowsMoviePlayer, From C:/Program Files (x86)/Epic Games/4.14/Engine/Plugins/Runtime/WindowsMoviePlayer/WindowsMoviePlayer.uplugin
LogPluginManager: Loaded Plugin ScriptPlugin, From C:/Program Files (x86)/Epic Games/4.14/Engine/Plugins/ScriptPlugin/ScriptPlugin.uplugin
LogPluginManager: Loaded Plugin SlateRemote, From C:/Program Files (x86)/Epic Games/4.14/Engine/Plugins/Slate/SlateRemote/SlateRemote.uplugin
LogPluginManager: Loaded Plugin EditorTests, From C:/Program Files (x86)/Epic Games/4.14/Engine/Plugins/Tests/EditorTests/EditorTests.uplugin
LogPluginManager: Loaded Plugin FbxAutomationTestBuilder, From C:/Program Files (x86)/Epic Games/4.14/Engine/Plugins/Tests/FbxAutomationTestBuilder/FbxAutomationTestBuilder.uplugin
LogPluginManager: Loaded Plugin FunctionalTestingEditor, From C:/Program Files (x86)/Epic Games/4.14/Engine/Plugins/Tests/FunctionalTestingEditor/FunctionalTestingEditor.uplugin
LogPluginManager: Loaded Plugin RuntimeTests, From C:/Program Files (x86)/Epic Games/4.14/Engine/Plugins/Tests/RuntimeTests/RuntimeTests.uplugin
LogPluginManager: Loaded Plugin ScreenshotTools, From C:/Program Files (x86)/Epic Games/4.14/Engine/Plugins/Tests/ScreenshotTools/ScreenshotTools.uplugin
LogInit: Using libcurl 7.47.1
LogInit:  - built for x86_64-pc-win32
LogInit:  - supports SSL with OpenSSL/1.0.2g
LogInit:  - supports HTTP deflate (compression) using libz 1.2.8
LogInit:  - other features:
LogInit:      CURL_VERSION_SSL
LogInit:      CURL_VERSION_LIBZ
LogInit:      CURL_VERSION_IPV6
LogInit:      CURL_VERSION_ASYNCHDNS
LogInit:      CURL_VERSION_LARGEFILE
LogInit:      CURL_VERSION_IDN
LogInit:  CurlRequestOptions (configurable via config and command line):
LogInit:  - bVerifyPeer = false  - Libcurl will NOT verify peer certificate
LogInit:  - bUseHttpProxy = false  - Libcurl will NOT use HTTP proxy
LogInit:  - bDontReuseConnections = false  - Libcurl will reuse connections
LogInit:  - CertBundlePath = nullptr  - Libcurl will use whatever was configured at build time.
LogInit: Build: ++UE4+Release-4.14-CL-3249277
LogInit: Engine Version: 4.14.3-3249277+++UE4+Release-4.14
LogInit: Compatible Engine Version: 4.14.0-3195953+++UE4+Release-4.14
LogInit: Net CL: 3195953
LogDevObjectVersion: Number of dev versions registered: 13
LogDevObjectVersion:   Dev-Blueprints (B0D832E4-1F89-4F0D-ACCF-7EB736FD4AA2): 7
LogDevObjectVersion:   Dev-Build (E1C64328-A22C-4D53-A36C-8E866417BD8C): 0
LogDevObjectVersion:   Dev-Core (375EC13C-06E4-48FB-B500-84F0262A717E): 1
LogDevObjectVersion:   Dev-Editor (E4B068ED-F494-42E9-A231-DA0B2E46BB41): 8
LogDevObjectVersion:   Dev-Framework (CFFC743F-43B0-4480-9391-14DF171D2073): 17
LogDevObjectVersion:   Dev-Mobile (B02B49B5-BB20-44E9-A304-32B752E40360): 0
LogDevObjectVersion:   Dev-Networking (A4E4105C-59A1-49B5-A7C5-40C4547EDFEE): 0
LogDevObjectVersion:   Dev-Online (39C831C9-5AE6-47DC-9A44-9C173E1C8E7C): 0
LogDevObjectVersion:   Dev-Physics (78F01B33-EBEA-4F98-B9B4-84EACCB95AA2): 0
LogDevObjectVersion:   Dev-Platform (6631380F-2D4D-43E0-8009-CF276956A95A): 0
LogDevObjectVersion:   Dev-Rendering (12F88B9F-8875-4AFC-A67C-D90C383ABD29): 12
LogDevObjectVersion:   Dev-Sequencer (7B5AE74C-D270-4C10-A958-57980B212A5A): 1
LogDevObjectVersion:   Dev-VR (D7296918-1DD6-4BDD-9DE2-64A83CC13884): 0
LogInit: Compiled (64-bit): Jan  6 2017 10:49:43
LogInit: Compiled with Visual C++: 19.00.23026.00
LogInit: Build Configuration: Development
LogInit: Branch Name: ++UE4+Release-4.14
LogInit: Command line:  
LogInit: Base directory: C:/Program Files (x86)/Epic Games/4.14/Engine/Binaries/Win64/
LogInit: Installed Engine Build: 1
LogInit: Presizing for max 8388607 objects, including 0 objects not considered by GC, pre-allocating 0 bytes for permanent pool.
LogInit: Object subsystem initialized
[2017.03.08-22.46.33:482][  0]LogInit: Selected Device Profile: [Windows]
[2017.03.08-22.46.33:482][  0]LogInit: Applying CVar settings loaded from the selected device profile: [Windows]
[2017.03.08-22.46.33:825][  0]LogInit: Computer: THEPOWERPC
[2017.03.08-22.46.33:825][  0]LogInit: User: Anthony
[2017.03.08-22.46.33:825][  0]LogInit: CPU Page size=65536, Cores=2
[2017.03.08-22.46.33:825][  0]LogInit: High frequency timer resolution =1.607353 MHz
[2017.03.08-22.46.33:825][  0]LogMemory: Memory total: Physical=3.7GB (4GB approx)
[2017.03.08-22.46.33:825][  0]LogMemory: Platform Memory Stats for Windows
[2017.03.08-22.46.33:825][  0]LogMemory: Process Physical Memory: 264.27 MB used, 264.27 MB peak
[2017.03.08-22.46.33:825][  0]LogMemory: Process Virtual Memory: 262.71 MB used, 262.71 MB peak
[2017.03.08-22.46.33:825][  0]LogMemory: Physical Memory: 2831.05 MB used,  987.86 MB free, 3818.90 MB total
[2017.03.08-22.46.33:825][  0]LogMemory: Virtual Memory: 650.93 MB used,  987.86 MB free, 8388608.00 MB total
[2017.03.08-22.46.36:946][  0]LogTextLocalizationManager: No specific translations for ('en-US') exist, so ('en') translations will be used.
[2017.03.08-22.46.41:446][  0]LogD3D11RHI: D3D11 adapters:
[2017.03.08-22.46.42:347][  0]LogD3D11RHI:    0. 'AMD Radeon HD 6320 Graphics' (Feature Level 11_0)
[2017.03.08-22.46.42:347][  0]LogD3D11RHI:       250/0/1653 MB DedicatedVideo/DedicatedSystem/SharedSystem, Outputs:1, VendorId:0x1002
[2017.03.08-22.46.42:347][  0]LogD3D11RHI: Chosen D3D11 Adapter: 0
[2017.03.08-22.46.42:430][  0]LogD3D11RHI: Creating new Direct3DDevice
[2017.03.08-22.46.42:431][  0]LogD3D11RHI:     GPU DeviceId: 0x9806 (for the marketing name, search the web for "GPU Device Id")
[2017.03.08-22.46.42:431][  0]LogWindows: EnumDisplayDevices:
[2017.03.08-22.46.42:431][  0]LogWindows:    0. 'AMD Radeon HD 6320 Graphics' (P:1 D:1)
[2017.03.08-22.46.42:432][  0]LogWindows:    1. 'AMD Radeon HD 6320 Graphics' (P:0 D:0)
[2017.03.08-22.46.42:433][  0]LogWindows:    2. 'RDPDD Chained DD' (P:0 D:0)
[2017.03.08-22.46.42:434][  0]LogWindows:    3. 'RDP Encoder Mirror Driver' (P:0 D:0)
[2017.03.08-22.46.42:435][  0]LogWindows:    4. 'RDP Reflector Display Driver' (P:0 D:0)
[2017.03.08-22.46.42:436][  0]LogWindows: DebugString: GetVideoDriverDetailsInvalid PrimaryIsNotTheChoosenAdapter GetVideoDriverDetailsInvalid PrimaryIsNotTheChoosenAdapter GetVideoDriverDetailsInvalid PrimaryIsNotTheChoosenAdapter FoundDriverCount:2 
[2017.03.08-22.46.42:436][  0]LogD3D11RHI:     Adapter Name: AMD Radeon HD 6320 Graphics
[2017.03.08-22.46.42:436][  0]LogD3D11RHI:   Driver Version: Catalyst 15.7.1 (internal:15.200.1062.1004, unified:15.200.1062.1004)
[2017.03.08-22.46.42:436][  0]LogD3D11RHI:      Driver Date: 8-3-2015
[2017.03.08-22.46.42:436][  0]LogRHI: Texture pool is 175 MB (70% of 250 MB)
[2017.03.08-22.46.42:481][  0]LogD3D11RHI: Async texture creation enabled
[2017.03.08-22.46.42:830][  0]LogD3D11RHI: GPU Timing Frequency: 50.000000 (Debug: 2 2)
[2017.03.08-22.46.42:921][  0]LogShaderCompilers: Guid format shader working directory is -20 characters bigger than the processId version (../../../../../../Users/Anthony/Documents/GitHub/ChimeraGames/Abyss/Intermediate/Shaders/WorkingDirectory/69592/).
[2017.03.08-22.46.42:922][  0]LogShaderCompilers: Cleaned the shader compiler working directory 'C:/Users/Anthony/AppData/Local/Temp/UnrealShaderWorkingDir/1EC72EBC47AE113C59C53D979094E469/'.
[2017.03.08-22.46.42:944][  0]LogShaderCompilers:Display: Using Local Shader Compiler.
[2017.03.08-22.46.58:478][  0]LogTemp:Display: Loaded TP AllDesktopTargetPlatform
[2017.03.08-22.46.58:715][  0]LogTemp:Display: Loaded TP MacClientTargetPlatform
[2017.03.08-22.46.59:040][  0]LogTemp:Display: Loaded TP MacNoEditorTargetPlatform
[2017.03.08-22.46.59:329][  0]LogTemp:Display: Loaded TP MacServerTargetPlatform
[2017.03.08-22.46.59:624][  0]LogTemp:Display: Loaded TP MacTargetPlatform
[2017.03.08-22.46.59:876][  0]LogTemp:Display: Loaded TP WindowsClientTargetPlatform
[2017.03.08-22.47.00:152][  0]LogTemp:Display: Loaded TP WindowsNoEditorTargetPlatform
[2017.03.08-22.47.00:399][  0]LogTemp:Display: Loaded TP WindowsServerTargetPlatform
[2017.03.08-22.47.00:640][  0]LogTemp:Display: Loaded TP WindowsTargetPlatform
[2017.03.08-22.47.00:949][  0]LogTemp:Display: Loaded TP AndroidTargetPlatform
[2017.03.08-22.47.01:317][  0]LogTemp:Display: Loaded TP Android_ASTCTargetPlatform
[2017.03.08-22.47.01:598][  0]LogTemp:Display: Loaded TP Android_ATCTargetPlatform
[2017.03.08-22.47.01:883][  0]LogTemp:Display: Loaded TP Android_DXTTargetPlatform
[2017.03.08-22.47.02:155][  0]LogTemp:Display: Loaded TP Android_ETC1TargetPlatform
[2017.03.08-22.47.02:439][  0]LogTemp:Display: Loaded TP Android_ETC2TargetPlatform
[2017.03.08-22.47.03:025][  0]LogTemp:Display: Loaded TP Android_MultiTargetPlatform
[2017.03.08-22.47.03:026][  0]LogTemp:Display: Loaded TP Android_PVRTCTargetPlatform
[2017.03.08-22.47.03:219][  0]LogTemp:Display: Loaded TP HTML5TargetPlatform
[2017.03.08-22.47.03:722][  0]LogTemp:Display: Loaded TP IOSTargetPlatform
[2017.03.08-22.47.03:884][  0]LogTemp:Display: Loaded TP TVOSTargetPlatform
[2017.03.08-22.47.04:140][  0]LogTemp:Display: Loaded TP LinuxClientTargetPlatform
[2017.03.08-22.47.04:417][  0]LogTemp:Display: Loaded TP LinuxNoEditorTargetPlatform
[2017.03.08-22.47.04:662][  0]LogTemp:Display: Loaded TP LinuxServerTargetPlatform
[2017.03.08-22.47.04:948][  0]LogTemp:Display: Loaded TP LinuxTargetPlatform
[2017.03.08-22.47.04:949][  0]LogTargetPlatformManager:Display: Building Assets For Windows
[2017.03.08-22.47.12:043][  0]LogDerivedDataCache:Display: Max Cache Size: 512 MB
[2017.03.08-22.47.13:075][  0]LogDerivedDataCache: Loaded boot cache 1.03s 50MB C:/Users/Anthony/AppData/Local/UnrealEngine/4.14/DerivedDataCache/Boot.ddc.
[2017.03.08-22.47.13:075][  0]LogDerivedDataCache:Display: Loaded Boot cache: C:/Users/Anthony/AppData/Local/UnrealEngine/4.14/DerivedDataCache/Boot.ddc
[2017.03.08-22.47.13:075][  0]LogDerivedDataCache: FDerivedDataBackendGraph:  Pak pak cache file ../../../../../../Users/Anthony/Documents/GitHub/ChimeraGames/Abyss/DerivedDataCache/DDC.ddp not found, will not use a pak cache.
[2017.03.08-22.47.13:075][  0]LogDerivedDataCache: Unable to find inner node Pak for hierarchical cache Hierarchy.
[2017.03.08-22.47.13:075][  0]LogDerivedDataCache: FDerivedDataBackendGraph:  CompressedPak pak cache file ../../../../../../Users/Anthony/Documents/GitHub/ChimeraGames/Abyss/DerivedDataCache/Compressed.ddp not found, will not use a pak cache.
[2017.03.08-22.47.13:075][  0]LogDerivedDataCache: Unable to find inner node CompressedPak for hierarchical cache Hierarchy.
[2017.03.08-22.47.13:294][  0]LogDerivedDataCache:Display: Pak cache opened for reading ../../../Engine/DerivedDataCache/Compressed.ddp.
[2017.03.08-22.47.13:340][  0]LogDerivedDataCache: Using Local data cache path C:/Users/Anthony/AppData/Local/UnrealEngine/Common/DerivedDataCache: Writable
[2017.03.08-22.47.20:890][  0]LogInit: Selected Device Profile: [Windows]
[2017.03.08-22.47.21:156][  0]LogContentStreaming: Texture pool size is 0.00 MB
[2017.03.08-22.47.23:161][  0]LogMeshUtilities: Using QuadricMeshReduction for automatic static mesh reduction
[2017.03.08-22.47.23:721][  0]LogSimplygon: Simplygon DLL not present - disabling.
[2017.03.08-22.47.24:023][  0]LogMeshUtilities: Using SimplygonSwarm for distributed automatic mesh merging
[2017.03.08-22.47.24:023][  0]LogMeshUtilities: No automatic skeletal mesh reduction module available
[2017.03.08-22.47.24:023][  0]LogMeshUtilities: No automatic mesh merging module available
[2017.03.08-22.47.34:512][  0]LogNetVersion: GetLocalNetworkVersion: CL: 3195953, ProjectName: abyss, ProjectVersion: , EngineNetworkVersion: 2, GameNetworkVersion: 0, NetworkChecksum: 1595127573
[2017.03.08-22.47.35:235][  0]LogAssetRegistry: FAssetRegistry took 0.0293 seconds to start up
[2017.03.08-22.47.35:998][  0]LogPackageLocalizationCache: Processed 4 localized package path(s) for 2 prioritized culture(s) in 0.429860 seconds
[2017.03.08-22.47.36:024][  0]LogUObjectArray: 31890 objects as part of root set at end of initial load.
[2017.03.08-22.47.36:024][  0]LogUObjectAllocator: 6922368 out of 0 bytes used by permanent object pool.
[2017.03.08-22.47.36:024][  0]LogUObjectArray: CloseDisregardForGC: 0/0 objects in disregard for GC pool
[2017.03.08-22.47.36:457][  0]LogInit: WinSock: version 1.1 (2.2), MaxSocks=32767, MaxUdp=65467
[2017.03.08-22.47.52:734][  0]LogSlate: Using Freetype 2.6.0
[2017.03.08-22.47.52:863][  0]LogSlate: SlateFontCache - WITH_FREETYPE: 1, WITH_HARFBUZZ: 1
[2017.03.08-22.47.52:864][  0]LogSlate: SlateFontCache - WITH_FREETYPE: 1, WITH_HARFBUZZ: 1
[2017.03.08-22.48.39:622][  0]JavascriptCmd: Unreal.js started. V8 5.7.201
[2017.03.08-22.48.43:932][  0]LogMaterial: Uniform references updated for custom material expression Custom.
[2017.03.08-22.48.46:823][  0]SourceControl: Info Source control is disabled
[2017.03.08-22.48.57:867][  0]ImportText (YAxis): Missing opening parenthesis: 0.000000,1.000000,0.000000
[2017.03.08-22.48.57:867][  0]ImportText (ZAxis): Missing opening parenthesis: 0.000000,0.000000,1.000000
[2017.03.08-22.48.57:872][  0]ImportText (Rotation): Missing opening parenthesis: -90.000000,0.000000,0.000000
[2017.03.08-22.48.57:880][  0]ImportText (B): Missing opening parenthesis: 1.000000,1.000000,1.000000
[2017.03.08-22.49.02:124][  0]LogEngine: Initializing Engine...
[2017.03.08-22.49.10:299][  0]LogAIModule: Creating AISystem for world Untitled
[2017.03.08-22.49.11:950][  0]LogInit: XAudio2 using 'Speakers (Conexant High Definition Audio)' : 2 channels at 44.1 kHz using 16 bits per sample (channel mask 0x3)
[2017.03.08-22.49.12:436][  0]LogInit: FAudioDevice initialized.
[2017.03.08-22.49.12:564][  0]LogDerivedDataCache: Saved boot cache 0.12s 50MB C:/Users/Anthony/AppData/Local/UnrealEngine/4.14/DerivedDataCache/Boot.ddc.
[2017.03.08-22.49.12:608][  0]LogInit: Texture streaming: Enabled
[2017.03.08-22.49.15:526][  0]LogInit: Transaction tracking system initialized
[2017.03.08-22.49.20:406][  0]BlueprintLog: New page: Editor Load
[2017.03.08-22.49.32:244][  0]LocalizationService: Info Localization service is disabled
[2017.03.08-22.49.36:759][  0]LogModuleManager:Warning: No filename provided for module TcpMessaging
[2017.03.08-22.49.36:759][  0]LogModuleManager:Warning: ModuleManager: Unable to load module 'TcpMessaging' because the file 'C:/Program Files (x86)/Epic Games/4.14/Engine/Binaries/Win64/' was not found.
[2017.03.08-22.49.40:058][  0]LogConsoleResponse:Display: 
[2017.03.08-22.49.47:006][  0]LogFileCache: Scanning file cache for directory 'C:/Users/Anthony/Documents/GitHub/ChimeraGames/Abyss/Content/' took 0.11s
[2017.03.08-22.49.47:007][  0]LogCook:Display: Max memory allowance for cook 16384mb min free memory 0mb
[2017.03.08-22.49.47:038][  0]LogCook:Display: Mobile HDR setting 1
[2017.03.08-22.50.01:297][  0]Cmd: MAP LOAD FILE="../../../../../../Users/Anthony/Documents/GitHub/ChimeraGames/Abyss/Content/Maps-Levels/startMenu.umap" TEMPLATE=0 SHOWPROGRESS=1 FEATURELEVEL=3
[2017.03.08-22.50.01:442][  0]LightingResults: New page: Lighting Build
[2017.03.08-22.50.02:634][  0]MapCheck: New page: Map Check
[2017.03.08-22.50.02:635][  0]LightingResults: New page: Lighting Build
[2017.03.08-22.50.19:612][  0]LogTexture:Display: Building textures: Splash (BGRA8)
[2017.03.08-22.50.20:274][  0]LogAIModule: Creating AISystem for world startMenu
[2017.03.08-22.50.21:391][  0]LogEditorServer: Finished looking for orphan Actors (0.017 secs)
[2017.03.08-22.50.21:977][  0]Cmd: MAP CHECKDEP NOCLEARLOG
[2017.03.08-22.50.22:627][  0]MapCheck: Info Map check complete: 0 Error(s), 0 Warning(s), took 650.175ms to complete.
[2017.03.08-22.50.22:628][  0]LogFileHelpers: Loading map 'startMenu' took 21.380
[2017.03.08-22.50.40:081][  0]LogCollectionManager: Loaded 0 collections in 0.012272 seconds
[2017.03.08-22.50.45:193][  0]LogFileCache: Scanning file cache for directory 'C:/Users/Anthony/Documents/GitHub/ChimeraGames/Abyss/Saved/Collections/' took 0.01s
[2017.03.08-22.50.45:193][  0]LogFileCache: Scanning file cache for directory 'C:/Users/Anthony/Documents/GitHub/ChimeraGames/Abyss/Content/Developers/Anthony/Collections/' took 0.01s
[2017.03.08-22.50.45:193][  0]LogFileCache: Scanning file cache for directory 'C:/Users/Anthony/Documents/GitHub/ChimeraGames/Abyss/Content/Collections/' took 0.01s
[2017.03.08-22.50.45:194][  0]LogCollectionManager: Rebuilt the GUID cache for 0 collections in 0.000039 seconds
[2017.03.08-22.50.46:476][  0]LogContentBrowser: Native class hierarchy populated in 0.2818 seconds. Added 2245 classes and 411 folders.
[2017.03.08-22.50.47:865][  0]LogStats: UGameplayTagsManager::ConstructGameplayTagTree: Construct from data asset -  0.000 s
[2017.03.08-22.50.47:942][  0]LogStats: UGameplayTagsManager::ConstructGameplayTagTree: GameplayTagTreeChangedEvent.Broadcast -  0.077 s
[2017.03.08-22.50.47:990][  0]LogContentBrowser: Native class hierarchy updated for 'GameplayTags' in 0.0022 seconds. Added 13 classes and 0 folders.
[2017.03.08-22.50.49:013][  0]LogContentBrowser: Native class hierarchy updated for 'WidgetCarousel' in 0.0020 seconds. Added 0 classes and 0 folders.
[2017.03.08-22.50.56:512][  0]LogContentBrowser: Native class hierarchy updated for 'AddContentDialog' in 0.0026 seconds. Added 0 classes and 0 folders.
[2017.03.08-22.50.58:158][  0]LogContentBrowser: Native class hierarchy updated for 'SceneOutliner' in 0.0037 seconds. Added 1 classes and 2 folders.
[2017.03.08-22.51.08:650][  0]LogCrashTracker: Crashtracker disabled due to settings.
[2017.03.08-22.51.10:640][  0]LogUObjectGlobals:Warning: Failed to find object 'Class None.'
[2017.03.08-22.51.12:336][  0]LogContentBrowser: Native class hierarchy updated for 'HierarchicalLODOutliner' in 0.0024 seconds. Added 1 classes and 2 folders.
[2017.03.08-22.51.12:338][  0]LogLoad: (Engine Initialization) Total time: 301.69 seconds
[2017.03.08-22.51.12:338][  0]LogLoad: (Engine Initialization) Total Blueprint compile time: 5.01 seconds
[2017.03.08-22.51.12:437][  0]LogExternalProfiler: Found external profiler: VSPerf
[2017.03.08-22.51.12:437][  0]LogExternalProfiler: Using external profiler: VSPerf
[2017.03.08-22.51.16:096][  0]LogContentStreaming: Texture pool size now 1000 MB
[2017.03.08-22.51.25:460][  0]LogRenderer: Reallocating scene render targets to support 856x372 NumSamples 1 (Frame:2).
[2017.03.08-22.51.37:528][  1]LogFileCache: Retrieving MD5 hashes for directory 'C:/Users/Anthony/Documents/GitHub/ChimeraGames/Abyss/Content/' took 23.91s
[2017.03.08-22.51.54:244][  2]LogTexture:Display: Building textures: Enemy_Skeleton_Death (BGRA8)
[2017.03.08-22.51.54:357][  2]LogTexture:Display: Building textures: Enemy_Skeleton_Attack_Frame2 (BGRA8)
[2017.03.08-22.51.54:950][  2]LogTexture:Display: Building textures: Enemy_Skeleton_Idle_Frame2 (BGRA8)
[2017.03.08-22.52.07:574][  2]LogD3D11RHI: Timed out while waiting for GPU to catch up. (0.5 s)
[2017.03.08-22.52.07:574][  2]LogContentBrowser: Native class hierarchy updated for 'BlueprintGraph' in 0.0050 seconds. Added 111 classes and 0 folders.
[2017.03.08-22.53.02:076][ 55]LogAssetRegistry: Asset discovery search completed in 326.8675 seconds
[2017.03.08-22.53.02:099][ 55]LogCollectionManager: Rebuilt the object cache for 0 collections in 0.000003 seconds (found 0 objects)
[2017.03.08-22.53.02:099][ 55]LogCollectionManager: Fixed up redirectors for 0 collections in 0.001424 seconds (updated 0 objects)
[2017.03.08-22.53.05:914][131]LogTemp: Repeting last play command: Standalone Game
[2017.03.08-22.53.11:531][131]LogSavePackage: Save=2215.67ms
[2017.03.08-22.53.11:531][131]LogSavePackage: Moving '../../../../../../Users/Anthony/Documents/GitHub/ChimeraGames/Abyss/Saved/UEDPCstartMenu59CBD3534A1DA80194865C9B235810EF.tmp' to '../../../../../../Users/Anthony/Documents/GitHub/ChimeraGames/Abyss/Saved/Autosaves/Game/Maps-Levels/UEDPCstartMenu.umap'
[2017.03.08-22.53.11:538][131]LogSavePackage:Display: Finished SavePackage ../../../../../../Users/Anthony/Documents/GitHub/ChimeraGames/Abyss/Saved/Autosaves/Game/Maps-Levels/UEDPCstartMenu.umap
[2017.03.08-22.53.11:656][131]LogEditorTransaction: Undo Spawn Play From Here Start
[2017.03.08-22.55.29:407][351]LogD3D11RHI: Timed out while waiting for GPU to catch up. (500 ms)
[2017.03.08-22.55.29:989][352]LogD3D11RHI: Timed out while waiting for GPU to catch up. (500 ms)
[2017.03.08-22.55.30:490][353]LogD3D11RHI: Timed out while waiting for GPU to catch up. (500 ms)
[2017.03.08-22.55.31:298][354]LogD3D11RHI: Timed out while waiting for GPU to catch up. (500 ms)
[2017.03.08-22.55.31:556][355]LogD3D11RHI: Timed out while waiting for GPU to catch up. (500 ms)
[2017.03.08-22.55.32:247][356]LogD3D11RHI: Timed out while waiting for GPU to catch up. (500 ms)
[2017.03.08-22.55.32:749][357]LogD3D11RHI: Timed out while waiting for GPU to catch up. (500 ms)
[2017.03.08-22.55.33:250][358]LogD3D11RHI: Timed out while waiting for GPU to catch up. (500 ms)
[2017.03.08-22.55.33:750][359]LogD3D11RHI: Timed out while waiting for GPU to catch up. (500 ms)
[2017.03.08-22.55.34:250][360]LogD3D11RHI: Timed out while waiting for GPU to catch up. (500 ms)
[2017.03.08-22.55.34:754][361]LogD3D11RHI: Timed out while waiting for GPU to catch up. (500 ms)
[2017.03.08-22.55.35:252][362]LogD3D11RHI: Timed out while waiting for GPU to catch up. (500 ms)
[2017.03.08-22.55.35:846][363]LogD3D11RHI: Timed out while waiting for GPU to catch up. (500 ms)
[2017.03.08-22.55.36:253][364]LogD3D11RHI: Timed out while waiting for GPU to catch up. (500 ms)
[2017.03.08-22.55.36:754][365]LogD3D11RHI: Timed out while waiting for GPU to catch up. (500 ms)
[2017.03.08-22.55.37:254][366]LogD3D11RHI: Timed out while waiting for GPU to catch up. (500 ms)
[2017.03.08-22.55.37:754][367]LogD3D11RHI: Timed out while waiting for GPU to catch up. (500 ms)
[2017.03.08-22.55.38:254][368]LogD3D11RHI: Timed out while waiting for GPU to catch up. (500 ms)
[2017.03.08-22.55.38:755][369]LogD3D11RHI: Timed out while waiting for GPU to catch up. (500 ms)
[2017.03.08-22.55.40:492][375]LogD3D11RHI: Timed out while waiting for GPU to catch up. (500 ms)
[2017.03.08-22.55.40:866][376]LogD3D11RHI: Timed out while waiting for GPU to catch up. (500 ms)
[2017.03.08-22.55.41:470][377]LogD3D11RHI: Timed out while waiting for GPU to catch up. (500 ms)
[2017.03.08-22.55.41:867][378]LogD3D11RHI: Timed out while waiting for GPU to catch up. (500 ms)
[2017.03.08-22.55.42:367][379]LogD3D11RHI: Timed out while waiting for GPU to catch up. (500 ms)
[2017.03.08-22.55.42:867][380]LogD3D11RHI: Timed out while waiting for GPU to catch up. (500 ms)
[2017.03.08-22.55.43:368][381]LogD3D11RHI: Timed out while waiting for GPU to catch up. (500 ms)
[2017.03.08-23.00.06:102][249]LogAIModule: Creating AISystem for world Fort_Exploration1
[2017.03.08-23.00.07:392][249]Cmd: MAP LOAD FILE="../../../../../../Users/Anthony/Documents/GitHub/ChimeraGames/Abyss/Content/Maps-Levels/Fort/Exploration/Fort_Exploration1.umap" TEMPLATE=0 SHOWPROGRESS=1 FEATURELEVEL=3
[2017.03.08-23.00.07:395][249]LightingResults: New page: Lighting Build
[2017.03.08-23.00.07:399][249]LoadErrors: New page: Loading map: Fort_Exploration1.umap
[2017.03.08-23.00.07:416][249]MapCheck: New page: Map Check
[2017.03.08-23.00.07:416][249]LightingResults: New page: Lighting Build
[2017.03.08-23.00.08:066][249]LogEditorServer: Finished looking for orphan Actors (0.000 secs)
[2017.03.08-23.00.08:477][249]Cmd: MAP CHECKDEP NOCLEARLOG
[2017.03.08-23.00.08:897][249]MapCheck: Info Map check complete: 0 Error(s), 0 Warning(s), took 420.236ms to complete.
[2017.03.08-23.00.08:925][249]LogFileHelpers: Loading map 'Fort_Exploration1' took 1.639
[2017.03.08-23.00.18:828][494]LogEditorViewport: Clicking Background
[2017.03.08-23.01.15:741][983]LogEditorViewport: Clicking on Actor (LMB): PaperTileMapActor (Fort_TileMap)
[2017.03.08-23.01.19:528][  2]LogEditorViewport: Clicking Background
[2017.03.08-23.02.06:837][551]LogEditorViewport: Clicking on Actor (LMB): PaperTileMapActor (Fort_TileMap)
[2017.03.08-23.02.10:839][599]LogRenderer: Reallocating scene render targets to support 856x612 NumSamples 1 (Frame:4886).
[2017.03.08-23.02.44:362][ 73]LogEditorViewport: Clicking Background
[2017.03.08-23.03.14:982][824]LogTemp: Repeting last play command: Standalone Game
[2017.03.08-23.03.18:789][824]LogSavePackage: Save=96.11ms
[2017.03.08-23.03.18:789][824]LogSavePackage: Moving '../../../../../../Users/Anthony/Documents/GitHub/ChimeraGames/Abyss/Saved/Fort_TileMap8F4828AB416A84EE971C39AC51B3C4C1.tmp' to '../../../../../../Users/Anthony/Documents/GitHub/ChimeraGames/Abyss/Content/Maps-Levels/Fort/Exploration/Fort_TileMap.uasset'
[2017.03.08-23.03.18:837][824]LogSavePackage:Display: Finished SavePackage ../../../../../../Users/Anthony/Documents/GitHub/ChimeraGames/Abyss/Content/Maps-Levels/Fort/Exploration/Fort_TileMap.uasset
[2017.03.08-23.03.20:970][824]LogSavePackage: Save=1140.47ms
[2017.03.08-23.03.20:970][824]LogSavePackage: Moving '../../../../../../Users/Anthony/Documents/GitHub/ChimeraGames/Abyss/Saved/UEDPCFort_Exploration1A3158A5D48925802C586A8A8EE73A224.tmp' to '../../../../../../Users/Anthony/Documents/GitHub/ChimeraGames/Abyss/Saved/Autosaves/Game/Maps-Levels/Fort/Exploration/UEDPCFort_Exploration1.umap'
[2017.03.08-23.03.20:976][824]LogSavePackage:Display: Finished SavePackage ../../../../../../Users/Anthony/Documents/GitHub/ChimeraGames/Abyss/Saved/Autosaves/Game/Maps-Levels/Fort/Exploration/UEDPCFort_Exploration1.umap
[2017.03.08-23.03.21:000][824]LogEditorTransaction: Undo Spawn Play From Here Start
[2017.03.08-23.03.24:497][897]LogTemp: Repeting last play command: Standalone Game
[2017.03.08-23.03.27:467][897]LogSavePackage: Save=848.49ms
[2017.03.08-23.03.27:467][897]LogSavePackage: Moving '../../../../../../Users/Anthony/Documents/GitHub/ChimeraGames/Abyss/Saved/UEDPCFort_Exploration196E11B0A4C10A1BFB4E7539CD43A8D71.tmp' to '../../../../../../Users/Anthony/Documents/GitHub/ChimeraGames/Abyss/Saved/Autosaves/Game/Maps-Levels/Fort/Exploration/UEDPCFort_Exploration1.umap'
[2017.03.08-23.03.27:471][897]LogSavePackage:Display: Finished SavePackage ../../../../../../Users/Anthony/Documents/GitHub/ChimeraGames/Abyss/Saved/Autosaves/Game/Maps-Levels/Fort/Exploration/UEDPCFort_Exploration1.umap
[2017.03.08-23.03.27:488][897]LogEditorTransaction: Undo Spawn Play From Here Start
[2017.03.08-23.08.29:998][742]LogD3D11RHI: Timed out while waiting for GPU to catch up. (0.5 s)
[2017.03.08-23.08.41:221][926]LogSavePackage: Save=89.34ms
[2017.03.08-23.08.41:221][926]LogSavePackage: Moving '../../../../../../Users/Anthony/Documents/GitHub/ChimeraGames/Abyss/Saved/Fort_TileMapE3AA15E6482BDE16C0DF90BE78CD866E.tmp' to '../../../../../../Users/Anthony/Documents/GitHub/ChimeraGames/Abyss/Content/Maps-Levels/Fort/Exploration/Fort_TileMap.uasset'
[2017.03.08-23.08.41:225][926]LogSavePackage:Display: Finished SavePackage ../../../../../../Users/Anthony/Documents/GitHub/ChimeraGames/Abyss/Content/Maps-Levels/Fort/Exploration/Fort_TileMap.uasset
[2017.03.08-23.08.56:162][252]LogEditorViewport: Clicking on Actor (LMB): PaperTileMapActor (Fort_TileMap)
[2017.03.08-23.08.57:214][271]LogEditorViewport: Clicking on Actor (LMB): PaperTileMapActor (Fort_TileMap3)
[2017.03.08-23.09.05:305][454]LogEditorViewport: Clicking Background
[2017.03.08-23.09.15:303][713]LogBlueprintUserMessages: Early PlayInEditor Detection: Level '/Game/Maps-Levels/Fort/Exploration/Fort_Exploration1.Fort_Exploration1:PersistentLevel' has LevelScriptBlueprint '/Game/Maps-Levels/Fort/Exploration/Fort_Exploration1.Fort_Exploration1:PersistentLevel.Fort_Exploration1' with GeneratedClass '/Game/Maps-Levels/Fort/Exploration/Fort_Exploration1.Fort_Exploration1_C' with ClassGeneratedBy '/Game/Maps-Levels/Fort/Exploration/Fort_Exploration1.Fort_Exploration1:PersistentLevel.Fort_Exploration1'
[2017.03.08-23.09.15:337][713]LogPlayLevel: PlayLevel: No blueprints needed recompiling
[2017.03.08-23.09.15:476][713]PIE: New page: PIE session: Fort_Exploration1 (Mar 8, 2017, 1:09:15 PM)
[2017.03.08-23.09.15:539][713]LogPlayLevel: Creating play world package: /Game/Maps-Levels/Fort/Exploration/UEDPIE_0_Fort_Exploration1
[2017.03.08-23.09.15:698][713]LogPlayLevel: PIE: StaticDuplicateObject took: (0.158243s)
[2017.03.08-23.09.15:702][713]LogAIModule: Creating AISystem for world Fort_Exploration1
[2017.03.08-23.09.15:703][713]LogPlayLevel: PIE: World Init took: (0.004404s)
[2017.03.08-23.09.15:720][713]LogPlayLevel: PIE: Created PIE world by copying editor world from /Game/Maps-Levels/Fort/Exploration/Fort_Exploration1.Fort_Exploration1 to /Game/Maps-Levels/Fort/Exploration/UEDPIE_0_Fort_Exploration1.Fort_Exploration1 (0.214652s)
[2017.03.08-23.09.16:263][713]LogInit: XAudio2 using 'Speakers (Conexant High Definition Audio)' : 2 channels at 44.1 kHz using 16 bits per sample (channel mask 0x3)
[2017.03.08-23.09.16:289][713]LogInit: FAudioDevice initialized.
[2017.03.08-23.09.16:558][713]LogLoad: Game class is 'abyssExplorationMode_C'
[2017.03.08-23.09.16:570][713]LogWorld: Bringing World /Game/Maps-Levels/Fort/Exploration/UEDPIE_0_Fort_Exploration1.Fort_Exploration1 up for play (max tick rate 60) at 2017.03.08-18.09.16
[2017.03.08-23.09.16:574][713]LogWorld: Bringing up level for play took: 0.013866
[2017.03.08-23.09.16:785][713]LogContentBrowser: Native class hierarchy updated for 'MovieSceneCapture' in 0.0021 seconds. Added 11 classes and 0 folders.
[2017.03.08-23.09.16:797][713]PIE: Info Play in editor start time for /Game/Maps-Levels/Fort/Exploration/UEDPIE_0_Fort_Exploration1 1.865
[2017.03.08-23.09.16:798][713]LogBlueprintUserMessages: Late PlayInEditor Detection: Level '/Game/Maps-Levels/Fort/Exploration/Fort_Exploration1.Fort_Exploration1:PersistentLevel' has LevelScriptBlueprint '/Game/Maps-Levels/Fort/Exploration/Fort_Exploration1.Fort_Exploration1:PersistentLevel.Fort_Exploration1' with GeneratedClass '/Game/Maps-Levels/Fort/Exploration/Fort_Exploration1.Fort_Exploration1_C' with ClassGeneratedBy '/Game/Maps-Levels/Fort/Exploration/Fort_Exploration1.Fort_Exploration1:PersistentLevel.Fort_Exploration1'
[2017.03.08-23.09.25:324][821]LogNet: Browse: /Game/Maps-Levels/Fort_Battle
[2017.03.08-23.09.25:324][821]LogLoad: LoadMap: /Game/Maps-Levels/Fort_Battle
[2017.03.08-23.09.25:908][821]Cmd: MEM
[2017.03.08-23.09.26:427][821]LogMemory: Platform Memory Stats for Windows
[2017.03.08-23.09.26:427][821]LogMemory: Process Physical Memory: 1181.94 MB used, 1212.92 MB peak
[2017.03.08-23.09.26:427][821]LogMemory: Process Virtual Memory: 1099.81 MB used, 1101.32 MB peak
[2017.03.08-23.09.26:427][821]LogMemory: Physical Memory: 2738.25 MB used,  1080.66 MB free, 3818.90 MB total
[2017.03.08-23.09.26:427][821]LogMemory: Virtual Memory: 2378.83 MB used,  1080.66 MB free, 8388608.00 MB total
[2017.03.08-23.09.26:427][821]LogMemory: 
[2017.03.08-23.09.26:427][821]Allocator Stats for TBB: (not implemented)
[2017.03.08-23.09.27:779][821]LogStats: FPlatformStackWalk::StackWalkAndDump -  0.394 s
[2017.03.08-23.09.27:779][821]LogOutputDevice:Error: === Handled ensure: ===
[2017.03.08-23.09.27:779][821]LogOutputDevice:Error: 
[2017.03.08-23.09.27:780][821]LogOutputDevice:Error: Ensure condition failed: IsObjectValidForDatabase(AssetObject) [File:D:\Build\++UE4+Release-4.14+Compile\Sync\Engine\Source\Editor\BlueprintGraph\Private\BlueprintActionDatabase.cpp] [Line: 1263]
[2017.03.08-23.09.27:780][821]LogOutputDevice:Error: 
[2017.03.08-23.09.27:780][821]LogOutputDevice:Error: Stack: 
[2017.03.08-23.09.27:780][821]LogOutputDevice:Error: UE4Editor-Core.dll
[2017.03.08-23.09.27:780][821]LogOutputDevice:Error: UE4Editor-Core.dll
[2017.03.08-23.09.27:780][821]LogOutputDevice:Error: UE4Editor-Core.dll
[2017.03.08-23.09.27:780][821]LogOutputDevice:Error: UE4Editor-BlueprintGraph.dll
[2017.03.08-23.09.27:780][821]LogOutputDevice:Error: UE4Editor-BlueprintGraph.dll
[2017.03.08-23.09.27:780][821]LogOutputDevice:Error: UE4Editor-CoreUObject.dll
[2017.03.08-23.09.27:780][821]LogOutputDevice:Error: UE4Editor-CoreUObject.dll
[2017.03.08-23.09.27:780][821]LogOutputDevice:Error: UE4Editor-CoreUObject.dll
[2017.03.08-23.09.27:780][821]LogOutputDevice:Error: UE4Editor-CoreUObject.dll
[2017.03.08-23.09.27:780][821]LogOutputDevice:Error: UE4Editor-Engine.dll
[2017.03.08-23.09.27:780][821]LogOutputDevice:Error: UE4Editor-Engine.dll
[2017.03.08-23.09.27:780][821]LogOutputDevice:Error: UE4Editor-Engine.dll
[2017.03.08-23.09.27:781][821]LogOutputDevice:Error: UE4Editor-UnrealEd.dll
[2017.03.08-23.09.27:781][821]LogOutputDevice:Error: UE4Editor-UnrealEd.dll
[2017.03.08-23.09.27:781][821]LogOutputDevice:Error: UE4Editor.exe
[2017.03.08-23.09.27:781][821]LogOutputDevice:Error: UE4Editor.exe
[2017.03.08-23.09.27:781][821]LogOutputDevice:Error: UE4Editor.exe
[2017.03.08-23.09.27:781][821]LogOutputDevice:Error: UE4Editor.exe
[2017.03.08-23.09.27:781][821]LogOutputDevice:Error: UE4Editor.exe
[2017.03.08-23.09.27:781][821]LogOutputDevice:Error: kernel32.dll
[2017.03.08-23.09.27:781][821]LogOutputDevice:Error: ntdll.dll
[2017.03.08-23.09.27:781][821]LogOutputDevice:Error: 
[2017.03.08-23.09.27:791][821]LogStats:                SubmitErrorReport -  0.000 s
