Log file open, 03/03/17 18:01:42
LogInit:Display: Running engine for game: Abyss
LogPlatformFile: Not using cached read wrapper
LogInit:Display: RandInit(280920809) SRandInit(280920809).
LogTaskGraph: Started task graph with 5 named threads and 6 total threads with 1 sets of task threads.
LogStats: Stats thread started at 4.989999
LogPluginManager: Loaded Plugin Paper2D, From C:/Program Files (x86)/Epic Games/4.14/Engine/Plugins/2D/Paper2D/Paper2D.uplugin
LogPluginManager: Loaded Plugin LightPropagationVolume, From C:/Program Files (x86)/Epic Games/4.14/Engine/Plugins/Blendables/LightPropagationVolume/LightPropagationVolume.uplugin
LogPluginManager: Loaded Plugin BlankPlugin, From C:/Program Files (x86)/Epic Games/4.14/Engine/Plugins/Developer/BlankPlugin/BlankPlugin.uplugin
LogPluginManager: Loaded Plugin CodeLiteSourceCodeAccess, From C:/Program Files (x86)/Epic Games/4.14/Engine/Plugins/Developer/CodeLiteSourceCodeAccess/CodeLiteSourceCodeAccess.uplugin
LogPluginManager: Loaded Plugin GitSourceControl, From C:/Program Files (x86)/Epic Games/4.14/Engine/Plugins/Developer/GitSourceControl/GitSourceControl.uplugin
LogPluginManager: Loaded Plugin KDevelopSourceCodeAccess, From C:/Program Files (x86)/Epic Games/4.14/Engine/Plugins/Developer/KDevelopSourceCodeAccess/KDevelopSourceCodeAccess.uplugin
LogPluginManager: Loaded Plugin NullSourceCodeAccess, From C:/Program Files (x86)/Epic Games/4.14/Engine/Plugins/Developer/NullSourceCodeAccess/NullSourceCodeAccess.uplugin
LogPluginManager: Loaded Plugin OneSkyLocalizationService, From C:/Program Files (x86)/Epic Games/4.14/Engine/Plugins/Developer/OneSkyLocalizationService/OneSkyLocalizationService.uplugin
LogPluginManager: Loaded Plugin PerforceSourceControl, From C:/Program Files (x86)/Epic Games/4.14/Engine/Plugins/Developer/PerforceSourceControl/PerforceSourceControl.uplugin
LogPluginManager: Loaded Plugin SubversionSourceControl, From C:/Program Files (x86)/Epic Games/4.14/Engine/Plugins/Developer/SubversionSourceControl/SubversionSourceControl.uplugin
LogPluginManager: Loaded Plugin UObjectPlugin, From C:/Program Files (x86)/Epic Games/4.14/Engine/Plugins/Developer/UObjectPlugin/UObjectPlugin.uplugin
LogPluginManager: Loaded Plugin VisualStudioSourceCodeAccess, From C:/Program Files (x86)/Epic Games/4.14/Engine/Plugins/Developer/VisualStudioSourceCodeAccess/VisualStudioSourceCodeAccess.uplugin
LogPluginManager: Loaded Plugin XCodeSourceCodeAccess, From C:/Program Files (x86)/Epic Games/4.14/Engine/Plugins/Developer/XCodeSourceCodeAccess/XCodeSourceCodeAccess.uplugin
LogPluginManager: Loaded Plugin AudioCapture, From C:/Program Files (x86)/Epic Games/4.14/Engine/Plugins/Editor/AudioCapture/AudioCapture.uplugin
LogPluginManager: Loaded Plugin EpicSurvey, From C:/Program Files (x86)/Epic Games/4.14/Engine/Plugins/Editor/EpicSurvey/EpicSurvey.uplugin
LogPluginManager: Loaded Plugin MacGraphicsSwitching, From C:/Program Files (x86)/Epic Games/4.14/Engine/Plugins/Editor/MacGraphicsSwitching/MacGraphicsSwitching.uplugin
LogPluginManager: Loaded Plugin MobileLauncherProfileWizard, From C:/Program Files (x86)/Epic Games/4.14/Engine/Plugins/Editor/MobileLauncherProfileWizard/MobileLauncherProfileWizard.uplugin
LogPluginManager: Loaded Plugin PluginBrowser, From C:/Program Files (x86)/Epic Games/4.14/Engine/Plugins/Editor/PluginBrowser/PluginBrowser.uplugin
LogPluginManager: Loaded Plugin SpeedTreeImporter, From C:/Program Files (x86)/Epic Games/4.14/Engine/Plugins/Editor/SpeedTreeImporter/SpeedTreeImporter.uplugin
LogPluginManager: Loaded Plugin SuperSearchEditor, From C:/Program Files (x86)/Epic Games/4.14/Engine/Plugins/Editor/SuperSearchEditor/SuperSearchEditor.uplugin
LogPluginManager: Loaded Plugin AlembicImporter, From C:/Program Files (x86)/Epic Games/4.14/Engine/Plugins/Experimental/AlembicImporter/AlembicImporter.uplugin
LogPluginManager: Loaded Plugin BlueprintStats, From C:/Program Files (x86)/Epic Games/4.14/Engine/Plugins/Experimental/BlueprintStats/BlueprintStats.uplugin
LogPluginManager: Loaded Plugin CharacterAI, From C:/Program Files (x86)/Epic Games/4.14/Engine/Plugins/Experimental/CharacterAI/CharacterAI.uplugin
LogPluginManager: Loaded Plugin CodeEditor, From C:/Program Files (x86)/Epic Games/4.14/Engine/Plugins/Experimental/CodeEditor/CodeEditor.uplugin
LogPluginManager: Loaded Plugin CodeView, From C:/Program Files (x86)/Epic Games/4.14/Engine/Plugins/Experimental/CodeView/CodeView.uplugin
LogPluginManager: Loaded Plugin HTML5Networking, From C:/Program Files (x86)/Epic Games/4.14/Engine/Plugins/Experimental/HTML5Networking/HTML5Networking.uplugin
LogPluginManager: Loaded Plugin OSVR, From C:/Program Files (x86)/Epic Games/4.14/Engine/Plugins/Experimental/OSVR/OSVR.uplugin
LogPluginManager: Loaded Plugin Phya, From C:/Program Files (x86)/Epic Games/4.14/Engine/Plugins/Experimental/Phya/Phya.uplugin
LogPluginManager: Loaded Plugin SignificanceManager, From C:/Program Files (x86)/Epic Games/4.14/Engine/Plugins/Experimental/SignificanceManager/SignificanceManager.uplugin
LogPluginManager: Loaded Plugin SimpleHMD, From C:/Program Files (x86)/Epic Games/4.14/Engine/Plugins/Experimental/SimpleHMD/SimpleHMD.uplugin
LogPluginManager: Loaded Plugin StereoPanorama, From C:/Program Files (x86)/Epic Games/4.14/Engine/Plugins/Experimental/StereoPanorama/StereoPanorama.uplugin
LogPluginManager: Loaded Plugin StructBox, From C:/Program Files (x86)/Epic Games/4.14/Engine/Plugins/Experimental/StructBox/StructBox.uplugin
LogPluginManager: Loaded Plugin HGGifImporter, From C:/Program Files (x86)/Epic Games/4.14/Engine/Plugins/Marketplace/HGGifImporter/HGGifImporter.uplugin
LogPluginManager: Loaded Plugin MidiAsset, From C:/Program Files (x86)/Epic Games/4.14/Engine/Plugins/Marketplace/MidiAsset/MidiAsset.uplugin
LogPluginManager: Loaded Plugin UnrealJS, From C:/Program Files (x86)/Epic Games/4.14/Engine/Plugins/Marketplace/UnrealJS/UnrealJS.uplugin
LogPluginManager: Loaded Plugin AndroidMedia, From C:/Program Files (x86)/Epic Games/4.14/Engine/Plugins/Media/AndroidMedia/AndroidMedia.uplugin
LogPluginManager: Loaded Plugin AvfMedia, From C:/Program Files (x86)/Epic Games/4.14/Engine/Plugins/Media/AvfMedia/AvfMedia.uplugin
LogPluginManager: Loaded Plugin MediaPlayerEditor, From C:/Program Files (x86)/Epic Games/4.14/Engine/Plugins/Media/MediaPlayerEditor/MediaPlayerEditor.uplugin
LogPluginManager: Loaded Plugin WmfMedia, From C:/Program Files (x86)/Epic Games/4.14/Engine/Plugins/Media/WmfMedia/WmfMedia.uplugin
LogPluginManager: Loaded Plugin MessagingDebugger, From C:/Program Files (x86)/Epic Games/4.14/Engine/Plugins/Messaging/MessagingDebugger/MessagingDebugger.uplugin
LogPluginManager: Loaded Plugin TcpMessaging, From C:/Program Files (x86)/Epic Games/4.14/Engine/Plugins/Messaging/TcpMessaging/TcpMessaging.uplugin
LogPluginManager: Loaded Plugin UdpMessaging, From C:/Program Files (x86)/Epic Games/4.14/Engine/Plugins/Messaging/UdpMessaging/UdpMessaging.uplugin
LogPluginManager: Loaded Plugin LevelSequenceEditor, From C:/Program Files (x86)/Epic Games/4.14/Engine/Plugins/MovieScene/LevelSequenceEditor/LevelSequenceEditor.uplugin
LogPluginManager: Loaded Plugin MatineeToLevelSequence, From C:/Program Files (x86)/Epic Games/4.14/Engine/Plugins/MovieScene/MatineeToLevelSequence/MatineeToLevelSequence.uplugin
LogPluginManager: Loaded Plugin NetcodeUnitTest, From C:/Program Files (x86)/Epic Games/4.14/Engine/Plugins/NetcodeUnitTest/NetcodeUnitTest/NetcodeUnitTest.uplugin
LogPluginManager: Loaded Plugin NUTUnrealEngine4, From C:/Program Files (x86)/Epic Games/4.14/Engine/Plugins/NetcodeUnitTest/NUTUnrealEngine4/NUTUnrealEngine4.uplugin
LogPluginManager: Loaded Plugin OnlineSubsystemGameCircle, From C:/Program Files (x86)/Epic Games/4.14/Engine/Plugins/Online/Android/OnlineSubsystemGameCircle/OnlineSubsystemGameCircle.uplugin
LogPluginManager: Loaded Plugin OnlineSubsystemGooglePlay, From C:/Program Files (x86)/Epic Games/4.14/Engine/Plugins/Online/Android/OnlineSubsystemGooglePlay/OnlineSubsystemGooglePlay.uplugin
LogPluginManager: Loaded Plugin OnlineSubsystemIOS, From C:/Program Files (x86)/Epic Games/4.14/Engine/Plugins/Online/IOS/OnlineSubsystemIOS/OnlineSubsystemIOS.uplugin
LogPluginManager: Loaded Plugin OnlineFramework, From C:/Program Files (x86)/Epic Games/4.14/Engine/Plugins/Online/OnlineFramework/OnlineFramework.uplugin
LogPluginManager: Loaded Plugin OnlineSubsystem, From C:/Program Files (x86)/Epic Games/4.14/Engine/Plugins/Online/OnlineSubsystem/OnlineSubsystem.uplugin
LogPluginManager: Loaded Plugin OnlineSubsystemAmazon, From C:/Program Files (x86)/Epic Games/4.14/Engine/Plugins/Online/OnlineSubsystemAmazon/OnlineSubsystemAmazon.uplugin
LogPluginManager: Loaded Plugin OnlineSubsystemFacebook, From C:/Program Files (x86)/Epic Games/4.14/Engine/Plugins/Online/OnlineSubsystemFacebook/OnlineSubsystemFacebook.uplugin
LogPluginManager: Loaded Plugin OnlineSubsystemNull, From C:/Program Files (x86)/Epic Games/4.14/Engine/Plugins/Online/OnlineSubsystemNull/OnlineSubsystemNull.uplugin
LogPluginManager: Loaded Plugin OnlineSubsystemOculus, From C:/Program Files (x86)/Epic Games/4.14/Engine/Plugins/Online/OnlineSubsystemOculus/OnlineSubsystemOculus.uplugin
LogPluginManager: Loaded Plugin OnlineSubsystemSteam, From C:/Program Files (x86)/Epic Games/4.14/Engine/Plugins/Online/OnlineSubsystemSteam/OnlineSubsystemSteam.uplugin
LogPluginManager: Loaded Plugin OnlineSubsystemUtils, From C:/Program Files (x86)/Epic Games/4.14/Engine/Plugins/Online/OnlineSubsystemUtils/OnlineSubsystemUtils.uplugin
LogPluginManager: Loaded Plugin IOSTapJoy, From C:/Program Files (x86)/Epic Games/4.14/Engine/Plugins/Runtime/Advertising/IOSTapJoy/IOSTapJoy.uplugin
LogPluginManager: Loaded Plugin AnalyticsBlueprintLibrary, From C:/Program Files (x86)/Epic Games/4.14/Engine/Plugins/Runtime/Analytics/AnalyticsBlueprintLibrary/AnalyticsBlueprintLibrary.uplugin
LogPluginManager: Loaded Plugin AnalyticsMulticast, From C:/Program Files (x86)/Epic Games/4.14/Engine/Plugins/Runtime/Analytics/AnalyticsMulticast/AnalyticsMulticast.uplugin
LogPluginManager: Loaded Plugin Apsalar, From C:/Program Files (x86)/Epic Games/4.14/Engine/Plugins/Runtime/Analytics/Apsalar/Apsalar.uplugin
LogPluginManager: Loaded Plugin FileLogging, From C:/Program Files (x86)/Epic Games/4.14/Engine/Plugins/Runtime/Analytics/FileLogging/FileLogging.uplugin
LogPluginManager: Loaded Plugin Flurry, From C:/Program Files (x86)/Epic Games/4.14/Engine/Plugins/Runtime/Analytics/Flurry/Flurry.uplugin
LogPluginManager: Loaded Plugin AndroidDeviceProfileSelector, From C:/Program Files (x86)/Epic Games/4.14/Engine/Plugins/Runtime/AndroidDeviceProfileSelector/AndroidDeviceProfileSelector.uplugin
LogPluginManager: Loaded Plugin AndroidMoviePlayer, From C:/Program Files (x86)/Epic Games/4.14/Engine/Plugins/Runtime/AndroidMoviePlayer/AndroidMoviePlayer.uplugin
LogPluginManager: Loaded Plugin AppleMoviePlayer, From C:/Program Files (x86)/Epic Games/4.14/Engine/Plugins/Runtime/AppleMoviePlayer/AppleMoviePlayer.uplugin
LogPluginManager: Loaded Plugin ArchVisCharacter, From C:/Program Files (x86)/Epic Games/4.14/Engine/Plugins/Runtime/ArchVisCharacter/ArchVisCharacter.uplugin
LogPluginManager: Loaded Plugin CableComponent, From C:/Program Files (x86)/Epic Games/4.14/Engine/Plugins/Runtime/CableComponent/CableComponent.uplugin
LogPluginManager: Loaded Plugin CustomMeshComponent, From C:/Program Files (x86)/Epic Games/4.14/Engine/Plugins/Runtime/CustomMeshComponent/CustomMeshComponent.uplugin
LogPluginManager: Loaded Plugin ExampleDeviceProfileSelector, From C:/Program Files (x86)/Epic Games/4.14/Engine/Plugins/Runtime/ExampleDeviceProfileSelector/ExampleDeviceProfileSelector.uplugin
LogPluginManager: Loaded Plugin GearVR, From C:/Program Files (x86)/Epic Games/4.14/Engine/Plugins/Runtime/GearVR/GearVR.uplugin
LogPluginManager: Loaded Plugin GoogleVRController, From C:/Program Files (x86)/Epic Games/4.14/Engine/Plugins/Runtime/GoogleVR/GoogleVRController/GoogleVRController.uplugin
LogPluginManager: Loaded Plugin GoogleVRHMD, From C:/Program Files (x86)/Epic Games/4.14/Engine/Plugins/Runtime/GoogleVR/GoogleVRHMD/GoogleVRHMD.uplugin
LogPluginManager: Loaded Plugin IOSDeviceProfileSelector, From C:/Program Files (x86)/Epic Games/4.14/Engine/Plugins/Runtime/IOSDeviceProfileSelector/IOSDeviceProfileSelector.uplugin
LogPluginManager: Loaded Plugin LeapMotion, From C:/Program Files (x86)/Epic Games/4.14/Engine/Plugins/Runtime/LeapMotion/LeapMotion.uplugin
LogPluginManager: Loaded Plugin LinuxDeviceProfileSelector, From C:/Program Files (x86)/Epic Games/4.14/Engine/Plugins/Runtime/LinuxDeviceProfileSelector/LinuxDeviceProfileSelector.uplugin
LogPluginManager: Loaded Plugin MIDIDevice, From C:/Program Files (x86)/Epic Games/4.14/Engine/Plugins/Runtime/MIDIDevice/MIDIDevice.uplugin
LogPluginManager: Loaded Plugin MobilePatchingUtils, From C:/Program Files (x86)/Epic Games/4.14/Engine/Plugins/Runtime/MobilePatchingUtils/MobilePatchingUtils.uplugin
LogPluginManager: Loaded Plugin Ansel, From C:/Program Files (x86)/Epic Games/4.14/Engine/Plugins/Runtime/Nvidia/Ansel/Ansel.uplugin
LogPluginManager: Loaded Plugin OculusAudio, From C:/Program Files (x86)/Epic Games/4.14/Engine/Plugins/Runtime/OculusAudio/OculusAudio.uplugin
LogPluginManager: Loaded Plugin OculusInput, From C:/Program Files (x86)/Epic Games/4.14/Engine/Plugins/Runtime/OculusInput/OculusInput.uplugin
LogPluginManager: Loaded Plugin OculusLibrary, From C:/Program Files (x86)/Epic Games/4.14/Engine/Plugins/Runtime/OculusLibrary/OculusLibrary.uplugin
LogPluginManager: Loaded Plugin OculusRift, From C:/Program Files (x86)/Epic Games/4.14/Engine/Plugins/Runtime/OculusRift/OculusRift.uplugin
LogPluginManager: Loaded Plugin Oodle, From C:/Program Files (x86)/Epic Games/4.14/Engine/Plugins/Runtime/PacketHandlers/CompressionComponents/Oodle/Oodle.uplugin
LogPluginManager: Loaded Plugin ProceduralMeshComponent, From C:/Program Files (x86)/Epic Games/4.14/Engine/Plugins/Runtime/ProceduralMeshComponent/ProceduralMeshComponent.uplugin
LogPluginManager: Loaded Plugin SoundMod, From C:/Program Files (x86)/Epic Games/4.14/Engine/Plugins/Runtime/SoundMod/SoundMod.uplugin
LogPluginManager: Loaded Plugin SoundVisualizations, From C:/Program Files (x86)/Epic Games/4.14/Engine/Plugins/Runtime/SoundVisualizations/SoundVisualizations.uplugin
LogPluginManager: Loaded Plugin SteamController, From C:/Program Files (x86)/Epic Games/4.14/Engine/Plugins/Runtime/Steam/SteamController/SteamController.uplugin
LogPluginManager: Loaded Plugin SteamVR, From C:/Program Files (x86)/Epic Games/4.14/Engine/Plugins/Runtime/Steam/SteamVR/SteamVR.uplugin
LogPluginManager: Loaded Plugin WebBrowserWidget, From C:/Program Files (x86)/Epic Games/4.14/Engine/Plugins/Runtime/WebBrowserWidget/WebBrowserWidget.uplugin
LogPluginManager: Loaded Plugin WindowsDeviceProfileSelector, From C:/Program Files (x86)/Epic Games/4.14/Engine/Plugins/Runtime/WindowsDeviceProfileSelector/WindowsDeviceProfileSelector.uplugin
LogPluginManager: Loaded Plugin WindowsMoviePlayer, From C:/Program Files (x86)/Epic Games/4.14/Engine/Plugins/Runtime/WindowsMoviePlayer/WindowsMoviePlayer.uplugin
LogPluginManager: Loaded Plugin ScriptPlugin, From C:/Program Files (x86)/Epic Games/4.14/Engine/Plugins/ScriptPlugin/ScriptPlugin.uplugin
LogPluginManager: Loaded Plugin SlateRemote, From C:/Program Files (x86)/Epic Games/4.14/Engine/Plugins/Slate/SlateRemote/SlateRemote.uplugin
LogPluginManager: Loaded Plugin EditorTests, From C:/Program Files (x86)/Epic Games/4.14/Engine/Plugins/Tests/EditorTests/EditorTests.uplugin
LogPluginManager: Loaded Plugin FbxAutomationTestBuilder, From C:/Program Files (x86)/Epic Games/4.14/Engine/Plugins/Tests/FbxAutomationTestBuilder/FbxAutomationTestBuilder.uplugin
LogPluginManager: Loaded Plugin FunctionalTestingEditor, From C:/Program Files (x86)/Epic Games/4.14/Engine/Plugins/Tests/FunctionalTestingEditor/FunctionalTestingEditor.uplugin
LogPluginManager: Loaded Plugin RuntimeTests, From C:/Program Files (x86)/Epic Games/4.14/Engine/Plugins/Tests/RuntimeTests/RuntimeTests.uplugin
LogPluginManager: Loaded Plugin ScreenshotTools, From C:/Program Files (x86)/Epic Games/4.14/Engine/Plugins/Tests/ScreenshotTools/ScreenshotTools.uplugin
LogInit: Using libcurl 7.47.1
LogInit:  - built for x86_64-pc-win32
LogInit:  - supports SSL with OpenSSL/1.0.2g
LogInit:  - supports HTTP deflate (compression) using libz 1.2.8
LogInit:  - other features:
LogInit:      CURL_VERSION_SSL
LogInit:      CURL_VERSION_LIBZ
LogInit:      CURL_VERSION_IPV6
LogInit:      CURL_VERSION_ASYNCHDNS
LogInit:      CURL_VERSION_LARGEFILE
LogInit:      CURL_VERSION_IDN
LogInit:  CurlRequestOptions (configurable via config and command line):
LogInit:  - bVerifyPeer = false  - Libcurl will NOT verify peer certificate
LogInit:  - bUseHttpProxy = false  - Libcurl will NOT use HTTP proxy
LogInit:  - bDontReuseConnections = false  - Libcurl will reuse connections
LogInit:  - CertBundlePath = nullptr  - Libcurl will use whatever was configured at build time.
LogInit: Build: ++UE4+Release-4.14-CL-3249277
LogInit: Engine Version: 4.14.3-3249277+++UE4+Release-4.14
LogInit: Compatible Engine Version: 4.14.0-3195953+++UE4+Release-4.14
LogInit: Net CL: 3195953
LogDevObjectVersion: Number of dev versions registered: 13
LogDevObjectVersion:   Dev-Blueprints (B0D832E4-1F89-4F0D-ACCF-7EB736FD4AA2): 7
LogDevObjectVersion:   Dev-Build (E1C64328-A22C-4D53-A36C-8E866417BD8C): 0
LogDevObjectVersion:   Dev-Core (375EC13C-06E4-48FB-B500-84F0262A717E): 1
LogDevObjectVersion:   Dev-Editor (E4B068ED-F494-42E9-A231-DA0B2E46BB41): 8
LogDevObjectVersion:   Dev-Framework (CFFC743F-43B0-4480-9391-14DF171D2073): 17
LogDevObjectVersion:   Dev-Mobile (B02B49B5-BB20-44E9-A304-32B752E40360): 0
LogDevObjectVersion:   Dev-Networking (A4E4105C-59A1-49B5-A7C5-40C4547EDFEE): 0
LogDevObjectVersion:   Dev-Online (39C831C9-5AE6-47DC-9A44-9C173E1C8E7C): 0
LogDevObjectVersion:   Dev-Physics (78F01B33-EBEA-4F98-B9B4-84EACCB95AA2): 0
LogDevObjectVersion:   Dev-Platform (6631380F-2D4D-43E0-8009-CF276956A95A): 0
LogDevObjectVersion:   Dev-Rendering (12F88B9F-8875-4AFC-A67C-D90C383ABD29): 12
LogDevObjectVersion:   Dev-Sequencer (7B5AE74C-D270-4C10-A958-57980B212A5A): 1
LogDevObjectVersion:   Dev-VR (D7296918-1DD6-4BDD-9DE2-64A83CC13884): 0
LogInit: Compiled (64-bit): Jan  6 2017 10:49:43
LogInit: Compiled with Visual C++: 19.00.23026.00
LogInit: Build Configuration: Development
LogInit: Branch Name: ++UE4+Release-4.14
LogInit: Command line:  
LogInit: Base directory: C:/Program Files (x86)/Epic Games/4.14/Engine/Binaries/Win64/
LogInit: Installed Engine Build: 1
LogInit: Presizing for max 8388607 objects, including 0 objects not considered by GC, pre-allocating 0 bytes for permanent pool.
LogInit: Object subsystem initialized
[2017.03.03-23.01.46:778][  0]LogInit: Selected Device Profile: [Windows]
[2017.03.03-23.01.46:779][  0]LogInit: Applying CVar settings loaded from the selected device profile: [Windows]
[2017.03.03-23.01.46:941][  0]LogInit: Computer: THEPOWERPC
[2017.03.03-23.01.46:941][  0]LogInit: User: Anthony
[2017.03.03-23.01.46:941][  0]LogInit: CPU Page size=65536, Cores=2
[2017.03.03-23.01.46:941][  0]LogInit: High frequency timer resolution =1.607353 MHz
[2017.03.03-23.01.46:941][  0]LogMemory: Memory total: Physical=3.7GB (4GB approx)
[2017.03.03-23.01.46:941][  0]LogMemory: Platform Memory Stats for Windows
[2017.03.03-23.01.46:942][  0]LogMemory: Process Physical Memory: 264.08 MB used, 264.08 MB peak
[2017.03.03-23.01.46:942][  0]LogMemory: Process Virtual Memory: 262.71 MB used, 262.71 MB peak
[2017.03.03-23.01.46:942][  0]LogMemory: Physical Memory: 2218.23 MB used,  1600.67 MB free, 3818.90 MB total
[2017.03.03-23.01.46:942][  0]LogMemory: Virtual Memory: 650.93 MB used,  1600.67 MB free, 8388608.00 MB total
[2017.03.03-23.01.49:501][  0]LogTextLocalizationManager: No specific translations for ('en-US') exist, so ('en') translations will be used.
[2017.03.03-23.01.56:137][  0]LogD3D11RHI: D3D11 adapters:
[2017.03.03-23.01.57:054][  0]LogD3D11RHI:    0. 'AMD Radeon HD 6320 Graphics' (Feature Level 11_0)
[2017.03.03-23.01.57:055][  0]LogD3D11RHI:       250/0/1653 MB DedicatedVideo/DedicatedSystem/SharedSystem, Outputs:1, VendorId:0x1002
[2017.03.03-23.01.57:055][  0]LogD3D11RHI: Chosen D3D11 Adapter: 0
[2017.03.03-23.01.57:463][  0]LogD3D11RHI: Creating new Direct3DDevice
[2017.03.03-23.01.57:463][  0]LogD3D11RHI:     GPU DeviceId: 0x9806 (for the marketing name, search the web for "GPU Device Id")
[2017.03.03-23.01.57:463][  0]LogWindows: EnumDisplayDevices:
[2017.03.03-23.01.57:464][  0]LogWindows:    0. 'AMD Radeon HD 6320 Graphics' (P:1 D:1)
[2017.03.03-23.01.57:465][  0]LogWindows:    1. 'AMD Radeon HD 6320 Graphics' (P:0 D:0)
[2017.03.03-23.01.57:466][  0]LogWindows:    2. 'RDPDD Chained DD' (P:0 D:0)
[2017.03.03-23.01.57:466][  0]LogWindows:    3. 'RDP Encoder Mirror Driver' (P:0 D:0)
[2017.03.03-23.01.57:467][  0]LogWindows:    4. 'RDP Reflector Display Driver' (P:0 D:0)
[2017.03.03-23.01.57:467][  0]LogWindows: DebugString: GetVideoDriverDetailsInvalid PrimaryIsNotTheChoosenAdapter GetVideoDriverDetailsInvalid PrimaryIsNotTheChoosenAdapter GetVideoDriverDetailsInvalid PrimaryIsNotTheChoosenAdapter FoundDriverCount:2 
[2017.03.03-23.01.57:467][  0]LogD3D11RHI:     Adapter Name: AMD Radeon HD 6320 Graphics
[2017.03.03-23.01.57:467][  0]LogD3D11RHI:   Driver Version: Catalyst 15.7.1 (internal:15.200.1062.1004, unified:15.200.1062.1004)
[2017.03.03-23.01.57:467][  0]LogD3D11RHI:      Driver Date: 8-3-2015
[2017.03.03-23.01.57:467][  0]LogRHI: Texture pool is 175 MB (70% of 250 MB)
[2017.03.03-23.01.57:516][  0]LogD3D11RHI: Async texture creation enabled
[2017.03.03-23.01.58:052][  0]LogD3D11RHI: GPU Timing Frequency: 50.000000 (Debug: 2 1)
[2017.03.03-23.01.58:349][  0]LogShaderCompilers: Guid format shader working directory is 13 characters bigger than the processId version (../../../../../../Epic Games/Abyss/Intermediate/Shaders/WorkingDirectory/13172/).
[2017.03.03-23.01.58:349][  0]LogShaderCompilers: Cleaned the shader compiler working directory 'C:/Users/Anthony/AppData/Local/Temp/UnrealShaderWorkingDir/D111A1A7479A2ACB5FCEB0AF81B76C63/'.
[2017.03.03-23.01.58:349][  0]LogShaderCompilers:Display: Using Local Shader Compiler.
[2017.03.03-23.03.34:627][  0]LogTemp:Display: Loaded TP AllDesktopTargetPlatform
[2017.03.03-23.03.34:927][  0]LogTemp:Display: Loaded TP MacClientTargetPlatform
[2017.03.03-23.03.35:211][  0]LogTemp:Display: Loaded TP MacNoEditorTargetPlatform
[2017.03.03-23.03.35:545][  0]LogTemp:Display: Loaded TP MacServerTargetPlatform
[2017.03.03-23.03.35:910][  0]LogTemp:Display: Loaded TP MacTargetPlatform
[2017.03.03-23.03.36:392][  0]LogTemp:Display: Loaded TP WindowsClientTargetPlatform
[2017.03.03-23.03.36:713][  0]LogTemp:Display: Loaded TP WindowsNoEditorTargetPlatform
[2017.03.03-23.03.37:143][  0]LogTemp:Display: Loaded TP WindowsServerTargetPlatform
[2017.03.03-23.03.37:424][  0]LogTemp:Display: Loaded TP WindowsTargetPlatform
[2017.03.03-23.03.37:891][  0]LogTemp:Display: Loaded TP AndroidTargetPlatform
[2017.03.03-23.03.38:481][  0]LogTemp:Display: Loaded TP Android_ASTCTargetPlatform
[2017.03.03-23.03.38:813][  0]LogTemp:Display: Loaded TP Android_ATCTargetPlatform
[2017.03.03-23.03.39:131][  0]LogTemp:Display: Loaded TP Android_DXTTargetPlatform
[2017.03.03-23.03.39:497][  0]LogTemp:Display: Loaded TP Android_ETC1TargetPlatform
[2017.03.03-23.03.39:817][  0]LogTemp:Display: Loaded TP Android_ETC2TargetPlatform
[2017.03.03-23.03.40:484][  0]LogTemp:Display: Loaded TP Android_MultiTargetPlatform
[2017.03.03-23.03.40:484][  0]LogTemp:Display: Loaded TP Android_PVRTCTargetPlatform
[2017.03.03-23.03.40:720][  0]LogTemp:Display: Loaded TP HTML5TargetPlatform
[2017.03.03-23.03.41:459][  0]LogTemp:Display: Loaded TP IOSTargetPlatform
[2017.03.03-23.03.41:669][  0]LogTemp:Display: Loaded TP TVOSTargetPlatform
[2017.03.03-23.03.41:991][  0]LogTemp:Display: Loaded TP LinuxClientTargetPlatform
[2017.03.03-23.03.42:298][  0]LogTemp:Display: Loaded TP LinuxNoEditorTargetPlatform
[2017.03.03-23.03.42:604][  0]LogTemp:Display: Loaded TP LinuxServerTargetPlatform
[2017.03.03-23.03.43:003][  0]LogTemp:Display: Loaded TP LinuxTargetPlatform
[2017.03.03-23.03.43:004][  0]LogTargetPlatformManager:Display: Building Assets For Windows
[2017.03.03-23.03.48:219][  0]LogDerivedDataCache:Display: Max Cache Size: 512 MB
[2017.03.03-23.03.49:634][  0]LogDerivedDataCache: Loaded boot cache 1.41s 50MB C:/Users/Anthony/AppData/Local/UnrealEngine/4.14/DerivedDataCache/Boot.ddc.
[2017.03.03-23.03.49:634][  0]LogDerivedDataCache:Display: Loaded Boot cache: C:/Users/Anthony/AppData/Local/UnrealEngine/4.14/DerivedDataCache/Boot.ddc
[2017.03.03-23.03.49:635][  0]LogDerivedDataCache: FDerivedDataBackendGraph:  Pak pak cache file ../../../../../../Epic Games/Abyss/DerivedDataCache/DDC.ddp not found, will not use a pak cache.
[2017.03.03-23.03.49:635][  0]LogDerivedDataCache: Unable to find inner node Pak for hierarchical cache Hierarchy.
[2017.03.03-23.03.49:635][  0]LogDerivedDataCache: FDerivedDataBackendGraph:  CompressedPak pak cache file ../../../../../../Epic Games/Abyss/DerivedDataCache/Compressed.ddp not found, will not use a pak cache.
[2017.03.03-23.03.49:635][  0]LogDerivedDataCache: Unable to find inner node CompressedPak for hierarchical cache Hierarchy.
[2017.03.03-23.03.49:981][  0]LogDerivedDataCache:Display: Pak cache opened for reading ../../../Engine/DerivedDataCache/Compressed.ddp.
[2017.03.03-23.03.50:015][  0]LogDerivedDataCache: Using Local data cache path C:/Users/Anthony/AppData/Local/UnrealEngine/Common/DerivedDataCache: Writable
[2017.03.03-23.03.59:820][  0]LogInit: Selected Device Profile: [Windows]
[2017.03.03-23.04.00:006][  0]LogContentStreaming: Texture pool size is 0.00 MB
[2017.03.03-23.04.02:701][  0]LogMeshUtilities: Using QuadricMeshReduction for automatic static mesh reduction
[2017.03.03-23.04.03:169][  0]LogSimplygon: Simplygon DLL not present - disabling.
[2017.03.03-23.04.03:560][  0]LogMeshUtilities: Using SimplygonSwarm for distributed automatic mesh merging
[2017.03.03-23.04.03:560][  0]LogMeshUtilities: No automatic skeletal mesh reduction module available
[2017.03.03-23.04.03:560][  0]LogMeshUtilities: No automatic mesh merging module available
[2017.03.03-23.04.14:156][  0]LogNetVersion: GetLocalNetworkVersion: CL: 3195953, ProjectName: abyss, ProjectVersion: , EngineNetworkVersion: 2, GameNetworkVersion: 0, NetworkChecksum: 1595127573
[2017.03.03-23.04.14:710][  0]LogAssetRegistry: FAssetRegistry took 0.0346 seconds to start up
[2017.03.03-23.04.15:283][  0]LogPackageLocalizationCache: Processed 4 localized package path(s) for 2 prioritized culture(s) in 0.361743 seconds
[2017.03.03-23.04.15:323][  0]LogUObjectArray: 31890 objects as part of root set at end of initial load.
[2017.03.03-23.04.15:323][  0]LogUObjectAllocator: 6922376 out of 0 bytes used by permanent object pool.
[2017.03.03-23.04.15:323][  0]LogUObjectArray: CloseDisregardForGC: 0/0 objects in disregard for GC pool
[2017.03.03-23.04.15:744][  0]LogInit: WinSock: version 1.1 (2.2), MaxSocks=32767, MaxUdp=65467
[2017.03.03-23.04.25:503][  0]LogSlate: Using Freetype 2.6.0
[2017.03.03-23.04.25:646][  0]LogSlate: SlateFontCache - WITH_FREETYPE: 1, WITH_HARFBUZZ: 1
[2017.03.03-23.04.25:646][  0]LogSlate: SlateFontCache - WITH_FREETYPE: 1, WITH_HARFBUZZ: 1
[2017.03.03-23.04.56:901][  0]JavascriptCmd: Unreal.js started. V8 5.7.201
[2017.03.03-23.05.00:930][  0]LogMaterial: Uniform references updated for custom material expression Custom.
[2017.03.03-23.05.05:175][  0]SourceControl: Info Source control is disabled
[2017.03.03-23.05.05:176][  0]SourceControl: Info Source control is disabled
[2017.03.03-23.05.05:540][  0]SourceControl: Info Source control is disabled
[2017.03.03-23.05.05:917][  0]SourceControl: Info Source control is disabled
[2017.03.03-23.05.17:035][  0]ImportText (YAxis): Missing opening parenthesis: 0.000000,1.000000,0.000000
[2017.03.03-23.05.17:035][  0]ImportText (ZAxis): Missing opening parenthesis: 0.000000,0.000000,1.000000
[2017.03.03-23.05.17:040][  0]ImportText (Rotation): Missing opening parenthesis: -90.000000,0.000000,0.000000
[2017.03.03-23.05.17:050][  0]ImportText (B): Missing opening parenthesis: 1.000000,1.000000,1.000000
[2017.03.03-23.05.21:894][  0]LogEngine: Initializing Engine...
[2017.03.03-23.05.24:115][  0]LogAIModule: Creating AISystem for world Untitled
[2017.03.03-23.05.24:426][  0]LogInit: XAudio2 using 'Speakers (Conexant High Definition Audio)' : 2 channels at 44.1 kHz using 16 bits per sample (channel mask 0x3)
[2017.03.03-23.05.24:489][  0]LogInit: FAudioDevice initialized.
[2017.03.03-23.05.24:600][  0]LogDerivedDataCache: Saved boot cache 0.11s 50MB C:/Users/Anthony/AppData/Local/UnrealEngine/4.14/DerivedDataCache/Boot.ddc.
[2017.03.03-23.05.24:685][  0]LogInit: Texture streaming: Enabled
[2017.03.03-23.05.27:139][  0]LogInit: Transaction tracking system initialized
[2017.03.03-23.05.30:850][  0]BlueprintLog: New page: Editor Load
[2017.03.03-23.05.40:852][  0]LocalizationService: Info Localization service is disabled
[2017.03.03-23.05.45:131][  0]LogModuleManager:Warning: No filename provided for module TcpMessaging
[2017.03.03-23.05.45:131][  0]LogModuleManager:Warning: ModuleManager: Unable to load module 'TcpMessaging' because the file 'C:/Program Files (x86)/Epic Games/4.14/Engine/Binaries/Win64/' was not found.
[2017.03.03-23.05.47:575][  0]LogConsoleResponse:Display: 
[2017.03.03-23.05.56:709][  0]LogFileCache: Scanning file cache for directory 'C:/Epic Games/Abyss/Content/' took 0.02s
[2017.03.03-23.05.56:709][  0]LogCook:Display: Max memory allowance for cook 16384mb min free memory 0mb
[2017.03.03-23.05.56:709][  0]LogCook:Display: Mobile HDR setting 1
[2017.03.03-23.06.07:774][  0]SourceControl: Info Source control is disabled
[2017.03.03-23.06.07:927][  0]Cmd: MAP LOAD FILE="../../../../../../Epic Games/Abyss/Content/Maps-Levels/Fort/Fort_Exploration.umap" TEMPLATE=0 SHOWPROGRESS=1 FEATURELEVEL=3
[2017.03.03-23.06.08:046][  0]LightingResults: New page: Lighting Build
[2017.03.03-23.06.09:806][  0]MapCheck: New page: Map Check
[2017.03.03-23.06.09:807][  0]LightingResults: New page: Lighting Build
[2017.03.03-23.06.16:171][  0]LogProperty:Error: UStructProperty::Serialize Loading: Property 'StructProperty /Game/BluePrints/Exploration/Fort_BattleTrigger.Fort_BattleTrigger_C:ExecuteUbergraph_Fort_BattleTrigger.CallFunc_Array_Get_Item'. Unknown structure.
[2017.03.03-23.06.16:171][  0]LogProperty:Error: UStructProperty::Serialize Loading: Property 'StructProperty /Game/BluePrints/Exploration/Fort_BattleTrigger.Fort_BattleTrigger_C:EnemyTable.EnemyTable'. Unknown structure.
[2017.03.03-23.06.20:028][  0]LogClass:Warning: Property EnemyTable of EnemyTable has a struct type mismatch (tag FallbackStruct != prop GeneralEntityStruct) in package:  FObjectReader. If that struct got renamed, add an entry to ActiveStructRedirects.
[2017.03.03-23.06.31:867][  0]LogAIModule: Creating AISystem for world Fort_Exploration
[2017.03.03-23.06.36:936][  0]LogEditorServer: Finished looking for orphan Actors (0.000 secs)
[2017.03.03-23.06.37:248][  0]Cmd: MAP CHECKDEP NOCLEARLOG
[2017.03.03-23.06.37:877][  0]MapCheck: Info Map check complete: 0 Error(s), 0 Warning(s), took 622.952ms to complete.
[2017.03.03-23.06.37:878][  0]LogFileHelpers: Loading map 'Fort_Exploration' took 30.022
[2017.03.03-23.06.46:555][  0]LogCollectionManager: Loaded 0 collections in 0.005408 seconds
[2017.03.03-23.06.49:007][  0]LogFileCache: Scanning file cache for directory 'C:/Epic Games/Abyss/Saved/Collections/' took 0.02s
[2017.03.03-23.06.49:008][  0]LogFileCache: Scanning file cache for directory 'C:/Epic Games/Abyss/Content/Developers/Anthony/Collections/' took 0.02s
[2017.03.03-23.06.49:008][  0]LogFileCache: Scanning file cache for directory 'C:/Epic Games/Abyss/Content/Collections/' took 0.00s
[2017.03.03-23.06.49:008][  0]LogCollectionManager: Rebuilt the GUID cache for 0 collections in 0.000032 seconds
[2017.03.03-23.06.49:650][  0]LogContentBrowser: Native class hierarchy populated in 0.2754 seconds. Added 2245 classes and 411 folders.
[2017.03.03-23.06.50:466][  0]LogStats: UGameplayTagsManager::ConstructGameplayTagTree: Construct from data asset -  0.000 s
[2017.03.03-23.06.50:466][  0]LogStats: UGameplayTagsManager::ConstructGameplayTagTree: GameplayTagTreeChangedEvent.Broadcast -  0.000 s
[2017.03.03-23.06.50:504][  0]LogContentBrowser: Native class hierarchy updated for 'GameplayTags' in 0.0021 seconds. Added 13 classes and 0 folders.
[2017.03.03-23.06.51:083][  0]LogContentBrowser: Native class hierarchy updated for 'WidgetCarousel' in 0.0019 seconds. Added 0 classes and 0 folders.
[2017.03.03-23.06.57:781][  0]LogContentBrowser: Native class hierarchy updated for 'AddContentDialog' in 0.0019 seconds. Added 0 classes and 0 folders.
[2017.03.03-23.06.59:271][  0]LogContentBrowser: Native class hierarchy updated for 'SceneOutliner' in 0.0020 seconds. Added 1 classes and 2 folders.
[2017.03.03-23.07.04:476][  0]LogCrashTracker: Crashtracker disabled due to settings.
[2017.03.03-23.07.06:432][  0]LogUObjectGlobals:Warning: Failed to find object 'Class None.'
[2017.03.03-23.07.07:914][  0]LogContentBrowser: Native class hierarchy updated for 'HierarchicalLODOutliner' in 0.0020 seconds. Added 1 classes and 2 folders.
[2017.03.03-23.07.07:915][  0]LogLoad: (Engine Initialization) Total time: 346.24 seconds
[2017.03.03-23.07.07:915][  0]LogLoad: (Engine Initialization) Total Blueprint compile time: 7.31 seconds
[2017.03.03-23.07.07:936][  0]LogExternalProfiler: Found external profiler: VSPerf
[2017.03.03-23.07.07:937][  0]LogExternalProfiler: Using external profiler: VSPerf
[2017.03.03-23.07.12:743][  0]LogContentStreaming: Texture pool size now 1000 MB
[2017.03.03-23.07.18:842][  0]LogRenderer: Reallocating scene render targets to support 856x372 NumSamples 1 (Frame:2).
[2017.03.03-23.07.34:558][  2]LogContentBrowser: Native class hierarchy updated for 'BlueprintGraph' in 0.0041 seconds. Added 111 classes and 0 folders.
[2017.03.03-23.08.13:588][ 64]LogAssetRegistry: Asset discovery search completed in 238.8966 seconds
[2017.03.03-23.08.13:588][ 64]LogCollectionManager: Rebuilt the object cache for 0 collections in 0.000002 seconds (found 0 objects)
[2017.03.03-23.08.13:588][ 64]LogCollectionManager: Fixed up redirectors for 0 collections in 0.000111 seconds (updated 0 objects)
[2017.03.03-23.11.08:848][142]LogTemp: Repeting last play command: Selected Viewport
[2017.03.03-23.11.08:990][142]LogBlueprintUserMessages: Early PlayInEditor Detection: Level '/Game/Maps-Levels/Fort/Fort_Exploration.Fort_Exploration:PersistentLevel' has LevelScriptBlueprint '/Game/Maps-Levels/Fort/Fort_Exploration.Fort_Exploration:PersistentLevel.Fort_Exploration' with GeneratedClass '/Game/Maps-Levels/Fort/Fort_Exploration.Fort_Exploration_C' with ClassGeneratedBy '/Game/Maps-Levels/Fort/Fort_Exploration.Fort_Exploration:PersistentLevel.Fort_Exploration'
[2017.03.03-23.11.09:027][142]LogPlayLevel: PlayLevel: No blueprints needed recompiling
[2017.03.03-23.11.09:074][142]PIE: New page: PIE session: Fort_Exploration (Mar 3, 2017, 1:11:09 PM)
[2017.03.03-23.11.09:101][142]LogPlayLevel: Creating play world package: /Game/Maps-Levels/Fort/UEDPIE_0_Fort_Exploration
[2017.03.03-23.11.09:126][142]LogPlayLevel: PIE: StaticDuplicateObject took: (0.025059s)
[2017.03.03-23.11.09:132][142]LogAIModule: Creating AISystem for world Fort_Exploration
[2017.03.03-23.11.09:133][142]LogPlayLevel: PIE: World Init took: (0.006571s)
[2017.03.03-23.11.09:133][142]LogPlayLevel: PIE: Created PIE world by copying editor world from /Game/Maps-Levels/Fort/Fort_Exploration.Fort_Exploration to /Game/Maps-Levels/Fort/UEDPIE_0_Fort_Exploration.Fort_Exploration (0.044402s)
[2017.03.03-23.11.10:081][142]LogInit: XAudio2 using 'Speakers (Conexant High Definition Audio)' : 2 channels at 44.1 kHz using 16 bits per sample (channel mask 0x3)
[2017.03.03-23.11.10:281][142]LogInit: FAudioDevice initialized.
[2017.03.03-23.11.10:720][142]LogLoad: Game class is 'abyssExplorationMode_C'
[2017.03.03-23.11.10:823][142]LogWorld: Bringing World /Game/Maps-Levels/Fort/UEDPIE_0_Fort_Exploration.Fort_Exploration up for play (max tick rate 60) at 2017.03.03-18.11.10
[2017.03.03-23.11.10:866][142]LogWorld: Bringing up level for play took: 0.050581
[2017.03.03-23.11.11:292][142]LogContentBrowser: Native class hierarchy updated for 'MovieSceneCapture' in 0.0030 seconds. Added 11 classes and 0 folders.
[2017.03.03-23.11.11:589][142]PIE: Info Play in editor start time for /Game/Maps-Levels/Fort/UEDPIE_0_Fort_Exploration 1.925
[2017.03.03-23.11.11:590][142]LogBlueprintUserMessages: Late PlayInEditor Detection: Level '/Game/Maps-Levels/Fort/Fort_Exploration.Fort_Exploration:PersistentLevel' has LevelScriptBlueprint '/Game/Maps-Levels/Fort/Fort_Exploration.Fort_Exploration:PersistentLevel.Fort_Exploration' with GeneratedClass '/Game/Maps-Levels/Fort/Fort_Exploration.Fort_Exploration_C' with ClassGeneratedBy '/Game/Maps-Levels/Fort/Fort_Exploration.Fort_Exploration:PersistentLevel.Fort_Exploration'
[2017.03.03-23.12.51:251][386]LogNet: Browse: /Game/Maps-Levels/Fort/Fort_Battle
[2017.03.03-23.12.51:260][386]LogLoad: LoadMap: /Game/Maps-Levels/Fort/Fort_Battle
[2017.03.03-23.12.51:958][386]Cmd: MEM
[2017.03.03-23.12.52:561][386]LogMemory: Platform Memory Stats for Windows
[2017.03.03-23.12.52:561][386]LogMemory: Process Physical Memory: 1094.39 MB used, 1112.69 MB peak
[2017.03.03-23.12.52:561][386]LogMemory: Process Virtual Memory: 995.81 MB used, 1040.73 MB peak
[2017.03.03-23.12.52:562][386]LogMemory: Physical Memory: 2998.04 MB used,  820.86 MB free, 3818.90 MB total
[2017.03.03-23.12.52:562][386]LogMemory: Virtual Memory: 2275.95 MB used,  820.86 MB free, 8388608.00 MB total
[2017.03.03-23.12.52:562][386]LogMemory: 
[2017.03.03-23.12.52:562][386]Allocator Stats for TBB: (not implemented)
[2017.03.03-23.12.54:322][386]LogBlueprint:Warning: [Compiler PersistentLevel.Fort_Battle] Warning 'BS Enemy' does not inherit from 'BS Player' ( K2Node_DynamicCast_2  would always fail).
[2017.03.03-23.12.54:332][386]LogBlueprint:Warning: [Compiler PersistentLevel.Fort_Battle] Warning [0692.65] Compile of PersistentLevel.Fort_Battle successful, but with 1 Warning(s) [in 17 ms] (/Game/Maps-Levels/Fort/Fort_Battle.Fort_Battle:PersistentLevel.Fort_Battle)
[2017.03.03-23.12.54:332][386]LogBlueprint:Warning: [Compiler PersistentLevel.Fort_Battle] Warning [0692.65] Compile of PersistentLevel.Fort_Battle successful, but with 2 Warning(s) [in 0 ms] (/Game/Maps-Levels/Fort/Fort_Battle.Fort_Battle:PersistentLevel.Fort_Battle)
[2017.03.03-23.12.54:332][386]LogBlueprint:Warning: [Compiler PersistentLevel.Fort_Battle] Warning [0692.65] Compile of PersistentLevel.Fort_Battle successful, but with 3 Warning(s) [in 0 ms] (/Game/Maps-Levels/Fort/Fort_Battle.Fort_Battle:PersistentLevel.Fort_Battle)
[2017.03.03-23.12.54:345][386]LogBlueprint:Warning: [Compiler PersistentLevel.Fort_Battle] Warning 'BS Enemy' does not inherit from 'BS Player' ( K2Node_DynamicCast_2  would always fail).
[2017.03.03-23.12.54:355][386]LogBlueprint:Warning: [Compiler PersistentLevel.Fort_Battle] Warning [0692.67] Compile of PersistentLevel.Fort_Battle successful, but with 1 Warning(s) [in 18 ms] (/Game/Maps-Levels/Fort/Fort_Battle.Fort_Battle:PersistentLevel.Fort_Battle)
[2017.03.03-23.12.54:356][386]LogBlueprint:Warning: [Compiler PersistentLevel.Fort_Battle] Warning [0692.67] Compile of PersistentLevel.Fort_Battle successful, but with 2 Warning(s) [in 0 ms] (/Game/Maps-Levels/Fort/Fort_Battle.Fort_Battle:PersistentLevel.Fort_Battle)
[2017.03.03-23.12.54:356][386]LogBlueprint:Warning: [Compiler PersistentLevel.Fort_Battle] Warning [0692.67] Compile of PersistentLevel.Fort_Battle successful, but with 3 Warning(s) [in 0 ms] (/Game/Maps-Levels/Fort/Fort_Battle.Fort_Battle:PersistentLevel.Fort_Battle)
[2017.03.03-23.12.54:991][386]LogBlueprint:Warning: USimpleConstructionScript::FixupRootNodeParentReferences() - Couldn't find inherited parent component 'DefaultSceneRoot' for 'PaperSprite' in BlueprintGeneratedClass 'BS_Enemy_C' (it may have been removed)
[2017.03.03-23.12.55:678][386]LogStats: FPlatformStackWalk::StackWalkAndDump -  0.342 s
[2017.03.03-23.12.55:678][386]LogOutputDevice:Error: === Handled ensure: ===
[2017.03.03-23.12.55:679][386]LogOutputDevice:Error: 
[2017.03.03-23.12.55:679][386]LogOutputDevice:Error: Ensure condition failed: IsObjectValidForDatabase(AssetObject) [File:D:\Build\++UE4+Release-4.14+Compile\Sync\Engine\Source\Editor\BlueprintGraph\Private\BlueprintActionDatabase.cpp] [Line: 1263]
[2017.03.03-23.12.55:679][386]LogOutputDevice:Error: 
[2017.03.03-23.12.55:679][386]LogOutputDevice:Error: Stack: 
[2017.03.03-23.12.55:679][386]LogOutputDevice:Error: UE4Editor-Core.dll
[2017.03.03-23.12.55:679][386]LogOutputDevice:Error: UE4Editor-Core.dll
[2017.03.03-23.12.55:679][386]LogOutputDevice:Error: UE4Editor-Core.dll
[2017.03.03-23.12.55:679][386]LogOutputDevice:Error: UE4Editor-BlueprintGraph.dll
[2017.03.03-23.12.55:679][386]LogOutputDevice:Error: UE4Editor-BlueprintGraph.dll
[2017.03.03-23.12.55:679][386]LogOutputDevice:Error: UE4Editor-CoreUObject.dll
[2017.03.03-23.12.55:679][386]LogOutputDevice:Error: UE4Editor-CoreUObject.dll
[2017.03.03-23.12.55:679][386]LogOutputDevice:Error: UE4Editor-CoreUObject.dll
[2017.03.03-23.12.55:679][386]LogOutputDevice:Error: UE4Editor-CoreUObject.dll
[2017.03.03-23.12.55:679][386]LogOutputDevice:Error: UE4Editor-Engine.dll
[2017.03.03-23.12.55:679][386]LogOutputDevice:Error: UE4Editor-Engine.dll
[2017.03.03-23.12.55:679][386]LogOutputDevice:Error: UE4Editor-Engine.dll
[2017.03.03-23.12.55:679][386]LogOutputDevice:Error: UE4Editor-UnrealEd.dll
[2017.03.03-23.12.55:679][386]LogOutputDevice:Error: UE4Editor-UnrealEd.dll
[2017.03.03-23.12.55:679][386]LogOutputDevice:Error: UE4Editor.exe
[2017.03.03-23.12.55:679][386]LogOutputDevice:Error: UE4Editor.exe
[2017.03.03-23.12.55:679][386]LogOutputDevice:Error: UE4Editor.exe
[2017.03.03-23.12.55:679][386]LogOutputDevice:Error: UE4Editor.exe
[2017.03.03-23.12.55:679][386]LogOutputDevice:Error: UE4Editor.exe
[2017.03.03-23.12.55:679][386]LogOutputDevice:Error: kernel32.dll
[2017.03.03-23.12.55:679][386]LogOutputDevice:Error: ntdll.dll
[2017.03.03-23.12.55:679][386]LogOutputDevice:Error: 
[2017.03.03-23.12.55:685][386]LogStats:                SubmitErrorReport -  0.000 s
