Log file open, 03/04/17 20:05:32
LogInit:Display: Running engine for game: Abyss
LogPlatformFile: Not using cached read wrapper
LogInit:Display: RandInit(765935961) SRandInit(765935961).
LogTaskGraph: Started task graph with 5 named threads and 6 total threads with 1 sets of task threads.
LogStats: Stats thread started at 0.213210
LogPluginManager: Loaded Plugin Paper2D, From C:/Program Files (x86)/Epic Games/4.14/Engine/Plugins/2D/Paper2D/Paper2D.uplugin
LogPluginManager: Loaded Plugin LightPropagationVolume, From C:/Program Files (x86)/Epic Games/4.14/Engine/Plugins/Blendables/LightPropagationVolume/LightPropagationVolume.uplugin
LogPluginManager: Loaded Plugin BlankPlugin, From C:/Program Files (x86)/Epic Games/4.14/Engine/Plugins/Developer/BlankPlugin/BlankPlugin.uplugin
LogPluginManager: Loaded Plugin CodeLiteSourceCodeAccess, From C:/Program Files (x86)/Epic Games/4.14/Engine/Plugins/Developer/CodeLiteSourceCodeAccess/CodeLiteSourceCodeAccess.uplugin
LogPluginManager: Loaded Plugin GitSourceControl, From C:/Program Files (x86)/Epic Games/4.14/Engine/Plugins/Developer/GitSourceControl/GitSourceControl.uplugin
LogPluginManager: Loaded Plugin KDevelopSourceCodeAccess, From C:/Program Files (x86)/Epic Games/4.14/Engine/Plugins/Developer/KDevelopSourceCodeAccess/KDevelopSourceCodeAccess.uplugin
LogPluginManager: Loaded Plugin NullSourceCodeAccess, From C:/Program Files (x86)/Epic Games/4.14/Engine/Plugins/Developer/NullSourceCodeAccess/NullSourceCodeAccess.uplugin
LogPluginManager: Loaded Plugin OneSkyLocalizationService, From C:/Program Files (x86)/Epic Games/4.14/Engine/Plugins/Developer/OneSkyLocalizationService/OneSkyLocalizationService.uplugin
LogPluginManager: Loaded Plugin PerforceSourceControl, From C:/Program Files (x86)/Epic Games/4.14/Engine/Plugins/Developer/PerforceSourceControl/PerforceSourceControl.uplugin
LogPluginManager: Loaded Plugin SubversionSourceControl, From C:/Program Files (x86)/Epic Games/4.14/Engine/Plugins/Developer/SubversionSourceControl/SubversionSourceControl.uplugin
LogPluginManager: Loaded Plugin UObjectPlugin, From C:/Program Files (x86)/Epic Games/4.14/Engine/Plugins/Developer/UObjectPlugin/UObjectPlugin.uplugin
LogPluginManager: Loaded Plugin VisualStudioSourceCodeAccess, From C:/Program Files (x86)/Epic Games/4.14/Engine/Plugins/Developer/VisualStudioSourceCodeAccess/VisualStudioSourceCodeAccess.uplugin
LogPluginManager: Loaded Plugin XCodeSourceCodeAccess, From C:/Program Files (x86)/Epic Games/4.14/Engine/Plugins/Developer/XCodeSourceCodeAccess/XCodeSourceCodeAccess.uplugin
LogPluginManager: Loaded Plugin AudioCapture, From C:/Program Files (x86)/Epic Games/4.14/Engine/Plugins/Editor/AudioCapture/AudioCapture.uplugin
LogPluginManager: Loaded Plugin EpicSurvey, From C:/Program Files (x86)/Epic Games/4.14/Engine/Plugins/Editor/EpicSurvey/EpicSurvey.uplugin
LogPluginManager: Loaded Plugin MacGraphicsSwitching, From C:/Program Files (x86)/Epic Games/4.14/Engine/Plugins/Editor/MacGraphicsSwitching/MacGraphicsSwitching.uplugin
LogPluginManager: Loaded Plugin MobileLauncherProfileWizard, From C:/Program Files (x86)/Epic Games/4.14/Engine/Plugins/Editor/MobileLauncherProfileWizard/MobileLauncherProfileWizard.uplugin
LogPluginManager: Loaded Plugin PluginBrowser, From C:/Program Files (x86)/Epic Games/4.14/Engine/Plugins/Editor/PluginBrowser/PluginBrowser.uplugin
LogPluginManager: Loaded Plugin SpeedTreeImporter, From C:/Program Files (x86)/Epic Games/4.14/Engine/Plugins/Editor/SpeedTreeImporter/SpeedTreeImporter.uplugin
LogPluginManager: Loaded Plugin SuperSearchEditor, From C:/Program Files (x86)/Epic Games/4.14/Engine/Plugins/Editor/SuperSearchEditor/SuperSearchEditor.uplugin
LogPluginManager: Loaded Plugin AlembicImporter, From C:/Program Files (x86)/Epic Games/4.14/Engine/Plugins/Experimental/AlembicImporter/AlembicImporter.uplugin
LogPluginManager: Loaded Plugin BlueprintStats, From C:/Program Files (x86)/Epic Games/4.14/Engine/Plugins/Experimental/BlueprintStats/BlueprintStats.uplugin
LogPluginManager: Loaded Plugin CharacterAI, From C:/Program Files (x86)/Epic Games/4.14/Engine/Plugins/Experimental/CharacterAI/CharacterAI.uplugin
LogPluginManager: Loaded Plugin CodeEditor, From C:/Program Files (x86)/Epic Games/4.14/Engine/Plugins/Experimental/CodeEditor/CodeEditor.uplugin
LogPluginManager: Loaded Plugin CodeView, From C:/Program Files (x86)/Epic Games/4.14/Engine/Plugins/Experimental/CodeView/CodeView.uplugin
LogPluginManager: Loaded Plugin HTML5Networking, From C:/Program Files (x86)/Epic Games/4.14/Engine/Plugins/Experimental/HTML5Networking/HTML5Networking.uplugin
LogPluginManager: Loaded Plugin OSVR, From C:/Program Files (x86)/Epic Games/4.14/Engine/Plugins/Experimental/OSVR/OSVR.uplugin
LogPluginManager: Loaded Plugin Phya, From C:/Program Files (x86)/Epic Games/4.14/Engine/Plugins/Experimental/Phya/Phya.uplugin
LogPluginManager: Loaded Plugin SignificanceManager, From C:/Program Files (x86)/Epic Games/4.14/Engine/Plugins/Experimental/SignificanceManager/SignificanceManager.uplugin
LogPluginManager: Loaded Plugin SimpleHMD, From C:/Program Files (x86)/Epic Games/4.14/Engine/Plugins/Experimental/SimpleHMD/SimpleHMD.uplugin
LogPluginManager: Loaded Plugin StereoPanorama, From C:/Program Files (x86)/Epic Games/4.14/Engine/Plugins/Experimental/StereoPanorama/StereoPanorama.uplugin
LogPluginManager: Loaded Plugin StructBox, From C:/Program Files (x86)/Epic Games/4.14/Engine/Plugins/Experimental/StructBox/StructBox.uplugin
LogPluginManager: Loaded Plugin HGGifImporter, From C:/Program Files (x86)/Epic Games/4.14/Engine/Plugins/Marketplace/HGGifImporter/HGGifImporter.uplugin
LogPluginManager: Loaded Plugin MidiAsset, From C:/Program Files (x86)/Epic Games/4.14/Engine/Plugins/Marketplace/MidiAsset/MidiAsset.uplugin
LogPluginManager: Loaded Plugin UnrealJS, From C:/Program Files (x86)/Epic Games/4.14/Engine/Plugins/Marketplace/UnrealJS/UnrealJS.uplugin
LogPluginManager: Loaded Plugin AndroidMedia, From C:/Program Files (x86)/Epic Games/4.14/Engine/Plugins/Media/AndroidMedia/AndroidMedia.uplugin
LogPluginManager: Loaded Plugin AvfMedia, From C:/Program Files (x86)/Epic Games/4.14/Engine/Plugins/Media/AvfMedia/AvfMedia.uplugin
LogPluginManager: Loaded Plugin MediaPlayerEditor, From C:/Program Files (x86)/Epic Games/4.14/Engine/Plugins/Media/MediaPlayerEditor/MediaPlayerEditor.uplugin
LogPluginManager: Loaded Plugin WmfMedia, From C:/Program Files (x86)/Epic Games/4.14/Engine/Plugins/Media/WmfMedia/WmfMedia.uplugin
LogPluginManager: Loaded Plugin MessagingDebugger, From C:/Program Files (x86)/Epic Games/4.14/Engine/Plugins/Messaging/MessagingDebugger/MessagingDebugger.uplugin
LogPluginManager: Loaded Plugin TcpMessaging, From C:/Program Files (x86)/Epic Games/4.14/Engine/Plugins/Messaging/TcpMessaging/TcpMessaging.uplugin
LogPluginManager: Loaded Plugin UdpMessaging, From C:/Program Files (x86)/Epic Games/4.14/Engine/Plugins/Messaging/UdpMessaging/UdpMessaging.uplugin
LogPluginManager: Loaded Plugin LevelSequenceEditor, From C:/Program Files (x86)/Epic Games/4.14/Engine/Plugins/MovieScene/LevelSequenceEditor/LevelSequenceEditor.uplugin
LogPluginManager: Loaded Plugin MatineeToLevelSequence, From C:/Program Files (x86)/Epic Games/4.14/Engine/Plugins/MovieScene/MatineeToLevelSequence/MatineeToLevelSequence.uplugin
LogPluginManager: Loaded Plugin NetcodeUnitTest, From C:/Program Files (x86)/Epic Games/4.14/Engine/Plugins/NetcodeUnitTest/NetcodeUnitTest/NetcodeUnitTest.uplugin
LogPluginManager: Loaded Plugin NUTUnrealEngine4, From C:/Program Files (x86)/Epic Games/4.14/Engine/Plugins/NetcodeUnitTest/NUTUnrealEngine4/NUTUnrealEngine4.uplugin
LogPluginManager: Loaded Plugin OnlineSubsystemGameCircle, From C:/Program Files (x86)/Epic Games/4.14/Engine/Plugins/Online/Android/OnlineSubsystemGameCircle/OnlineSubsystemGameCircle.uplugin
LogPluginManager: Loaded Plugin OnlineSubsystemGooglePlay, From C:/Program Files (x86)/Epic Games/4.14/Engine/Plugins/Online/Android/OnlineSubsystemGooglePlay/OnlineSubsystemGooglePlay.uplugin
LogPluginManager: Loaded Plugin OnlineSubsystemIOS, From C:/Program Files (x86)/Epic Games/4.14/Engine/Plugins/Online/IOS/OnlineSubsystemIOS/OnlineSubsystemIOS.uplugin
LogPluginManager: Loaded Plugin OnlineFramework, From C:/Program Files (x86)/Epic Games/4.14/Engine/Plugins/Online/OnlineFramework/OnlineFramework.uplugin
LogPluginManager: Loaded Plugin OnlineSubsystem, From C:/Program Files (x86)/Epic Games/4.14/Engine/Plugins/Online/OnlineSubsystem/OnlineSubsystem.uplugin
LogPluginManager: Loaded Plugin OnlineSubsystemAmazon, From C:/Program Files (x86)/Epic Games/4.14/Engine/Plugins/Online/OnlineSubsystemAmazon/OnlineSubsystemAmazon.uplugin
LogPluginManager: Loaded Plugin OnlineSubsystemFacebook, From C:/Program Files (x86)/Epic Games/4.14/Engine/Plugins/Online/OnlineSubsystemFacebook/OnlineSubsystemFacebook.uplugin
LogPluginManager: Loaded Plugin OnlineSubsystemNull, From C:/Program Files (x86)/Epic Games/4.14/Engine/Plugins/Online/OnlineSubsystemNull/OnlineSubsystemNull.uplugin
LogPluginManager: Loaded Plugin OnlineSubsystemOculus, From C:/Program Files (x86)/Epic Games/4.14/Engine/Plugins/Online/OnlineSubsystemOculus/OnlineSubsystemOculus.uplugin
LogPluginManager: Loaded Plugin OnlineSubsystemSteam, From C:/Program Files (x86)/Epic Games/4.14/Engine/Plugins/Online/OnlineSubsystemSteam/OnlineSubsystemSteam.uplugin
LogPluginManager: Loaded Plugin OnlineSubsystemUtils, From C:/Program Files (x86)/Epic Games/4.14/Engine/Plugins/Online/OnlineSubsystemUtils/OnlineSubsystemUtils.uplugin
LogPluginManager: Loaded Plugin IOSTapJoy, From C:/Program Files (x86)/Epic Games/4.14/Engine/Plugins/Runtime/Advertising/IOSTapJoy/IOSTapJoy.uplugin
LogPluginManager: Loaded Plugin AnalyticsBlueprintLibrary, From C:/Program Files (x86)/Epic Games/4.14/Engine/Plugins/Runtime/Analytics/AnalyticsBlueprintLibrary/AnalyticsBlueprintLibrary.uplugin
LogPluginManager: Loaded Plugin AnalyticsMulticast, From C:/Program Files (x86)/Epic Games/4.14/Engine/Plugins/Runtime/Analytics/AnalyticsMulticast/AnalyticsMulticast.uplugin
LogPluginManager: Loaded Plugin Apsalar, From C:/Program Files (x86)/Epic Games/4.14/Engine/Plugins/Runtime/Analytics/Apsalar/Apsalar.uplugin
LogPluginManager: Loaded Plugin FileLogging, From C:/Program Files (x86)/Epic Games/4.14/Engine/Plugins/Runtime/Analytics/FileLogging/FileLogging.uplugin
LogPluginManager: Loaded Plugin Flurry, From C:/Program Files (x86)/Epic Games/4.14/Engine/Plugins/Runtime/Analytics/Flurry/Flurry.uplugin
LogPluginManager: Loaded Plugin AndroidDeviceProfileSelector, From C:/Program Files (x86)/Epic Games/4.14/Engine/Plugins/Runtime/AndroidDeviceProfileSelector/AndroidDeviceProfileSelector.uplugin
LogPluginManager: Loaded Plugin AndroidMoviePlayer, From C:/Program Files (x86)/Epic Games/4.14/Engine/Plugins/Runtime/AndroidMoviePlayer/AndroidMoviePlayer.uplugin
LogPluginManager: Loaded Plugin AppleMoviePlayer, From C:/Program Files (x86)/Epic Games/4.14/Engine/Plugins/Runtime/AppleMoviePlayer/AppleMoviePlayer.uplugin
LogPluginManager: Loaded Plugin ArchVisCharacter, From C:/Program Files (x86)/Epic Games/4.14/Engine/Plugins/Runtime/ArchVisCharacter/ArchVisCharacter.uplugin
LogPluginManager: Loaded Plugin CableComponent, From C:/Program Files (x86)/Epic Games/4.14/Engine/Plugins/Runtime/CableComponent/CableComponent.uplugin
LogPluginManager: Loaded Plugin CustomMeshComponent, From C:/Program Files (x86)/Epic Games/4.14/Engine/Plugins/Runtime/CustomMeshComponent/CustomMeshComponent.uplugin
LogPluginManager: Loaded Plugin ExampleDeviceProfileSelector, From C:/Program Files (x86)/Epic Games/4.14/Engine/Plugins/Runtime/ExampleDeviceProfileSelector/ExampleDeviceProfileSelector.uplugin
LogPluginManager: Loaded Plugin GearVR, From C:/Program Files (x86)/Epic Games/4.14/Engine/Plugins/Runtime/GearVR/GearVR.uplugin
LogPluginManager: Loaded Plugin GoogleVRController, From C:/Program Files (x86)/Epic Games/4.14/Engine/Plugins/Runtime/GoogleVR/GoogleVRController/GoogleVRController.uplugin
LogPluginManager: Loaded Plugin GoogleVRHMD, From C:/Program Files (x86)/Epic Games/4.14/Engine/Plugins/Runtime/GoogleVR/GoogleVRHMD/GoogleVRHMD.uplugin
LogPluginManager: Loaded Plugin IOSDeviceProfileSelector, From C:/Program Files (x86)/Epic Games/4.14/Engine/Plugins/Runtime/IOSDeviceProfileSelector/IOSDeviceProfileSelector.uplugin
LogPluginManager: Loaded Plugin LeapMotion, From C:/Program Files (x86)/Epic Games/4.14/Engine/Plugins/Runtime/LeapMotion/LeapMotion.uplugin
LogPluginManager: Loaded Plugin LinuxDeviceProfileSelector, From C:/Program Files (x86)/Epic Games/4.14/Engine/Plugins/Runtime/LinuxDeviceProfileSelector/LinuxDeviceProfileSelector.uplugin
LogPluginManager: Loaded Plugin MIDIDevice, From C:/Program Files (x86)/Epic Games/4.14/Engine/Plugins/Runtime/MIDIDevice/MIDIDevice.uplugin
LogPluginManager: Loaded Plugin MobilePatchingUtils, From C:/Program Files (x86)/Epic Games/4.14/Engine/Plugins/Runtime/MobilePatchingUtils/MobilePatchingUtils.uplugin
LogPluginManager: Loaded Plugin Ansel, From C:/Program Files (x86)/Epic Games/4.14/Engine/Plugins/Runtime/Nvidia/Ansel/Ansel.uplugin
LogPluginManager: Loaded Plugin OculusAudio, From C:/Program Files (x86)/Epic Games/4.14/Engine/Plugins/Runtime/OculusAudio/OculusAudio.uplugin
LogPluginManager: Loaded Plugin OculusInput, From C:/Program Files (x86)/Epic Games/4.14/Engine/Plugins/Runtime/OculusInput/OculusInput.uplugin
LogPluginManager: Loaded Plugin OculusLibrary, From C:/Program Files (x86)/Epic Games/4.14/Engine/Plugins/Runtime/OculusLibrary/OculusLibrary.uplugin
LogPluginManager: Loaded Plugin OculusRift, From C:/Program Files (x86)/Epic Games/4.14/Engine/Plugins/Runtime/OculusRift/OculusRift.uplugin
LogPluginManager: Loaded Plugin Oodle, From C:/Program Files (x86)/Epic Games/4.14/Engine/Plugins/Runtime/PacketHandlers/CompressionComponents/Oodle/Oodle.uplugin
LogPluginManager: Loaded Plugin ProceduralMeshComponent, From C:/Program Files (x86)/Epic Games/4.14/Engine/Plugins/Runtime/ProceduralMeshComponent/ProceduralMeshComponent.uplugin
LogPluginManager: Loaded Plugin SoundMod, From C:/Program Files (x86)/Epic Games/4.14/Engine/Plugins/Runtime/SoundMod/SoundMod.uplugin
LogPluginManager: Loaded Plugin SoundVisualizations, From C:/Program Files (x86)/Epic Games/4.14/Engine/Plugins/Runtime/SoundVisualizations/SoundVisualizations.uplugin
LogPluginManager: Loaded Plugin SteamController, From C:/Program Files (x86)/Epic Games/4.14/Engine/Plugins/Runtime/Steam/SteamController/SteamController.uplugin
LogPluginManager: Loaded Plugin SteamVR, From C:/Program Files (x86)/Epic Games/4.14/Engine/Plugins/Runtime/Steam/SteamVR/SteamVR.uplugin
LogPluginManager: Loaded Plugin WebBrowserWidget, From C:/Program Files (x86)/Epic Games/4.14/Engine/Plugins/Runtime/WebBrowserWidget/WebBrowserWidget.uplugin
LogPluginManager: Loaded Plugin WindowsDeviceProfileSelector, From C:/Program Files (x86)/Epic Games/4.14/Engine/Plugins/Runtime/WindowsDeviceProfileSelector/WindowsDeviceProfileSelector.uplugin
LogPluginManager: Loaded Plugin WindowsMoviePlayer, From C:/Program Files (x86)/Epic Games/4.14/Engine/Plugins/Runtime/WindowsMoviePlayer/WindowsMoviePlayer.uplugin
LogPluginManager: Loaded Plugin ScriptPlugin, From C:/Program Files (x86)/Epic Games/4.14/Engine/Plugins/ScriptPlugin/ScriptPlugin.uplugin
LogPluginManager: Loaded Plugin SlateRemote, From C:/Program Files (x86)/Epic Games/4.14/Engine/Plugins/Slate/SlateRemote/SlateRemote.uplugin
LogPluginManager: Loaded Plugin EditorTests, From C:/Program Files (x86)/Epic Games/4.14/Engine/Plugins/Tests/EditorTests/EditorTests.uplugin
LogPluginManager: Loaded Plugin FbxAutomationTestBuilder, From C:/Program Files (x86)/Epic Games/4.14/Engine/Plugins/Tests/FbxAutomationTestBuilder/FbxAutomationTestBuilder.uplugin
LogPluginManager: Loaded Plugin FunctionalTestingEditor, From C:/Program Files (x86)/Epic Games/4.14/Engine/Plugins/Tests/FunctionalTestingEditor/FunctionalTestingEditor.uplugin
LogPluginManager: Loaded Plugin RuntimeTests, From C:/Program Files (x86)/Epic Games/4.14/Engine/Plugins/Tests/RuntimeTests/RuntimeTests.uplugin
LogPluginManager: Loaded Plugin ScreenshotTools, From C:/Program Files (x86)/Epic Games/4.14/Engine/Plugins/Tests/ScreenshotTools/ScreenshotTools.uplugin
LogInit: Using libcurl 7.47.1
LogInit:  - built for x86_64-pc-win32
LogInit:  - supports SSL with OpenSSL/1.0.2g
LogInit:  - supports HTTP deflate (compression) using libz 1.2.8
LogInit:  - other features:
LogInit:      CURL_VERSION_SSL
LogInit:      CURL_VERSION_LIBZ
LogInit:      CURL_VERSION_IPV6
LogInit:      CURL_VERSION_ASYNCHDNS
LogInit:      CURL_VERSION_LARGEFILE
LogInit:      CURL_VERSION_IDN
LogInit:  CurlRequestOptions (configurable via config and command line):
LogInit:  - bVerifyPeer = false  - Libcurl will NOT verify peer certificate
LogInit:  - bUseHttpProxy = false  - Libcurl will NOT use HTTP proxy
LogInit:  - bDontReuseConnections = false  - Libcurl will reuse connections
LogInit:  - CertBundlePath = nullptr  - Libcurl will use whatever was configured at build time.
LogInit: Build: ++UE4+Release-4.14-CL-3249277
LogInit: Engine Version: 4.14.3-3249277+++UE4+Release-4.14
LogInit: Compatible Engine Version: 4.14.0-3195953+++UE4+Release-4.14
LogInit: Net CL: 3195953
LogDevObjectVersion: Number of dev versions registered: 13
LogDevObjectVersion:   Dev-Blueprints (B0D832E4-1F89-4F0D-ACCF-7EB736FD4AA2): 7
LogDevObjectVersion:   Dev-Build (E1C64328-A22C-4D53-A36C-8E866417BD8C): 0
LogDevObjectVersion:   Dev-Core (375EC13C-06E4-48FB-B500-84F0262A717E): 1
LogDevObjectVersion:   Dev-Editor (E4B068ED-F494-42E9-A231-DA0B2E46BB41): 8
LogDevObjectVersion:   Dev-Framework (CFFC743F-43B0-4480-9391-14DF171D2073): 17
LogDevObjectVersion:   Dev-Mobile (B02B49B5-BB20-44E9-A304-32B752E40360): 0
LogDevObjectVersion:   Dev-Networking (A4E4105C-59A1-49B5-A7C5-40C4547EDFEE): 0
LogDevObjectVersion:   Dev-Online (39C831C9-5AE6-47DC-9A44-9C173E1C8E7C): 0
LogDevObjectVersion:   Dev-Physics (78F01B33-EBEA-4F98-B9B4-84EACCB95AA2): 0
LogDevObjectVersion:   Dev-Platform (6631380F-2D4D-43E0-8009-CF276956A95A): 0
LogDevObjectVersion:   Dev-Rendering (12F88B9F-8875-4AFC-A67C-D90C383ABD29): 12
LogDevObjectVersion:   Dev-Sequencer (7B5AE74C-D270-4C10-A958-57980B212A5A): 1
LogDevObjectVersion:   Dev-VR (D7296918-1DD6-4BDD-9DE2-64A83CC13884): 0
LogInit: Compiled (64-bit): Jan  6 2017 10:49:43
LogInit: Compiled with Visual C++: 19.00.23026.00
LogInit: Build Configuration: Development
LogInit: Branch Name: ++UE4+Release-4.14
LogInit: Command line:  
LogInit: Base directory: C:/Program Files (x86)/Epic Games/4.14/Engine/Binaries/Win64/
LogInit: Installed Engine Build: 1
LogInit: Presizing for max 8388607 objects, including 0 objects not considered by GC, pre-allocating 0 bytes for permanent pool.
LogInit: Object subsystem initialized
[2017.03.05-01.05.33:639][  0]LogInit: Selected Device Profile: [Windows]
[2017.03.05-01.05.33:640][  0]LogInit: Applying CVar settings loaded from the selected device profile: [Windows]
[2017.03.05-01.05.33:727][  0]LogInit: Computer: THEPOWERPC
[2017.03.05-01.05.33:727][  0]LogInit: User: Anthony
[2017.03.05-01.05.33:727][  0]LogInit: CPU Page size=65536, Cores=2
[2017.03.05-01.05.33:727][  0]LogInit: High frequency timer resolution =1.607353 MHz
[2017.03.05-01.05.33:728][  0]LogMemory: Memory total: Physical=3.7GB (4GB approx)
[2017.03.05-01.05.33:728][  0]LogMemory: Platform Memory Stats for Windows
[2017.03.05-01.05.33:728][  0]LogMemory: Process Physical Memory: 264.07 MB used, 264.07 MB peak
[2017.03.05-01.05.33:729][  0]LogMemory: Process Virtual Memory: 262.68 MB used, 262.68 MB peak
[2017.03.05-01.05.33:729][  0]LogMemory: Physical Memory: 2334.01 MB used,  1484.89 MB free, 3818.90 MB total
[2017.03.05-01.05.33:729][  0]LogMemory: Virtual Memory: 650.93 MB used,  1484.89 MB free, 8388608.00 MB total
[2017.03.05-01.05.33:927][  0]LogTextLocalizationManager: No specific translations for ('en-US') exist, so ('en') translations will be used.
[2017.03.05-01.05.38:601][  0]LogD3D11RHI: D3D11 adapters:
[2017.03.05-01.05.38:651][  0]LogD3D11RHI:    0. 'AMD Radeon HD 6320 Graphics' (Feature Level 11_0)
[2017.03.05-01.05.38:651][  0]LogD3D11RHI:       250/0/1653 MB DedicatedVideo/DedicatedSystem/SharedSystem, Outputs:1, VendorId:0x1002
[2017.03.05-01.05.38:651][  0]LogD3D11RHI: Chosen D3D11 Adapter: 0
[2017.03.05-01.05.38:672][  0]LogD3D11RHI: Creating new Direct3DDevice
[2017.03.05-01.05.38:673][  0]LogD3D11RHI:     GPU DeviceId: 0x9806 (for the marketing name, search the web for "GPU Device Id")
[2017.03.05-01.05.38:673][  0]LogWindows: EnumDisplayDevices:
[2017.03.05-01.05.38:673][  0]LogWindows:    0. 'AMD Radeon HD 6320 Graphics' (P:1 D:1)
[2017.03.05-01.05.38:674][  0]LogWindows:    1. 'AMD Radeon HD 6320 Graphics' (P:0 D:0)
[2017.03.05-01.05.38:674][  0]LogWindows:    2. 'RDPDD Chained DD' (P:0 D:0)
[2017.03.05-01.05.38:677][  0]LogWindows:    3. 'RDP Encoder Mirror Driver' (P:0 D:0)
[2017.03.05-01.05.38:678][  0]LogWindows:    4. 'RDP Reflector Display Driver' (P:0 D:0)
[2017.03.05-01.05.38:678][  0]LogWindows: DebugString: GetVideoDriverDetailsInvalid PrimaryIsNotTheChoosenAdapter GetVideoDriverDetailsInvalid PrimaryIsNotTheChoosenAdapter GetVideoDriverDetailsInvalid PrimaryIsNotTheChoosenAdapter FoundDriverCount:2 
[2017.03.05-01.05.38:678][  0]LogD3D11RHI:     Adapter Name: AMD Radeon HD 6320 Graphics
[2017.03.05-01.05.38:678][  0]LogD3D11RHI:   Driver Version: Catalyst 15.7.1 (internal:15.200.1062.1004, unified:15.200.1062.1004)
[2017.03.05-01.05.38:678][  0]LogD3D11RHI:      Driver Date: 8-3-2015
[2017.03.05-01.05.38:678][  0]LogRHI: Texture pool is 175 MB (70% of 250 MB)
[2017.03.05-01.05.38:717][  0]LogD3D11RHI: Async texture creation enabled
[2017.03.05-01.05.38:763][  0]LogD3D11RHI: GPU Timing Frequency: 50.000000 (Debug: 2 1)
[2017.03.05-01.05.38:765][  0]LogShaderCompilers: Guid format shader working directory is 13 characters bigger than the processId version (../../../../../../Epic Games/Abyss/Intermediate/Shaders/WorkingDirectory/28788/).
[2017.03.05-01.05.38:766][  0]LogShaderCompilers: Cleaned the shader compiler working directory 'C:/Users/Anthony/AppData/Local/Temp/UnrealShaderWorkingDir/CDBA6BF0452BFCC0CD389A8595C85059/'.
[2017.03.05-01.05.38:766][  0]LogShaderCompilers:Display: Using Local Shader Compiler.
[2017.03.05-01.05.48:054][  0]LogTemp:Display: Loaded TP AllDesktopTargetPlatform
[2017.03.05-01.05.48:441][  0]LogTemp:Display: Loaded TP MacClientTargetPlatform
[2017.03.05-01.05.48:795][  0]LogTemp:Display: Loaded TP MacNoEditorTargetPlatform
[2017.03.05-01.05.49:136][  0]LogTemp:Display: Loaded TP MacServerTargetPlatform
[2017.03.05-01.05.49:479][  0]LogTemp:Display: Loaded TP MacTargetPlatform
[2017.03.05-01.05.49:832][  0]LogTemp:Display: Loaded TP WindowsClientTargetPlatform
[2017.03.05-01.05.50:197][  0]LogTemp:Display: Loaded TP WindowsNoEditorTargetPlatform
[2017.03.05-01.05.50:474][  0]LogTemp:Display: Loaded TP WindowsServerTargetPlatform
[2017.03.05-01.05.50:733][  0]LogTemp:Display: Loaded TP WindowsTargetPlatform
[2017.03.05-01.05.51:112][  0]LogTemp:Display: Loaded TP AndroidTargetPlatform
[2017.03.05-01.05.51:504][  0]LogTemp:Display: Loaded TP Android_ASTCTargetPlatform
[2017.03.05-01.05.51:957][  0]LogTemp:Display: Loaded TP Android_ATCTargetPlatform
[2017.03.05-01.05.52:426][  0]LogTemp:Display: Loaded TP Android_DXTTargetPlatform
[2017.03.05-01.05.52:868][  0]LogTemp:Display: Loaded TP Android_ETC1TargetPlatform
[2017.03.05-01.05.53:300][  0]LogTemp:Display: Loaded TP Android_ETC2TargetPlatform
[2017.03.05-01.05.54:206][  0]LogTemp:Display: Loaded TP Android_MultiTargetPlatform
[2017.03.05-01.05.54:206][  0]LogTemp:Display: Loaded TP Android_PVRTCTargetPlatform
[2017.03.05-01.05.54:495][  0]LogTemp:Display: Loaded TP HTML5TargetPlatform
[2017.03.05-01.05.55:073][  0]LogTemp:Display: Loaded TP IOSTargetPlatform
[2017.03.05-01.05.55:330][  0]LogTemp:Display: Loaded TP TVOSTargetPlatform
[2017.03.05-01.05.55:719][  0]LogTemp:Display: Loaded TP LinuxClientTargetPlatform
[2017.03.05-01.05.56:181][  0]LogTemp:Display: Loaded TP LinuxNoEditorTargetPlatform
[2017.03.05-01.05.56:558][  0]LogTemp:Display: Loaded TP LinuxServerTargetPlatform
[2017.03.05-01.05.56:949][  0]LogTemp:Display: Loaded TP LinuxTargetPlatform
[2017.03.05-01.05.56:949][  0]LogTargetPlatformManager:Display: Building Assets For Windows
[2017.03.05-01.05.59:453][  0]LogDerivedDataCache:Display: Max Cache Size: 512 MB
[2017.03.05-01.06.00:157][  0]LogDerivedDataCache: Loaded boot cache 0.70s 50MB C:/Users/Anthony/AppData/Local/UnrealEngine/4.14/DerivedDataCache/Boot.ddc.
[2017.03.05-01.06.00:157][  0]LogDerivedDataCache:Display: Loaded Boot cache: C:/Users/Anthony/AppData/Local/UnrealEngine/4.14/DerivedDataCache/Boot.ddc
[2017.03.05-01.06.00:159][  0]LogDerivedDataCache: FDerivedDataBackendGraph:  Pak pak cache file ../../../../../../Epic Games/Abyss/DerivedDataCache/DDC.ddp not found, will not use a pak cache.
[2017.03.05-01.06.00:159][  0]LogDerivedDataCache: Unable to find inner node Pak for hierarchical cache Hierarchy.
[2017.03.05-01.06.00:159][  0]LogDerivedDataCache: FDerivedDataBackendGraph:  CompressedPak pak cache file ../../../../../../Epic Games/Abyss/DerivedDataCache/Compressed.ddp not found, will not use a pak cache.
[2017.03.05-01.06.00:159][  0]LogDerivedDataCache: Unable to find inner node CompressedPak for hierarchical cache Hierarchy.
[2017.03.05-01.06.00:322][  0]LogDerivedDataCache:Display: Pak cache opened for reading ../../../Engine/DerivedDataCache/Compressed.ddp.
[2017.03.05-01.06.00:346][  0]LogDerivedDataCache: Using Local data cache path C:/Users/Anthony/AppData/Local/UnrealEngine/Common/DerivedDataCache: Writable
[2017.03.05-01.06.06:008][  0]LogInit: Selected Device Profile: [Windows]
[2017.03.05-01.06.06:033][  0]LogContentStreaming: Texture pool size is 0.00 MB
[2017.03.05-01.06.07:271][  0]LogMeshUtilities: Using QuadricMeshReduction for automatic static mesh reduction
[2017.03.05-01.06.07:542][  0]LogSimplygon: Simplygon DLL not present - disabling.
[2017.03.05-01.06.07:819][  0]LogMeshUtilities: Using SimplygonSwarm for distributed automatic mesh merging
[2017.03.05-01.06.07:819][  0]LogMeshUtilities: No automatic skeletal mesh reduction module available
[2017.03.05-01.06.07:819][  0]LogMeshUtilities: No automatic mesh merging module available
[2017.03.05-01.06.11:626][  0]LogNetVersion: GetLocalNetworkVersion: CL: 3195953, ProjectName: abyss, ProjectVersion: , EngineNetworkVersion: 2, GameNetworkVersion: 0, NetworkChecksum: 1595127573
[2017.03.05-01.06.11:882][  0]LogAssetRegistry: FAssetRegistry took 0.0280 seconds to start up
[2017.03.05-01.06.12:258][  0]LogPackageLocalizationCache: Processed 4 localized package path(s) for 2 prioritized culture(s) in 0.221530 seconds
[2017.03.05-01.06.12:334][  0]LogUObjectArray: 31890 objects as part of root set at end of initial load.
[2017.03.05-01.06.12:334][  0]LogUObjectAllocator: 6922368 out of 0 bytes used by permanent object pool.
[2017.03.05-01.06.12:334][  0]LogUObjectArray: CloseDisregardForGC: 0/0 objects in disregard for GC pool
[2017.03.05-01.06.12:783][  0]LogInit: WinSock: version 1.1 (2.2), MaxSocks=32767, MaxUdp=65467
[2017.03.05-01.06.18:274][  0]LogSlate: Using Freetype 2.6.0
[2017.03.05-01.06.18:280][  0]LogSlate: SlateFontCache - WITH_FREETYPE: 1, WITH_HARFBUZZ: 1
[2017.03.05-01.06.18:280][  0]LogSlate: SlateFontCache - WITH_FREETYPE: 1, WITH_HARFBUZZ: 1
[2017.03.05-01.06.40:668][  0]JavascriptCmd: Unreal.js started. V8 5.7.201
[2017.03.05-01.06.43:550][  0]LogMaterial: Uniform references updated for custom material expression Custom.
[2017.03.05-01.06.45:678][  0]SourceControl: Info Source control is disabled
[2017.03.05-01.06.45:678][  0]SourceControl: Info Source control is disabled
[2017.03.05-01.06.45:938][  0]SourceControl: Info Source control is disabled
[2017.03.05-01.06.46:241][  0]SourceControl: Info Source control is disabled
[2017.03.05-01.06.55:066][  0]ImportText (YAxis): Missing opening parenthesis: 0.000000,1.000000,0.000000
[2017.03.05-01.06.55:066][  0]ImportText (ZAxis): Missing opening parenthesis: 0.000000,0.000000,1.000000
[2017.03.05-01.06.55:072][  0]ImportText (Rotation): Missing opening parenthesis: -90.000000,0.000000,0.000000
[2017.03.05-01.06.55:085][  0]ImportText (B): Missing opening parenthesis: 1.000000,1.000000,1.000000
[2017.03.05-01.06.58:706][  0]LogEngine: Initializing Engine...
[2017.03.05-01.07.00:451][  0]LogAIModule: Creating AISystem for world Untitled
[2017.03.05-01.07.00:541][  0]LogInit: XAudio2 using 'Speakers (Conexant High Definition Audio)' : 2 channels at 44.1 kHz using 16 bits per sample (channel mask 0x3)
[2017.03.05-01.07.00:628][  0]LogInit: FAudioDevice initialized.
[2017.03.05-01.07.00:840][  0]LogDerivedDataCache: Saved boot cache 0.21s 50MB C:/Users/Anthony/AppData/Local/UnrealEngine/4.14/DerivedDataCache/Boot.ddc.
[2017.03.05-01.07.00:892][  0]LogInit: Texture streaming: Enabled
[2017.03.05-01.07.02:296][  0]LogInit: Transaction tracking system initialized
[2017.03.05-01.07.04:427][  0]BlueprintLog: New page: Editor Load
[2017.03.05-01.07.12:357][  0]LocalizationService: Info Localization service is disabled
[2017.03.05-01.07.15:481][  0]LogModuleManager:Warning: No filename provided for module TcpMessaging
[2017.03.05-01.07.15:482][  0]LogModuleManager:Warning: ModuleManager: Unable to load module 'TcpMessaging' because the file 'C:/Program Files (x86)/Epic Games/4.14/Engine/Binaries/Win64/' was not found.
[2017.03.05-01.07.17:401][  0]LogConsoleResponse:Display: 
[2017.03.05-01.07.18:687][  0]LogCook:Display: Max memory allowance for cook 16384mb min free memory 0mb
[2017.03.05-01.07.18:687][  0]LogCook:Display: Mobile HDR setting 1
[2017.03.05-01.07.19:084][  0]LogFileCache: Scanning file cache for directory 'C:/Epic Games/Abyss/Content/' took 0.06s
[2017.03.05-01.07.24:444][  0]SourceControl: Info Source control is disabled
[2017.03.05-01.07.24:445][  0]Cmd: MAP LOAD FILE="../../../../../../Epic Games/Abyss/Content/Maps-Levels/startMenu.umap" TEMPLATE=0 SHOWPROGRESS=1 FEATURELEVEL=3
[2017.03.05-01.07.24:447][  0]LightingResults: New page: Lighting Build
[2017.03.05-01.07.24:787][  0]MapCheck: New page: Map Check
[2017.03.05-01.07.24:787][  0]LightingResults: New page: Lighting Build
[2017.03.05-01.07.26:668][  0]LogAIModule: Creating AISystem for world startMenu
[2017.03.05-01.07.26:678][  0]LogEditorServer: Finished looking for orphan Actors (0.000 secs)
[2017.03.05-01.07.26:680][  0]Cmd: MAP CHECKDEP NOCLEARLOG
[2017.03.05-01.07.27:176][  0]MapCheck: Info Map check complete: 0 Error(s), 0 Warning(s), took 495.149ms to complete.
[2017.03.05-01.07.27:177][  0]LogFileHelpers: Loading map 'startMenu' took 2.732
[2017.03.05-01.07.27:735][  0]LogCollectionManager: Loaded 0 collections in 0.010826 seconds
[2017.03.05-01.07.28:090][  0]LogFileCache: Scanning file cache for directory 'C:/Epic Games/Abyss/Saved/Collections/' took 0.01s
[2017.03.05-01.07.28:090][  0]LogFileCache: Scanning file cache for directory 'C:/Epic Games/Abyss/Content/Developers/Anthony/Collections/' took 0.01s
[2017.03.05-01.07.28:090][  0]LogFileCache: Scanning file cache for directory 'C:/Epic Games/Abyss/Content/Collections/' took 0.01s
[2017.03.05-01.07.28:090][  0]LogCollectionManager: Rebuilt the GUID cache for 0 collections in 0.000004 seconds
[2017.03.05-01.07.28:141][  0]LogContentBrowser: Native class hierarchy populated in 0.0500 seconds. Added 2245 classes and 411 folders.
[2017.03.05-01.07.28:362][  0]LogStats: UGameplayTagsManager::ConstructGameplayTagTree: Construct from data asset -  0.000 s
[2017.03.05-01.07.28:362][  0]LogStats: UGameplayTagsManager::ConstructGameplayTagTree: GameplayTagTreeChangedEvent.Broadcast -  0.000 s
[2017.03.05-01.07.28:364][  0]LogContentBrowser: Native class hierarchy updated for 'GameplayTags' in 0.0022 seconds. Added 13 classes and 0 folders.
[2017.03.05-01.07.28:667][  0]LogContentBrowser: Native class hierarchy updated for 'WidgetCarousel' in 0.0018 seconds. Added 0 classes and 0 folders.
[2017.03.05-01.07.28:960][  0]LogContentBrowser: Native class hierarchy updated for 'AddContentDialog' in 0.0029 seconds. Added 0 classes and 0 folders.
[2017.03.05-01.07.29:183][  0]LogContentBrowser: Native class hierarchy updated for 'SceneOutliner' in 0.0024 seconds. Added 1 classes and 2 folders.
[2017.03.05-01.07.29:364][  0]LogCrashTracker: Crashtracker disabled due to settings.
[2017.03.05-01.07.29:393][  0]LogUObjectGlobals:Warning: Failed to find object 'Class None.'
[2017.03.05-01.07.29:683][  0]LogContentBrowser: Native class hierarchy updated for 'HierarchicalLODOutliner' in 0.0027 seconds. Added 1 classes and 2 folders.
[2017.03.05-01.07.29:684][  0]LogLoad: (Engine Initialization) Total time: 123.45 seconds
[2017.03.05-01.07.29:684][  0]LogLoad: (Engine Initialization) Total Blueprint compile time: 0.61 seconds
[2017.03.05-01.07.29:684][  0]LogExternalProfiler: Found external profiler: VSPerf
[2017.03.05-01.07.29:684][  0]LogExternalProfiler: Using external profiler: VSPerf
[2017.03.05-01.07.30:053][  0]LogContentStreaming: Texture pool size now 1000 MB
[2017.03.05-01.07.30:686][  0]LogRenderer: Reallocating scene render targets to support 856x372 NumSamples 1 (Frame:2).
[2017.03.05-01.07.33:662][  8]LogAssetRegistry: Asset discovery search completed in 81.8057 seconds
[2017.03.05-01.07.33:663][  8]LogCollectionManager: Rebuilt the object cache for 0 collections in 0.000002 seconds (found 0 objects)
[2017.03.05-01.07.33:663][  8]LogCollectionManager: Fixed up redirectors for 0 collections in 0.000082 seconds (updated 0 objects)
[2017.03.05-01.08.33:960][745]LogAIModule: Creating AISystem for world Fort_Exploration
[2017.03.05-01.08.34:701][745]Cmd: MAP LOAD FILE="../../../../../../Epic Games/Abyss/Content/Maps-Levels/Fort/Exploration/Fort_Exploration.umap" TEMPLATE=0 SHOWPROGRESS=1 FEATURELEVEL=3
[2017.03.05-01.08.34:704][745]LightingResults: New page: Lighting Build
[2017.03.05-01.08.34:708][745]LoadErrors: New page: Loading map: Fort_Exploration.umap
[2017.03.05-01.08.34:710][745]MapCheck: New page: Map Check
[2017.03.05-01.08.34:710][745]LightingResults: New page: Lighting Build
[2017.03.05-01.08.35:313][745]LogEditorServer: Finished looking for orphan Actors (0.000 secs)
[2017.03.05-01.08.35:585][745]Cmd: MAP CHECKDEP NOCLEARLOG
[2017.03.05-01.08.36:045][745]MapCheck: Info Map check complete: 0 Error(s), 0 Warning(s), took 459.388ms to complete.
[2017.03.05-01.08.36:064][745]LogFileHelpers: Loading map 'Fort_Exploration' took 1.366
[2017.03.05-01.09.05:556][990]LogContentBrowser: Native class hierarchy updated for 'BlueprintGraph' in 0.0041 seconds. Added 111 classes and 0 folders.
[2017.03.05-01.09.36:768][261]LogEditorViewport: Clicking on Actor (LMB): Fort_BattleTrigger_C (Fort_BattleTrigger)
[2017.03.05-01.30.09:576][690]BlueprintLog: New page: Compile Fort_BattleTrigger
[2017.03.05-01.30.58:906][456]LogTemp: Repeting last play command: Standalone Game
[2017.03.05-01.31.06:210][456]LogSavePackage: Save=1251.77ms
[2017.03.05-01.31.06:210][456]LogSavePackage: Moving '../../../../../../Epic Games/Abyss/Saved/UEDPCFort_ExplorationFE5E7BFA499AE79FCD96CEB2E5BE17BE.tmp' to '../../../../../../Epic Games/Abyss/Saved/Autosaves/Game/Maps-Levels/Fort/Exploration/UEDPCFort_Exploration.umap'
[2017.03.05-01.31.06:217][456]LogSavePackage:Display: Finished SavePackage ../../../../../../Epic Games/Abyss/Saved/Autosaves/Game/Maps-Levels/Fort/Exploration/UEDPCFort_Exploration.umap
[2017.03.05-01.31.06:258][456]LogEditorTransaction: Undo Spawn Play From Here Start
[2017.03.05-01.32.25:258][767]LogD3D11RHI: Timed out while waiting for GPU to catch up. (500 ms)
[2017.03.05-01.32.58:051][859]LogD3D11RHI: Timed out while waiting for GPU to catch up. (500 ms)
[2017.03.05-01.32.58:052][859]LogD3D11RHI: Timed out while waiting for GPU to catch up. (500 ms)
[2017.03.05-01.32.59:903][862]LogD3D11RHI: Timed out while waiting for GPU to catch up. (500 ms)
[2017.03.05-01.33.00:478][864]LogD3D11RHI: Timed out while waiting for GPU to catch up. (500 ms)
[2017.03.05-01.33.00:965][865]LogD3D11RHI: Timed out while waiting for GPU to catch up. (500 ms)
[2017.03.05-01.33.01:435][866]LogD3D11RHI: Timed out while waiting for GPU to catch up. (500 ms)
[2017.03.05-01.33.01:973][867]LogD3D11RHI: Timed out while waiting for GPU to catch up. (500 ms)
[2017.03.05-01.33.02:478][868]LogD3D11RHI: Timed out while waiting for GPU to catch up. (500 ms)
[2017.03.05-01.34.29:588][155]LogBlueprintUserMessages: Early PlayInEditor Detection: Level '/Game/Maps-Levels/Fort/Exploration/Fort_Exploration.Fort_Exploration:PersistentLevel' has LevelScriptBlueprint '/Game/Maps-Levels/Fort/Exploration/Fort_Exploration.Fort_Exploration:PersistentLevel.Fort_Exploration' with GeneratedClass '/Game/Maps-Levels/Fort/Exploration/Fort_Exploration.Fort_Exploration_C' with ClassGeneratedBy '/Game/Maps-Levels/Fort/Exploration/Fort_Exploration.Fort_Exploration:PersistentLevel.Fort_Exploration'
[2017.03.05-01.34.29:706][155]LogPlayLevel: PlayLevel: No blueprints needed recompiling
[2017.03.05-01.34.29:967][155]PIE: New page: PIE session: Fort_Exploration (Mar 4, 2017, 3:34:29 PM)
[2017.03.05-01.34.29:996][155]LogPlayLevel: Creating play world package: /Game/Maps-Levels/Fort/Exploration/UEDPIE_0_Fort_Exploration
[2017.03.05-01.34.30:100][155]LogPlayLevel: PIE: StaticDuplicateObject took: (0.103540s)
[2017.03.05-01.34.30:134][155]LogAIModule: Creating AISystem for world Fort_Exploration
[2017.03.05-01.34.30:149][155]LogPlayLevel: PIE: World Init took: (0.048369s)
[2017.03.05-01.34.30:177][155]LogPlayLevel: PIE: Created PIE world by copying editor world from /Game/Maps-Levels/Fort/Exploration/Fort_Exploration.Fort_Exploration to /Game/Maps-Levels/Fort/Exploration/UEDPIE_0_Fort_Exploration.Fort_Exploration (0.181079s)
[2017.03.05-01.34.31:096][155]LogInit: XAudio2 using 'Speakers (Conexant High Definition Audio)' : 2 channels at 44.1 kHz using 16 bits per sample (channel mask 0x3)
[2017.03.05-01.34.31:232][155]LogInit: FAudioDevice initialized.
[2017.03.05-01.34.31:589][155]LogLoad: Game class is 'abyssExplorationMode_C'
[2017.03.05-01.34.31:629][155]LogWorld: Bringing World /Game/Maps-Levels/Fort/Exploration/UEDPIE_0_Fort_Exploration.Fort_Exploration up for play (max tick rate 60) at 2017.03.04-20.34.31
[2017.03.05-01.34.31:631][155]LogWorld: Bringing up level for play took: 0.018707
[2017.03.05-01.34.37:291][155]LogContentBrowser: Native class hierarchy updated for 'MovieSceneCapture' in 0.0669 seconds. Added 11 classes and 0 folders.
[2017.03.05-01.34.37:306][155]PIE: Info Play in editor start time for /Game/Maps-Levels/Fort/Exploration/UEDPIE_0_Fort_Exploration 8.155
[2017.03.05-01.34.37:307][155]LogBlueprintUserMessages: Late PlayInEditor Detection: Level '/Game/Maps-Levels/Fort/Exploration/Fort_Exploration.Fort_Exploration:PersistentLevel' has LevelScriptBlueprint '/Game/Maps-Levels/Fort/Exploration/Fort_Exploration.Fort_Exploration:PersistentLevel.Fort_Exploration' with GeneratedClass '/Game/Maps-Levels/Fort/Exploration/Fort_Exploration.Fort_Exploration_C' with ClassGeneratedBy '/Game/Maps-Levels/Fort/Exploration/Fort_Exploration.Fort_Exploration:PersistentLevel.Fort_Exploration'
[2017.03.05-01.34.47:546][246]LogNet: Browse: /Game/Maps-Levels/Fort/Fort_Battle
[2017.03.05-01.34.47:546][246]LogLoad: LoadMap: /Game/Maps-Levels/Fort/Fort_Battle
[2017.03.05-01.34.49:240][246]Cmd: MEM
[2017.03.05-01.34.50:122][246]LogMemory: Platform Memory Stats for Windows
[2017.03.05-01.34.50:123][246]LogMemory: Process Physical Memory: 1291.09 MB used, 1372.16 MB peak
[2017.03.05-01.34.50:123][246]LogMemory: Process Virtual Memory: 1286.04 MB used, 1294.43 MB peak
[2017.03.05-01.34.50:123][246]LogMemory: Physical Memory: 2737.75 MB used,  1081.16 MB free, 3818.90 MB total
[2017.03.05-01.34.50:123][246]LogMemory: Virtual Memory: 2560.16 MB used,  1081.16 MB free, 8388608.00 MB total
[2017.03.05-01.34.50:123][246]LogMemory: 
[2017.03.05-01.34.50:123][246]Allocator Stats for TBB: (not implemented)
[2017.03.05-01.34.51:906][246]LogBlueprint:Warning: [Compiler PersistentLevel.Fort_Battle] Warning 'BS Enemy' does not inherit from 'BS Player' ( K2Node_DynamicCast_2  would always fail).
[2017.03.05-01.34.51:917][246]LogBlueprint:Warning: [Compiler PersistentLevel.Fort_Battle] Warning [1765.65] Compile of PersistentLevel.Fort_Battle successful, but with 1 Warning(s) [in 40 ms] (/Game/Maps-Levels/Fort/Fort_Battle.Fort_Battle:PersistentLevel.Fort_Battle)
[2017.03.05-01.34.51:917][246]LogBlueprint:Warning: [Compiler PersistentLevel.Fort_Battle] Warning [1765.65] Compile of PersistentLevel.Fort_Battle successful, but with 2 Warning(s) [in 0 ms] (/Game/Maps-Levels/Fort/Fort_Battle.Fort_Battle:PersistentLevel.Fort_Battle)
[2017.03.05-01.34.51:917][246]LogBlueprint:Warning: [Compiler PersistentLevel.Fort_Battle] Warning [1765.65] Compile of PersistentLevel.Fort_Battle successful, but with 3 Warning(s) [in 0 ms] (/Game/Maps-Levels/Fort/Fort_Battle.Fort_Battle:PersistentLevel.Fort_Battle)
[2017.03.05-01.34.51:933][246]LogBlueprint:Warning: [Compiler PersistentLevel.Fort_Battle] Warning 'BS Enemy' does not inherit from 'BS Player' ( K2Node_DynamicCast_2  would always fail).
[2017.03.05-01.34.51:944][246]LogBlueprint:Warning: [Compiler PersistentLevel.Fort_Battle] Warning [1765.68] Compile of PersistentLevel.Fort_Battle successful, but with 1 Warning(s) [in 20 ms] (/Game/Maps-Levels/Fort/Fort_Battle.Fort_Battle:PersistentLevel.Fort_Battle)
[2017.03.05-01.34.51:944][246]LogBlueprint:Warning: [Compiler PersistentLevel.Fort_Battle] Warning [1765.68] Compile of PersistentLevel.Fort_Battle successful, but with 2 Warning(s) [in 0 ms] (/Game/Maps-Levels/Fort/Fort_Battle.Fort_Battle:PersistentLevel.Fort_Battle)
[2017.03.05-01.34.51:945][246]LogBlueprint:Warning: [Compiler PersistentLevel.Fort_Battle] Warning [1765.68] Compile of PersistentLevel.Fort_Battle successful, but with 3 Warning(s) [in 0 ms] (/Game/Maps-Levels/Fort/Fort_Battle.Fort_Battle:PersistentLevel.Fort_Battle)
[2017.03.05-01.34.52:806][246]LogBlueprint:Warning: USimpleConstructionScript::FixupRootNodeParentReferences() - Couldn't find inherited parent component 'DefaultSceneRoot' for 'PaperSprite' in BlueprintGeneratedClass 'BS_Enemy_C' (it may have been removed)
[2017.03.05-01.34.53:568][246]LogStats: FPlatformStackWalk::StackWalkAndDump -  0.720 s
[2017.03.05-01.34.53:568][246]LogOutputDevice:Error: === Handled ensure: ===
[2017.03.05-01.34.53:568][246]LogOutputDevice:Error: 
[2017.03.05-01.34.53:568][246]LogOutputDevice:Error: Ensure condition failed: IsObjectValidForDatabase(AssetObject) [File:D:\Build\++UE4+Release-4.14+Compile\Sync\Engine\Source\Editor\BlueprintGraph\Private\BlueprintActionDatabase.cpp] [Line: 1263]
[2017.03.05-01.34.53:568][246]LogOutputDevice:Error: 
[2017.03.05-01.34.53:568][246]LogOutputDevice:Error: Stack: 
[2017.03.05-01.34.53:569][246]LogOutputDevice:Error: UE4Editor-Core.dll
[2017.03.05-01.34.53:569][246]LogOutputDevice:Error: UE4Editor-Core.dll
[2017.03.05-01.34.53:569][246]LogOutputDevice:Error: UE4Editor-Core.dll
[2017.03.05-01.34.53:569][246]LogOutputDevice:Error: UE4Editor-BlueprintGraph.dll
[2017.03.05-01.34.53:569][246]LogOutputDevice:Error: UE4Editor-BlueprintGraph.dll
[2017.03.05-01.34.53:569][246]LogOutputDevice:Error: UE4Editor-CoreUObject.dll
[2017.03.05-01.34.53:569][246]LogOutputDevice:Error: UE4Editor-CoreUObject.dll
[2017.03.05-01.34.53:569][246]LogOutputDevice:Error: UE4Editor-CoreUObject.dll
[2017.03.05-01.34.53:569][246]LogOutputDevice:Error: UE4Editor-CoreUObject.dll
[2017.03.05-01.34.53:569][246]LogOutputDevice:Error: UE4Editor-Engine.dll
[2017.03.05-01.34.53:569][246]LogOutputDevice:Error: UE4Editor-Engine.dll
[2017.03.05-01.34.53:569][246]LogOutputDevice:Error: UE4Editor-Engine.dll
[2017.03.05-01.34.53:569][246]LogOutputDevice:Error: UE4Editor-UnrealEd.dll
[2017.03.05-01.34.53:569][246]LogOutputDevice:Error: UE4Editor-UnrealEd.dll
[2017.03.05-01.34.53:569][246]LogOutputDevice:Error: UE4Editor.exe
[2017.03.05-01.34.53:569][246]LogOutputDevice:Error: UE4Editor.exe
[2017.03.05-01.34.53:569][246]LogOutputDevice:Error: UE4Editor.exe
[2017.03.05-01.34.53:569][246]LogOutputDevice:Error: UE4Editor.exe
[2017.03.05-01.34.53:569][246]LogOutputDevice:Error: UE4Editor.exe
[2017.03.05-01.34.53:569][246]LogOutputDevice:Error: kernel32.dll
[2017.03.05-01.34.53:569][246]LogOutputDevice:Error: ntdll.dll
[2017.03.05-01.34.53:569][246]LogOutputDevice:Error: 
[2017.03.05-01.34.53:578][246]LogStats:                SubmitErrorReport -  0.000 s
