Log file open, 02/28/17 11:43:32
LogInit:Display: Running engine for game: Abyss
LogPlatformFile: Not using cached read wrapper
LogInit:Display: RandInit(-1623271514) SRandInit(-1623271514).
LogTaskGraph: Started task graph with 5 named threads and 8 total threads with 1 sets of task threads.
LogStats: Stats thread started at 0.078682
LogPluginManager: Loaded Plugin Paper2D, From C:/Program Files/Epic Games/UE_4.14/Engine/Plugins/2D/Paper2D/Paper2D.uplugin
LogPluginManager: Loaded Plugin LightPropagationVolume, From C:/Program Files/Epic Games/UE_4.14/Engine/Plugins/Blendables/LightPropagationVolume/LightPropagationVolume.uplugin
LogPluginManager: Loaded Plugin BlankPlugin, From C:/Program Files/Epic Games/UE_4.14/Engine/Plugins/Developer/BlankPlugin/BlankPlugin.uplugin
LogPluginManager: Loaded Plugin CodeLiteSourceCodeAccess, From C:/Program Files/Epic Games/UE_4.14/Engine/Plugins/Developer/CodeLiteSourceCodeAccess/CodeLiteSourceCodeAccess.uplugin
LogPluginManager: Loaded Plugin GitSourceControl, From C:/Program Files/Epic Games/UE_4.14/Engine/Plugins/Developer/GitSourceControl/GitSourceControl.uplugin
LogPluginManager: Loaded Plugin KDevelopSourceCodeAccess, From C:/Program Files/Epic Games/UE_4.14/Engine/Plugins/Developer/KDevelopSourceCodeAccess/KDevelopSourceCodeAccess.uplugin
LogPluginManager: Loaded Plugin NullSourceCodeAccess, From C:/Program Files/Epic Games/UE_4.14/Engine/Plugins/Developer/NullSourceCodeAccess/NullSourceCodeAccess.uplugin
LogPluginManager: Loaded Plugin OneSkyLocalizationService, From C:/Program Files/Epic Games/UE_4.14/Engine/Plugins/Developer/OneSkyLocalizationService/OneSkyLocalizationService.uplugin
LogPluginManager: Loaded Plugin PerforceSourceControl, From C:/Program Files/Epic Games/UE_4.14/Engine/Plugins/Developer/PerforceSourceControl/PerforceSourceControl.uplugin
LogPluginManager: Loaded Plugin SubversionSourceControl, From C:/Program Files/Epic Games/UE_4.14/Engine/Plugins/Developer/SubversionSourceControl/SubversionSourceControl.uplugin
LogPluginManager: Loaded Plugin UObjectPlugin, From C:/Program Files/Epic Games/UE_4.14/Engine/Plugins/Developer/UObjectPlugin/UObjectPlugin.uplugin
LogPluginManager: Loaded Plugin VisualStudioSourceCodeAccess, From C:/Program Files/Epic Games/UE_4.14/Engine/Plugins/Developer/VisualStudioSourceCodeAccess/VisualStudioSourceCodeAccess.uplugin
LogPluginManager: Loaded Plugin XCodeSourceCodeAccess, From C:/Program Files/Epic Games/UE_4.14/Engine/Plugins/Developer/XCodeSourceCodeAccess/XCodeSourceCodeAccess.uplugin
LogPluginManager: Loaded Plugin AudioCapture, From C:/Program Files/Epic Games/UE_4.14/Engine/Plugins/Editor/AudioCapture/AudioCapture.uplugin
LogPluginManager: Loaded Plugin EpicSurvey, From C:/Program Files/Epic Games/UE_4.14/Engine/Plugins/Editor/EpicSurvey/EpicSurvey.uplugin
LogPluginManager: Loaded Plugin MacGraphicsSwitching, From C:/Program Files/Epic Games/UE_4.14/Engine/Plugins/Editor/MacGraphicsSwitching/MacGraphicsSwitching.uplugin
LogPluginManager: Loaded Plugin MobileLauncherProfileWizard, From C:/Program Files/Epic Games/UE_4.14/Engine/Plugins/Editor/MobileLauncherProfileWizard/MobileLauncherProfileWizard.uplugin
LogPluginManager: Loaded Plugin PluginBrowser, From C:/Program Files/Epic Games/UE_4.14/Engine/Plugins/Editor/PluginBrowser/PluginBrowser.uplugin
LogPluginManager: Loaded Plugin SpeedTreeImporter, From C:/Program Files/Epic Games/UE_4.14/Engine/Plugins/Editor/SpeedTreeImporter/SpeedTreeImporter.uplugin
LogPluginManager: Loaded Plugin SuperSearchEditor, From C:/Program Files/Epic Games/UE_4.14/Engine/Plugins/Editor/SuperSearchEditor/SuperSearchEditor.uplugin
LogPluginManager: Loaded Plugin AlembicImporter, From C:/Program Files/Epic Games/UE_4.14/Engine/Plugins/Experimental/AlembicImporter/AlembicImporter.uplugin
LogPluginManager: Loaded Plugin BlueprintStats, From C:/Program Files/Epic Games/UE_4.14/Engine/Plugins/Experimental/BlueprintStats/BlueprintStats.uplugin
LogPluginManager: Loaded Plugin CharacterAI, From C:/Program Files/Epic Games/UE_4.14/Engine/Plugins/Experimental/CharacterAI/CharacterAI.uplugin
LogPluginManager: Loaded Plugin CodeEditor, From C:/Program Files/Epic Games/UE_4.14/Engine/Plugins/Experimental/CodeEditor/CodeEditor.uplugin
LogPluginManager: Loaded Plugin CodeView, From C:/Program Files/Epic Games/UE_4.14/Engine/Plugins/Experimental/CodeView/CodeView.uplugin
LogPluginManager: Loaded Plugin HTML5Networking, From C:/Program Files/Epic Games/UE_4.14/Engine/Plugins/Experimental/HTML5Networking/HTML5Networking.uplugin
LogPluginManager: Loaded Plugin OSVR, From C:/Program Files/Epic Games/UE_4.14/Engine/Plugins/Experimental/OSVR/OSVR.uplugin
LogPluginManager: Loaded Plugin Phya, From C:/Program Files/Epic Games/UE_4.14/Engine/Plugins/Experimental/Phya/Phya.uplugin
LogPluginManager: Loaded Plugin SignificanceManager, From C:/Program Files/Epic Games/UE_4.14/Engine/Plugins/Experimental/SignificanceManager/SignificanceManager.uplugin
LogPluginManager: Loaded Plugin SimpleHMD, From C:/Program Files/Epic Games/UE_4.14/Engine/Plugins/Experimental/SimpleHMD/SimpleHMD.uplugin
LogPluginManager: Loaded Plugin StereoPanorama, From C:/Program Files/Epic Games/UE_4.14/Engine/Plugins/Experimental/StereoPanorama/StereoPanorama.uplugin
LogPluginManager: Loaded Plugin StructBox, From C:/Program Files/Epic Games/UE_4.14/Engine/Plugins/Experimental/StructBox/StructBox.uplugin
LogPluginManager: Loaded Plugin AndroidMedia, From C:/Program Files/Epic Games/UE_4.14/Engine/Plugins/Media/AndroidMedia/AndroidMedia.uplugin
LogPluginManager: Loaded Plugin AvfMedia, From C:/Program Files/Epic Games/UE_4.14/Engine/Plugins/Media/AvfMedia/AvfMedia.uplugin
LogPluginManager: Loaded Plugin MediaPlayerEditor, From C:/Program Files/Epic Games/UE_4.14/Engine/Plugins/Media/MediaPlayerEditor/MediaPlayerEditor.uplugin
LogPluginManager: Loaded Plugin WmfMedia, From C:/Program Files/Epic Games/UE_4.14/Engine/Plugins/Media/WmfMedia/WmfMedia.uplugin
LogPluginManager: Loaded Plugin MessagingDebugger, From C:/Program Files/Epic Games/UE_4.14/Engine/Plugins/Messaging/MessagingDebugger/MessagingDebugger.uplugin
LogPluginManager: Loaded Plugin TcpMessaging, From C:/Program Files/Epic Games/UE_4.14/Engine/Plugins/Messaging/TcpMessaging/TcpMessaging.uplugin
LogPluginManager: Loaded Plugin UdpMessaging, From C:/Program Files/Epic Games/UE_4.14/Engine/Plugins/Messaging/UdpMessaging/UdpMessaging.uplugin
LogPluginManager: Loaded Plugin LevelSequenceEditor, From C:/Program Files/Epic Games/UE_4.14/Engine/Plugins/MovieScene/LevelSequenceEditor/LevelSequenceEditor.uplugin
LogPluginManager: Loaded Plugin MatineeToLevelSequence, From C:/Program Files/Epic Games/UE_4.14/Engine/Plugins/MovieScene/MatineeToLevelSequence/MatineeToLevelSequence.uplugin
LogPluginManager: Loaded Plugin NetcodeUnitTest, From C:/Program Files/Epic Games/UE_4.14/Engine/Plugins/NetcodeUnitTest/NetcodeUnitTest/NetcodeUnitTest.uplugin
LogPluginManager: Loaded Plugin NUTUnrealEngine4, From C:/Program Files/Epic Games/UE_4.14/Engine/Plugins/NetcodeUnitTest/NUTUnrealEngine4/NUTUnrealEngine4.uplugin
LogPluginManager: Loaded Plugin OnlineSubsystemGameCircle, From C:/Program Files/Epic Games/UE_4.14/Engine/Plugins/Online/Android/OnlineSubsystemGameCircle/OnlineSubsystemGameCircle.uplugin
LogPluginManager: Loaded Plugin OnlineSubsystemGooglePlay, From C:/Program Files/Epic Games/UE_4.14/Engine/Plugins/Online/Android/OnlineSubsystemGooglePlay/OnlineSubsystemGooglePlay.uplugin
LogPluginManager: Loaded Plugin OnlineSubsystemIOS, From C:/Program Files/Epic Games/UE_4.14/Engine/Plugins/Online/IOS/OnlineSubsystemIOS/OnlineSubsystemIOS.uplugin
LogPluginManager: Loaded Plugin OnlineFramework, From C:/Program Files/Epic Games/UE_4.14/Engine/Plugins/Online/OnlineFramework/OnlineFramework.uplugin
LogPluginManager: Loaded Plugin OnlineSubsystem, From C:/Program Files/Epic Games/UE_4.14/Engine/Plugins/Online/OnlineSubsystem/OnlineSubsystem.uplugin
LogPluginManager: Loaded Plugin OnlineSubsystemAmazon, From C:/Program Files/Epic Games/UE_4.14/Engine/Plugins/Online/OnlineSubsystemAmazon/OnlineSubsystemAmazon.uplugin
LogPluginManager: Loaded Plugin OnlineSubsystemFacebook, From C:/Program Files/Epic Games/UE_4.14/Engine/Plugins/Online/OnlineSubsystemFacebook/OnlineSubsystemFacebook.uplugin
LogPluginManager: Loaded Plugin OnlineSubsystemNull, From C:/Program Files/Epic Games/UE_4.14/Engine/Plugins/Online/OnlineSubsystemNull/OnlineSubsystemNull.uplugin
LogPluginManager: Loaded Plugin OnlineSubsystemOculus, From C:/Program Files/Epic Games/UE_4.14/Engine/Plugins/Online/OnlineSubsystemOculus/OnlineSubsystemOculus.uplugin
LogPluginManager: Loaded Plugin OnlineSubsystemSteam, From C:/Program Files/Epic Games/UE_4.14/Engine/Plugins/Online/OnlineSubsystemSteam/OnlineSubsystemSteam.uplugin
LogPluginManager: Loaded Plugin OnlineSubsystemUtils, From C:/Program Files/Epic Games/UE_4.14/Engine/Plugins/Online/OnlineSubsystemUtils/OnlineSubsystemUtils.uplugin
LogPluginManager: Loaded Plugin IOSTapJoy, From C:/Program Files/Epic Games/UE_4.14/Engine/Plugins/Runtime/Advertising/IOSTapJoy/IOSTapJoy.uplugin
LogPluginManager: Loaded Plugin AnalyticsBlueprintLibrary, From C:/Program Files/Epic Games/UE_4.14/Engine/Plugins/Runtime/Analytics/AnalyticsBlueprintLibrary/AnalyticsBlueprintLibrary.uplugin
LogPluginManager: Loaded Plugin AnalyticsMulticast, From C:/Program Files/Epic Games/UE_4.14/Engine/Plugins/Runtime/Analytics/AnalyticsMulticast/AnalyticsMulticast.uplugin
LogPluginManager: Loaded Plugin Apsalar, From C:/Program Files/Epic Games/UE_4.14/Engine/Plugins/Runtime/Analytics/Apsalar/Apsalar.uplugin
LogPluginManager: Loaded Plugin FileLogging, From C:/Program Files/Epic Games/UE_4.14/Engine/Plugins/Runtime/Analytics/FileLogging/FileLogging.uplugin
LogPluginManager: Loaded Plugin Flurry, From C:/Program Files/Epic Games/UE_4.14/Engine/Plugins/Runtime/Analytics/Flurry/Flurry.uplugin
LogPluginManager: Loaded Plugin AndroidDeviceProfileSelector, From C:/Program Files/Epic Games/UE_4.14/Engine/Plugins/Runtime/AndroidDeviceProfileSelector/AndroidDeviceProfileSelector.uplugin
LogPluginManager: Loaded Plugin AndroidMoviePlayer, From C:/Program Files/Epic Games/UE_4.14/Engine/Plugins/Runtime/AndroidMoviePlayer/AndroidMoviePlayer.uplugin
LogPluginManager: Loaded Plugin AppleMoviePlayer, From C:/Program Files/Epic Games/UE_4.14/Engine/Plugins/Runtime/AppleMoviePlayer/AppleMoviePlayer.uplugin
LogPluginManager: Loaded Plugin ArchVisCharacter, From C:/Program Files/Epic Games/UE_4.14/Engine/Plugins/Runtime/ArchVisCharacter/ArchVisCharacter.uplugin
LogPluginManager: Loaded Plugin CableComponent, From C:/Program Files/Epic Games/UE_4.14/Engine/Plugins/Runtime/CableComponent/CableComponent.uplugin
LogPluginManager: Loaded Plugin CustomMeshComponent, From C:/Program Files/Epic Games/UE_4.14/Engine/Plugins/Runtime/CustomMeshComponent/CustomMeshComponent.uplugin
LogPluginManager: Loaded Plugin ExampleDeviceProfileSelector, From C:/Program Files/Epic Games/UE_4.14/Engine/Plugins/Runtime/ExampleDeviceProfileSelector/ExampleDeviceProfileSelector.uplugin
LogPluginManager: Loaded Plugin GearVR, From C:/Program Files/Epic Games/UE_4.14/Engine/Plugins/Runtime/GearVR/GearVR.uplugin
LogPluginManager: Loaded Plugin GoogleVRController, From C:/Program Files/Epic Games/UE_4.14/Engine/Plugins/Runtime/GoogleVR/GoogleVRController/GoogleVRController.uplugin
LogPluginManager: Loaded Plugin GoogleVRHMD, From C:/Program Files/Epic Games/UE_4.14/Engine/Plugins/Runtime/GoogleVR/GoogleVRHMD/GoogleVRHMD.uplugin
LogPluginManager: Loaded Plugin IOSDeviceProfileSelector, From C:/Program Files/Epic Games/UE_4.14/Engine/Plugins/Runtime/IOSDeviceProfileSelector/IOSDeviceProfileSelector.uplugin
LogPluginManager: Loaded Plugin LeapMotion, From C:/Program Files/Epic Games/UE_4.14/Engine/Plugins/Runtime/LeapMotion/LeapMotion.uplugin
LogPluginManager: Loaded Plugin LinuxDeviceProfileSelector, From C:/Program Files/Epic Games/UE_4.14/Engine/Plugins/Runtime/LinuxDeviceProfileSelector/LinuxDeviceProfileSelector.uplugin
LogPluginManager: Loaded Plugin MIDIDevice, From C:/Program Files/Epic Games/UE_4.14/Engine/Plugins/Runtime/MIDIDevice/MIDIDevice.uplugin
LogPluginManager: Loaded Plugin MobilePatchingUtils, From C:/Program Files/Epic Games/UE_4.14/Engine/Plugins/Runtime/MobilePatchingUtils/MobilePatchingUtils.uplugin
LogPluginManager: Loaded Plugin Ansel, From C:/Program Files/Epic Games/UE_4.14/Engine/Plugins/Runtime/Nvidia/Ansel/Ansel.uplugin
LogPluginManager: Loaded Plugin OculusAudio, From C:/Program Files/Epic Games/UE_4.14/Engine/Plugins/Runtime/OculusAudio/OculusAudio.uplugin
LogPluginManager: Loaded Plugin OculusInput, From C:/Program Files/Epic Games/UE_4.14/Engine/Plugins/Runtime/OculusInput/OculusInput.uplugin
LogPluginManager: Loaded Plugin OculusLibrary, From C:/Program Files/Epic Games/UE_4.14/Engine/Plugins/Runtime/OculusLibrary/OculusLibrary.uplugin
LogPluginManager: Loaded Plugin OculusRift, From C:/Program Files/Epic Games/UE_4.14/Engine/Plugins/Runtime/OculusRift/OculusRift.uplugin
LogPluginManager: Loaded Plugin Oodle, From C:/Program Files/Epic Games/UE_4.14/Engine/Plugins/Runtime/PacketHandlers/CompressionComponents/Oodle/Oodle.uplugin
LogPluginManager: Loaded Plugin ProceduralMeshComponent, From C:/Program Files/Epic Games/UE_4.14/Engine/Plugins/Runtime/ProceduralMeshComponent/ProceduralMeshComponent.uplugin
LogPluginManager: Loaded Plugin SoundMod, From C:/Program Files/Epic Games/UE_4.14/Engine/Plugins/Runtime/SoundMod/SoundMod.uplugin
LogPluginManager: Loaded Plugin SoundVisualizations, From C:/Program Files/Epic Games/UE_4.14/Engine/Plugins/Runtime/SoundVisualizations/SoundVisualizations.uplugin
LogPluginManager: Loaded Plugin SteamController, From C:/Program Files/Epic Games/UE_4.14/Engine/Plugins/Runtime/Steam/SteamController/SteamController.uplugin
LogPluginManager: Loaded Plugin SteamVR, From C:/Program Files/Epic Games/UE_4.14/Engine/Plugins/Runtime/Steam/SteamVR/SteamVR.uplugin
LogPluginManager: Loaded Plugin WebBrowserWidget, From C:/Program Files/Epic Games/UE_4.14/Engine/Plugins/Runtime/WebBrowserWidget/WebBrowserWidget.uplugin
LogPluginManager: Loaded Plugin WindowsDeviceProfileSelector, From C:/Program Files/Epic Games/UE_4.14/Engine/Plugins/Runtime/WindowsDeviceProfileSelector/WindowsDeviceProfileSelector.uplugin
LogPluginManager: Loaded Plugin WindowsMoviePlayer, From C:/Program Files/Epic Games/UE_4.14/Engine/Plugins/Runtime/WindowsMoviePlayer/WindowsMoviePlayer.uplugin
LogPluginManager: Loaded Plugin ScriptPlugin, From C:/Program Files/Epic Games/UE_4.14/Engine/Plugins/ScriptPlugin/ScriptPlugin.uplugin
LogPluginManager: Loaded Plugin SlateRemote, From C:/Program Files/Epic Games/UE_4.14/Engine/Plugins/Slate/SlateRemote/SlateRemote.uplugin
LogPluginManager: Loaded Plugin EditorTests, From C:/Program Files/Epic Games/UE_4.14/Engine/Plugins/Tests/EditorTests/EditorTests.uplugin
LogPluginManager: Loaded Plugin FbxAutomationTestBuilder, From C:/Program Files/Epic Games/UE_4.14/Engine/Plugins/Tests/FbxAutomationTestBuilder/FbxAutomationTestBuilder.uplugin
LogPluginManager: Loaded Plugin FunctionalTestingEditor, From C:/Program Files/Epic Games/UE_4.14/Engine/Plugins/Tests/FunctionalTestingEditor/FunctionalTestingEditor.uplugin
LogPluginManager: Loaded Plugin RuntimeTests, From C:/Program Files/Epic Games/UE_4.14/Engine/Plugins/Tests/RuntimeTests/RuntimeTests.uplugin
LogPluginManager: Loaded Plugin ScreenshotTools, From C:/Program Files/Epic Games/UE_4.14/Engine/Plugins/Tests/ScreenshotTools/ScreenshotTools.uplugin
LogInit: Using libcurl 7.47.1
LogInit:  - built for x86_64-pc-win32
LogInit:  - supports SSL with OpenSSL/1.0.2g
LogInit:  - supports HTTP deflate (compression) using libz 1.2.8
LogInit:  - other features:
LogInit:      CURL_VERSION_SSL
LogInit:      CURL_VERSION_LIBZ
LogInit:      CURL_VERSION_IPV6
LogInit:      CURL_VERSION_ASYNCHDNS
LogInit:      CURL_VERSION_LARGEFILE
LogInit:      CURL_VERSION_IDN
LogInit:  CurlRequestOptions (configurable via config and command line):
LogInit:  - bVerifyPeer = false  - Libcurl will NOT verify peer certificate
LogInit:  - bUseHttpProxy = false  - Libcurl will NOT use HTTP proxy
LogInit:  - bDontReuseConnections = false  - Libcurl will reuse connections
LogInit:  - CertBundlePath = nullptr  - Libcurl will use whatever was configured at build time.
LogInit: Build: ++UE4+Release-4.14-CL-3249277
LogInit: Engine Version: 4.14.3-3249277+++UE4+Release-4.14
LogInit: Compatible Engine Version: 4.14.0-3195953+++UE4+Release-4.14
LogInit: Net CL: 3195953
LogDevObjectVersion: Number of dev versions registered: 13
LogDevObjectVersion:   Dev-Blueprints (B0D832E4-1F89-4F0D-ACCF-7EB736FD4AA2): 7
LogDevObjectVersion:   Dev-Build (E1C64328-A22C-4D53-A36C-8E866417BD8C): 0
LogDevObjectVersion:   Dev-Core (375EC13C-06E4-48FB-B500-84F0262A717E): 1
LogDevObjectVersion:   Dev-Editor (E4B068ED-F494-42E9-A231-DA0B2E46BB41): 8
LogDevObjectVersion:   Dev-Framework (CFFC743F-43B0-4480-9391-14DF171D2073): 17
LogDevObjectVersion:   Dev-Mobile (B02B49B5-BB20-44E9-A304-32B752E40360): 0
LogDevObjectVersion:   Dev-Networking (A4E4105C-59A1-49B5-A7C5-40C4547EDFEE): 0
LogDevObjectVersion:   Dev-Online (39C831C9-5AE6-47DC-9A44-9C173E1C8E7C): 0
LogDevObjectVersion:   Dev-Physics (78F01B33-EBEA-4F98-B9B4-84EACCB95AA2): 0
LogDevObjectVersion:   Dev-Platform (6631380F-2D4D-43E0-8009-CF276956A95A): 0
LogDevObjectVersion:   Dev-Rendering (12F88B9F-8875-4AFC-A67C-D90C383ABD29): 12
LogDevObjectVersion:   Dev-Sequencer (7B5AE74C-D270-4C10-A958-57980B212A5A): 1
LogDevObjectVersion:   Dev-VR (D7296918-1DD6-4BDD-9DE2-64A83CC13884): 0
LogInit: Compiled (64-bit): Jan  6 2017 10:49:43
LogInit: Compiled with Visual C++: 19.00.23026.00
LogInit: Build Configuration: Development
LogInit: Branch Name: ++UE4+Release-4.14
LogInit: Command line: -EpicPortal 
LogInit: Base directory: C:/Program Files/Epic Games/UE_4.14/Engine/Binaries/Win64/
LogInit: Installed Engine Build: 1
LogInit: Presizing for max 8388607 objects, including 0 objects not considered by GC, pre-allocating 0 bytes for permanent pool.
LogInit: Object subsystem initialized
[2017.02.28-16.43.32:788][  0]LogInit: Selected Device Profile: [Windows]
[2017.02.28-16.43.32:788][  0]LogInit: Applying CVar settings loaded from the selected device profile: [Windows]
[2017.02.28-16.43.32:796][  0]LogInit: Computer: ARCTURUS
[2017.02.28-16.43.32:796][  0]LogInit: User: Braden
[2017.02.28-16.43.32:796][  0]LogInit: CPU Page size=65536, Cores=4
[2017.02.28-16.43.32:796][  0]LogInit: High frequency timer resolution =2.338342 MHz
[2017.02.28-16.43.32:796][  0]LogMemory: Memory total: Physical=7.9GB (8GB approx)
[2017.02.28-16.43.32:796][  0]LogMemory: Platform Memory Stats for Windows
[2017.02.28-16.43.32:796][  0]LogMemory: Process Physical Memory: 261.36 MB used, 261.36 MB peak
[2017.02.28-16.43.32:796][  0]LogMemory: Process Virtual Memory: 262.26 MB used, 262.26 MB peak
[2017.02.28-16.43.32:796][  0]LogMemory: Physical Memory: 4873.23 MB used,  3231.04 MB free, 8104.27 MB total
[2017.02.28-16.43.32:796][  0]LogMemory: Virtual Memory: 658.19 MB used,  3231.04 MB free, 134217728.00 MB total
[2017.02.28-16.43.32:822][  0]LogTextLocalizationManager: No specific translations for ('en-US') exist, so ('en') translations will be used.
[2017.02.28-16.43.33:499][  0]LogD3D11RHI: D3D11 adapters:
[2017.02.28-16.43.33:533][  0]LogD3D11RHI:    0. 'Intel(R) HD Graphics 4600' (Feature Level 11_0)
[2017.02.28-16.43.33:533][  0]LogD3D11RHI:       0/0/1792 MB DedicatedVideo/DedicatedSystem/SharedSystem, Outputs:2, VendorId:0x8086
[2017.02.28-16.43.33:560][  0]LogD3D11RHI:    1. 'NVIDIA GeForce GT 755M' (Feature Level 11_0)
[2017.02.28-16.43.33:560][  0]LogD3D11RHI:       1977/0/4052 MB DedicatedVideo/DedicatedSystem/SharedSystem, Outputs:0, VendorId:0x10de
[2017.02.28-16.43.33:561][  0]LogD3D11RHI:    2. 'Microsoft Basic Render Driver' (Feature Level 11_0)
[2017.02.28-16.43.33:561][  0]LogD3D11RHI:       0/0/256 MB DedicatedVideo/DedicatedSystem/SharedSystem, Outputs:0, VendorId:0x1414
[2017.02.28-16.43.33:561][  0]LogD3D11RHI: Chosen D3D11 Adapter: 1
[2017.02.28-16.43.33:566][  0]LogD3D11RHI: Creating new Direct3DDevice
[2017.02.28-16.43.33:566][  0]LogD3D11RHI:     GPU DeviceId: 0xfcd (for the marketing name, search the web for "GPU Device Id")
[2017.02.28-16.43.33:566][  0]LogWindows: EnumDisplayDevices:
[2017.02.28-16.43.33:566][  0]LogWindows:    0. 'Intel(R) HD Graphics 4600' (P:1 D:1)
[2017.02.28-16.43.33:566][  0]LogWindows:    1. 'Intel(R) HD Graphics 4600' (P:0 D:1)
[2017.02.28-16.43.33:566][  0]LogWindows:    2. 'Intel(R) HD Graphics 4600' (P:0 D:0)
[2017.02.28-16.43.33:566][  0]LogWindows:    3. 'NVIDIA GeForce GT 755M' (P:0 D:0)
[2017.02.28-16.43.33:566][  0]LogWindows: DebugString: PrimaryIsNotTheChoosenAdapter PrimaryIsNotTheChoosenAdapter PrimaryIsNotTheChoosenAdapter 
[2017.02.28-16.43.33:567][  0]LogD3D11RHI:     Adapter Name: NVIDIA GeForce GT 755M
[2017.02.28-16.43.33:567][  0]LogD3D11RHI:   Driver Version: 378.66 (internal:21.21.13.7866, unified:378.66)
[2017.02.28-16.43.33:567][  0]LogD3D11RHI:      Driver Date: 2-9-2017
[2017.02.28-16.43.33:567][  0]LogRHI: Texture pool is 1361 MB (70% of 1945 MB)
[2017.02.28-16.43.33:584][  0]LogD3D11RHI:Warning: Timestamp queries are currently disabled on this hardware due to instability. Realtime GPU stats will not be available. You can override this behaviour by setting r.NVIDIATimestampWorkaround to 0
[2017.02.28-16.43.33:584][  0]LogD3D11RHI: Async texture creation enabled
[2017.02.28-16.43.33:603][  0]LogD3D11RHI: GPU Timing Frequency: 1000.000000 (Debug: 2 2)
[2017.02.28-16.43.33:603][  0]LogShaderCompilers: Guid format shader working directory is -19 characters bigger than the processId version (../../../../../../Users/Braden/Documents/GitHub/ChimeraGames/Abyss/Intermediate/Shaders/WorkingDirectory/4004/).
[2017.02.28-16.43.33:603][  0]LogShaderCompilers: Cleaned the shader compiler working directory 'C:/Users/Braden/AppData/Local/Temp/UnrealShaderWorkingDir/F2AB9F9F4B30CB693C20F395F97C62AE/'.
[2017.02.28-16.43.33:604][  0]LogShaderCompilers:Display: Using Local Shader Compiler.
[2017.02.28-16.43.34:674][  0]LogTemp:Display: Loaded TP AllDesktopTargetPlatform
[2017.02.28-16.43.34:713][  0]LogTemp:Display: Loaded TP MacClientTargetPlatform
[2017.02.28-16.43.34:751][  0]LogTemp:Display: Loaded TP MacNoEditorTargetPlatform
[2017.02.28-16.43.34:790][  0]LogTemp:Display: Loaded TP MacServerTargetPlatform
[2017.02.28-16.43.34:831][  0]LogTemp:Display: Loaded TP MacTargetPlatform
[2017.02.28-16.43.34:869][  0]LogTemp:Display: Loaded TP WindowsClientTargetPlatform
[2017.02.28-16.43.34:911][  0]LogTemp:Display: Loaded TP WindowsNoEditorTargetPlatform
[2017.02.28-16.43.34:949][  0]LogTemp:Display: Loaded TP WindowsServerTargetPlatform
[2017.02.28-16.43.34:978][  0]LogTemp:Display: Loaded TP WindowsTargetPlatform
[2017.02.28-16.43.35:017][  0]LogTemp:Display: Loaded TP AndroidTargetPlatform
[2017.02.28-16.43.35:055][  0]LogTemp:Display: Loaded TP Android_ASTCTargetPlatform
[2017.02.28-16.43.35:093][  0]LogTemp:Display: Loaded TP Android_ATCTargetPlatform
[2017.02.28-16.43.35:133][  0]LogTemp:Display: Loaded TP Android_DXTTargetPlatform
[2017.02.28-16.43.35:174][  0]LogTemp:Display: Loaded TP Android_ETC1TargetPlatform
[2017.02.28-16.43.35:217][  0]LogTemp:Display: Loaded TP Android_ETC2TargetPlatform
[2017.02.28-16.43.35:303][  0]LogTemp:Display: Loaded TP Android_MultiTargetPlatform
[2017.02.28-16.43.35:303][  0]LogTemp:Display: Loaded TP Android_PVRTCTargetPlatform
[2017.02.28-16.43.35:325][  0]LogTemp:Display: Loaded TP HTML5TargetPlatform
[2017.02.28-16.43.35:387][  0]LogTemp:Display: Loaded TP IOSTargetPlatform
[2017.02.28-16.43.35:414][  0]LogTemp:Display: Loaded TP TVOSTargetPlatform
[2017.02.28-16.43.35:452][  0]LogTemp:Display: Loaded TP LinuxClientTargetPlatform
[2017.02.28-16.43.35:490][  0]LogTemp:Display: Loaded TP LinuxNoEditorTargetPlatform
[2017.02.28-16.43.35:528][  0]LogTemp:Display: Loaded TP LinuxServerTargetPlatform
[2017.02.28-16.43.35:566][  0]LogTemp:Display: Loaded TP LinuxTargetPlatform
[2017.02.28-16.43.35:566][  0]LogTargetPlatformManager:Display: Building Assets For Windows
[2017.02.28-16.43.35:810][  0]LogDerivedDataCache:Display: Max Cache Size: 512 MB
[2017.02.28-16.43.35:883][  0]LogDerivedDataCache: Loaded boot cache 0.07s 52MB C:/Users/Braden/AppData/Local/UnrealEngine/4.14/DerivedDataCache/Boot.ddc.
[2017.02.28-16.43.35:883][  0]LogDerivedDataCache:Display: Loaded Boot cache: C:/Users/Braden/AppData/Local/UnrealEngine/4.14/DerivedDataCache/Boot.ddc
[2017.02.28-16.43.35:883][  0]LogDerivedDataCache: FDerivedDataBackendGraph:  Pak pak cache file ../../../../../../Users/Braden/Documents/GitHub/ChimeraGames/Abyss/DerivedDataCache/DDC.ddp not found, will not use a pak cache.
[2017.02.28-16.43.35:883][  0]LogDerivedDataCache: Unable to find inner node Pak for hierarchical cache Hierarchy.
[2017.02.28-16.43.35:883][  0]LogDerivedDataCache: FDerivedDataBackendGraph:  CompressedPak pak cache file ../../../../../../Users/Braden/Documents/GitHub/ChimeraGames/Abyss/DerivedDataCache/Compressed.ddp not found, will not use a pak cache.
[2017.02.28-16.43.35:883][  0]LogDerivedDataCache: Unable to find inner node CompressedPak for hierarchical cache Hierarchy.
[2017.02.28-16.43.35:902][  0]LogDerivedDataCache:Display: Pak cache opened for reading ../../../Engine/DerivedDataCache/Compressed.ddp.
[2017.02.28-16.43.35:913][  0]LogDerivedDataCache: Using Local data cache path C:/Users/Braden/AppData/Local/UnrealEngine/Common/DerivedDataCache: Writable
[2017.02.28-16.43.36:125][  0]LogInit: Selected Device Profile: [Windows]
[2017.02.28-16.43.36:129][  0]LogContentStreaming: Texture pool size is 0.00 MB
[2017.02.28-16.43.36:295][  0]LogMeshUtilities: Using QuadricMeshReduction for automatic static mesh reduction
[2017.02.28-16.43.36:322][  0]LogSimplygon: Simplygon DLL not present - disabling.
[2017.02.28-16.43.36:349][  0]LogMeshUtilities: Using SimplygonSwarm for distributed automatic mesh merging
[2017.02.28-16.43.36:349][  0]LogMeshUtilities: No automatic skeletal mesh reduction module available
[2017.02.28-16.43.36:349][  0]LogMeshUtilities: No automatic mesh merging module available
[2017.02.28-16.43.36:864][  0]LogNetVersion: GetLocalNetworkVersion: CL: 3195953, ProjectName: abyss, ProjectVersion: , EngineNetworkVersion: 2, GameNetworkVersion: 0, NetworkChecksum: 1595127573
[2017.02.28-16.43.36:913][  0]LogAssetRegistry: FAssetRegistry took 0.0218 seconds to start up
[2017.02.28-16.43.36:945][  0]LogPackageLocalizationCache: Processed 3 localized package path(s) for 2 prioritized culture(s) in 0.019910 seconds
[2017.02.28-16.43.36:950][  0]LogUObjectArray: 31890 objects as part of root set at end of initial load.
[2017.02.28-16.43.36:950][  0]LogUObjectAllocator: 6922376 out of 0 bytes used by permanent object pool.
[2017.02.28-16.43.36:950][  0]LogUObjectArray: CloseDisregardForGC: 0/0 objects in disregard for GC pool
[2017.02.28-16.43.36:987][  0]LogInit: WinSock: version 1.1 (2.2), MaxSocks=32767, MaxUdp=65467
[2017.02.28-16.43.37:432][  0]LogSlate: Using Freetype 2.6.0
[2017.02.28-16.43.37:433][  0]LogSlate: SlateFontCache - WITH_FREETYPE: 1, WITH_HARFBUZZ: 1
[2017.02.28-16.43.37:433][  0]LogSlate: SlateFontCache - WITH_FREETYPE: 1, WITH_HARFBUZZ: 1
[2017.02.28-16.43.38:228][  0]LogMaterial: Uniform references updated for custom material expression Custom.
[2017.02.28-16.43.38:478][  0]SourceControl: Info Source control is disabled
[2017.02.28-16.43.38:478][  0]SourceControl: Info Source control is disabled
[2017.02.28-16.43.38:504][  0]SourceControl: Info Source control is disabled
[2017.02.28-16.43.38:531][  0]SourceControl: Info Source control is disabled
[2017.02.28-16.43.39:109][  0]LogEngine: Initializing Engine...
[2017.02.28-16.43.39:298][  0]LogAIModule: Creating AISystem for world Untitled
[2017.02.28-16.43.39:308][  0]LogInit: XAudio2 using 'Speakers (Realtek High Definition Audio)' : 2 channels at 44.1 kHz using 16 bits per sample (channel mask 0x3)
[2017.02.28-16.43.39:323][  0]LogInit: FAudioDevice initialized.
[2017.02.28-16.43.39:364][  0]LogDerivedDataCache: Saved boot cache 0.04s 52MB C:/Users/Braden/AppData/Local/UnrealEngine/4.14/DerivedDataCache/Boot.ddc.
[2017.02.28-16.43.39:377][  0]LogInit: Texture streaming: Enabled
[2017.02.28-16.43.39:490][  0]LogInit: Transaction tracking system initialized
[2017.02.28-16.43.39:713][  0]BlueprintLog: New page: Editor Load
[2017.02.28-16.43.40:224][  0]LocalizationService: Info Localization service is disabled
[2017.02.28-16.43.40:431][  0]LogModuleManager:Warning: No filename provided for module TcpMessaging
[2017.02.28-16.43.40:431][  0]LogModuleManager:Warning: ModuleManager: Unable to load module 'TcpMessaging' because the file 'C:/Program Files/Epic Games/UE_4.14/Engine/Binaries/Win64/' was not found.
[2017.02.28-16.43.40:821][  0]LogConsoleResponse:Display: 
[2017.02.28-16.43.40:938][  0]LogCook:Display: Max memory allowance for cook 16384mb min free memory 0mb
[2017.02.28-16.43.40:938][  0]LogCook:Display: Mobile HDR setting 1
[2017.02.28-16.43.41:376][  0]LogFileCache: Scanning file cache for directory 'C:/Users/Braden/Documents/GitHub/ChimeraGames/Abyss/Content/' took 0.01s
[2017.02.28-16.43.41:403][  0]SourceControl: Info Source control is disabled
[2017.02.28-16.43.41:404][  0]Cmd: MAP LOAD FILE="../../../../../../Users/Braden/Documents/GitHub/ChimeraGames/Abyss/Content/Maps-Levels/Fort/Fort_Exploration.umap" TEMPLATE=0 SHOWPROGRESS=1 FEATURELEVEL=3
[2017.02.28-16.43.41:404][  0]LightingResults: New page: Lighting Build
[2017.02.28-16.43.41:428][  0]MapCheck: New page: Map Check
[2017.02.28-16.43.41:428][  0]LightingResults: New page: Lighting Build
[2017.02.28-16.43.41:441][  0]LogProperty:Error: UStructProperty::Serialize Loading: Property 'StructProperty /Game/BluePrints/AbyssGameInstance.AbyssGameInstance_C:EnemyToFightStruct'. Unknown structure.
[2017.02.28-16.43.41:441][  0]LogClass:Warning: Property EnemyToFightStruct of EnemyToFightStruct has a struct type mismatch (tag STRUCT_REINST_GeneralEnemyStruct_0 != prop FallbackStruct) in package:  ../../../../../../Users/Braden/Documents/GitHub/ChimeraGames/Abyss/Content/BluePrints/AbyssGameInstance.uasset. If that struct got renamed, add an entry to ActiveStructRedirects.
[2017.02.28-16.43.41:443][  0]LogClass:Warning: Property EnemyToFightStruct of EnemyToFightStruct has a struct type mismatch (tag FallbackStruct != prop GeneralEnemyStruct) in package:  FObjectReader. If that struct got renamed, add an entry to ActiveStructRedirects.
[2017.02.28-16.43.41:826][  0]LogAIModule: Creating AISystem for world Fort_Exploration
[2017.02.28-16.43.41:831][  0]LogEditorServer: Finished looking for orphan Actors (0.000 secs)
[2017.02.28-16.43.41:832][  0]Cmd: MAP CHECKDEP NOCLEARLOG
[2017.02.28-16.43.41:866][  0]MapCheck: Info Map check complete: 0 Error(s), 0 Warning(s), took 34.361ms to complete.
[2017.02.28-16.43.41:866][  0]LogFileHelpers: Loading map 'Fort_Exploration' took 0.463
[2017.02.28-16.43.42:045][  0]LogCollectionManager: Loaded 0 collections in 0.001225 seconds
[2017.02.28-16.43.42:110][  0]LogFileCache: Scanning file cache for directory 'C:/Users/Braden/Documents/GitHub/ChimeraGames/Abyss/Saved/Collections/' took 0.01s
[2017.02.28-16.43.42:110][  0]LogFileCache: Scanning file cache for directory 'C:/Users/Braden/Documents/GitHub/ChimeraGames/Abyss/Content/Developers/Braden/Collections/' took 0.01s
[2017.02.28-16.43.42:110][  0]LogFileCache: Scanning file cache for directory 'C:/Users/Braden/Documents/GitHub/ChimeraGames/Abyss/Content/Collections/' took 0.01s
[2017.02.28-16.43.42:110][  0]LogCollectionManager: Rebuilt the GUID cache for 0 collections in 0.000001 seconds
[2017.02.28-16.43.42:118][  0]LogContentBrowser: Native class hierarchy populated in 0.0084 seconds. Added 2178 classes and 401 folders.
[2017.02.28-16.43.42:143][  0]LogStats: UGameplayTagsManager::ConstructGameplayTagTree: Construct from data asset -  0.000 s
[2017.02.28-16.43.42:143][  0]LogStats: UGameplayTagsManager::ConstructGameplayTagTree: GameplayTagTreeChangedEvent.Broadcast -  0.000 s
[2017.02.28-16.43.42:143][  0]LogContentBrowser: Native class hierarchy updated for 'GameplayTags' in 0.0005 seconds. Added 13 classes and 0 folders.
[2017.02.28-16.43.42:178][  0]LogContentBrowser: Native class hierarchy updated for 'WidgetCarousel' in 0.0004 seconds. Added 0 classes and 0 folders.
[2017.02.28-16.43.42:209][  0]LogContentBrowser: Native class hierarchy updated for 'AddContentDialog' in 0.0004 seconds. Added 0 classes and 0 folders.
[2017.02.28-16.43.42:234][  0]LogContentBrowser: Native class hierarchy updated for 'SceneOutliner' in 0.0010 seconds. Added 1 classes and 2 folders.
[2017.02.28-16.43.42:263][  0]LogCrashTracker: Crashtracker disabled due to settings.
[2017.02.28-16.43.42:268][  0]LogUObjectGlobals:Warning: Failed to find object 'Class None.'
[2017.02.28-16.43.42:319][  0]LogContentBrowser: Native class hierarchy updated for 'HierarchicalLODOutliner' in 0.0005 seconds. Added 1 classes and 2 folders.
[2017.02.28-16.43.42:320][  0]LogLoad: (Engine Initialization) Total time: 10.74 seconds
[2017.02.28-16.43.42:320][  0]LogLoad: (Engine Initialization) Total Blueprint compile time: 0.17 seconds
[2017.02.28-16.43.42:320][  0]LogExternalProfiler: Found external profiler: VSPerf
[2017.02.28-16.43.42:320][  0]LogExternalProfiler: Using external profiler: VSPerf
[2017.02.28-16.43.42:363][  0]LogContentStreaming: Texture pool size now 400 MB
[2017.02.28-16.43.42:507][  0]LogRenderer: Reallocating scene render targets to support 956x456 NumSamples 1 (Frame:2).
[2017.02.28-16.43.54:269][700]LogAssetRegistry: Asset discovery search completed in 17.3779 seconds
[2017.02.28-16.43.54:269][700]LogCollectionManager: Rebuilt the object cache for 0 collections in 0.000002 seconds (found 0 objects)
[2017.02.28-16.43.54:269][700]LogCollectionManager: Fixed up redirectors for 0 collections in 0.000024 seconds (updated 0 objects)
[2017.02.28-16.44.26:315][567]LogContentBrowser: Native class hierarchy updated for 'BlueprintGraph' in 0.0008 seconds. Added 111 classes and 0 folders.
[2017.02.28-16.45.06:592][893]LogSavePackage: Save=83.38ms
[2017.02.28-16.45.06:592][893]LogSavePackage: Moving '../../../../../../Users/Braden/Documents/GitHub/ChimeraGames/Abyss/Saved/Fort_Exploration1C32F6F648BB908A7C8F63AEB2B8A943.tmp' to '../../../../../../Users/Braden/Documents/GitHub/ChimeraGames/Abyss/Content/Maps-Levels/Fort/Fort_Exploration.umap'
[2017.02.28-16.45.06:594][893]LogSavePackage:Display: Finished SavePackage ../../../../../../Users/Braden/Documents/GitHub/ChimeraGames/Abyss/Content/Maps-Levels/Fort/Fort_Exploration.umap
[2017.02.28-16.45.06:907][910]LogTemp: Repeting last play command: Selected Viewport
[2017.02.28-16.45.06:930][910]LogBlueprintUserMessages: Early PlayInEditor Detection: Level '/Game/Maps-Levels/Fort/Fort_Exploration.Fort_Exploration:PersistentLevel' has LevelScriptBlueprint '/Game/Maps-Levels/Fort/Fort_Exploration.Fort_Exploration:PersistentLevel.Fort_Exploration' with GeneratedClass '/Game/Maps-Levels/Fort/Fort_Exploration.Fort_Exploration_C' with ClassGeneratedBy '/Game/Maps-Levels/Fort/Fort_Exploration.Fort_Exploration:PersistentLevel.Fort_Exploration'
[2017.02.28-16.45.06:930][910]LogPlayLevel: PlayLevel: No blueprints needed recompiling
[2017.02.28-16.45.06:931][910]PIE: New page: PIE session: Fort_Exploration (Feb 28, 2017, 6:45:06 AM)
[2017.02.28-16.45.06:931][910]LogPlayLevel: Creating play world package: /Game/Maps-Levels/Fort/UEDPIE_0_Fort_Exploration
[2017.02.28-16.45.06:933][910]LogPlayLevel: PIE: StaticDuplicateObject took: (0.001426s)
[2017.02.28-16.45.06:933][910]LogAIModule: Creating AISystem for world Fort_Exploration
[2017.02.28-16.45.06:933][910]LogPlayLevel: PIE: World Init took: (0.000907s)
[2017.02.28-16.45.06:934][910]LogPlayLevel: PIE: Created PIE world by copying editor world from /Game/Maps-Levels/Fort/Fort_Exploration.Fort_Exploration to /Game/Maps-Levels/Fort/UEDPIE_0_Fort_Exploration.Fort_Exploration (0.002611s)
[2017.02.28-16.45.07:261][910]LogInit: XAudio2 using 'Speakers (Realtek High Definition Audio)' : 2 channels at 44.1 kHz using 16 bits per sample (channel mask 0x3)
[2017.02.28-16.45.07:271][910]LogInit: FAudioDevice initialized.
[2017.02.28-16.45.07:320][910]LogLoad: Game class is 'abyssGameMode_C'
[2017.02.28-16.45.07:322][910]LogWorld: Bringing World /Game/Maps-Levels/Fort/UEDPIE_0_Fort_Exploration.Fort_Exploration up for play (max tick rate 60) at 2017.02.28-11.45.07
[2017.02.28-16.45.07:322][910]LogWorld: Bringing up level for play took: 0.001364
[2017.02.28-16.45.07:348][910]LogContentBrowser: Native class hierarchy updated for 'MovieSceneCapture' in 0.0005 seconds. Added 11 classes and 0 folders.
[2017.02.28-16.45.07:350][910]PIE: Info Play in editor start time for /Game/Maps-Levels/Fort/UEDPIE_0_Fort_Exploration 0.296
[2017.02.28-16.45.07:350][910]LogBlueprintUserMessages: Late PlayInEditor Detection: Level '/Game/Maps-Levels/Fort/Fort_Exploration.Fort_Exploration:PersistentLevel' has LevelScriptBlueprint '/Game/Maps-Levels/Fort/Fort_Exploration.Fort_Exploration:PersistentLevel.Fort_Exploration' with GeneratedClass '/Game/Maps-Levels/Fort/Fort_Exploration.Fort_Exploration_C' with ClassGeneratedBy '/Game/Maps-Levels/Fort/Fort_Exploration.Fort_Exploration:PersistentLevel.Fort_Exploration'
[2017.02.28-16.45.10:060][ 63]LogBlueprintUserMessages: [Fort_BattleTrigger_2] X=692.546 Y=1.000 Z=102.275
[2017.02.28-16.45.10:077][ 64]LogNet: Browse: /Game/Maps-Levels/Fort/Fort_Battle
[2017.02.28-16.45.10:077][ 64]LogLoad: LoadMap: /Game/Maps-Levels/Fort/Fort_Battle
[2017.02.28-16.45.10:092][ 64]Cmd: MEM
[2017.02.28-16.45.10:109][ 64]LogMemory: Platform Memory Stats for Windows
[2017.02.28-16.45.10:109][ 64]LogMemory: Process Physical Memory: 1022.30 MB used, 1024.11 MB peak
[2017.02.28-16.45.10:109][ 64]LogMemory: Process Virtual Memory: 1189.23 MB used, 1240.61 MB peak
[2017.02.28-16.45.10:109][ 64]LogMemory: Physical Memory: 4918.05 MB used,  3186.22 MB free, 8104.27 MB total
[2017.02.28-16.45.10:109][ 64]LogMemory: Virtual Memory: 1920.24 MB used,  3186.22 MB free, 134217728.00 MB total
[2017.02.28-16.45.10:109][ 64]LogMemory: 
[2017.02.28-16.45.10:109][ 64]Allocator Stats for TBB: (not implemented)
[2017.02.28-16.45.10:111][ 64]LogLinker:Warning: Can't find file '/Game/BluePrints/BattleScene/BS_Player'
[2017.02.28-16.45.10:111][ 64]LogLinker:Warning: Can't find file for asset '/Game/BluePrints/BattleScene/BS_Player' while loading ../../../../../../Users/Braden/Documents/GitHub/ChimeraGames/Abyss/Content/Maps-Levels/Fort/Fort_Battle.umap.
[2017.02.28-16.45.10:111][ 64]LoadErrors:Error: Error /Game/Maps-Levels/Fort/Fort_Battle : Can't find file for asset. /Game/BluePrints/BattleScene/BS_Player
[2017.02.28-16.45.10:201][ 64]LogLinker:Warning: Can't find file '/Game/BluePrints/BattleScene/BS_enemy'
[2017.02.28-16.45.10:201][ 64]LogLinker:Warning: Can't find file for asset '/Game/BluePrints/BattleScene/BS_enemy' while loading ../../../../../../Users/Braden/Documents/GitHub/ChimeraGames/Abyss/Content/Maps-Levels/Fort/Fort_Battle.umap.
[2017.02.28-16.45.10:201][ 64]LoadErrors:Error: Error /Game/Maps-Levels/Fort/Fort_Battle : Can't find file for asset. /Game/BluePrints/BattleScene/BS_enemy
[2017.02.28-16.45.10:201][ 64]LogLinker:Warning: Can't find file '/Game/BluePrints/BattleScene/BS_Player'
[2017.02.28-16.45.10:201][ 64]LogLinker:Warning: Can't find file for asset '/Game/BluePrints/BattleScene/BS_Player' while loading ../../../../../../Users/Braden/Documents/GitHub/ChimeraGames/Abyss/Content/Maps-Levels/Fort/Fort_Battle.umap.
[2017.02.28-16.45.10:201][ 64]LogLinker:Warning: Can't find file '/Game/BluePrints/BattleScene/BS_Player'
[2017.02.28-16.45.10:201][ 64]LogLinker:Warning: Can't find file for asset '/Game/BluePrints/BattleScene/BS_Player' while loading ../../../../../../Users/Braden/Documents/GitHub/ChimeraGames/Abyss/Content/Maps-Levels/Fort/Fort_Battle.umap.
[2017.02.28-16.45.10:201][ 64]LogLinker:Warning: Can't find file '/Game/BluePrints/BattleScene/BS_Player'
[2017.02.28-16.45.10:201][ 64]LogLinker:Warning: Can't find file for asset '/Game/BluePrints/BattleScene/BS_Player' while loading ../../../../../../Users/Braden/Documents/GitHub/ChimeraGames/Abyss/Content/Maps-Levels/Fort/Fort_Battle.umap.
[2017.02.28-16.45.10:201][ 64]LogLinker:Warning: Can't find file '/Game/BluePrints/BattleScene/BS_Player'
[2017.02.28-16.45.10:202][ 64]LogLinker:Warning: Can't find file for asset '/Game/BluePrints/BattleScene/BS_Player' while loading ../../../../../../Users/Braden/Documents/GitHub/ChimeraGames/Abyss/Content/Maps-Levels/Fort/Fort_Battle.umap.
[2017.02.28-16.45.10:209][ 64]LogLinker:Warning: Can't find file '/Game/BluePrints/BattleScene/BS_enemy'
[2017.02.28-16.45.10:209][ 64]LogLinker:Warning: Can't find file for asset '/Game/BluePrints/BattleScene/BS_enemy' while loading ../../../../../../Users/Braden/Documents/GitHub/ChimeraGames/Abyss/Content/Maps-Levels/Fort/Fort_Battle.umap.
[2017.02.28-16.45.10:210][ 64]LogLinker:Warning: Can't find file '/Game/BluePrints/BattleScene/BS_Player'
[2017.02.28-16.45.10:210][ 64]LogLinker:Warning: Can't find file for asset '/Game/BluePrints/BattleScene/BS_Player' while loading ../../../../../../Users/Braden/Documents/GitHub/ChimeraGames/Abyss/Content/Maps-Levels/Fort/Fort_Battle.umap.
[2017.02.28-16.45.10:211][ 64]LogLinker:Warning: Can't find file '/Game/BluePrints/BattleScene/BS_Player'
[2017.02.28-16.45.10:211][ 64]LogLinker:Warning: Can't find file for asset '/Game/BluePrints/BattleScene/BS_Player' while loading ../../../../../../Users/Braden/Documents/GitHub/ChimeraGames/Abyss/Content/Maps-Levels/Fort/Fort_Battle.umap.
[2017.02.28-16.45.10:211][ 64]LogLinker:Warning: Can't find file '/Game/BluePrints/BattleScene/BS_enemy'
[2017.02.28-16.45.10:211][ 64]LogLinker:Warning: Can't find file for asset '/Game/BluePrints/BattleScene/BS_enemy' while loading ../../../../../../Users/Braden/Documents/GitHub/ChimeraGames/Abyss/Content/Maps-Levels/Fort/Fort_Battle.umap.
[2017.02.28-16.45.10:212][ 64]LogLinker:Warning: Can't find file '/Game/BluePrints/BattleScene/BS_enemy'
[2017.02.28-16.45.10:212][ 64]LogLinker:Warning: Can't find file for asset '/Game/BluePrints/BattleScene/BS_enemy' while loading ../../../../../../Users/Braden/Documents/GitHub/ChimeraGames/Abyss/Content/Maps-Levels/Fort/Fort_Battle.umap.
[2017.02.28-16.45.10:215][ 64]LogLinker:Warning: Can't find file '/Game/BluePrints/BattleScene/BS_enemy'
[2017.02.28-16.45.10:215][ 64]LogLinker:Warning: Can't find file for asset '/Game/BluePrints/BattleScene/BS_enemy' while loading NULL.
[2017.02.28-16.45.10:215][ 64]LogLinker:Warning: Can't find file '/Game/BluePrints/BattleScene/BS_Player'
[2017.02.28-16.45.10:215][ 64]LogLinker:Warning: Can't find file for asset '/Game/BluePrints/BattleScene/BS_Player' while loading NULL.
[2017.02.28-16.45.10:215][ 64]LogLinker:Warning: Can't find file '/Game/BluePrints/BattleScene/BS_Player'
[2017.02.28-16.45.10:216][ 64]LogLinker:Warning: Can't find file for asset '/Game/BluePrints/BattleScene/BS_Player' while loading NULL.
[2017.02.28-16.45.10:216][ 64]LogLinker:Warning: Can't find file '/Game/BluePrints/BattleScene/BS_enemy'
[2017.02.28-16.45.10:216][ 64]LogLinker:Warning: Can't find file for asset '/Game/BluePrints/BattleScene/BS_enemy' while loading NULL.
[2017.02.28-16.45.10:216][ 64]LogLinker:Warning: Can't find file '/Game/BluePrints/BattleScene/BS_Player'
[2017.02.28-16.45.10:216][ 64]LogLinker:Warning: Can't find file for asset '/Game/BluePrints/BattleScene/BS_Player' while loading NULL.
[2017.02.28-16.45.10:217][ 64]LogLinker:Warning: Can't find file '/Game/BluePrints/BattleScene/BS_Player'
[2017.02.28-16.45.10:217][ 64]LogLinker:Warning: Can't find file for asset '/Game/BluePrints/BattleScene/BS_Player' while loading NULL.
[2017.02.28-16.45.10:217][ 64]LogLinker:Warning: Can't find file '/Game/BluePrints/BattleScene/BS_Player'
[2017.02.28-16.45.10:217][ 64]LogLinker:Warning: Can't find file for asset '/Game/BluePrints/BattleScene/BS_Player' while loading NULL.
[2017.02.28-16.45.10:217][ 64]LogLinker:Warning: Can't find file '/Game/BluePrints/BattleScene/BS_Player'
[2017.02.28-16.45.10:217][ 64]LogLinker:Warning: Can't find file for asset '/Game/BluePrints/BattleScene/BS_Player' while loading NULL.
[2017.02.28-16.45.10:218][ 64]LogLinker:Warning: Can't find file '/Game/BluePrints/BattleScene/BS_enemy'
[2017.02.28-16.45.10:218][ 64]LogLinker:Warning: Can't find file for asset '/Game/BluePrints/BattleScene/BS_enemy' while loading NULL.
[2017.02.28-16.45.10:218][ 64]LogLinker:Warning: Can't find file '/Game/BluePrints/BattleScene/BS_Player'
[2017.02.28-16.45.10:218][ 64]LogLinker:Warning: Can't find file for asset '/Game/BluePrints/BattleScene/BS_Player' while loading NULL.
[2017.02.28-16.45.10:218][ 64]LogLinker:Warning: Can't find file '/Game/BluePrints/BattleScene/BS_Player'
[2017.02.28-16.45.10:218][ 64]LogLinker:Warning: Can't find file for asset '/Game/BluePrints/BattleScene/BS_Player' while loading NULL.
[2017.02.28-16.45.10:219][ 64]LogLinker:Warning: Can't find file '/Game/BluePrints/BattleScene/BS_enemy'
[2017.02.28-16.45.10:219][ 64]LogLinker:Warning: Can't find file for asset '/Game/BluePrints/BattleScene/BS_enemy' while loading NULL.
[2017.02.28-16.45.10:219][ 64]LogLinker:Warning: Can't find file '/Game/BluePrints/BattleScene/BS_enemy'
[2017.02.28-16.45.10:219][ 64]LogLinker:Warning: Can't find file for asset '/Game/BluePrints/BattleScene/BS_enemy' while loading NULL.
[2017.02.28-16.45.10:220][ 64]LogLinker:Warning: Can't find file '/Game/BluePrints/BattleScene/BS_Player'
[2017.02.28-16.45.10:220][ 64]LogLinker:Warning: Can't find file for asset '/Game/BluePrints/BattleScene/BS_Player' while loading NULL.
[2017.02.28-16.45.10:220][ 64]LogLinker:Warning: Can't find file '/Game/BluePrints/BattleScene/BS_Player'
[2017.02.28-16.45.10:220][ 64]LoadErrors: Info Failed to load /Game/BluePrints/BattleScene/BS_Player.BS_Player_C Referenced by Default__Fort_Battle_C
[2017.02.28-16.45.10:220][ 64]LogLinker:Warning: Can't find file for asset '/Game/BluePrints/BattleScene/BS_Player' while loading NULL.
[2017.02.28-16.45.10:224][ 64]LogLinker:Warning: Can't find file '/Game/BluePrints/BattleScene/BS_Player'
[2017.02.28-16.45.10:224][ 64]LogLinker:Warning: Can't find file for asset '/Game/BluePrints/BattleScene/BS_Player' while loading NULL.
[2017.02.28-16.45.10:224][ 64]LogLinker:Warning: Can't find file '/Game/BluePrints/BattleScene/BS_Player'
[2017.02.28-16.45.10:224][ 64]LoadErrors: Info Failed to load /Game/BluePrints/BattleScene/BS_Player.BS_Player_C Referenced by K2Node_Literal_1
[2017.02.28-16.45.10:224][ 64]LogLinker:Warning: Can't find file for asset '/Game/BluePrints/BattleScene/BS_Player' while loading NULL.
[2017.02.28-16.45.10:225][ 64]LogLinker:Warning: Can't find file '/Game/BluePrints/BattleScene/BS_Player'
[2017.02.28-16.45.10:225][ 64]LogLinker:Warning: Can't find file for asset '/Game/BluePrints/BattleScene/BS_Player' while loading NULL.
[2017.02.28-16.45.10:225][ 64]LogLinker:Warning: Can't find file '/Game/BluePrints/BattleScene/BS_enemy'
[2017.02.28-16.45.10:225][ 64]LogLinker:Warning: Can't find file for asset '/Game/BluePrints/BattleScene/BS_enemy' while loading NULL.
[2017.02.28-16.45.10:226][ 64]LogLinker:Warning: Can't find file '/Game/BluePrints/BattleScene/BS_enemy'
[2017.02.28-16.45.10:226][ 64]LoadErrors: Info Failed to load /Game/BluePrints/BattleScene/BS_enemy.BS_Enemy_C Referenced by K2Node_Literal_46
[2017.02.28-16.45.10:226][ 64]LogLinker:Warning: Can't find file for asset '/Game/BluePrints/BattleScene/BS_enemy' while loading NULL.
[2017.02.28-16.45.10:226][ 64]LogLinker:Warning: Can't find file '/Game/BluePrints/BattleScene/BS_enemy'
[2017.02.28-16.45.10:227][ 64]LogLinker:Warning: Can't find file for asset '/Game/BluePrints/BattleScene/BS_enemy' while loading NULL.
[2017.02.28-16.45.10:227][ 64]LogLinker:Warning: Can't find file '/Game/BluePrints/BattleScene/BS_enemy'
[2017.02.28-16.45.10:227][ 64]LoadErrors: Info Failed to load /Game/BluePrints/BattleScene/BS_enemy.BS_Enemy_C Referenced by K2Node_DynamicCast_2
[2017.02.28-16.45.10:227][ 64]LogLinker:Warning: Can't find file for asset '/Game/BluePrints/BattleScene/BS_enemy' while loading NULL.
[2017.02.28-16.45.10:228][ 64]LogLinker:Warning: Can't find file '/Game/BluePrints/BattleScene/BS_enemy'
[2017.02.28-16.45.10:228][ 64]LogLinker:Warning: Can't find file for asset '/Game/BluePrints/BattleScene/BS_enemy' while loading NULL.
[2017.02.28-16.45.10:307][ 64]LogBlueprint:Warning: [Compiler PersistentLevel.Fort_Battle] Warning Can't connect pins  Object  and  Unknown : This cast has an invalid target type (was the class deleted without a redirect?).
[2017.02.28-16.45.10:307][ 64]LogBlueprint:Warning: [Compiler PersistentLevel.Fort_Battle] Warning Can't connect pins  Unknown  and  Object : This cast has an invalid target type (was the class deleted without a redirect?).
[2017.02.28-16.45.10:620][ 64]LogBlueprint:Warning: [Compiler PersistentLevel.Fort_Battle] Warning Node  K2Node_Literal_1  is not referencing a valid level actor
[2017.02.28-16.45.10:622][ 64]LogBlueprint:Error: [Compiler PersistentLevel.Fort_Battle] Error Node  K2Node_DynamicCast_2  has an invalid target type, please delete and recreate it
[2017.02.28-16.45.10:623][ 64]LogBlueprint:Error: [Compiler PersistentLevel.Fort_Battle] Error Node  K2Node_DynamicCast_2  has an invalid target class
[2017.02.28-16.45.10:631][ 64]LogBlueprint:Warning: [Compiler PersistentLevel.Fort_Battle] Warning [0099.05] Compile of PersistentLevel.Fort_Battle failed. 2 Fatal Issue(s) 3 Warning(s) [in 397 ms] (/Game/Maps-Levels/Fort/Fort_Battle.Fort_Battle:PersistentLevel.Fort_Battle)
[2017.02.28-16.45.10:631][ 64]LogBlueprint:Warning: [Compiler PersistentLevel.Fort_Battle] Warning [0099.05] Compile of PersistentLevel.Fort_Battle failed. 2 Fatal Issue(s) 4 Warning(s) [in 0 ms] (/Game/Maps-Levels/Fort/Fort_Battle.Fort_Battle:PersistentLevel.Fort_Battle)
[2017.02.28-16.45.10:631][ 64]LogBlueprint:Warning: [Compiler PersistentLevel.Fort_Battle] Warning [0099.05] Compile of PersistentLevel.Fort_Battle failed. 2 Fatal Issue(s) 5 Warning(s) [in 0 ms] (/Game/Maps-Levels/Fort/Fort_Battle.Fort_Battle:PersistentLevel.Fort_Battle)
[2017.02.28-16.45.10:634][ 64]LogLinker:Warning: Can't find file '/Game/BluePrints/BattleScene/BS_Player'
[2017.02.28-16.45.10:635][ 64]LogLinker:Warning: Can't find file for asset '/Game/BluePrints/BattleScene/BS_Player' while loading NULL.
[2017.02.28-16.45.10:635][ 64]LogLinker:Warning: Can't find file '/Game/BluePrints/BattleScene/BS_Player'
[2017.02.28-16.45.10:635][ 64]LogLinker:Warning: Can't find file for asset '/Game/BluePrints/BattleScene/BS_Player' while loading NULL.
[2017.02.28-16.45.10:638][ 64]LogLinker:Warning: Can't find file '/Game/BluePrints/BattleScene/BS_enemy'
[2017.02.28-16.45.10:638][ 64]LogLinker:Warning: Can't find file for asset '/Game/BluePrints/BattleScene/BS_enemy' while loading NULL.
[2017.02.28-16.45.10:638][ 64]LogLinker:Warning: Can't find file '/Game/BluePrints/BattleScene/BS_enemy'
[2017.02.28-16.45.10:639][ 64]LogLinker:Warning: Can't find file for asset '/Game/BluePrints/BattleScene/BS_enemy' while loading NULL.
[2017.02.28-16.45.10:639][ 64]LogLinker:Warning: Can't find file '/Game/BluePrints/BattleScene/BS_Player'
[2017.02.28-16.45.10:639][ 64]LogLinker:Warning: Can't find file for asset '/Game/BluePrints/BattleScene/BS_Player' while loading NULL.
[2017.02.28-16.45.10:639][ 64]LogLinker:Warning: Can't find file '/Game/BluePrints/BattleScene/BS_Player'
[2017.02.28-16.45.10:640][ 64]LogLinker:Warning: Can't find file for asset '/Game/BluePrints/BattleScene/BS_Player' while loading NULL.
[2017.02.28-16.45.10:640][ 64]LogLinker:Warning: Can't find file '/Game/BluePrints/BattleScene/BS_Player'
[2017.02.28-16.45.10:640][ 64]LogLinker:Warning: Can't find file for asset '/Game/BluePrints/BattleScene/BS_Player' while loading NULL.
[2017.02.28-16.45.10:641][ 64]LogLinker:Warning: Can't find file '/Game/BluePrints/BattleScene/BS_Player'
[2017.02.28-16.45.10:641][ 64]LogLinker:Warning: Can't find file for asset '/Game/BluePrints/BattleScene/BS_Player' while loading NULL.
[2017.02.28-16.45.10:641][ 64]LogLinker:Warning: Can't find file '/Game/BluePrints/BattleScene/BS_Player'
[2017.02.28-16.45.10:642][ 64]LogLinker:Warning: Can't find file for asset '/Game/BluePrints/BattleScene/BS_Player' while loading NULL.
[2017.02.28-16.45.10:642][ 64]LogLinker:Warning: Can't find file '/Game/BluePrints/BattleScene/BS_Player'
[2017.02.28-16.45.10:642][ 64]LogLinker:Warning: Can't find file for asset '/Game/BluePrints/BattleScene/BS_Player' while loading NULL.
[2017.02.28-16.45.10:644][ 64]LogLinker:Warning: Can't find file '/Game/BluePrints/BattleScene/BS_Player'
[2017.02.28-16.45.10:644][ 64]LogLinker:Warning: Can't find file for asset '/Game/BluePrints/BattleScene/BS_Player' while loading NULL.
[2017.02.28-16.45.10:645][ 64]LogLinker:Warning: Can't find file '/Game/BluePrints/BattleScene/BS_Player'
[2017.02.28-16.45.10:645][ 64]LogLinker:Warning: Can't find file for asset '/Game/BluePrints/BattleScene/BS_Player' while loading NULL.
[2017.02.28-16.45.10:645][ 64]LogLinker:Warning: Can't find file '/Game/BluePrints/BattleScene/BS_enemy'
[2017.02.28-16.45.10:645][ 64]LogLinker:Warning: Can't find file for asset '/Game/BluePrints/BattleScene/BS_enemy' while loading NULL.
[2017.02.28-16.45.10:646][ 64]LogLinker:Warning: Can't find file '/Game/BluePrints/BattleScene/BS_enemy'
[2017.02.28-16.45.10:646][ 64]LogLinker:Warning: Can't find file for asset '/Game/BluePrints/BattleScene/BS_enemy' while loading NULL.
[2017.02.28-16.45.10:647][ 64]LogLinker:Warning: Can't find file '/Game/BluePrints/BattleScene/BS_enemy'
[2017.02.28-16.45.10:647][ 64]LogLinker:Warning: Can't find file for asset '/Game/BluePrints/BattleScene/BS_enemy' while loading NULL.
[2017.02.28-16.45.10:647][ 64]LogLinker:Warning: Can't find file '/Game/BluePrints/BattleScene/BS_enemy'
[2017.02.28-16.45.10:648][ 64]LogLinker:Warning: Can't find file for asset '/Game/BluePrints/BattleScene/BS_enemy' while loading NULL.
[2017.02.28-16.45.10:653][ 64]LogLinker:Warning: Can't find file '/Game/BluePrints/BattleScene/BS_Player'
[2017.02.28-16.45.10:653][ 64]LogLinker:Warning: Can't find file for asset '/Game/BluePrints/BattleScene/BS_Player' while loading NULL.
[2017.02.28-16.45.10:653][ 64]LogLinker:Warning: Can't find file '/Game/BluePrints/BattleScene/BS_Player'
[2017.02.28-16.45.10:653][ 64]LoadErrors: Info Failed to load /Game/BluePrints/BattleScene/BS_Player.BS_Player_C Referenced by PersistentLevel
[2017.02.28-16.45.10:653][ 64]LogLinker:Warning: Can't find file for asset '/Game/BluePrints/BattleScene/BS_Player' while loading NULL.
[2017.02.28-16.45.10:653][ 64]LogLinker:Warning: Can't find file '/Game/BluePrints/BattleScene/BS_enemy'
[2017.02.28-16.45.10:653][ 64]LogLinker:Warning: Can't find file for asset '/Game/BluePrints/BattleScene/BS_enemy' while loading NULL.
[2017.02.28-16.45.10:654][ 64]LogLinker:Warning: Can't find file '/Game/BluePrints/BattleScene/BS_enemy'
[2017.02.28-16.45.10:654][ 64]LoadErrors: Info Failed to load /Game/BluePrints/BattleScene/BS_enemy.BS_Enemy_C Referenced by PersistentLevel
[2017.02.28-16.45.10:654][ 64]LogLinker:Warning: Can't find file for asset '/Game/BluePrints/BattleScene/BS_enemy' while loading NULL.
[2017.02.28-16.45.10:736][ 64]LogStats: FPlatformStackWalk::StackWalkAndDump -  0.019 s
[2017.02.28-16.45.10:736][ 64]LogOutputDevice:Error: === Handled ensure: ===
[2017.02.28-16.45.10:736][ 64]LogOutputDevice:Error: 
[2017.02.28-16.45.10:736][ 64]LogOutputDevice:Error: Ensure condition failed: IsObjectValidForDatabase(AssetObject) [File:D:\Build\++UE4+Release-4.14+Compile\Sync\Engine\Source\Editor\BlueprintGraph\Private\BlueprintActionDatabase.cpp] [Line: 1263]
[2017.02.28-16.45.10:736][ 64]LogOutputDevice:Error: 
[2017.02.28-16.45.10:736][ 64]LogOutputDevice:Error: Stack: 
[2017.02.28-16.45.10:736][ 64]LogOutputDevice:Error: UE4Editor-Core.dll
[2017.02.28-16.45.10:736][ 64]LogOutputDevice:Error: UE4Editor-Core.dll
[2017.02.28-16.45.10:736][ 64]LogOutputDevice:Error: UE4Editor-Core.dll
[2017.02.28-16.45.10:736][ 64]LogOutputDevice:Error: UE4Editor-BlueprintGraph.dll
[2017.02.28-16.45.10:736][ 64]LogOutputDevice:Error: UE4Editor-BlueprintGraph.dll
[2017.02.28-16.45.10:736][ 64]LogOutputDevice:Error: UE4Editor-CoreUObject.dll
[2017.02.28-16.45.10:736][ 64]LogOutputDevice:Error: UE4Editor-CoreUObject.dll
[2017.02.28-16.45.10:736][ 64]LogOutputDevice:Error: UE4Editor-CoreUObject.dll
[2017.02.28-16.45.10:736][ 64]LogOutputDevice:Error: UE4Editor-CoreUObject.dll
[2017.02.28-16.45.10:736][ 64]LogOutputDevice:Error: UE4Editor-Engine.dll
[2017.02.28-16.45.10:736][ 64]LogOutputDevice:Error: UE4Editor-Engine.dll
[2017.02.28-16.45.10:736][ 64]LogOutputDevice:Error: UE4Editor-Engine.dll
[2017.02.28-16.45.10:736][ 64]LogOutputDevice:Error: UE4Editor-UnrealEd.dll
[2017.02.28-16.45.10:736][ 64]LogOutputDevice:Error: UE4Editor-UnrealEd.dll
[2017.02.28-16.45.10:736][ 64]LogOutputDevice:Error: UE4Editor.exe
[2017.02.28-16.45.10:736][ 64]LogOutputDevice:Error: UE4Editor.exe
[2017.02.28-16.45.10:736][ 64]LogOutputDevice:Error: UE4Editor.exe
[2017.02.28-16.45.10:736][ 64]LogOutputDevice:Error: UE4Editor.exe
[2017.02.28-16.45.10:736][ 64]LogOutputDevice:Error: UE4Editor.exe
[2017.02.28-16.45.10:736][ 64]LogOutputDevice:Error: KERNEL32.DLL
[2017.02.28-16.45.10:736][ 64]LogOutputDevice:Error: ntdll.dll
[2017.02.28-16.45.10:736][ 64]LogOutputDevice:Error: 
[2017.02.28-16.45.10:746][ 64]LogStats:                SubmitErrorReport -  0.000 s
