Log file open, 03/07/17 13:10:36
LogInit:Display: Running engine for game: Abyss
LogPlatformFile: Not using cached read wrapper
LogInit:Display: RandInit(740264992) SRandInit(740264992).
LogTaskGraph: Started task graph with 5 named threads and 12 total threads with 1 sets of task threads.
LogStats: Stats thread started at 2.712386
LogPluginManager: Loaded Plugin Paper2D, From E:/Game Data/Epic Games/4.14/Engine/Plugins/2D/Paper2D/Paper2D.uplugin
LogPluginManager: Loaded Plugin LightPropagationVolume, From E:/Game Data/Epic Games/4.14/Engine/Plugins/Blendables/LightPropagationVolume/LightPropagationVolume.uplugin
LogPluginManager: Loaded Plugin BlankPlugin, From E:/Game Data/Epic Games/4.14/Engine/Plugins/Developer/BlankPlugin/BlankPlugin.uplugin
LogPluginManager: Loaded Plugin CodeLiteSourceCodeAccess, From E:/Game Data/Epic Games/4.14/Engine/Plugins/Developer/CodeLiteSourceCodeAccess/CodeLiteSourceCodeAccess.uplugin
LogPluginManager: Loaded Plugin GitSourceControl, From E:/Game Data/Epic Games/4.14/Engine/Plugins/Developer/GitSourceControl/GitSourceControl.uplugin
LogPluginManager: Loaded Plugin KDevelopSourceCodeAccess, From E:/Game Data/Epic Games/4.14/Engine/Plugins/Developer/KDevelopSourceCodeAccess/KDevelopSourceCodeAccess.uplugin
LogPluginManager: Loaded Plugin NullSourceCodeAccess, From E:/Game Data/Epic Games/4.14/Engine/Plugins/Developer/NullSourceCodeAccess/NullSourceCodeAccess.uplugin
LogPluginManager: Loaded Plugin OneSkyLocalizationService, From E:/Game Data/Epic Games/4.14/Engine/Plugins/Developer/OneSkyLocalizationService/OneSkyLocalizationService.uplugin
LogPluginManager: Loaded Plugin PerforceSourceControl, From E:/Game Data/Epic Games/4.14/Engine/Plugins/Developer/PerforceSourceControl/PerforceSourceControl.uplugin
LogPluginManager: Loaded Plugin SubversionSourceControl, From E:/Game Data/Epic Games/4.14/Engine/Plugins/Developer/SubversionSourceControl/SubversionSourceControl.uplugin
LogPluginManager: Loaded Plugin UObjectPlugin, From E:/Game Data/Epic Games/4.14/Engine/Plugins/Developer/UObjectPlugin/UObjectPlugin.uplugin
LogPluginManager: Loaded Plugin VisualStudioSourceCodeAccess, From E:/Game Data/Epic Games/4.14/Engine/Plugins/Developer/VisualStudioSourceCodeAccess/VisualStudioSourceCodeAccess.uplugin
LogPluginManager: Loaded Plugin XCodeSourceCodeAccess, From E:/Game Data/Epic Games/4.14/Engine/Plugins/Developer/XCodeSourceCodeAccess/XCodeSourceCodeAccess.uplugin
LogPluginManager: Loaded Plugin AudioCapture, From E:/Game Data/Epic Games/4.14/Engine/Plugins/Editor/AudioCapture/AudioCapture.uplugin
LogPluginManager: Loaded Plugin EpicSurvey, From E:/Game Data/Epic Games/4.14/Engine/Plugins/Editor/EpicSurvey/EpicSurvey.uplugin
LogPluginManager: Loaded Plugin MacGraphicsSwitching, From E:/Game Data/Epic Games/4.14/Engine/Plugins/Editor/MacGraphicsSwitching/MacGraphicsSwitching.uplugin
LogPluginManager: Loaded Plugin MobileLauncherProfileWizard, From E:/Game Data/Epic Games/4.14/Engine/Plugins/Editor/MobileLauncherProfileWizard/MobileLauncherProfileWizard.uplugin
LogPluginManager: Loaded Plugin PluginBrowser, From E:/Game Data/Epic Games/4.14/Engine/Plugins/Editor/PluginBrowser/PluginBrowser.uplugin
LogPluginManager: Loaded Plugin SpeedTreeImporter, From E:/Game Data/Epic Games/4.14/Engine/Plugins/Editor/SpeedTreeImporter/SpeedTreeImporter.uplugin
LogPluginManager: Loaded Plugin SuperSearchEditor, From E:/Game Data/Epic Games/4.14/Engine/Plugins/Editor/SuperSearchEditor/SuperSearchEditor.uplugin
LogPluginManager: Loaded Plugin AlembicImporter, From E:/Game Data/Epic Games/4.14/Engine/Plugins/Experimental/AlembicImporter/AlembicImporter.uplugin
LogPluginManager: Loaded Plugin BlueprintStats, From E:/Game Data/Epic Games/4.14/Engine/Plugins/Experimental/BlueprintStats/BlueprintStats.uplugin
LogPluginManager: Loaded Plugin CharacterAI, From E:/Game Data/Epic Games/4.14/Engine/Plugins/Experimental/CharacterAI/CharacterAI.uplugin
LogPluginManager: Loaded Plugin CodeEditor, From E:/Game Data/Epic Games/4.14/Engine/Plugins/Experimental/CodeEditor/CodeEditor.uplugin
LogPluginManager: Loaded Plugin CodeView, From E:/Game Data/Epic Games/4.14/Engine/Plugins/Experimental/CodeView/CodeView.uplugin
LogPluginManager: Loaded Plugin HTML5Networking, From E:/Game Data/Epic Games/4.14/Engine/Plugins/Experimental/HTML5Networking/HTML5Networking.uplugin
LogPluginManager: Loaded Plugin OSVR, From E:/Game Data/Epic Games/4.14/Engine/Plugins/Experimental/OSVR/OSVR.uplugin
LogPluginManager: Loaded Plugin Phya, From E:/Game Data/Epic Games/4.14/Engine/Plugins/Experimental/Phya/Phya.uplugin
LogPluginManager: Loaded Plugin SignificanceManager, From E:/Game Data/Epic Games/4.14/Engine/Plugins/Experimental/SignificanceManager/SignificanceManager.uplugin
LogPluginManager: Loaded Plugin SimpleHMD, From E:/Game Data/Epic Games/4.14/Engine/Plugins/Experimental/SimpleHMD/SimpleHMD.uplugin
LogPluginManager: Loaded Plugin StereoPanorama, From E:/Game Data/Epic Games/4.14/Engine/Plugins/Experimental/StereoPanorama/StereoPanorama.uplugin
LogPluginManager: Loaded Plugin StructBox, From E:/Game Data/Epic Games/4.14/Engine/Plugins/Experimental/StructBox/StructBox.uplugin
LogPluginManager: Loaded Plugin HGGifImporter, From E:/Game Data/Epic Games/4.14/Engine/Plugins/Marketplace/HGGifImporter/HGGifImporter.uplugin
LogPluginManager: Loaded Plugin UnrealJS, From E:/Game Data/Epic Games/4.14/Engine/Plugins/Marketplace/UnrealJS/UnrealJS.uplugin
LogPluginManager: Loaded Plugin AndroidMedia, From E:/Game Data/Epic Games/4.14/Engine/Plugins/Media/AndroidMedia/AndroidMedia.uplugin
LogPluginManager: Loaded Plugin AvfMedia, From E:/Game Data/Epic Games/4.14/Engine/Plugins/Media/AvfMedia/AvfMedia.uplugin
LogPluginManager: Loaded Plugin MediaPlayerEditor, From E:/Game Data/Epic Games/4.14/Engine/Plugins/Media/MediaPlayerEditor/MediaPlayerEditor.uplugin
LogPluginManager: Loaded Plugin WmfMedia, From E:/Game Data/Epic Games/4.14/Engine/Plugins/Media/WmfMedia/WmfMedia.uplugin
LogPluginManager: Loaded Plugin MessagingDebugger, From E:/Game Data/Epic Games/4.14/Engine/Plugins/Messaging/MessagingDebugger/MessagingDebugger.uplugin
LogPluginManager: Loaded Plugin TcpMessaging, From E:/Game Data/Epic Games/4.14/Engine/Plugins/Messaging/TcpMessaging/TcpMessaging.uplugin
LogPluginManager: Loaded Plugin UdpMessaging, From E:/Game Data/Epic Games/4.14/Engine/Plugins/Messaging/UdpMessaging/UdpMessaging.uplugin
LogPluginManager: Loaded Plugin LevelSequenceEditor, From E:/Game Data/Epic Games/4.14/Engine/Plugins/MovieScene/LevelSequenceEditor/LevelSequenceEditor.uplugin
LogPluginManager: Loaded Plugin MatineeToLevelSequence, From E:/Game Data/Epic Games/4.14/Engine/Plugins/MovieScene/MatineeToLevelSequence/MatineeToLevelSequence.uplugin
LogPluginManager: Loaded Plugin NetcodeUnitTest, From E:/Game Data/Epic Games/4.14/Engine/Plugins/NetcodeUnitTest/NetcodeUnitTest/NetcodeUnitTest.uplugin
LogPluginManager: Loaded Plugin NUTUnrealEngine4, From E:/Game Data/Epic Games/4.14/Engine/Plugins/NetcodeUnitTest/NUTUnrealEngine4/NUTUnrealEngine4.uplugin
LogPluginManager: Loaded Plugin OnlineSubsystemGameCircle, From E:/Game Data/Epic Games/4.14/Engine/Plugins/Online/Android/OnlineSubsystemGameCircle/OnlineSubsystemGameCircle.uplugin
LogPluginManager: Loaded Plugin OnlineSubsystemGooglePlay, From E:/Game Data/Epic Games/4.14/Engine/Plugins/Online/Android/OnlineSubsystemGooglePlay/OnlineSubsystemGooglePlay.uplugin
LogPluginManager: Loaded Plugin OnlineSubsystemIOS, From E:/Game Data/Epic Games/4.14/Engine/Plugins/Online/IOS/OnlineSubsystemIOS/OnlineSubsystemIOS.uplugin
LogPluginManager: Loaded Plugin OnlineFramework, From E:/Game Data/Epic Games/4.14/Engine/Plugins/Online/OnlineFramework/OnlineFramework.uplugin
LogPluginManager: Loaded Plugin OnlineSubsystem, From E:/Game Data/Epic Games/4.14/Engine/Plugins/Online/OnlineSubsystem/OnlineSubsystem.uplugin
LogPluginManager: Loaded Plugin OnlineSubsystemAmazon, From E:/Game Data/Epic Games/4.14/Engine/Plugins/Online/OnlineSubsystemAmazon/OnlineSubsystemAmazon.uplugin
LogPluginManager: Loaded Plugin OnlineSubsystemFacebook, From E:/Game Data/Epic Games/4.14/Engine/Plugins/Online/OnlineSubsystemFacebook/OnlineSubsystemFacebook.uplugin
LogPluginManager: Loaded Plugin OnlineSubsystemNull, From E:/Game Data/Epic Games/4.14/Engine/Plugins/Online/OnlineSubsystemNull/OnlineSubsystemNull.uplugin
LogPluginManager: Loaded Plugin OnlineSubsystemOculus, From E:/Game Data/Epic Games/4.14/Engine/Plugins/Online/OnlineSubsystemOculus/OnlineSubsystemOculus.uplugin
LogPluginManager: Loaded Plugin OnlineSubsystemSteam, From E:/Game Data/Epic Games/4.14/Engine/Plugins/Online/OnlineSubsystemSteam/OnlineSubsystemSteam.uplugin
LogPluginManager: Loaded Plugin OnlineSubsystemUtils, From E:/Game Data/Epic Games/4.14/Engine/Plugins/Online/OnlineSubsystemUtils/OnlineSubsystemUtils.uplugin
LogPluginManager: Loaded Plugin IOSTapJoy, From E:/Game Data/Epic Games/4.14/Engine/Plugins/Runtime/Advertising/IOSTapJoy/IOSTapJoy.uplugin
LogPluginManager: Loaded Plugin AnalyticsBlueprintLibrary, From E:/Game Data/Epic Games/4.14/Engine/Plugins/Runtime/Analytics/AnalyticsBlueprintLibrary/AnalyticsBlueprintLibrary.uplugin
LogPluginManager: Loaded Plugin AnalyticsMulticast, From E:/Game Data/Epic Games/4.14/Engine/Plugins/Runtime/Analytics/AnalyticsMulticast/AnalyticsMulticast.uplugin
LogPluginManager: Loaded Plugin Apsalar, From E:/Game Data/Epic Games/4.14/Engine/Plugins/Runtime/Analytics/Apsalar/Apsalar.uplugin
LogPluginManager: Loaded Plugin FileLogging, From E:/Game Data/Epic Games/4.14/Engine/Plugins/Runtime/Analytics/FileLogging/FileLogging.uplugin
LogPluginManager: Loaded Plugin Flurry, From E:/Game Data/Epic Games/4.14/Engine/Plugins/Runtime/Analytics/Flurry/Flurry.uplugin
LogPluginManager: Loaded Plugin AndroidDeviceProfileSelector, From E:/Game Data/Epic Games/4.14/Engine/Plugins/Runtime/AndroidDeviceProfileSelector/AndroidDeviceProfileSelector.uplugin
LogPluginManager: Loaded Plugin AndroidMoviePlayer, From E:/Game Data/Epic Games/4.14/Engine/Plugins/Runtime/AndroidMoviePlayer/AndroidMoviePlayer.uplugin
LogPluginManager: Loaded Plugin AppleMoviePlayer, From E:/Game Data/Epic Games/4.14/Engine/Plugins/Runtime/AppleMoviePlayer/AppleMoviePlayer.uplugin
LogPluginManager: Loaded Plugin ArchVisCharacter, From E:/Game Data/Epic Games/4.14/Engine/Plugins/Runtime/ArchVisCharacter/ArchVisCharacter.uplugin
LogPluginManager: Loaded Plugin CableComponent, From E:/Game Data/Epic Games/4.14/Engine/Plugins/Runtime/CableComponent/CableComponent.uplugin
LogPluginManager: Loaded Plugin CustomMeshComponent, From E:/Game Data/Epic Games/4.14/Engine/Plugins/Runtime/CustomMeshComponent/CustomMeshComponent.uplugin
LogPluginManager: Loaded Plugin ExampleDeviceProfileSelector, From E:/Game Data/Epic Games/4.14/Engine/Plugins/Runtime/ExampleDeviceProfileSelector/ExampleDeviceProfileSelector.uplugin
LogPluginManager: Loaded Plugin GearVR, From E:/Game Data/Epic Games/4.14/Engine/Plugins/Runtime/GearVR/GearVR.uplugin
LogPluginManager: Loaded Plugin GoogleVRController, From E:/Game Data/Epic Games/4.14/Engine/Plugins/Runtime/GoogleVR/GoogleVRController/GoogleVRController.uplugin
LogPluginManager: Loaded Plugin GoogleVRHMD, From E:/Game Data/Epic Games/4.14/Engine/Plugins/Runtime/GoogleVR/GoogleVRHMD/GoogleVRHMD.uplugin
LogPluginManager: Loaded Plugin IOSDeviceProfileSelector, From E:/Game Data/Epic Games/4.14/Engine/Plugins/Runtime/IOSDeviceProfileSelector/IOSDeviceProfileSelector.uplugin
LogPluginManager: Loaded Plugin LeapMotion, From E:/Game Data/Epic Games/4.14/Engine/Plugins/Runtime/LeapMotion/LeapMotion.uplugin
LogPluginManager: Loaded Plugin LinuxDeviceProfileSelector, From E:/Game Data/Epic Games/4.14/Engine/Plugins/Runtime/LinuxDeviceProfileSelector/LinuxDeviceProfileSelector.uplugin
LogPluginManager: Loaded Plugin MIDIDevice, From E:/Game Data/Epic Games/4.14/Engine/Plugins/Runtime/MIDIDevice/MIDIDevice.uplugin
LogPluginManager: Loaded Plugin MobilePatchingUtils, From E:/Game Data/Epic Games/4.14/Engine/Plugins/Runtime/MobilePatchingUtils/MobilePatchingUtils.uplugin
LogPluginManager: Loaded Plugin Ansel, From E:/Game Data/Epic Games/4.14/Engine/Plugins/Runtime/Nvidia/Ansel/Ansel.uplugin
LogPluginManager: Loaded Plugin OculusAudio, From E:/Game Data/Epic Games/4.14/Engine/Plugins/Runtime/OculusAudio/OculusAudio.uplugin
LogPluginManager: Loaded Plugin OculusInput, From E:/Game Data/Epic Games/4.14/Engine/Plugins/Runtime/OculusInput/OculusInput.uplugin
LogPluginManager: Loaded Plugin OculusLibrary, From E:/Game Data/Epic Games/4.14/Engine/Plugins/Runtime/OculusLibrary/OculusLibrary.uplugin
LogPluginManager: Loaded Plugin OculusRift, From E:/Game Data/Epic Games/4.14/Engine/Plugins/Runtime/OculusRift/OculusRift.uplugin
LogPluginManager: Loaded Plugin Oodle, From E:/Game Data/Epic Games/4.14/Engine/Plugins/Runtime/PacketHandlers/CompressionComponents/Oodle/Oodle.uplugin
LogPluginManager: Loaded Plugin ProceduralMeshComponent, From E:/Game Data/Epic Games/4.14/Engine/Plugins/Runtime/ProceduralMeshComponent/ProceduralMeshComponent.uplugin
LogPluginManager: Loaded Plugin SoundMod, From E:/Game Data/Epic Games/4.14/Engine/Plugins/Runtime/SoundMod/SoundMod.uplugin
LogPluginManager: Loaded Plugin SoundVisualizations, From E:/Game Data/Epic Games/4.14/Engine/Plugins/Runtime/SoundVisualizations/SoundVisualizations.uplugin
LogPluginManager: Loaded Plugin SteamController, From E:/Game Data/Epic Games/4.14/Engine/Plugins/Runtime/Steam/SteamController/SteamController.uplugin
LogPluginManager: Loaded Plugin SteamVR, From E:/Game Data/Epic Games/4.14/Engine/Plugins/Runtime/Steam/SteamVR/SteamVR.uplugin
LogPluginManager: Loaded Plugin WebBrowserWidget, From E:/Game Data/Epic Games/4.14/Engine/Plugins/Runtime/WebBrowserWidget/WebBrowserWidget.uplugin
LogPluginManager: Loaded Plugin WindowsDeviceProfileSelector, From E:/Game Data/Epic Games/4.14/Engine/Plugins/Runtime/WindowsDeviceProfileSelector/WindowsDeviceProfileSelector.uplugin
LogPluginManager: Loaded Plugin WindowsMoviePlayer, From E:/Game Data/Epic Games/4.14/Engine/Plugins/Runtime/WindowsMoviePlayer/WindowsMoviePlayer.uplugin
LogPluginManager: Loaded Plugin ScriptPlugin, From E:/Game Data/Epic Games/4.14/Engine/Plugins/ScriptPlugin/ScriptPlugin.uplugin
LogPluginManager: Loaded Plugin SlateRemote, From E:/Game Data/Epic Games/4.14/Engine/Plugins/Slate/SlateRemote/SlateRemote.uplugin
LogPluginManager: Loaded Plugin EditorTests, From E:/Game Data/Epic Games/4.14/Engine/Plugins/Tests/EditorTests/EditorTests.uplugin
LogPluginManager: Loaded Plugin FbxAutomationTestBuilder, From E:/Game Data/Epic Games/4.14/Engine/Plugins/Tests/FbxAutomationTestBuilder/FbxAutomationTestBuilder.uplugin
LogPluginManager: Loaded Plugin FunctionalTestingEditor, From E:/Game Data/Epic Games/4.14/Engine/Plugins/Tests/FunctionalTestingEditor/FunctionalTestingEditor.uplugin
LogPluginManager: Loaded Plugin RuntimeTests, From E:/Game Data/Epic Games/4.14/Engine/Plugins/Tests/RuntimeTests/RuntimeTests.uplugin
LogPluginManager: Loaded Plugin ScreenshotTools, From E:/Game Data/Epic Games/4.14/Engine/Plugins/Tests/ScreenshotTools/ScreenshotTools.uplugin
LogInit: Using libcurl 7.47.1
LogInit:  - built for x86_64-pc-win32
LogInit:  - supports SSL with OpenSSL/1.0.2g
LogInit:  - supports HTTP deflate (compression) using libz 1.2.8
LogInit:  - other features:
LogInit:      CURL_VERSION_SSL
LogInit:      CURL_VERSION_LIBZ
LogInit:      CURL_VERSION_IPV6
LogInit:      CURL_VERSION_ASYNCHDNS
LogInit:      CURL_VERSION_LARGEFILE
LogInit:      CURL_VERSION_IDN
LogInit:  CurlRequestOptions (configurable via config and command line):
LogInit:  - bVerifyPeer = false  - Libcurl will NOT verify peer certificate
LogInit:  - bUseHttpProxy = false  - Libcurl will NOT use HTTP proxy
LogInit:  - bDontReuseConnections = false  - Libcurl will reuse connections
LogInit:  - CertBundlePath = nullptr  - Libcurl will use whatever was configured at build time.
LogInit: Build: ++UE4+Release-4.14-CL-3249277
LogInit: Engine Version: 4.14.3-3249277+++UE4+Release-4.14
LogInit: Compatible Engine Version: 4.14.0-3195953+++UE4+Release-4.14
LogInit: Net CL: 3195953
LogDevObjectVersion: Number of dev versions registered: 13
LogDevObjectVersion:   Dev-Blueprints (B0D832E4-1F89-4F0D-ACCF-7EB736FD4AA2): 7
LogDevObjectVersion:   Dev-Build (E1C64328-A22C-4D53-A36C-8E866417BD8C): 0
LogDevObjectVersion:   Dev-Core (375EC13C-06E4-48FB-B500-84F0262A717E): 1
LogDevObjectVersion:   Dev-Editor (E4B068ED-F494-42E9-A231-DA0B2E46BB41): 8
LogDevObjectVersion:   Dev-Framework (CFFC743F-43B0-4480-9391-14DF171D2073): 17
LogDevObjectVersion:   Dev-Mobile (B02B49B5-BB20-44E9-A304-32B752E40360): 0
LogDevObjectVersion:   Dev-Networking (A4E4105C-59A1-49B5-A7C5-40C4547EDFEE): 0
LogDevObjectVersion:   Dev-Online (39C831C9-5AE6-47DC-9A44-9C173E1C8E7C): 0
LogDevObjectVersion:   Dev-Physics (78F01B33-EBEA-4F98-B9B4-84EACCB95AA2): 0
LogDevObjectVersion:   Dev-Platform (6631380F-2D4D-43E0-8009-CF276956A95A): 0
LogDevObjectVersion:   Dev-Rendering (12F88B9F-8875-4AFC-A67C-D90C383ABD29): 12
LogDevObjectVersion:   Dev-Sequencer (7B5AE74C-D270-4C10-A958-57980B212A5A): 1
LogDevObjectVersion:   Dev-VR (D7296918-1DD6-4BDD-9DE2-64A83CC13884): 0
LogInit: Compiled (64-bit): Jan  6 2017 10:49:43
LogInit: Compiled with Visual C++: 19.00.23026.00
LogInit: Build Configuration: Development
LogInit: Branch Name: ++UE4+Release-4.14
LogInit: Command line:  
LogInit: Base directory: E:/Game Data/Epic Games/4.14/Engine/Binaries/Win64/
LogInit: Installed Engine Build: 1
LogInit: Presizing for max 8388607 objects, including 0 objects not considered by GC, pre-allocating 0 bytes for permanent pool.
LogInit: Object subsystem initialized
[2017.03.07-18.10.37:239][  0]LogInit: Selected Device Profile: [Windows]
[2017.03.07-18.10.37:239][  0]LogInit: Applying CVar settings loaded from the selected device profile: [Windows]
[2017.03.07-18.10.37:372][  0]LogInit: Computer: RAGNARÖK
[2017.03.07-18.10.37:372][  0]LogInit: User: Chris
[2017.03.07-18.10.37:372][  0]LogInit: CPU Page size=65536, Cores=8
[2017.03.07-18.10.37:372][  0]LogInit: High frequency timer resolution =3.135576 MHz
[2017.03.07-18.10.37:373][  0]LogMemory: Memory total: Physical=15.9GB (16GB approx)
[2017.03.07-18.10.37:373][  0]LogMemory: Platform Memory Stats for Windows
[2017.03.07-18.10.37:373][  0]LogMemory: Process Physical Memory: 267.64 MB used, 267.64 MB peak
[2017.03.07-18.10.37:373][  0]LogMemory: Process Virtual Memory: 266.40 MB used, 266.40 MB peak
[2017.03.07-18.10.37:373][  0]LogMemory: Physical Memory: 6337.69 MB used,  9946.38 MB free, 16284.07 MB total
[2017.03.07-18.10.37:373][  0]LogMemory: Virtual Memory: 666.03 MB used,  9946.38 MB free, 8388608.00 MB total
[2017.03.07-18.10.38:479][  0]LogTextLocalizationManager: No specific translations for ('en-US') exist, so ('en') translations will be used.
[2017.03.07-18.10.40:832][  0]LogD3D11RHI: D3D11 adapters:
[2017.03.07-18.10.40:854][  0]LogD3D11RHI:    0. 'AMD Radeon (TM) R9 380 Series' (Feature Level 11_0)
[2017.03.07-18.10.40:854][  0]LogD3D11RHI:       4074/0/3840 MB DedicatedVideo/DedicatedSystem/SharedSystem, Outputs:1, VendorId:0x1002
[2017.03.07-18.10.40:854][  0]LogD3D11RHI: Chosen D3D11 Adapter: 0
[2017.03.07-18.10.40:865][  0]LogD3D11RHI: Creating new Direct3DDevice
[2017.03.07-18.10.40:865][  0]LogD3D11RHI:     GPU DeviceId: 0x6938 (for the marketing name, search the web for "GPU Device Id")
[2017.03.07-18.10.40:865][  0]LogWindows: EnumDisplayDevices:
[2017.03.07-18.10.40:866][  0]LogWindows:    0. 'AMD Radeon (TM) R9 380 Series' (P:1 D:1)
[2017.03.07-18.10.40:866][  0]LogWindows:    1. 'AMD Radeon (TM) R9 380 Series' (P:0 D:0)
[2017.03.07-18.10.40:867][  0]LogWindows:    2. 'AMD Radeon (TM) R9 380 Series' (P:0 D:0)
[2017.03.07-18.10.40:867][  0]LogWindows:    3. 'AMD Radeon (TM) R9 380 Series' (P:0 D:0)
[2017.03.07-18.10.40:867][  0]LogWindows:    4. 'AMD Radeon (TM) R9 380 Series' (P:0 D:0)
[2017.03.07-18.10.40:868][  0]LogWindows:    5. 'AMD Radeon (TM) R9 380 Series' (P:0 D:0)
[2017.03.07-18.10.40:868][  0]LogWindows:    6. 'RDPDD Chained DD' (P:0 D:0)
[2017.03.07-18.10.40:869][  0]LogWindows:    7. 'RDP Encoder Mirror Driver' (P:0 D:0)
[2017.03.07-18.10.40:869][  0]LogWindows:    8. 'RDP Reflector Display Driver' (P:0 D:0)
[2017.03.07-18.10.40:869][  0]LogWindows: DebugString: GetVideoDriverDetailsInvalid PrimaryIsNotTheChoosenAdapter GetVideoDriverDetailsInvalid PrimaryIsNotTheChoosenAdapter GetVideoDriverDetailsInvalid PrimaryIsNotTheChoosenAdapter FoundDriverCount:6 
[2017.03.07-18.10.40:869][  0]LogD3D11RHI:     Adapter Name: AMD Radeon (TM) R9 380 Series
[2017.03.07-18.10.40:869][  0]LogD3D11RHI:   Driver Version: Crimson ReLive 17.2.1 (internal:21.19.519.2, unified:21.19.519.2)
[2017.03.07-18.10.40:869][  0]LogD3D11RHI:      Driver Date: 2-10-2017
[2017.03.07-18.10.40:869][  0]LogRHI: Texture pool is 1361 MB (70% of 1945 MB)
[2017.03.07-18.10.40:885][  0]LogD3D11RHI: Async texture creation enabled
[2017.03.07-18.10.41:090][  0]LogD3D11RHI: GPU Timing Frequency: 27.000000 (Debug: 2 1)
[2017.03.07-18.10.41:189][  0]LogShaderCompilers: Guid format shader working directory is -3 characters bigger than the processId version (../../../../../Unreal Projects/ChimeraGames/Abyss/Intermediate/Shaders/WorkingDirectory/4400/).
[2017.03.07-18.10.41:189][  0]LogShaderCompilers: Cleaned the shader compiler working directory 'C:/Users/Chris/AppData/Local/Temp/UnrealShaderWorkingDir/19B25015414D550BD00478A1D4A5C984/'.
[2017.03.07-18.10.41:197][  0]LogShaderCompilers:Display: Using Local Shader Compiler.
[2017.03.07-18.10.45:039][  0]LogTemp:Display: Loaded TP AllDesktopTargetPlatform
[2017.03.07-18.10.45:140][  0]LogTemp:Display: Loaded TP MacClientTargetPlatform
[2017.03.07-18.10.45:232][  0]LogTemp:Display: Loaded TP MacNoEditorTargetPlatform
[2017.03.07-18.10.45:337][  0]LogTemp:Display: Loaded TP MacServerTargetPlatform
[2017.03.07-18.10.45:436][  0]LogTemp:Display: Loaded TP MacTargetPlatform
[2017.03.07-18.10.45:536][  0]LogTemp:Display: Loaded TP WindowsClientTargetPlatform
[2017.03.07-18.10.45:633][  0]LogTemp:Display: Loaded TP WindowsNoEditorTargetPlatform
[2017.03.07-18.10.45:740][  0]LogTemp:Display: Loaded TP WindowsServerTargetPlatform
[2017.03.07-18.10.45:836][  0]LogTemp:Display: Loaded TP WindowsTargetPlatform
[2017.03.07-18.10.45:965][  0]LogTemp:Display: Loaded TP AndroidTargetPlatform
[2017.03.07-18.10.46:084][  0]LogTemp:Display: Loaded TP Android_ASTCTargetPlatform
[2017.03.07-18.10.46:185][  0]LogTemp:Display: Loaded TP Android_ATCTargetPlatform
[2017.03.07-18.10.46:291][  0]LogTemp:Display: Loaded TP Android_DXTTargetPlatform
[2017.03.07-18.10.46:387][  0]LogTemp:Display: Loaded TP Android_ETC1TargetPlatform
[2017.03.07-18.10.46:493][  0]LogTemp:Display: Loaded TP Android_ETC2TargetPlatform
[2017.03.07-18.10.46:672][  0]LogTemp:Display: Loaded TP Android_MultiTargetPlatform
[2017.03.07-18.10.46:673][  0]LogTemp:Display: Loaded TP Android_PVRTCTargetPlatform
[2017.03.07-18.10.46:739][  0]LogTemp:Display: Loaded TP HTML5TargetPlatform
[2017.03.07-18.10.46:997][  0]LogTemp:Display: Loaded TP IOSTargetPlatform
[2017.03.07-18.10.47:068][  0]LogTemp:Display: Loaded TP TVOSTargetPlatform
[2017.03.07-18.10.47:167][  0]LogTemp:Display: Loaded TP LinuxClientTargetPlatform
[2017.03.07-18.10.47:270][  0]LogTemp:Display: Loaded TP LinuxNoEditorTargetPlatform
[2017.03.07-18.10.47:371][  0]LogTemp:Display: Loaded TP LinuxServerTargetPlatform
[2017.03.07-18.10.47:473][  0]LogTemp:Display: Loaded TP LinuxTargetPlatform
[2017.03.07-18.10.47:473][  0]LogTargetPlatformManager:Display: Building Assets For Windows
[2017.03.07-18.10.49:046][  0]LogDerivedDataCache:Display: Max Cache Size: 512 MB
[2017.03.07-18.10.49:279][  0]LogDerivedDataCache: Loaded boot cache 0.23s 50MB C:/Users/Chris/AppData/Local/UnrealEngine/4.14/DerivedDataCache/Boot.ddc.
[2017.03.07-18.10.49:280][  0]LogDerivedDataCache:Display: Loaded Boot cache: C:/Users/Chris/AppData/Local/UnrealEngine/4.14/DerivedDataCache/Boot.ddc
[2017.03.07-18.10.49:280][  0]LogDerivedDataCache: FDerivedDataBackendGraph:  Pak pak cache file ../../../../../Unreal Projects/ChimeraGames/Abyss/DerivedDataCache/DDC.ddp not found, will not use a pak cache.
[2017.03.07-18.10.49:280][  0]LogDerivedDataCache: Unable to find inner node Pak for hierarchical cache Hierarchy.
[2017.03.07-18.10.49:280][  0]LogDerivedDataCache: FDerivedDataBackendGraph:  CompressedPak pak cache file ../../../../../Unreal Projects/ChimeraGames/Abyss/DerivedDataCache/Compressed.ddp not found, will not use a pak cache.
[2017.03.07-18.10.49:280][  0]LogDerivedDataCache: Unable to find inner node CompressedPak for hierarchical cache Hierarchy.
[2017.03.07-18.10.49:390][  0]LogDerivedDataCache:Display: Pak cache opened for reading ../../../Engine/DerivedDataCache/Compressed.ddp.
[2017.03.07-18.10.49:403][  0]LogDerivedDataCache: Using Local data cache path C:/Users/Chris/AppData/Local/UnrealEngine/Common/DerivedDataCache: Writable
[2017.03.07-18.10.54:683][  0]LogInit: Selected Device Profile: [Windows]
[2017.03.07-18.10.54:737][  0]LogContentStreaming: Texture pool size is 0.00 MB
[2017.03.07-18.10.55:847][  0]LogMeshUtilities: Using QuadricMeshReduction for automatic static mesh reduction
[2017.03.07-18.10.56:049][  0]LogSimplygon: Simplygon DLL not present - disabling.
[2017.03.07-18.10.56:166][  0]LogMeshUtilities: Using SimplygonSwarm for distributed automatic mesh merging
[2017.03.07-18.10.56:166][  0]LogMeshUtilities: No automatic skeletal mesh reduction module available
[2017.03.07-18.10.56:166][  0]LogMeshUtilities: No automatic mesh merging module available
[2017.03.07-18.11.00:939][  0]LogNetVersion: GetLocalNetworkVersion: CL: 3195953, ProjectName: abyss, ProjectVersion: , EngineNetworkVersion: 2, GameNetworkVersion: 0, NetworkChecksum: 1595127573
[2017.03.07-18.11.01:148][  0]LogAssetRegistry: FAssetRegistry took 0.0204 seconds to start up
[2017.03.07-18.11.01:327][  0]LogPackageLocalizationCache: Processed 4 localized package path(s) for 2 prioritized culture(s) in 0.080705 seconds
[2017.03.07-18.11.01:368][  0]LogUObjectArray: 31890 objects as part of root set at end of initial load.
[2017.03.07-18.11.01:368][  0]LogUObjectAllocator: 6922376 out of 0 bytes used by permanent object pool.
[2017.03.07-18.11.01:368][  0]LogUObjectArray: CloseDisregardForGC: 0/0 objects in disregard for GC pool
[2017.03.07-18.11.01:469][  0]LogInit: WinSock: version 1.1 (2.2), MaxSocks=32767, MaxUdp=65467
[2017.03.07-18.11.06:690][  0]LogSlate: Using Freetype 2.6.0
[2017.03.07-18.11.06:742][  0]LogSlate: SlateFontCache - WITH_FREETYPE: 1, WITH_HARFBUZZ: 1
[2017.03.07-18.11.06:742][  0]LogSlate: SlateFontCache - WITH_FREETYPE: 1, WITH_HARFBUZZ: 1
[2017.03.07-18.11.24:448][  0]JavascriptCmd: Unreal.js started. V8 5.7.201
[2017.03.07-18.11.26:040][  0]LogMaterial: Uniform references updated for custom material expression Custom.
[2017.03.07-18.11.26:920][  0]SourceControl: Info Source control is disabled
[2017.03.07-18.11.31:113][  0]ImportText (YAxis): Missing opening parenthesis: 0.000000,1.000000,0.000000
[2017.03.07-18.11.31:113][  0]ImportText (ZAxis): Missing opening parenthesis: 0.000000,0.000000,1.000000
[2017.03.07-18.11.31:115][  0]ImportText (Rotation): Missing opening parenthesis: -90.000000,0.000000,0.000000
[2017.03.07-18.11.31:119][  0]ImportText (B): Missing opening parenthesis: 1.000000,1.000000,1.000000
[2017.03.07-18.11.32:743][  0]LogEngine: Initializing Engine...
[2017.03.07-18.11.34:048][  0]LogAIModule: Creating AISystem for world Untitled
[2017.03.07-18.11.34:174][  0]LogInit: XAudio2 using '1 - SE32HY27 (2- AMD High Definition Audio Device)' : 2 channels at 48 kHz using 16 bits per sample (channel mask 0x3)
[2017.03.07-18.11.34:244][  0]LogInit: FAudioDevice initialized.
[2017.03.07-18.11.34:299][  0]LogDerivedDataCache: Saved boot cache 0.05s 50MB C:/Users/Chris/AppData/Local/UnrealEngine/4.14/DerivedDataCache/Boot.ddc.
[2017.03.07-18.11.34:315][  0]LogInit: Texture streaming: Enabled
[2017.03.07-18.11.34:871][  0]LogInit: Transaction tracking system initialized
[2017.03.07-18.11.35:920][  0]BlueprintLog: New page: Editor Load
[2017.03.07-18.11.38:577][  0]LocalizationService: Info Localization service is disabled
[2017.03.07-18.11.39:465][  0]LogModuleManager:Warning: No filename provided for module TcpMessaging
[2017.03.07-18.11.39:465][  0]LogModuleManager:Warning: ModuleManager: Unable to load module 'TcpMessaging' because the file 'E:/Game Data/Epic Games/4.14/Engine/Binaries/Win64/' was not found.
[2017.03.07-18.11.40:187][  0]LogConsoleResponse:Display: 
[2017.03.07-18.11.41:106][  0]LogFileCache: Scanning file cache for directory 'E:/Game Data/Unreal Projects/ChimeraGames/Abyss/Content/' took 0.01s
[2017.03.07-18.11.41:106][  0]LogCook:Display: Max memory allowance for cook 16384mb min free memory 0mb
[2017.03.07-18.11.41:106][  0]LogCook:Display: Mobile HDR setting 1
[2017.03.07-18.11.43:792][  0]Cmd: MAP LOAD FILE="../../../../../Unreal Projects/ChimeraGames/Abyss/Content/Maps-Levels/startMenu.umap" TEMPLATE=0 SHOWPROGRESS=1 FEATURELEVEL=3
[2017.03.07-18.11.43:797][  0]LightingResults: New page: Lighting Build
[2017.03.07-18.11.43:997][  0]MapCheck: New page: Map Check
[2017.03.07-18.11.43:997][  0]LightingResults: New page: Lighting Build
[2017.03.07-18.11.44:747][  0]LogAIModule: Creating AISystem for world startMenu
[2017.03.07-18.11.44:800][  0]LogEditorServer: Finished looking for orphan Actors (0.000 secs)
[2017.03.07-18.11.44:851][  0]Cmd: MAP CHECKDEP NOCLEARLOG
[2017.03.07-18.11.44:938][  0]MapCheck: Info Map check complete: 0 Error(s), 0 Warning(s), took 86.968ms to complete.
[2017.03.07-18.11.44:938][  0]LogFileHelpers: Loading map 'startMenu' took 1.153
[2017.03.07-18.11.45:954][  0]LogCollectionManager: Loaded 0 collections in 0.002612 seconds
[2017.03.07-18.11.46:111][  0]LogFileCache: Scanning file cache for directory 'E:/Game Data/Unreal Projects/ChimeraGames/Abyss/Saved/Collections/' took 0.01s
[2017.03.07-18.11.46:111][  0]LogFileCache: Scanning file cache for directory 'E:/Game Data/Unreal Projects/ChimeraGames/Abyss/Content/Developers/Chris/Collections/' took 0.01s
[2017.03.07-18.11.46:111][  0]LogFileCache: Scanning file cache for directory 'E:/Game Data/Unreal Projects/ChimeraGames/Abyss/Content/Collections/' took 0.01s
[2017.03.07-18.11.46:111][  0]LogCollectionManager: Rebuilt the GUID cache for 0 collections in 0.000006 seconds
[2017.03.07-18.11.46:145][  0]LogContentBrowser: Native class hierarchy populated in 0.0194 seconds. Added 2245 classes and 411 folders.
[2017.03.07-18.11.46:224][  0]LogStats: UGameplayTagsManager::ConstructGameplayTagTree: Construct from data asset -  0.000 s
[2017.03.07-18.11.46:224][  0]LogStats: UGameplayTagsManager::ConstructGameplayTagTree: GameplayTagTreeChangedEvent.Broadcast -  0.000 s
[2017.03.07-18.11.46:225][  0]LogContentBrowser: Native class hierarchy updated for 'GameplayTags' in 0.0008 seconds. Added 13 classes and 0 folders.
[2017.03.07-18.11.46:299][  0]LogContentBrowser: Native class hierarchy updated for 'WidgetCarousel' in 0.0007 seconds. Added 0 classes and 0 folders.
[2017.03.07-18.11.46:948][  0]LogContentBrowser: Native class hierarchy updated for 'AddContentDialog' in 0.0008 seconds. Added 0 classes and 0 folders.
[2017.03.07-18.11.47:092][  0]LogContentBrowser: Native class hierarchy updated for 'SceneOutliner' in 0.0007 seconds. Added 1 classes and 2 folders.
[2017.03.07-18.11.48:150][  0]LogCrashTracker: Crashtracker disabled due to settings.
[2017.03.07-18.11.48:244][  0]LogUObjectGlobals:Warning: Failed to find object 'Class None.'
[2017.03.07-18.11.48:409][  0]LogContentBrowser: Native class hierarchy updated for 'HierarchicalLODOutliner' in 0.0007 seconds. Added 1 classes and 2 folders.
[2017.03.07-18.11.48:410][  0]LogLoad: (Engine Initialization) Total time: 81.35 seconds
[2017.03.07-18.11.48:410][  0]LogLoad: (Engine Initialization) Total Blueprint compile time: 0.69 seconds
[2017.03.07-18.11.48:410][  0]LogExternalProfiler: Found external profiler: VSPerf
[2017.03.07-18.11.48:410][  0]LogExternalProfiler: Using external profiler: VSPerf
[2017.03.07-18.11.49:047][  0]LogContentStreaming: Texture pool size now 1000 MB
[2017.03.07-18.11.49:608][  0]LogRenderer: Reallocating scene render targets to support 728x396 NumSamples 1 (Frame:2).
[2017.03.07-18.11.49:805][  1]LogFileCache: Retrieving MD5 hashes for directory 'E:/Game Data/Unreal Projects/ChimeraGames/Abyss/Content/' took 0.98s
[2017.03.07-18.11.50:435][  2]LogBlueprint:Warning: [Compiler BattleHUD] Warning 'Item' is already a 'BS Enemy', you don't need  K2Node_DynamicCast_346 .
[2017.03.07-18.11.50:435][  2]LogBlueprint:Warning: [Compiler BattleHUD] Warning 'Item' is already a 'BS Player', you don't need  K2Node_DynamicCast_148 .
[2017.03.07-18.11.50:497][  2]LogBlueprint:Warning: [Compiler BattleHUD] Warning [0083.43] Compile of BattleHUD successful, but with 2 Warning(s) [in 80 ms] (/Game/UMG/BattleHUD.BattleHUD)
[2017.03.07-18.11.50:497][  2]LogBlueprint:Warning: [Compiler BattleHUD] Warning [0083.43] Compile of BattleHUD successful, but with 3 Warning(s) [in 0 ms] (/Game/UMG/BattleHUD.BattleHUD)
[2017.03.07-18.11.50:497][  2]LogBlueprint:Warning: [Compiler BattleHUD] Warning [0083.43] Compile of BattleHUD successful, but with 4 Warning(s) [in 0 ms] (/Game/UMG/BattleHUD.BattleHUD)
[2017.03.07-18.11.50:562][  2]LogBlueprint:Warning: [Compiler BattleHUD] Warning 'Item' is already a 'BS Enemy', you don't need  K2Node_DynamicCast_346 .
[2017.03.07-18.11.50:563][  2]LogBlueprint:Warning: [Compiler BattleHUD] Warning 'Item' is already a 'BS Player', you don't need  K2Node_DynamicCast_148 .
[2017.03.07-18.11.50:618][  2]LogBlueprint:Warning: [Compiler BattleHUD] Warning [0083.55] Compile of BattleHUD successful, but with 2 Warning(s) [in 72 ms] (/Game/UMG/BattleHUD.BattleHUD)
[2017.03.07-18.11.50:618][  2]LogBlueprint:Warning: [Compiler BattleHUD] Warning [0083.55] Compile of BattleHUD successful, but with 3 Warning(s) [in 0 ms] (/Game/UMG/BattleHUD.BattleHUD)
[2017.03.07-18.11.50:618][  2]LogBlueprint:Warning: [Compiler BattleHUD] Warning [0083.55] Compile of BattleHUD successful, but with 4 Warning(s) [in 0 ms] (/Game/UMG/BattleHUD.BattleHUD)
[2017.03.07-18.11.51:570][  2]LogContentBrowser: Native class hierarchy updated for 'BlueprintGraph' in 0.0013 seconds. Added 111 classes and 0 folders.
[2017.03.07-18.11.57:144][ 13]LogAssetRegistry: Asset discovery search completed in 56.0159 seconds
[2017.03.07-18.11.57:144][ 13]LogCollectionManager: Rebuilt the object cache for 0 collections in 0.000000 seconds (found 0 objects)
[2017.03.07-18.11.57:144][ 13]LogCollectionManager: Fixed up redirectors for 0 collections in 0.000029 seconds (updated 0 objects)
[2017.03.07-20.16.15:445][529]LogBlueprint:Warning: [playerSettings] 'maxVolume' variable not found. Base class was probably changed.
[2017.03.07-20.16.15:445][529]LogBlueprint:Warning: [playerSettings] 'maxFootstepVolume' variable not found. Base class was probably changed.
[2017.03.07-20.16.15:446][529]LogBlueprint:Warning: [playerSettings] 'maxLightIntensity' variable not found. Base class was probably changed.
[2017.03.07-20.16.15:447][529]LogBlueprint:Warning: [playerSettings] 'maxLightIntensity' variable not found. Base class was probably changed.
[2017.03.07-20.16.15:447][529]LogBlueprint:Warning: [playerSettings] 'maxBrightness' variable not found. Base class was probably changed.
[2017.03.07-20.16.15:447][529]LogBlueprint:Warning: [playerSettings] 'maxVolume' variable not found. Base class was probably changed.
[2017.03.07-20.16.15:448][529]LogBlueprint:Warning: [playerSettings] 'maxFootstepVolume' variable not found. Base class was probably changed.
[2017.03.07-20.16.15:448][529]LogBlueprint:Warning: [playerSettings] 'maxIntensity' variable not found. Base class was probably changed.
[2017.03.07-20.16.15:448][529]LogBlueprint:Warning: [playerSettings] 'maxVolume' variable not found. Base class was probably changed.
[2017.03.07-20.16.15:466][529]LogBlueprint:Warning: [Compiler playerSettings] Warning Could not find a variable named "maxVolume" in 'LightableTorch_C'.
Make sure 'LightableTorch_C' has been compiled for  K2Node_VariableGet_254
[2017.03.07-20.16.15:467][529]LogBlueprint:Warning: [Compiler playerSettings] Warning Could not find a variable named "maxIntensity" in 'LightableTorch_C'.
Make sure 'LightableTorch_C' has been compiled for  K2Node_VariableGet_661
[2017.03.07-20.16.15:467][529]LogBlueprint:Warning: [Compiler playerSettings] Warning Could not find a variable named "maxVolume" in 'checkPoint_C'.
Make sure 'checkPoint_C' has been compiled for  K2Node_VariableGet_299
[2017.03.07-20.16.15:467][529]LogBlueprint:Warning: [Compiler playerSettings] Warning Could not find a variable named "maxBrightness" in 'checkPoint_C'.
Make sure 'checkPoint_C' has been compiled for  K2Node_VariableGet_122
[2017.03.07-20.16.15:467][529]LogBlueprint:Warning: [Compiler playerSettings] Warning Could not find a variable named "maxLightIntensity" in 'Exploration_Hero_C'.
Make sure 'Exploration_Hero_C' has been compiled for  K2Node_VariableGet_171
[2017.03.07-20.16.15:468][529]LogBlueprint:Warning: [Compiler playerSettings] Warning Could not find a variable named "maxFootstepVolume" in 'Exploration_Hero_C'.
Make sure 'Exploration_Hero_C' has been compiled for  K2Node_VariableGet_169
[2017.03.07-20.16.15:470][529]LogBlueprint:Warning: [Compiler playerSettings] Warning Could not find a variable named "maxFootstepVolume" in 'Exploration_Hero_C'.
Make sure 'Exploration_Hero_C' has been compiled for  K2Node_VariableGet_170
[2017.03.07-20.16.15:471][529]LogBlueprint:Warning: [Compiler playerSettings] Warning Could not find a variable named "maxLightIntensity" in 'Exploration_Hero_C'.
Make sure 'Exploration_Hero_C' has been compiled for  K2Node_VariableGet_113
[2017.03.07-20.16.15:471][529]LogBlueprint:Warning: [Compiler playerSettings] Warning Could not find a variable named "maxVolume" in 'checkPoint_C'.
Make sure 'checkPoint_C' has been compiled for  K2Node_VariableGet_352
[2017.03.07-20.16.15:473][529]LogBlueprint:Error: [Compiler playerSettings] Error The property associated with  maxFootstepVolume  could not be found
[2017.03.07-20.16.15:473][529]LogBlueprint:Error: [Compiler playerSettings] Error The property associated with  maxLightIntensity  could not be found
[2017.03.07-20.16.15:473][529]LogBlueprint:Error: [Compiler playerSettings] Error The property associated with  maxBrightness  could not be found
[2017.03.07-20.16.15:473][529]LogBlueprint:Error: [Compiler playerSettings] Error The property associated with  maxIntensity  could not be found
[2017.03.07-20.16.15:474][529]LogBlueprint:Error: [Compiler playerSettings] Error The property associated with  maxVolume  could not be found
[2017.03.07-20.16.15:474][529]LogBlueprint:Error: [Compiler playerSettings] Error The property associated with  maxVolume  could not be found
[2017.03.07-20.16.15:477][529]LogBlueprint:Error: [Compiler playerSettings] Error The property associated with  maxFootstepVolume  could not be found
[2017.03.07-20.16.15:477][529]LogBlueprint:Error: [Compiler playerSettings] Error The property associated with  maxLightIntensity  could not be found
[2017.03.07-20.16.15:477][529]LogBlueprint:Error: [Compiler playerSettings] Error The property associated with  maxVolume  could not be found
[2017.03.07-20.16.15:513][529]LogBlueprint:Warning: [Compiler playerSettings] Warning [7548.30] Compile of playerSettings failed. 9 Fatal Issue(s) 9 Warning(s) [in 62 ms] (/Game/UMG/playerSettings.playerSettings)
[2017.03.07-20.16.15:514][529]LogBlueprint:Warning: [Compiler playerSettings] Warning [7548.30] Compile of playerSettings failed. 9 Fatal Issue(s) 10 Warning(s) [in 0 ms] (/Game/UMG/playerSettings.playerSettings)
[2017.03.07-20.16.15:514][529]LogBlueprint:Warning: [Compiler playerSettings] Warning [7548.30] Compile of playerSettings failed. 9 Fatal Issue(s) 11 Warning(s) [in 0 ms] (/Game/UMG/playerSettings.playerSettings)
[2017.03.07-20.16.15:684][529]LogBlueprint:Warning: [playerSettings] 'maxFootstepVolume' variable not found. Base class was probably changed.
[2017.03.07-20.16.15:684][529]LogBlueprint:Warning: [playerSettings] 'maxLightIntensity' variable not found. Base class was probably changed.
[2017.03.07-20.16.15:684][529]LogBlueprint:Warning: [playerSettings] 'maxVolume' variable not found. Base class was probably changed.
[2017.03.07-20.16.15:685][529]LogBlueprint:Warning: [playerSettings] 'maxFootstepVolume' variable not found. Base class was probably changed.
[2017.03.07-20.16.15:685][529]LogBlueprint:Warning: [playerSettings] 'maxLightIntensity' variable not found. Base class was probably changed.
[2017.03.07-20.16.15:686][529]LogBlueprint:Warning: [playerSettings] 'maxBrightness' variable not found. Base class was probably changed.
[2017.03.07-20.16.15:686][529]LogBlueprint:Warning: [playerSettings] 'maxVolume' variable not found. Base class was probably changed.
[2017.03.07-20.16.15:686][529]LogBlueprint:Warning: [playerSettings] 'maxIntensity' variable not found. Base class was probably changed.
[2017.03.07-20.16.15:686][529]LogBlueprint:Warning: [playerSettings] 'maxVolume' variable not found. Base class was probably changed.
[2017.03.07-20.16.16:472][529]LogAIModule: Creating AISystem for world Fort_Exploration
[2017.03.07-20.16.16:826][529]Cmd: MAP LOAD FILE="../../../../../Unreal Projects/ChimeraGames/Abyss/Content/Maps-Levels/Fort/Fort_Exploration.umap" TEMPLATE=0 SHOWPROGRESS=1 FEATURELEVEL=3
[2017.03.07-20.16.16:826][529]LightingResults: New page: Lighting Build
[2017.03.07-20.16.16:827][529]LoadErrors: New page: Loading map: Fort_Exploration.umap
[2017.03.07-20.16.16:838][529]MapCheck: New page: Map Check
[2017.03.07-20.16.16:838][529]LightingResults: New page: Lighting Build
[2017.03.07-20.16.17:153][529]LogEditorServer: Finished looking for orphan Actors (0.000 secs)
[2017.03.07-20.16.17:238][529]Cmd: MAP CHECKDEP NOCLEARLOG
[2017.03.07-20.16.17:322][529]MapCheck: Info Map check complete: 0 Error(s), 0 Warning(s), took 83.952ms to complete.
[2017.03.07-20.16.17:322][529]LogFileHelpers: Loading map 'Fort_Exploration' took 0.507
[2017.03.07-20.16.23:636][248]LogAIModule: Creating AISystem for world Fort_Exploration
[2017.03.07-20.16.23:822][248]Cmd: MAP LOAD FILE="../../../../../Unreal Projects/ChimeraGames/Abyss/Content/Maps-Levels/Fort/Exploration/Fort_Exploration.umap" TEMPLATE=0 SHOWPROGRESS=1 FEATURELEVEL=3
[2017.03.07-20.16.23:822][248]LightingResults: New page: Lighting Build
[2017.03.07-20.16.23:823][248]LoadErrors: New page: Loading map: Fort_Exploration.umap
[2017.03.07-20.16.23:833][248]MapCheck: New page: Map Check
[2017.03.07-20.16.23:833][248]LightingResults: New page: Lighting Build
[2017.03.07-20.16.24:129][248]LogEditorServer: Finished looking for orphan Actors (0.000 secs)
[2017.03.07-20.16.24:200][248]Cmd: MAP CHECKDEP NOCLEARLOG
[2017.03.07-20.16.24:285][248]MapCheck: Info Map check complete: 0 Error(s), 0 Warning(s), took 84.386ms to complete.
[2017.03.07-20.16.24:285][248]LogFileHelpers: Loading map 'Fort_Exploration' took 0.464
[2017.03.07-20.16.46:834][871]LogMetaData: Removing '/Game/Maps-Levels/Fort/Exploration/Fort_Exploration1.Fort_Exploration1_C' ref from Metadata '/Game/Maps-Levels/Fort/Exploration/Fort_Exploration.PackageMetaData'
[2017.03.07-20.16.46:834][871]LogMetaData: Removing '/Game/Maps-Levels/Fort/Exploration/Fort_Exploration1.SKEL_Fort_Exploration1_C' ref from Metadata '/Game/Maps-Levels/Fort/Exploration/Fort_Exploration.PackageMetaData'
[2017.03.07-20.16.47:461][871]LogSavePackage: Save=334.77ms
[2017.03.07-20.16.47:461][871]LogSavePackage: Moving '../../../../../Unreal Projects/ChimeraGames/Abyss/Saved/Fort_Exploration11B97C9BE469B6380A191BAA369AB232A.tmp' to '../../../../../Unreal Projects/ChimeraGames/Abyss/Content/Maps-Levels/Fort/Exploration/Fort_Exploration1.umap'
[2017.03.07-20.16.47:482][871]LogSavePackage:Display: Finished SavePackage ../../../../../Unreal Projects/ChimeraGames/Abyss/Content/Maps-Levels/Fort/Exploration/Fort_Exploration1.umap
[2017.03.07-20.16.47:583][871]LogFileHelpers: Saving map 'Fort_Exploration1' took 0.710
[2017.03.07-20.17.04:912][591]BlueprintLog: New page: Compile mainMenu
[2017.03.07-20.17.06:208][682]LogTemp: Repeting last play command: Selected Viewport
[2017.03.07-20.17.06:373][682]LogBlueprintUserMessages: Early PlayInEditor Detection: Level '/Game/Maps-Levels/Fort/Exploration/Fort_Exploration1.Fort_Exploration1:PersistentLevel' has LevelScriptBlueprint '/Game/Maps-Levels/Fort/Exploration/Fort_Exploration1.Fort_Exploration1:PersistentLevel.Fort_Exploration1' with GeneratedClass '/Game/Maps-Levels/Fort/Exploration/Fort_Exploration1.Fort_Exploration1_C' with ClassGeneratedBy '/Game/Maps-Levels/Fort/Exploration/Fort_Exploration1.Fort_Exploration1:PersistentLevel.Fort_Exploration1'
[2017.03.07-20.17.06:373][682]LogPlayLevel: PlayLevel: No blueprints needed recompiling
[2017.03.07-20.17.13:339][206]Cmd: OBJ SAVEPACKAGE PACKAGE="/Game/UMG/mainMenu" FILE="../../../../../Unreal Projects/ChimeraGames/Abyss/Content/UMG/mainMenu.uasset" SILENT=true
[2017.03.07-20.17.13:401][206]LogSavePackage: Save=23.07ms
[2017.03.07-20.17.13:401][206]LogSavePackage: Moving '../../../../../Unreal Projects/ChimeraGames/Abyss/Saved/mainMenu01707FA04A08A6E7BB0FA887DB4ECE7F.tmp' to '../../../../../Unreal Projects/ChimeraGames/Abyss/Content/UMG/mainMenu.uasset'
[2017.03.07-20.17.13:403][206]LogSavePackage:Display: Finished SavePackage ../../../../../Unreal Projects/ChimeraGames/Abyss/Content/UMG/mainMenu.uasset
[2017.03.07-20.17.16:246][530]LogAIModule: Creating AISystem for world startMenu
[2017.03.07-20.17.16:413][530]Cmd: MAP LOAD FILE="../../../../../Unreal Projects/ChimeraGames/Abyss/Content/Maps-Levels/startMenu.umap" TEMPLATE=0 SHOWPROGRESS=1 FEATURELEVEL=3
[2017.03.07-20.17.16:413][530]LightingResults: New page: Lighting Build
[2017.03.07-20.17.16:414][530]LoadErrors: New page: Loading map: startMenu.umap
[2017.03.07-20.17.16:416][530]MapCheck: New page: Map Check
[2017.03.07-20.17.16:416][530]LightingResults: New page: Lighting Build
[2017.03.07-20.17.16:710][530]LogEditorServer: Finished looking for orphan Actors (0.000 secs)
[2017.03.07-20.17.16:782][530]Cmd: MAP CHECKDEP NOCLEARLOG
[2017.03.07-20.17.16:865][530]MapCheck: Info Map check complete: 0 Error(s), 0 Warning(s), took 82.716ms to complete.
[2017.03.07-20.17.16:865][530]LogFileHelpers: Loading map 'startMenu' took 0.455
[2017.03.07-20.17.18:273][694]LogTemp: Repeting last play command: Selected Viewport
[2017.03.07-20.17.18:315][694]LogBlueprintUserMessages: Early PlayInEditor Detection: Level '/Game/Maps-Levels/startMenu.startMenu:PersistentLevel' has LevelScriptBlueprint '/Game/Maps-Levels/startMenu.startMenu:PersistentLevel.startMenu' with GeneratedClass '/Game/Maps-Levels/startMenu.startMenu_C' with ClassGeneratedBy '/Game/Maps-Levels/startMenu.startMenu:PersistentLevel.startMenu'
[2017.03.07-20.17.18:315][694]LogPlayLevel: PlayLevel: No blueprints needed recompiling
[2017.03.07-20.17.19:664][694]PIE: New page: PIE session: startMenu (Mar 7, 2017, 10:17:19 AM)
[2017.03.07-20.17.19:664][694]LogPlayLevel: Creating play world package: /Game/Maps-Levels/UEDPIE_0_startMenu
[2017.03.07-20.17.19:666][694]LogPlayLevel: PIE: StaticDuplicateObject took: (0.001542s)
[2017.03.07-20.17.19:666][694]LogAIModule: Creating AISystem for world startMenu
[2017.03.07-20.17.19:667][694]LogPlayLevel: PIE: World Init took: (0.000943s)
[2017.03.07-20.17.19:679][694]LogPlayLevel: PIE: Created PIE world by copying editor world from /Game/Maps-Levels/startMenu.startMenu to /Game/Maps-Levels/UEDPIE_0_startMenu.startMenu (0.014381s)
[2017.03.07-20.17.19:855][694]LogInit: XAudio2 using '1 - SE32HY27 (2- AMD High Definition Audio Device)' : 2 channels at 48 kHz using 16 bits per sample (channel mask 0x3)
[2017.03.07-20.17.19:869][694]LogInit: FAudioDevice initialized.
[2017.03.07-20.17.19:954][694]LogLoad: Game class is 'abyssGameMode_C'
[2017.03.07-20.17.19:957][694]LogWorld: Bringing World /Game/Maps-Levels/UEDPIE_0_startMenu.startMenu up for play (max tick rate 0) at 2017.03.07-15.17.19
[2017.03.07-20.17.19:957][694]LogWorld: Bringing up level for play took: 0.000774
[2017.03.07-20.17.20:071][694]LogContentBrowser: Native class hierarchy updated for 'MovieSceneCapture' in 0.0007 seconds. Added 11 classes and 0 folders.
[2017.03.07-20.17.20:109][694]PIE: Info Play in editor start time for /Game/Maps-Levels/UEDPIE_0_startMenu 2.451
[2017.03.07-20.17.20:109][694]LogBlueprintUserMessages: Late PlayInEditor Detection: Level '/Game/Maps-Levels/startMenu.startMenu:PersistentLevel' has LevelScriptBlueprint '/Game/Maps-Levels/startMenu.startMenu:PersistentLevel.startMenu' with GeneratedClass '/Game/Maps-Levels/startMenu.startMenu_C' with ClassGeneratedBy '/Game/Maps-Levels/startMenu.startMenu:PersistentLevel.startMenu'
[2017.03.07-20.17.22:084][902]LogNet: Browse: /Game/Maps-Levels/Fort/Exploration/Fort_Exploration1
[2017.03.07-20.17.22:084][902]LogLoad: LoadMap: /Game/Maps-Levels/Fort/Exploration/Fort_Exploration1
[2017.03.07-20.17.22:248][902]Cmd: MEM
[2017.03.07-20.17.22:422][902]LogMemory: Platform Memory Stats for Windows
[2017.03.07-20.17.22:422][902]LogMemory: Process Physical Memory: 1262.59 MB used, 1263.55 MB peak
[2017.03.07-20.17.22:422][902]LogMemory: Process Virtual Memory: 1181.12 MB used, 1186.12 MB peak
[2017.03.07-20.17.22:422][902]LogMemory: Physical Memory: 7730.58 MB used,  8553.49 MB free, 16284.07 MB total
[2017.03.07-20.17.22:422][902]LogMemory: Virtual Memory: 2484.81 MB used,  8553.49 MB free, 8388608.00 MB total
[2017.03.07-20.17.22:422][902]LogMemory: 
[2017.03.07-20.17.22:422][902]Allocator Stats for TBB: (not implemented)
[2017.03.07-20.17.23:376][902]LogAIModule: Creating AISystem for world Fort_Exploration1
[2017.03.07-20.17.23:376][902]LogLoad: Game class is 'abyssExplorationMode_C'
[2017.03.07-20.17.23:387][902]LogWorld: Bringing World /Game/Maps-Levels/Fort/Exploration/UEDPIE_0_Fort_Exploration1.Fort_Exploration1 up for play (max tick rate 0) at 2017.03.07-15.17.23
[2017.03.07-20.17.23:392][902]LogWorld: Bringing up level for play took: 0.013788
[2017.03.07-20.17.23:404][902]LogLoad: Took 1.319218 seconds to LoadMap(/Game/Maps-Levels/Fort/Exploration/Fort_Exploration1)
[2017.03.07-20.17.26:826][287]LogNet: Browse: /Game/Maps-Levels/Fort_Battle
[2017.03.07-20.17.26:826][287]LogLoad: LoadMap: /Game/Maps-Levels/Fort_Battle
[2017.03.07-20.17.26:993][287]Cmd: MEM
[2017.03.07-20.17.27:149][287]LogMemory: Platform Memory Stats for Windows
[2017.03.07-20.17.27:149][287]LogMemory: Process Physical Memory: 1330.12 MB used, 1331.12 MB peak
[2017.03.07-20.17.27:149][287]LogMemory: Process Virtual Memory: 1243.10 MB used, 1248.10 MB peak
[2017.03.07-20.17.27:149][287]LogMemory: Physical Memory: 7756.12 MB used,  8527.95 MB free, 16284.07 MB total
[2017.03.07-20.17.27:149][287]LogMemory: Virtual Memory: 2545.81 MB used,  8527.95 MB free, 8388608.00 MB total
[2017.03.07-20.17.27:149][287]LogMemory: 
[2017.03.07-20.17.27:149][287]Allocator Stats for TBB: (not implemented)
[2017.03.07-20.17.27:767][287]LogStats: FPlatformStackWalk::StackWalkAndDump -  0.112 s
[2017.03.07-20.17.27:767][287]LogOutputDevice:Error: === Handled ensure: ===
[2017.03.07-20.17.27:767][287]LogOutputDevice:Error: 
[2017.03.07-20.17.27:767][287]LogOutputDevice:Error: Ensure condition failed: IsObjectValidForDatabase(AssetObject) [File:D:\Build\++UE4+Release-4.14+Compile\Sync\Engine\Source\Editor\BlueprintGraph\Private\BlueprintActionDatabase.cpp] [Line: 1263]
[2017.03.07-20.17.27:767][287]LogOutputDevice:Error: 
[2017.03.07-20.17.27:767][287]LogOutputDevice:Error: Stack: 
[2017.03.07-20.17.27:767][287]LogOutputDevice:Error: UE4Editor-Core.dll
[2017.03.07-20.17.27:767][287]LogOutputDevice:Error: UE4Editor-Core.dll
[2017.03.07-20.17.27:767][287]LogOutputDevice:Error: UE4Editor-Core.dll
[2017.03.07-20.17.27:767][287]LogOutputDevice:Error: UE4Editor-BlueprintGraph.dll
[2017.03.07-20.17.27:767][287]LogOutputDevice:Error: UE4Editor-BlueprintGraph.dll
[2017.03.07-20.17.27:767][287]LogOutputDevice:Error: UE4Editor-CoreUObject.dll
[2017.03.07-20.17.27:767][287]LogOutputDevice:Error: UE4Editor-CoreUObject.dll
[2017.03.07-20.17.27:767][287]LogOutputDevice:Error: UE4Editor-CoreUObject.dll
[2017.03.07-20.17.27:767][287]LogOutputDevice:Error: UE4Editor-CoreUObject.dll
[2017.03.07-20.17.27:767][287]LogOutputDevice:Error: UE4Editor-Engine.dll
[2017.03.07-20.17.27:767][287]LogOutputDevice:Error: UE4Editor-Engine.dll
[2017.03.07-20.17.27:767][287]LogOutputDevice:Error: UE4Editor-Engine.dll
[2017.03.07-20.17.27:767][287]LogOutputDevice:Error: UE4Editor-UnrealEd.dll
[2017.03.07-20.17.27:767][287]LogOutputDevice:Error: UE4Editor-UnrealEd.dll
[2017.03.07-20.17.27:767][287]LogOutputDevice:Error: UE4Editor.exe
[2017.03.07-20.17.27:767][287]LogOutputDevice:Error: UE4Editor.exe
[2017.03.07-20.17.27:767][287]LogOutputDevice:Error: UE4Editor.exe
[2017.03.07-20.17.27:767][287]LogOutputDevice:Error: UE4Editor.exe
[2017.03.07-20.17.27:767][287]LogOutputDevice:Error: UE4Editor.exe
[2017.03.07-20.17.27:767][287]LogOutputDevice:Error: kernel32.dll
[2017.03.07-20.17.27:767][287]LogOutputDevice:Error: ntdll.dll
[2017.03.07-20.17.27:767][287]LogOutputDevice:Error: 
[2017.03.07-20.17.27:777][287]LogStats:                SubmitErrorReport -  0.000 s
