Log file open, 03/04/17 19:20:28
LogInit:Display: Running engine for game: Abyss
LogPlatformFile: Not using cached read wrapper
LogInit:Display: RandInit(564572398) SRandInit(564572398).
LogTaskGraph: Started task graph with 5 named threads and 8 total threads with 1 sets of task threads.
LogStats: Stats thread started at 0.086916
LogPluginManager: Loaded Plugin Paper2D, From D:/UE4/UE_4.14/Engine/Plugins/2D/Paper2D/Paper2D.uplugin
LogPluginManager: Loaded Plugin LightPropagationVolume, From D:/UE4/UE_4.14/Engine/Plugins/Blendables/LightPropagationVolume/LightPropagationVolume.uplugin
LogPluginManager: Loaded Plugin BlankPlugin, From D:/UE4/UE_4.14/Engine/Plugins/Developer/BlankPlugin/BlankPlugin.uplugin
LogPluginManager: Loaded Plugin CodeLiteSourceCodeAccess, From D:/UE4/UE_4.14/Engine/Plugins/Developer/CodeLiteSourceCodeAccess/CodeLiteSourceCodeAccess.uplugin
LogPluginManager: Loaded Plugin GitSourceControl, From D:/UE4/UE_4.14/Engine/Plugins/Developer/GitSourceControl/GitSourceControl.uplugin
LogPluginManager: Loaded Plugin KDevelopSourceCodeAccess, From D:/UE4/UE_4.14/Engine/Plugins/Developer/KDevelopSourceCodeAccess/KDevelopSourceCodeAccess.uplugin
LogPluginManager: Loaded Plugin NullSourceCodeAccess, From D:/UE4/UE_4.14/Engine/Plugins/Developer/NullSourceCodeAccess/NullSourceCodeAccess.uplugin
LogPluginManager: Loaded Plugin OneSkyLocalizationService, From D:/UE4/UE_4.14/Engine/Plugins/Developer/OneSkyLocalizationService/OneSkyLocalizationService.uplugin
LogPluginManager: Loaded Plugin PerforceSourceControl, From D:/UE4/UE_4.14/Engine/Plugins/Developer/PerforceSourceControl/PerforceSourceControl.uplugin
LogPluginManager: Loaded Plugin SubversionSourceControl, From D:/UE4/UE_4.14/Engine/Plugins/Developer/SubversionSourceControl/SubversionSourceControl.uplugin
LogPluginManager: Loaded Plugin UObjectPlugin, From D:/UE4/UE_4.14/Engine/Plugins/Developer/UObjectPlugin/UObjectPlugin.uplugin
LogPluginManager: Loaded Plugin VisualStudioSourceCodeAccess, From D:/UE4/UE_4.14/Engine/Plugins/Developer/VisualStudioSourceCodeAccess/VisualStudioSourceCodeAccess.uplugin
LogPluginManager: Loaded Plugin XCodeSourceCodeAccess, From D:/UE4/UE_4.14/Engine/Plugins/Developer/XCodeSourceCodeAccess/XCodeSourceCodeAccess.uplugin
LogPluginManager: Loaded Plugin AudioCapture, From D:/UE4/UE_4.14/Engine/Plugins/Editor/AudioCapture/AudioCapture.uplugin
LogPluginManager: Loaded Plugin EpicSurvey, From D:/UE4/UE_4.14/Engine/Plugins/Editor/EpicSurvey/EpicSurvey.uplugin
LogPluginManager: Loaded Plugin MacGraphicsSwitching, From D:/UE4/UE_4.14/Engine/Plugins/Editor/MacGraphicsSwitching/MacGraphicsSwitching.uplugin
LogPluginManager: Loaded Plugin MobileLauncherProfileWizard, From D:/UE4/UE_4.14/Engine/Plugins/Editor/MobileLauncherProfileWizard/MobileLauncherProfileWizard.uplugin
LogPluginManager: Loaded Plugin PluginBrowser, From D:/UE4/UE_4.14/Engine/Plugins/Editor/PluginBrowser/PluginBrowser.uplugin
LogPluginManager: Loaded Plugin SpeedTreeImporter, From D:/UE4/UE_4.14/Engine/Plugins/Editor/SpeedTreeImporter/SpeedTreeImporter.uplugin
LogPluginManager: Loaded Plugin SuperSearchEditor, From D:/UE4/UE_4.14/Engine/Plugins/Editor/SuperSearchEditor/SuperSearchEditor.uplugin
LogPluginManager: Loaded Plugin AlembicImporter, From D:/UE4/UE_4.14/Engine/Plugins/Experimental/AlembicImporter/AlembicImporter.uplugin
LogPluginManager: Loaded Plugin BlueprintStats, From D:/UE4/UE_4.14/Engine/Plugins/Experimental/BlueprintStats/BlueprintStats.uplugin
LogPluginManager: Loaded Plugin CharacterAI, From D:/UE4/UE_4.14/Engine/Plugins/Experimental/CharacterAI/CharacterAI.uplugin
LogPluginManager: Loaded Plugin CodeEditor, From D:/UE4/UE_4.14/Engine/Plugins/Experimental/CodeEditor/CodeEditor.uplugin
LogPluginManager: Loaded Plugin CodeView, From D:/UE4/UE_4.14/Engine/Plugins/Experimental/CodeView/CodeView.uplugin
LogPluginManager: Loaded Plugin HTML5Networking, From D:/UE4/UE_4.14/Engine/Plugins/Experimental/HTML5Networking/HTML5Networking.uplugin
LogPluginManager: Loaded Plugin OSVR, From D:/UE4/UE_4.14/Engine/Plugins/Experimental/OSVR/OSVR.uplugin
LogPluginManager: Loaded Plugin Phya, From D:/UE4/UE_4.14/Engine/Plugins/Experimental/Phya/Phya.uplugin
LogPluginManager: Loaded Plugin SignificanceManager, From D:/UE4/UE_4.14/Engine/Plugins/Experimental/SignificanceManager/SignificanceManager.uplugin
LogPluginManager: Loaded Plugin SimpleHMD, From D:/UE4/UE_4.14/Engine/Plugins/Experimental/SimpleHMD/SimpleHMD.uplugin
LogPluginManager: Loaded Plugin StereoPanorama, From D:/UE4/UE_4.14/Engine/Plugins/Experimental/StereoPanorama/StereoPanorama.uplugin
LogPluginManager: Loaded Plugin StructBox, From D:/UE4/UE_4.14/Engine/Plugins/Experimental/StructBox/StructBox.uplugin
LogPluginManager: Loaded Plugin HGGifImporter, From D:/UE4/UE_4.14/Engine/Plugins/Marketplace/HGGifImporter/HGGifImporter.uplugin
LogPluginManager: Loaded Plugin UnrealJS, From D:/UE4/UE_4.14/Engine/Plugins/Marketplace/UnrealJS/UnrealJS.uplugin
LogPluginManager: Loaded Plugin AndroidMedia, From D:/UE4/UE_4.14/Engine/Plugins/Media/AndroidMedia/AndroidMedia.uplugin
LogPluginManager: Loaded Plugin AvfMedia, From D:/UE4/UE_4.14/Engine/Plugins/Media/AvfMedia/AvfMedia.uplugin
LogPluginManager: Loaded Plugin MediaPlayerEditor, From D:/UE4/UE_4.14/Engine/Plugins/Media/MediaPlayerEditor/MediaPlayerEditor.uplugin
LogPluginManager: Loaded Plugin WmfMedia, From D:/UE4/UE_4.14/Engine/Plugins/Media/WmfMedia/WmfMedia.uplugin
LogPluginManager: Loaded Plugin MessagingDebugger, From D:/UE4/UE_4.14/Engine/Plugins/Messaging/MessagingDebugger/MessagingDebugger.uplugin
LogPluginManager: Loaded Plugin TcpMessaging, From D:/UE4/UE_4.14/Engine/Plugins/Messaging/TcpMessaging/TcpMessaging.uplugin
LogPluginManager: Loaded Plugin UdpMessaging, From D:/UE4/UE_4.14/Engine/Plugins/Messaging/UdpMessaging/UdpMessaging.uplugin
LogPluginManager: Loaded Plugin LevelSequenceEditor, From D:/UE4/UE_4.14/Engine/Plugins/MovieScene/LevelSequenceEditor/LevelSequenceEditor.uplugin
LogPluginManager: Loaded Plugin MatineeToLevelSequence, From D:/UE4/UE_4.14/Engine/Plugins/MovieScene/MatineeToLevelSequence/MatineeToLevelSequence.uplugin
LogPluginManager: Loaded Plugin NetcodeUnitTest, From D:/UE4/UE_4.14/Engine/Plugins/NetcodeUnitTest/NetcodeUnitTest/NetcodeUnitTest.uplugin
LogPluginManager: Loaded Plugin NUTUnrealEngine4, From D:/UE4/UE_4.14/Engine/Plugins/NetcodeUnitTest/NUTUnrealEngine4/NUTUnrealEngine4.uplugin
LogPluginManager: Loaded Plugin OnlineSubsystemGameCircle, From D:/UE4/UE_4.14/Engine/Plugins/Online/Android/OnlineSubsystemGameCircle/OnlineSubsystemGameCircle.uplugin
LogPluginManager: Loaded Plugin OnlineSubsystemGooglePlay, From D:/UE4/UE_4.14/Engine/Plugins/Online/Android/OnlineSubsystemGooglePlay/OnlineSubsystemGooglePlay.uplugin
LogPluginManager: Loaded Plugin OnlineSubsystemIOS, From D:/UE4/UE_4.14/Engine/Plugins/Online/IOS/OnlineSubsystemIOS/OnlineSubsystemIOS.uplugin
LogPluginManager: Loaded Plugin OnlineFramework, From D:/UE4/UE_4.14/Engine/Plugins/Online/OnlineFramework/OnlineFramework.uplugin
LogPluginManager: Loaded Plugin OnlineSubsystem, From D:/UE4/UE_4.14/Engine/Plugins/Online/OnlineSubsystem/OnlineSubsystem.uplugin
LogPluginManager: Loaded Plugin OnlineSubsystemAmazon, From D:/UE4/UE_4.14/Engine/Plugins/Online/OnlineSubsystemAmazon/OnlineSubsystemAmazon.uplugin
LogPluginManager: Loaded Plugin OnlineSubsystemFacebook, From D:/UE4/UE_4.14/Engine/Plugins/Online/OnlineSubsystemFacebook/OnlineSubsystemFacebook.uplugin
LogPluginManager: Loaded Plugin OnlineSubsystemNull, From D:/UE4/UE_4.14/Engine/Plugins/Online/OnlineSubsystemNull/OnlineSubsystemNull.uplugin
LogPluginManager: Loaded Plugin OnlineSubsystemOculus, From D:/UE4/UE_4.14/Engine/Plugins/Online/OnlineSubsystemOculus/OnlineSubsystemOculus.uplugin
LogPluginManager: Loaded Plugin OnlineSubsystemSteam, From D:/UE4/UE_4.14/Engine/Plugins/Online/OnlineSubsystemSteam/OnlineSubsystemSteam.uplugin
LogPluginManager: Loaded Plugin OnlineSubsystemUtils, From D:/UE4/UE_4.14/Engine/Plugins/Online/OnlineSubsystemUtils/OnlineSubsystemUtils.uplugin
LogPluginManager: Loaded Plugin IOSTapJoy, From D:/UE4/UE_4.14/Engine/Plugins/Runtime/Advertising/IOSTapJoy/IOSTapJoy.uplugin
LogPluginManager: Loaded Plugin AnalyticsBlueprintLibrary, From D:/UE4/UE_4.14/Engine/Plugins/Runtime/Analytics/AnalyticsBlueprintLibrary/AnalyticsBlueprintLibrary.uplugin
LogPluginManager: Loaded Plugin AnalyticsMulticast, From D:/UE4/UE_4.14/Engine/Plugins/Runtime/Analytics/AnalyticsMulticast/AnalyticsMulticast.uplugin
LogPluginManager: Loaded Plugin Apsalar, From D:/UE4/UE_4.14/Engine/Plugins/Runtime/Analytics/Apsalar/Apsalar.uplugin
LogPluginManager: Loaded Plugin FileLogging, From D:/UE4/UE_4.14/Engine/Plugins/Runtime/Analytics/FileLogging/FileLogging.uplugin
LogPluginManager: Loaded Plugin Flurry, From D:/UE4/UE_4.14/Engine/Plugins/Runtime/Analytics/Flurry/Flurry.uplugin
LogPluginManager: Loaded Plugin AndroidDeviceProfileSelector, From D:/UE4/UE_4.14/Engine/Plugins/Runtime/AndroidDeviceProfileSelector/AndroidDeviceProfileSelector.uplugin
LogPluginManager: Loaded Plugin AndroidMoviePlayer, From D:/UE4/UE_4.14/Engine/Plugins/Runtime/AndroidMoviePlayer/AndroidMoviePlayer.uplugin
LogPluginManager: Loaded Plugin AppleMoviePlayer, From D:/UE4/UE_4.14/Engine/Plugins/Runtime/AppleMoviePlayer/AppleMoviePlayer.uplugin
LogPluginManager: Loaded Plugin ArchVisCharacter, From D:/UE4/UE_4.14/Engine/Plugins/Runtime/ArchVisCharacter/ArchVisCharacter.uplugin
LogPluginManager: Loaded Plugin CableComponent, From D:/UE4/UE_4.14/Engine/Plugins/Runtime/CableComponent/CableComponent.uplugin
LogPluginManager: Loaded Plugin CustomMeshComponent, From D:/UE4/UE_4.14/Engine/Plugins/Runtime/CustomMeshComponent/CustomMeshComponent.uplugin
LogPluginManager: Loaded Plugin ExampleDeviceProfileSelector, From D:/UE4/UE_4.14/Engine/Plugins/Runtime/ExampleDeviceProfileSelector/ExampleDeviceProfileSelector.uplugin
LogPluginManager: Loaded Plugin GearVR, From D:/UE4/UE_4.14/Engine/Plugins/Runtime/GearVR/GearVR.uplugin
LogPluginManager: Loaded Plugin GoogleVRController, From D:/UE4/UE_4.14/Engine/Plugins/Runtime/GoogleVR/GoogleVRController/GoogleVRController.uplugin
LogPluginManager: Loaded Plugin GoogleVRHMD, From D:/UE4/UE_4.14/Engine/Plugins/Runtime/GoogleVR/GoogleVRHMD/GoogleVRHMD.uplugin
LogPluginManager: Loaded Plugin IOSDeviceProfileSelector, From D:/UE4/UE_4.14/Engine/Plugins/Runtime/IOSDeviceProfileSelector/IOSDeviceProfileSelector.uplugin
LogPluginManager: Loaded Plugin LeapMotion, From D:/UE4/UE_4.14/Engine/Plugins/Runtime/LeapMotion/LeapMotion.uplugin
LogPluginManager: Loaded Plugin LinuxDeviceProfileSelector, From D:/UE4/UE_4.14/Engine/Plugins/Runtime/LinuxDeviceProfileSelector/LinuxDeviceProfileSelector.uplugin
LogPluginManager: Loaded Plugin MIDIDevice, From D:/UE4/UE_4.14/Engine/Plugins/Runtime/MIDIDevice/MIDIDevice.uplugin
LogPluginManager: Loaded Plugin MobilePatchingUtils, From D:/UE4/UE_4.14/Engine/Plugins/Runtime/MobilePatchingUtils/MobilePatchingUtils.uplugin
LogPluginManager: Loaded Plugin Ansel, From D:/UE4/UE_4.14/Engine/Plugins/Runtime/Nvidia/Ansel/Ansel.uplugin
LogPluginManager: Loaded Plugin OculusAudio, From D:/UE4/UE_4.14/Engine/Plugins/Runtime/OculusAudio/OculusAudio.uplugin
LogPluginManager: Loaded Plugin OculusInput, From D:/UE4/UE_4.14/Engine/Plugins/Runtime/OculusInput/OculusInput.uplugin
LogPluginManager: Loaded Plugin OculusLibrary, From D:/UE4/UE_4.14/Engine/Plugins/Runtime/OculusLibrary/OculusLibrary.uplugin
LogPluginManager: Loaded Plugin OculusRift, From D:/UE4/UE_4.14/Engine/Plugins/Runtime/OculusRift/OculusRift.uplugin
LogPluginManager: Loaded Plugin Oodle, From D:/UE4/UE_4.14/Engine/Plugins/Runtime/PacketHandlers/CompressionComponents/Oodle/Oodle.uplugin
LogPluginManager: Loaded Plugin ProceduralMeshComponent, From D:/UE4/UE_4.14/Engine/Plugins/Runtime/ProceduralMeshComponent/ProceduralMeshComponent.uplugin
LogPluginManager: Loaded Plugin SoundMod, From D:/UE4/UE_4.14/Engine/Plugins/Runtime/SoundMod/SoundMod.uplugin
LogPluginManager: Loaded Plugin SoundVisualizations, From D:/UE4/UE_4.14/Engine/Plugins/Runtime/SoundVisualizations/SoundVisualizations.uplugin
LogPluginManager: Loaded Plugin SteamController, From D:/UE4/UE_4.14/Engine/Plugins/Runtime/Steam/SteamController/SteamController.uplugin
LogPluginManager: Loaded Plugin SteamVR, From D:/UE4/UE_4.14/Engine/Plugins/Runtime/Steam/SteamVR/SteamVR.uplugin
LogPluginManager: Loaded Plugin WebBrowserWidget, From D:/UE4/UE_4.14/Engine/Plugins/Runtime/WebBrowserWidget/WebBrowserWidget.uplugin
LogPluginManager: Loaded Plugin WindowsDeviceProfileSelector, From D:/UE4/UE_4.14/Engine/Plugins/Runtime/WindowsDeviceProfileSelector/WindowsDeviceProfileSelector.uplugin
LogPluginManager: Loaded Plugin WindowsMoviePlayer, From D:/UE4/UE_4.14/Engine/Plugins/Runtime/WindowsMoviePlayer/WindowsMoviePlayer.uplugin
LogPluginManager: Loaded Plugin ScriptPlugin, From D:/UE4/UE_4.14/Engine/Plugins/ScriptPlugin/ScriptPlugin.uplugin
LogPluginManager: Loaded Plugin SlateRemote, From D:/UE4/UE_4.14/Engine/Plugins/Slate/SlateRemote/SlateRemote.uplugin
LogPluginManager: Loaded Plugin EditorTests, From D:/UE4/UE_4.14/Engine/Plugins/Tests/EditorTests/EditorTests.uplugin
LogPluginManager: Loaded Plugin FbxAutomationTestBuilder, From D:/UE4/UE_4.14/Engine/Plugins/Tests/FbxAutomationTestBuilder/FbxAutomationTestBuilder.uplugin
LogPluginManager: Loaded Plugin FunctionalTestingEditor, From D:/UE4/UE_4.14/Engine/Plugins/Tests/FunctionalTestingEditor/FunctionalTestingEditor.uplugin
LogPluginManager: Loaded Plugin RuntimeTests, From D:/UE4/UE_4.14/Engine/Plugins/Tests/RuntimeTests/RuntimeTests.uplugin
LogPluginManager: Loaded Plugin ScreenshotTools, From D:/UE4/UE_4.14/Engine/Plugins/Tests/ScreenshotTools/ScreenshotTools.uplugin
LogInit: Using libcurl 7.47.1
LogInit:  - built for x86_64-pc-win32
LogInit:  - supports SSL with OpenSSL/1.0.2g
LogInit:  - supports HTTP deflate (compression) using libz 1.2.8
LogInit:  - other features:
LogInit:      CURL_VERSION_SSL
LogInit:      CURL_VERSION_LIBZ
LogInit:      CURL_VERSION_IPV6
LogInit:      CURL_VERSION_ASYNCHDNS
LogInit:      CURL_VERSION_LARGEFILE
LogInit:      CURL_VERSION_IDN
LogInit:  CurlRequestOptions (configurable via config and command line):
LogInit:  - bVerifyPeer = false  - Libcurl will NOT verify peer certificate
LogInit:  - bUseHttpProxy = false  - Libcurl will NOT use HTTP proxy
LogInit:  - bDontReuseConnections = false  - Libcurl will reuse connections
LogInit:  - CertBundlePath = nullptr  - Libcurl will use whatever was configured at build time.
LogInit: Build: ++UE4+Release-4.14-CL-3249277
LogInit: Engine Version: 4.14.3-3249277+++UE4+Release-4.14
LogInit: Compatible Engine Version: 4.14.0-3195953+++UE4+Release-4.14
LogInit: Net CL: 3195953
LogDevObjectVersion: Number of dev versions registered: 13
LogDevObjectVersion:   Dev-Blueprints (B0D832E4-1F89-4F0D-ACCF-7EB736FD4AA2): 7
LogDevObjectVersion:   Dev-Build (E1C64328-A22C-4D53-A36C-8E866417BD8C): 0
LogDevObjectVersion:   Dev-Core (375EC13C-06E4-48FB-B500-84F0262A717E): 1
LogDevObjectVersion:   Dev-Editor (E4B068ED-F494-42E9-A231-DA0B2E46BB41): 8
LogDevObjectVersion:   Dev-Framework (CFFC743F-43B0-4480-9391-14DF171D2073): 17
LogDevObjectVersion:   Dev-Mobile (B02B49B5-BB20-44E9-A304-32B752E40360): 0
LogDevObjectVersion:   Dev-Networking (A4E4105C-59A1-49B5-A7C5-40C4547EDFEE): 0
LogDevObjectVersion:   Dev-Online (39C831C9-5AE6-47DC-9A44-9C173E1C8E7C): 0
LogDevObjectVersion:   Dev-Physics (78F01B33-EBEA-4F98-B9B4-84EACCB95AA2): 0
LogDevObjectVersion:   Dev-Platform (6631380F-2D4D-43E0-8009-CF276956A95A): 0
LogDevObjectVersion:   Dev-Rendering (12F88B9F-8875-4AFC-A67C-D90C383ABD29): 12
LogDevObjectVersion:   Dev-Sequencer (7B5AE74C-D270-4C10-A958-57980B212A5A): 1
LogDevObjectVersion:   Dev-VR (D7296918-1DD6-4BDD-9DE2-64A83CC13884): 0
LogInit: Compiled (64-bit): Jan  6 2017 10:49:43
LogInit: Compiled with Visual C++: 19.00.23026.00
LogInit: Build Configuration: Development
LogInit: Branch Name: ++UE4+Release-4.14
LogInit: Command line:  
LogInit: Base directory: D:/UE4/UE_4.14/Engine/Binaries/Win64/
LogInit: Installed Engine Build: 1
LogInit: Presizing for max 8388607 objects, including 0 objects not considered by GC, pre-allocating 0 bytes for permanent pool.
LogInit: Object subsystem initialized
[2017.03.05-00.20.29:057][  0]LogInit: Selected Device Profile: [Windows]
[2017.03.05-00.20.29:057][  0]LogInit: Applying CVar settings loaded from the selected device profile: [Windows]
[2017.03.05-00.20.29:073][  0]LogInit: Computer: NATHAN-PC
[2017.03.05-00.20.29:073][  0]LogInit: User: nathan
[2017.03.05-00.20.29:073][  0]LogInit: CPU Page size=65536, Cores=4
[2017.03.05-00.20.29:073][  0]LogInit: High frequency timer resolution =3.897822 MHz
[2017.03.05-00.20.29:073][  0]LogMemory: Memory total: Physical=16.0GB (16GB approx)
[2017.03.05-00.20.29:073][  0]LogMemory: Platform Memory Stats for Windows
[2017.03.05-00.20.29:073][  0]LogMemory: Process Physical Memory: 266.92 MB used, 266.92 MB peak
[2017.03.05-00.20.29:073][  0]LogMemory: Process Virtual Memory: 262.79 MB used, 262.79 MB peak
[2017.03.05-00.20.29:073][  0]LogMemory: Physical Memory: 5221.18 MB used,  11120.51 MB free, 16341.69 MB total
[2017.03.05-00.20.29:073][  0]LogMemory: Virtual Memory: 675.18 MB used,  11120.51 MB free, 134217728.00 MB total
[2017.03.05-00.20.29:108][  0]LogTextLocalizationManager: No specific translations for ('en-US') exist, so ('en') translations will be used.
[2017.03.05-00.20.29:862][  0]LogD3D11RHI: D3D11 adapters:
[2017.03.05-00.20.30:374][  0]LogD3D11RHI:    0. 'NVIDIA GeForce GTX 960' (Feature Level 11_0)
[2017.03.05-00.20.30:374][  0]LogD3D11RHI:       4061/0/8170 MB DedicatedVideo/DedicatedSystem/SharedSystem, Outputs:2, VendorId:0x10de
[2017.03.05-00.20.30:376][  0]LogD3D11RHI:    1. 'Microsoft Basic Render Driver' (Feature Level 11_0)
[2017.03.05-00.20.30:376][  0]LogD3D11RHI:       0/0/8170 MB DedicatedVideo/DedicatedSystem/SharedSystem, Outputs:0, VendorId:0x1414
[2017.03.05-00.20.30:376][  0]LogD3D11RHI: Chosen D3D11 Adapter: 0
[2017.03.05-00.20.30:383][  0]LogD3D11RHI: Creating new Direct3DDevice
[2017.03.05-00.20.30:384][  0]LogD3D11RHI:     GPU DeviceId: 0x1401 (for the marketing name, search the web for "GPU Device Id")
[2017.03.05-00.20.30:384][  0]LogWindows: EnumDisplayDevices:
[2017.03.05-00.20.30:384][  0]LogWindows:    0. 'NVIDIA GeForce GTX 960' (P:1 D:1)
[2017.03.05-00.20.30:384][  0]LogWindows:    1. 'NVIDIA GeForce GTX 960' (P:0 D:1)
[2017.03.05-00.20.30:384][  0]LogWindows:    2. 'NVIDIA GeForce GTX 960' (P:0 D:0)
[2017.03.05-00.20.30:385][  0]LogWindows:    3. 'NVIDIA GeForce GTX 960' (P:0 D:0)
[2017.03.05-00.20.30:385][  0]LogWindows: DebugString: FoundDriverCount:4 
[2017.03.05-00.20.30:385][  0]LogD3D11RHI:     Adapter Name: NVIDIA GeForce GTX 960
[2017.03.05-00.20.30:385][  0]LogD3D11RHI:   Driver Version: 376.53 (internal:21.21.13.7653, unified:376.53)
[2017.03.05-00.20.30:385][  0]LogD3D11RHI:      Driver Date: 12-29-2016
[2017.03.05-00.20.30:385][  0]LogRHI: Texture pool is 1361 MB (70% of 1945 MB)
[2017.03.05-00.20.30:843][  0]LogD3D11RHI: Async texture creation enabled
[2017.03.05-00.20.30:899][  0]LogD3D11RHI: GPU Timing Frequency: 1000.000000 (Debug: 2 1)
[2017.03.05-00.20.30:899][  0]LogShaderCompilers: Guid format shader working directory is 4 characters bigger than the processId version (C:/Users/nathan/Desktop/ChimeraGames/Abyss/Intermediate/Shaders/WorkingDirectory/13008/).
[2017.03.05-00.20.30:899][  0]LogShaderCompilers: Cleaned the shader compiler working directory 'C:/Users/nathan/AppData/Local/Temp/UnrealShaderWorkingDir/7B92E4304880D7C5D5D144A4C5AF2BD9/'.
[2017.03.05-00.20.30:899][  0]LogShaderCompilers:Display: Using Local Shader Compiler.
[2017.03.05-00.20.32:236][  0]LogTemp:Display: Loaded TP AllDesktopTargetPlatform
[2017.03.05-00.20.32:294][  0]LogTemp:Display: Loaded TP MacClientTargetPlatform
[2017.03.05-00.20.32:351][  0]LogTemp:Display: Loaded TP MacNoEditorTargetPlatform
[2017.03.05-00.20.32:410][  0]LogTemp:Display: Loaded TP MacServerTargetPlatform
[2017.03.05-00.20.32:468][  0]LogTemp:Display: Loaded TP MacTargetPlatform
[2017.03.05-00.20.32:527][  0]LogTemp:Display: Loaded TP WindowsClientTargetPlatform
[2017.03.05-00.20.32:584][  0]LogTemp:Display: Loaded TP WindowsNoEditorTargetPlatform
[2017.03.05-00.20.32:644][  0]LogTemp:Display: Loaded TP WindowsServerTargetPlatform
[2017.03.05-00.20.32:689][  0]LogTemp:Display: Loaded TP WindowsTargetPlatform
[2017.03.05-00.20.32:747][  0]LogTemp:Display: Loaded TP AndroidTargetPlatform
[2017.03.05-00.20.32:805][  0]LogTemp:Display: Loaded TP Android_ASTCTargetPlatform
[2017.03.05-00.20.32:863][  0]LogTemp:Display: Loaded TP Android_ATCTargetPlatform
[2017.03.05-00.20.32:920][  0]LogTemp:Display: Loaded TP Android_DXTTargetPlatform
[2017.03.05-00.20.32:976][  0]LogTemp:Display: Loaded TP Android_ETC1TargetPlatform
[2017.03.05-00.20.33:034][  0]LogTemp:Display: Loaded TP Android_ETC2TargetPlatform
[2017.03.05-00.20.33:149][  0]LogTemp:Display: Loaded TP Android_MultiTargetPlatform
[2017.03.05-00.20.33:149][  0]LogTemp:Display: Loaded TP Android_PVRTCTargetPlatform
[2017.03.05-00.20.33:184][  0]LogTemp:Display: Loaded TP HTML5TargetPlatform
[2017.03.05-00.20.33:270][  0]LogTemp:Display: Loaded TP IOSTargetPlatform
[2017.03.05-00.20.33:309][  0]LogTemp:Display: Loaded TP TVOSTargetPlatform
[2017.03.05-00.20.33:365][  0]LogTemp:Display: Loaded TP LinuxClientTargetPlatform
[2017.03.05-00.20.33:422][  0]LogTemp:Display: Loaded TP LinuxNoEditorTargetPlatform
[2017.03.05-00.20.33:479][  0]LogTemp:Display: Loaded TP LinuxServerTargetPlatform
[2017.03.05-00.20.33:538][  0]LogTemp:Display: Loaded TP LinuxTargetPlatform
[2017.03.05-00.20.33:538][  0]LogTargetPlatformManager:Display: Building Assets For Windows
[2017.03.05-00.20.33:887][  0]LogDerivedDataCache:Display: Max Cache Size: 512 MB
[2017.03.05-00.20.33:981][  0]LogDerivedDataCache: Loaded boot cache 0.09s 50MB C:/Users/nathan/AppData/Local/UnrealEngine/4.14/DerivedDataCache/Boot.ddc.
[2017.03.05-00.20.33:981][  0]LogDerivedDataCache:Display: Loaded Boot cache: C:/Users/nathan/AppData/Local/UnrealEngine/4.14/DerivedDataCache/Boot.ddc
[2017.03.05-00.20.33:981][  0]LogDerivedDataCache: FDerivedDataBackendGraph:  Pak pak cache file C:/Users/nathan/Desktop/ChimeraGames/Abyss/DerivedDataCache/DDC.ddp not found, will not use a pak cache.
[2017.03.05-00.20.33:981][  0]LogDerivedDataCache: Unable to find inner node Pak for hierarchical cache Hierarchy.
[2017.03.05-00.20.33:981][  0]LogDerivedDataCache: FDerivedDataBackendGraph:  CompressedPak pak cache file C:/Users/nathan/Desktop/ChimeraGames/Abyss/DerivedDataCache/Compressed.ddp not found, will not use a pak cache.
[2017.03.05-00.20.33:981][  0]LogDerivedDataCache: Unable to find inner node CompressedPak for hierarchical cache Hierarchy.
[2017.03.05-00.20.34:002][  0]LogDerivedDataCache:Display: Pak cache opened for reading ../../../Engine/DerivedDataCache/Compressed.ddp.
[2017.03.05-00.20.34:014][  0]LogDerivedDataCache: Using Local data cache path C:/Users/nathan/AppData/Local/UnrealEngine/Common/DerivedDataCache: Writable
[2017.03.05-00.20.34:277][  0]LogInit: Selected Device Profile: [Windows]
[2017.03.05-00.20.34:281][  0]LogContentStreaming: Texture pool size is 0.00 MB
[2017.03.05-00.20.34:489][  0]LogMeshUtilities: Using QuadricMeshReduction for automatic static mesh reduction
[2017.03.05-00.20.34:529][  0]LogSimplygon: Simplygon DLL not present - disabling.
[2017.03.05-00.20.34:571][  0]LogMeshUtilities: Using SimplygonSwarm for distributed automatic mesh merging
[2017.03.05-00.20.34:571][  0]LogMeshUtilities: No automatic skeletal mesh reduction module available
[2017.03.05-00.20.34:571][  0]LogMeshUtilities: No automatic mesh merging module available
[2017.03.05-00.20.35:225][  0]LogNetVersion: GetLocalNetworkVersion: CL: 3195953, ProjectName: abyss, ProjectVersion: , EngineNetworkVersion: 2, GameNetworkVersion: 0, NetworkChecksum: 1595127573
[2017.03.05-00.20.35:282][  0]LogAssetRegistry: FAssetRegistry took 0.0219 seconds to start up
[2017.03.05-00.20.35:353][  0]LogPackageLocalizationCache: Processed 4 localized package path(s) for 2 prioritized culture(s) in 0.049309 seconds
[2017.03.05-00.20.35:360][  0]LogUObjectArray: 31890 objects as part of root set at end of initial load.
[2017.03.05-00.20.35:360][  0]LogUObjectAllocator: 6922376 out of 0 bytes used by permanent object pool.
[2017.03.05-00.20.35:360][  0]LogUObjectArray: CloseDisregardForGC: 0/0 objects in disregard for GC pool
[2017.03.05-00.20.35:413][  0]LogInit: WinSock: version 1.1 (2.2), MaxSocks=32767, MaxUdp=65467
[2017.03.05-00.20.36:161][  0]LogSlate: Using Freetype 2.6.0
[2017.03.05-00.20.36:162][  0]LogSlate: SlateFontCache - WITH_FREETYPE: 1, WITH_HARFBUZZ: 1
[2017.03.05-00.20.36:162][  0]LogSlate: SlateFontCache - WITH_FREETYPE: 1, WITH_HARFBUZZ: 1
[2017.03.05-00.20.37:110][  0]JavascriptCmd: Unreal.js started. V8 5.7.201
[2017.03.05-00.20.37:499][  0]LogMaterial: Uniform references updated for custom material expression Custom.
[2017.03.05-00.20.37:867][  0]SourceControl: Info Source control is disabled
[2017.03.05-00.20.37:867][  0]SourceControl: Info Source control is disabled
[2017.03.05-00.20.37:908][  0]SourceControl: Info Source control is disabled
[2017.03.05-00.20.37:948][  0]SourceControl: Info Source control is disabled
[2017.03.05-00.20.39:511][  0]ImportText (YAxis): Missing opening parenthesis: 0.000000,1.000000,0.000000
[2017.03.05-00.20.39:511][  0]ImportText (ZAxis): Missing opening parenthesis: 0.000000,0.000000,1.000000
[2017.03.05-00.20.39:512][  0]ImportText (Rotation): Missing opening parenthesis: -90.000000,0.000000,0.000000
[2017.03.05-00.20.39:516][  0]ImportText (B): Missing opening parenthesis: 1.000000,1.000000,1.000000
[2017.03.05-00.20.40:163][  0]LogEngine: Initializing Engine...
[2017.03.05-00.20.40:426][  0]LogAIModule: Creating AISystem for world Untitled
[2017.03.05-00.20.40:442][  0]LogInit: XAudio2 using 'Speakers (Realtek High Definition Audio)' : 2 channels at 48 kHz using 32 bits per sample (channel mask 0x3)
[2017.03.05-00.20.40:462][  0]LogInit: FAudioDevice initialized.
[2017.03.05-00.20.40:511][  0]LogDerivedDataCache: Saved boot cache 0.05s 50MB C:/Users/nathan/AppData/Local/UnrealEngine/4.14/DerivedDataCache/Boot.ddc.
[2017.03.05-00.20.40:528][  0]LogInit: Texture streaming: Enabled
[2017.03.05-00.20.40:698][  0]LogInit: Transaction tracking system initialized
[2017.03.05-00.20.41:016][  0]BlueprintLog: New page: Editor Load
[2017.03.05-00.20.41:828][  0]LocalizationService: Info Localization service is disabled
[2017.03.05-00.20.42:157][  0]LogModuleManager:Warning: No filename provided for module TcpMessaging
[2017.03.05-00.20.42:157][  0]LogModuleManager:Warning: ModuleManager: Unable to load module 'TcpMessaging' because the file 'D:/UE4/UE_4.14/Engine/Binaries/Win64/' was not found.
[2017.03.05-00.20.42:437][  0]LogConsoleResponse:Display: 
[2017.03.05-00.20.42:590][  0]LogCook:Display: Max memory allowance for cook 16384mb min free memory 0mb
[2017.03.05-00.20.42:590][  0]LogCook:Display: Mobile HDR setting 1
[2017.03.05-00.20.42:794][  0]LogFileCache: Scanning file cache for directory 'C:/Users/nathan/Desktop/ChimeraGames/Abyss/Content/' took 0.01s
[2017.03.05-00.20.43:329][  0]SourceControl: Info Source control is disabled
[2017.03.05-00.20.43:329][  0]Cmd: MAP LOAD FILE="C:/Users/nathan/Desktop/ChimeraGames/Abyss/Content/Maps-Levels/startMenu.umap" TEMPLATE=0 SHOWPROGRESS=1 FEATURELEVEL=3
[2017.03.05-00.20.43:330][  0]LightingResults: New page: Lighting Build
[2017.03.05-00.20.43:366][  0]MapCheck: New page: Map Check
[2017.03.05-00.20.43:367][  0]LightingResults: New page: Lighting Build
[2017.03.05-00.20.43:493][  0]LogAIModule: Creating AISystem for world startMenu
[2017.03.05-00.20.43:494][  0]LogEditorServer: Finished looking for orphan Actors (0.000 secs)
[2017.03.05-00.20.43:495][  0]Cmd: MAP CHECKDEP NOCLEARLOG
[2017.03.05-00.20.43:538][  0]MapCheck: Info Map check complete: 0 Error(s), 0 Warning(s), took 43.475ms to complete.
[2017.03.05-00.20.43:538][  0]LogFileHelpers: Loading map 'startMenu' took 0.209
[2017.03.05-00.20.43:654][  0]LogWindowsTextInputMethodSystem:Display: IME system now deactivated.
[2017.03.05-00.20.43:762][  0]LogCollectionManager: Loaded 0 collections in 0.001178 seconds
[2017.03.05-00.20.43:853][  0]LogFileCache: Scanning file cache for directory 'C:/Users/nathan/Desktop/ChimeraGames/Abyss/Saved/Collections/' took 0.01s
[2017.03.05-00.20.43:853][  0]LogFileCache: Scanning file cache for directory 'C:/Users/nathan/Desktop/ChimeraGames/Abyss/Content/Developers/nathan/Collections/' took 0.01s
[2017.03.05-00.20.43:853][  0]LogFileCache: Scanning file cache for directory 'C:/Users/nathan/Desktop/ChimeraGames/Abyss/Content/Collections/' took 0.01s
[2017.03.05-00.20.43:853][  0]LogCollectionManager: Rebuilt the GUID cache for 0 collections in 0.000002 seconds
[2017.03.05-00.20.43:867][  0]LogContentBrowser: Native class hierarchy populated in 0.0137 seconds. Added 2245 classes and 411 folders.
[2017.03.05-00.20.43:906][  0]LogStats: UGameplayTagsManager::ConstructGameplayTagTree: Construct from data asset -  0.000 s
[2017.03.05-00.20.43:907][  0]LogStats: UGameplayTagsManager::ConstructGameplayTagTree: GameplayTagTreeChangedEvent.Broadcast -  0.000 s
[2017.03.05-00.20.43:907][  0]LogContentBrowser: Native class hierarchy updated for 'GameplayTags' in 0.0007 seconds. Added 13 classes and 0 folders.
[2017.03.05-00.20.43:964][  0]LogContentBrowser: Native class hierarchy updated for 'WidgetCarousel' in 0.0006 seconds. Added 0 classes and 0 folders.
[2017.03.05-00.20.44:015][  0]LogContentBrowser: Native class hierarchy updated for 'AddContentDialog' in 0.0009 seconds. Added 0 classes and 0 folders.
[2017.03.05-00.20.44:056][  0]LogContentBrowser: Native class hierarchy updated for 'SceneOutliner' in 0.0006 seconds. Added 1 classes and 2 folders.
[2017.03.05-00.20.44:143][  0]LogCrashTracker: Crashtracker disabled due to settings.
[2017.03.05-00.20.44:157][  0]LogUObjectGlobals:Warning: Failed to find object 'Class None.'
[2017.03.05-00.20.44:222][  0]LogContentBrowser: Native class hierarchy updated for 'HierarchicalLODOutliner' in 0.0007 seconds. Added 1 classes and 2 folders.
[2017.03.05-00.20.44:222][  0]LogLoad: (Engine Initialization) Total time: 16.68 seconds
[2017.03.05-00.20.44:222][  0]LogLoad: (Engine Initialization) Total Blueprint compile time: 0.06 seconds
[2017.03.05-00.20.44:222][  0]LogExternalProfiler: Found external profiler: VSPerf
[2017.03.05-00.20.44:222][  0]LogExternalProfiler: Using external profiler: VSPerf
[2017.03.05-00.20.44:254][  0]LogContentStreaming: Texture pool size now 1000 MB
[2017.03.05-00.20.44:430][  0]LogRenderer: Reallocating scene render targets to support 932x476 NumSamples 1 (Frame:2).
[2017.03.05-00.20.44:513][  1]LogAssetRegistry: Asset discovery search completed in 9.2531 seconds
[2017.03.05-00.20.44:513][  1]LogCollectionManager: Rebuilt the object cache for 0 collections in 0.000001 seconds (found 0 objects)
[2017.03.05-00.20.44:513][  1]LogCollectionManager: Fixed up redirectors for 0 collections in 0.000020 seconds (updated 0 objects)
[2017.03.05-00.20.49:400][530]LogTemp: Repeting last play command: Selected Viewport
[2017.03.05-00.20.49:436][530]LogBlueprintUserMessages: Early PlayInEditor Detection: Level '/Game/Maps-Levels/startMenu.startMenu:PersistentLevel' has LevelScriptBlueprint '/Game/Maps-Levels/startMenu.startMenu:PersistentLevel.startMenu' with GeneratedClass '/Game/Maps-Levels/startMenu.startMenu_C' with ClassGeneratedBy '/Game/Maps-Levels/startMenu.startMenu:PersistentLevel.startMenu'
[2017.03.05-00.20.49:437][530]LogPlayLevel: PlayLevel: No blueprints needed recompiling
[2017.03.05-00.20.49:437][530]PIE: New page: PIE session: startMenu (Mar 4, 2017, 2:20:49 PM)
[2017.03.05-00.20.49:565][530]LogPlayLevel: Creating play world package: /Game/Maps-Levels/UEDPIE_0_startMenu
[2017.03.05-00.20.49:567][530]LogPlayLevel: PIE: StaticDuplicateObject took: (0.001436s)
[2017.03.05-00.20.49:568][530]LogAIModule: Creating AISystem for world startMenu
[2017.03.05-00.20.49:568][530]LogPlayLevel: PIE: World Init took: (0.000776s)
[2017.03.05-00.20.49:568][530]LogPlayLevel: PIE: Created PIE world by copying editor world from /Game/Maps-Levels/startMenu.startMenu to /Game/Maps-Levels/UEDPIE_0_startMenu.startMenu (0.002443s)
[2017.03.05-00.20.49:595][530]LogInit: XAudio2 using 'Speakers (Realtek High Definition Audio)' : 2 channels at 48 kHz using 32 bits per sample (channel mask 0x3)
[2017.03.05-00.20.49:612][530]LogInit: FAudioDevice initialized.
[2017.03.05-00.20.50:495][530]LogLoad: Game class is 'abyssGameMode_C'
[2017.03.05-00.20.50:499][530]LogWorld: Bringing World /Game/Maps-Levels/UEDPIE_0_startMenu.startMenu up for play (max tick rate 0) at 2017.03.04-19.20.50
[2017.03.05-00.20.50:499][530]LogWorld: Bringing up level for play took: 0.001023
[2017.03.05-00.20.50:537][530]LogContentBrowser: Native class hierarchy updated for 'MovieSceneCapture' in 0.0007 seconds. Added 11 classes and 0 folders.
[2017.03.05-00.20.50:542][530]PIE: Info Play in editor start time for /Game/Maps-Levels/UEDPIE_0_startMenu 0.472
[2017.03.05-00.20.50:542][530]LogBlueprintUserMessages: Late PlayInEditor Detection: Level '/Game/Maps-Levels/startMenu.startMenu:PersistentLevel' has LevelScriptBlueprint '/Game/Maps-Levels/startMenu.startMenu:PersistentLevel.startMenu' with GeneratedClass '/Game/Maps-Levels/startMenu.startMenu_C' with ClassGeneratedBy '/Game/Maps-Levels/startMenu.startMenu:PersistentLevel.startMenu'
[2017.03.05-00.20.52:090][701]LogNet: Browse: /Game/Maps-Levels/Fort/Exploration/Fort_Exploration
[2017.03.05-00.20.52:090][701]LogLoad: LoadMap: /Game/Maps-Levels/Fort/Exploration/Fort_Exploration
[2017.03.05-00.20.52:122][701]Cmd: MEM
[2017.03.05-00.20.52:139][701]LogMemory: Platform Memory Stats for Windows
[2017.03.05-00.20.52:139][701]LogMemory: Process Physical Memory: 1090.14 MB used, 1102.41 MB peak
[2017.03.05-00.20.52:139][701]LogMemory: Process Virtual Memory: 1274.20 MB used, 1286.71 MB peak
[2017.03.05-00.20.52:139][701]LogMemory: Physical Memory: 6110.03 MB used,  10231.66 MB free, 16341.69 MB total
[2017.03.05-00.20.52:139][701]LogMemory: Virtual Memory: 2588.66 MB used,  10231.66 MB free, 134217728.00 MB total
[2017.03.05-00.20.52:139][701]LogMemory: 
[2017.03.05-00.20.52:139][701]Allocator Stats for TBB: (not implemented)
[2017.03.05-00.20.52:384][701]LogAIModule: Creating AISystem for world Fort_Exploration
[2017.03.05-00.20.52:384][701]LogLoad: Game class is 'abyssExplorationMode_C'
[2017.03.05-00.20.52:391][701]LogWorld: Bringing World /Game/Maps-Levels/Fort/Exploration/UEDPIE_0_Fort_Exploration.Fort_Exploration up for play (max tick rate 0) at 2017.03.04-19.20.52
[2017.03.05-00.20.52:392][701]LogWorld: Bringing up level for play took: 0.004996
[2017.03.05-00.20.52:395][701]LogLoad: Took 0.305185 seconds to LoadMap(/Game/Maps-Levels/Fort/Exploration/Fort_Exploration)
[2017.03.05-00.21.00:947][703]LogNet: Browse: /Game/Maps-Levels/Fort_Battle
[2017.03.05-00.21.00:947][703]LogLoad: LoadMap: /Game/Maps-Levels/Fort_Battle
[2017.03.05-00.21.00:970][703]Cmd: MEM
[2017.03.05-00.21.01:095][703]LogMemory: Platform Memory Stats for Windows
[2017.03.05-00.21.01:095][703]LogMemory: Process Physical Memory: 1108.52 MB used, 1173.77 MB peak
[2017.03.05-00.21.01:095][703]LogMemory: Process Virtual Memory: 1315.19 MB used, 1422.54 MB peak
[2017.03.05-00.21.01:095][703]LogMemory: Physical Memory: 6088.19 MB used,  10253.50 MB free, 16341.69 MB total
[2017.03.05-00.21.01:095][703]LogMemory: Virtual Memory: 2720.16 MB used,  10253.50 MB free, 134217728.00 MB total
[2017.03.05-00.21.01:095][703]LogMemory: 
[2017.03.05-00.21.01:095][703]Allocator Stats for TBB: (not implemented)
[2017.03.05-00.21.01:559][703]LogBlueprint:Warning: USimpleConstructionScript::FixupRootNodeParentReferences() - Couldn't find inherited parent component 'DefaultSceneRoot' for 'PaperSprite' in BlueprintGeneratedClass 'BS_Enemy_C' (it may have been removed)
[2017.03.05-00.21.01:657][703]LogAIModule: Creating AISystem for world Fort_Battle
[2017.03.05-00.21.01:658][703]LogLoad: Game class is 'abyssBattleScene_C'
[2017.03.05-00.21.01:680][703]LogWorld: Bringing World /Game/Maps-Levels/UEDPIE_0_Fort_Battle.Fort_Battle up for play (max tick rate 0) at 2017.03.04-19.21.01
[2017.03.05-00.21.01:681][703]LogWorld: Bringing up level for play took: 0.020315
[2017.03.05-00.21.01:681][703]LogGameMode: Warning - PATHS NOT DEFINED or NO PLAYERSTART with positive rating
[2017.03.05-00.21.01:685][703]LogLoad: Took 0.737655 seconds to LoadMap(/Game/Maps-Levels/Fort_Battle)
[2017.03.05-00.21.04:228][  4]LogBlueprintUserMessages: [BattleHUD_C_0] Enemy is dead
[2017.03.05-00.21.04:587][ 47]LogBlueprintUserMessages: [BattleHUD_C_0] Battle is over!
[2017.03.05-00.21.05:121][111]LogBlueprintUserMessages: [BattleHUD_C_0] Battle is over!
[2017.03.05-00.21.05:404][145]LogBlueprintUserMessages: [BattleHUD_C_0] Battle is over!
[2017.03.05-00.21.05:654][175]LogBlueprintUserMessages: [BattleHUD_C_0] Battle is over!
[2017.03.05-00.21.05:946][210]LogBlueprintUserMessages: [BattleHUD_C_0] Battle is over!
[2017.03.05-00.21.06:279][250]LogBlueprintUserMessages: [BattleHUD_C_0] Battle is over!
[2017.03.05-00.21.06:779][310]LogBlueprintUserMessages: [BattleHUD_C_0] Battle is over!
[2017.03.05-00.21.07:265][368]LogBlueprintUserMessages: [BattleHUD_C_0] Battle is over!
[2017.03.05-00.21.07:650][414]LogBlueprintUserMessages: [BattleHUD_C_0] Battle is over!
[2017.03.05-00.21.09:184][598]LogBlueprintUserMessages: [BattleHUD_C_0] Battle is over!
[2017.03.05-00.21.09:727][663]LogBlueprintUserMessages: [BattleHUD_C_0] Battle is over!
[2017.03.05-00.21.09:911][685]LogBlueprintUserMessages: [BattleHUD_C_0] Battle is over!
[2017.03.05-00.21.10:136][712]LogBlueprintUserMessages: [BattleHUD_C_0] Battle is over!
[2017.03.05-00.21.46:605][ 84]LogBlueprintUserMessages: [BattleHUD_C_0] Battle is over!
[2017.03.05-00.21.46:922][122]LogBlueprintUserMessages: [BattleHUD_C_0] Battle is over!
[2017.03.05-00.21.47:105][144]LogBlueprintUserMessages: [BattleHUD_C_0] Battle is over!
[2017.03.05-00.21.47:280][165]LogBlueprintUserMessages: [BattleHUD_C_0] Battle is over!
[2017.03.05-00.21.47:455][186]LogBlueprintUserMessages: [BattleHUD_C_0] Battle is over!
[2017.03.05-00.21.47:622][206]LogBlueprintUserMessages: [BattleHUD_C_0] Battle is over!
[2017.03.05-00.21.47:797][227]LogBlueprintUserMessages: [BattleHUD_C_0] Battle is over!
[2017.03.05-00.21.47:963][247]LogBlueprintUserMessages: [BattleHUD_C_0] Battle is over!
[2017.03.05-00.21.48:130][267]LogBlueprintUserMessages: [BattleHUD_C_0] Battle is over!
[2017.03.05-00.21.48:297][287]LogBlueprintUserMessages: [BattleHUD_C_0] Battle is over!
[2017.03.05-00.21.48:481][309]LogBlueprintUserMessages: [BattleHUD_C_0] Battle is over!
[2017.03.05-00.21.52:526][792]LogBlueprintUserMessages: [BattleHUD_C_0] Battle is over!
[2017.03.05-00.21.52:726][816]LogBlueprintUserMessages: [BattleHUD_C_0] Battle is over!
[2017.03.05-00.21.52:910][838]LogBlueprintUserMessages: [BattleHUD_C_0] Battle is over!
[2017.03.05-00.21.58:722][535]LogBlueprintUserMessages: [BattleHUD_C_0] Battle is over!
[2017.03.05-00.21.58:956][563]LogBlueprintUserMessages: [BattleHUD_C_0] Battle is over!
[2017.03.05-00.21.59:347][610]LogBlueprintUserMessages: [BattleHUD_C_0] Battle is over!
[2017.03.05-00.21.59:531][632]LogBlueprintUserMessages: [BattleHUD_C_0] Battle is over!
[2017.03.05-00.22.00:580][752]LogBlueprintUserMessages: Early EndPlayMap Detection: Level '/Game/Maps-Levels/startMenu.startMenu:PersistentLevel' has LevelScriptBlueprint '/Game/Maps-Levels/startMenu.startMenu:PersistentLevel.startMenu' with GeneratedClass '/Game/Maps-Levels/startMenu.startMenu_C' with ClassGeneratedBy '/Game/Maps-Levels/startMenu.startMenu:PersistentLevel.startMenu'
[2017.03.05-00.22.00:622][752]LogBlueprintUserMessages: Late EndPlayMap Detection: Level '/Game/Maps-Levels/startMenu.startMenu:PersistentLevel' has LevelScriptBlueprint '/Game/Maps-Levels/startMenu.startMenu:PersistentLevel.startMenu' with GeneratedClass '/Game/Maps-Levels/startMenu.startMenu_C' with ClassGeneratedBy '/Game/Maps-Levels/startMenu.startMenu:PersistentLevel.startMenu'
[2017.03.05-00.22.01:537][855]LogTemp: Repeting last play command: Selected Viewport
[2017.03.05-00.22.01:574][855]LogBlueprintUserMessages: Early PlayInEditor Detection: Level '/Game/Maps-Levels/startMenu.startMenu:PersistentLevel' has LevelScriptBlueprint '/Game/Maps-Levels/startMenu.startMenu:PersistentLevel.startMenu' with GeneratedClass '/Game/Maps-Levels/startMenu.startMenu_C' with ClassGeneratedBy '/Game/Maps-Levels/startMenu.startMenu:PersistentLevel.startMenu'
[2017.03.05-00.22.01:574][855]LogPlayLevel: PlayLevel: No blueprints needed recompiling
[2017.03.05-00.22.01:574][855]PIE: New page: PIE session: startMenu (Mar 4, 2017, 2:22:01 PM)
[2017.03.05-00.22.01:608][855]LogPlayLevel: Creating play world package: /Game/Maps-Levels/UEDPIE_0_startMenu
[2017.03.05-00.22.01:609][855]LogPlayLevel: PIE: StaticDuplicateObject took: (0.001446s)
[2017.03.05-00.22.01:610][855]LogAIModule: Creating AISystem for world startMenu
[2017.03.05-00.22.01:610][855]LogPlayLevel: PIE: World Init took: (0.000768s)
[2017.03.05-00.22.01:610][855]LogPlayLevel: PIE: Created PIE world by copying editor world from /Game/Maps-Levels/startMenu.startMenu to /Game/Maps-Levels/UEDPIE_0_startMenu.startMenu (0.002442s)
[2017.03.05-00.22.01:743][855]LogInit: XAudio2 using 'Speakers (Realtek High Definition Audio)' : 2 channels at 48 kHz using 32 bits per sample (channel mask 0x3)
[2017.03.05-00.22.01:759][855]LogInit: FAudioDevice initialized.
[2017.03.05-00.22.01:799][855]LogLoad: Game class is 'abyssGameMode_C'
[2017.03.05-00.22.01:802][855]LogWorld: Bringing World /Game/Maps-Levels/UEDPIE_0_startMenu.startMenu up for play (max tick rate 0) at 2017.03.04-19.22.01
[2017.03.05-00.22.01:803][855]LogWorld: Bringing up level for play took: 0.001171
[2017.03.05-00.22.01:806][855]PIE: Info Play in editor start time for /Game/Maps-Levels/UEDPIE_0_startMenu -0.264
[2017.03.05-00.22.01:807][855]LogBlueprintUserMessages: Late PlayInEditor Detection: Level '/Game/Maps-Levels/startMenu.startMenu:PersistentLevel' has LevelScriptBlueprint '/Game/Maps-Levels/startMenu.startMenu:PersistentLevel.startMenu' with GeneratedClass '/Game/Maps-Levels/startMenu.startMenu_C' with ClassGeneratedBy '/Game/Maps-Levels/startMenu.startMenu:PersistentLevel.startMenu'
[2017.03.05-00.22.03:569][ 54]LogNet: Browse: /Game/Maps-Levels/Fort/Exploration/Fort_Exploration
[2017.03.05-00.22.03:569][ 54]LogLoad: LoadMap: /Game/Maps-Levels/Fort/Exploration/Fort_Exploration
[2017.03.05-00.22.03:691][ 54]Cmd: MEM
[2017.03.05-00.22.03:707][ 54]LogMemory: Platform Memory Stats for Windows
[2017.03.05-00.22.03:707][ 54]LogMemory: Process Physical Memory: 1159.04 MB used, 1173.77 MB peak
[2017.03.05-00.22.03:707][ 54]LogMemory: Process Virtual Memory: 1376.99 MB used, 1423.25 MB peak
[2017.03.05-00.22.03:707][ 54]LogMemory: Physical Memory: 6129.33 MB used,  10212.36 MB free, 16341.69 MB total
[2017.03.05-00.22.03:707][ 54]LogMemory: Virtual Memory: 2771.78 MB used,  10212.36 MB free, 134217728.00 MB total
[2017.03.05-00.22.03:707][ 54]LogMemory: 
[2017.03.05-00.22.03:707][ 54]Allocator Stats for TBB: (not implemented)
[2017.03.05-00.22.03:813][ 54]LogAIModule: Creating AISystem for world Fort_Exploration
[2017.03.05-00.22.03:813][ 54]LogLoad: Game class is 'abyssExplorationMode_C'
[2017.03.05-00.22.03:820][ 54]LogWorld: Bringing World /Game/Maps-Levels/Fort/Exploration/UEDPIE_0_Fort_Exploration.Fort_Exploration up for play (max tick rate 0) at 2017.03.04-19.22.03
[2017.03.05-00.22.03:821][ 54]LogWorld: Bringing up level for play took: 0.004713
[2017.03.05-00.22.03:824][ 54]LogLoad: Took 0.255242 seconds to LoadMap(/Game/Maps-Levels/Fort/Exploration/Fort_Exploration)
[2017.03.05-00.22.06:135][330]LogNet: Browse: /Game/Maps-Levels/Fort_Battle
[2017.03.05-00.22.06:135][330]LogLoad: LoadMap: /Game/Maps-Levels/Fort_Battle
[2017.03.05-00.22.06:159][330]Cmd: MEM
[2017.03.05-00.22.06:178][330]LogMemory: Platform Memory Stats for Windows
[2017.03.05-00.22.06:178][330]LogMemory: Process Physical Memory: 1159.23 MB used, 1173.77 MB peak
[2017.03.05-00.22.06:178][330]LogMemory: Process Virtual Memory: 1420.31 MB used, 1423.25 MB peak
[2017.03.05-00.22.06:178][330]LogMemory: Physical Memory: 6128.25 MB used,  10213.45 MB free, 16341.69 MB total
[2017.03.05-00.22.06:178][330]LogMemory: Virtual Memory: 2811.78 MB used,  10213.45 MB free, 134217728.00 MB total
[2017.03.05-00.22.06:178][330]LogMemory: 
[2017.03.05-00.22.06:178][330]Allocator Stats for TBB: (not implemented)
[2017.03.05-00.22.06:295][330]LogAIModule: Creating AISystem for world Fort_Battle
[2017.03.05-00.22.06:296][330]LogLoad: Game class is 'abyssBattleScene_C'
[2017.03.05-00.22.06:300][330]LogWorld: Bringing World /Game/Maps-Levels/UEDPIE_0_Fort_Battle.Fort_Battle up for play (max tick rate 0) at 2017.03.04-19.22.06
[2017.03.05-00.22.06:300][330]LogWorld: Bringing up level for play took: 0.002659
[2017.03.05-00.22.06:301][330]LogGameMode: Warning - PATHS NOT DEFINED or NO PLAYERSTART with positive rating
[2017.03.05-00.22.06:320][330]LogLoad: Took 0.184868 seconds to LoadMap(/Game/Maps-Levels/Fort_Battle)
[2017.03.05-00.22.09:714][736]LogBlueprintUserMessages: [BattleHUD_C_1] Enemy missed!
[2017.03.05-00.22.10:647][848]LogBlueprintUserMessages: [BattleHUD_C_1] Attack missed!
[2017.03.05-00.22.11:139][907]LogBlueprintUserMessages: [BattleHUD_C_1] Attack missed!
[2017.03.05-00.22.11:539][955]LogBlueprintUserMessages: [BattleHUD_C_1] Attack missed!
[2017.03.05-00.22.14:259][281]LogBlueprintUserMessages: [BattleHUD_C_1] Enemy is dead
[2017.03.05-00.22.24:840][461]LogBlueprintUserMessages: Early EndPlayMap Detection: Level '/Game/Maps-Levels/startMenu.startMenu:PersistentLevel' has LevelScriptBlueprint '/Game/Maps-Levels/startMenu.startMenu:PersistentLevel.startMenu' with GeneratedClass '/Game/Maps-Levels/startMenu.startMenu_C' with ClassGeneratedBy '/Game/Maps-Levels/startMenu.startMenu:PersistentLevel.startMenu'
[2017.03.05-00.22.24:872][461]LogBlueprintUserMessages: Late EndPlayMap Detection: Level '/Game/Maps-Levels/startMenu.startMenu:PersistentLevel' has LevelScriptBlueprint '/Game/Maps-Levels/startMenu.startMenu:PersistentLevel.startMenu' with GeneratedClass '/Game/Maps-Levels/startMenu.startMenu_C' with ClassGeneratedBy '/Game/Maps-Levels/startMenu.startMenu:PersistentLevel.startMenu'
[2017.03.05-00.22.25:590][540]LogTemp: Repeting last play command: Selected Viewport
[2017.03.05-00.22.25:627][540]LogBlueprintUserMessages: Early PlayInEditor Detection: Level '/Game/Maps-Levels/startMenu.startMenu:PersistentLevel' has LevelScriptBlueprint '/Game/Maps-Levels/startMenu.startMenu:PersistentLevel.startMenu' with GeneratedClass '/Game/Maps-Levels/startMenu.startMenu_C' with ClassGeneratedBy '/Game/Maps-Levels/startMenu.startMenu:PersistentLevel.startMenu'
[2017.03.05-00.22.25:627][540]LogPlayLevel: PlayLevel: No blueprints needed recompiling
[2017.03.05-00.22.25:627][540]PIE: New page: PIE session: startMenu (Mar 4, 2017, 2:22:25 PM)
[2017.03.05-00.22.25:659][540]LogPlayLevel: Creating play world package: /Game/Maps-Levels/UEDPIE_0_startMenu
[2017.03.05-00.22.25:661][540]LogPlayLevel: PIE: StaticDuplicateObject took: (0.001306s)
[2017.03.05-00.22.25:661][540]LogAIModule: Creating AISystem for world startMenu
[2017.03.05-00.22.25:661][540]LogPlayLevel: PIE: World Init took: (0.000753s)
[2017.03.05-00.22.25:662][540]LogPlayLevel: PIE: Created PIE world by copying editor world from /Game/Maps-Levels/startMenu.startMenu to /Game/Maps-Levels/UEDPIE_0_startMenu.startMenu (0.002279s)
[2017.03.05-00.22.25:687][540]LogInit: XAudio2 using 'Speakers (Realtek High Definition Audio)' : 2 channels at 48 kHz using 32 bits per sample (channel mask 0x3)
[2017.03.05-00.22.25:703][540]LogInit: FAudioDevice initialized.
[2017.03.05-00.22.25:738][540]LogLoad: Game class is 'abyssGameMode_C'
[2017.03.05-00.22.25:741][540]LogWorld: Bringing World /Game/Maps-Levels/UEDPIE_0_startMenu.startMenu up for play (max tick rate 0) at 2017.03.04-19.22.25
[2017.03.05-00.22.25:741][540]LogWorld: Bringing up level for play took: 0.000849
[2017.03.05-00.22.25:745][540]PIE: Info Play in editor start time for /Game/Maps-Levels/UEDPIE_0_startMenu -0.325
[2017.03.05-00.22.25:745][540]LogBlueprintUserMessages: Late PlayInEditor Detection: Level '/Game/Maps-Levels/startMenu.startMenu:PersistentLevel' has LevelScriptBlueprint '/Game/Maps-Levels/startMenu.startMenu:PersistentLevel.startMenu' with GeneratedClass '/Game/Maps-Levels/startMenu.startMenu_C' with ClassGeneratedBy '/Game/Maps-Levels/startMenu.startMenu:PersistentLevel.startMenu'
[2017.03.05-00.22.26:765][655]LogNet: Browse: /Game/Maps-Levels/Fort/Exploration/Fort_Exploration
[2017.03.05-00.22.26:765][655]LogLoad: LoadMap: /Game/Maps-Levels/Fort/Exploration/Fort_Exploration
[2017.03.05-00.22.26:889][655]Cmd: MEM
[2017.03.05-00.22.26:908][655]LogMemory: Platform Memory Stats for Windows
[2017.03.05-00.22.26:908][655]LogMemory: Process Physical Memory: 1196.57 MB used, 1202.32 MB peak
[2017.03.05-00.22.26:908][655]LogMemory: Process Virtual Memory: 1365.54 MB used, 1429.43 MB peak
[2017.03.05-00.22.26:908][655]LogMemory: Physical Memory: 6163.01 MB used,  10178.68 MB free, 16341.69 MB total
[2017.03.05-00.22.26:908][655]LogMemory: Virtual Memory: 2775.78 MB used,  10178.68 MB free, 134217728.00 MB total
[2017.03.05-00.22.26:908][655]LogMemory: 
[2017.03.05-00.22.26:908][655]Allocator Stats for TBB: (not implemented)
[2017.03.05-00.22.27:018][655]LogAIModule: Creating AISystem for world Fort_Exploration
[2017.03.05-00.22.27:018][655]LogLoad: Game class is 'abyssExplorationMode_C'
[2017.03.05-00.22.27:024][655]LogWorld: Bringing World /Game/Maps-Levels/Fort/Exploration/UEDPIE_0_Fort_Exploration.Fort_Exploration up for play (max tick rate 0) at 2017.03.04-19.22.27
[2017.03.05-00.22.27:025][655]LogWorld: Bringing up level for play took: 0.004573
[2017.03.05-00.22.27:028][655]LogLoad: Took 0.263269 seconds to LoadMap(/Game/Maps-Levels/Fort/Exploration/Fort_Exploration)
[2017.03.05-00.22.53:731][830]LogBlueprintUserMessages: Early EndPlayMap Detection: Level '/Game/Maps-Levels/startMenu.startMenu:PersistentLevel' has LevelScriptBlueprint '/Game/Maps-Levels/startMenu.startMenu:PersistentLevel.startMenu' with GeneratedClass '/Game/Maps-Levels/startMenu.startMenu_C' with ClassGeneratedBy '/Game/Maps-Levels/startMenu.startMenu:PersistentLevel.startMenu'
[2017.03.05-00.22.53:770][830]LogBlueprintUserMessages: Late EndPlayMap Detection: Level '/Game/Maps-Levels/startMenu.startMenu:PersistentLevel' has LevelScriptBlueprint '/Game/Maps-Levels/startMenu.startMenu:PersistentLevel.startMenu' with GeneratedClass '/Game/Maps-Levels/startMenu.startMenu_C' with ClassGeneratedBy '/Game/Maps-Levels/startMenu.startMenu:PersistentLevel.startMenu'
[2017.03.05-00.22.59:679][941]LogTemp: Repeting last play command: Selected Viewport
[2017.03.05-00.22.59:717][941]LogBlueprintUserMessages: Early PlayInEditor Detection: Level '/Game/Maps-Levels/startMenu.startMenu:PersistentLevel' has LevelScriptBlueprint '/Game/Maps-Levels/startMenu.startMenu:PersistentLevel.startMenu' with GeneratedClass '/Game/Maps-Levels/startMenu.startMenu_C' with ClassGeneratedBy '/Game/Maps-Levels/startMenu.startMenu:PersistentLevel.startMenu'
[2017.03.05-00.22.59:717][941]LogPlayLevel: PlayLevel: No blueprints needed recompiling
[2017.03.05-00.22.59:717][941]PIE: New page: PIE session: startMenu (Mar 4, 2017, 2:22:59 PM)
[2017.03.05-00.22.59:751][941]LogPlayLevel: Creating play world package: /Game/Maps-Levels/UEDPIE_0_startMenu
[2017.03.05-00.22.59:753][941]LogPlayLevel: PIE: StaticDuplicateObject took: (0.001826s)
[2017.03.05-00.22.59:754][941]LogAIModule: Creating AISystem for world startMenu
[2017.03.05-00.22.59:754][941]LogPlayLevel: PIE: World Init took: (0.000878s)
[2017.03.05-00.22.59:754][941]LogPlayLevel: PIE: Created PIE world by copying editor world from /Game/Maps-Levels/startMenu.startMenu to /Game/Maps-Levels/UEDPIE_0_startMenu.startMenu (0.003032s)
[2017.03.05-00.22.59:886][941]LogInit: XAudio2 using 'Speakers (Realtek High Definition Audio)' : 2 channels at 48 kHz using 32 bits per sample (channel mask 0x3)
[2017.03.05-00.22.59:901][941]LogInit: FAudioDevice initialized.
[2017.03.05-00.22.59:936][941]LogLoad: Game class is 'abyssGameMode_C'
[2017.03.05-00.22.59:939][941]LogWorld: Bringing World /Game/Maps-Levels/UEDPIE_0_startMenu.startMenu up for play (max tick rate 0) at 2017.03.04-19.22.59
[2017.03.05-00.22.59:939][941]LogWorld: Bringing up level for play took: 0.000799
[2017.03.05-00.22.59:942][941]PIE: Info Play in editor start time for /Game/Maps-Levels/UEDPIE_0_startMenu -0.128
[2017.03.05-00.22.59:943][941]LogBlueprintUserMessages: Late PlayInEditor Detection: Level '/Game/Maps-Levels/startMenu.startMenu:PersistentLevel' has LevelScriptBlueprint '/Game/Maps-Levels/startMenu.startMenu:PersistentLevel.startMenu' with GeneratedClass '/Game/Maps-Levels/startMenu.startMenu_C' with ClassGeneratedBy '/Game/Maps-Levels/startMenu.startMenu:PersistentLevel.startMenu'
[2017.03.05-00.23.01:339][100]LogNet: Browse: /Game/Maps-Levels/Fort/Exploration/Fort_Exploration
[2017.03.05-00.23.01:339][100]LogLoad: LoadMap: /Game/Maps-Levels/Fort/Exploration/Fort_Exploration
[2017.03.05-00.23.01:462][100]Cmd: MEM
[2017.03.05-00.23.01:582][100]LogMemory: Platform Memory Stats for Windows
[2017.03.05-00.23.01:582][100]LogMemory: Process Physical Memory: 1163.54 MB used, 1202.32 MB peak
[2017.03.05-00.23.01:582][100]LogMemory: Process Virtual Memory: 1364.07 MB used, 1429.43 MB peak
[2017.03.05-00.23.01:582][100]LogMemory: Physical Memory: 6124.63 MB used,  10217.06 MB free, 16341.69 MB total
[2017.03.05-00.23.01:582][100]LogMemory: Virtual Memory: 2762.97 MB used,  10217.06 MB free, 134217728.00 MB total
[2017.03.05-00.23.01:582][100]LogMemory: 
[2017.03.05-00.23.01:582][100]Allocator Stats for TBB: (not implemented)
[2017.03.05-00.23.01:690][100]LogAIModule: Creating AISystem for world Fort_Exploration
[2017.03.05-00.23.01:690][100]LogLoad: Game class is 'abyssExplorationMode_C'
[2017.03.05-00.23.01:696][100]LogWorld: Bringing World /Game/Maps-Levels/Fort/Exploration/UEDPIE_0_Fort_Exploration.Fort_Exploration up for play (max tick rate 0) at 2017.03.04-19.23.01
[2017.03.05-00.23.01:697][100]LogWorld: Bringing up level for play took: 0.004571
[2017.03.05-00.23.01:700][100]LogLoad: Took 0.361232 seconds to LoadMap(/Game/Maps-Levels/Fort/Exploration/Fort_Exploration)
[2017.03.05-00.23.18:457][ 88]LogBlueprintUserMessages: Early EndPlayMap Detection: Level '/Game/Maps-Levels/startMenu.startMenu:PersistentLevel' has LevelScriptBlueprint '/Game/Maps-Levels/startMenu.startMenu:PersistentLevel.startMenu' with GeneratedClass '/Game/Maps-Levels/startMenu.startMenu_C' with ClassGeneratedBy '/Game/Maps-Levels/startMenu.startMenu:PersistentLevel.startMenu'
[2017.03.05-00.23.18:493][ 88]LogBlueprintUserMessages: Late EndPlayMap Detection: Level '/Game/Maps-Levels/startMenu.startMenu:PersistentLevel' has LevelScriptBlueprint '/Game/Maps-Levels/startMenu.startMenu:PersistentLevel.startMenu' with GeneratedClass '/Game/Maps-Levels/startMenu.startMenu_C' with ClassGeneratedBy '/Game/Maps-Levels/startMenu.startMenu:PersistentLevel.startMenu'
[2017.03.05-00.23.18:663][ 91]Cmd: SELECT NONE
[2017.03.05-00.23.18:831][107]Cmd: SELECT NONE
[2017.03.05-00.23.33:872][710]LogContentBrowser: Native class hierarchy updated for 'BlueprintGraph' in 0.0012 seconds. Added 111 classes and 0 folders.
[2017.03.05-00.23.42:206][528]Cmd: OBJ SAVEPACKAGE PACKAGE="/Game/UMG/BattleHUD" FILE="C:/Users/nathan/Desktop/ChimeraGames/Abyss/Content/UMG/BattleHUD.uasset" SILENT=true
[2017.03.05-00.23.42:430][528]LogSavePackage: Save=169.10ms
[2017.03.05-00.23.42:430][528]LogSavePackage: Moving 'C:/Users/nathan/Desktop/ChimeraGames/Abyss/Saved/BattleHUDBC9868374B7D8121CB9F17A069BF575C.tmp' to 'C:/Users/nathan/Desktop/ChimeraGames/Abyss/Content/UMG/BattleHUD.uasset'
[2017.03.05-00.23.42:433][528]LogSavePackage:Display: Finished SavePackage C:/Users/nathan/Desktop/ChimeraGames/Abyss/Content/UMG/BattleHUD.uasset
[2017.03.05-00.24.27:883][524]Cmd: OBJ SAVEPACKAGE PACKAGE="/Game/UMG/BattleHUD" FILE="C:/Users/nathan/Desktop/ChimeraGames/Abyss/Content/UMG/BattleHUD.uasset" SILENT=true
[2017.03.05-00.24.28:092][524]LogSavePackage: Save=159.31ms
[2017.03.05-00.24.28:092][524]LogSavePackage: Moving 'C:/Users/nathan/Desktop/ChimeraGames/Abyss/Saved/BattleHUDACC6782141B71DC37C25FEB89E0428B0.tmp' to 'C:/Users/nathan/Desktop/ChimeraGames/Abyss/Content/UMG/BattleHUD.uasset'
[2017.03.05-00.24.28:097][524]LogSavePackage:Display: Finished SavePackage C:/Users/nathan/Desktop/ChimeraGames/Abyss/Content/UMG/BattleHUD.uasset
[2017.03.05-00.24.28:432][560]BlueprintLog: New page: Compile BattleHUD
[2017.03.05-00.24.31:773][851]LogTemp: Repeting last play command: Selected Viewport
[2017.03.05-00.24.31:820][851]LogBlueprintUserMessages: Early PlayInEditor Detection: Level '/Game/Maps-Levels/startMenu.startMenu:PersistentLevel' has LevelScriptBlueprint '/Game/Maps-Levels/startMenu.startMenu:PersistentLevel.startMenu' with GeneratedClass '/Game/Maps-Levels/startMenu.startMenu_C' with ClassGeneratedBy '/Game/Maps-Levels/startMenu.startMenu:PersistentLevel.startMenu'
[2017.03.05-00.24.31:820][851]LogPlayLevel: PlayLevel: No blueprints needed recompiling
[2017.03.05-00.24.31:821][851]PIE: New page: PIE session: startMenu (Mar 4, 2017, 2:24:31 PM)
[2017.03.05-00.24.31:849][851]LogPlayLevel: Creating play world package: /Game/Maps-Levels/UEDPIE_0_startMenu
[2017.03.05-00.24.31:850][851]LogPlayLevel: PIE: StaticDuplicateObject took: (0.001293s)
[2017.03.05-00.24.31:851][851]LogAIModule: Creating AISystem for world startMenu
[2017.03.05-00.24.31:851][851]LogPlayLevel: PIE: World Init took: (0.001027s)
[2017.03.05-00.24.31:851][851]LogPlayLevel: PIE: Created PIE world by copying editor world from /Game/Maps-Levels/startMenu.startMenu to /Game/Maps-Levels/UEDPIE_0_startMenu.startMenu (0.002550s)
[2017.03.05-00.24.31:984][851]LogInit: XAudio2 using 'Speakers (Realtek High Definition Audio)' : 2 channels at 48 kHz using 32 bits per sample (channel mask 0x3)
[2017.03.05-00.24.32:001][851]LogInit: FAudioDevice initialized.
[2017.03.05-00.24.32:040][851]LogLoad: Game class is 'abyssGameMode_C'
[2017.03.05-00.24.32:043][851]LogWorld: Bringing World /Game/Maps-Levels/UEDPIE_0_startMenu.startMenu up for play (max tick rate 0) at 2017.03.04-19.24.32
[2017.03.05-00.24.32:043][851]LogWorld: Bringing up level for play took: 0.000782
[2017.03.05-00.24.32:047][851]PIE: Info Play in editor start time for /Game/Maps-Levels/UEDPIE_0_startMenu -0.023
[2017.03.05-00.24.32:047][851]LogBlueprintUserMessages: Late PlayInEditor Detection: Level '/Game/Maps-Levels/startMenu.startMenu:PersistentLevel' has LevelScriptBlueprint '/Game/Maps-Levels/startMenu.startMenu:PersistentLevel.startMenu' with GeneratedClass '/Game/Maps-Levels/startMenu.startMenu_C' with ClassGeneratedBy '/Game/Maps-Levels/startMenu.startMenu:PersistentLevel.startMenu'
[2017.03.05-00.24.34:241][103]LogNet: Browse: /Game/Maps-Levels/Fort/Exploration/Fort_Exploration
[2017.03.05-00.24.34:241][103]LogLoad: LoadMap: /Game/Maps-Levels/Fort/Exploration/Fort_Exploration
[2017.03.05-00.24.34:364][103]Cmd: MEM
[2017.03.05-00.24.34:391][103]LogMemory: Platform Memory Stats for Windows
[2017.03.05-00.24.34:391][103]LogMemory: Process Physical Memory: 1267.92 MB used, 1268.73 MB peak
[2017.03.05-00.24.34:391][103]LogMemory: Process Virtual Memory: 1565.52 MB used, 1570.52 MB peak
[2017.03.05-00.24.34:391][103]LogMemory: Physical Memory: 6222.98 MB used,  10118.71 MB free, 16341.69 MB total
[2017.03.05-00.24.34:391][103]LogMemory: Virtual Memory: 2935.54 MB used,  10118.71 MB free, 134217728.00 MB total
[2017.03.05-00.24.34:391][103]LogMemory: 
[2017.03.05-00.24.34:391][103]Allocator Stats for TBB: (not implemented)
[2017.03.05-00.24.34:499][103]LogAIModule: Creating AISystem for world Fort_Exploration
[2017.03.05-00.24.34:500][103]LogLoad: Game class is 'abyssExplorationMode_C'
[2017.03.05-00.24.34:505][103]LogWorld: Bringing World /Game/Maps-Levels/Fort/Exploration/UEDPIE_0_Fort_Exploration.Fort_Exploration up for play (max tick rate 0) at 2017.03.04-19.24.34
[2017.03.05-00.24.34:506][103]LogWorld: Bringing up level for play took: 0.004144
[2017.03.05-00.24.34:509][103]LogLoad: Took 0.267744 seconds to LoadMap(/Game/Maps-Levels/Fort/Exploration/Fort_Exploration)
[2017.03.05-00.24.39:480][697]LogNet: Browse: /Game/Maps-Levels/Fort_Battle
[2017.03.05-00.24.39:480][697]LogLoad: LoadMap: /Game/Maps-Levels/Fort_Battle
[2017.03.05-00.24.39:512][697]Cmd: MEM
[2017.03.05-00.24.39:537][697]LogMemory: Platform Memory Stats for Windows
[2017.03.05-00.24.39:537][697]LogMemory: Process Physical Memory: 1322.37 MB used, 1324.60 MB peak
[2017.03.05-00.24.39:537][697]LogMemory: Process Virtual Memory: 1448.81 MB used, 1570.52 MB peak
[2017.03.05-00.24.39:537][697]LogMemory: Physical Memory: 6276.29 MB used,  10065.40 MB free, 16341.69 MB total
[2017.03.05-00.24.39:537][697]LogMemory: Virtual Memory: 2855.54 MB used,  10065.40 MB free, 134217728.00 MB total
[2017.03.05-00.24.39:537][697]LogMemory: 
[2017.03.05-00.24.39:537][697]Allocator Stats for TBB: (not implemented)
[2017.03.05-00.24.39:658][697]LogStats: FPlatformStackWalk::StackWalkAndDump -  0.012 s
[2017.03.05-00.24.39:658][697]LogOutputDevice:Error: === Handled ensure: ===
[2017.03.05-00.24.39:658][697]LogOutputDevice:Error: 
[2017.03.05-00.24.39:658][697]LogOutputDevice:Error: Ensure condition failed: IsObjectValidForDatabase(AssetObject) [File:D:\Build\++UE4+Release-4.14+Compile\Sync\Engine\Source\Editor\BlueprintGraph\Private\BlueprintActionDatabase.cpp] [Line: 1263]
[2017.03.05-00.24.39:658][697]LogOutputDevice:Error: 
[2017.03.05-00.24.39:658][697]LogOutputDevice:Error: Stack: 
[2017.03.05-00.24.39:658][697]LogOutputDevice:Error: UE4Editor-Core.dll
[2017.03.05-00.24.39:658][697]LogOutputDevice:Error: UE4Editor-Core.dll
[2017.03.05-00.24.39:658][697]LogOutputDevice:Error: UE4Editor-Core.dll
[2017.03.05-00.24.39:658][697]LogOutputDevice:Error: UE4Editor-BlueprintGraph.dll
[2017.03.05-00.24.39:658][697]LogOutputDevice:Error: UE4Editor-BlueprintGraph.dll
[2017.03.05-00.24.39:658][697]LogOutputDevice:Error: UE4Editor-CoreUObject.dll
[2017.03.05-00.24.39:658][697]LogOutputDevice:Error: UE4Editor-CoreUObject.dll
[2017.03.05-00.24.39:658][697]LogOutputDevice:Error: UE4Editor-CoreUObject.dll
[2017.03.05-00.24.39:658][697]LogOutputDevice:Error: UE4Editor-CoreUObject.dll
[2017.03.05-00.24.39:658][697]LogOutputDevice:Error: UE4Editor-Engine.dll
[2017.03.05-00.24.39:658][697]LogOutputDevice:Error: UE4Editor-Engine.dll
[2017.03.05-00.24.39:658][697]LogOutputDevice:Error: UE4Editor-Engine.dll
[2017.03.05-00.24.39:658][697]LogOutputDevice:Error: UE4Editor-UnrealEd.dll
[2017.03.05-00.24.39:658][697]LogOutputDevice:Error: UE4Editor-UnrealEd.dll
[2017.03.05-00.24.39:658][697]LogOutputDevice:Error: UE4Editor.exe
[2017.03.05-00.24.39:658][697]LogOutputDevice:Error: UE4Editor.exe
[2017.03.05-00.24.39:658][697]LogOutputDevice:Error: UE4Editor.exe
[2017.03.05-00.24.39:658][697]LogOutputDevice:Error: UE4Editor.exe
[2017.03.05-00.24.39:658][697]LogOutputDevice:Error: UE4Editor.exe
[2017.03.05-00.24.39:658][697]LogOutputDevice:Error: KERNEL32.DLL
[2017.03.05-00.24.39:658][697]LogOutputDevice:Error: ntdll.dll
[2017.03.05-00.24.39:658][697]LogOutputDevice:Error: 
[2017.03.05-00.24.39:661][697]LogStats:                SubmitErrorReport -  0.000 s
