Log file open, 03/08/17 20:16:17
LogInit:Display: Running engine for game: Abyss
LogPlatformFile: Not using cached read wrapper
LogInit:Display: RandInit(603203561) SRandInit(603203561).
LogTaskGraph: Started task graph with 5 named threads and 8 total threads with 1 sets of task threads.
LogStats: Stats thread started at 0.140361
LogPluginManager: Loaded Plugin Paper2D, From D:/UE4/UE_4.14/Engine/Plugins/2D/Paper2D/Paper2D.uplugin
LogPluginManager: Loaded Plugin LightPropagationVolume, From D:/UE4/UE_4.14/Engine/Plugins/Blendables/LightPropagationVolume/LightPropagationVolume.uplugin
LogPluginManager: Loaded Plugin BlankPlugin, From D:/UE4/UE_4.14/Engine/Plugins/Developer/BlankPlugin/BlankPlugin.uplugin
LogPluginManager: Loaded Plugin CodeLiteSourceCodeAccess, From D:/UE4/UE_4.14/Engine/Plugins/Developer/CodeLiteSourceCodeAccess/CodeLiteSourceCodeAccess.uplugin
LogPluginManager: Loaded Plugin GitSourceControl, From D:/UE4/UE_4.14/Engine/Plugins/Developer/GitSourceControl/GitSourceControl.uplugin
LogPluginManager: Loaded Plugin KDevelopSourceCodeAccess, From D:/UE4/UE_4.14/Engine/Plugins/Developer/KDevelopSourceCodeAccess/KDevelopSourceCodeAccess.uplugin
LogPluginManager: Loaded Plugin NullSourceCodeAccess, From D:/UE4/UE_4.14/Engine/Plugins/Developer/NullSourceCodeAccess/NullSourceCodeAccess.uplugin
LogPluginManager: Loaded Plugin OneSkyLocalizationService, From D:/UE4/UE_4.14/Engine/Plugins/Developer/OneSkyLocalizationService/OneSkyLocalizationService.uplugin
LogPluginManager: Loaded Plugin PerforceSourceControl, From D:/UE4/UE_4.14/Engine/Plugins/Developer/PerforceSourceControl/PerforceSourceControl.uplugin
LogPluginManager: Loaded Plugin SubversionSourceControl, From D:/UE4/UE_4.14/Engine/Plugins/Developer/SubversionSourceControl/SubversionSourceControl.uplugin
LogPluginManager: Loaded Plugin UObjectPlugin, From D:/UE4/UE_4.14/Engine/Plugins/Developer/UObjectPlugin/UObjectPlugin.uplugin
LogPluginManager: Loaded Plugin VisualStudioSourceCodeAccess, From D:/UE4/UE_4.14/Engine/Plugins/Developer/VisualStudioSourceCodeAccess/VisualStudioSourceCodeAccess.uplugin
LogPluginManager: Loaded Plugin XCodeSourceCodeAccess, From D:/UE4/UE_4.14/Engine/Plugins/Developer/XCodeSourceCodeAccess/XCodeSourceCodeAccess.uplugin
LogPluginManager: Loaded Plugin AudioCapture, From D:/UE4/UE_4.14/Engine/Plugins/Editor/AudioCapture/AudioCapture.uplugin
LogPluginManager: Loaded Plugin EpicSurvey, From D:/UE4/UE_4.14/Engine/Plugins/Editor/EpicSurvey/EpicSurvey.uplugin
LogPluginManager: Loaded Plugin MacGraphicsSwitching, From D:/UE4/UE_4.14/Engine/Plugins/Editor/MacGraphicsSwitching/MacGraphicsSwitching.uplugin
LogPluginManager: Loaded Plugin MobileLauncherProfileWizard, From D:/UE4/UE_4.14/Engine/Plugins/Editor/MobileLauncherProfileWizard/MobileLauncherProfileWizard.uplugin
LogPluginManager: Loaded Plugin PluginBrowser, From D:/UE4/UE_4.14/Engine/Plugins/Editor/PluginBrowser/PluginBrowser.uplugin
LogPluginManager: Loaded Plugin SpeedTreeImporter, From D:/UE4/UE_4.14/Engine/Plugins/Editor/SpeedTreeImporter/SpeedTreeImporter.uplugin
LogPluginManager: Loaded Plugin SuperSearchEditor, From D:/UE4/UE_4.14/Engine/Plugins/Editor/SuperSearchEditor/SuperSearchEditor.uplugin
LogPluginManager: Loaded Plugin AlembicImporter, From D:/UE4/UE_4.14/Engine/Plugins/Experimental/AlembicImporter/AlembicImporter.uplugin
LogPluginManager: Loaded Plugin BlueprintStats, From D:/UE4/UE_4.14/Engine/Plugins/Experimental/BlueprintStats/BlueprintStats.uplugin
LogPluginManager: Loaded Plugin CharacterAI, From D:/UE4/UE_4.14/Engine/Plugins/Experimental/CharacterAI/CharacterAI.uplugin
LogPluginManager: Loaded Plugin CodeEditor, From D:/UE4/UE_4.14/Engine/Plugins/Experimental/CodeEditor/CodeEditor.uplugin
LogPluginManager: Loaded Plugin CodeView, From D:/UE4/UE_4.14/Engine/Plugins/Experimental/CodeView/CodeView.uplugin
LogPluginManager: Loaded Plugin HTML5Networking, From D:/UE4/UE_4.14/Engine/Plugins/Experimental/HTML5Networking/HTML5Networking.uplugin
LogPluginManager: Loaded Plugin OSVR, From D:/UE4/UE_4.14/Engine/Plugins/Experimental/OSVR/OSVR.uplugin
LogPluginManager: Loaded Plugin Phya, From D:/UE4/UE_4.14/Engine/Plugins/Experimental/Phya/Phya.uplugin
LogPluginManager: Loaded Plugin SignificanceManager, From D:/UE4/UE_4.14/Engine/Plugins/Experimental/SignificanceManager/SignificanceManager.uplugin
LogPluginManager: Loaded Plugin SimpleHMD, From D:/UE4/UE_4.14/Engine/Plugins/Experimental/SimpleHMD/SimpleHMD.uplugin
LogPluginManager: Loaded Plugin StereoPanorama, From D:/UE4/UE_4.14/Engine/Plugins/Experimental/StereoPanorama/StereoPanorama.uplugin
LogPluginManager: Loaded Plugin StructBox, From D:/UE4/UE_4.14/Engine/Plugins/Experimental/StructBox/StructBox.uplugin
LogPluginManager: Loaded Plugin HGGifImporter, From D:/UE4/UE_4.14/Engine/Plugins/Marketplace/HGGifImporter/HGGifImporter.uplugin
LogPluginManager: Loaded Plugin UnrealJS, From D:/UE4/UE_4.14/Engine/Plugins/Marketplace/UnrealJS/UnrealJS.uplugin
LogPluginManager: Loaded Plugin AndroidMedia, From D:/UE4/UE_4.14/Engine/Plugins/Media/AndroidMedia/AndroidMedia.uplugin
LogPluginManager: Loaded Plugin AvfMedia, From D:/UE4/UE_4.14/Engine/Plugins/Media/AvfMedia/AvfMedia.uplugin
LogPluginManager: Loaded Plugin MediaPlayerEditor, From D:/UE4/UE_4.14/Engine/Plugins/Media/MediaPlayerEditor/MediaPlayerEditor.uplugin
LogPluginManager: Loaded Plugin WmfMedia, From D:/UE4/UE_4.14/Engine/Plugins/Media/WmfMedia/WmfMedia.uplugin
LogPluginManager: Loaded Plugin MessagingDebugger, From D:/UE4/UE_4.14/Engine/Plugins/Messaging/MessagingDebugger/MessagingDebugger.uplugin
LogPluginManager: Loaded Plugin TcpMessaging, From D:/UE4/UE_4.14/Engine/Plugins/Messaging/TcpMessaging/TcpMessaging.uplugin
LogPluginManager: Loaded Plugin UdpMessaging, From D:/UE4/UE_4.14/Engine/Plugins/Messaging/UdpMessaging/UdpMessaging.uplugin
LogPluginManager: Loaded Plugin LevelSequenceEditor, From D:/UE4/UE_4.14/Engine/Plugins/MovieScene/LevelSequenceEditor/LevelSequenceEditor.uplugin
LogPluginManager: Loaded Plugin MatineeToLevelSequence, From D:/UE4/UE_4.14/Engine/Plugins/MovieScene/MatineeToLevelSequence/MatineeToLevelSequence.uplugin
LogPluginManager: Loaded Plugin NetcodeUnitTest, From D:/UE4/UE_4.14/Engine/Plugins/NetcodeUnitTest/NetcodeUnitTest/NetcodeUnitTest.uplugin
LogPluginManager: Loaded Plugin NUTUnrealEngine4, From D:/UE4/UE_4.14/Engine/Plugins/NetcodeUnitTest/NUTUnrealEngine4/NUTUnrealEngine4.uplugin
LogPluginManager: Loaded Plugin OnlineSubsystemGameCircle, From D:/UE4/UE_4.14/Engine/Plugins/Online/Android/OnlineSubsystemGameCircle/OnlineSubsystemGameCircle.uplugin
LogPluginManager: Loaded Plugin OnlineSubsystemGooglePlay, From D:/UE4/UE_4.14/Engine/Plugins/Online/Android/OnlineSubsystemGooglePlay/OnlineSubsystemGooglePlay.uplugin
LogPluginManager: Loaded Plugin OnlineSubsystemIOS, From D:/UE4/UE_4.14/Engine/Plugins/Online/IOS/OnlineSubsystemIOS/OnlineSubsystemIOS.uplugin
LogPluginManager: Loaded Plugin OnlineFramework, From D:/UE4/UE_4.14/Engine/Plugins/Online/OnlineFramework/OnlineFramework.uplugin
LogPluginManager: Loaded Plugin OnlineSubsystem, From D:/UE4/UE_4.14/Engine/Plugins/Online/OnlineSubsystem/OnlineSubsystem.uplugin
LogPluginManager: Loaded Plugin OnlineSubsystemAmazon, From D:/UE4/UE_4.14/Engine/Plugins/Online/OnlineSubsystemAmazon/OnlineSubsystemAmazon.uplugin
LogPluginManager: Loaded Plugin OnlineSubsystemFacebook, From D:/UE4/UE_4.14/Engine/Plugins/Online/OnlineSubsystemFacebook/OnlineSubsystemFacebook.uplugin
LogPluginManager: Loaded Plugin OnlineSubsystemNull, From D:/UE4/UE_4.14/Engine/Plugins/Online/OnlineSubsystemNull/OnlineSubsystemNull.uplugin
LogPluginManager: Loaded Plugin OnlineSubsystemOculus, From D:/UE4/UE_4.14/Engine/Plugins/Online/OnlineSubsystemOculus/OnlineSubsystemOculus.uplugin
LogPluginManager: Loaded Plugin OnlineSubsystemSteam, From D:/UE4/UE_4.14/Engine/Plugins/Online/OnlineSubsystemSteam/OnlineSubsystemSteam.uplugin
LogPluginManager: Loaded Plugin OnlineSubsystemUtils, From D:/UE4/UE_4.14/Engine/Plugins/Online/OnlineSubsystemUtils/OnlineSubsystemUtils.uplugin
LogPluginManager: Loaded Plugin IOSTapJoy, From D:/UE4/UE_4.14/Engine/Plugins/Runtime/Advertising/IOSTapJoy/IOSTapJoy.uplugin
LogPluginManager: Loaded Plugin AnalyticsBlueprintLibrary, From D:/UE4/UE_4.14/Engine/Plugins/Runtime/Analytics/AnalyticsBlueprintLibrary/AnalyticsBlueprintLibrary.uplugin
LogPluginManager: Loaded Plugin AnalyticsMulticast, From D:/UE4/UE_4.14/Engine/Plugins/Runtime/Analytics/AnalyticsMulticast/AnalyticsMulticast.uplugin
LogPluginManager: Loaded Plugin Apsalar, From D:/UE4/UE_4.14/Engine/Plugins/Runtime/Analytics/Apsalar/Apsalar.uplugin
LogPluginManager: Loaded Plugin FileLogging, From D:/UE4/UE_4.14/Engine/Plugins/Runtime/Analytics/FileLogging/FileLogging.uplugin
LogPluginManager: Loaded Plugin Flurry, From D:/UE4/UE_4.14/Engine/Plugins/Runtime/Analytics/Flurry/Flurry.uplugin
LogPluginManager: Loaded Plugin AndroidDeviceProfileSelector, From D:/UE4/UE_4.14/Engine/Plugins/Runtime/AndroidDeviceProfileSelector/AndroidDeviceProfileSelector.uplugin
LogPluginManager: Loaded Plugin AndroidMoviePlayer, From D:/UE4/UE_4.14/Engine/Plugins/Runtime/AndroidMoviePlayer/AndroidMoviePlayer.uplugin
LogPluginManager: Loaded Plugin AppleMoviePlayer, From D:/UE4/UE_4.14/Engine/Plugins/Runtime/AppleMoviePlayer/AppleMoviePlayer.uplugin
LogPluginManager: Loaded Plugin ArchVisCharacter, From D:/UE4/UE_4.14/Engine/Plugins/Runtime/ArchVisCharacter/ArchVisCharacter.uplugin
LogPluginManager: Loaded Plugin CableComponent, From D:/UE4/UE_4.14/Engine/Plugins/Runtime/CableComponent/CableComponent.uplugin
LogPluginManager: Loaded Plugin CustomMeshComponent, From D:/UE4/UE_4.14/Engine/Plugins/Runtime/CustomMeshComponent/CustomMeshComponent.uplugin
LogPluginManager: Loaded Plugin ExampleDeviceProfileSelector, From D:/UE4/UE_4.14/Engine/Plugins/Runtime/ExampleDeviceProfileSelector/ExampleDeviceProfileSelector.uplugin
LogPluginManager: Loaded Plugin GearVR, From D:/UE4/UE_4.14/Engine/Plugins/Runtime/GearVR/GearVR.uplugin
LogPluginManager: Loaded Plugin GoogleVRController, From D:/UE4/UE_4.14/Engine/Plugins/Runtime/GoogleVR/GoogleVRController/GoogleVRController.uplugin
LogPluginManager: Loaded Plugin GoogleVRHMD, From D:/UE4/UE_4.14/Engine/Plugins/Runtime/GoogleVR/GoogleVRHMD/GoogleVRHMD.uplugin
LogPluginManager: Loaded Plugin IOSDeviceProfileSelector, From D:/UE4/UE_4.14/Engine/Plugins/Runtime/IOSDeviceProfileSelector/IOSDeviceProfileSelector.uplugin
LogPluginManager: Loaded Plugin LeapMotion, From D:/UE4/UE_4.14/Engine/Plugins/Runtime/LeapMotion/LeapMotion.uplugin
LogPluginManager: Loaded Plugin LinuxDeviceProfileSelector, From D:/UE4/UE_4.14/Engine/Plugins/Runtime/LinuxDeviceProfileSelector/LinuxDeviceProfileSelector.uplugin
LogPluginManager: Loaded Plugin MIDIDevice, From D:/UE4/UE_4.14/Engine/Plugins/Runtime/MIDIDevice/MIDIDevice.uplugin
LogPluginManager: Loaded Plugin MobilePatchingUtils, From D:/UE4/UE_4.14/Engine/Plugins/Runtime/MobilePatchingUtils/MobilePatchingUtils.uplugin
LogPluginManager: Loaded Plugin Ansel, From D:/UE4/UE_4.14/Engine/Plugins/Runtime/Nvidia/Ansel/Ansel.uplugin
LogPluginManager: Loaded Plugin OculusAudio, From D:/UE4/UE_4.14/Engine/Plugins/Runtime/OculusAudio/OculusAudio.uplugin
LogPluginManager: Loaded Plugin OculusInput, From D:/UE4/UE_4.14/Engine/Plugins/Runtime/OculusInput/OculusInput.uplugin
LogPluginManager: Loaded Plugin OculusLibrary, From D:/UE4/UE_4.14/Engine/Plugins/Runtime/OculusLibrary/OculusLibrary.uplugin
LogPluginManager: Loaded Plugin OculusRift, From D:/UE4/UE_4.14/Engine/Plugins/Runtime/OculusRift/OculusRift.uplugin
LogPluginManager: Loaded Plugin Oodle, From D:/UE4/UE_4.14/Engine/Plugins/Runtime/PacketHandlers/CompressionComponents/Oodle/Oodle.uplugin
LogPluginManager: Loaded Plugin ProceduralMeshComponent, From D:/UE4/UE_4.14/Engine/Plugins/Runtime/ProceduralMeshComponent/ProceduralMeshComponent.uplugin
LogPluginManager: Loaded Plugin SoundMod, From D:/UE4/UE_4.14/Engine/Plugins/Runtime/SoundMod/SoundMod.uplugin
LogPluginManager: Loaded Plugin SoundVisualizations, From D:/UE4/UE_4.14/Engine/Plugins/Runtime/SoundVisualizations/SoundVisualizations.uplugin
LogPluginManager: Loaded Plugin SteamController, From D:/UE4/UE_4.14/Engine/Plugins/Runtime/Steam/SteamController/SteamController.uplugin
LogPluginManager: Loaded Plugin SteamVR, From D:/UE4/UE_4.14/Engine/Plugins/Runtime/Steam/SteamVR/SteamVR.uplugin
LogPluginManager: Loaded Plugin WebBrowserWidget, From D:/UE4/UE_4.14/Engine/Plugins/Runtime/WebBrowserWidget/WebBrowserWidget.uplugin
LogPluginManager: Loaded Plugin WindowsDeviceProfileSelector, From D:/UE4/UE_4.14/Engine/Plugins/Runtime/WindowsDeviceProfileSelector/WindowsDeviceProfileSelector.uplugin
LogPluginManager: Loaded Plugin WindowsMoviePlayer, From D:/UE4/UE_4.14/Engine/Plugins/Runtime/WindowsMoviePlayer/WindowsMoviePlayer.uplugin
LogPluginManager: Loaded Plugin ScriptPlugin, From D:/UE4/UE_4.14/Engine/Plugins/ScriptPlugin/ScriptPlugin.uplugin
LogPluginManager: Loaded Plugin SlateRemote, From D:/UE4/UE_4.14/Engine/Plugins/Slate/SlateRemote/SlateRemote.uplugin
LogPluginManager: Loaded Plugin EditorTests, From D:/UE4/UE_4.14/Engine/Plugins/Tests/EditorTests/EditorTests.uplugin
LogPluginManager: Loaded Plugin FbxAutomationTestBuilder, From D:/UE4/UE_4.14/Engine/Plugins/Tests/FbxAutomationTestBuilder/FbxAutomationTestBuilder.uplugin
LogPluginManager: Loaded Plugin FunctionalTestingEditor, From D:/UE4/UE_4.14/Engine/Plugins/Tests/FunctionalTestingEditor/FunctionalTestingEditor.uplugin
LogPluginManager: Loaded Plugin RuntimeTests, From D:/UE4/UE_4.14/Engine/Plugins/Tests/RuntimeTests/RuntimeTests.uplugin
LogPluginManager: Loaded Plugin ScreenshotTools, From D:/UE4/UE_4.14/Engine/Plugins/Tests/ScreenshotTools/ScreenshotTools.uplugin
LogInit: Using libcurl 7.47.1
LogInit:  - built for x86_64-pc-win32
LogInit:  - supports SSL with OpenSSL/1.0.2g
LogInit:  - supports HTTP deflate (compression) using libz 1.2.8
LogInit:  - other features:
LogInit:      CURL_VERSION_SSL
LogInit:      CURL_VERSION_LIBZ
LogInit:      CURL_VERSION_IPV6
LogInit:      CURL_VERSION_ASYNCHDNS
LogInit:      CURL_VERSION_LARGEFILE
LogInit:      CURL_VERSION_IDN
LogInit:  CurlRequestOptions (configurable via config and command line):
LogInit:  - bVerifyPeer = false  - Libcurl will NOT verify peer certificate
LogInit:  - bUseHttpProxy = false  - Libcurl will NOT use HTTP proxy
LogInit:  - bDontReuseConnections = false  - Libcurl will reuse connections
LogInit:  - CertBundlePath = nullptr  - Libcurl will use whatever was configured at build time.
LogInit: Build: ++UE4+Release-4.14-CL-3249277
LogInit: Engine Version: 4.14.3-3249277+++UE4+Release-4.14
LogInit: Compatible Engine Version: 4.14.0-3195953+++UE4+Release-4.14
LogInit: Net CL: 3195953
LogDevObjectVersion: Number of dev versions registered: 13
LogDevObjectVersion:   Dev-Blueprints (B0D832E4-1F89-4F0D-ACCF-7EB736FD4AA2): 7
LogDevObjectVersion:   Dev-Build (E1C64328-A22C-4D53-A36C-8E866417BD8C): 0
LogDevObjectVersion:   Dev-Core (375EC13C-06E4-48FB-B500-84F0262A717E): 1
LogDevObjectVersion:   Dev-Editor (E4B068ED-F494-42E9-A231-DA0B2E46BB41): 8
LogDevObjectVersion:   Dev-Framework (CFFC743F-43B0-4480-9391-14DF171D2073): 17
LogDevObjectVersion:   Dev-Mobile (B02B49B5-BB20-44E9-A304-32B752E40360): 0
LogDevObjectVersion:   Dev-Networking (A4E4105C-59A1-49B5-A7C5-40C4547EDFEE): 0
LogDevObjectVersion:   Dev-Online (39C831C9-5AE6-47DC-9A44-9C173E1C8E7C): 0
LogDevObjectVersion:   Dev-Physics (78F01B33-EBEA-4F98-B9B4-84EACCB95AA2): 0
LogDevObjectVersion:   Dev-Platform (6631380F-2D4D-43E0-8009-CF276956A95A): 0
LogDevObjectVersion:   Dev-Rendering (12F88B9F-8875-4AFC-A67C-D90C383ABD29): 12
LogDevObjectVersion:   Dev-Sequencer (7B5AE74C-D270-4C10-A958-57980B212A5A): 1
LogDevObjectVersion:   Dev-VR (D7296918-1DD6-4BDD-9DE2-64A83CC13884): 0
LogInit: Compiled (64-bit): Jan  6 2017 10:49:43
LogInit: Compiled with Visual C++: 19.00.23026.00
LogInit: Build Configuration: Development
LogInit: Branch Name: ++UE4+Release-4.14
LogInit: Command line:  
LogInit: Base directory: D:/UE4/UE_4.14/Engine/Binaries/Win64/
LogInit: Installed Engine Build: 1
LogInit: Presizing for max 8388607 objects, including 0 objects not considered by GC, pre-allocating 0 bytes for permanent pool.
LogInit: Object subsystem initialized
[2017.03.09-01.16.18:677][  0]LogInit: Selected Device Profile: [Windows]
[2017.03.09-01.16.18:677][  0]LogInit: Applying CVar settings loaded from the selected device profile: [Windows]
[2017.03.09-01.16.18:794][  0]LogInit: Computer: NATHAN-PC
[2017.03.09-01.16.18:794][  0]LogInit: User: nathan
[2017.03.09-01.16.18:794][  0]LogInit: CPU Page size=65536, Cores=4
[2017.03.09-01.16.18:794][  0]LogInit: High frequency timer resolution =3.897819 MHz
[2017.03.09-01.16.18:810][  0]LogMemory: Memory total: Physical=16.0GB (16GB approx)
[2017.03.09-01.16.18:812][  0]LogMemory: Platform Memory Stats for Windows
[2017.03.09-01.16.18:812][  0]LogMemory: Process Physical Memory: 268.30 MB used, 268.30 MB peak
[2017.03.09-01.16.18:812][  0]LogMemory: Process Virtual Memory: 262.86 MB used, 262.86 MB peak
[2017.03.09-01.16.18:812][  0]LogMemory: Physical Memory: 4274.86 MB used,  12066.83 MB free, 16341.69 MB total
[2017.03.09-01.16.18:812][  0]LogMemory: Virtual Memory: 675.18 MB used,  12066.83 MB free, 134217728.00 MB total
[2017.03.09-01.16.19:922][  0]LogTextLocalizationManager: No specific translations for ('en-US') exist, so ('en') translations will be used.
[2017.03.09-01.16.23:521][  0]LogD3D11RHI: D3D11 adapters:
[2017.03.09-01.16.24:033][  0]LogD3D11RHI:    0. 'NVIDIA GeForce GTX 960' (Feature Level 11_0)
[2017.03.09-01.16.24:033][  0]LogD3D11RHI:       4061/0/8170 MB DedicatedVideo/DedicatedSystem/SharedSystem, Outputs:2, VendorId:0x10de
[2017.03.09-01.16.24:035][  0]LogD3D11RHI:    1. 'Microsoft Basic Render Driver' (Feature Level 11_0)
[2017.03.09-01.16.24:035][  0]LogD3D11RHI:       0/0/8170 MB DedicatedVideo/DedicatedSystem/SharedSystem, Outputs:0, VendorId:0x1414
[2017.03.09-01.16.24:035][  0]LogD3D11RHI: Chosen D3D11 Adapter: 0
[2017.03.09-01.16.24:044][  0]LogD3D11RHI: Creating new Direct3DDevice
[2017.03.09-01.16.24:044][  0]LogD3D11RHI:     GPU DeviceId: 0x1401 (for the marketing name, search the web for "GPU Device Id")
[2017.03.09-01.16.24:044][  0]LogWindows: EnumDisplayDevices:
[2017.03.09-01.16.24:044][  0]LogWindows:    0. 'NVIDIA GeForce GTX 960' (P:1 D:1)
[2017.03.09-01.16.24:052][  0]LogWindows:    1. 'NVIDIA GeForce GTX 960' (P:0 D:1)
[2017.03.09-01.16.24:052][  0]LogWindows:    2. 'NVIDIA GeForce GTX 960' (P:0 D:0)
[2017.03.09-01.16.24:053][  0]LogWindows:    3. 'NVIDIA GeForce GTX 960' (P:0 D:0)
[2017.03.09-01.16.24:053][  0]LogWindows: DebugString: FoundDriverCount:4 
[2017.03.09-01.16.24:053][  0]LogD3D11RHI:     Adapter Name: NVIDIA GeForce GTX 960
[2017.03.09-01.16.24:053][  0]LogD3D11RHI:   Driver Version: 376.53 (internal:21.21.13.7653, unified:376.53)
[2017.03.09-01.16.24:053][  0]LogD3D11RHI:      Driver Date: 12-29-2016
[2017.03.09-01.16.24:053][  0]LogRHI: Texture pool is 1361 MB (70% of 1945 MB)
[2017.03.09-01.16.24:499][  0]LogD3D11RHI: Async texture creation enabled
[2017.03.09-01.16.25:326][  0]LogD3D11RHI: GPU Timing Frequency: 1000.000000 (Debug: 2 1)
[2017.03.09-01.16.25:494][  0]LogShaderCompilers: Guid format shader working directory is 13 characters bigger than the processId version (C:/Users/nathan/Desktop/Test/Abyss/Intermediate/Shaders/WorkingDirectory/5264/).
[2017.03.09-01.16.25:494][  0]LogShaderCompilers: Cleaned the shader compiler working directory 'C:/Users/nathan/AppData/Local/Temp/UnrealShaderWorkingDir/B73CA4334652348644C878BACC824AC2/'.
[2017.03.09-01.16.25:503][  0]LogShaderCompilers:Display: Using Local Shader Compiler.
[2017.03.09-01.16.29:466][  0]LogTemp:Display: Loaded TP AllDesktopTargetPlatform
[2017.03.09-01.16.29:524][  0]LogTemp:Display: Loaded TP MacClientTargetPlatform
[2017.03.09-01.16.29:580][  0]LogTemp:Display: Loaded TP MacNoEditorTargetPlatform
[2017.03.09-01.16.29:637][  0]LogTemp:Display: Loaded TP MacServerTargetPlatform
[2017.03.09-01.16.29:709][  0]LogTemp:Display: Loaded TP MacTargetPlatform
[2017.03.09-01.16.29:766][  0]LogTemp:Display: Loaded TP WindowsClientTargetPlatform
[2017.03.09-01.16.29:823][  0]LogTemp:Display: Loaded TP WindowsNoEditorTargetPlatform
[2017.03.09-01.16.29:879][  0]LogTemp:Display: Loaded TP WindowsServerTargetPlatform
[2017.03.09-01.16.29:921][  0]LogTemp:Display: Loaded TP WindowsTargetPlatform
[2017.03.09-01.16.29:980][  0]LogTemp:Display: Loaded TP AndroidTargetPlatform
[2017.03.09-01.16.30:038][  0]LogTemp:Display: Loaded TP Android_ASTCTargetPlatform
[2017.03.09-01.16.30:094][  0]LogTemp:Display: Loaded TP Android_ATCTargetPlatform
[2017.03.09-01.16.30:151][  0]LogTemp:Display: Loaded TP Android_DXTTargetPlatform
[2017.03.09-01.16.30:207][  0]LogTemp:Display: Loaded TP Android_ETC1TargetPlatform
[2017.03.09-01.16.30:263][  0]LogTemp:Display: Loaded TP Android_ETC2TargetPlatform
[2017.03.09-01.16.30:375][  0]LogTemp:Display: Loaded TP Android_MultiTargetPlatform
[2017.03.09-01.16.30:375][  0]LogTemp:Display: Loaded TP Android_PVRTCTargetPlatform
[2017.03.09-01.16.30:409][  0]LogTemp:Display: Loaded TP HTML5TargetPlatform
[2017.03.09-01.16.30:563][  0]LogTemp:Display: Loaded TP IOSTargetPlatform
[2017.03.09-01.16.30:602][  0]LogTemp:Display: Loaded TP TVOSTargetPlatform
[2017.03.09-01.16.30:657][  0]LogTemp:Display: Loaded TP LinuxClientTargetPlatform
[2017.03.09-01.16.30:713][  0]LogTemp:Display: Loaded TP LinuxNoEditorTargetPlatform
[2017.03.09-01.16.30:768][  0]LogTemp:Display: Loaded TP LinuxServerTargetPlatform
[2017.03.09-01.16.30:838][  0]LogTemp:Display: Loaded TP LinuxTargetPlatform
[2017.03.09-01.16.30:838][  0]LogTargetPlatformManager:Display: Building Assets For Windows
[2017.03.09-01.16.32:121][  0]LogDerivedDataCache:Display: Max Cache Size: 512 MB
[2017.03.09-01.16.32:521][  0]LogDerivedDataCache: Loaded boot cache 0.40s 50MB C:/Users/nathan/AppData/Local/UnrealEngine/4.14/DerivedDataCache/Boot.ddc.
[2017.03.09-01.16.32:521][  0]LogDerivedDataCache:Display: Loaded Boot cache: C:/Users/nathan/AppData/Local/UnrealEngine/4.14/DerivedDataCache/Boot.ddc
[2017.03.09-01.16.32:521][  0]LogDerivedDataCache: FDerivedDataBackendGraph:  Pak pak cache file C:/Users/nathan/Desktop/Test/Abyss/DerivedDataCache/DDC.ddp not found, will not use a pak cache.
[2017.03.09-01.16.32:521][  0]LogDerivedDataCache: Unable to find inner node Pak for hierarchical cache Hierarchy.
[2017.03.09-01.16.32:521][  0]LogDerivedDataCache: FDerivedDataBackendGraph:  CompressedPak pak cache file C:/Users/nathan/Desktop/Test/Abyss/DerivedDataCache/Compressed.ddp not found, will not use a pak cache.
[2017.03.09-01.16.32:521][  0]LogDerivedDataCache: Unable to find inner node CompressedPak for hierarchical cache Hierarchy.
[2017.03.09-01.16.32:578][  0]LogDerivedDataCache:Display: Pak cache opened for reading ../../../Engine/DerivedDataCache/Compressed.ddp.
[2017.03.09-01.16.32:592][  0]LogDerivedDataCache: Using Local data cache path C:/Users/nathan/AppData/Local/UnrealEngine/Common/DerivedDataCache: Writable
[2017.03.09-01.16.42:458][  0]LogInit: Selected Device Profile: [Windows]
[2017.03.09-01.16.42:538][  0]LogContentStreaming: Texture pool size is 0.00 MB
[2017.03.09-01.16.43:478][  0]LogMeshUtilities: Using QuadricMeshReduction for automatic static mesh reduction
[2017.03.09-01.16.43:589][  0]LogSimplygon: Simplygon DLL not present - disabling.
[2017.03.09-01.16.43:644][  0]LogMeshUtilities: Using SimplygonSwarm for distributed automatic mesh merging
[2017.03.09-01.16.43:644][  0]LogMeshUtilities: No automatic skeletal mesh reduction module available
[2017.03.09-01.16.43:644][  0]LogMeshUtilities: No automatic mesh merging module available
[2017.03.09-01.16.50:092][  0]LogNetVersion: GetLocalNetworkVersion: CL: 3195953, ProjectName: abyss, ProjectVersion: , EngineNetworkVersion: 2, GameNetworkVersion: 0, NetworkChecksum: 1595127573
[2017.03.09-01.16.50:336][  0]LogAssetRegistry: FAssetRegistry took 0.0244 seconds to start up
[2017.03.09-01.16.50:653][  0]LogPackageLocalizationCache: Processed 4 localized package path(s) for 2 prioritized culture(s) in 0.104155 seconds
[2017.03.09-01.16.50:674][  0]LogUObjectArray: 31890 objects as part of root set at end of initial load.
[2017.03.09-01.16.50:674][  0]LogUObjectAllocator: 6922376 out of 0 bytes used by permanent object pool.
[2017.03.09-01.16.50:674][  0]LogUObjectArray: CloseDisregardForGC: 0/0 objects in disregard for GC pool
[2017.03.09-01.16.50:735][  0]LogInit: WinSock: version 1.1 (2.2), MaxSocks=32767, MaxUdp=65467
[2017.03.09-01.16.54:565][  0]LogSlate: Using Freetype 2.6.0
[2017.03.09-01.16.54:657][  0]LogSlate: SlateFontCache - WITH_FREETYPE: 1, WITH_HARFBUZZ: 1
[2017.03.09-01.16.54:658][  0]LogSlate: SlateFontCache - WITH_FREETYPE: 1, WITH_HARFBUZZ: 1
[2017.03.09-01.17.19:379][  0]JavascriptCmd: Unreal.js started. V8 5.7.201
[2017.03.09-01.17.23:834][  0]LogMaterial: Uniform references updated for custom material expression Custom.
[2017.03.09-01.17.24:942][  0]SourceControl: Info Source control is disabled
[2017.03.09-01.17.25:220][  0]LogSourceControl:Error: 'C:/Users/nathan/Desktop/Test/Abyss/' is not part of a Git repository
[2017.03.09-01.17.25:571][  0]LogSourceControl:Error: 'C:/Users/nathan/Desktop/Test/Abyss/' is not part of a Git repository
[2017.03.09-01.17.25:810][  0]LogSourceControl:Error: 'C:/Users/nathan/Desktop/Test/Abyss/' is not part of a Git repository
[2017.03.09-01.17.30:366][  0]ImportText (YAxis): Missing opening parenthesis: 0.000000,1.000000,0.000000
[2017.03.09-01.17.30:366][  0]ImportText (ZAxis): Missing opening parenthesis: 0.000000,0.000000,1.000000
[2017.03.09-01.17.30:367][  0]ImportText (Rotation): Missing opening parenthesis: -90.000000,0.000000,0.000000
[2017.03.09-01.17.30:371][  0]ImportText (B): Missing opening parenthesis: 1.000000,1.000000,1.000000
[2017.03.09-01.17.32:321][  0]LogEngine: Initializing Engine...
[2017.03.09-01.17.33:430][  0]LogAIModule: Creating AISystem for world Untitled
[2017.03.09-01.17.33:568][  0]LogInit: XAudio2 using 'Speakers (Realtek High Definition Audio)' : 2 channels at 48 kHz using 32 bits per sample (channel mask 0x3)
[2017.03.09-01.17.33:596][  0]LogInit: FAudioDevice initialized.
[2017.03.09-01.17.33:642][  0]LogDerivedDataCache: Saved boot cache 0.05s 50MB C:/Users/nathan/AppData/Local/UnrealEngine/4.14/DerivedDataCache/Boot.ddc.
[2017.03.09-01.17.33:658][  0]LogInit: Texture streaming: Enabled
[2017.03.09-01.17.34:507][  0]LogInit: Transaction tracking system initialized
[2017.03.09-01.17.38:096][  0]BlueprintLog: New page: Editor Load
[2017.03.09-01.17.40:213][  0]LocalizationService: Info Localization service is disabled
[2017.03.09-01.17.40:834][  0]LogModuleManager:Warning: No filename provided for module TcpMessaging
[2017.03.09-01.17.40:834][  0]LogModuleManager:Warning: ModuleManager: Unable to load module 'TcpMessaging' because the file 'D:/UE4/UE_4.14/Engine/Binaries/Win64/' was not found.
[2017.03.09-01.17.41:730][  0]LogConsoleResponse:Display: 
[2017.03.09-01.17.43:195][  0]LogFileCache: Scanning file cache for directory 'C:/Users/nathan/Desktop/Test/Abyss/Content/' took 0.02s
[2017.03.09-01.17.43:195][  0]LogCook:Display: Max memory allowance for cook 16384mb min free memory 0mb
[2017.03.09-01.17.43:203][  0]LogCook:Display: Mobile HDR setting 1
[2017.03.09-01.17.48:058][  0]LogSourceControl:Error: 'C:/Users/nathan/Desktop/Test/Abyss/' is not part of a Git repository
[2017.03.09-01.17.48:108][  0]Cmd: MAP LOAD FILE="C:/Users/nathan/Desktop/Test/Abyss/Content/Maps-Levels/startMenu.umap" TEMPLATE=0 SHOWPROGRESS=1 FEATURELEVEL=3
[2017.03.09-01.17.48:120][  0]LightingResults: New page: Lighting Build
[2017.03.09-01.17.48:482][  0]MapCheck: New page: Map Check
[2017.03.09-01.17.48:482][  0]LightingResults: New page: Lighting Build
[2017.03.09-01.17.50:341][  0]LogTexture:Display: Building textures: Splash (BGRA8)
[2017.03.09-01.17.50:440][  0]LogTexture:Display: Building textures: HQ_Lightmap1_1 (AutoDXT)
[2017.03.09-01.17.50:471][  0]LogTexture:Display: Building textures: LQ_Lightmap_1_1 (DXT1)
[2017.03.09-01.17.50:521][  0]LogAIModule: Creating AISystem for world startMenu
[2017.03.09-01.17.50:784][  0]LogEditorServer: Finished looking for orphan Actors (0.000 secs)
[2017.03.09-01.17.50:828][  0]Cmd: MAP CHECKDEP NOCLEARLOG
[2017.03.09-01.17.50:973][  0]MapCheck: Info Map check complete: 0 Error(s), 0 Warning(s), took 144.553ms to complete.
[2017.03.09-01.17.50:973][  0]LogFileHelpers: Loading map 'startMenu' took 2.871
[2017.03.09-01.17.55:943][  0]LogCollectionManager: Loaded 0 collections in 0.001459 seconds
[2017.03.09-01.17.57:270][  0]LogFileCache: Scanning file cache for directory 'C:/Users/nathan/Desktop/Test/Abyss/Saved/Collections/' took 0.01s
[2017.03.09-01.17.57:270][  0]LogFileCache: Scanning file cache for directory 'C:/Users/nathan/Desktop/Test/Abyss/Content/Developers/nathan/Collections/' took 0.01s
[2017.03.09-01.17.57:270][  0]LogFileCache: Scanning file cache for directory 'C:/Users/nathan/Desktop/Test/Abyss/Content/Collections/' took 0.01s
[2017.03.09-01.17.57:270][  0]LogCollectionManager: Rebuilt the GUID cache for 0 collections in 0.000002 seconds
[2017.03.09-01.17.57:453][  0]LogContentBrowser: Native class hierarchy populated in 0.0522 seconds. Added 2245 classes and 411 folders.
[2017.03.09-01.17.57:735][  0]LogStats: UGameplayTagsManager::ConstructGameplayTagTree: Construct from data asset -  0.000 s
[2017.03.09-01.17.57:736][  0]LogStats: UGameplayTagsManager::ConstructGameplayTagTree: GameplayTagTreeChangedEvent.Broadcast -  0.001 s
[2017.03.09-01.17.57:737][  0]LogContentBrowser: Native class hierarchy updated for 'GameplayTags' in 0.0007 seconds. Added 13 classes and 0 folders.
[2017.03.09-01.17.57:930][  0]LogContentBrowser: Native class hierarchy updated for 'WidgetCarousel' in 0.0006 seconds. Added 0 classes and 0 folders.
[2017.03.09-01.18.00:200][  0]LogContentBrowser: Native class hierarchy updated for 'AddContentDialog' in 0.0006 seconds. Added 0 classes and 0 folders.
[2017.03.09-01.18.00:526][  0]LogContentBrowser: Native class hierarchy updated for 'SceneOutliner' in 0.0006 seconds. Added 1 classes and 2 folders.
[2017.03.09-01.18.04:318][  0]LogCrashTracker: Crashtracker disabled due to settings.
[2017.03.09-01.18.04:676][  0]LogUObjectGlobals:Warning: Failed to find object 'Class None.'
[2017.03.09-01.18.04:847][  0]LogContentBrowser: Native class hierarchy updated for 'HierarchicalLODOutliner' in 0.0008 seconds. Added 1 classes and 2 folders.
[2017.03.09-01.18.04:849][  0]LogLoad: (Engine Initialization) Total time: 112.57 seconds
[2017.03.09-01.18.04:849][  0]LogLoad: (Engine Initialization) Total Blueprint compile time: 1.18 seconds
[2017.03.09-01.18.04:866][  0]LogExternalProfiler: Found external profiler: VSPerf
[2017.03.09-01.18.04:866][  0]LogExternalProfiler: Using external profiler: VSPerf
[2017.03.09-01.18.05:694][  0]LogContentStreaming: Texture pool size now 1000 MB
[2017.03.09-01.18.06:417][  0]LogRenderer: Reallocating scene render targets to support 1036x476 NumSamples 1 (Frame:2).
[2017.03.09-01.18.06:604][  1]LogFileCache: Retrieving MD5 hashes for directory 'C:/Users/nathan/Desktop/Test/Abyss/Content/' took 1.26s
[2017.03.09-01.18.07:286][  3]LogAssetRegistry: Asset discovery search completed in 76.9721 seconds
[2017.03.09-01.18.07:295][  3]LogCollectionManager: Rebuilt the object cache for 0 collections in 0.000001 seconds (found 0 objects)
[2017.03.09-01.18.07:295][  3]LogCollectionManager: Fixed up redirectors for 0 collections in 0.009032 seconds (updated 0 objects)
[2017.03.09-01.19.27:541][909]LogContentBrowser: Native class hierarchy updated for 'BlueprintGraph' in 0.0012 seconds. Added 111 classes and 0 folders.
[2017.03.09-01.20.16:299][839]LogTexture:Display: Building textures: Enemy_Lich_Idle_Frame2 (BGRA8)
[2017.03.09-01.20.16:936][840]LogRenderer: Reallocating scene render targets to support 1272x608 NumSamples 1 (Frame:5133).
[2017.03.09-01.22.30:155][756]LogFactory: FactoryCreateFile: Texture with ReimportTextureFactory (0 0 C:\Users\nathan\Downloads\Pasted image at 2017_03_08 08_13 PM.png)
[2017.03.09-01.22.30:175][756]LogTexture:Display: Building textures: Pasted_image_at_2017_03_08_08_13_PM (AutoDXT)
[2017.03.09-01.22.35:392][287]LogSavePackage: Save=25.82ms
[2017.03.09-01.22.35:392][287]LogSavePackage: Moving 'C:/Users/nathan/Desktop/Test/Abyss/Saved/Pasted_image_at_2017_03_08_08_13_PM52B3F48548013E1D00F6F78A6D3F5ABE.tmp' to 'C:/Users/nathan/Desktop/Test/Abyss/Content/Assets/Sprites/Pasted_image_at_2017_03_08_08_13_PM.uasset'
[2017.03.09-01.22.35:418][287]LogSavePackage:Display: Finished SavePackage C:/Users/nathan/Desktop/Test/Abyss/Content/Assets/Sprites/Pasted_image_at_2017_03_08_08_13_PM.uasset
[2017.03.09-01.22.40:685][844]LogSavePackage: Save=23.14ms
[2017.03.09-01.22.40:685][844]LogSavePackage: Moving 'C:/Users/nathan/Desktop/Test/Abyss/Saved/Pasted_image_at_2017_03_08_08_13_PMB50660A64E6FF00629EA1F805CA4475A.tmp' to 'C:/Users/nathan/Desktop/Test/Abyss/Content/Assets/Sprites/Other/Pasted_image_at_2017_03_08_08_13_PM.uasset'
[2017.03.09-01.22.40:689][844]LogSavePackage:Display: Finished SavePackage C:/Users/nathan/Desktop/Test/Abyss/Content/Assets/Sprites/Other/Pasted_image_at_2017_03_08_08_13_PM.uasset
[2017.03.09-01.22.44:068][110]LogContentBrowser: Native class hierarchy updated for 'TextureEditor' in 0.0007 seconds. Added 1 classes and 2 folders.
[2017.03.09-01.23.22:023][189]Cmd: OBJ SAVEPACKAGE PACKAGE="/Game/Assets/Sprites/Other/Victory_Screen" FILE="C:/Users/nathan/Desktop/Test/Abyss/Content/Assets/Sprites/Other/Victory_Screen.uasset" SILENT=true
[2017.03.09-01.23.22:037][189]LogSavePackage: Save=11.60ms
[2017.03.09-01.23.22:037][189]LogSavePackage: Moving 'C:/Users/nathan/Desktop/Test/Abyss/Saved/Victory_ScreenA26556A34B9C23E0A2A35AA2BC23B393.tmp' to 'C:/Users/nathan/Desktop/Test/Abyss/Content/Assets/Sprites/Other/Victory_Screen.uasset'
[2017.03.09-01.23.22:041][189]LogSavePackage:Display: Finished SavePackage C:/Users/nathan/Desktop/Test/Abyss/Content/Assets/Sprites/Other/Victory_Screen.uasset
[2017.03.09-01.23.59:891][523]LogTemp: Repeting last play command: Selected Viewport
[2017.03.09-01.23.59:955][523]LogBlueprintUserMessages: Early PlayInEditor Detection: Level '/Game/Maps-Levels/startMenu.startMenu:PersistentLevel' has LevelScriptBlueprint '/Game/Maps-Levels/startMenu.startMenu:PersistentLevel.startMenu' with GeneratedClass '/Game/Maps-Levels/startMenu.startMenu_C' with ClassGeneratedBy '/Game/Maps-Levels/startMenu.startMenu:PersistentLevel.startMenu'
[2017.03.09-01.23.59:972][523]BlueprintLog: New page: Pre-Play auto-recompile
[2017.03.09-01.23.59:972][523]LogPlayLevel: [PlayLevel] Compiling LossBattle before play...
[2017.03.09-01.24.00:394][523]LogPlayLevel: PlayLevel: Blueprint regeneration took 422 ms (1 blueprints)
[2017.03.09-01.24.00:426][523]PIE: New page: PIE session: startMenu (Mar 8, 2017, 3:24:00 PM)
[2017.03.09-01.24.00:503][523]LogPlayLevel: Creating play world package: /Game/Maps-Levels/UEDPIE_0_startMenu
[2017.03.09-01.24.00:504][523]LogPlayLevel: PIE: StaticDuplicateObject took: (0.001436s)
[2017.03.09-01.24.00:505][523]LogAIModule: Creating AISystem for world startMenu
[2017.03.09-01.24.00:505][523]LogPlayLevel: PIE: World Init took: (0.001110s)
[2017.03.09-01.24.00:513][523]LogPlayLevel: PIE: Created PIE world by copying editor world from /Game/Maps-Levels/startMenu.startMenu to /Game/Maps-Levels/UEDPIE_0_startMenu.startMenu (0.010501s)
[2017.03.09-01.24.00:655][523]LogInit: XAudio2 using 'Speakers (Realtek High Definition Audio)' : 2 channels at 48 kHz using 32 bits per sample (channel mask 0x3)
[2017.03.09-01.24.00:671][523]LogInit: FAudioDevice initialized.
[2017.03.09-01.24.02:111][523]LogLoad: Game class is 'abyssGameMode_C'
[2017.03.09-01.24.02:115][523]LogWorld: Bringing World /Game/Maps-Levels/UEDPIE_0_startMenu.startMenu up for play (max tick rate 0) at 2017.03.08-20.24.02
[2017.03.09-01.24.02:115][523]LogWorld: Bringing up level for play took: 0.001215
[2017.03.09-01.24.02:159][523]LogGameMode: Warning - PATHS NOT DEFINED or NO PLAYERSTART with positive rating
[2017.03.09-01.24.02:284][523]LogContentBrowser: Native class hierarchy updated for 'MovieSceneCapture' in 0.0008 seconds. Added 11 classes and 0 folders.
[2017.03.09-01.24.02:367][523]PIE: Info Play in editor start time for /Game/Maps-Levels/UEDPIE_0_startMenu 2.528
[2017.03.09-01.24.02:368][523]LogBlueprintUserMessages: Late PlayInEditor Detection: Level '/Game/Maps-Levels/startMenu.startMenu:PersistentLevel' has LevelScriptBlueprint '/Game/Maps-Levels/startMenu.startMenu:PersistentLevel.startMenu' with GeneratedClass '/Game/Maps-Levels/startMenu.startMenu_C' with ClassGeneratedBy '/Game/Maps-Levels/startMenu.startMenu:PersistentLevel.startMenu'
[2017.03.09-01.24.02:457][523]LogRenderer: Reallocating scene render targets to support 1292x756 NumSamples 1 (Frame:11714).
[2017.03.09-01.24.04:123][677]LogBlueprintUserMessages: Early EndPlayMap Detection: Level '/Game/Maps-Levels/startMenu.startMenu:PersistentLevel' has LevelScriptBlueprint '/Game/Maps-Levels/startMenu.startMenu:PersistentLevel.startMenu' with GeneratedClass '/Game/Maps-Levels/startMenu.startMenu_C' with ClassGeneratedBy '/Game/Maps-Levels/startMenu.startMenu:PersistentLevel.startMenu'
[2017.03.09-01.24.04:159][677]LogBlueprintUserMessages: Late EndPlayMap Detection: Level '/Game/Maps-Levels/startMenu.startMenu:PersistentLevel' has LevelScriptBlueprint '/Game/Maps-Levels/startMenu.startMenu:PersistentLevel.startMenu' with GeneratedClass '/Game/Maps-Levels/startMenu.startMenu_C' with ClassGeneratedBy '/Game/Maps-Levels/startMenu.startMenu:PersistentLevel.startMenu'
[2017.03.09-01.24.04:978][745]BlueprintLog: New page: Compile LossBattle
[2017.03.09-01.24.05:816][794]LogTemp: Repeting last play command: Selected Viewport
[2017.03.09-01.24.05:854][794]LogBlueprintUserMessages: Early PlayInEditor Detection: Level '/Game/Maps-Levels/startMenu.startMenu:PersistentLevel' has LevelScriptBlueprint '/Game/Maps-Levels/startMenu.startMenu:PersistentLevel.startMenu' with GeneratedClass '/Game/Maps-Levels/startMenu.startMenu_C' with ClassGeneratedBy '/Game/Maps-Levels/startMenu.startMenu:PersistentLevel.startMenu'
[2017.03.09-01.24.05:854][794]LogPlayLevel: PlayLevel: No blueprints needed recompiling
[2017.03.09-01.24.05:854][794]PIE: New page: PIE session: startMenu (Mar 8, 2017, 3:24:05 PM)
[2017.03.09-01.24.05:855][794]LogPlayLevel: Creating play world package: /Game/Maps-Levels/UEDPIE_0_startMenu
[2017.03.09-01.24.05:856][794]LogPlayLevel: PIE: StaticDuplicateObject took: (0.001428s)
[2017.03.09-01.24.05:857][794]LogAIModule: Creating AISystem for world startMenu
[2017.03.09-01.24.05:857][794]LogPlayLevel: PIE: World Init took: (0.000750s)
[2017.03.09-01.24.05:857][794]LogPlayLevel: PIE: Created PIE world by copying editor world from /Game/Maps-Levels/startMenu.startMenu to /Game/Maps-Levels/UEDPIE_0_startMenu.startMenu (0.002487s)
[2017.03.09-01.24.05:991][794]LogInit: XAudio2 using 'Speakers (Realtek High Definition Audio)' : 2 channels at 48 kHz using 32 bits per sample (channel mask 0x3)
[2017.03.09-01.24.06:005][794]LogInit: FAudioDevice initialized.
[2017.03.09-01.24.06:082][794]LogLoad: Game class is 'abyssGameMode_C'
[2017.03.09-01.24.06:087][794]LogWorld: Bringing World /Game/Maps-Levels/UEDPIE_0_startMenu.startMenu up for play (max tick rate 0) at 2017.03.08-20.24.06
[2017.03.09-01.24.06:087][794]LogWorld: Bringing up level for play took: 0.001998
[2017.03.09-01.24.06:087][794]LogGameMode: Warning - PATHS NOT DEFINED or NO PLAYERSTART with positive rating
[2017.03.09-01.24.06:093][794]PIE: Info Play in editor start time for /Game/Maps-Levels/UEDPIE_0_startMenu 0.254
[2017.03.09-01.24.06:093][794]LogBlueprintUserMessages: Late PlayInEditor Detection: Level '/Game/Maps-Levels/startMenu.startMenu:PersistentLevel' has LevelScriptBlueprint '/Game/Maps-Levels/startMenu.startMenu:PersistentLevel.startMenu' with GeneratedClass '/Game/Maps-Levels/startMenu.startMenu_C' with ClassGeneratedBy '/Game/Maps-Levels/startMenu.startMenu:PersistentLevel.startMenu'
[2017.03.09-01.24.07:457][931]LogNet: Browse: /Game/Maps-Levels/Fort/Exploration/Fort_Exploration1
[2017.03.09-01.24.07:458][931]LogLoad: LoadMap: /Game/Maps-Levels/Fort/Exploration/Fort_Exploration1
[2017.03.09-01.24.07:594][931]Cmd: MEM
[2017.03.09-01.24.07:768][931]LogMemory: Platform Memory Stats for Windows
[2017.03.09-01.24.07:768][931]LogMemory: Process Physical Memory: 1402.02 MB used, 1405.83 MB peak
[2017.03.09-01.24.07:768][931]LogMemory: Process Virtual Memory: 1755.70 MB used, 1952.16 MB peak
[2017.03.09-01.24.07:768][931]LogMemory: Physical Memory: 6332.78 MB used,  10008.91 MB free, 16341.69 MB total
[2017.03.09-01.24.07:768][931]LogMemory: Virtual Memory: 3265.96 MB used,  10008.91 MB free, 134217728.00 MB total
[2017.03.09-01.24.07:768][931]LogMemory: 
[2017.03.09-01.24.07:768][931]Allocator Stats for TBB: (not implemented)
[2017.03.09-01.24.08:301][931]LogAIModule: Creating AISystem for world Fort_Exploration1
[2017.03.09-01.24.08:301][931]LogLoad: Game class is 'abyssExplorationMode_C'
[2017.03.09-01.24.08:325][931]LogWorld: Bringing World /Game/Maps-Levels/Fort/Exploration/UEDPIE_0_Fort_Exploration1.Fort_Exploration1 up for play (max tick rate 0) at 2017.03.08-20.24.08
[2017.03.09-01.24.08:334][931]LogWorld: Bringing up level for play took: 0.030520
[2017.03.09-01.24.08:343][931]LogLoad: Took 0.885068 seconds to LoadMap(/Game/Maps-Levels/Fort/Exploration/Fort_Exploration1)
[2017.03.09-01.24.11:878][289]LogNet: Browse: /Game/Maps-Levels/Fort_Battle
[2017.03.09-01.24.11:878][289]LogLoad: LoadMap: /Game/Maps-Levels/Fort_Battle
[2017.03.09-01.24.12:012][289]Cmd: MEM
[2017.03.09-01.24.12:133][289]LogMemory: Platform Memory Stats for Windows
[2017.03.09-01.24.12:133][289]LogMemory: Process Physical Memory: 1395.08 MB used, 1427.03 MB peak
[2017.03.09-01.24.12:133][289]LogMemory: Process Virtual Memory: 1762.20 MB used, 1952.16 MB peak
[2017.03.09-01.24.12:133][289]LogMemory: Physical Memory: 6297.79 MB used,  10043.90 MB free, 16341.69 MB total
[2017.03.09-01.24.12:133][289]LogMemory: Virtual Memory: 3247.64 MB used,  10043.90 MB free, 134217728.00 MB total
[2017.03.09-01.24.12:133][289]LogMemory: 
[2017.03.09-01.24.12:133][289]Allocator Stats for TBB: (not implemented)
[2017.03.09-01.24.13:073][289]LogStats: FPlatformStackWalk::StackWalkAndDump -  0.019 s
[2017.03.09-01.24.13:073][289]LogOutputDevice:Error: === Handled ensure: ===
[2017.03.09-01.24.13:073][289]LogOutputDevice:Error: 
[2017.03.09-01.24.13:073][289]LogOutputDevice:Error: Ensure condition failed: IsObjectValidForDatabase(AssetObject) [File:D:\Build\++UE4+Release-4.14+Compile\Sync\Engine\Source\Editor\BlueprintGraph\Private\BlueprintActionDatabase.cpp] [Line: 1263]
[2017.03.09-01.24.13:073][289]LogOutputDevice:Error: 
[2017.03.09-01.24.13:073][289]LogOutputDevice:Error: Stack: 
[2017.03.09-01.24.13:073][289]LogOutputDevice:Error: UE4Editor-Core.dll
[2017.03.09-01.24.13:073][289]LogOutputDevice:Error: UE4Editor-Core.dll
[2017.03.09-01.24.13:073][289]LogOutputDevice:Error: UE4Editor-Core.dll
[2017.03.09-01.24.13:073][289]LogOutputDevice:Error: UE4Editor-BlueprintGraph.dll
[2017.03.09-01.24.13:073][289]LogOutputDevice:Error: UE4Editor-BlueprintGraph.dll
[2017.03.09-01.24.13:073][289]LogOutputDevice:Error: UE4Editor-CoreUObject.dll
[2017.03.09-01.24.13:073][289]LogOutputDevice:Error: UE4Editor-CoreUObject.dll
[2017.03.09-01.24.13:073][289]LogOutputDevice:Error: UE4Editor-CoreUObject.dll
[2017.03.09-01.24.13:073][289]LogOutputDevice:Error: UE4Editor-CoreUObject.dll
[2017.03.09-01.24.13:073][289]LogOutputDevice:Error: UE4Editor-Engine.dll
[2017.03.09-01.24.13:073][289]LogOutputDevice:Error: UE4Editor-Engine.dll
[2017.03.09-01.24.13:073][289]LogOutputDevice:Error: UE4Editor-Engine.dll
[2017.03.09-01.24.13:073][289]LogOutputDevice:Error: UE4Editor-UnrealEd.dll
[2017.03.09-01.24.13:073][289]LogOutputDevice:Error: UE4Editor-UnrealEd.dll
[2017.03.09-01.24.13:073][289]LogOutputDevice:Error: UE4Editor.exe
[2017.03.09-01.24.13:073][289]LogOutputDevice:Error: UE4Editor.exe
[2017.03.09-01.24.13:073][289]LogOutputDevice:Error: UE4Editor.exe
[2017.03.09-01.24.13:073][289]LogOutputDevice:Error: UE4Editor.exe
[2017.03.09-01.24.13:073][289]LogOutputDevice:Error: UE4Editor.exe
[2017.03.09-01.24.13:073][289]LogOutputDevice:Error: KERNEL32.DLL
[2017.03.09-01.24.13:073][289]LogOutputDevice:Error: ntdll.dll
[2017.03.09-01.24.13:073][289]LogOutputDevice:Error: 
[2017.03.09-01.24.13:084][289]LogStats:                SubmitErrorReport -  0.000 s
