Log file open, 03/08/17 21:27:45
LogInit:Display: Running engine for game: Abyss
LogPlatformFile: Not using cached read wrapper
LogInit:Display: RandInit(1741563692) SRandInit(1741563692).
LogTaskGraph: Started task graph with 5 named threads and 8 total threads with 1 sets of task threads.
LogStats: Stats thread started at 0.082095
LogPluginManager: Loaded Plugin Paper2D, From C:/Program Files/Epic Games/UE_4.14/Engine/Plugins/2D/Paper2D/Paper2D.uplugin
LogPluginManager: Loaded Plugin LightPropagationVolume, From C:/Program Files/Epic Games/UE_4.14/Engine/Plugins/Blendables/LightPropagationVolume/LightPropagationVolume.uplugin
LogPluginManager: Loaded Plugin BlankPlugin, From C:/Program Files/Epic Games/UE_4.14/Engine/Plugins/Developer/BlankPlugin/BlankPlugin.uplugin
LogPluginManager: Loaded Plugin CodeLiteSourceCodeAccess, From C:/Program Files/Epic Games/UE_4.14/Engine/Plugins/Developer/CodeLiteSourceCodeAccess/CodeLiteSourceCodeAccess.uplugin
LogPluginManager: Loaded Plugin GitSourceControl, From C:/Program Files/Epic Games/UE_4.14/Engine/Plugins/Developer/GitSourceControl/GitSourceControl.uplugin
LogPluginManager: Loaded Plugin KDevelopSourceCodeAccess, From C:/Program Files/Epic Games/UE_4.14/Engine/Plugins/Developer/KDevelopSourceCodeAccess/KDevelopSourceCodeAccess.uplugin
LogPluginManager: Loaded Plugin NullSourceCodeAccess, From C:/Program Files/Epic Games/UE_4.14/Engine/Plugins/Developer/NullSourceCodeAccess/NullSourceCodeAccess.uplugin
LogPluginManager: Loaded Plugin OneSkyLocalizationService, From C:/Program Files/Epic Games/UE_4.14/Engine/Plugins/Developer/OneSkyLocalizationService/OneSkyLocalizationService.uplugin
LogPluginManager: Loaded Plugin PerforceSourceControl, From C:/Program Files/Epic Games/UE_4.14/Engine/Plugins/Developer/PerforceSourceControl/PerforceSourceControl.uplugin
LogPluginManager: Loaded Plugin SubversionSourceControl, From C:/Program Files/Epic Games/UE_4.14/Engine/Plugins/Developer/SubversionSourceControl/SubversionSourceControl.uplugin
LogPluginManager: Loaded Plugin UObjectPlugin, From C:/Program Files/Epic Games/UE_4.14/Engine/Plugins/Developer/UObjectPlugin/UObjectPlugin.uplugin
LogPluginManager: Loaded Plugin VisualStudioSourceCodeAccess, From C:/Program Files/Epic Games/UE_4.14/Engine/Plugins/Developer/VisualStudioSourceCodeAccess/VisualStudioSourceCodeAccess.uplugin
LogPluginManager: Loaded Plugin XCodeSourceCodeAccess, From C:/Program Files/Epic Games/UE_4.14/Engine/Plugins/Developer/XCodeSourceCodeAccess/XCodeSourceCodeAccess.uplugin
LogPluginManager: Loaded Plugin AudioCapture, From C:/Program Files/Epic Games/UE_4.14/Engine/Plugins/Editor/AudioCapture/AudioCapture.uplugin
LogPluginManager: Loaded Plugin EpicSurvey, From C:/Program Files/Epic Games/UE_4.14/Engine/Plugins/Editor/EpicSurvey/EpicSurvey.uplugin
LogPluginManager: Loaded Plugin MacGraphicsSwitching, From C:/Program Files/Epic Games/UE_4.14/Engine/Plugins/Editor/MacGraphicsSwitching/MacGraphicsSwitching.uplugin
LogPluginManager: Loaded Plugin MobileLauncherProfileWizard, From C:/Program Files/Epic Games/UE_4.14/Engine/Plugins/Editor/MobileLauncherProfileWizard/MobileLauncherProfileWizard.uplugin
LogPluginManager: Loaded Plugin PluginBrowser, From C:/Program Files/Epic Games/UE_4.14/Engine/Plugins/Editor/PluginBrowser/PluginBrowser.uplugin
LogPluginManager: Loaded Plugin SpeedTreeImporter, From C:/Program Files/Epic Games/UE_4.14/Engine/Plugins/Editor/SpeedTreeImporter/SpeedTreeImporter.uplugin
LogPluginManager: Loaded Plugin SuperSearchEditor, From C:/Program Files/Epic Games/UE_4.14/Engine/Plugins/Editor/SuperSearchEditor/SuperSearchEditor.uplugin
LogPluginManager: Loaded Plugin AlembicImporter, From C:/Program Files/Epic Games/UE_4.14/Engine/Plugins/Experimental/AlembicImporter/AlembicImporter.uplugin
LogPluginManager: Loaded Plugin BlueprintStats, From C:/Program Files/Epic Games/UE_4.14/Engine/Plugins/Experimental/BlueprintStats/BlueprintStats.uplugin
LogPluginManager: Loaded Plugin CharacterAI, From C:/Program Files/Epic Games/UE_4.14/Engine/Plugins/Experimental/CharacterAI/CharacterAI.uplugin
LogPluginManager: Loaded Plugin CodeEditor, From C:/Program Files/Epic Games/UE_4.14/Engine/Plugins/Experimental/CodeEditor/CodeEditor.uplugin
LogPluginManager: Loaded Plugin CodeView, From C:/Program Files/Epic Games/UE_4.14/Engine/Plugins/Experimental/CodeView/CodeView.uplugin
LogPluginManager: Loaded Plugin HTML5Networking, From C:/Program Files/Epic Games/UE_4.14/Engine/Plugins/Experimental/HTML5Networking/HTML5Networking.uplugin
LogPluginManager: Loaded Plugin OSVR, From C:/Program Files/Epic Games/UE_4.14/Engine/Plugins/Experimental/OSVR/OSVR.uplugin
LogPluginManager: Loaded Plugin Phya, From C:/Program Files/Epic Games/UE_4.14/Engine/Plugins/Experimental/Phya/Phya.uplugin
LogPluginManager: Loaded Plugin SignificanceManager, From C:/Program Files/Epic Games/UE_4.14/Engine/Plugins/Experimental/SignificanceManager/SignificanceManager.uplugin
LogPluginManager: Loaded Plugin SimpleHMD, From C:/Program Files/Epic Games/UE_4.14/Engine/Plugins/Experimental/SimpleHMD/SimpleHMD.uplugin
LogPluginManager: Loaded Plugin StereoPanorama, From C:/Program Files/Epic Games/UE_4.14/Engine/Plugins/Experimental/StereoPanorama/StereoPanorama.uplugin
LogPluginManager: Loaded Plugin StructBox, From C:/Program Files/Epic Games/UE_4.14/Engine/Plugins/Experimental/StructBox/StructBox.uplugin
LogPluginManager: Loaded Plugin AndroidMedia, From C:/Program Files/Epic Games/UE_4.14/Engine/Plugins/Media/AndroidMedia/AndroidMedia.uplugin
LogPluginManager: Loaded Plugin AvfMedia, From C:/Program Files/Epic Games/UE_4.14/Engine/Plugins/Media/AvfMedia/AvfMedia.uplugin
LogPluginManager: Loaded Plugin MediaPlayerEditor, From C:/Program Files/Epic Games/UE_4.14/Engine/Plugins/Media/MediaPlayerEditor/MediaPlayerEditor.uplugin
LogPluginManager: Loaded Plugin WmfMedia, From C:/Program Files/Epic Games/UE_4.14/Engine/Plugins/Media/WmfMedia/WmfMedia.uplugin
LogPluginManager: Loaded Plugin MessagingDebugger, From C:/Program Files/Epic Games/UE_4.14/Engine/Plugins/Messaging/MessagingDebugger/MessagingDebugger.uplugin
LogPluginManager: Loaded Plugin TcpMessaging, From C:/Program Files/Epic Games/UE_4.14/Engine/Plugins/Messaging/TcpMessaging/TcpMessaging.uplugin
LogPluginManager: Loaded Plugin UdpMessaging, From C:/Program Files/Epic Games/UE_4.14/Engine/Plugins/Messaging/UdpMessaging/UdpMessaging.uplugin
LogPluginManager: Loaded Plugin LevelSequenceEditor, From C:/Program Files/Epic Games/UE_4.14/Engine/Plugins/MovieScene/LevelSequenceEditor/LevelSequenceEditor.uplugin
LogPluginManager: Loaded Plugin MatineeToLevelSequence, From C:/Program Files/Epic Games/UE_4.14/Engine/Plugins/MovieScene/MatineeToLevelSequence/MatineeToLevelSequence.uplugin
LogPluginManager: Loaded Plugin NetcodeUnitTest, From C:/Program Files/Epic Games/UE_4.14/Engine/Plugins/NetcodeUnitTest/NetcodeUnitTest/NetcodeUnitTest.uplugin
LogPluginManager: Loaded Plugin NUTUnrealEngine4, From C:/Program Files/Epic Games/UE_4.14/Engine/Plugins/NetcodeUnitTest/NUTUnrealEngine4/NUTUnrealEngine4.uplugin
LogPluginManager: Loaded Plugin OnlineSubsystemGameCircle, From C:/Program Files/Epic Games/UE_4.14/Engine/Plugins/Online/Android/OnlineSubsystemGameCircle/OnlineSubsystemGameCircle.uplugin
LogPluginManager: Loaded Plugin OnlineSubsystemGooglePlay, From C:/Program Files/Epic Games/UE_4.14/Engine/Plugins/Online/Android/OnlineSubsystemGooglePlay/OnlineSubsystemGooglePlay.uplugin
LogPluginManager: Loaded Plugin OnlineSubsystemIOS, From C:/Program Files/Epic Games/UE_4.14/Engine/Plugins/Online/IOS/OnlineSubsystemIOS/OnlineSubsystemIOS.uplugin
LogPluginManager: Loaded Plugin OnlineFramework, From C:/Program Files/Epic Games/UE_4.14/Engine/Plugins/Online/OnlineFramework/OnlineFramework.uplugin
LogPluginManager: Loaded Plugin OnlineSubsystem, From C:/Program Files/Epic Games/UE_4.14/Engine/Plugins/Online/OnlineSubsystem/OnlineSubsystem.uplugin
LogPluginManager: Loaded Plugin OnlineSubsystemAmazon, From C:/Program Files/Epic Games/UE_4.14/Engine/Plugins/Online/OnlineSubsystemAmazon/OnlineSubsystemAmazon.uplugin
LogPluginManager: Loaded Plugin OnlineSubsystemFacebook, From C:/Program Files/Epic Games/UE_4.14/Engine/Plugins/Online/OnlineSubsystemFacebook/OnlineSubsystemFacebook.uplugin
LogPluginManager: Loaded Plugin OnlineSubsystemNull, From C:/Program Files/Epic Games/UE_4.14/Engine/Plugins/Online/OnlineSubsystemNull/OnlineSubsystemNull.uplugin
LogPluginManager: Loaded Plugin OnlineSubsystemOculus, From C:/Program Files/Epic Games/UE_4.14/Engine/Plugins/Online/OnlineSubsystemOculus/OnlineSubsystemOculus.uplugin
LogPluginManager: Loaded Plugin OnlineSubsystemSteam, From C:/Program Files/Epic Games/UE_4.14/Engine/Plugins/Online/OnlineSubsystemSteam/OnlineSubsystemSteam.uplugin
LogPluginManager: Loaded Plugin OnlineSubsystemUtils, From C:/Program Files/Epic Games/UE_4.14/Engine/Plugins/Online/OnlineSubsystemUtils/OnlineSubsystemUtils.uplugin
LogPluginManager: Loaded Plugin IOSTapJoy, From C:/Program Files/Epic Games/UE_4.14/Engine/Plugins/Runtime/Advertising/IOSTapJoy/IOSTapJoy.uplugin
LogPluginManager: Loaded Plugin AnalyticsBlueprintLibrary, From C:/Program Files/Epic Games/UE_4.14/Engine/Plugins/Runtime/Analytics/AnalyticsBlueprintLibrary/AnalyticsBlueprintLibrary.uplugin
LogPluginManager: Loaded Plugin AnalyticsMulticast, From C:/Program Files/Epic Games/UE_4.14/Engine/Plugins/Runtime/Analytics/AnalyticsMulticast/AnalyticsMulticast.uplugin
LogPluginManager: Loaded Plugin Apsalar, From C:/Program Files/Epic Games/UE_4.14/Engine/Plugins/Runtime/Analytics/Apsalar/Apsalar.uplugin
LogPluginManager: Loaded Plugin FileLogging, From C:/Program Files/Epic Games/UE_4.14/Engine/Plugins/Runtime/Analytics/FileLogging/FileLogging.uplugin
LogPluginManager: Loaded Plugin Flurry, From C:/Program Files/Epic Games/UE_4.14/Engine/Plugins/Runtime/Analytics/Flurry/Flurry.uplugin
LogPluginManager: Loaded Plugin AndroidDeviceProfileSelector, From C:/Program Files/Epic Games/UE_4.14/Engine/Plugins/Runtime/AndroidDeviceProfileSelector/AndroidDeviceProfileSelector.uplugin
LogPluginManager: Loaded Plugin AndroidMoviePlayer, From C:/Program Files/Epic Games/UE_4.14/Engine/Plugins/Runtime/AndroidMoviePlayer/AndroidMoviePlayer.uplugin
LogPluginManager: Loaded Plugin AppleMoviePlayer, From C:/Program Files/Epic Games/UE_4.14/Engine/Plugins/Runtime/AppleMoviePlayer/AppleMoviePlayer.uplugin
LogPluginManager: Loaded Plugin ArchVisCharacter, From C:/Program Files/Epic Games/UE_4.14/Engine/Plugins/Runtime/ArchVisCharacter/ArchVisCharacter.uplugin
LogPluginManager: Loaded Plugin CableComponent, From C:/Program Files/Epic Games/UE_4.14/Engine/Plugins/Runtime/CableComponent/CableComponent.uplugin
LogPluginManager: Loaded Plugin CustomMeshComponent, From C:/Program Files/Epic Games/UE_4.14/Engine/Plugins/Runtime/CustomMeshComponent/CustomMeshComponent.uplugin
LogPluginManager: Loaded Plugin ExampleDeviceProfileSelector, From C:/Program Files/Epic Games/UE_4.14/Engine/Plugins/Runtime/ExampleDeviceProfileSelector/ExampleDeviceProfileSelector.uplugin
LogPluginManager: Loaded Plugin GearVR, From C:/Program Files/Epic Games/UE_4.14/Engine/Plugins/Runtime/GearVR/GearVR.uplugin
LogPluginManager: Loaded Plugin GoogleVRController, From C:/Program Files/Epic Games/UE_4.14/Engine/Plugins/Runtime/GoogleVR/GoogleVRController/GoogleVRController.uplugin
LogPluginManager: Loaded Plugin GoogleVRHMD, From C:/Program Files/Epic Games/UE_4.14/Engine/Plugins/Runtime/GoogleVR/GoogleVRHMD/GoogleVRHMD.uplugin
LogPluginManager: Loaded Plugin IOSDeviceProfileSelector, From C:/Program Files/Epic Games/UE_4.14/Engine/Plugins/Runtime/IOSDeviceProfileSelector/IOSDeviceProfileSelector.uplugin
LogPluginManager: Loaded Plugin LeapMotion, From C:/Program Files/Epic Games/UE_4.14/Engine/Plugins/Runtime/LeapMotion/LeapMotion.uplugin
LogPluginManager: Loaded Plugin LinuxDeviceProfileSelector, From C:/Program Files/Epic Games/UE_4.14/Engine/Plugins/Runtime/LinuxDeviceProfileSelector/LinuxDeviceProfileSelector.uplugin
LogPluginManager: Loaded Plugin MIDIDevice, From C:/Program Files/Epic Games/UE_4.14/Engine/Plugins/Runtime/MIDIDevice/MIDIDevice.uplugin
LogPluginManager: Loaded Plugin MobilePatchingUtils, From C:/Program Files/Epic Games/UE_4.14/Engine/Plugins/Runtime/MobilePatchingUtils/MobilePatchingUtils.uplugin
LogPluginManager: Loaded Plugin Ansel, From C:/Program Files/Epic Games/UE_4.14/Engine/Plugins/Runtime/Nvidia/Ansel/Ansel.uplugin
LogPluginManager: Loaded Plugin OculusAudio, From C:/Program Files/Epic Games/UE_4.14/Engine/Plugins/Runtime/OculusAudio/OculusAudio.uplugin
LogPluginManager: Loaded Plugin OculusInput, From C:/Program Files/Epic Games/UE_4.14/Engine/Plugins/Runtime/OculusInput/OculusInput.uplugin
LogPluginManager: Loaded Plugin OculusLibrary, From C:/Program Files/Epic Games/UE_4.14/Engine/Plugins/Runtime/OculusLibrary/OculusLibrary.uplugin
LogPluginManager: Loaded Plugin OculusRift, From C:/Program Files/Epic Games/UE_4.14/Engine/Plugins/Runtime/OculusRift/OculusRift.uplugin
LogPluginManager: Loaded Plugin Oodle, From C:/Program Files/Epic Games/UE_4.14/Engine/Plugins/Runtime/PacketHandlers/CompressionComponents/Oodle/Oodle.uplugin
LogPluginManager: Loaded Plugin ProceduralMeshComponent, From C:/Program Files/Epic Games/UE_4.14/Engine/Plugins/Runtime/ProceduralMeshComponent/ProceduralMeshComponent.uplugin
LogPluginManager: Loaded Plugin SoundMod, From C:/Program Files/Epic Games/UE_4.14/Engine/Plugins/Runtime/SoundMod/SoundMod.uplugin
LogPluginManager: Loaded Plugin SoundVisualizations, From C:/Program Files/Epic Games/UE_4.14/Engine/Plugins/Runtime/SoundVisualizations/SoundVisualizations.uplugin
LogPluginManager: Loaded Plugin SteamController, From C:/Program Files/Epic Games/UE_4.14/Engine/Plugins/Runtime/Steam/SteamController/SteamController.uplugin
LogPluginManager: Loaded Plugin SteamVR, From C:/Program Files/Epic Games/UE_4.14/Engine/Plugins/Runtime/Steam/SteamVR/SteamVR.uplugin
LogPluginManager: Loaded Plugin WebBrowserWidget, From C:/Program Files/Epic Games/UE_4.14/Engine/Plugins/Runtime/WebBrowserWidget/WebBrowserWidget.uplugin
LogPluginManager: Loaded Plugin WindowsDeviceProfileSelector, From C:/Program Files/Epic Games/UE_4.14/Engine/Plugins/Runtime/WindowsDeviceProfileSelector/WindowsDeviceProfileSelector.uplugin
LogPluginManager: Loaded Plugin WindowsMoviePlayer, From C:/Program Files/Epic Games/UE_4.14/Engine/Plugins/Runtime/WindowsMoviePlayer/WindowsMoviePlayer.uplugin
LogPluginManager: Loaded Plugin ScriptPlugin, From C:/Program Files/Epic Games/UE_4.14/Engine/Plugins/ScriptPlugin/ScriptPlugin.uplugin
LogPluginManager: Loaded Plugin SlateRemote, From C:/Program Files/Epic Games/UE_4.14/Engine/Plugins/Slate/SlateRemote/SlateRemote.uplugin
LogPluginManager: Loaded Plugin EditorTests, From C:/Program Files/Epic Games/UE_4.14/Engine/Plugins/Tests/EditorTests/EditorTests.uplugin
LogPluginManager: Loaded Plugin FbxAutomationTestBuilder, From C:/Program Files/Epic Games/UE_4.14/Engine/Plugins/Tests/FbxAutomationTestBuilder/FbxAutomationTestBuilder.uplugin
LogPluginManager: Loaded Plugin FunctionalTestingEditor, From C:/Program Files/Epic Games/UE_4.14/Engine/Plugins/Tests/FunctionalTestingEditor/FunctionalTestingEditor.uplugin
LogPluginManager: Loaded Plugin RuntimeTests, From C:/Program Files/Epic Games/UE_4.14/Engine/Plugins/Tests/RuntimeTests/RuntimeTests.uplugin
LogPluginManager: Loaded Plugin ScreenshotTools, From C:/Program Files/Epic Games/UE_4.14/Engine/Plugins/Tests/ScreenshotTools/ScreenshotTools.uplugin
LogInit: Using libcurl 7.47.1
LogInit:  - built for x86_64-pc-win32
LogInit:  - supports SSL with OpenSSL/1.0.2g
LogInit:  - supports HTTP deflate (compression) using libz 1.2.8
LogInit:  - other features:
LogInit:      CURL_VERSION_SSL
LogInit:      CURL_VERSION_LIBZ
LogInit:      CURL_VERSION_IPV6
LogInit:      CURL_VERSION_ASYNCHDNS
LogInit:      CURL_VERSION_LARGEFILE
LogInit:      CURL_VERSION_IDN
LogInit:  CurlRequestOptions (configurable via config and command line):
LogInit:  - bVerifyPeer = false  - Libcurl will NOT verify peer certificate
LogInit:  - bUseHttpProxy = false  - Libcurl will NOT use HTTP proxy
LogInit:  - bDontReuseConnections = false  - Libcurl will reuse connections
LogInit:  - CertBundlePath = nullptr  - Libcurl will use whatever was configured at build time.
LogInit: Build: ++UE4+Release-4.14-CL-3249277
LogInit: Engine Version: 4.14.3-3249277+++UE4+Release-4.14
LogInit: Compatible Engine Version: 4.14.0-3195953+++UE4+Release-4.14
LogInit: Net CL: 3195953
LogDevObjectVersion: Number of dev versions registered: 13
LogDevObjectVersion:   Dev-Blueprints (B0D832E4-1F89-4F0D-ACCF-7EB736FD4AA2): 7
LogDevObjectVersion:   Dev-Build (E1C64328-A22C-4D53-A36C-8E866417BD8C): 0
LogDevObjectVersion:   Dev-Core (375EC13C-06E4-48FB-B500-84F0262A717E): 1
LogDevObjectVersion:   Dev-Editor (E4B068ED-F494-42E9-A231-DA0B2E46BB41): 8
LogDevObjectVersion:   Dev-Framework (CFFC743F-43B0-4480-9391-14DF171D2073): 17
LogDevObjectVersion:   Dev-Mobile (B02B49B5-BB20-44E9-A304-32B752E40360): 0
LogDevObjectVersion:   Dev-Networking (A4E4105C-59A1-49B5-A7C5-40C4547EDFEE): 0
LogDevObjectVersion:   Dev-Online (39C831C9-5AE6-47DC-9A44-9C173E1C8E7C): 0
LogDevObjectVersion:   Dev-Physics (78F01B33-EBEA-4F98-B9B4-84EACCB95AA2): 0
LogDevObjectVersion:   Dev-Platform (6631380F-2D4D-43E0-8009-CF276956A95A): 0
LogDevObjectVersion:   Dev-Rendering (12F88B9F-8875-4AFC-A67C-D90C383ABD29): 12
LogDevObjectVersion:   Dev-Sequencer (7B5AE74C-D270-4C10-A958-57980B212A5A): 1
LogDevObjectVersion:   Dev-VR (D7296918-1DD6-4BDD-9DE2-64A83CC13884): 0
LogInit: Compiled (64-bit): Jan  6 2017 10:49:43
LogInit: Compiled with Visual C++: 19.00.23026.00
LogInit: Build Configuration: Development
LogInit: Branch Name: ++UE4+Release-4.14
LogInit: Command line: -EpicPortal 
LogInit: Base directory: C:/Program Files/Epic Games/UE_4.14/Engine/Binaries/Win64/
LogInit: Installed Engine Build: 1
LogInit: Presizing for max 8388607 objects, including 0 objects not considered by GC, pre-allocating 0 bytes for permanent pool.
LogInit: Object subsystem initialized
[2017.03.09-02.27.45:642][  0]LogInit: Selected Device Profile: [Windows]
[2017.03.09-02.27.45:642][  0]LogInit: Applying CVar settings loaded from the selected device profile: [Windows]
[2017.03.09-02.27.45:655][  0]LogInit: Computer: ARCTURUS
[2017.03.09-02.27.45:655][  0]LogInit: User: Braden
[2017.03.09-02.27.45:655][  0]LogInit: CPU Page size=65536, Cores=4
[2017.03.09-02.27.45:655][  0]LogInit: High frequency timer resolution =2.338341 MHz
[2017.03.09-02.27.45:655][  0]LogMemory: Memory total: Physical=7.9GB (8GB approx)
[2017.03.09-02.27.45:655][  0]LogMemory: Platform Memory Stats for Windows
[2017.03.09-02.27.45:655][  0]LogMemory: Process Physical Memory: 264.52 MB used, 264.52 MB peak
[2017.03.09-02.27.45:655][  0]LogMemory: Process Virtual Memory: 262.54 MB used, 262.54 MB peak
[2017.03.09-02.27.45:655][  0]LogMemory: Physical Memory: 5668.20 MB used,  2436.08 MB free, 8104.27 MB total
[2017.03.09-02.27.45:655][  0]LogMemory: Virtual Memory: 689.43 MB used,  2436.08 MB free, 134217728.00 MB total
[2017.03.09-02.27.45:681][  0]LogTextLocalizationManager: No specific translations for ('en-US') exist, so ('en') translations will be used.
[2017.03.09-02.27.46:268][  0]LogD3D11RHI: D3D11 adapters:
[2017.03.09-02.27.46:302][  0]LogD3D11RHI:    0. 'Intel(R) HD Graphics 4600' (Feature Level 11_0)
[2017.03.09-02.27.46:302][  0]LogD3D11RHI:       0/0/1792 MB DedicatedVideo/DedicatedSystem/SharedSystem, Outputs:2, VendorId:0x8086
[2017.03.09-02.27.46:326][  0]LogD3D11RHI:    1. 'NVIDIA GeForce GT 755M' (Feature Level 11_0)
[2017.03.09-02.27.46:326][  0]LogD3D11RHI:       1977/0/4052 MB DedicatedVideo/DedicatedSystem/SharedSystem, Outputs:0, VendorId:0x10de
[2017.03.09-02.27.46:328][  0]LogD3D11RHI:    2. 'Microsoft Basic Render Driver' (Feature Level 11_0)
[2017.03.09-02.27.46:328][  0]LogD3D11RHI:       0/0/256 MB DedicatedVideo/DedicatedSystem/SharedSystem, Outputs:0, VendorId:0x1414
[2017.03.09-02.27.46:328][  0]LogD3D11RHI: Chosen D3D11 Adapter: 1
[2017.03.09-02.27.46:335][  0]LogD3D11RHI: Creating new Direct3DDevice
[2017.03.09-02.27.46:335][  0]LogD3D11RHI:     GPU DeviceId: 0xfcd (for the marketing name, search the web for "GPU Device Id")
[2017.03.09-02.27.46:335][  0]LogWindows: EnumDisplayDevices:
[2017.03.09-02.27.46:335][  0]LogWindows:    0. 'Intel(R) HD Graphics 4600' (P:1 D:1)
[2017.03.09-02.27.46:335][  0]LogWindows:    1. 'Intel(R) HD Graphics 4600' (P:0 D:1)
[2017.03.09-02.27.46:335][  0]LogWindows:    2. 'Intel(R) HD Graphics 4600' (P:0 D:0)
[2017.03.09-02.27.46:335][  0]LogWindows:    3. 'NVIDIA GeForce GT 755M' (P:0 D:0)
[2017.03.09-02.27.46:335][  0]LogWindows: DebugString: PrimaryIsNotTheChoosenAdapter PrimaryIsNotTheChoosenAdapter PrimaryIsNotTheChoosenAdapter 
[2017.03.09-02.27.46:335][  0]LogD3D11RHI:     Adapter Name: NVIDIA GeForce GT 755M
[2017.03.09-02.27.46:335][  0]LogD3D11RHI:   Driver Version: 378.66 (internal:21.21.13.7866, unified:378.66)
[2017.03.09-02.27.46:335][  0]LogD3D11RHI:      Driver Date: 2-9-2017
[2017.03.09-02.27.46:335][  0]LogRHI: Texture pool is 1361 MB (70% of 1945 MB)
[2017.03.09-02.27.46:351][  0]LogD3D11RHI:Warning: Timestamp queries are currently disabled on this hardware due to instability. Realtime GPU stats will not be available. You can override this behaviour by setting r.NVIDIATimestampWorkaround to 0
[2017.03.09-02.27.46:351][  0]LogD3D11RHI: Async texture creation enabled
[2017.03.09-02.27.46:370][  0]LogD3D11RHI: GPU Timing Frequency: 1000.000000 (Debug: 2 2)
[2017.03.09-02.27.46:370][  0]LogShaderCompilers: Guid format shader working directory is -20 characters bigger than the processId version (../../../../../../Users/Braden/Documents/GitHub/ChimeraGames/Abyss/Intermediate/Shaders/WorkingDirectory/13616/).
[2017.03.09-02.27.46:370][  0]LogShaderCompilers: Cleaned the shader compiler working directory 'C:/Users/Braden/AppData/Local/Temp/UnrealShaderWorkingDir/0DDD58D045FD5BA070B58EB71983914C/'.
[2017.03.09-02.27.46:370][  0]LogShaderCompilers:Display: Using Local Shader Compiler.
[2017.03.09-02.27.47:344][  0]LogTemp:Display: Loaded TP AllDesktopTargetPlatform
[2017.03.09-02.27.47:384][  0]LogTemp:Display: Loaded TP MacClientTargetPlatform
[2017.03.09-02.27.47:422][  0]LogTemp:Display: Loaded TP MacNoEditorTargetPlatform
[2017.03.09-02.27.47:460][  0]LogTemp:Display: Loaded TP MacServerTargetPlatform
[2017.03.09-02.27.47:501][  0]LogTemp:Display: Loaded TP MacTargetPlatform
[2017.03.09-02.27.47:539][  0]LogTemp:Display: Loaded TP WindowsClientTargetPlatform
[2017.03.09-02.27.47:578][  0]LogTemp:Display: Loaded TP WindowsNoEditorTargetPlatform
[2017.03.09-02.27.47:616][  0]LogTemp:Display: Loaded TP WindowsServerTargetPlatform
[2017.03.09-02.27.47:645][  0]LogTemp:Display: Loaded TP WindowsTargetPlatform
[2017.03.09-02.27.47:684][  0]LogTemp:Display: Loaded TP AndroidTargetPlatform
[2017.03.09-02.27.47:721][  0]LogTemp:Display: Loaded TP Android_ASTCTargetPlatform
[2017.03.09-02.27.47:760][  0]LogTemp:Display: Loaded TP Android_ATCTargetPlatform
[2017.03.09-02.27.47:797][  0]LogTemp:Display: Loaded TP Android_DXTTargetPlatform
[2017.03.09-02.27.47:834][  0]LogTemp:Display: Loaded TP Android_ETC1TargetPlatform
[2017.03.09-02.27.47:871][  0]LogTemp:Display: Loaded TP Android_ETC2TargetPlatform
[2017.03.09-02.27.47:947][  0]LogTemp:Display: Loaded TP Android_MultiTargetPlatform
[2017.03.09-02.27.47:947][  0]LogTemp:Display: Loaded TP Android_PVRTCTargetPlatform
[2017.03.09-02.27.47:968][  0]LogTemp:Display: Loaded TP HTML5TargetPlatform
[2017.03.09-02.27.48:030][  0]LogTemp:Display: Loaded TP IOSTargetPlatform
[2017.03.09-02.27.48:057][  0]LogTemp:Display: Loaded TP TVOSTargetPlatform
[2017.03.09-02.27.48:095][  0]LogTemp:Display: Loaded TP LinuxClientTargetPlatform
[2017.03.09-02.27.48:132][  0]LogTemp:Display: Loaded TP LinuxNoEditorTargetPlatform
[2017.03.09-02.27.48:192][  0]LogTemp:Display: Loaded TP LinuxServerTargetPlatform
[2017.03.09-02.27.48:233][  0]LogTemp:Display: Loaded TP LinuxTargetPlatform
[2017.03.09-02.27.48:233][  0]LogTargetPlatformManager:Display: Building Assets For Windows
[2017.03.09-02.27.48:486][  0]LogDerivedDataCache:Display: Max Cache Size: 512 MB
[2017.03.09-02.27.48:553][  0]LogDerivedDataCache: Loaded boot cache 0.07s 52MB C:/Users/Braden/AppData/Local/UnrealEngine/4.14/DerivedDataCache/Boot.ddc.
[2017.03.09-02.27.48:553][  0]LogDerivedDataCache:Display: Loaded Boot cache: C:/Users/Braden/AppData/Local/UnrealEngine/4.14/DerivedDataCache/Boot.ddc
[2017.03.09-02.27.48:553][  0]LogDerivedDataCache: FDerivedDataBackendGraph:  Pak pak cache file ../../../../../../Users/Braden/Documents/GitHub/ChimeraGames/Abyss/DerivedDataCache/DDC.ddp not found, will not use a pak cache.
[2017.03.09-02.27.48:553][  0]LogDerivedDataCache: Unable to find inner node Pak for hierarchical cache Hierarchy.
[2017.03.09-02.27.48:553][  0]LogDerivedDataCache: FDerivedDataBackendGraph:  CompressedPak pak cache file ../../../../../../Users/Braden/Documents/GitHub/ChimeraGames/Abyss/DerivedDataCache/Compressed.ddp not found, will not use a pak cache.
[2017.03.09-02.27.48:553][  0]LogDerivedDataCache: Unable to find inner node CompressedPak for hierarchical cache Hierarchy.
[2017.03.09-02.27.48:572][  0]LogDerivedDataCache:Display: Pak cache opened for reading ../../../Engine/DerivedDataCache/Compressed.ddp.
[2017.03.09-02.27.48:584][  0]LogDerivedDataCache: Using Local data cache path C:/Users/Braden/AppData/Local/UnrealEngine/Common/DerivedDataCache: Writable
[2017.03.09-02.27.48:870][  0]LogInit: Selected Device Profile: [Windows]
[2017.03.09-02.27.48:873][  0]LogContentStreaming: Texture pool size is 0.00 MB
[2017.03.09-02.27.49:034][  0]LogMeshUtilities: Using QuadricMeshReduction for automatic static mesh reduction
[2017.03.09-02.27.49:072][  0]LogSimplygon: Simplygon DLL not present - disabling.
[2017.03.09-02.27.49:105][  0]LogMeshUtilities: Using SimplygonSwarm for distributed automatic mesh merging
[2017.03.09-02.27.49:105][  0]LogMeshUtilities: No automatic skeletal mesh reduction module available
[2017.03.09-02.27.49:105][  0]LogMeshUtilities: No automatic mesh merging module available
[2017.03.09-02.27.49:621][  0]LogNetVersion: GetLocalNetworkVersion: CL: 3195953, ProjectName: abyss, ProjectVersion: , EngineNetworkVersion: 2, GameNetworkVersion: 0, NetworkChecksum: 1595127573
[2017.03.09-02.27.49:672][  0]LogAssetRegistry: FAssetRegistry took 0.0219 seconds to start up
[2017.03.09-02.27.49:710][  0]LogPackageLocalizationCache: Processed 3 localized package path(s) for 2 prioritized culture(s) in 0.023551 seconds
[2017.03.09-02.27.49:719][  0]LogUObjectArray: 31890 objects as part of root set at end of initial load.
[2017.03.09-02.27.49:719][  0]LogUObjectAllocator: 6922368 out of 0 bytes used by permanent object pool.
[2017.03.09-02.27.49:719][  0]LogUObjectArray: CloseDisregardForGC: 0/0 objects in disregard for GC pool
[2017.03.09-02.27.49:754][  0]LogInit: WinSock: version 1.1 (2.2), MaxSocks=32767, MaxUdp=65467
[2017.03.09-02.27.50:211][  0]LogSlate: Using Freetype 2.6.0
[2017.03.09-02.27.50:212][  0]LogSlate: SlateFontCache - WITH_FREETYPE: 1, WITH_HARFBUZZ: 1
[2017.03.09-02.27.50:212][  0]LogSlate: SlateFontCache - WITH_FREETYPE: 1, WITH_HARFBUZZ: 1
[2017.03.09-02.27.51:070][  0]LogMaterial: Uniform references updated for custom material expression Custom.
[2017.03.09-02.27.51:337][  0]SourceControl: Info Source control is disabled
[2017.03.09-02.27.52:217][  0]LogEngine: Initializing Engine...
[2017.03.09-02.27.52:441][  0]LogAIModule: Creating AISystem for world Untitled
[2017.03.09-02.27.52:452][  0]LogInit: XAudio2 using 'Speakers (Realtek High Definition Audio)' : 2 channels at 44.1 kHz using 16 bits per sample (channel mask 0x3)
[2017.03.09-02.27.52:461][  0]LogInit: FAudioDevice initialized.
[2017.03.09-02.27.52:503][  0]LogDerivedDataCache: Saved boot cache 0.04s 52MB C:/Users/Braden/AppData/Local/UnrealEngine/4.14/DerivedDataCache/Boot.ddc.
[2017.03.09-02.27.52:513][  0]LogInit: Texture streaming: Enabled
[2017.03.09-02.27.52:654][  0]LogInit: Transaction tracking system initialized
[2017.03.09-02.27.52:848][  0]BlueprintLog: New page: Editor Load
[2017.03.09-02.27.53:359][  0]LocalizationService: Info Localization service is disabled
[2017.03.09-02.27.53:565][  0]LogModuleManager:Warning: No filename provided for module TcpMessaging
[2017.03.09-02.27.53:565][  0]LogModuleManager:Warning: ModuleManager: Unable to load module 'TcpMessaging' because the file 'C:/Program Files/Epic Games/UE_4.14/Engine/Binaries/Win64/' was not found.
[2017.03.09-02.27.53:954][  0]LogConsoleResponse:Display: 
[2017.03.09-02.27.54:141][  0]LogCook:Display: Max memory allowance for cook 16384mb min free memory 0mb
[2017.03.09-02.27.54:141][  0]LogCook:Display: Mobile HDR setting 1
[2017.03.09-02.27.54:181][  0]LogFileCache: Scanning file cache for directory 'C:/Users/Braden/Documents/GitHub/ChimeraGames/Abyss/Content/' took 0.02s
[2017.03.09-02.27.54:732][  0]Cmd: MAP LOAD FILE="../../../../../../Users/Braden/Documents/GitHub/ChimeraGames/Abyss/Content/Maps-Levels/startMenu.umap" TEMPLATE=0 SHOWPROGRESS=1 FEATURELEVEL=3
[2017.03.09-02.27.54:732][  0]LightingResults: New page: Lighting Build
[2017.03.09-02.27.54:755][  0]MapCheck: New page: Map Check
[2017.03.09-02.27.54:755][  0]LightingResults: New page: Lighting Build
[2017.03.09-02.27.54:862][  0]LogAIModule: Creating AISystem for world startMenu
[2017.03.09-02.27.54:863][  0]LogEditorServer: Finished looking for orphan Actors (0.000 secs)
[2017.03.09-02.27.54:863][  0]Cmd: MAP CHECKDEP NOCLEARLOG
[2017.03.09-02.27.54:893][  0]MapCheck: Info Map check complete: 0 Error(s), 0 Warning(s), took 30.1ms to complete.
[2017.03.09-02.27.54:893][  0]LogFileHelpers: Loading map 'startMenu' took 0.162
[2017.03.09-02.27.55:061][  0]LogCollectionManager: Loaded 0 collections in 0.001344 seconds
[2017.03.09-02.27.55:142][  0]LogFileCache: Scanning file cache for directory 'C:/Users/Braden/Documents/GitHub/ChimeraGames/Abyss/Saved/Collections/' took 0.01s
[2017.03.09-02.27.55:142][  0]LogFileCache: Scanning file cache for directory 'C:/Users/Braden/Documents/GitHub/ChimeraGames/Abyss/Content/Developers/Braden/Collections/' took 0.01s
[2017.03.09-02.27.55:142][  0]LogFileCache: Scanning file cache for directory 'C:/Users/Braden/Documents/GitHub/ChimeraGames/Abyss/Content/Collections/' took 0.01s
[2017.03.09-02.27.55:142][  0]LogCollectionManager: Rebuilt the GUID cache for 0 collections in 0.000002 seconds
[2017.03.09-02.27.55:153][  0]LogContentBrowser: Native class hierarchy populated in 0.0094 seconds. Added 2178 classes and 401 folders.
[2017.03.09-02.27.55:182][  0]LogStats: UGameplayTagsManager::ConstructGameplayTagTree: Construct from data asset -  0.000 s
[2017.03.09-02.27.55:182][  0]LogStats: UGameplayTagsManager::ConstructGameplayTagTree: GameplayTagTreeChangedEvent.Broadcast -  0.000 s
[2017.03.09-02.27.55:184][  0]LogContentBrowser: Native class hierarchy updated for 'GameplayTags' in 0.0007 seconds. Added 13 classes and 0 folders.
[2017.03.09-02.27.55:220][  0]LogContentBrowser: Native class hierarchy updated for 'WidgetCarousel' in 0.0004 seconds. Added 0 classes and 0 folders.
[2017.03.09-02.27.55:379][  0]LogContentBrowser: Native class hierarchy updated for 'AddContentDialog' in 0.0006 seconds. Added 0 classes and 0 folders.
[2017.03.09-02.27.55:410][  0]LogContentBrowser: Native class hierarchy updated for 'SceneOutliner' in 0.0006 seconds. Added 1 classes and 2 folders.
[2017.03.09-02.27.55:460][  0]LogCrashTracker: Crashtracker disabled due to settings.
[2017.03.09-02.27.55:466][  0]LogUObjectGlobals:Warning: Failed to find object 'Class None.'
[2017.03.09-02.27.55:518][  0]LogContentBrowser: Native class hierarchy updated for 'HierarchicalLODOutliner' in 0.0005 seconds. Added 1 classes and 2 folders.
[2017.03.09-02.27.55:518][  0]LogLoad: (Engine Initialization) Total time: 12.77 seconds
[2017.03.09-02.27.55:518][  0]LogLoad: (Engine Initialization) Total Blueprint compile time: 0.05 seconds
[2017.03.09-02.27.55:518][  0]LogExternalProfiler: Found external profiler: VSPerf
[2017.03.09-02.27.55:518][  0]LogExternalProfiler: Using external profiler: VSPerf
[2017.03.09-02.27.55:556][  0]SourceControl: Info On branch master
[2017.03.09-02.27.55:557][  0]SourceControl: Info Your branch is up-to-date with 'origin/master'.
[2017.03.09-02.27.55:557][  0]SourceControl: Info Changes not staged for commit:
[2017.03.09-02.27.55:557][  0]SourceControl: Info   (use "git add/rm <file>..." to update what will be committed)
[2017.03.09-02.27.55:557][  0]SourceControl: Info   (use "git checkout -- <file>..." to discard changes in working directory)
[2017.03.09-02.27.55:557][  0]SourceControl: Info 	modified:   Abyss/Intermediate/CachedAssetRegistry.bin
[2017.03.09-02.27.55:557][  0]SourceControl: Info 	modified:   Abyss/Saved/Config/Windows/Editor.ini
[2017.03.09-02.27.55:557][  0]SourceControl: Info 	modified:   Abyss/Saved/Config/Windows/Engine.ini
[2017.03.09-02.27.55:557][  0]SourceControl: Info 	modified:   Abyss/Saved/Logs/Abyss.log
[2017.03.09-02.27.55:557][  0]SourceControl: Info 	deleted:    Abyss/Saved/Logs/Abyss_2-backup-2017.03.08-13.23.19.log
[2017.03.09-02.27.55:557][  0]SourceControl: Info 	deleted:    Abyss/Saved/Logs/Abyss_2-backup-2017.03.08-13.27.07.log
[2017.03.09-02.27.55:557][  0]SourceControl: Info Untracked files:
[2017.03.09-02.27.55:557][  0]SourceControl: Info   (use "git add <file>..." to include in what will be committed)
[2017.03.09-02.27.55:557][  0]SourceControl: Info 	Abyss/Saved/Logs/Abyss-backup-2017.03.08-21.27.45.log
[2017.03.09-02.27.55:557][  0]SourceControl: Info 	Abyss/Saved/Logs/UE4CC-Windows-AA27BAF0448A9224F94484A9F1BF4EA8/
[2017.03.09-02.27.55:557][  0]SourceControl: Info no changes added to commit (use "git add" and/or "git commit -a")
[2017.03.09-02.27.55:558][  0]LogContentStreaming: Texture pool size now 400 MB
[2017.03.09-02.27.55:704][  0]LogRenderer: Reallocating scene render targets to support 932x456 NumSamples 1 (Frame:2).
[2017.03.09-02.27.55:794][  1]LogAssetRegistry: Asset discovery search completed in 6.1445 seconds
[2017.03.09-02.27.55:794][  1]LogCollectionManager: Rebuilt the object cache for 0 collections in 0.000000 seconds (found 0 objects)
[2017.03.09-02.27.55:794][  1]LogCollectionManager: Fixed up redirectors for 0 collections in 0.000014 seconds (updated 0 objects)
[2017.03.09-02.27.56:581][ 45]LogTexture:Display: Building textures: Victory_Screen (AutoDXT)
[2017.03.09-02.27.57:120][ 45]LogContentBrowser: Native class hierarchy updated for 'BlueprintGraph' in 0.0008 seconds. Added 111 classes and 0 folders.
[2017.03.09-02.28.25:138][533]LogContentBrowser: Native class hierarchy updated for 'TextureEditor' in 0.0006 seconds. Added 1 classes and 2 folders.
[2017.03.09-02.28.30:190][819]LogTexture:Display: Building textures: Victory_Screen (BGRA8)
[2017.03.09-02.28.34:510][ 64]LogSavePackage: Save=9.55ms
[2017.03.09-02.28.34:510][ 64]LogSavePackage: Moving '../../../../../../Users/Braden/Documents/GitHub/ChimeraGames/Abyss/Saved/Victory_Screen18AD290347106DB81DEB3BBC474D894A.tmp' to '../../../../../../Users/Braden/Documents/GitHub/ChimeraGames/Abyss/Content/Assets/Sprites/Other/Victory_Screen.uasset'
[2017.03.09-02.28.34:512][ 64]LogSavePackage:Display: Finished SavePackage ../../../../../../Users/Braden/Documents/GitHub/ChimeraGames/Abyss/Content/Assets/Sprites/Other/Victory_Screen.uasset
[2017.03.09-02.29.09:561][582]LogFactory: FactoryCreateFile: Texture with ReimportTextureFactory (0 0 ../../../../../../Users/Braden/Desktop/AbyssArt/Defeat.png)
[2017.03.09-02.29.09:569][582]LogTexture:Display: Building textures: Defeat (AutoDXT)
[2017.03.09-02.29.15:769][930]LogTexture:Display: Building textures: Defeat (BGRA8)
[2017.03.09-02.29.18:985][114]Cmd: OBJ SAVEPACKAGE PACKAGE="/Game/Assets/Sprites/Other/Defeat" FILE="../../../../../../Users/Braden/Documents/GitHub/ChimeraGames/Abyss/Content/Assets/Sprites/Other/Defeat.uasset" SILENT=true
[2017.03.09-02.29.18:992][114]LogSavePackage: Save=5.90ms
[2017.03.09-02.29.18:992][114]LogSavePackage: Moving '../../../../../../Users/Braden/Documents/GitHub/ChimeraGames/Abyss/Saved/Defeat523AA31D4789A85B5173A6A8A5197042.tmp' to '../../../../../../Users/Braden/Documents/GitHub/ChimeraGames/Abyss/Content/Assets/Sprites/Other/Defeat.uasset'
[2017.03.09-02.29.18:993][114]LogSavePackage:Display: Finished SavePackage ../../../../../../Users/Braden/Documents/GitHub/ChimeraGames/Abyss/Content/Assets/Sprites/Other/Defeat.uasset
[2017.03.09-02.30.42:807][ 17]Cmd: OBJ SAVEPACKAGE PACKAGE="/Game/UMG/BattleHUD" FILE="../../../../../../Users/Braden/Documents/GitHub/ChimeraGames/Abyss/Content/UMG/BattleHUD.uasset" SILENT=true
[2017.03.09-02.30.43:117][ 17]LogSavePackage: Save=264.33ms
[2017.03.09-02.30.43:117][ 17]LogSavePackage: Moving '../../../../../../Users/Braden/Documents/GitHub/ChimeraGames/Abyss/Saved/BattleHUDB0AD3E6C45D32542501FE0BA1DFC412A.tmp' to '../../../../../../Users/Braden/Documents/GitHub/ChimeraGames/Abyss/Content/UMG/BattleHUD.uasset'
[2017.03.09-02.30.43:119][ 17]LogSavePackage:Display: Finished SavePackage ../../../../../../Users/Braden/Documents/GitHub/ChimeraGames/Abyss/Content/UMG/BattleHUD.uasset
[2017.03.09-02.30.43:997][ 69]BlueprintLog: New page: Compile BattleHUD
[2017.03.09-02.30.44:337][ 69]BlueprintEditorCompileResults: Info The execution path doesn't end with a return node.  CastFailed
[2017.03.09-02.30.44:337][ 69]BlueprintEditorCompileResults: Info The execution path doesn't end with a return node.  CastFailed
[2017.03.09-02.30.44:337][ 69]BlueprintEditorCompileResults: Info The execution path doesn't end with a return node.  CastFailed
[2017.03.09-02.30.44:337][ 69]BlueprintEditorCompileResults: Info The execution path doesn't end with a return node.  CastFailed
[2017.03.09-02.30.46:572][197]Cmd: OBJ SAVEPACKAGE PACKAGE="/Game/UMG/BattleHUD" FILE="../../../../../../Users/Braden/Documents/GitHub/ChimeraGames/Abyss/Content/UMG/BattleHUD.uasset" SILENT=true
[2017.03.09-02.30.46:854][197]LogSavePackage: Save=240.00ms
[2017.03.09-02.30.46:854][197]LogSavePackage: Moving '../../../../../../Users/Braden/Documents/GitHub/ChimeraGames/Abyss/Saved/BattleHUD986E744A4CB5BE929A6EBF8303662507.tmp' to '../../../../../../Users/Braden/Documents/GitHub/ChimeraGames/Abyss/Content/UMG/BattleHUD.uasset'
[2017.03.09-02.30.46:856][197]LogSavePackage:Display: Finished SavePackage ../../../../../../Users/Braden/Documents/GitHub/ChimeraGames/Abyss/Content/UMG/BattleHUD.uasset
[2017.03.09-02.30.59:024][902]BlueprintLog: New page: Compile AbyssGameInstance
[2017.03.09-02.31.00:596][985]LogTemp: Repeting last play command: Selected Viewport
[2017.03.09-02.31.00:639][985]LogBlueprintUserMessages: Early PlayInEditor Detection: Level '/Game/Maps-Levels/startMenu.startMenu:PersistentLevel' has LevelScriptBlueprint '/Game/Maps-Levels/startMenu.startMenu:PersistentLevel.startMenu' with GeneratedClass '/Game/Maps-Levels/startMenu.startMenu_C' with ClassGeneratedBy '/Game/Maps-Levels/startMenu.startMenu:PersistentLevel.startMenu'
[2017.03.09-02.31.00:640][985]BlueprintLog: New page: Pre-Play auto-recompile
[2017.03.09-02.31.00:640][985]LogPlayLevel: [PlayLevel] Compiling LossBattle before play...
[2017.03.09-02.31.00:745][985]LogPlayLevel: PlayLevel: Blueprint regeneration took 105 ms (1 blueprints)
[2017.03.09-02.31.00:749][985]PIE: New page: PIE session: startMenu (Mar 8, 2017, 4:31:00 PM)
[2017.03.09-02.31.00:752][985]LogPlayLevel: Creating play world package: /Game/Maps-Levels/UEDPIE_0_startMenu
[2017.03.09-02.31.00:755][985]LogPlayLevel: PIE: StaticDuplicateObject took: (0.002844s)
[2017.03.09-02.31.00:755][985]LogAIModule: Creating AISystem for world startMenu
[2017.03.09-02.31.00:756][985]LogPlayLevel: PIE: World Init took: (0.001451s)
[2017.03.09-02.31.00:757][985]LogPlayLevel: PIE: Created PIE world by copying editor world from /Game/Maps-Levels/startMenu.startMenu to /Game/Maps-Levels/UEDPIE_0_startMenu.startMenu (0.004864s)
[2017.03.09-02.31.00:783][985]LogInit: XAudio2 using 'Speakers (Realtek High Definition Audio)' : 2 channels at 44.1 kHz using 16 bits per sample (channel mask 0x3)
[2017.03.09-02.31.00:793][985]LogInit: FAudioDevice initialized.
[2017.03.09-02.31.01:798][985]LogLoad: Game class is 'abyssGameMode_C'
[2017.03.09-02.31.01:802][985]LogWorld: Bringing World /Game/Maps-Levels/UEDPIE_0_startMenu.startMenu up for play (max tick rate 60) at 2017.03.08-21.31.01
[2017.03.09-02.31.01:804][985]LogWorld: Bringing up level for play took: 0.002596
[2017.03.09-02.31.01:878][985]LogContentBrowser: Native class hierarchy updated for 'MovieSceneCapture' in 0.0008 seconds. Added 11 classes and 0 folders.
[2017.03.09-02.31.01:911][985]PIE: Info Play in editor start time for /Game/Maps-Levels/UEDPIE_0_startMenu 0.869
[2017.03.09-02.31.01:911][985]LogBlueprintUserMessages: Late PlayInEditor Detection: Level '/Game/Maps-Levels/startMenu.startMenu:PersistentLevel' has LevelScriptBlueprint '/Game/Maps-Levels/startMenu.startMenu:PersistentLevel.startMenu' with GeneratedClass '/Game/Maps-Levels/startMenu.startMenu_C' with ClassGeneratedBy '/Game/Maps-Levels/startMenu.startMenu:PersistentLevel.startMenu'
[2017.03.09-02.31.03:129][ 55]LogNet: Browse: /Game/Maps-Levels/Fort/Exploration/Fort_Exploration1
[2017.03.09-02.31.03:130][ 55]LogLoad: LoadMap: /Game/Maps-Levels/Fort/Exploration/Fort_Exploration1
[2017.03.09-02.31.03:173][ 55]Cmd: MEM
[2017.03.09-02.31.03:197][ 55]LogMemory: Platform Memory Stats for Windows
[2017.03.09-02.31.03:197][ 55]LogMemory: Process Physical Memory: 1227.72 MB used, 1232.92 MB peak
[2017.03.09-02.31.03:197][ 55]LogMemory: Process Virtual Memory: 1682.38 MB used, 1687.25 MB peak
[2017.03.09-02.31.03:197][ 55]LogMemory: Physical Memory: 6572.58 MB used,  1531.69 MB free, 8104.27 MB total
[2017.03.09-02.31.03:197][ 55]LogMemory: Virtual Memory: 2500.80 MB used,  1531.69 MB free, 134217728.00 MB total
[2017.03.09-02.31.03:197][ 55]LogMemory: 
[2017.03.09-02.31.03:197][ 55]Allocator Stats for TBB: (not implemented)
[2017.03.09-02.31.04:415][ 55]LogAIModule: Creating AISystem for world Fort_Exploration1
[2017.03.09-02.31.04:416][ 55]LogLoad: Game class is 'abyssExplorationMode_C'
[2017.03.09-02.31.04:437][ 55]LogWorld: Bringing World /Game/Maps-Levels/Fort/Exploration/UEDPIE_0_Fort_Exploration1.Fort_Exploration1 up for play (max tick rate 60) at 2017.03.08-21.31.04
[2017.03.09-02.31.04:443][ 55]LogWorld: Bringing up level for play took: 0.025819
[2017.03.09-02.31.04:449][ 55]LogLoad: Took 1.317943 seconds to LoadMap(/Game/Maps-Levels/Fort/Exploration/Fort_Exploration1)
[2017.03.09-02.31.07:905][261]LogNet: Browse: /Game/Maps-Levels/Fort_Battle
[2017.03.09-02.31.07:905][261]LogLoad: LoadMap: /Game/Maps-Levels/Fort_Battle
[2017.03.09-02.31.07:932][261]Cmd: MEM
[2017.03.09-02.31.07:954][261]LogMemory: Platform Memory Stats for Windows
[2017.03.09-02.31.07:954][261]LogMemory: Process Physical Memory: 1292.04 MB used, 1292.04 MB peak
[2017.03.09-02.31.07:954][261]LogMemory: Process Virtual Memory: 1734.09 MB used, 1801.07 MB peak
[2017.03.09-02.31.07:954][261]LogMemory: Physical Memory: 6642.99 MB used,  1461.28 MB free, 8104.27 MB total
[2017.03.09-02.31.07:954][261]LogMemory: Virtual Memory: 2549.43 MB used,  1461.28 MB free, 134217728.00 MB total
[2017.03.09-02.31.07:955][261]LogMemory: 
[2017.03.09-02.31.07:955][261]Allocator Stats for TBB: (not implemented)
[2017.03.09-02.31.08:301][261]LogStats: FPlatformStackWalk::StackWalkAndDump -  0.054 s
[2017.03.09-02.31.08:302][261]LogOutputDevice:Error: === Handled ensure: ===
[2017.03.09-02.31.08:302][261]LogOutputDevice:Error: 
[2017.03.09-02.31.08:302][261]LogOutputDevice:Error: Ensure condition failed: IsObjectValidForDatabase(AssetObject) [File:D:\Build\++UE4+Release-4.14+Compile\Sync\Engine\Source\Editor\BlueprintGraph\Private\BlueprintActionDatabase.cpp] [Line: 1263]
[2017.03.09-02.31.08:302][261]LogOutputDevice:Error: 
[2017.03.09-02.31.08:302][261]LogOutputDevice:Error: Stack: 
[2017.03.09-02.31.08:302][261]LogOutputDevice:Error: UE4Editor-Core.dll
[2017.03.09-02.31.08:302][261]LogOutputDevice:Error: UE4Editor-Core.dll
[2017.03.09-02.31.08:302][261]LogOutputDevice:Error: UE4Editor-Core.dll
[2017.03.09-02.31.08:302][261]LogOutputDevice:Error: UE4Editor-BlueprintGraph.dll
[2017.03.09-02.31.08:302][261]LogOutputDevice:Error: UE4Editor-BlueprintGraph.dll
[2017.03.09-02.31.08:302][261]LogOutputDevice:Error: UE4Editor-CoreUObject.dll
[2017.03.09-02.31.08:302][261]LogOutputDevice:Error: UE4Editor-CoreUObject.dll
[2017.03.09-02.31.08:302][261]LogOutputDevice:Error: UE4Editor-CoreUObject.dll
[2017.03.09-02.31.08:302][261]LogOutputDevice:Error: UE4Editor-CoreUObject.dll
[2017.03.09-02.31.08:302][261]LogOutputDevice:Error: UE4Editor-Engine.dll
[2017.03.09-02.31.08:302][261]LogOutputDevice:Error: UE4Editor-Engine.dll
[2017.03.09-02.31.08:302][261]LogOutputDevice:Error: UE4Editor-Engine.dll
[2017.03.09-02.31.08:302][261]LogOutputDevice:Error: UE4Editor-UnrealEd.dll
[2017.03.09-02.31.08:302][261]LogOutputDevice:Error: UE4Editor-UnrealEd.dll
[2017.03.09-02.31.08:302][261]LogOutputDevice:Error: UE4Editor.exe
[2017.03.09-02.31.08:302][261]LogOutputDevice:Error: UE4Editor.exe
[2017.03.09-02.31.08:302][261]LogOutputDevice:Error: UE4Editor.exe
[2017.03.09-02.31.08:302][261]LogOutputDevice:Error: UE4Editor.exe
[2017.03.09-02.31.08:302][261]LogOutputDevice:Error: UE4Editor.exe
[2017.03.09-02.31.08:302][261]LogOutputDevice:Error: KERNEL32.DLL
[2017.03.09-02.31.08:302][261]LogOutputDevice:Error: ntdll.dll
[2017.03.09-02.31.08:302][261]LogOutputDevice:Error: 
[2017.03.09-02.31.08:303][261]LogStats:                SubmitErrorReport -  0.000 s
