Log file open, 03/07/17 22:21:00
LogInit:Display: Running engine for game: Abyss
LogPlatformFile: Not using cached read wrapper
LogInit:Display: RandInit(-28621475) SRandInit(-28621475).
LogTaskGraph: Started task graph with 5 named threads and 8 total threads with 1 sets of task threads.
LogStats: Stats thread started at 0.084013
LogPluginManager: Loaded Plugin Paper2D, From D:/UE4/UE_4.14/Engine/Plugins/2D/Paper2D/Paper2D.uplugin
LogPluginManager: Loaded Plugin LightPropagationVolume, From D:/UE4/UE_4.14/Engine/Plugins/Blendables/LightPropagationVolume/LightPropagationVolume.uplugin
LogPluginManager: Loaded Plugin BlankPlugin, From D:/UE4/UE_4.14/Engine/Plugins/Developer/BlankPlugin/BlankPlugin.uplugin
LogPluginManager: Loaded Plugin CodeLiteSourceCodeAccess, From D:/UE4/UE_4.14/Engine/Plugins/Developer/CodeLiteSourceCodeAccess/CodeLiteSourceCodeAccess.uplugin
LogPluginManager: Loaded Plugin GitSourceControl, From D:/UE4/UE_4.14/Engine/Plugins/Developer/GitSourceControl/GitSourceControl.uplugin
LogPluginManager: Loaded Plugin KDevelopSourceCodeAccess, From D:/UE4/UE_4.14/Engine/Plugins/Developer/KDevelopSourceCodeAccess/KDevelopSourceCodeAccess.uplugin
LogPluginManager: Loaded Plugin NullSourceCodeAccess, From D:/UE4/UE_4.14/Engine/Plugins/Developer/NullSourceCodeAccess/NullSourceCodeAccess.uplugin
LogPluginManager: Loaded Plugin OneSkyLocalizationService, From D:/UE4/UE_4.14/Engine/Plugins/Developer/OneSkyLocalizationService/OneSkyLocalizationService.uplugin
LogPluginManager: Loaded Plugin PerforceSourceControl, From D:/UE4/UE_4.14/Engine/Plugins/Developer/PerforceSourceControl/PerforceSourceControl.uplugin
LogPluginManager: Loaded Plugin SubversionSourceControl, From D:/UE4/UE_4.14/Engine/Plugins/Developer/SubversionSourceControl/SubversionSourceControl.uplugin
LogPluginManager: Loaded Plugin UObjectPlugin, From D:/UE4/UE_4.14/Engine/Plugins/Developer/UObjectPlugin/UObjectPlugin.uplugin
LogPluginManager: Loaded Plugin VisualStudioSourceCodeAccess, From D:/UE4/UE_4.14/Engine/Plugins/Developer/VisualStudioSourceCodeAccess/VisualStudioSourceCodeAccess.uplugin
LogPluginManager: Loaded Plugin XCodeSourceCodeAccess, From D:/UE4/UE_4.14/Engine/Plugins/Developer/XCodeSourceCodeAccess/XCodeSourceCodeAccess.uplugin
LogPluginManager: Loaded Plugin AudioCapture, From D:/UE4/UE_4.14/Engine/Plugins/Editor/AudioCapture/AudioCapture.uplugin
LogPluginManager: Loaded Plugin EpicSurvey, From D:/UE4/UE_4.14/Engine/Plugins/Editor/EpicSurvey/EpicSurvey.uplugin
LogPluginManager: Loaded Plugin MacGraphicsSwitching, From D:/UE4/UE_4.14/Engine/Plugins/Editor/MacGraphicsSwitching/MacGraphicsSwitching.uplugin
LogPluginManager: Loaded Plugin MobileLauncherProfileWizard, From D:/UE4/UE_4.14/Engine/Plugins/Editor/MobileLauncherProfileWizard/MobileLauncherProfileWizard.uplugin
LogPluginManager: Loaded Plugin PluginBrowser, From D:/UE4/UE_4.14/Engine/Plugins/Editor/PluginBrowser/PluginBrowser.uplugin
LogPluginManager: Loaded Plugin SpeedTreeImporter, From D:/UE4/UE_4.14/Engine/Plugins/Editor/SpeedTreeImporter/SpeedTreeImporter.uplugin
LogPluginManager: Loaded Plugin SuperSearchEditor, From D:/UE4/UE_4.14/Engine/Plugins/Editor/SuperSearchEditor/SuperSearchEditor.uplugin
LogPluginManager: Loaded Plugin AlembicImporter, From D:/UE4/UE_4.14/Engine/Plugins/Experimental/AlembicImporter/AlembicImporter.uplugin
LogPluginManager: Loaded Plugin BlueprintStats, From D:/UE4/UE_4.14/Engine/Plugins/Experimental/BlueprintStats/BlueprintStats.uplugin
LogPluginManager: Loaded Plugin CharacterAI, From D:/UE4/UE_4.14/Engine/Plugins/Experimental/CharacterAI/CharacterAI.uplugin
LogPluginManager: Loaded Plugin CodeEditor, From D:/UE4/UE_4.14/Engine/Plugins/Experimental/CodeEditor/CodeEditor.uplugin
LogPluginManager: Loaded Plugin CodeView, From D:/UE4/UE_4.14/Engine/Plugins/Experimental/CodeView/CodeView.uplugin
LogPluginManager: Loaded Plugin HTML5Networking, From D:/UE4/UE_4.14/Engine/Plugins/Experimental/HTML5Networking/HTML5Networking.uplugin
LogPluginManager: Loaded Plugin OSVR, From D:/UE4/UE_4.14/Engine/Plugins/Experimental/OSVR/OSVR.uplugin
LogPluginManager: Loaded Plugin Phya, From D:/UE4/UE_4.14/Engine/Plugins/Experimental/Phya/Phya.uplugin
LogPluginManager: Loaded Plugin SignificanceManager, From D:/UE4/UE_4.14/Engine/Plugins/Experimental/SignificanceManager/SignificanceManager.uplugin
LogPluginManager: Loaded Plugin SimpleHMD, From D:/UE4/UE_4.14/Engine/Plugins/Experimental/SimpleHMD/SimpleHMD.uplugin
LogPluginManager: Loaded Plugin StereoPanorama, From D:/UE4/UE_4.14/Engine/Plugins/Experimental/StereoPanorama/StereoPanorama.uplugin
LogPluginManager: Loaded Plugin StructBox, From D:/UE4/UE_4.14/Engine/Plugins/Experimental/StructBox/StructBox.uplugin
LogPluginManager: Loaded Plugin HGGifImporter, From D:/UE4/UE_4.14/Engine/Plugins/Marketplace/HGGifImporter/HGGifImporter.uplugin
LogPluginManager: Loaded Plugin UnrealJS, From D:/UE4/UE_4.14/Engine/Plugins/Marketplace/UnrealJS/UnrealJS.uplugin
LogPluginManager: Loaded Plugin AndroidMedia, From D:/UE4/UE_4.14/Engine/Plugins/Media/AndroidMedia/AndroidMedia.uplugin
LogPluginManager: Loaded Plugin AvfMedia, From D:/UE4/UE_4.14/Engine/Plugins/Media/AvfMedia/AvfMedia.uplugin
LogPluginManager: Loaded Plugin MediaPlayerEditor, From D:/UE4/UE_4.14/Engine/Plugins/Media/MediaPlayerEditor/MediaPlayerEditor.uplugin
LogPluginManager: Loaded Plugin WmfMedia, From D:/UE4/UE_4.14/Engine/Plugins/Media/WmfMedia/WmfMedia.uplugin
LogPluginManager: Loaded Plugin MessagingDebugger, From D:/UE4/UE_4.14/Engine/Plugins/Messaging/MessagingDebugger/MessagingDebugger.uplugin
LogPluginManager: Loaded Plugin TcpMessaging, From D:/UE4/UE_4.14/Engine/Plugins/Messaging/TcpMessaging/TcpMessaging.uplugin
LogPluginManager: Loaded Plugin UdpMessaging, From D:/UE4/UE_4.14/Engine/Plugins/Messaging/UdpMessaging/UdpMessaging.uplugin
LogPluginManager: Loaded Plugin LevelSequenceEditor, From D:/UE4/UE_4.14/Engine/Plugins/MovieScene/LevelSequenceEditor/LevelSequenceEditor.uplugin
LogPluginManager: Loaded Plugin MatineeToLevelSequence, From D:/UE4/UE_4.14/Engine/Plugins/MovieScene/MatineeToLevelSequence/MatineeToLevelSequence.uplugin
LogPluginManager: Loaded Plugin NetcodeUnitTest, From D:/UE4/UE_4.14/Engine/Plugins/NetcodeUnitTest/NetcodeUnitTest/NetcodeUnitTest.uplugin
LogPluginManager: Loaded Plugin NUTUnrealEngine4, From D:/UE4/UE_4.14/Engine/Plugins/NetcodeUnitTest/NUTUnrealEngine4/NUTUnrealEngine4.uplugin
LogPluginManager: Loaded Plugin OnlineSubsystemGameCircle, From D:/UE4/UE_4.14/Engine/Plugins/Online/Android/OnlineSubsystemGameCircle/OnlineSubsystemGameCircle.uplugin
LogPluginManager: Loaded Plugin OnlineSubsystemGooglePlay, From D:/UE4/UE_4.14/Engine/Plugins/Online/Android/OnlineSubsystemGooglePlay/OnlineSubsystemGooglePlay.uplugin
LogPluginManager: Loaded Plugin OnlineSubsystemIOS, From D:/UE4/UE_4.14/Engine/Plugins/Online/IOS/OnlineSubsystemIOS/OnlineSubsystemIOS.uplugin
LogPluginManager: Loaded Plugin OnlineFramework, From D:/UE4/UE_4.14/Engine/Plugins/Online/OnlineFramework/OnlineFramework.uplugin
LogPluginManager: Loaded Plugin OnlineSubsystem, From D:/UE4/UE_4.14/Engine/Plugins/Online/OnlineSubsystem/OnlineSubsystem.uplugin
LogPluginManager: Loaded Plugin OnlineSubsystemAmazon, From D:/UE4/UE_4.14/Engine/Plugins/Online/OnlineSubsystemAmazon/OnlineSubsystemAmazon.uplugin
LogPluginManager: Loaded Plugin OnlineSubsystemFacebook, From D:/UE4/UE_4.14/Engine/Plugins/Online/OnlineSubsystemFacebook/OnlineSubsystemFacebook.uplugin
LogPluginManager: Loaded Plugin OnlineSubsystemNull, From D:/UE4/UE_4.14/Engine/Plugins/Online/OnlineSubsystemNull/OnlineSubsystemNull.uplugin
LogPluginManager: Loaded Plugin OnlineSubsystemOculus, From D:/UE4/UE_4.14/Engine/Plugins/Online/OnlineSubsystemOculus/OnlineSubsystemOculus.uplugin
LogPluginManager: Loaded Plugin OnlineSubsystemSteam, From D:/UE4/UE_4.14/Engine/Plugins/Online/OnlineSubsystemSteam/OnlineSubsystemSteam.uplugin
LogPluginManager: Loaded Plugin OnlineSubsystemUtils, From D:/UE4/UE_4.14/Engine/Plugins/Online/OnlineSubsystemUtils/OnlineSubsystemUtils.uplugin
LogPluginManager: Loaded Plugin IOSTapJoy, From D:/UE4/UE_4.14/Engine/Plugins/Runtime/Advertising/IOSTapJoy/IOSTapJoy.uplugin
LogPluginManager: Loaded Plugin AnalyticsBlueprintLibrary, From D:/UE4/UE_4.14/Engine/Plugins/Runtime/Analytics/AnalyticsBlueprintLibrary/AnalyticsBlueprintLibrary.uplugin
LogPluginManager: Loaded Plugin AnalyticsMulticast, From D:/UE4/UE_4.14/Engine/Plugins/Runtime/Analytics/AnalyticsMulticast/AnalyticsMulticast.uplugin
LogPluginManager: Loaded Plugin Apsalar, From D:/UE4/UE_4.14/Engine/Plugins/Runtime/Analytics/Apsalar/Apsalar.uplugin
LogPluginManager: Loaded Plugin FileLogging, From D:/UE4/UE_4.14/Engine/Plugins/Runtime/Analytics/FileLogging/FileLogging.uplugin
LogPluginManager: Loaded Plugin Flurry, From D:/UE4/UE_4.14/Engine/Plugins/Runtime/Analytics/Flurry/Flurry.uplugin
LogPluginManager: Loaded Plugin AndroidDeviceProfileSelector, From D:/UE4/UE_4.14/Engine/Plugins/Runtime/AndroidDeviceProfileSelector/AndroidDeviceProfileSelector.uplugin
LogPluginManager: Loaded Plugin AndroidMoviePlayer, From D:/UE4/UE_4.14/Engine/Plugins/Runtime/AndroidMoviePlayer/AndroidMoviePlayer.uplugin
LogPluginManager: Loaded Plugin AppleMoviePlayer, From D:/UE4/UE_4.14/Engine/Plugins/Runtime/AppleMoviePlayer/AppleMoviePlayer.uplugin
LogPluginManager: Loaded Plugin ArchVisCharacter, From D:/UE4/UE_4.14/Engine/Plugins/Runtime/ArchVisCharacter/ArchVisCharacter.uplugin
LogPluginManager: Loaded Plugin CableComponent, From D:/UE4/UE_4.14/Engine/Plugins/Runtime/CableComponent/CableComponent.uplugin
LogPluginManager: Loaded Plugin CustomMeshComponent, From D:/UE4/UE_4.14/Engine/Plugins/Runtime/CustomMeshComponent/CustomMeshComponent.uplugin
LogPluginManager: Loaded Plugin ExampleDeviceProfileSelector, From D:/UE4/UE_4.14/Engine/Plugins/Runtime/ExampleDeviceProfileSelector/ExampleDeviceProfileSelector.uplugin
LogPluginManager: Loaded Plugin GearVR, From D:/UE4/UE_4.14/Engine/Plugins/Runtime/GearVR/GearVR.uplugin
LogPluginManager: Loaded Plugin GoogleVRController, From D:/UE4/UE_4.14/Engine/Plugins/Runtime/GoogleVR/GoogleVRController/GoogleVRController.uplugin
LogPluginManager: Loaded Plugin GoogleVRHMD, From D:/UE4/UE_4.14/Engine/Plugins/Runtime/GoogleVR/GoogleVRHMD/GoogleVRHMD.uplugin
LogPluginManager: Loaded Plugin IOSDeviceProfileSelector, From D:/UE4/UE_4.14/Engine/Plugins/Runtime/IOSDeviceProfileSelector/IOSDeviceProfileSelector.uplugin
LogPluginManager: Loaded Plugin LeapMotion, From D:/UE4/UE_4.14/Engine/Plugins/Runtime/LeapMotion/LeapMotion.uplugin
LogPluginManager: Loaded Plugin LinuxDeviceProfileSelector, From D:/UE4/UE_4.14/Engine/Plugins/Runtime/LinuxDeviceProfileSelector/LinuxDeviceProfileSelector.uplugin
LogPluginManager: Loaded Plugin MIDIDevice, From D:/UE4/UE_4.14/Engine/Plugins/Runtime/MIDIDevice/MIDIDevice.uplugin
LogPluginManager: Loaded Plugin MobilePatchingUtils, From D:/UE4/UE_4.14/Engine/Plugins/Runtime/MobilePatchingUtils/MobilePatchingUtils.uplugin
LogPluginManager: Loaded Plugin Ansel, From D:/UE4/UE_4.14/Engine/Plugins/Runtime/Nvidia/Ansel/Ansel.uplugin
LogPluginManager: Loaded Plugin OculusAudio, From D:/UE4/UE_4.14/Engine/Plugins/Runtime/OculusAudio/OculusAudio.uplugin
LogPluginManager: Loaded Plugin OculusInput, From D:/UE4/UE_4.14/Engine/Plugins/Runtime/OculusInput/OculusInput.uplugin
LogPluginManager: Loaded Plugin OculusLibrary, From D:/UE4/UE_4.14/Engine/Plugins/Runtime/OculusLibrary/OculusLibrary.uplugin
LogPluginManager: Loaded Plugin OculusRift, From D:/UE4/UE_4.14/Engine/Plugins/Runtime/OculusRift/OculusRift.uplugin
LogPluginManager: Loaded Plugin Oodle, From D:/UE4/UE_4.14/Engine/Plugins/Runtime/PacketHandlers/CompressionComponents/Oodle/Oodle.uplugin
LogPluginManager: Loaded Plugin ProceduralMeshComponent, From D:/UE4/UE_4.14/Engine/Plugins/Runtime/ProceduralMeshComponent/ProceduralMeshComponent.uplugin
LogPluginManager: Loaded Plugin SoundMod, From D:/UE4/UE_4.14/Engine/Plugins/Runtime/SoundMod/SoundMod.uplugin
LogPluginManager: Loaded Plugin SoundVisualizations, From D:/UE4/UE_4.14/Engine/Plugins/Runtime/SoundVisualizations/SoundVisualizations.uplugin
LogPluginManager: Loaded Plugin SteamController, From D:/UE4/UE_4.14/Engine/Plugins/Runtime/Steam/SteamController/SteamController.uplugin
LogPluginManager: Loaded Plugin SteamVR, From D:/UE4/UE_4.14/Engine/Plugins/Runtime/Steam/SteamVR/SteamVR.uplugin
LogPluginManager: Loaded Plugin WebBrowserWidget, From D:/UE4/UE_4.14/Engine/Plugins/Runtime/WebBrowserWidget/WebBrowserWidget.uplugin
LogPluginManager: Loaded Plugin WindowsDeviceProfileSelector, From D:/UE4/UE_4.14/Engine/Plugins/Runtime/WindowsDeviceProfileSelector/WindowsDeviceProfileSelector.uplugin
LogPluginManager: Loaded Plugin WindowsMoviePlayer, From D:/UE4/UE_4.14/Engine/Plugins/Runtime/WindowsMoviePlayer/WindowsMoviePlayer.uplugin
LogPluginManager: Loaded Plugin ScriptPlugin, From D:/UE4/UE_4.14/Engine/Plugins/ScriptPlugin/ScriptPlugin.uplugin
LogPluginManager: Loaded Plugin SlateRemote, From D:/UE4/UE_4.14/Engine/Plugins/Slate/SlateRemote/SlateRemote.uplugin
LogPluginManager: Loaded Plugin EditorTests, From D:/UE4/UE_4.14/Engine/Plugins/Tests/EditorTests/EditorTests.uplugin
LogPluginManager: Loaded Plugin FbxAutomationTestBuilder, From D:/UE4/UE_4.14/Engine/Plugins/Tests/FbxAutomationTestBuilder/FbxAutomationTestBuilder.uplugin
LogPluginManager: Loaded Plugin FunctionalTestingEditor, From D:/UE4/UE_4.14/Engine/Plugins/Tests/FunctionalTestingEditor/FunctionalTestingEditor.uplugin
LogPluginManager: Loaded Plugin RuntimeTests, From D:/UE4/UE_4.14/Engine/Plugins/Tests/RuntimeTests/RuntimeTests.uplugin
LogPluginManager: Loaded Plugin ScreenshotTools, From D:/UE4/UE_4.14/Engine/Plugins/Tests/ScreenshotTools/ScreenshotTools.uplugin
LogInit: Using libcurl 7.47.1
LogInit:  - built for x86_64-pc-win32
LogInit:  - supports SSL with OpenSSL/1.0.2g
LogInit:  - supports HTTP deflate (compression) using libz 1.2.8
LogInit:  - other features:
LogInit:      CURL_VERSION_SSL
LogInit:      CURL_VERSION_LIBZ
LogInit:      CURL_VERSION_IPV6
LogInit:      CURL_VERSION_ASYNCHDNS
LogInit:      CURL_VERSION_LARGEFILE
LogInit:      CURL_VERSION_IDN
LogInit:  CurlRequestOptions (configurable via config and command line):
LogInit:  - bVerifyPeer = false  - Libcurl will NOT verify peer certificate
LogInit:  - bUseHttpProxy = false  - Libcurl will NOT use HTTP proxy
LogInit:  - bDontReuseConnections = false  - Libcurl will reuse connections
LogInit:  - CertBundlePath = nullptr  - Libcurl will use whatever was configured at build time.
LogInit: Build: ++UE4+Release-4.14-CL-3249277
LogInit: Engine Version: 4.14.3-3249277+++UE4+Release-4.14
LogInit: Compatible Engine Version: 4.14.0-3195953+++UE4+Release-4.14
LogInit: Net CL: 3195953
LogDevObjectVersion: Number of dev versions registered: 13
LogDevObjectVersion:   Dev-Blueprints (B0D832E4-1F89-4F0D-ACCF-7EB736FD4AA2): 7
LogDevObjectVersion:   Dev-Build (E1C64328-A22C-4D53-A36C-8E866417BD8C): 0
LogDevObjectVersion:   Dev-Core (375EC13C-06E4-48FB-B500-84F0262A717E): 1
LogDevObjectVersion:   Dev-Editor (E4B068ED-F494-42E9-A231-DA0B2E46BB41): 8
LogDevObjectVersion:   Dev-Framework (CFFC743F-43B0-4480-9391-14DF171D2073): 17
LogDevObjectVersion:   Dev-Mobile (B02B49B5-BB20-44E9-A304-32B752E40360): 0
LogDevObjectVersion:   Dev-Networking (A4E4105C-59A1-49B5-A7C5-40C4547EDFEE): 0
LogDevObjectVersion:   Dev-Online (39C831C9-5AE6-47DC-9A44-9C173E1C8E7C): 0
LogDevObjectVersion:   Dev-Physics (78F01B33-EBEA-4F98-B9B4-84EACCB95AA2): 0
LogDevObjectVersion:   Dev-Platform (6631380F-2D4D-43E0-8009-CF276956A95A): 0
LogDevObjectVersion:   Dev-Rendering (12F88B9F-8875-4AFC-A67C-D90C383ABD29): 12
LogDevObjectVersion:   Dev-Sequencer (7B5AE74C-D270-4C10-A958-57980B212A5A): 1
LogDevObjectVersion:   Dev-VR (D7296918-1DD6-4BDD-9DE2-64A83CC13884): 0
LogInit: Compiled (64-bit): Jan  6 2017 10:49:43
LogInit: Compiled with Visual C++: 19.00.23026.00
LogInit: Build Configuration: Development
LogInit: Branch Name: ++UE4+Release-4.14
LogInit: Command line:  
LogInit: Base directory: D:/UE4/UE_4.14/Engine/Binaries/Win64/
LogInit: Installed Engine Build: 1
LogInit: Presizing for max 8388607 objects, including 0 objects not considered by GC, pre-allocating 0 bytes for permanent pool.
LogInit: Object subsystem initialized
[2017.03.08-03.21.01:220][  0]LogInit: Selected Device Profile: [Windows]
[2017.03.08-03.21.01:220][  0]LogInit: Applying CVar settings loaded from the selected device profile: [Windows]
[2017.03.08-03.21.01:238][  0]LogInit: Computer: NATHAN-PC
[2017.03.08-03.21.01:238][  0]LogInit: User: nathan
[2017.03.08-03.21.01:238][  0]LogInit: CPU Page size=65536, Cores=4
[2017.03.08-03.21.01:238][  0]LogInit: High frequency timer resolution =3.897823 MHz
[2017.03.08-03.21.01:239][  0]LogMemory: Memory total: Physical=16.0GB (16GB approx)
[2017.03.08-03.21.01:239][  0]LogMemory: Platform Memory Stats for Windows
[2017.03.08-03.21.01:239][  0]LogMemory: Process Physical Memory: 266.76 MB used, 266.76 MB peak
[2017.03.08-03.21.01:239][  0]LogMemory: Process Virtual Memory: 262.72 MB used, 262.72 MB peak
[2017.03.08-03.21.01:239][  0]LogMemory: Physical Memory: 4450.75 MB used,  11890.94 MB free, 16341.69 MB total
[2017.03.08-03.21.01:239][  0]LogMemory: Virtual Memory: 675.18 MB used,  11890.94 MB free, 134217728.00 MB total
[2017.03.08-03.21.01:273][  0]LogTextLocalizationManager: No specific translations for ('en-US') exist, so ('en') translations will be used.
[2017.03.08-03.21.01:989][  0]LogD3D11RHI: D3D11 adapters:
[2017.03.08-03.21.02:473][  0]LogD3D11RHI:    0. 'NVIDIA GeForce GTX 960' (Feature Level 11_0)
[2017.03.08-03.21.02:473][  0]LogD3D11RHI:       4061/0/8170 MB DedicatedVideo/DedicatedSystem/SharedSystem, Outputs:1, VendorId:0x10de
[2017.03.08-03.21.02:475][  0]LogD3D11RHI:    1. 'Microsoft Basic Render Driver' (Feature Level 11_0)
[2017.03.08-03.21.02:475][  0]LogD3D11RHI:       0/0/8170 MB DedicatedVideo/DedicatedSystem/SharedSystem, Outputs:0, VendorId:0x1414
[2017.03.08-03.21.02:475][  0]LogD3D11RHI: Chosen D3D11 Adapter: 0
[2017.03.08-03.21.02:482][  0]LogD3D11RHI: Creating new Direct3DDevice
[2017.03.08-03.21.02:482][  0]LogD3D11RHI:     GPU DeviceId: 0x1401 (for the marketing name, search the web for "GPU Device Id")
[2017.03.08-03.21.02:482][  0]LogWindows: EnumDisplayDevices:
[2017.03.08-03.21.02:482][  0]LogWindows:    0. 'NVIDIA GeForce GTX 960' (P:1 D:1)
[2017.03.08-03.21.02:482][  0]LogWindows:    1. 'NVIDIA GeForce GTX 960' (P:0 D:0)
[2017.03.08-03.21.02:482][  0]LogWindows:    2. 'NVIDIA GeForce GTX 960' (P:0 D:0)
[2017.03.08-03.21.02:482][  0]LogWindows:    3. 'NVIDIA GeForce GTX 960' (P:0 D:0)
[2017.03.08-03.21.02:483][  0]LogWindows: DebugString: FoundDriverCount:4 
[2017.03.08-03.21.02:483][  0]LogD3D11RHI:     Adapter Name: NVIDIA GeForce GTX 960
[2017.03.08-03.21.02:483][  0]LogD3D11RHI:   Driver Version: 376.53 (internal:21.21.13.7653, unified:376.53)
[2017.03.08-03.21.02:483][  0]LogD3D11RHI:      Driver Date: 12-29-2016
[2017.03.08-03.21.02:483][  0]LogRHI: Texture pool is 1361 MB (70% of 1945 MB)
[2017.03.08-03.21.02:936][  0]LogD3D11RHI: Async texture creation enabled
[2017.03.08-03.21.02:985][  0]LogD3D11RHI: GPU Timing Frequency: 1000.000000 (Debug: 2 1)
[2017.03.08-03.21.02:985][  0]LogShaderCompilers: Guid format shader working directory is 13 characters bigger than the processId version (C:/Users/nathan/Desktop/Test/Abyss/Intermediate/Shaders/WorkingDirectory/8436/).
[2017.03.08-03.21.02:986][  0]LogShaderCompilers: Cleaned the shader compiler working directory 'C:/Users/nathan/AppData/Local/Temp/UnrealShaderWorkingDir/097CD531437F72058C9B069A2AA56454/'.
[2017.03.08-03.21.02:986][  0]LogShaderCompilers:Display: Using Local Shader Compiler.
[2017.03.08-03.21.04:283][  0]LogTemp:Display: Loaded TP AllDesktopTargetPlatform
[2017.03.08-03.21.04:339][  0]LogTemp:Display: Loaded TP MacClientTargetPlatform
[2017.03.08-03.21.04:395][  0]LogTemp:Display: Loaded TP MacNoEditorTargetPlatform
[2017.03.08-03.21.04:451][  0]LogTemp:Display: Loaded TP MacServerTargetPlatform
[2017.03.08-03.21.04:508][  0]LogTemp:Display: Loaded TP MacTargetPlatform
[2017.03.08-03.21.04:564][  0]LogTemp:Display: Loaded TP WindowsClientTargetPlatform
[2017.03.08-03.21.04:621][  0]LogTemp:Display: Loaded TP WindowsNoEditorTargetPlatform
[2017.03.08-03.21.04:678][  0]LogTemp:Display: Loaded TP WindowsServerTargetPlatform
[2017.03.08-03.21.04:721][  0]LogTemp:Display: Loaded TP WindowsTargetPlatform
[2017.03.08-03.21.04:777][  0]LogTemp:Display: Loaded TP AndroidTargetPlatform
[2017.03.08-03.21.04:832][  0]LogTemp:Display: Loaded TP Android_ASTCTargetPlatform
[2017.03.08-03.21.04:888][  0]LogTemp:Display: Loaded TP Android_ATCTargetPlatform
[2017.03.08-03.21.04:947][  0]LogTemp:Display: Loaded TP Android_DXTTargetPlatform
[2017.03.08-03.21.05:008][  0]LogTemp:Display: Loaded TP Android_ETC1TargetPlatform
[2017.03.08-03.21.05:065][  0]LogTemp:Display: Loaded TP Android_ETC2TargetPlatform
[2017.03.08-03.21.05:176][  0]LogTemp:Display: Loaded TP Android_MultiTargetPlatform
[2017.03.08-03.21.05:176][  0]LogTemp:Display: Loaded TP Android_PVRTCTargetPlatform
[2017.03.08-03.21.05:210][  0]LogTemp:Display: Loaded TP HTML5TargetPlatform
[2017.03.08-03.21.05:295][  0]LogTemp:Display: Loaded TP IOSTargetPlatform
[2017.03.08-03.21.05:334][  0]LogTemp:Display: Loaded TP TVOSTargetPlatform
[2017.03.08-03.21.05:389][  0]LogTemp:Display: Loaded TP LinuxClientTargetPlatform
[2017.03.08-03.21.05:444][  0]LogTemp:Display: Loaded TP LinuxNoEditorTargetPlatform
[2017.03.08-03.21.05:500][  0]LogTemp:Display: Loaded TP LinuxServerTargetPlatform
[2017.03.08-03.21.05:556][  0]LogTemp:Display: Loaded TP LinuxTargetPlatform
[2017.03.08-03.21.05:556][  0]LogTargetPlatformManager:Display: Building Assets For Windows
[2017.03.08-03.21.05:899][  0]LogDerivedDataCache:Display: Max Cache Size: 512 MB
[2017.03.08-03.21.05:996][  0]LogDerivedDataCache: Loaded boot cache 0.10s 50MB C:/Users/nathan/AppData/Local/UnrealEngine/4.14/DerivedDataCache/Boot.ddc.
[2017.03.08-03.21.05:996][  0]LogDerivedDataCache:Display: Loaded Boot cache: C:/Users/nathan/AppData/Local/UnrealEngine/4.14/DerivedDataCache/Boot.ddc
[2017.03.08-03.21.05:996][  0]LogDerivedDataCache: FDerivedDataBackendGraph:  Pak pak cache file C:/Users/nathan/Desktop/Test/Abyss/DerivedDataCache/DDC.ddp not found, will not use a pak cache.
[2017.03.08-03.21.05:996][  0]LogDerivedDataCache: Unable to find inner node Pak for hierarchical cache Hierarchy.
[2017.03.08-03.21.05:996][  0]LogDerivedDataCache: FDerivedDataBackendGraph:  CompressedPak pak cache file C:/Users/nathan/Desktop/Test/Abyss/DerivedDataCache/Compressed.ddp not found, will not use a pak cache.
[2017.03.08-03.21.05:996][  0]LogDerivedDataCache: Unable to find inner node CompressedPak for hierarchical cache Hierarchy.
[2017.03.08-03.21.06:017][  0]LogDerivedDataCache:Display: Pak cache opened for reading ../../../Engine/DerivedDataCache/Compressed.ddp.
[2017.03.08-03.21.06:029][  0]LogDerivedDataCache: Using Local data cache path C:/Users/nathan/AppData/Local/UnrealEngine/Common/DerivedDataCache: Writable
[2017.03.08-03.21.06:289][  0]LogInit: Selected Device Profile: [Windows]
[2017.03.08-03.21.06:293][  0]LogContentStreaming: Texture pool size is 0.00 MB
[2017.03.08-03.21.06:500][  0]LogMeshUtilities: Using QuadricMeshReduction for automatic static mesh reduction
[2017.03.08-03.21.06:540][  0]LogSimplygon: Simplygon DLL not present - disabling.
[2017.03.08-03.21.06:583][  0]LogMeshUtilities: Using SimplygonSwarm for distributed automatic mesh merging
[2017.03.08-03.21.06:583][  0]LogMeshUtilities: No automatic skeletal mesh reduction module available
[2017.03.08-03.21.06:583][  0]LogMeshUtilities: No automatic mesh merging module available
[2017.03.08-03.21.07:221][  0]LogNetVersion: GetLocalNetworkVersion: CL: 3195953, ProjectName: abyss, ProjectVersion: , EngineNetworkVersion: 2, GameNetworkVersion: 0, NetworkChecksum: 1595127573
[2017.03.08-03.21.07:275][  0]LogAssetRegistry: FAssetRegistry took 0.0218 seconds to start up
[2017.03.08-03.21.07:341][  0]LogPackageLocalizationCache: Processed 4 localized package path(s) for 2 prioritized culture(s) in 0.045109 seconds
[2017.03.08-03.21.07:348][  0]LogUObjectArray: 31890 objects as part of root set at end of initial load.
[2017.03.08-03.21.07:348][  0]LogUObjectAllocator: 6922376 out of 0 bytes used by permanent object pool.
[2017.03.08-03.21.07:348][  0]LogUObjectArray: CloseDisregardForGC: 0/0 objects in disregard for GC pool
[2017.03.08-03.21.07:399][  0]LogInit: WinSock: version 1.1 (2.2), MaxSocks=32767, MaxUdp=65467
[2017.03.08-03.21.08:060][  0]LogSlate: Using Freetype 2.6.0
[2017.03.08-03.21.08:060][  0]LogSlate: SlateFontCache - WITH_FREETYPE: 1, WITH_HARFBUZZ: 1
[2017.03.08-03.21.08:060][  0]LogSlate: SlateFontCache - WITH_FREETYPE: 1, WITH_HARFBUZZ: 1
[2017.03.08-03.21.08:951][  0]JavascriptCmd: Unreal.js started. V8 5.7.201
[2017.03.08-03.21.09:314][  0]LogMaterial: Uniform references updated for custom material expression Custom.
[2017.03.08-03.21.09:667][  0]SourceControl: Info Source control is disabled
[2017.03.08-03.21.09:826][  0]LogSourceControl:Error: 'C:/Users/nathan/Desktop/Test/Abyss/' is not part of a Git repository
[2017.03.08-03.21.10:030][  0]LogSourceControl:Error: 'C:/Users/nathan/Desktop/Test/Abyss/' is not part of a Git repository
[2017.03.08-03.21.10:223][  0]LogSourceControl:Error: 'C:/Users/nathan/Desktop/Test/Abyss/' is not part of a Git repository
[2017.03.08-03.21.11:798][  0]ImportText (YAxis): Missing opening parenthesis: 0.000000,1.000000,0.000000
[2017.03.08-03.21.11:798][  0]ImportText (ZAxis): Missing opening parenthesis: 0.000000,0.000000,1.000000
[2017.03.08-03.21.11:799][  0]ImportText (Rotation): Missing opening parenthesis: -90.000000,0.000000,0.000000
[2017.03.08-03.21.11:803][  0]ImportText (B): Missing opening parenthesis: 1.000000,1.000000,1.000000
[2017.03.08-03.21.12:426][  0]LogEngine: Initializing Engine...
[2017.03.08-03.21.12:700][  0]LogAIModule: Creating AISystem for world Untitled
[2017.03.08-03.21.12:715][  0]LogInit: XAudio2 using 'Speakers (Realtek High Definition Audio)' : 2 channels at 48 kHz using 32 bits per sample (channel mask 0x3)
[2017.03.08-03.21.12:734][  0]LogInit: FAudioDevice initialized.
[2017.03.08-03.21.12:781][  0]LogDerivedDataCache: Saved boot cache 0.05s 50MB C:/Users/nathan/AppData/Local/UnrealEngine/4.14/DerivedDataCache/Boot.ddc.
[2017.03.08-03.21.12:798][  0]LogInit: Texture streaming: Enabled
[2017.03.08-03.21.12:979][  0]LogInit: Transaction tracking system initialized
[2017.03.08-03.21.13:292][  0]BlueprintLog: New page: Editor Load
[2017.03.08-03.21.14:102][  0]LocalizationService: Info Localization service is disabled
[2017.03.08-03.21.14:431][  0]LogModuleManager:Warning: No filename provided for module TcpMessaging
[2017.03.08-03.21.14:431][  0]LogModuleManager:Warning: ModuleManager: Unable to load module 'TcpMessaging' because the file 'D:/UE4/UE_4.14/Engine/Binaries/Win64/' was not found.
[2017.03.08-03.21.14:713][  0]LogConsoleResponse:Display: 
[2017.03.08-03.21.14:860][  0]LogCook:Display: Max memory allowance for cook 16384mb min free memory 0mb
[2017.03.08-03.21.14:860][  0]LogCook:Display: Mobile HDR setting 1
[2017.03.08-03.21.15:051][  0]LogFileCache: Scanning file cache for directory 'C:/Users/nathan/Desktop/Test/Abyss/Content/' took 0.01s
[2017.03.08-03.21.15:730][  0]LogSourceControl:Error: 'C:/Users/nathan/Desktop/Test/Abyss/' is not part of a Git repository
[2017.03.08-03.21.15:730][  0]Cmd: MAP LOAD FILE="C:/Users/nathan/Desktop/Test/Abyss/Content/Maps-Levels/startMenu.umap" TEMPLATE=0 SHOWPROGRESS=1 FEATURELEVEL=3
[2017.03.08-03.21.15:736][  0]LightingResults: New page: Lighting Build
[2017.03.08-03.21.15:774][  0]MapCheck: New page: Map Check
[2017.03.08-03.21.15:774][  0]LightingResults: New page: Lighting Build
[2017.03.08-03.21.15:921][  0]LogAIModule: Creating AISystem for world startMenu
[2017.03.08-03.21.15:922][  0]LogEditorServer: Finished looking for orphan Actors (0.000 secs)
[2017.03.08-03.21.15:923][  0]Cmd: MAP CHECKDEP NOCLEARLOG
[2017.03.08-03.21.15:964][  0]MapCheck: Info Map check complete: 0 Error(s), 0 Warning(s), took 41.55ms to complete.
[2017.03.08-03.21.15:964][  0]LogFileHelpers: Loading map 'startMenu' took 0.234
[2017.03.08-03.21.16:058][  0]LogWindowsTextInputMethodSystem:Display: IME system now deactivated.
[2017.03.08-03.21.16:150][  0]LogCollectionManager: Loaded 0 collections in 0.001053 seconds
[2017.03.08-03.21.16:217][  0]LogFileCache: Scanning file cache for directory 'C:/Users/nathan/Desktop/Test/Abyss/Saved/Collections/' took 0.01s
[2017.03.08-03.21.16:217][  0]LogFileCache: Scanning file cache for directory 'C:/Users/nathan/Desktop/Test/Abyss/Content/Developers/nathan/Collections/' took 0.01s
[2017.03.08-03.21.16:217][  0]LogFileCache: Scanning file cache for directory 'C:/Users/nathan/Desktop/Test/Abyss/Content/Collections/' took 0.00s
[2017.03.08-03.21.16:217][  0]LogCollectionManager: Rebuilt the GUID cache for 0 collections in 0.000002 seconds
[2017.03.08-03.21.16:231][  0]LogContentBrowser: Native class hierarchy populated in 0.0134 seconds. Added 2245 classes and 411 folders.
[2017.03.08-03.21.16:269][  0]LogStats: UGameplayTagsManager::ConstructGameplayTagTree: Construct from data asset -  0.000 s
[2017.03.08-03.21.16:269][  0]LogStats: UGameplayTagsManager::ConstructGameplayTagTree: GameplayTagTreeChangedEvent.Broadcast -  0.000 s
[2017.03.08-03.21.16:269][  0]LogContentBrowser: Native class hierarchy updated for 'GameplayTags' in 0.0007 seconds. Added 13 classes and 0 folders.
[2017.03.08-03.21.16:325][  0]LogContentBrowser: Native class hierarchy updated for 'WidgetCarousel' in 0.0005 seconds. Added 0 classes and 0 folders.
[2017.03.08-03.21.16:371][  0]LogContentBrowser: Native class hierarchy updated for 'AddContentDialog' in 0.0006 seconds. Added 0 classes and 0 folders.
[2017.03.08-03.21.16:411][  0]LogContentBrowser: Native class hierarchy updated for 'SceneOutliner' in 0.0006 seconds. Added 1 classes and 2 folders.
[2017.03.08-03.21.16:497][  0]LogCrashTracker: Crashtracker disabled due to settings.
[2017.03.08-03.21.16:510][  0]LogUObjectGlobals:Warning: Failed to find object 'Class None.'
[2017.03.08-03.21.16:571][  0]LogContentBrowser: Native class hierarchy updated for 'HierarchicalLODOutliner' in 0.0009 seconds. Added 1 classes and 2 folders.
[2017.03.08-03.21.16:571][  0]LogLoad: (Engine Initialization) Total time: 16.89 seconds
[2017.03.08-03.21.16:571][  0]LogLoad: (Engine Initialization) Total Blueprint compile time: 0.07 seconds
[2017.03.08-03.21.16:572][  0]LogExternalProfiler: Found external profiler: VSPerf
[2017.03.08-03.21.16:572][  0]LogExternalProfiler: Using external profiler: VSPerf
[2017.03.08-03.21.16:626][  0]LogContentStreaming: Texture pool size now 1000 MB
[2017.03.08-03.21.16:787][  0]LogRenderer: Reallocating scene render targets to support 1036x476 NumSamples 1 (Frame:2).
[2017.03.08-03.21.16:866][  1]LogFileCache: Retrieving MD5 hashes for directory 'C:/Users/nathan/Desktop/Test/Abyss/Content/' took 0.27s
[2017.03.08-03.21.16:882][  1]LogAssetRegistry: Asset discovery search completed in 9.6289 seconds
[2017.03.08-03.21.16:882][  1]LogCollectionManager: Rebuilt the object cache for 0 collections in 0.000001 seconds (found 0 objects)
[2017.03.08-03.21.16:882][  1]LogCollectionManager: Fixed up redirectors for 0 collections in 0.000020 seconds (updated 0 objects)
[2017.03.08-03.21.17:934][ 82]LogBlueprint:Warning: [Compiler BattleHUD] Warning 'Item' is already a 'BS Enemy', you don't need  K2Node_DynamicCast_346 .
[2017.03.08-03.21.17:934][ 82]LogBlueprint:Warning: [Compiler BattleHUD] Warning 'Item' is already a 'BS Player', you don't need  K2Node_DynamicCast_148 .
[2017.03.08-03.21.17:978][ 82]LogBlueprint:Warning: [Compiler BattleHUD] Warning [0018.29] Compile of BattleHUD successful, but with 2 Warning(s) [in 59 ms] (/Game/UMG/BattleHUD.BattleHUD)
[2017.03.08-03.21.17:979][ 82]LogBlueprint:Warning: [Compiler BattleHUD] Warning [0018.29] Compile of BattleHUD successful, but with 3 Warning(s) [in 0 ms] (/Game/UMG/BattleHUD.BattleHUD)
[2017.03.08-03.21.17:979][ 82]LogBlueprint:Warning: [Compiler BattleHUD] Warning [0018.29] Compile of BattleHUD successful, but with 4 Warning(s) [in 0 ms] (/Game/UMG/BattleHUD.BattleHUD)
[2017.03.08-03.21.18:032][ 82]LogBlueprint:Warning: [Compiler BattleHUD] Warning 'Item' is already a 'BS Enemy', you don't need  K2Node_DynamicCast_346 .
[2017.03.08-03.21.18:032][ 82]LogBlueprint:Warning: [Compiler BattleHUD] Warning 'Item' is already a 'BS Player', you don't need  K2Node_DynamicCast_148 .
[2017.03.08-03.21.18:076][ 82]LogBlueprint:Warning: [Compiler BattleHUD] Warning [0018.39] Compile of BattleHUD successful, but with 2 Warning(s) [in 58 ms] (/Game/UMG/BattleHUD.BattleHUD)
[2017.03.08-03.21.18:076][ 82]LogBlueprint:Warning: [Compiler BattleHUD] Warning [0018.39] Compile of BattleHUD successful, but with 3 Warning(s) [in 0 ms] (/Game/UMG/BattleHUD.BattleHUD)
[2017.03.08-03.21.18:076][ 82]LogBlueprint:Warning: [Compiler BattleHUD] Warning [0018.39] Compile of BattleHUD successful, but with 4 Warning(s) [in 0 ms] (/Game/UMG/BattleHUD.BattleHUD)
[2017.03.08-03.21.18:955][ 82]LogContentBrowser: Native class hierarchy updated for 'BlueprintGraph' in 0.0012 seconds. Added 111 classes and 0 folders.
[2017.03.08-03.21.31:759][ 68]LogTemp: Repeting last play command: Selected Viewport
[2017.03.08-03.21.31:805][ 68]LogBlueprintUserMessages: Early PlayInEditor Detection: Level '/Game/Maps-Levels/startMenu.startMenu:PersistentLevel' has LevelScriptBlueprint '/Game/Maps-Levels/startMenu.startMenu:PersistentLevel.startMenu' with GeneratedClass '/Game/Maps-Levels/startMenu.startMenu_C' with ClassGeneratedBy '/Game/Maps-Levels/startMenu.startMenu:PersistentLevel.startMenu'
[2017.03.08-03.21.31:805][ 68]LogPlayLevel: PlayLevel: No blueprints needed recompiling
[2017.03.08-03.21.31:828][ 68]PIE: New page: PIE session: startMenu (Mar 7, 2017, 5:21:31 PM)
[2017.03.08-03.21.31:829][ 68]LogPlayLevel: Creating play world package: /Game/Maps-Levels/UEDPIE_0_startMenu
[2017.03.08-03.21.31:830][ 68]LogPlayLevel: PIE: StaticDuplicateObject took: (0.001367s)
[2017.03.08-03.21.31:839][ 68]LogAIModule: Creating AISystem for world startMenu
[2017.03.08-03.21.31:840][ 68]LogPlayLevel: PIE: World Init took: (0.009359s)
[2017.03.08-03.21.31:848][ 68]LogPlayLevel: PIE: Created PIE world by copying editor world from /Game/Maps-Levels/startMenu.startMenu to /Game/Maps-Levels/UEDPIE_0_startMenu.startMenu (0.018829s)
[2017.03.08-03.21.31:902][ 68]LogInit: XAudio2 using 'Speakers (Realtek High Definition Audio)' : 2 channels at 48 kHz using 32 bits per sample (channel mask 0x3)
[2017.03.08-03.21.31:917][ 68]LogInit: FAudioDevice initialized.
[2017.03.08-03.21.32:610][ 68]LogBlueprint:Warning: [playerSettings] 'maxVolume' variable not found. Base class was probably changed.
[2017.03.08-03.21.32:610][ 68]LogBlueprint:Warning: [playerSettings] 'maxFootstepVolume' variable not found. Base class was probably changed.
[2017.03.08-03.21.32:611][ 68]LogBlueprint:Warning: [playerSettings] 'maxLightIntensity' variable not found. Base class was probably changed.
[2017.03.08-03.21.32:612][ 68]LogBlueprint:Warning: [playerSettings] 'maxLightIntensity' variable not found. Base class was probably changed.
[2017.03.08-03.21.32:612][ 68]LogBlueprint:Warning: [playerSettings] 'maxBrightness' variable not found. Base class was probably changed.
[2017.03.08-03.21.32:612][ 68]LogBlueprint:Warning: [playerSettings] 'maxVolume' variable not found. Base class was probably changed.
[2017.03.08-03.21.32:612][ 68]LogBlueprint:Warning: [playerSettings] 'maxFootstepVolume' variable not found. Base class was probably changed.
[2017.03.08-03.21.32:612][ 68]LogBlueprint:Warning: [playerSettings] 'maxIntensity' variable not found. Base class was probably changed.
[2017.03.08-03.21.32:612][ 68]LogBlueprint:Warning: [playerSettings] 'maxVolume' variable not found. Base class was probably changed.
[2017.03.08-03.21.32:628][ 68]LogBlueprint:Warning: [Compiler playerSettings] Warning Could not find a variable named "maxVolume" in 'LightableTorch_C'.
Make sure 'LightableTorch_C' has been compiled for  K2Node_VariableGet_254
[2017.03.08-03.21.32:628][ 68]LogBlueprint:Warning: [Compiler playerSettings] Warning Could not find a variable named "maxIntensity" in 'LightableTorch_C'.
Make sure 'LightableTorch_C' has been compiled for  K2Node_VariableGet_661
[2017.03.08-03.21.32:628][ 68]LogBlueprint:Warning: [Compiler playerSettings] Warning Could not find a variable named "maxVolume" in 'checkPoint_C'.
Make sure 'checkPoint_C' has been compiled for  K2Node_VariableGet_299
[2017.03.08-03.21.32:628][ 68]LogBlueprint:Warning: [Compiler playerSettings] Warning Could not find a variable named "maxBrightness" in 'checkPoint_C'.
Make sure 'checkPoint_C' has been compiled for  K2Node_VariableGet_122
[2017.03.08-03.21.32:628][ 68]LogBlueprint:Warning: [Compiler playerSettings] Warning Could not find a variable named "maxLightIntensity" in 'Exploration_Hero_C'.
Make sure 'Exploration_Hero_C' has been compiled for  K2Node_VariableGet_171
[2017.03.08-03.21.32:629][ 68]LogBlueprint:Warning: [Compiler playerSettings] Warning Could not find a variable named "maxFootstepVolume" in 'Exploration_Hero_C'.
Make sure 'Exploration_Hero_C' has been compiled for  K2Node_VariableGet_169
[2017.03.08-03.21.32:630][ 68]LogBlueprint:Warning: [Compiler playerSettings] Warning Could not find a variable named "maxFootstepVolume" in 'Exploration_Hero_C'.
Make sure 'Exploration_Hero_C' has been compiled for  K2Node_VariableGet_170
[2017.03.08-03.21.32:631][ 68]LogBlueprint:Warning: [Compiler playerSettings] Warning Could not find a variable named "maxLightIntensity" in 'Exploration_Hero_C'.
Make sure 'Exploration_Hero_C' has been compiled for  K2Node_VariableGet_113
[2017.03.08-03.21.32:631][ 68]LogBlueprint:Warning: [Compiler playerSettings] Warning Could not find a variable named "maxVolume" in 'checkPoint_C'.
Make sure 'checkPoint_C' has been compiled for  K2Node_VariableGet_352
[2017.03.08-03.21.32:632][ 68]LogBlueprint:Error: [Compiler playerSettings] Error The property associated with  maxFootstepVolume  could not be found
[2017.03.08-03.21.32:632][ 68]LogBlueprint:Error: [Compiler playerSettings] Error The property associated with  maxLightIntensity  could not be found
[2017.03.08-03.21.32:632][ 68]LogBlueprint:Error: [Compiler playerSettings] Error The property associated with  maxBrightness  could not be found
[2017.03.08-03.21.32:633][ 68]LogBlueprint:Error: [Compiler playerSettings] Error The property associated with  maxIntensity  could not be found
[2017.03.08-03.21.32:633][ 68]LogBlueprint:Error: [Compiler playerSettings] Error The property associated with  maxVolume  could not be found
[2017.03.08-03.21.32:633][ 68]LogBlueprint:Error: [Compiler playerSettings] Error The property associated with  maxVolume  could not be found
[2017.03.08-03.21.32:635][ 68]LogBlueprint:Error: [Compiler playerSettings] Error The property associated with  maxFootstepVolume  could not be found
[2017.03.08-03.21.32:635][ 68]LogBlueprint:Error: [Compiler playerSettings] Error The property associated with  maxLightIntensity  could not be found
[2017.03.08-03.21.32:635][ 68]LogBlueprint:Error: [Compiler playerSettings] Error The property associated with  maxVolume  could not be found
[2017.03.08-03.21.32:650][ 68]LogBlueprint:Warning: [Compiler playerSettings] Warning [0032.97] Compile of playerSettings failed. 9 Fatal Issue(s) 9 Warning(s) [in 35 ms] (/Game/UMG/playerSettings.playerSettings)
[2017.03.08-03.21.32:651][ 68]LogBlueprint:Warning: [Compiler playerSettings] Warning [0032.97] Compile of playerSettings failed. 9 Fatal Issue(s) 10 Warning(s) [in 0 ms] (/Game/UMG/playerSettings.playerSettings)
[2017.03.08-03.21.32:651][ 68]LogBlueprint:Warning: [Compiler playerSettings] Warning [0032.97] Compile of playerSettings failed. 9 Fatal Issue(s) 11 Warning(s) [in 0 ms] (/Game/UMG/playerSettings.playerSettings)
[2017.03.08-03.21.32:802][ 68]LogBlueprint:Warning: [playerSettings] 'maxFootstepVolume' variable not found. Base class was probably changed.
[2017.03.08-03.21.32:802][ 68]LogBlueprint:Warning: [playerSettings] 'maxLightIntensity' variable not found. Base class was probably changed.
[2017.03.08-03.21.32:802][ 68]LogBlueprint:Warning: [playerSettings] 'maxVolume' variable not found. Base class was probably changed.
[2017.03.08-03.21.32:803][ 68]LogBlueprint:Warning: [playerSettings] 'maxFootstepVolume' variable not found. Base class was probably changed.
[2017.03.08-03.21.32:803][ 68]LogBlueprint:Warning: [playerSettings] 'maxLightIntensity' variable not found. Base class was probably changed.
[2017.03.08-03.21.32:804][ 68]LogBlueprint:Warning: [playerSettings] 'maxBrightness' variable not found. Base class was probably changed.
[2017.03.08-03.21.32:804][ 68]LogBlueprint:Warning: [playerSettings] 'maxVolume' variable not found. Base class was probably changed.
[2017.03.08-03.21.32:804][ 68]LogBlueprint:Warning: [playerSettings] 'maxIntensity' variable not found. Base class was probably changed.
[2017.03.08-03.21.32:804][ 68]LogBlueprint:Warning: [playerSettings] 'maxVolume' variable not found. Base class was probably changed.
[2017.03.08-03.21.33:308][ 68]LogLoad: Game class is 'abyssGameMode_C'
[2017.03.08-03.21.33:311][ 68]LogWorld: Bringing World /Game/Maps-Levels/UEDPIE_0_startMenu.startMenu up for play (max tick rate 0) at 2017.03.07-22.21.33
[2017.03.08-03.21.33:311][ 68]LogWorld: Bringing up level for play took: 0.000904
[2017.03.08-03.21.33:476][ 68]LogContentBrowser: Native class hierarchy updated for 'MovieSceneCapture' in 0.0007 seconds. Added 11 classes and 0 folders.
[2017.03.08-03.21.33:540][ 68]PIE: Info Play in editor start time for /Game/Maps-Levels/UEDPIE_0_startMenu 1.471
[2017.03.08-03.21.33:541][ 68]LogBlueprintUserMessages: Late PlayInEditor Detection: Level '/Game/Maps-Levels/startMenu.startMenu:PersistentLevel' has LevelScriptBlueprint '/Game/Maps-Levels/startMenu.startMenu:PersistentLevel.startMenu' with GeneratedClass '/Game/Maps-Levels/startMenu.startMenu_C' with ClassGeneratedBy '/Game/Maps-Levels/startMenu.startMenu:PersistentLevel.startMenu'
[2017.03.08-03.21.34:598][162]LogNet: Browse: /Game/Maps-Levels/Fort/Fort_Exploration
[2017.03.08-03.21.34:598][162]LogLoad: LoadMap: /Game/Maps-Levels/Fort/Fort_Exploration
[2017.03.08-03.21.34:646][162]Cmd: MEM
[2017.03.08-03.21.34:706][162]LogMemory: Platform Memory Stats for Windows
[2017.03.08-03.21.34:706][162]LogMemory: Process Physical Memory: 1242.62 MB used, 1259.30 MB peak
[2017.03.08-03.21.34:706][162]LogMemory: Process Virtual Memory: 1449.77 MB used, 1449.77 MB peak
[2017.03.08-03.21.34:706][162]LogMemory: Physical Memory: 5419.63 MB used,  10922.06 MB free, 16341.69 MB total
[2017.03.08-03.21.34:706][162]LogMemory: Virtual Memory: 2855.70 MB used,  10922.06 MB free, 134217728.00 MB total
[2017.03.08-03.21.34:706][162]LogMemory: 
[2017.03.08-03.21.34:706][162]Allocator Stats for TBB: (not implemented)
[2017.03.08-03.21.35:318][162]LogAIModule: Creating AISystem for world Fort_Exploration
[2017.03.08-03.21.35:318][162]LogLoad: Game class is 'abyssExplorationMode_C'
[2017.03.08-03.21.35:326][162]LogWorld: Bringing World /Game/Maps-Levels/Fort/UEDPIE_0_Fort_Exploration.Fort_Exploration up for play (max tick rate 0) at 2017.03.07-22.21.35
[2017.03.08-03.21.35:339][162]LogWorld: Bringing up level for play took: 0.017535
[2017.03.08-03.21.35:342][162]LogLoad: Took 0.743939 seconds to LoadMap(/Game/Maps-Levels/Fort/Fort_Exploration)
[2017.03.08-03.21.37:419][399]LogBlueprintUserMessages: Early EndPlayMap Detection: Level '/Game/Maps-Levels/startMenu.startMenu:PersistentLevel' has LevelScriptBlueprint '/Game/Maps-Levels/startMenu.startMenu:PersistentLevel.startMenu' with GeneratedClass '/Game/Maps-Levels/startMenu.startMenu_C' with ClassGeneratedBy '/Game/Maps-Levels/startMenu.startMenu:PersistentLevel.startMenu'
[2017.03.08-03.21.37:513][399]LogBlueprintUserMessages: Late EndPlayMap Detection: Level '/Game/Maps-Levels/startMenu.startMenu:PersistentLevel' has LevelScriptBlueprint '/Game/Maps-Levels/startMenu.startMenu:PersistentLevel.startMenu' with GeneratedClass '/Game/Maps-Levels/startMenu.startMenu_C' with ClassGeneratedBy '/Game/Maps-Levels/startMenu.startMenu:PersistentLevel.startMenu'
[2017.03.08-03.22.31:162][861]LogAIModule: Creating AISystem for world Fort_Exploration
[2017.03.08-03.22.35:728][124]LogTemp: Repeting last play command: Selected Viewport
[2017.03.08-03.22.35:764][124]LogBlueprintUserMessages: Early PlayInEditor Detection: Level '/Game/Maps-Levels/startMenu.startMenu:PersistentLevel' has LevelScriptBlueprint '/Game/Maps-Levels/startMenu.startMenu:PersistentLevel.startMenu' with GeneratedClass '/Game/Maps-Levels/startMenu.startMenu_C' with ClassGeneratedBy '/Game/Maps-Levels/startMenu.startMenu:PersistentLevel.startMenu'
[2017.03.08-03.22.35:764][124]LogPlayLevel: PlayLevel: No blueprints needed recompiling
[2017.03.08-03.22.37:118][124]PIE: New page: PIE session: startMenu (Mar 7, 2017, 5:22:37 PM)
[2017.03.08-03.22.37:119][124]LogPlayLevel: Creating play world package: /Game/Maps-Levels/UEDPIE_0_startMenu
[2017.03.08-03.22.37:120][124]LogPlayLevel: PIE: StaticDuplicateObject took: (0.001381s)
[2017.03.08-03.22.37:121][124]LogAIModule: Creating AISystem for world startMenu
[2017.03.08-03.22.37:121][124]LogPlayLevel: PIE: World Init took: (0.000853s)
[2017.03.08-03.22.37:121][124]LogPlayLevel: PIE: Created PIE world by copying editor world from /Game/Maps-Levels/startMenu.startMenu to /Game/Maps-Levels/UEDPIE_0_startMenu.startMenu (0.002506s)
[2017.03.08-03.22.37:157][124]LogInit: XAudio2 using 'Speakers (Realtek High Definition Audio)' : 2 channels at 48 kHz using 32 bits per sample (channel mask 0x3)
[2017.03.08-03.22.37:172][124]LogInit: FAudioDevice initialized.
[2017.03.08-03.22.37:210][124]LogLoad: Game class is 'abyssGameMode_C'
[2017.03.08-03.22.37:213][124]LogWorld: Bringing World /Game/Maps-Levels/UEDPIE_0_startMenu.startMenu up for play (max tick rate 0) at 2017.03.07-22.22.37
[2017.03.08-03.22.37:214][124]LogWorld: Bringing up level for play took: 0.000780
[2017.03.08-03.22.37:217][124]PIE: Info Play in editor start time for /Game/Maps-Levels/UEDPIE_0_startMenu 1.148
[2017.03.08-03.22.37:217][124]LogBlueprintUserMessages: Late PlayInEditor Detection: Level '/Game/Maps-Levels/startMenu.startMenu:PersistentLevel' has LevelScriptBlueprint '/Game/Maps-Levels/startMenu.startMenu:PersistentLevel.startMenu' with GeneratedClass '/Game/Maps-Levels/startMenu.startMenu_C' with ClassGeneratedBy '/Game/Maps-Levels/startMenu.startMenu:PersistentLevel.startMenu'
[2017.03.08-03.22.39:194][359]LogNet: Browse: /Game/Maps-Levels/Fort/Fort_Exploration
[2017.03.08-03.22.39:194][359]LogLoad: LoadMap: /Game/Maps-Levels/Fort/Fort_Exploration
[2017.03.08-03.22.39:312][359]Cmd: MEM
[2017.03.08-03.22.39:343][359]LogMemory: Platform Memory Stats for Windows
[2017.03.08-03.22.39:343][359]LogMemory: Process Physical Memory: 1279.80 MB used, 1325.34 MB peak
[2017.03.08-03.22.39:343][359]LogMemory: Process Virtual Memory: 1445.22 MB used, 1528.52 MB peak
[2017.03.08-03.22.39:343][359]LogMemory: Physical Memory: 5419.34 MB used,  10922.35 MB free, 16341.69 MB total
[2017.03.08-03.22.39:343][359]LogMemory: Virtual Memory: 2847.20 MB used,  10922.35 MB free, 134217728.00 MB total
[2017.03.08-03.22.39:343][359]LogMemory: 
[2017.03.08-03.22.39:343][359]Allocator Stats for TBB: (not implemented)
[2017.03.08-03.22.39:380][359]LogAIModule: Creating AISystem for world Fort_Exploration
[2017.03.08-03.22.39:380][359]LogLoad: Game class is 'abyssExplorationMode_C'
[2017.03.08-03.22.39:387][359]LogWorld: Bringing World /Game/Maps-Levels/Fort/UEDPIE_0_Fort_Exploration.Fort_Exploration up for play (max tick rate 0) at 2017.03.07-22.22.39
[2017.03.08-03.22.39:388][359]LogWorld: Bringing up level for play took: 0.005473
[2017.03.08-03.22.39:391][359]LogLoad: Took 0.197385 seconds to LoadMap(/Game/Maps-Levels/Fort/Fort_Exploration)
[2017.03.08-03.22.42:802][765]LogNet: Browse: /Game/Maps-Levels/Fort_Battle
[2017.03.08-03.22.42:802][765]LogLoad: LoadMap: /Game/Maps-Levels/Fort_Battle
[2017.03.08-03.22.42:839][765]Cmd: MEM
[2017.03.08-03.22.42:868][765]LogMemory: Platform Memory Stats for Windows
[2017.03.08-03.22.42:868][765]LogMemory: Process Physical Memory: 1279.85 MB used, 1325.34 MB peak
[2017.03.08-03.22.42:868][765]LogMemory: Process Virtual Memory: 1457.00 MB used, 1528.52 MB peak
[2017.03.08-03.22.42:868][765]LogMemory: Physical Memory: 5416.57 MB used,  10925.12 MB free, 16341.69 MB total
[2017.03.08-03.22.42:868][765]LogMemory: Virtual Memory: 2891.20 MB used,  10925.12 MB free, 134217728.00 MB total
[2017.03.08-03.22.42:868][765]LogMemory: 
[2017.03.08-03.22.42:868][765]Allocator Stats for TBB: (not implemented)
[2017.03.08-03.22.43:356][765]LogStats: FPlatformStackWalk::StackWalkAndDump -  0.017 s
[2017.03.08-03.22.43:356][765]LogOutputDevice:Error: === Handled ensure: ===
[2017.03.08-03.22.43:356][765]LogOutputDevice:Error: 
[2017.03.08-03.22.43:356][765]LogOutputDevice:Error: Ensure condition failed: IsObjectValidForDatabase(AssetObject) [File:D:\Build\++UE4+Release-4.14+Compile\Sync\Engine\Source\Editor\BlueprintGraph\Private\BlueprintActionDatabase.cpp] [Line: 1263]
[2017.03.08-03.22.43:356][765]LogOutputDevice:Error: 
[2017.03.08-03.22.43:356][765]LogOutputDevice:Error: Stack: 
[2017.03.08-03.22.43:356][765]LogOutputDevice:Error: UE4Editor-Core.dll
[2017.03.08-03.22.43:356][765]LogOutputDevice:Error: UE4Editor-Core.dll
[2017.03.08-03.22.43:356][765]LogOutputDevice:Error: UE4Editor-Core.dll
[2017.03.08-03.22.43:356][765]LogOutputDevice:Error: UE4Editor-BlueprintGraph.dll
[2017.03.08-03.22.43:356][765]LogOutputDevice:Error: UE4Editor-BlueprintGraph.dll
[2017.03.08-03.22.43:356][765]LogOutputDevice:Error: UE4Editor-CoreUObject.dll
[2017.03.08-03.22.43:356][765]LogOutputDevice:Error: UE4Editor-CoreUObject.dll
[2017.03.08-03.22.43:356][765]LogOutputDevice:Error: UE4Editor-CoreUObject.dll
[2017.03.08-03.22.43:356][765]LogOutputDevice:Error: UE4Editor-CoreUObject.dll
[2017.03.08-03.22.43:356][765]LogOutputDevice:Error: UE4Editor-Engine.dll
[2017.03.08-03.22.43:356][765]LogOutputDevice:Error: UE4Editor-Engine.dll
[2017.03.08-03.22.43:356][765]LogOutputDevice:Error: UE4Editor-Engine.dll
[2017.03.08-03.22.43:356][765]LogOutputDevice:Error: UE4Editor-UnrealEd.dll
[2017.03.08-03.22.43:356][765]LogOutputDevice:Error: UE4Editor-UnrealEd.dll
[2017.03.08-03.22.43:356][765]LogOutputDevice:Error: UE4Editor.exe
[2017.03.08-03.22.43:356][765]LogOutputDevice:Error: UE4Editor.exe
[2017.03.08-03.22.43:356][765]LogOutputDevice:Error: UE4Editor.exe
[2017.03.08-03.22.43:356][765]LogOutputDevice:Error: UE4Editor.exe
[2017.03.08-03.22.43:356][765]LogOutputDevice:Error: UE4Editor.exe
[2017.03.08-03.22.43:356][765]LogOutputDevice:Error: KERNEL32.DLL
[2017.03.08-03.22.43:356][765]LogOutputDevice:Error: ntdll.dll
[2017.03.08-03.22.43:356][765]LogOutputDevice:Error: 
[2017.03.08-03.22.43:364][765]LogStats:                SubmitErrorReport -  0.000 s
