Log file open, 03/06/17 23:06:18
LogInit:Display: Running engine for game: Abyss
LogPlatformFile: Not using cached read wrapper
LogInit:Display: RandInit(-1821670512) SRandInit(-1821670512).
LogTaskGraph: Started task graph with 5 named threads and 8 total threads with 1 sets of task threads.
LogStats: Stats thread started at 0.084839
LogPluginManager: Loaded Plugin Paper2D, From D:/UE4/UE_4.14/Engine/Plugins/2D/Paper2D/Paper2D.uplugin
LogPluginManager: Loaded Plugin LightPropagationVolume, From D:/UE4/UE_4.14/Engine/Plugins/Blendables/LightPropagationVolume/LightPropagationVolume.uplugin
LogPluginManager: Loaded Plugin BlankPlugin, From D:/UE4/UE_4.14/Engine/Plugins/Developer/BlankPlugin/BlankPlugin.uplugin
LogPluginManager: Loaded Plugin CodeLiteSourceCodeAccess, From D:/UE4/UE_4.14/Engine/Plugins/Developer/CodeLiteSourceCodeAccess/CodeLiteSourceCodeAccess.uplugin
LogPluginManager: Loaded Plugin GitSourceControl, From D:/UE4/UE_4.14/Engine/Plugins/Developer/GitSourceControl/GitSourceControl.uplugin
LogPluginManager: Loaded Plugin KDevelopSourceCodeAccess, From D:/UE4/UE_4.14/Engine/Plugins/Developer/KDevelopSourceCodeAccess/KDevelopSourceCodeAccess.uplugin
LogPluginManager: Loaded Plugin NullSourceCodeAccess, From D:/UE4/UE_4.14/Engine/Plugins/Developer/NullSourceCodeAccess/NullSourceCodeAccess.uplugin
LogPluginManager: Loaded Plugin OneSkyLocalizationService, From D:/UE4/UE_4.14/Engine/Plugins/Developer/OneSkyLocalizationService/OneSkyLocalizationService.uplugin
LogPluginManager: Loaded Plugin PerforceSourceControl, From D:/UE4/UE_4.14/Engine/Plugins/Developer/PerforceSourceControl/PerforceSourceControl.uplugin
LogPluginManager: Loaded Plugin SubversionSourceControl, From D:/UE4/UE_4.14/Engine/Plugins/Developer/SubversionSourceControl/SubversionSourceControl.uplugin
LogPluginManager: Loaded Plugin UObjectPlugin, From D:/UE4/UE_4.14/Engine/Plugins/Developer/UObjectPlugin/UObjectPlugin.uplugin
LogPluginManager: Loaded Plugin VisualStudioSourceCodeAccess, From D:/UE4/UE_4.14/Engine/Plugins/Developer/VisualStudioSourceCodeAccess/VisualStudioSourceCodeAccess.uplugin
LogPluginManager: Loaded Plugin XCodeSourceCodeAccess, From D:/UE4/UE_4.14/Engine/Plugins/Developer/XCodeSourceCodeAccess/XCodeSourceCodeAccess.uplugin
LogPluginManager: Loaded Plugin AudioCapture, From D:/UE4/UE_4.14/Engine/Plugins/Editor/AudioCapture/AudioCapture.uplugin
LogPluginManager: Loaded Plugin EpicSurvey, From D:/UE4/UE_4.14/Engine/Plugins/Editor/EpicSurvey/EpicSurvey.uplugin
LogPluginManager: Loaded Plugin MacGraphicsSwitching, From D:/UE4/UE_4.14/Engine/Plugins/Editor/MacGraphicsSwitching/MacGraphicsSwitching.uplugin
LogPluginManager: Loaded Plugin MobileLauncherProfileWizard, From D:/UE4/UE_4.14/Engine/Plugins/Editor/MobileLauncherProfileWizard/MobileLauncherProfileWizard.uplugin
LogPluginManager: Loaded Plugin PluginBrowser, From D:/UE4/UE_4.14/Engine/Plugins/Editor/PluginBrowser/PluginBrowser.uplugin
LogPluginManager: Loaded Plugin SpeedTreeImporter, From D:/UE4/UE_4.14/Engine/Plugins/Editor/SpeedTreeImporter/SpeedTreeImporter.uplugin
LogPluginManager: Loaded Plugin SuperSearchEditor, From D:/UE4/UE_4.14/Engine/Plugins/Editor/SuperSearchEditor/SuperSearchEditor.uplugin
LogPluginManager: Loaded Plugin AlembicImporter, From D:/UE4/UE_4.14/Engine/Plugins/Experimental/AlembicImporter/AlembicImporter.uplugin
LogPluginManager: Loaded Plugin BlueprintStats, From D:/UE4/UE_4.14/Engine/Plugins/Experimental/BlueprintStats/BlueprintStats.uplugin
LogPluginManager: Loaded Plugin CharacterAI, From D:/UE4/UE_4.14/Engine/Plugins/Experimental/CharacterAI/CharacterAI.uplugin
LogPluginManager: Loaded Plugin CodeEditor, From D:/UE4/UE_4.14/Engine/Plugins/Experimental/CodeEditor/CodeEditor.uplugin
LogPluginManager: Loaded Plugin CodeView, From D:/UE4/UE_4.14/Engine/Plugins/Experimental/CodeView/CodeView.uplugin
LogPluginManager: Loaded Plugin HTML5Networking, From D:/UE4/UE_4.14/Engine/Plugins/Experimental/HTML5Networking/HTML5Networking.uplugin
LogPluginManager: Loaded Plugin OSVR, From D:/UE4/UE_4.14/Engine/Plugins/Experimental/OSVR/OSVR.uplugin
LogPluginManager: Loaded Plugin Phya, From D:/UE4/UE_4.14/Engine/Plugins/Experimental/Phya/Phya.uplugin
LogPluginManager: Loaded Plugin SignificanceManager, From D:/UE4/UE_4.14/Engine/Plugins/Experimental/SignificanceManager/SignificanceManager.uplugin
LogPluginManager: Loaded Plugin SimpleHMD, From D:/UE4/UE_4.14/Engine/Plugins/Experimental/SimpleHMD/SimpleHMD.uplugin
LogPluginManager: Loaded Plugin StereoPanorama, From D:/UE4/UE_4.14/Engine/Plugins/Experimental/StereoPanorama/StereoPanorama.uplugin
LogPluginManager: Loaded Plugin StructBox, From D:/UE4/UE_4.14/Engine/Plugins/Experimental/StructBox/StructBox.uplugin
LogPluginManager: Loaded Plugin HGGifImporter, From D:/UE4/UE_4.14/Engine/Plugins/Marketplace/HGGifImporter/HGGifImporter.uplugin
LogPluginManager: Loaded Plugin UnrealJS, From D:/UE4/UE_4.14/Engine/Plugins/Marketplace/UnrealJS/UnrealJS.uplugin
LogPluginManager: Loaded Plugin AndroidMedia, From D:/UE4/UE_4.14/Engine/Plugins/Media/AndroidMedia/AndroidMedia.uplugin
LogPluginManager: Loaded Plugin AvfMedia, From D:/UE4/UE_4.14/Engine/Plugins/Media/AvfMedia/AvfMedia.uplugin
LogPluginManager: Loaded Plugin MediaPlayerEditor, From D:/UE4/UE_4.14/Engine/Plugins/Media/MediaPlayerEditor/MediaPlayerEditor.uplugin
LogPluginManager: Loaded Plugin WmfMedia, From D:/UE4/UE_4.14/Engine/Plugins/Media/WmfMedia/WmfMedia.uplugin
LogPluginManager: Loaded Plugin MessagingDebugger, From D:/UE4/UE_4.14/Engine/Plugins/Messaging/MessagingDebugger/MessagingDebugger.uplugin
LogPluginManager: Loaded Plugin TcpMessaging, From D:/UE4/UE_4.14/Engine/Plugins/Messaging/TcpMessaging/TcpMessaging.uplugin
LogPluginManager: Loaded Plugin UdpMessaging, From D:/UE4/UE_4.14/Engine/Plugins/Messaging/UdpMessaging/UdpMessaging.uplugin
LogPluginManager: Loaded Plugin LevelSequenceEditor, From D:/UE4/UE_4.14/Engine/Plugins/MovieScene/LevelSequenceEditor/LevelSequenceEditor.uplugin
LogPluginManager: Loaded Plugin MatineeToLevelSequence, From D:/UE4/UE_4.14/Engine/Plugins/MovieScene/MatineeToLevelSequence/MatineeToLevelSequence.uplugin
LogPluginManager: Loaded Plugin NetcodeUnitTest, From D:/UE4/UE_4.14/Engine/Plugins/NetcodeUnitTest/NetcodeUnitTest/NetcodeUnitTest.uplugin
LogPluginManager: Loaded Plugin NUTUnrealEngine4, From D:/UE4/UE_4.14/Engine/Plugins/NetcodeUnitTest/NUTUnrealEngine4/NUTUnrealEngine4.uplugin
LogPluginManager: Loaded Plugin OnlineSubsystemGameCircle, From D:/UE4/UE_4.14/Engine/Plugins/Online/Android/OnlineSubsystemGameCircle/OnlineSubsystemGameCircle.uplugin
LogPluginManager: Loaded Plugin OnlineSubsystemGooglePlay, From D:/UE4/UE_4.14/Engine/Plugins/Online/Android/OnlineSubsystemGooglePlay/OnlineSubsystemGooglePlay.uplugin
LogPluginManager: Loaded Plugin OnlineSubsystemIOS, From D:/UE4/UE_4.14/Engine/Plugins/Online/IOS/OnlineSubsystemIOS/OnlineSubsystemIOS.uplugin
LogPluginManager: Loaded Plugin OnlineFramework, From D:/UE4/UE_4.14/Engine/Plugins/Online/OnlineFramework/OnlineFramework.uplugin
LogPluginManager: Loaded Plugin OnlineSubsystem, From D:/UE4/UE_4.14/Engine/Plugins/Online/OnlineSubsystem/OnlineSubsystem.uplugin
LogPluginManager: Loaded Plugin OnlineSubsystemAmazon, From D:/UE4/UE_4.14/Engine/Plugins/Online/OnlineSubsystemAmazon/OnlineSubsystemAmazon.uplugin
LogPluginManager: Loaded Plugin OnlineSubsystemFacebook, From D:/UE4/UE_4.14/Engine/Plugins/Online/OnlineSubsystemFacebook/OnlineSubsystemFacebook.uplugin
LogPluginManager: Loaded Plugin OnlineSubsystemNull, From D:/UE4/UE_4.14/Engine/Plugins/Online/OnlineSubsystemNull/OnlineSubsystemNull.uplugin
LogPluginManager: Loaded Plugin OnlineSubsystemOculus, From D:/UE4/UE_4.14/Engine/Plugins/Online/OnlineSubsystemOculus/OnlineSubsystemOculus.uplugin
LogPluginManager: Loaded Plugin OnlineSubsystemSteam, From D:/UE4/UE_4.14/Engine/Plugins/Online/OnlineSubsystemSteam/OnlineSubsystemSteam.uplugin
LogPluginManager: Loaded Plugin OnlineSubsystemUtils, From D:/UE4/UE_4.14/Engine/Plugins/Online/OnlineSubsystemUtils/OnlineSubsystemUtils.uplugin
LogPluginManager: Loaded Plugin IOSTapJoy, From D:/UE4/UE_4.14/Engine/Plugins/Runtime/Advertising/IOSTapJoy/IOSTapJoy.uplugin
LogPluginManager: Loaded Plugin AnalyticsBlueprintLibrary, From D:/UE4/UE_4.14/Engine/Plugins/Runtime/Analytics/AnalyticsBlueprintLibrary/AnalyticsBlueprintLibrary.uplugin
LogPluginManager: Loaded Plugin AnalyticsMulticast, From D:/UE4/UE_4.14/Engine/Plugins/Runtime/Analytics/AnalyticsMulticast/AnalyticsMulticast.uplugin
LogPluginManager: Loaded Plugin Apsalar, From D:/UE4/UE_4.14/Engine/Plugins/Runtime/Analytics/Apsalar/Apsalar.uplugin
LogPluginManager: Loaded Plugin FileLogging, From D:/UE4/UE_4.14/Engine/Plugins/Runtime/Analytics/FileLogging/FileLogging.uplugin
LogPluginManager: Loaded Plugin Flurry, From D:/UE4/UE_4.14/Engine/Plugins/Runtime/Analytics/Flurry/Flurry.uplugin
LogPluginManager: Loaded Plugin AndroidDeviceProfileSelector, From D:/UE4/UE_4.14/Engine/Plugins/Runtime/AndroidDeviceProfileSelector/AndroidDeviceProfileSelector.uplugin
LogPluginManager: Loaded Plugin AndroidMoviePlayer, From D:/UE4/UE_4.14/Engine/Plugins/Runtime/AndroidMoviePlayer/AndroidMoviePlayer.uplugin
LogPluginManager: Loaded Plugin AppleMoviePlayer, From D:/UE4/UE_4.14/Engine/Plugins/Runtime/AppleMoviePlayer/AppleMoviePlayer.uplugin
LogPluginManager: Loaded Plugin ArchVisCharacter, From D:/UE4/UE_4.14/Engine/Plugins/Runtime/ArchVisCharacter/ArchVisCharacter.uplugin
LogPluginManager: Loaded Plugin CableComponent, From D:/UE4/UE_4.14/Engine/Plugins/Runtime/CableComponent/CableComponent.uplugin
LogPluginManager: Loaded Plugin CustomMeshComponent, From D:/UE4/UE_4.14/Engine/Plugins/Runtime/CustomMeshComponent/CustomMeshComponent.uplugin
LogPluginManager: Loaded Plugin ExampleDeviceProfileSelector, From D:/UE4/UE_4.14/Engine/Plugins/Runtime/ExampleDeviceProfileSelector/ExampleDeviceProfileSelector.uplugin
LogPluginManager: Loaded Plugin GearVR, From D:/UE4/UE_4.14/Engine/Plugins/Runtime/GearVR/GearVR.uplugin
LogPluginManager: Loaded Plugin GoogleVRController, From D:/UE4/UE_4.14/Engine/Plugins/Runtime/GoogleVR/GoogleVRController/GoogleVRController.uplugin
LogPluginManager: Loaded Plugin GoogleVRHMD, From D:/UE4/UE_4.14/Engine/Plugins/Runtime/GoogleVR/GoogleVRHMD/GoogleVRHMD.uplugin
LogPluginManager: Loaded Plugin IOSDeviceProfileSelector, From D:/UE4/UE_4.14/Engine/Plugins/Runtime/IOSDeviceProfileSelector/IOSDeviceProfileSelector.uplugin
LogPluginManager: Loaded Plugin LeapMotion, From D:/UE4/UE_4.14/Engine/Plugins/Runtime/LeapMotion/LeapMotion.uplugin
LogPluginManager: Loaded Plugin LinuxDeviceProfileSelector, From D:/UE4/UE_4.14/Engine/Plugins/Runtime/LinuxDeviceProfileSelector/LinuxDeviceProfileSelector.uplugin
LogPluginManager: Loaded Plugin MIDIDevice, From D:/UE4/UE_4.14/Engine/Plugins/Runtime/MIDIDevice/MIDIDevice.uplugin
LogPluginManager: Loaded Plugin MobilePatchingUtils, From D:/UE4/UE_4.14/Engine/Plugins/Runtime/MobilePatchingUtils/MobilePatchingUtils.uplugin
LogPluginManager: Loaded Plugin Ansel, From D:/UE4/UE_4.14/Engine/Plugins/Runtime/Nvidia/Ansel/Ansel.uplugin
LogPluginManager: Loaded Plugin OculusAudio, From D:/UE4/UE_4.14/Engine/Plugins/Runtime/OculusAudio/OculusAudio.uplugin
LogPluginManager: Loaded Plugin OculusInput, From D:/UE4/UE_4.14/Engine/Plugins/Runtime/OculusInput/OculusInput.uplugin
LogPluginManager: Loaded Plugin OculusLibrary, From D:/UE4/UE_4.14/Engine/Plugins/Runtime/OculusLibrary/OculusLibrary.uplugin
LogPluginManager: Loaded Plugin OculusRift, From D:/UE4/UE_4.14/Engine/Plugins/Runtime/OculusRift/OculusRift.uplugin
LogPluginManager: Loaded Plugin Oodle, From D:/UE4/UE_4.14/Engine/Plugins/Runtime/PacketHandlers/CompressionComponents/Oodle/Oodle.uplugin
LogPluginManager: Loaded Plugin ProceduralMeshComponent, From D:/UE4/UE_4.14/Engine/Plugins/Runtime/ProceduralMeshComponent/ProceduralMeshComponent.uplugin
LogPluginManager: Loaded Plugin SoundMod, From D:/UE4/UE_4.14/Engine/Plugins/Runtime/SoundMod/SoundMod.uplugin
LogPluginManager: Loaded Plugin SoundVisualizations, From D:/UE4/UE_4.14/Engine/Plugins/Runtime/SoundVisualizations/SoundVisualizations.uplugin
LogPluginManager: Loaded Plugin SteamController, From D:/UE4/UE_4.14/Engine/Plugins/Runtime/Steam/SteamController/SteamController.uplugin
LogPluginManager: Loaded Plugin SteamVR, From D:/UE4/UE_4.14/Engine/Plugins/Runtime/Steam/SteamVR/SteamVR.uplugin
LogPluginManager: Loaded Plugin WebBrowserWidget, From D:/UE4/UE_4.14/Engine/Plugins/Runtime/WebBrowserWidget/WebBrowserWidget.uplugin
LogPluginManager: Loaded Plugin WindowsDeviceProfileSelector, From D:/UE4/UE_4.14/Engine/Plugins/Runtime/WindowsDeviceProfileSelector/WindowsDeviceProfileSelector.uplugin
LogPluginManager: Loaded Plugin WindowsMoviePlayer, From D:/UE4/UE_4.14/Engine/Plugins/Runtime/WindowsMoviePlayer/WindowsMoviePlayer.uplugin
LogPluginManager: Loaded Plugin ScriptPlugin, From D:/UE4/UE_4.14/Engine/Plugins/ScriptPlugin/ScriptPlugin.uplugin
LogPluginManager: Loaded Plugin SlateRemote, From D:/UE4/UE_4.14/Engine/Plugins/Slate/SlateRemote/SlateRemote.uplugin
LogPluginManager: Loaded Plugin EditorTests, From D:/UE4/UE_4.14/Engine/Plugins/Tests/EditorTests/EditorTests.uplugin
LogPluginManager: Loaded Plugin FbxAutomationTestBuilder, From D:/UE4/UE_4.14/Engine/Plugins/Tests/FbxAutomationTestBuilder/FbxAutomationTestBuilder.uplugin
LogPluginManager: Loaded Plugin FunctionalTestingEditor, From D:/UE4/UE_4.14/Engine/Plugins/Tests/FunctionalTestingEditor/FunctionalTestingEditor.uplugin
LogPluginManager: Loaded Plugin RuntimeTests, From D:/UE4/UE_4.14/Engine/Plugins/Tests/RuntimeTests/RuntimeTests.uplugin
LogPluginManager: Loaded Plugin ScreenshotTools, From D:/UE4/UE_4.14/Engine/Plugins/Tests/ScreenshotTools/ScreenshotTools.uplugin
LogInit: Using libcurl 7.47.1
LogInit:  - built for x86_64-pc-win32
LogInit:  - supports SSL with OpenSSL/1.0.2g
LogInit:  - supports HTTP deflate (compression) using libz 1.2.8
LogInit:  - other features:
LogInit:      CURL_VERSION_SSL
LogInit:      CURL_VERSION_LIBZ
LogInit:      CURL_VERSION_IPV6
LogInit:      CURL_VERSION_ASYNCHDNS
LogInit:      CURL_VERSION_LARGEFILE
LogInit:      CURL_VERSION_IDN
LogInit:  CurlRequestOptions (configurable via config and command line):
LogInit:  - bVerifyPeer = false  - Libcurl will NOT verify peer certificate
LogInit:  - bUseHttpProxy = false  - Libcurl will NOT use HTTP proxy
LogInit:  - bDontReuseConnections = false  - Libcurl will reuse connections
LogInit:  - CertBundlePath = nullptr  - Libcurl will use whatever was configured at build time.
LogInit: Build: ++UE4+Release-4.14-CL-3249277
LogInit: Engine Version: 4.14.3-3249277+++UE4+Release-4.14
LogInit: Compatible Engine Version: 4.14.0-3195953+++UE4+Release-4.14
LogInit: Net CL: 3195953
LogDevObjectVersion: Number of dev versions registered: 13
LogDevObjectVersion:   Dev-Blueprints (B0D832E4-1F89-4F0D-ACCF-7EB736FD4AA2): 7
LogDevObjectVersion:   Dev-Build (E1C64328-A22C-4D53-A36C-8E866417BD8C): 0
LogDevObjectVersion:   Dev-Core (375EC13C-06E4-48FB-B500-84F0262A717E): 1
LogDevObjectVersion:   Dev-Editor (E4B068ED-F494-42E9-A231-DA0B2E46BB41): 8
LogDevObjectVersion:   Dev-Framework (CFFC743F-43B0-4480-9391-14DF171D2073): 17
LogDevObjectVersion:   Dev-Mobile (B02B49B5-BB20-44E9-A304-32B752E40360): 0
LogDevObjectVersion:   Dev-Networking (A4E4105C-59A1-49B5-A7C5-40C4547EDFEE): 0
LogDevObjectVersion:   Dev-Online (39C831C9-5AE6-47DC-9A44-9C173E1C8E7C): 0
LogDevObjectVersion:   Dev-Physics (78F01B33-EBEA-4F98-B9B4-84EACCB95AA2): 0
LogDevObjectVersion:   Dev-Platform (6631380F-2D4D-43E0-8009-CF276956A95A): 0
LogDevObjectVersion:   Dev-Rendering (12F88B9F-8875-4AFC-A67C-D90C383ABD29): 12
LogDevObjectVersion:   Dev-Sequencer (7B5AE74C-D270-4C10-A958-57980B212A5A): 1
LogDevObjectVersion:   Dev-VR (D7296918-1DD6-4BDD-9DE2-64A83CC13884): 0
LogInit: Compiled (64-bit): Jan  6 2017 10:49:43
LogInit: Compiled with Visual C++: 19.00.23026.00
LogInit: Build Configuration: Development
LogInit: Branch Name: ++UE4+Release-4.14
LogInit: Command line:  
LogInit: Base directory: D:/UE4/UE_4.14/Engine/Binaries/Win64/
LogInit: Installed Engine Build: 1
LogInit: Presizing for max 8388607 objects, including 0 objects not considered by GC, pre-allocating 0 bytes for permanent pool.
LogInit: Object subsystem initialized
[2017.03.07-04.06.19:122][  0]LogInit: Selected Device Profile: [Windows]
[2017.03.07-04.06.19:122][  0]LogInit: Applying CVar settings loaded from the selected device profile: [Windows]
[2017.03.07-04.06.19:138][  0]LogInit: Computer: NATHAN-PC
[2017.03.07-04.06.19:138][  0]LogInit: User: nathan
[2017.03.07-04.06.19:138][  0]LogInit: CPU Page size=65536, Cores=4
[2017.03.07-04.06.19:138][  0]LogInit: High frequency timer resolution =3.897831 MHz
[2017.03.07-04.06.19:138][  0]LogMemory: Memory total: Physical=16.0GB (16GB approx)
[2017.03.07-04.06.19:138][  0]LogMemory: Platform Memory Stats for Windows
[2017.03.07-04.06.19:138][  0]LogMemory: Process Physical Memory: 266.70 MB used, 266.70 MB peak
[2017.03.07-04.06.19:138][  0]LogMemory: Process Virtual Memory: 262.62 MB used, 262.62 MB peak
[2017.03.07-04.06.19:138][  0]LogMemory: Physical Memory: 5262.47 MB used,  11079.22 MB free, 16341.69 MB total
[2017.03.07-04.06.19:138][  0]LogMemory: Virtual Memory: 675.18 MB used,  11079.22 MB free, 134217728.00 MB total
[2017.03.07-04.06.19:171][  0]LogTextLocalizationManager: No specific translations for ('en-US') exist, so ('en') translations will be used.
[2017.03.07-04.06.19:877][  0]LogD3D11RHI: D3D11 adapters:
[2017.03.07-04.06.20:369][  0]LogD3D11RHI:    0. 'NVIDIA GeForce GTX 960' (Feature Level 11_0)
[2017.03.07-04.06.20:369][  0]LogD3D11RHI:       4061/0/8170 MB DedicatedVideo/DedicatedSystem/SharedSystem, Outputs:1, VendorId:0x10de
[2017.03.07-04.06.20:371][  0]LogD3D11RHI:    1. 'Microsoft Basic Render Driver' (Feature Level 11_0)
[2017.03.07-04.06.20:371][  0]LogD3D11RHI:       0/0/8170 MB DedicatedVideo/DedicatedSystem/SharedSystem, Outputs:0, VendorId:0x1414
[2017.03.07-04.06.20:371][  0]LogD3D11RHI: Chosen D3D11 Adapter: 0
[2017.03.07-04.06.20:378][  0]LogD3D11RHI: Creating new Direct3DDevice
[2017.03.07-04.06.20:378][  0]LogD3D11RHI:     GPU DeviceId: 0x1401 (for the marketing name, search the web for "GPU Device Id")
[2017.03.07-04.06.20:378][  0]LogWindows: EnumDisplayDevices:
[2017.03.07-04.06.20:379][  0]LogWindows:    0. 'NVIDIA GeForce GTX 960' (P:1 D:1)
[2017.03.07-04.06.20:379][  0]LogWindows:    1. 'NVIDIA GeForce GTX 960' (P:0 D:0)
[2017.03.07-04.06.20:380][  0]LogWindows:    2. 'NVIDIA GeForce GTX 960' (P:0 D:0)
[2017.03.07-04.06.20:380][  0]LogWindows:    3. 'NVIDIA GeForce GTX 960' (P:0 D:0)
[2017.03.07-04.06.20:380][  0]LogWindows: DebugString: FoundDriverCount:4 
[2017.03.07-04.06.20:380][  0]LogD3D11RHI:     Adapter Name: NVIDIA GeForce GTX 960
[2017.03.07-04.06.20:380][  0]LogD3D11RHI:   Driver Version: 376.53 (internal:21.21.13.7653, unified:376.53)
[2017.03.07-04.06.20:380][  0]LogD3D11RHI:      Driver Date: 12-29-2016
[2017.03.07-04.06.20:380][  0]LogRHI: Texture pool is 1361 MB (70% of 1945 MB)
[2017.03.07-04.06.20:827][  0]LogD3D11RHI: Async texture creation enabled
[2017.03.07-04.06.20:877][  0]LogD3D11RHI: GPU Timing Frequency: 1000.000000 (Debug: 2 1)
[2017.03.07-04.06.20:877][  0]LogShaderCompilers: Guid format shader working directory is 4 characters bigger than the processId version (C:/Users/nathan/Desktop/ChimeraGames/Abyss/Intermediate/Shaders/WorkingDirectory/15124/).
[2017.03.07-04.06.20:878][  0]LogShaderCompilers: Cleaned the shader compiler working directory 'C:/Users/nathan/AppData/Local/Temp/UnrealShaderWorkingDir/47C15E834F1DAA8C81A6358DFEFB9F4E/'.
[2017.03.07-04.06.20:878][  0]LogShaderCompilers:Display: Using Local Shader Compiler.
[2017.03.07-04.06.22:163][  0]LogTemp:Display: Loaded TP AllDesktopTargetPlatform
[2017.03.07-04.06.22:221][  0]LogTemp:Display: Loaded TP MacClientTargetPlatform
[2017.03.07-04.06.22:280][  0]LogTemp:Display: Loaded TP MacNoEditorTargetPlatform
[2017.03.07-04.06.22:339][  0]LogTemp:Display: Loaded TP MacServerTargetPlatform
[2017.03.07-04.06.22:399][  0]LogTemp:Display: Loaded TP MacTargetPlatform
[2017.03.07-04.06.22:457][  0]LogTemp:Display: Loaded TP WindowsClientTargetPlatform
[2017.03.07-04.06.22:515][  0]LogTemp:Display: Loaded TP WindowsNoEditorTargetPlatform
[2017.03.07-04.06.22:573][  0]LogTemp:Display: Loaded TP WindowsServerTargetPlatform
[2017.03.07-04.06.22:618][  0]LogTemp:Display: Loaded TP WindowsTargetPlatform
[2017.03.07-04.06.22:677][  0]LogTemp:Display: Loaded TP AndroidTargetPlatform
[2017.03.07-04.06.22:734][  0]LogTemp:Display: Loaded TP Android_ASTCTargetPlatform
[2017.03.07-04.06.22:792][  0]LogTemp:Display: Loaded TP Android_ATCTargetPlatform
[2017.03.07-04.06.22:851][  0]LogTemp:Display: Loaded TP Android_DXTTargetPlatform
[2017.03.07-04.06.22:909][  0]LogTemp:Display: Loaded TP Android_ETC1TargetPlatform
[2017.03.07-04.06.22:967][  0]LogTemp:Display: Loaded TP Android_ETC2TargetPlatform
[2017.03.07-04.06.23:082][  0]LogTemp:Display: Loaded TP Android_MultiTargetPlatform
[2017.03.07-04.06.23:082][  0]LogTemp:Display: Loaded TP Android_PVRTCTargetPlatform
[2017.03.07-04.06.23:117][  0]LogTemp:Display: Loaded TP HTML5TargetPlatform
[2017.03.07-04.06.23:203][  0]LogTemp:Display: Loaded TP IOSTargetPlatform
[2017.03.07-04.06.23:244][  0]LogTemp:Display: Loaded TP TVOSTargetPlatform
[2017.03.07-04.06.23:301][  0]LogTemp:Display: Loaded TP LinuxClientTargetPlatform
[2017.03.07-04.06.23:359][  0]LogTemp:Display: Loaded TP LinuxNoEditorTargetPlatform
[2017.03.07-04.06.23:419][  0]LogTemp:Display: Loaded TP LinuxServerTargetPlatform
[2017.03.07-04.06.23:477][  0]LogTemp:Display: Loaded TP LinuxTargetPlatform
[2017.03.07-04.06.23:477][  0]LogTargetPlatformManager:Display: Building Assets For Windows
[2017.03.07-04.06.23:830][  0]LogDerivedDataCache:Display: Max Cache Size: 512 MB
[2017.03.07-04.06.23:925][  0]LogDerivedDataCache: Loaded boot cache 0.10s 50MB C:/Users/nathan/AppData/Local/UnrealEngine/4.14/DerivedDataCache/Boot.ddc.
[2017.03.07-04.06.23:925][  0]LogDerivedDataCache:Display: Loaded Boot cache: C:/Users/nathan/AppData/Local/UnrealEngine/4.14/DerivedDataCache/Boot.ddc
[2017.03.07-04.06.23:925][  0]LogDerivedDataCache: FDerivedDataBackendGraph:  Pak pak cache file C:/Users/nathan/Desktop/ChimeraGames/Abyss/DerivedDataCache/DDC.ddp not found, will not use a pak cache.
[2017.03.07-04.06.23:925][  0]LogDerivedDataCache: Unable to find inner node Pak for hierarchical cache Hierarchy.
[2017.03.07-04.06.23:925][  0]LogDerivedDataCache: FDerivedDataBackendGraph:  CompressedPak pak cache file C:/Users/nathan/Desktop/ChimeraGames/Abyss/DerivedDataCache/Compressed.ddp not found, will not use a pak cache.
[2017.03.07-04.06.23:925][  0]LogDerivedDataCache: Unable to find inner node CompressedPak for hierarchical cache Hierarchy.
[2017.03.07-04.06.23:946][  0]LogDerivedDataCache:Display: Pak cache opened for reading ../../../Engine/DerivedDataCache/Compressed.ddp.
[2017.03.07-04.06.23:959][  0]LogDerivedDataCache: Using Local data cache path C:/Users/nathan/AppData/Local/UnrealEngine/Common/DerivedDataCache: Writable
[2017.03.07-04.06.24:243][  0]LogInit: Selected Device Profile: [Windows]
[2017.03.07-04.06.24:247][  0]LogContentStreaming: Texture pool size is 0.00 MB
[2017.03.07-04.06.24:456][  0]LogMeshUtilities: Using QuadricMeshReduction for automatic static mesh reduction
[2017.03.07-04.06.24:496][  0]LogSimplygon: Simplygon DLL not present - disabling.
[2017.03.07-04.06.24:536][  0]LogMeshUtilities: Using SimplygonSwarm for distributed automatic mesh merging
[2017.03.07-04.06.24:536][  0]LogMeshUtilities: No automatic skeletal mesh reduction module available
[2017.03.07-04.06.24:536][  0]LogMeshUtilities: No automatic mesh merging module available
[2017.03.07-04.06.25:184][  0]LogNetVersion: GetLocalNetworkVersion: CL: 3195953, ProjectName: abyss, ProjectVersion: , EngineNetworkVersion: 2, GameNetworkVersion: 0, NetworkChecksum: 1595127573
[2017.03.07-04.06.25:240][  0]LogAssetRegistry: FAssetRegistry took 0.0226 seconds to start up
[2017.03.07-04.06.25:311][  0]LogPackageLocalizationCache: Processed 4 localized package path(s) for 2 prioritized culture(s) in 0.048914 seconds
[2017.03.07-04.06.25:318][  0]LogUObjectArray: 31890 objects as part of root set at end of initial load.
[2017.03.07-04.06.25:318][  0]LogUObjectAllocator: 6922368 out of 0 bytes used by permanent object pool.
[2017.03.07-04.06.25:318][  0]LogUObjectArray: CloseDisregardForGC: 0/0 objects in disregard for GC pool
[2017.03.07-04.06.25:372][  0]LogInit: WinSock: version 1.1 (2.2), MaxSocks=32767, MaxUdp=65467
[2017.03.07-04.06.26:146][  0]LogSlate: Using Freetype 2.6.0
[2017.03.07-04.06.26:147][  0]LogSlate: SlateFontCache - WITH_FREETYPE: 1, WITH_HARFBUZZ: 1
[2017.03.07-04.06.26:147][  0]LogSlate: SlateFontCache - WITH_FREETYPE: 1, WITH_HARFBUZZ: 1
[2017.03.07-04.06.27:099][  0]JavascriptCmd: Unreal.js started. V8 5.7.201
[2017.03.07-04.06.27:489][  0]LogMaterial: Uniform references updated for custom material expression Custom.
[2017.03.07-04.06.27:947][  0]SourceControl: Info Source control is disabled
[2017.03.07-04.06.30:271][  0]ImportText (YAxis): Missing opening parenthesis: 0.000000,1.000000,0.000000
[2017.03.07-04.06.30:271][  0]ImportText (ZAxis): Missing opening parenthesis: 0.000000,0.000000,1.000000
[2017.03.07-04.06.30:273][  0]ImportText (Rotation): Missing opening parenthesis: -90.000000,0.000000,0.000000
[2017.03.07-04.06.30:276][  0]ImportText (B): Missing opening parenthesis: 1.000000,1.000000,1.000000
[2017.03.07-04.06.30:950][  0]LogEngine: Initializing Engine...
[2017.03.07-04.06.31:224][  0]LogAIModule: Creating AISystem for world Untitled
[2017.03.07-04.06.31:239][  0]LogInit: XAudio2 using 'Speakers (Realtek High Definition Audio)' : 2 channels at 48 kHz using 32 bits per sample (channel mask 0x3)
[2017.03.07-04.06.31:259][  0]LogInit: FAudioDevice initialized.
[2017.03.07-04.06.31:308][  0]LogDerivedDataCache: Saved boot cache 0.05s 50MB C:/Users/nathan/AppData/Local/UnrealEngine/4.14/DerivedDataCache/Boot.ddc.
[2017.03.07-04.06.31:325][  0]LogInit: Texture streaming: Enabled
[2017.03.07-04.06.31:493][  0]LogInit: Transaction tracking system initialized
[2017.03.07-04.06.31:804][  0]BlueprintLog: New page: Editor Load
[2017.03.07-04.06.32:600][  0]LocalizationService: Info Localization service is disabled
[2017.03.07-04.06.32:918][  0]LogModuleManager:Warning: No filename provided for module TcpMessaging
[2017.03.07-04.06.32:918][  0]LogModuleManager:Warning: ModuleManager: Unable to load module 'TcpMessaging' because the file 'D:/UE4/UE_4.14/Engine/Binaries/Win64/' was not found.
[2017.03.07-04.06.33:197][  0]LogConsoleResponse:Display: 
[2017.03.07-04.06.33:348][  0]LogCook:Display: Max memory allowance for cook 16384mb min free memory 0mb
[2017.03.07-04.06.33:348][  0]LogCook:Display: Mobile HDR setting 1
[2017.03.07-04.06.33:840][  0]LogFileCache: Scanning file cache for directory 'C:/Users/nathan/Desktop/ChimeraGames/Abyss/Content/' took 0.02s
[2017.03.07-04.06.34:436][  0]Cmd: MAP LOAD FILE="C:/Users/nathan/Desktop/ChimeraGames/Abyss/Content/Maps-Levels/startMenu.umap" TEMPLATE=0 SHOWPROGRESS=1 FEATURELEVEL=3
[2017.03.07-04.06.34:437][  0]LightingResults: New page: Lighting Build
[2017.03.07-04.06.34:474][  0]MapCheck: New page: Map Check
[2017.03.07-04.06.34:474][  0]LightingResults: New page: Lighting Build
[2017.03.07-04.06.34:618][  0]LogAIModule: Creating AISystem for world startMenu
[2017.03.07-04.06.34:620][  0]LogEditorServer: Finished looking for orphan Actors (0.000 secs)
[2017.03.07-04.06.34:621][  0]Cmd: MAP CHECKDEP NOCLEARLOG
[2017.03.07-04.06.34:663][  0]MapCheck: Info Map check complete: 0 Error(s), 0 Warning(s), took 42.472ms to complete.
[2017.03.07-04.06.34:663][  0]LogFileHelpers: Loading map 'startMenu' took 0.227
[2017.03.07-04.06.34:859][  0]LogCollectionManager: Loaded 0 collections in 0.001746 seconds
[2017.03.07-04.06.34:953][  0]LogFileCache: Scanning file cache for directory 'C:/Users/nathan/Desktop/ChimeraGames/Abyss/Saved/Collections/' took 0.01s
[2017.03.07-04.06.34:953][  0]LogFileCache: Scanning file cache for directory 'C:/Users/nathan/Desktop/ChimeraGames/Abyss/Content/Developers/nathan/Collections/' took 0.01s
[2017.03.07-04.06.34:953][  0]LogFileCache: Scanning file cache for directory 'C:/Users/nathan/Desktop/ChimeraGames/Abyss/Content/Collections/' took 0.02s
[2017.03.07-04.06.34:953][  0]LogCollectionManager: Rebuilt the GUID cache for 0 collections in 0.000002 seconds
[2017.03.07-04.06.34:973][  0]LogContentBrowser: Native class hierarchy populated in 0.0193 seconds. Added 2245 classes and 411 folders.
[2017.03.07-04.06.35:011][  0]LogStats: UGameplayTagsManager::ConstructGameplayTagTree: Construct from data asset -  0.000 s
[2017.03.07-04.06.35:012][  0]LogStats: UGameplayTagsManager::ConstructGameplayTagTree: GameplayTagTreeChangedEvent.Broadcast -  0.000 s
[2017.03.07-04.06.35:012][  0]LogContentBrowser: Native class hierarchy updated for 'GameplayTags' in 0.0007 seconds. Added 13 classes and 0 folders.
[2017.03.07-04.06.35:067][  0]LogContentBrowser: Native class hierarchy updated for 'WidgetCarousel' in 0.0006 seconds. Added 0 classes and 0 folders.
[2017.03.07-04.06.35:115][  0]LogContentBrowser: Native class hierarchy updated for 'AddContentDialog' in 0.0006 seconds. Added 0 classes and 0 folders.
[2017.03.07-04.06.35:155][  0]LogContentBrowser: Native class hierarchy updated for 'SceneOutliner' in 0.0006 seconds. Added 1 classes and 2 folders.
[2017.03.07-04.06.35:243][  0]LogCrashTracker: Crashtracker disabled due to settings.
[2017.03.07-04.06.35:256][  0]LogUObjectGlobals:Warning: Failed to find object 'Class None.'
[2017.03.07-04.06.35:318][  0]LogContentBrowser: Native class hierarchy updated for 'HierarchicalLODOutliner' in 0.0006 seconds. Added 1 classes and 2 folders.
[2017.03.07-04.06.35:319][  0]LogLoad: (Engine Initialization) Total time: 17.71 seconds
[2017.03.07-04.06.35:319][  0]LogLoad: (Engine Initialization) Total Blueprint compile time: 0.07 seconds
[2017.03.07-04.06.35:319][  0]LogExternalProfiler: Found external profiler: VSPerf
[2017.03.07-04.06.35:319][  0]LogExternalProfiler: Using external profiler: VSPerf
[2017.03.07-04.06.35:703][  0]SourceControl: Info On branch master
[2017.03.07-04.06.35:703][  0]SourceControl: Info Your branch is up-to-date with 'origin/master'.
[2017.03.07-04.06.35:703][  0]SourceControl: Info Changes not staged for commit:
[2017.03.07-04.06.35:703][  0]SourceControl: Info   (use "git add/rm <file>..." to update what will be committed)
[2017.03.07-04.06.35:703][  0]SourceControl: Info   (use "git checkout -- <file>..." to discard changes in working directory)
[2017.03.07-04.06.35:703][  0]SourceControl: Info 	modified:   Abyss/Intermediate/CachedAssetRegistry.bin
[2017.03.07-04.06.35:703][  0]SourceControl: Info 	modified:   Abyss/Saved/Config/Windows/Editor.ini
[2017.03.07-04.06.35:703][  0]SourceControl: Info 	deleted:    Abyss/Saved/Logs/Abyss-backup-2017.03.06-16.49.55.log
[2017.03.07-04.06.35:704][  0]SourceControl: Info 	modified:   Abyss/Saved/Logs/Abyss.log
[2017.03.07-04.06.35:704][  0]SourceControl: Info Untracked files:
[2017.03.07-04.06.35:704][  0]SourceControl: Info   (use "git add <file>..." to include in what will be committed)
[2017.03.07-04.06.35:704][  0]SourceControl: Info 	Abyss/Saved/Logs/Abyss-backup-2017.03.06-23.06.18.log
[2017.03.07-04.06.35:704][  0]SourceControl: Info 	Abyss/Saved/Logs/UE4CC-Windows-73EC36514DC54E8E9BDA4EA01E35DF96/
[2017.03.07-04.06.35:704][  0]SourceControl: Info no changes added to commit (use "git add" and/or "git commit -a")
[2017.03.07-04.06.35:704][  0]LogContentStreaming: Texture pool size now 1000 MB
[2017.03.07-04.06.35:868][  0]LogRenderer: Reallocating scene render targets to support 1036x476 NumSamples 1 (Frame:2).
[2017.03.07-04.06.35:991][  1]LogFileCache: Retrieving MD5 hashes for directory 'C:/Users/nathan/Desktop/ChimeraGames/Abyss/Content/' took 0.32s
[2017.03.07-04.06.36:006][  1]LogAssetRegistry: Asset discovery search completed in 10.7883 seconds
[2017.03.07-04.06.36:006][  1]LogCollectionManager: Rebuilt the object cache for 0 collections in 0.000001 seconds (found 0 objects)
[2017.03.07-04.06.36:006][  1]LogCollectionManager: Fixed up redirectors for 0 collections in 0.000021 seconds (updated 0 objects)
[2017.03.07-04.06.51:440][ 60]LogTemp: Repeting last play command: Selected Viewport
[2017.03.07-04.06.51:478][ 60]LogBlueprintUserMessages: Early PlayInEditor Detection: Level '/Game/Maps-Levels/startMenu.startMenu:PersistentLevel' has LevelScriptBlueprint '/Game/Maps-Levels/startMenu.startMenu:PersistentLevel.startMenu' with GeneratedClass '/Game/Maps-Levels/startMenu.startMenu_C' with ClassGeneratedBy '/Game/Maps-Levels/startMenu.startMenu:PersistentLevel.startMenu'
[2017.03.07-04.06.51:478][ 60]LogPlayLevel: PlayLevel: No blueprints needed recompiling
[2017.03.07-04.06.51:479][ 60]PIE: New page: PIE session: startMenu (Mar 6, 2017, 6:06:51 PM)
[2017.03.07-04.06.51:512][ 60]LogPlayLevel: Creating play world package: /Game/Maps-Levels/UEDPIE_0_startMenu
[2017.03.07-04.06.51:513][ 60]LogPlayLevel: PIE: StaticDuplicateObject took: (0.001357s)
[2017.03.07-04.06.51:514][ 60]LogAIModule: Creating AISystem for world startMenu
[2017.03.07-04.06.51:514][ 60]LogPlayLevel: PIE: World Init took: (0.001117s)
[2017.03.07-04.06.51:514][ 60]LogPlayLevel: PIE: Created PIE world by copying editor world from /Game/Maps-Levels/startMenu.startMenu to /Game/Maps-Levels/UEDPIE_0_startMenu.startMenu (0.002692s)
[2017.03.07-04.06.51:538][ 60]LogInit: XAudio2 using 'Speakers (Realtek High Definition Audio)' : 2 channels at 48 kHz using 32 bits per sample (channel mask 0x3)
[2017.03.07-04.06.51:553][ 60]LogInit: FAudioDevice initialized.
[2017.03.07-04.06.52:066][ 60]LogBlueprint:Warning: [playerSettings] 'maxVolume' variable not found. Base class was probably changed.
[2017.03.07-04.06.52:066][ 60]LogBlueprint:Warning: [playerSettings] 'maxFootstepVolume' variable not found. Base class was probably changed.
[2017.03.07-04.06.52:067][ 60]LogBlueprint:Warning: [playerSettings] 'maxLightIntensity' variable not found. Base class was probably changed.
[2017.03.07-04.06.52:067][ 60]LogBlueprint:Warning: [playerSettings] 'maxLightIntensity' variable not found. Base class was probably changed.
[2017.03.07-04.06.52:068][ 60]LogBlueprint:Warning: [playerSettings] 'maxBrightness' variable not found. Base class was probably changed.
[2017.03.07-04.06.52:068][ 60]LogBlueprint:Warning: [playerSettings] 'maxVolume' variable not found. Base class was probably changed.
[2017.03.07-04.06.52:068][ 60]LogBlueprint:Warning: [playerSettings] 'maxFootstepVolume' variable not found. Base class was probably changed.
[2017.03.07-04.06.52:068][ 60]LogBlueprint:Warning: [playerSettings] 'maxIntensity' variable not found. Base class was probably changed.
[2017.03.07-04.06.52:068][ 60]LogBlueprint:Warning: [playerSettings] 'maxVolume' variable not found. Base class was probably changed.
[2017.03.07-04.06.52:112][ 60]LogBlueprint:Warning: [Compiler playerSettings] Warning Could not find a variable named "maxVolume" in 'LightableTorch_C'.
Make sure 'LightableTorch_C' has been compiled for  K2Node_VariableGet_254
[2017.03.07-04.06.52:112][ 60]LogBlueprint:Warning: [Compiler playerSettings] Warning Could not find a variable named "maxIntensity" in 'LightableTorch_C'.
Make sure 'LightableTorch_C' has been compiled for  K2Node_VariableGet_661
[2017.03.07-04.06.52:112][ 60]LogBlueprint:Warning: [Compiler playerSettings] Warning Could not find a variable named "maxVolume" in 'checkPoint_C'.
Make sure 'checkPoint_C' has been compiled for  K2Node_VariableGet_299
[2017.03.07-04.06.52:113][ 60]LogBlueprint:Warning: [Compiler playerSettings] Warning Could not find a variable named "maxBrightness" in 'checkPoint_C'.
Make sure 'checkPoint_C' has been compiled for  K2Node_VariableGet_122
[2017.03.07-04.06.52:113][ 60]LogBlueprint:Warning: [Compiler playerSettings] Warning Could not find a variable named "maxLightIntensity" in 'Exploration_Hero_C'.
Make sure 'Exploration_Hero_C' has been compiled for  K2Node_VariableGet_171
[2017.03.07-04.06.52:113][ 60]LogBlueprint:Warning: [Compiler playerSettings] Warning Could not find a variable named "maxFootstepVolume" in 'Exploration_Hero_C'.
Make sure 'Exploration_Hero_C' has been compiled for  K2Node_VariableGet_169
[2017.03.07-04.06.52:115][ 60]LogBlueprint:Warning: [Compiler playerSettings] Warning Could not find a variable named "maxFootstepVolume" in 'Exploration_Hero_C'.
Make sure 'Exploration_Hero_C' has been compiled for  K2Node_VariableGet_170
[2017.03.07-04.06.52:115][ 60]LogBlueprint:Warning: [Compiler playerSettings] Warning Could not find a variable named "maxLightIntensity" in 'Exploration_Hero_C'.
Make sure 'Exploration_Hero_C' has been compiled for  K2Node_VariableGet_113
[2017.03.07-04.06.52:116][ 60]LogBlueprint:Warning: [Compiler playerSettings] Warning Could not find a variable named "maxVolume" in 'checkPoint_C'.
Make sure 'checkPoint_C' has been compiled for  K2Node_VariableGet_352
[2017.03.07-04.06.52:125][ 60]LogBlueprint:Error: [Compiler playerSettings] Error The property associated with  maxFootstepVolume  could not be found
[2017.03.07-04.06.52:126][ 60]LogBlueprint:Error: [Compiler playerSettings] Error The property associated with  maxLightIntensity  could not be found
[2017.03.07-04.06.52:126][ 60]LogBlueprint:Error: [Compiler playerSettings] Error The property associated with  maxBrightness  could not be found
[2017.03.07-04.06.52:126][ 60]LogBlueprint:Error: [Compiler playerSettings] Error The property associated with  maxIntensity  could not be found
[2017.03.07-04.06.52:126][ 60]LogBlueprint:Error: [Compiler playerSettings] Error The property associated with  maxVolume  could not be found
[2017.03.07-04.06.52:127][ 60]LogBlueprint:Error: [Compiler playerSettings] Error The property associated with  maxVolume  could not be found
[2017.03.07-04.06.52:128][ 60]LogBlueprint:Error: [Compiler playerSettings] Error The property associated with  maxFootstepVolume  could not be found
[2017.03.07-04.06.52:129][ 60]LogBlueprint:Error: [Compiler playerSettings] Error The property associated with  maxLightIntensity  could not be found
[2017.03.07-04.06.52:129][ 60]LogBlueprint:Error: [Compiler playerSettings] Error The property associated with  maxVolume  could not be found
[2017.03.07-04.06.52:144][ 60]LogBlueprint:Warning: [Compiler playerSettings] Warning [0034.53] Compile of playerSettings failed. 9 Fatal Issue(s) 9 Warning(s) [in 73 ms] (/Game/UMG/playerSettings.playerSettings)
[2017.03.07-04.06.52:145][ 60]LogBlueprint:Warning: [Compiler playerSettings] Warning [0034.53] Compile of playerSettings failed. 9 Fatal Issue(s) 10 Warning(s) [in 0 ms] (/Game/UMG/playerSettings.playerSettings)
[2017.03.07-04.06.52:145][ 60]LogBlueprint:Warning: [Compiler playerSettings] Warning [0034.54] Compile of playerSettings failed. 9 Fatal Issue(s) 11 Warning(s) [in 0 ms] (/Game/UMG/playerSettings.playerSettings)
[2017.03.07-04.06.52:281][ 60]LogBlueprint:Warning: [playerSettings] 'maxFootstepVolume' variable not found. Base class was probably changed.
[2017.03.07-04.06.52:281][ 60]LogBlueprint:Warning: [playerSettings] 'maxLightIntensity' variable not found. Base class was probably changed.
[2017.03.07-04.06.52:281][ 60]LogBlueprint:Warning: [playerSettings] 'maxVolume' variable not found. Base class was probably changed.
[2017.03.07-04.06.52:282][ 60]LogBlueprint:Warning: [playerSettings] 'maxFootstepVolume' variable not found. Base class was probably changed.
[2017.03.07-04.06.52:282][ 60]LogBlueprint:Warning: [playerSettings] 'maxLightIntensity' variable not found. Base class was probably changed.
[2017.03.07-04.06.52:282][ 60]LogBlueprint:Warning: [playerSettings] 'maxBrightness' variable not found. Base class was probably changed.
[2017.03.07-04.06.52:283][ 60]LogBlueprint:Warning: [playerSettings] 'maxVolume' variable not found. Base class was probably changed.
[2017.03.07-04.06.52:283][ 60]LogBlueprint:Warning: [playerSettings] 'maxIntensity' variable not found. Base class was probably changed.
[2017.03.07-04.06.52:283][ 60]LogBlueprint:Warning: [playerSettings] 'maxVolume' variable not found. Base class was probably changed.
[2017.03.07-04.06.52:788][ 60]LogLoad: Game class is 'abyssGameMode_C'
[2017.03.07-04.06.52:791][ 60]LogWorld: Bringing World /Game/Maps-Levels/UEDPIE_0_startMenu.startMenu up for play (max tick rate 0) at 2017.03.06-23.06.52
[2017.03.07-04.06.52:792][ 60]LogWorld: Bringing up level for play took: 0.000915
[2017.03.07-04.06.52:830][ 60]LogContentBrowser: Native class hierarchy updated for 'MovieSceneCapture' in 0.0007 seconds. Added 11 classes and 0 folders.
[2017.03.07-04.06.52:834][ 60]PIE: Info Play in editor start time for /Game/Maps-Levels/UEDPIE_0_startMenu 0.764
[2017.03.07-04.06.52:835][ 60]LogBlueprintUserMessages: Late PlayInEditor Detection: Level '/Game/Maps-Levels/startMenu.startMenu:PersistentLevel' has LevelScriptBlueprint '/Game/Maps-Levels/startMenu.startMenu:PersistentLevel.startMenu' with GeneratedClass '/Game/Maps-Levels/startMenu.startMenu_C' with ClassGeneratedBy '/Game/Maps-Levels/startMenu.startMenu:PersistentLevel.startMenu'
[2017.03.07-04.06.54:593][252]LogNet: Browse: /Game/Maps-Levels/Fort/Fort_Exploration
[2017.03.07-04.06.54:593][252]LogLoad: LoadMap: /Game/Maps-Levels/Fort/Fort_Exploration
[2017.03.07-04.06.54:627][252]Cmd: MEM
[2017.03.07-04.06.54:644][252]LogMemory: Platform Memory Stats for Windows
[2017.03.07-04.06.54:644][252]LogMemory: Process Physical Memory: 1087.70 MB used, 1107.71 MB peak
[2017.03.07-04.06.54:644][252]LogMemory: Process Virtual Memory: 1320.12 MB used, 1320.13 MB peak
[2017.03.07-04.06.54:644][252]LogMemory: Physical Memory: 6142.95 MB used,  10198.74 MB free, 16341.69 MB total
[2017.03.07-04.06.54:644][252]LogMemory: Virtual Memory: 2640.68 MB used,  10198.74 MB free, 134217728.00 MB total
[2017.03.07-04.06.54:644][252]LogMemory: 
[2017.03.07-04.06.54:644][252]Allocator Stats for TBB: (not implemented)
[2017.03.07-04.06.54:872][252]LogAIModule: Creating AISystem for world Fort_Exploration
[2017.03.07-04.06.54:872][252]LogLoad: Game class is 'abyssExplorationMode_C'
[2017.03.07-04.06.54:880][252]LogWorld: Bringing World /Game/Maps-Levels/Fort/UEDPIE_0_Fort_Exploration.Fort_Exploration up for play (max tick rate 0) at 2017.03.06-23.06.54
[2017.03.07-04.06.54:881][252]LogWorld: Bringing up level for play took: 0.006188
[2017.03.07-04.06.54:884][252]LogLoad: Took 0.290575 seconds to LoadMap(/Game/Maps-Levels/Fort/Fort_Exploration)
[2017.03.07-04.07.13:036][387]LogBlueprintUserMessages: Early EndPlayMap Detection: Level '/Game/Maps-Levels/startMenu.startMenu:PersistentLevel' has LevelScriptBlueprint '/Game/Maps-Levels/startMenu.startMenu:PersistentLevel.startMenu' with GeneratedClass '/Game/Maps-Levels/startMenu.startMenu_C' with ClassGeneratedBy '/Game/Maps-Levels/startMenu.startMenu:PersistentLevel.startMenu'
[2017.03.07-04.07.13:074][387]LogBlueprintUserMessages: Late EndPlayMap Detection: Level '/Game/Maps-Levels/startMenu.startMenu:PersistentLevel' has LevelScriptBlueprint '/Game/Maps-Levels/startMenu.startMenu:PersistentLevel.startMenu' with GeneratedClass '/Game/Maps-Levels/startMenu.startMenu_C' with ClassGeneratedBy '/Game/Maps-Levels/startMenu.startMenu:PersistentLevel.startMenu'
[2017.03.07-04.08.33:511][337]Cmd: MAP LOAD FILE="C:/Users/nathan/Desktop/ChimeraGames/Abyss/Content/Maps-Levels/startMenu.umap" TEMPLATE=0 SHOWPROGRESS=1 FEATURELEVEL=3
[2017.03.07-04.08.33:512][337]LightingResults: New page: Lighting Build
[2017.03.07-04.08.33:512][337]LoadErrors: New page: Loading map: startMenu.umap
[2017.03.07-04.08.33:513][337]MapCheck: New page: Map Check
[2017.03.07-04.08.33:513][337]LightingResults: New page: Lighting Build
[2017.03.07-04.08.33:569][337]LogAIModule: Creating AISystem for world startMenu
[2017.03.07-04.08.33:629][337]LogEditorServer: Finished looking for orphan Actors (0.000 secs)
[2017.03.07-04.08.33:702][337]Cmd: MAP CHECKDEP NOCLEARLOG
[2017.03.07-04.08.33:766][337]MapCheck: Info Map check complete: 0 Error(s), 0 Warning(s), took 63.109ms to complete.
[2017.03.07-04.08.33:767][337]LogFileHelpers: Loading map 'startMenu' took 0.256
[2017.03.07-04.08.40:066][931]LogContentBrowser: Native class hierarchy updated for 'BlueprintGraph' in 0.0012 seconds. Added 111 classes and 0 folders.
[2017.03.07-04.10.29:271][378]Cmd: OBJ SAVEPACKAGE PACKAGE="/Game/UMG/credits" FILE="C:/Users/nathan/Desktop/ChimeraGames/Abyss/Content/UMG/credits.uasset" SILENT=true
[2017.03.07-04.10.29:352][378]LogSavePackage: Save=19.44ms
[2017.03.07-04.10.29:352][378]LogSavePackage: Moving 'C:/Users/nathan/Desktop/ChimeraGames/Abyss/Saved/credits8C83419542563B52E4B5B6BDC7212EEA.tmp' to 'C:/Users/nathan/Desktop/ChimeraGames/Abyss/Content/UMG/credits.uasset'
[2017.03.07-04.10.29:356][378]LogSavePackage:Display: Finished SavePackage C:/Users/nathan/Desktop/ChimeraGames/Abyss/Content/UMG/credits.uasset
[2017.03.07-04.10.31:252][556]BlueprintLog: New page: Compile credits
[2017.03.07-04.10.32:624][631]Cmd: OBJ SAVEPACKAGE PACKAGE="/Game/UMG/credits" FILE="C:/Users/nathan/Desktop/ChimeraGames/Abyss/Content/UMG/credits.uasset" SILENT=true
[2017.03.07-04.10.32:698][631]LogSavePackage: Save=18.21ms
[2017.03.07-04.10.32:698][631]LogSavePackage: Moving 'C:/Users/nathan/Desktop/ChimeraGames/Abyss/Saved/creditsA98538474ED7B824E6852CBC5DF3BE51.tmp' to 'C:/Users/nathan/Desktop/ChimeraGames/Abyss/Content/UMG/credits.uasset'
[2017.03.07-04.10.32:701][631]LogSavePackage:Display: Finished SavePackage C:/Users/nathan/Desktop/ChimeraGames/Abyss/Content/UMG/credits.uasset
[2017.03.07-04.10.44:633][617]LogBlueprint:Warning: [Compiler BattleHUD] Warning 'Item' is already a 'BS Enemy', you don't need  K2Node_DynamicCast_346 .
[2017.03.07-04.10.44:633][617]LogBlueprint:Warning: [Compiler BattleHUD] Warning 'Item' is already a 'BS Player', you don't need  K2Node_DynamicCast_148 .
[2017.03.07-04.10.44:674][617]LogBlueprint:Warning: [Compiler BattleHUD] Warning [0267.06] Compile of BattleHUD successful, but with 2 Warning(s) [in 56 ms] (/Game/UMG/BattleHUD.BattleHUD)
[2017.03.07-04.10.44:674][617]LogBlueprint:Warning: [Compiler BattleHUD] Warning [0267.06] Compile of BattleHUD successful, but with 3 Warning(s) [in 0 ms] (/Game/UMG/BattleHUD.BattleHUD)
[2017.03.07-04.10.44:674][617]LogBlueprint:Warning: [Compiler BattleHUD] Warning [0267.06] Compile of BattleHUD successful, but with 4 Warning(s) [in 0 ms] (/Game/UMG/BattleHUD.BattleHUD)
[2017.03.07-04.10.44:728][617]LogBlueprint:Warning: [Compiler BattleHUD] Warning 'Item' is already a 'BS Enemy', you don't need  K2Node_DynamicCast_346 .
[2017.03.07-04.10.44:729][617]LogBlueprint:Warning: [Compiler BattleHUD] Warning 'Item' is already a 'BS Player', you don't need  K2Node_DynamicCast_148 .
[2017.03.07-04.10.44:769][617]LogBlueprint:Warning: [Compiler BattleHUD] Warning [0267.16] Compile of BattleHUD successful, but with 2 Warning(s) [in 56 ms] (/Game/UMG/BattleHUD.BattleHUD)
[2017.03.07-04.10.44:769][617]LogBlueprint:Warning: [Compiler BattleHUD] Warning [0267.16] Compile of BattleHUD successful, but with 3 Warning(s) [in 0 ms] (/Game/UMG/BattleHUD.BattleHUD)
[2017.03.07-04.10.44:769][617]LogBlueprint:Warning: [Compiler BattleHUD] Warning [0267.16] Compile of BattleHUD successful, but with 4 Warning(s) [in 0 ms] (/Game/UMG/BattleHUD.BattleHUD)
[2017.03.07-04.11.30:933][577]BlueprintLog: New page: Compile BattleHUD
[2017.03.07-04.11.31:120][577]LogBlueprint:Warning: [Compiler BattleHUD] Warning 'Item' is already a 'BS Enemy', you don't need  K2Node_DynamicCast_346 .
[2017.03.07-04.11.31:120][577]LogBlueprint:Warning: [Compiler BattleHUD] Warning 'Item' is already a 'BS Player', you don't need  K2Node_DynamicCast_148 .
[2017.03.07-04.11.31:433][577]BlueprintEditorCompileResults:Warning: Warning 'Item' is already a 'BS Enemy', you don't need  K2Node_DynamicCast_346 .
[2017.03.07-04.11.31:433][577]BlueprintEditorCompileResults:Warning: Warning 'Item' is already a 'BS Player', you don't need  K2Node_DynamicCast_148 .
[2017.03.07-04.11.31:433][577]BlueprintEditorCompileResults: Info The execution path doesn't end with a return node.  CastFailed
[2017.03.07-04.11.31:433][577]BlueprintEditorCompileResults: Info The execution path doesn't end with a return node.  CastFailed
[2017.03.07-04.11.31:433][577]BlueprintEditorCompileResults: Info The execution path doesn't end with a return node.  CastFailed
[2017.03.07-04.11.31:433][577]LogBlueprint:Warning: [Compiler BattleHUD] Warning [0313.82] Compile of BattleHUD successful, but with 2 Warning(s) [in 500 ms] (/Game/UMG/BattleHUD.BattleHUD)
[2017.03.07-04.11.31:907][609]Cmd: OBJ SAVEPACKAGE PACKAGE="/Game/UMG/BattleHUD" FILE="C:/Users/nathan/Desktop/ChimeraGames/Abyss/Content/UMG/BattleHUD.uasset" SILENT=true
[2017.03.07-04.11.32:356][609]LogSavePackage: Save=384.85ms
[2017.03.07-04.11.32:356][609]LogSavePackage: Moving 'C:/Users/nathan/Desktop/ChimeraGames/Abyss/Saved/BattleHUD1700CAFA404D95FE16AF52A4C497CF4F.tmp' to 'C:/Users/nathan/Desktop/ChimeraGames/Abyss/Content/UMG/BattleHUD.uasset'
[2017.03.07-04.11.32:360][609]LogSavePackage:Display: Finished SavePackage C:/Users/nathan/Desktop/ChimeraGames/Abyss/Content/UMG/BattleHUD.uasset
[2017.03.07-04.11.37:194][ 62]LogTemp: Repeting last play command: Selected Viewport
[2017.03.07-04.11.37:254][ 62]LogBlueprintUserMessages: Early PlayInEditor Detection: Level '/Game/Maps-Levels/startMenu.startMenu:PersistentLevel' has LevelScriptBlueprint '/Game/Maps-Levels/startMenu.startMenu:PersistentLevel.startMenu' with GeneratedClass '/Game/Maps-Levels/startMenu.startMenu_C' with ClassGeneratedBy '/Game/Maps-Levels/startMenu.startMenu:PersistentLevel.startMenu'
[2017.03.07-04.11.37:255][ 62]LogPlayLevel: PlayLevel: No blueprints needed recompiling
[2017.03.07-04.11.45:273][ 62]PIE: New page: PIE session: startMenu (Mar 6, 2017, 6:11:45 PM)
[2017.03.07-04.11.45:274][ 62]LogPlayLevel: Creating play world package: /Game/Maps-Levels/UEDPIE_0_startMenu
[2017.03.07-04.11.45:275][ 62]LogPlayLevel: PIE: StaticDuplicateObject took: (0.001379s)
[2017.03.07-04.11.45:276][ 62]LogAIModule: Creating AISystem for world startMenu
[2017.03.07-04.11.45:276][ 62]LogPlayLevel: PIE: World Init took: (0.000798s)
[2017.03.07-04.11.45:276][ 62]LogPlayLevel: PIE: Created PIE world by copying editor world from /Game/Maps-Levels/startMenu.startMenu to /Game/Maps-Levels/UEDPIE_0_startMenu.startMenu (0.002416s)
[2017.03.07-04.11.45:313][ 62]LogInit: XAudio2 using 'Speakers (Realtek High Definition Audio)' : 2 channels at 48 kHz using 32 bits per sample (channel mask 0x3)
[2017.03.07-04.11.45:330][ 62]LogInit: FAudioDevice initialized.
[2017.03.07-04.11.45:406][ 62]LogLoad: Game class is 'abyssGameMode_C'
[2017.03.07-04.11.45:409][ 62]LogWorld: Bringing World /Game/Maps-Levels/UEDPIE_0_startMenu.startMenu up for play (max tick rate 0) at 2017.03.06-23.11.45
[2017.03.07-04.11.45:409][ 62]LogWorld: Bringing up level for play took: 0.000984
[2017.03.07-04.11.45:410][ 62]LogGameMode: Warning - PATHS NOT DEFINED or NO PLAYERSTART with positive rating
[2017.03.07-04.11.45:423][ 62]PIE: Info Play in editor start time for /Game/Maps-Levels/UEDPIE_0_startMenu 7.352
[2017.03.07-04.11.45:424][ 62]LogBlueprintUserMessages: Late PlayInEditor Detection: Level '/Game/Maps-Levels/startMenu.startMenu:PersistentLevel' has LevelScriptBlueprint '/Game/Maps-Levels/startMenu.startMenu:PersistentLevel.startMenu' with GeneratedClass '/Game/Maps-Levels/startMenu.startMenu_C' with ClassGeneratedBy '/Game/Maps-Levels/startMenu.startMenu:PersistentLevel.startMenu'
[2017.03.07-04.11.45:462][ 62]LogRenderer: Reallocating scene render targets to support 1292x756 NumSamples 1 (Frame:6765).
[2017.03.07-04.11.49:020][324]LogBlueprintUserMessages: Early EndPlayMap Detection: Level '/Game/Maps-Levels/startMenu.startMenu:PersistentLevel' has LevelScriptBlueprint '/Game/Maps-Levels/startMenu.startMenu:PersistentLevel.startMenu' with GeneratedClass '/Game/Maps-Levels/startMenu.startMenu_C' with ClassGeneratedBy '/Game/Maps-Levels/startMenu.startMenu:PersistentLevel.startMenu'
[2017.03.07-04.11.49:052][324]LogBlueprintUserMessages: Late EndPlayMap Detection: Level '/Game/Maps-Levels/startMenu.startMenu:PersistentLevel' has LevelScriptBlueprint '/Game/Maps-Levels/startMenu.startMenu:PersistentLevel.startMenu' with GeneratedClass '/Game/Maps-Levels/startMenu.startMenu_C' with ClassGeneratedBy '/Game/Maps-Levels/startMenu.startMenu:PersistentLevel.startMenu'
[2017.03.07-04.12.03:285][818]LogTemp: Repeting last play command: Selected Viewport
[2017.03.07-04.12.03:330][818]LogBlueprintUserMessages: Early PlayInEditor Detection: Level '/Game/Maps-Levels/startMenu.startMenu:PersistentLevel' has LevelScriptBlueprint '/Game/Maps-Levels/startMenu.startMenu:PersistentLevel.startMenu' with GeneratedClass '/Game/Maps-Levels/startMenu.startMenu_C' with ClassGeneratedBy '/Game/Maps-Levels/startMenu.startMenu:PersistentLevel.startMenu'
[2017.03.07-04.12.03:330][818]LogPlayLevel: PlayLevel: No blueprints needed recompiling
[2017.03.07-04.12.03:330][818]PIE: New page: PIE session: startMenu (Mar 6, 2017, 6:12:03 PM)
[2017.03.07-04.12.03:331][818]LogPlayLevel: Creating play world package: /Game/Maps-Levels/UEDPIE_0_startMenu
[2017.03.07-04.12.03:332][818]LogPlayLevel: PIE: StaticDuplicateObject took: (0.001349s)
[2017.03.07-04.12.03:333][818]LogAIModule: Creating AISystem for world startMenu
[2017.03.07-04.12.03:333][818]LogPlayLevel: PIE: World Init took: (0.000842s)
[2017.03.07-04.12.03:333][818]LogPlayLevel: PIE: Created PIE world by copying editor world from /Game/Maps-Levels/startMenu.startMenu to /Game/Maps-Levels/UEDPIE_0_startMenu.startMenu (0.002457s)
[2017.03.07-04.12.03:367][818]LogInit: XAudio2 using 'Speakers (Realtek High Definition Audio)' : 2 channels at 48 kHz using 32 bits per sample (channel mask 0x3)
[2017.03.07-04.12.03:382][818]LogInit: FAudioDevice initialized.
[2017.03.07-04.12.03:452][818]LogLoad: Game class is 'abyssGameMode_C'
[2017.03.07-04.12.03:455][818]LogWorld: Bringing World /Game/Maps-Levels/UEDPIE_0_startMenu.startMenu up for play (max tick rate 0) at 2017.03.06-23.12.03
[2017.03.07-04.12.03:455][818]LogWorld: Bringing up level for play took: 0.000897
[2017.03.07-04.12.03:456][818]LogGameMode: Warning - PATHS NOT DEFINED or NO PLAYERSTART with positive rating
[2017.03.07-04.12.03:469][818]PIE: Info Play in editor start time for /Game/Maps-Levels/UEDPIE_0_startMenu -0.602
[2017.03.07-04.12.03:469][818]LogBlueprintUserMessages: Late PlayInEditor Detection: Level '/Game/Maps-Levels/startMenu.startMenu:PersistentLevel' has LevelScriptBlueprint '/Game/Maps-Levels/startMenu.startMenu:PersistentLevel.startMenu' with GeneratedClass '/Game/Maps-Levels/startMenu.startMenu_C' with ClassGeneratedBy '/Game/Maps-Levels/startMenu.startMenu:PersistentLevel.startMenu'
[2017.03.07-04.12.04:521][912]LogNet: Browse: /Game/Maps-Levels/Fort/Fort_Exploration
[2017.03.07-04.12.04:521][912]LogLoad: LoadMap: /Game/Maps-Levels/Fort/Fort_Exploration
[2017.03.07-04.12.04:555][912]Cmd: MEM
[2017.03.07-04.12.04:586][912]LogMemory: Platform Memory Stats for Windows
[2017.03.07-04.12.04:586][912]LogMemory: Process Physical Memory: 1383.95 MB used, 1398.29 MB peak
[2017.03.07-04.12.04:586][912]LogMemory: Process Virtual Memory: 1781.16 MB used, 1895.75 MB peak
[2017.03.07-04.12.04:586][912]LogMemory: Physical Memory: 6386.98 MB used,  9954.71 MB free, 16341.69 MB total
[2017.03.07-04.12.04:586][912]LogMemory: Virtual Memory: 3236.62 MB used,  9954.71 MB free, 134217728.00 MB total
[2017.03.07-04.12.04:586][912]LogMemory: 
[2017.03.07-04.12.04:586][912]Allocator Stats for TBB: (not implemented)
[2017.03.07-04.12.04:744][912]LogAIModule: Creating AISystem for world Fort_Exploration
[2017.03.07-04.12.04:744][912]LogLoad: Game class is 'abyssExplorationMode_C'
[2017.03.07-04.12.04:753][912]LogWorld: Bringing World /Game/Maps-Levels/Fort/UEDPIE_0_Fort_Exploration.Fort_Exploration up for play (max tick rate 0) at 2017.03.06-23.12.04
[2017.03.07-04.12.04:753][912]LogWorld: Bringing up level for play took: 0.006202
[2017.03.07-04.12.04:756][912]LogLoad: Took 0.235435 seconds to LoadMap(/Game/Maps-Levels/Fort/Fort_Exploration)
[2017.03.07-04.12.06:811][113]LogNet: Browse: /Game/Maps-Levels/Fort_Battle
[2017.03.07-04.12.06:811][113]LogLoad: LoadMap: /Game/Maps-Levels/Fort_Battle
[2017.03.07-04.12.06:854][113]Cmd: MEM
[2017.03.07-04.12.06:878][113]LogMemory: Platform Memory Stats for Windows
[2017.03.07-04.12.06:879][113]LogMemory: Process Physical Memory: 1399.78 MB used, 1399.78 MB peak
[2017.03.07-04.12.06:879][113]LogMemory: Process Virtual Memory: 1830.28 MB used, 1895.75 MB peak
[2017.03.07-04.12.06:879][113]LogMemory: Physical Memory: 6398.91 MB used,  9942.78 MB free, 16341.69 MB total
[2017.03.07-04.12.06:879][113]LogMemory: Virtual Memory: 3268.62 MB used,  9942.78 MB free, 134217728.00 MB total
[2017.03.07-04.12.06:879][113]LogMemory: 
[2017.03.07-04.12.06:879][113]Allocator Stats for TBB: (not implemented)
[2017.03.07-04.12.07:203][113]LogStats: FPlatformStackWalk::StackWalkAndDump -  0.013 s
[2017.03.07-04.12.07:203][113]LogOutputDevice:Error: === Handled ensure: ===
[2017.03.07-04.12.07:203][113]LogOutputDevice:Error: 
[2017.03.07-04.12.07:203][113]LogOutputDevice:Error: Ensure condition failed: IsObjectValidForDatabase(AssetObject) [File:D:\Build\++UE4+Release-4.14+Compile\Sync\Engine\Source\Editor\BlueprintGraph\Private\BlueprintActionDatabase.cpp] [Line: 1263]
[2017.03.07-04.12.07:203][113]LogOutputDevice:Error: 
[2017.03.07-04.12.07:203][113]LogOutputDevice:Error: Stack: 
[2017.03.07-04.12.07:203][113]LogOutputDevice:Error: UE4Editor-Core.dll
[2017.03.07-04.12.07:203][113]LogOutputDevice:Error: UE4Editor-Core.dll
[2017.03.07-04.12.07:203][113]LogOutputDevice:Error: UE4Editor-Core.dll
[2017.03.07-04.12.07:203][113]LogOutputDevice:Error: UE4Editor-BlueprintGraph.dll
[2017.03.07-04.12.07:203][113]LogOutputDevice:Error: UE4Editor-BlueprintGraph.dll
[2017.03.07-04.12.07:203][113]LogOutputDevice:Error: UE4Editor-CoreUObject.dll
[2017.03.07-04.12.07:203][113]LogOutputDevice:Error: UE4Editor-CoreUObject.dll
[2017.03.07-04.12.07:203][113]LogOutputDevice:Error: UE4Editor-CoreUObject.dll
[2017.03.07-04.12.07:203][113]LogOutputDevice:Error: UE4Editor-CoreUObject.dll
[2017.03.07-04.12.07:203][113]LogOutputDevice:Error: UE4Editor-Engine.dll
[2017.03.07-04.12.07:203][113]LogOutputDevice:Error: UE4Editor-Engine.dll
[2017.03.07-04.12.07:203][113]LogOutputDevice:Error: UE4Editor-Engine.dll
[2017.03.07-04.12.07:203][113]LogOutputDevice:Error: UE4Editor-UnrealEd.dll
[2017.03.07-04.12.07:203][113]LogOutputDevice:Error: UE4Editor-UnrealEd.dll
[2017.03.07-04.12.07:203][113]LogOutputDevice:Error: UE4Editor.exe
[2017.03.07-04.12.07:203][113]LogOutputDevice:Error: UE4Editor.exe
[2017.03.07-04.12.07:203][113]LogOutputDevice:Error: UE4Editor.exe
[2017.03.07-04.12.07:203][113]LogOutputDevice:Error: UE4Editor.exe
[2017.03.07-04.12.07:203][113]LogOutputDevice:Error: UE4Editor.exe
[2017.03.07-04.12.07:203][113]LogOutputDevice:Error: KERNEL32.DLL
[2017.03.07-04.12.07:203][113]LogOutputDevice:Error: ntdll.dll
[2017.03.07-04.12.07:203][113]LogOutputDevice:Error: 
[2017.03.07-04.12.07:207][113]LogStats:                SubmitErrorReport -  0.000 s
