Log file open, 03/04/17 00:36:52
LogInit:Display: Running engine for game: Abyss
LogPlatformFile: Not using cached read wrapper
LogInit:Display: RandInit(366952035) SRandInit(366952035).
LogTaskGraph: Started task graph with 5 named threads and 12 total threads with 1 sets of task threads.
LogStats: Stats thread started at 2.659222
LogPluginManager: Loaded Plugin Paper2D, From E:/Game Data/Epic Games/4.14/Engine/Plugins/2D/Paper2D/Paper2D.uplugin
LogPluginManager: Loaded Plugin LightPropagationVolume, From E:/Game Data/Epic Games/4.14/Engine/Plugins/Blendables/LightPropagationVolume/LightPropagationVolume.uplugin
LogPluginManager: Loaded Plugin BlankPlugin, From E:/Game Data/Epic Games/4.14/Engine/Plugins/Developer/BlankPlugin/BlankPlugin.uplugin
LogPluginManager: Loaded Plugin CodeLiteSourceCodeAccess, From E:/Game Data/Epic Games/4.14/Engine/Plugins/Developer/CodeLiteSourceCodeAccess/CodeLiteSourceCodeAccess.uplugin
LogPluginManager: Loaded Plugin GitSourceControl, From E:/Game Data/Epic Games/4.14/Engine/Plugins/Developer/GitSourceControl/GitSourceControl.uplugin
LogPluginManager: Loaded Plugin KDevelopSourceCodeAccess, From E:/Game Data/Epic Games/4.14/Engine/Plugins/Developer/KDevelopSourceCodeAccess/KDevelopSourceCodeAccess.uplugin
LogPluginManager: Loaded Plugin NullSourceCodeAccess, From E:/Game Data/Epic Games/4.14/Engine/Plugins/Developer/NullSourceCodeAccess/NullSourceCodeAccess.uplugin
LogPluginManager: Loaded Plugin OneSkyLocalizationService, From E:/Game Data/Epic Games/4.14/Engine/Plugins/Developer/OneSkyLocalizationService/OneSkyLocalizationService.uplugin
LogPluginManager: Loaded Plugin PerforceSourceControl, From E:/Game Data/Epic Games/4.14/Engine/Plugins/Developer/PerforceSourceControl/PerforceSourceControl.uplugin
LogPluginManager: Loaded Plugin SubversionSourceControl, From E:/Game Data/Epic Games/4.14/Engine/Plugins/Developer/SubversionSourceControl/SubversionSourceControl.uplugin
LogPluginManager: Loaded Plugin UObjectPlugin, From E:/Game Data/Epic Games/4.14/Engine/Plugins/Developer/UObjectPlugin/UObjectPlugin.uplugin
LogPluginManager: Loaded Plugin VisualStudioSourceCodeAccess, From E:/Game Data/Epic Games/4.14/Engine/Plugins/Developer/VisualStudioSourceCodeAccess/VisualStudioSourceCodeAccess.uplugin
LogPluginManager: Loaded Plugin XCodeSourceCodeAccess, From E:/Game Data/Epic Games/4.14/Engine/Plugins/Developer/XCodeSourceCodeAccess/XCodeSourceCodeAccess.uplugin
LogPluginManager: Loaded Plugin AudioCapture, From E:/Game Data/Epic Games/4.14/Engine/Plugins/Editor/AudioCapture/AudioCapture.uplugin
LogPluginManager: Loaded Plugin EpicSurvey, From E:/Game Data/Epic Games/4.14/Engine/Plugins/Editor/EpicSurvey/EpicSurvey.uplugin
LogPluginManager: Loaded Plugin MacGraphicsSwitching, From E:/Game Data/Epic Games/4.14/Engine/Plugins/Editor/MacGraphicsSwitching/MacGraphicsSwitching.uplugin
LogPluginManager: Loaded Plugin MobileLauncherProfileWizard, From E:/Game Data/Epic Games/4.14/Engine/Plugins/Editor/MobileLauncherProfileWizard/MobileLauncherProfileWizard.uplugin
LogPluginManager: Loaded Plugin PluginBrowser, From E:/Game Data/Epic Games/4.14/Engine/Plugins/Editor/PluginBrowser/PluginBrowser.uplugin
LogPluginManager: Loaded Plugin SpeedTreeImporter, From E:/Game Data/Epic Games/4.14/Engine/Plugins/Editor/SpeedTreeImporter/SpeedTreeImporter.uplugin
LogPluginManager: Loaded Plugin SuperSearchEditor, From E:/Game Data/Epic Games/4.14/Engine/Plugins/Editor/SuperSearchEditor/SuperSearchEditor.uplugin
LogPluginManager: Loaded Plugin AlembicImporter, From E:/Game Data/Epic Games/4.14/Engine/Plugins/Experimental/AlembicImporter/AlembicImporter.uplugin
LogPluginManager: Loaded Plugin BlueprintStats, From E:/Game Data/Epic Games/4.14/Engine/Plugins/Experimental/BlueprintStats/BlueprintStats.uplugin
LogPluginManager: Loaded Plugin CharacterAI, From E:/Game Data/Epic Games/4.14/Engine/Plugins/Experimental/CharacterAI/CharacterAI.uplugin
LogPluginManager: Loaded Plugin CodeEditor, From E:/Game Data/Epic Games/4.14/Engine/Plugins/Experimental/CodeEditor/CodeEditor.uplugin
LogPluginManager: Loaded Plugin CodeView, From E:/Game Data/Epic Games/4.14/Engine/Plugins/Experimental/CodeView/CodeView.uplugin
LogPluginManager: Loaded Plugin HTML5Networking, From E:/Game Data/Epic Games/4.14/Engine/Plugins/Experimental/HTML5Networking/HTML5Networking.uplugin
LogPluginManager: Loaded Plugin OSVR, From E:/Game Data/Epic Games/4.14/Engine/Plugins/Experimental/OSVR/OSVR.uplugin
LogPluginManager: Loaded Plugin Phya, From E:/Game Data/Epic Games/4.14/Engine/Plugins/Experimental/Phya/Phya.uplugin
LogPluginManager: Loaded Plugin SignificanceManager, From E:/Game Data/Epic Games/4.14/Engine/Plugins/Experimental/SignificanceManager/SignificanceManager.uplugin
LogPluginManager: Loaded Plugin SimpleHMD, From E:/Game Data/Epic Games/4.14/Engine/Plugins/Experimental/SimpleHMD/SimpleHMD.uplugin
LogPluginManager: Loaded Plugin StereoPanorama, From E:/Game Data/Epic Games/4.14/Engine/Plugins/Experimental/StereoPanorama/StereoPanorama.uplugin
LogPluginManager: Loaded Plugin StructBox, From E:/Game Data/Epic Games/4.14/Engine/Plugins/Experimental/StructBox/StructBox.uplugin
LogPluginManager: Loaded Plugin HGGifImporter, From E:/Game Data/Epic Games/4.14/Engine/Plugins/Marketplace/HGGifImporter/HGGifImporter.uplugin
LogPluginManager: Loaded Plugin UnrealJS, From E:/Game Data/Epic Games/4.14/Engine/Plugins/Marketplace/UnrealJS/UnrealJS.uplugin
LogPluginManager: Loaded Plugin AndroidMedia, From E:/Game Data/Epic Games/4.14/Engine/Plugins/Media/AndroidMedia/AndroidMedia.uplugin
LogPluginManager: Loaded Plugin AvfMedia, From E:/Game Data/Epic Games/4.14/Engine/Plugins/Media/AvfMedia/AvfMedia.uplugin
LogPluginManager: Loaded Plugin MediaPlayerEditor, From E:/Game Data/Epic Games/4.14/Engine/Plugins/Media/MediaPlayerEditor/MediaPlayerEditor.uplugin
LogPluginManager: Loaded Plugin WmfMedia, From E:/Game Data/Epic Games/4.14/Engine/Plugins/Media/WmfMedia/WmfMedia.uplugin
LogPluginManager: Loaded Plugin MessagingDebugger, From E:/Game Data/Epic Games/4.14/Engine/Plugins/Messaging/MessagingDebugger/MessagingDebugger.uplugin
LogPluginManager: Loaded Plugin TcpMessaging, From E:/Game Data/Epic Games/4.14/Engine/Plugins/Messaging/TcpMessaging/TcpMessaging.uplugin
LogPluginManager: Loaded Plugin UdpMessaging, From E:/Game Data/Epic Games/4.14/Engine/Plugins/Messaging/UdpMessaging/UdpMessaging.uplugin
LogPluginManager: Loaded Plugin LevelSequenceEditor, From E:/Game Data/Epic Games/4.14/Engine/Plugins/MovieScene/LevelSequenceEditor/LevelSequenceEditor.uplugin
LogPluginManager: Loaded Plugin MatineeToLevelSequence, From E:/Game Data/Epic Games/4.14/Engine/Plugins/MovieScene/MatineeToLevelSequence/MatineeToLevelSequence.uplugin
LogPluginManager: Loaded Plugin NetcodeUnitTest, From E:/Game Data/Epic Games/4.14/Engine/Plugins/NetcodeUnitTest/NetcodeUnitTest/NetcodeUnitTest.uplugin
LogPluginManager: Loaded Plugin NUTUnrealEngine4, From E:/Game Data/Epic Games/4.14/Engine/Plugins/NetcodeUnitTest/NUTUnrealEngine4/NUTUnrealEngine4.uplugin
LogPluginManager: Loaded Plugin OnlineSubsystemGameCircle, From E:/Game Data/Epic Games/4.14/Engine/Plugins/Online/Android/OnlineSubsystemGameCircle/OnlineSubsystemGameCircle.uplugin
LogPluginManager: Loaded Plugin OnlineSubsystemGooglePlay, From E:/Game Data/Epic Games/4.14/Engine/Plugins/Online/Android/OnlineSubsystemGooglePlay/OnlineSubsystemGooglePlay.uplugin
LogPluginManager: Loaded Plugin OnlineSubsystemIOS, From E:/Game Data/Epic Games/4.14/Engine/Plugins/Online/IOS/OnlineSubsystemIOS/OnlineSubsystemIOS.uplugin
LogPluginManager: Loaded Plugin OnlineFramework, From E:/Game Data/Epic Games/4.14/Engine/Plugins/Online/OnlineFramework/OnlineFramework.uplugin
LogPluginManager: Loaded Plugin OnlineSubsystem, From E:/Game Data/Epic Games/4.14/Engine/Plugins/Online/OnlineSubsystem/OnlineSubsystem.uplugin
LogPluginManager: Loaded Plugin OnlineSubsystemAmazon, From E:/Game Data/Epic Games/4.14/Engine/Plugins/Online/OnlineSubsystemAmazon/OnlineSubsystemAmazon.uplugin
LogPluginManager: Loaded Plugin OnlineSubsystemFacebook, From E:/Game Data/Epic Games/4.14/Engine/Plugins/Online/OnlineSubsystemFacebook/OnlineSubsystemFacebook.uplugin
LogPluginManager: Loaded Plugin OnlineSubsystemNull, From E:/Game Data/Epic Games/4.14/Engine/Plugins/Online/OnlineSubsystemNull/OnlineSubsystemNull.uplugin
LogPluginManager: Loaded Plugin OnlineSubsystemOculus, From E:/Game Data/Epic Games/4.14/Engine/Plugins/Online/OnlineSubsystemOculus/OnlineSubsystemOculus.uplugin
LogPluginManager: Loaded Plugin OnlineSubsystemSteam, From E:/Game Data/Epic Games/4.14/Engine/Plugins/Online/OnlineSubsystemSteam/OnlineSubsystemSteam.uplugin
LogPluginManager: Loaded Plugin OnlineSubsystemUtils, From E:/Game Data/Epic Games/4.14/Engine/Plugins/Online/OnlineSubsystemUtils/OnlineSubsystemUtils.uplugin
LogPluginManager: Loaded Plugin IOSTapJoy, From E:/Game Data/Epic Games/4.14/Engine/Plugins/Runtime/Advertising/IOSTapJoy/IOSTapJoy.uplugin
LogPluginManager: Loaded Plugin AnalyticsBlueprintLibrary, From E:/Game Data/Epic Games/4.14/Engine/Plugins/Runtime/Analytics/AnalyticsBlueprintLibrary/AnalyticsBlueprintLibrary.uplugin
LogPluginManager: Loaded Plugin AnalyticsMulticast, From E:/Game Data/Epic Games/4.14/Engine/Plugins/Runtime/Analytics/AnalyticsMulticast/AnalyticsMulticast.uplugin
LogPluginManager: Loaded Plugin Apsalar, From E:/Game Data/Epic Games/4.14/Engine/Plugins/Runtime/Analytics/Apsalar/Apsalar.uplugin
LogPluginManager: Loaded Plugin FileLogging, From E:/Game Data/Epic Games/4.14/Engine/Plugins/Runtime/Analytics/FileLogging/FileLogging.uplugin
LogPluginManager: Loaded Plugin Flurry, From E:/Game Data/Epic Games/4.14/Engine/Plugins/Runtime/Analytics/Flurry/Flurry.uplugin
LogPluginManager: Loaded Plugin AndroidDeviceProfileSelector, From E:/Game Data/Epic Games/4.14/Engine/Plugins/Runtime/AndroidDeviceProfileSelector/AndroidDeviceProfileSelector.uplugin
LogPluginManager: Loaded Plugin AndroidMoviePlayer, From E:/Game Data/Epic Games/4.14/Engine/Plugins/Runtime/AndroidMoviePlayer/AndroidMoviePlayer.uplugin
LogPluginManager: Loaded Plugin AppleMoviePlayer, From E:/Game Data/Epic Games/4.14/Engine/Plugins/Runtime/AppleMoviePlayer/AppleMoviePlayer.uplugin
LogPluginManager: Loaded Plugin ArchVisCharacter, From E:/Game Data/Epic Games/4.14/Engine/Plugins/Runtime/ArchVisCharacter/ArchVisCharacter.uplugin
LogPluginManager: Loaded Plugin CableComponent, From E:/Game Data/Epic Games/4.14/Engine/Plugins/Runtime/CableComponent/CableComponent.uplugin
LogPluginManager: Loaded Plugin CustomMeshComponent, From E:/Game Data/Epic Games/4.14/Engine/Plugins/Runtime/CustomMeshComponent/CustomMeshComponent.uplugin
LogPluginManager: Loaded Plugin ExampleDeviceProfileSelector, From E:/Game Data/Epic Games/4.14/Engine/Plugins/Runtime/ExampleDeviceProfileSelector/ExampleDeviceProfileSelector.uplugin
LogPluginManager: Loaded Plugin GearVR, From E:/Game Data/Epic Games/4.14/Engine/Plugins/Runtime/GearVR/GearVR.uplugin
LogPluginManager: Loaded Plugin GoogleVRController, From E:/Game Data/Epic Games/4.14/Engine/Plugins/Runtime/GoogleVR/GoogleVRController/GoogleVRController.uplugin
LogPluginManager: Loaded Plugin GoogleVRHMD, From E:/Game Data/Epic Games/4.14/Engine/Plugins/Runtime/GoogleVR/GoogleVRHMD/GoogleVRHMD.uplugin
LogPluginManager: Loaded Plugin IOSDeviceProfileSelector, From E:/Game Data/Epic Games/4.14/Engine/Plugins/Runtime/IOSDeviceProfileSelector/IOSDeviceProfileSelector.uplugin
LogPluginManager: Loaded Plugin LeapMotion, From E:/Game Data/Epic Games/4.14/Engine/Plugins/Runtime/LeapMotion/LeapMotion.uplugin
LogPluginManager: Loaded Plugin LinuxDeviceProfileSelector, From E:/Game Data/Epic Games/4.14/Engine/Plugins/Runtime/LinuxDeviceProfileSelector/LinuxDeviceProfileSelector.uplugin
LogPluginManager: Loaded Plugin MIDIDevice, From E:/Game Data/Epic Games/4.14/Engine/Plugins/Runtime/MIDIDevice/MIDIDevice.uplugin
LogPluginManager: Loaded Plugin MobilePatchingUtils, From E:/Game Data/Epic Games/4.14/Engine/Plugins/Runtime/MobilePatchingUtils/MobilePatchingUtils.uplugin
LogPluginManager: Loaded Plugin Ansel, From E:/Game Data/Epic Games/4.14/Engine/Plugins/Runtime/Nvidia/Ansel/Ansel.uplugin
LogPluginManager: Loaded Plugin OculusAudio, From E:/Game Data/Epic Games/4.14/Engine/Plugins/Runtime/OculusAudio/OculusAudio.uplugin
LogPluginManager: Loaded Plugin OculusInput, From E:/Game Data/Epic Games/4.14/Engine/Plugins/Runtime/OculusInput/OculusInput.uplugin
LogPluginManager: Loaded Plugin OculusLibrary, From E:/Game Data/Epic Games/4.14/Engine/Plugins/Runtime/OculusLibrary/OculusLibrary.uplugin
LogPluginManager: Loaded Plugin OculusRift, From E:/Game Data/Epic Games/4.14/Engine/Plugins/Runtime/OculusRift/OculusRift.uplugin
LogPluginManager: Loaded Plugin Oodle, From E:/Game Data/Epic Games/4.14/Engine/Plugins/Runtime/PacketHandlers/CompressionComponents/Oodle/Oodle.uplugin
LogPluginManager: Loaded Plugin ProceduralMeshComponent, From E:/Game Data/Epic Games/4.14/Engine/Plugins/Runtime/ProceduralMeshComponent/ProceduralMeshComponent.uplugin
LogPluginManager: Loaded Plugin SoundMod, From E:/Game Data/Epic Games/4.14/Engine/Plugins/Runtime/SoundMod/SoundMod.uplugin
LogPluginManager: Loaded Plugin SoundVisualizations, From E:/Game Data/Epic Games/4.14/Engine/Plugins/Runtime/SoundVisualizations/SoundVisualizations.uplugin
LogPluginManager: Loaded Plugin SteamController, From E:/Game Data/Epic Games/4.14/Engine/Plugins/Runtime/Steam/SteamController/SteamController.uplugin
LogPluginManager: Loaded Plugin SteamVR, From E:/Game Data/Epic Games/4.14/Engine/Plugins/Runtime/Steam/SteamVR/SteamVR.uplugin
LogPluginManager: Loaded Plugin WebBrowserWidget, From E:/Game Data/Epic Games/4.14/Engine/Plugins/Runtime/WebBrowserWidget/WebBrowserWidget.uplugin
LogPluginManager: Loaded Plugin WindowsDeviceProfileSelector, From E:/Game Data/Epic Games/4.14/Engine/Plugins/Runtime/WindowsDeviceProfileSelector/WindowsDeviceProfileSelector.uplugin
LogPluginManager: Loaded Plugin WindowsMoviePlayer, From E:/Game Data/Epic Games/4.14/Engine/Plugins/Runtime/WindowsMoviePlayer/WindowsMoviePlayer.uplugin
LogPluginManager: Loaded Plugin ScriptPlugin, From E:/Game Data/Epic Games/4.14/Engine/Plugins/ScriptPlugin/ScriptPlugin.uplugin
LogPluginManager: Loaded Plugin SlateRemote, From E:/Game Data/Epic Games/4.14/Engine/Plugins/Slate/SlateRemote/SlateRemote.uplugin
LogPluginManager: Loaded Plugin EditorTests, From E:/Game Data/Epic Games/4.14/Engine/Plugins/Tests/EditorTests/EditorTests.uplugin
LogPluginManager: Loaded Plugin FbxAutomationTestBuilder, From E:/Game Data/Epic Games/4.14/Engine/Plugins/Tests/FbxAutomationTestBuilder/FbxAutomationTestBuilder.uplugin
LogPluginManager: Loaded Plugin FunctionalTestingEditor, From E:/Game Data/Epic Games/4.14/Engine/Plugins/Tests/FunctionalTestingEditor/FunctionalTestingEditor.uplugin
LogPluginManager: Loaded Plugin RuntimeTests, From E:/Game Data/Epic Games/4.14/Engine/Plugins/Tests/RuntimeTests/RuntimeTests.uplugin
LogPluginManager: Loaded Plugin ScreenshotTools, From E:/Game Data/Epic Games/4.14/Engine/Plugins/Tests/ScreenshotTools/ScreenshotTools.uplugin
LogInit: Using libcurl 7.47.1
LogInit:  - built for x86_64-pc-win32
LogInit:  - supports SSL with OpenSSL/1.0.2g
LogInit:  - supports HTTP deflate (compression) using libz 1.2.8
LogInit:  - other features:
LogInit:      CURL_VERSION_SSL
LogInit:      CURL_VERSION_LIBZ
LogInit:      CURL_VERSION_IPV6
LogInit:      CURL_VERSION_ASYNCHDNS
LogInit:      CURL_VERSION_LARGEFILE
LogInit:      CURL_VERSION_IDN
LogInit:  CurlRequestOptions (configurable via config and command line):
LogInit:  - bVerifyPeer = false  - Libcurl will NOT verify peer certificate
LogInit:  - bUseHttpProxy = false  - Libcurl will NOT use HTTP proxy
LogInit:  - bDontReuseConnections = false  - Libcurl will reuse connections
LogInit:  - CertBundlePath = nullptr  - Libcurl will use whatever was configured at build time.
LogInit: Build: ++UE4+Release-4.14-CL-3249277
LogInit: Engine Version: 4.14.3-3249277+++UE4+Release-4.14
LogInit: Compatible Engine Version: 4.14.0-3195953+++UE4+Release-4.14
LogInit: Net CL: 3195953
LogDevObjectVersion: Number of dev versions registered: 13
LogDevObjectVersion:   Dev-Blueprints (B0D832E4-1F89-4F0D-ACCF-7EB736FD4AA2): 7
LogDevObjectVersion:   Dev-Build (E1C64328-A22C-4D53-A36C-8E866417BD8C): 0
LogDevObjectVersion:   Dev-Core (375EC13C-06E4-48FB-B500-84F0262A717E): 1
LogDevObjectVersion:   Dev-Editor (E4B068ED-F494-42E9-A231-DA0B2E46BB41): 8
LogDevObjectVersion:   Dev-Framework (CFFC743F-43B0-4480-9391-14DF171D2073): 17
LogDevObjectVersion:   Dev-Mobile (B02B49B5-BB20-44E9-A304-32B752E40360): 0
LogDevObjectVersion:   Dev-Networking (A4E4105C-59A1-49B5-A7C5-40C4547EDFEE): 0
LogDevObjectVersion:   Dev-Online (39C831C9-5AE6-47DC-9A44-9C173E1C8E7C): 0
LogDevObjectVersion:   Dev-Physics (78F01B33-EBEA-4F98-B9B4-84EACCB95AA2): 0
LogDevObjectVersion:   Dev-Platform (6631380F-2D4D-43E0-8009-CF276956A95A): 0
LogDevObjectVersion:   Dev-Rendering (12F88B9F-8875-4AFC-A67C-D90C383ABD29): 12
LogDevObjectVersion:   Dev-Sequencer (7B5AE74C-D270-4C10-A958-57980B212A5A): 1
LogDevObjectVersion:   Dev-VR (D7296918-1DD6-4BDD-9DE2-64A83CC13884): 0
LogInit: Compiled (64-bit): Jan  6 2017 10:49:43
LogInit: Compiled with Visual C++: 19.00.23026.00
LogInit: Build Configuration: Development
LogInit: Branch Name: ++UE4+Release-4.14
LogInit: Command line:  
LogInit: Base directory: E:/Game Data/Epic Games/4.14/Engine/Binaries/Win64/
LogInit: Installed Engine Build: 1
LogInit: Presizing for max 8388607 objects, including 0 objects not considered by GC, pre-allocating 0 bytes for permanent pool.
LogInit: Object subsystem initialized
[2017.03.04-05.36.53:766][  0]LogInit: Selected Device Profile: [Windows]
[2017.03.04-05.36.53:766][  0]LogInit: Applying CVar settings loaded from the selected device profile: [Windows]
[2017.03.04-05.36.53:888][  0]LogInit: Computer: RAGNARÖK
[2017.03.04-05.36.53:888][  0]LogInit: User: Chris
[2017.03.04-05.36.53:888][  0]LogInit: CPU Page size=65536, Cores=8
[2017.03.04-05.36.53:888][  0]LogInit: High frequency timer resolution =3.135546 MHz
[2017.03.04-05.36.53:889][  0]LogMemory: Memory total: Physical=15.9GB (16GB approx)
[2017.03.04-05.36.53:889][  0]LogMemory: Platform Memory Stats for Windows
[2017.03.04-05.36.53:889][  0]LogMemory: Process Physical Memory: 266.69 MB used, 266.69 MB peak
[2017.03.04-05.36.53:889][  0]LogMemory: Process Virtual Memory: 266.41 MB used, 266.41 MB peak
[2017.03.04-05.36.53:889][  0]LogMemory: Physical Memory: 2710.89 MB used,  13573.18 MB free, 16284.07 MB total
[2017.03.04-05.36.53:889][  0]LogMemory: Virtual Memory: 670.84 MB used,  13573.18 MB free, 8388608.00 MB total
[2017.03.04-05.36.54:984][  0]LogTextLocalizationManager: No specific translations for ('en-US') exist, so ('en') translations will be used.
[2017.03.04-05.36.57:227][  0]LogD3D11RHI: D3D11 adapters:
[2017.03.04-05.36.57:249][  0]LogD3D11RHI:    0. 'AMD Radeon (TM) R9 380 Series' (Feature Level 11_0)
[2017.03.04-05.36.57:249][  0]LogD3D11RHI:       4074/0/3840 MB DedicatedVideo/DedicatedSystem/SharedSystem, Outputs:1, VendorId:0x1002
[2017.03.04-05.36.57:249][  0]LogD3D11RHI: Chosen D3D11 Adapter: 0
[2017.03.04-05.36.57:258][  0]LogD3D11RHI: Creating new Direct3DDevice
[2017.03.04-05.36.57:258][  0]LogD3D11RHI:     GPU DeviceId: 0x6938 (for the marketing name, search the web for "GPU Device Id")
[2017.03.04-05.36.57:258][  0]LogWindows: EnumDisplayDevices:
[2017.03.04-05.36.57:259][  0]LogWindows:    0. 'AMD Radeon (TM) R9 380 Series' (P:1 D:1)
[2017.03.04-05.36.57:259][  0]LogWindows:    1. 'AMD Radeon (TM) R9 380 Series' (P:0 D:0)
[2017.03.04-05.36.57:259][  0]LogWindows:    2. 'AMD Radeon (TM) R9 380 Series' (P:0 D:0)
[2017.03.04-05.36.57:260][  0]LogWindows:    3. 'AMD Radeon (TM) R9 380 Series' (P:0 D:0)
[2017.03.04-05.36.57:260][  0]LogWindows:    4. 'AMD Radeon (TM) R9 380 Series' (P:0 D:0)
[2017.03.04-05.36.57:261][  0]LogWindows:    5. 'AMD Radeon (TM) R9 380 Series' (P:0 D:0)
[2017.03.04-05.36.57:261][  0]LogWindows:    6. 'RDPDD Chained DD' (P:0 D:0)
[2017.03.04-05.36.57:261][  0]LogWindows:    7. 'RDP Encoder Mirror Driver' (P:0 D:0)
[2017.03.04-05.36.57:262][  0]LogWindows:    8. 'RDP Reflector Display Driver' (P:0 D:0)
[2017.03.04-05.36.57:262][  0]LogWindows: DebugString: GetVideoDriverDetailsInvalid PrimaryIsNotTheChoosenAdapter GetVideoDriverDetailsInvalid PrimaryIsNotTheChoosenAdapter GetVideoDriverDetailsInvalid PrimaryIsNotTheChoosenAdapter FoundDriverCount:6 
[2017.03.04-05.36.57:262][  0]LogD3D11RHI:     Adapter Name: AMD Radeon (TM) R9 380 Series
[2017.03.04-05.36.57:262][  0]LogD3D11RHI:   Driver Version: Crimson ReLive 17.2.1 (internal:21.19.519.2, unified:21.19.519.2)
[2017.03.04-05.36.57:262][  0]LogD3D11RHI:      Driver Date: 2-10-2017
[2017.03.04-05.36.57:262][  0]LogRHI: Texture pool is 1361 MB (70% of 1945 MB)
[2017.03.04-05.36.57:278][  0]LogD3D11RHI: Async texture creation enabled
[2017.03.04-05.36.57:527][  0]LogD3D11RHI: GPU Timing Frequency: 27.000000 (Debug: 2 1)
[2017.03.04-05.36.57:628][  0]LogShaderCompilers: Guid format shader working directory is -3 characters bigger than the processId version (../../../../../Unreal Projects/ChimeraGames/Abyss/Intermediate/Shaders/WorkingDirectory/3916/).
[2017.03.04-05.36.57:628][  0]LogShaderCompilers: Cleaned the shader compiler working directory 'C:/Users/Chris/AppData/Local/Temp/UnrealShaderWorkingDir/3911AAFC4354071C7EDFD2A0CD8492C5/'.
[2017.03.04-05.36.57:635][  0]LogShaderCompilers:Display: Using Local Shader Compiler.
[2017.03.04-05.37.08:345][  0]LogTemp:Display: Loaded TP AllDesktopTargetPlatform
[2017.03.04-05.37.08:438][  0]LogTemp:Display: Loaded TP MacClientTargetPlatform
[2017.03.04-05.37.08:544][  0]LogTemp:Display: Loaded TP MacNoEditorTargetPlatform
[2017.03.04-05.37.08:628][  0]LogTemp:Display: Loaded TP MacServerTargetPlatform
[2017.03.04-05.37.08:720][  0]LogTemp:Display: Loaded TP MacTargetPlatform
[2017.03.04-05.37.08:817][  0]LogTemp:Display: Loaded TP WindowsClientTargetPlatform
[2017.03.04-05.37.08:901][  0]LogTemp:Display: Loaded TP WindowsNoEditorTargetPlatform
[2017.03.04-05.37.09:006][  0]LogTemp:Display: Loaded TP WindowsServerTargetPlatform
[2017.03.04-05.37.09:080][  0]LogTemp:Display: Loaded TP WindowsTargetPlatform
[2017.03.04-05.37.09:188][  0]LogTemp:Display: Loaded TP AndroidTargetPlatform
[2017.03.04-05.37.09:287][  0]LogTemp:Display: Loaded TP Android_ASTCTargetPlatform
[2017.03.04-05.37.09:370][  0]LogTemp:Display: Loaded TP Android_ATCTargetPlatform
[2017.03.04-05.37.09:464][  0]LogTemp:Display: Loaded TP Android_DXTTargetPlatform
[2017.03.04-05.37.09:548][  0]LogTemp:Display: Loaded TP Android_ETC1TargetPlatform
[2017.03.04-05.37.09:640][  0]LogTemp:Display: Loaded TP Android_ETC2TargetPlatform
[2017.03.04-05.37.09:807][  0]LogTemp:Display: Loaded TP Android_MultiTargetPlatform
[2017.03.04-05.37.09:807][  0]LogTemp:Display: Loaded TP Android_PVRTCTargetPlatform
[2017.03.04-05.37.09:864][  0]LogTemp:Display: Loaded TP HTML5TargetPlatform
[2017.03.04-05.37.10:127][  0]LogTemp:Display: Loaded TP IOSTargetPlatform
[2017.03.04-05.37.10:191][  0]LogTemp:Display: Loaded TP TVOSTargetPlatform
[2017.03.04-05.37.10:298][  0]LogTemp:Display: Loaded TP LinuxClientTargetPlatform
[2017.03.04-05.37.10:398][  0]LogTemp:Display: Loaded TP LinuxNoEditorTargetPlatform
[2017.03.04-05.37.10:505][  0]LogTemp:Display: Loaded TP LinuxServerTargetPlatform
[2017.03.04-05.37.10:603][  0]LogTemp:Display: Loaded TP LinuxTargetPlatform
[2017.03.04-05.37.10:604][  0]LogTargetPlatformManager:Display: Building Assets For Windows
[2017.03.04-05.37.12:076][  0]LogDerivedDataCache:Display: Max Cache Size: 512 MB
[2017.03.04-05.37.12:305][  0]LogDerivedDataCache: Loaded boot cache 0.23s 50MB C:/Users/Chris/AppData/Local/UnrealEngine/4.14/DerivedDataCache/Boot.ddc.
[2017.03.04-05.37.12:305][  0]LogDerivedDataCache:Display: Loaded Boot cache: C:/Users/Chris/AppData/Local/UnrealEngine/4.14/DerivedDataCache/Boot.ddc
[2017.03.04-05.37.12:305][  0]LogDerivedDataCache: FDerivedDataBackendGraph:  Pak pak cache file ../../../../../Unreal Projects/ChimeraGames/Abyss/DerivedDataCache/DDC.ddp not found, will not use a pak cache.
[2017.03.04-05.37.12:305][  0]LogDerivedDataCache: Unable to find inner node Pak for hierarchical cache Hierarchy.
[2017.03.04-05.37.12:305][  0]LogDerivedDataCache: FDerivedDataBackendGraph:  CompressedPak pak cache file ../../../../../Unreal Projects/ChimeraGames/Abyss/DerivedDataCache/Compressed.ddp not found, will not use a pak cache.
[2017.03.04-05.37.12:305][  0]LogDerivedDataCache: Unable to find inner node CompressedPak for hierarchical cache Hierarchy.
[2017.03.04-05.37.12:392][  0]LogDerivedDataCache:Display: Pak cache opened for reading ../../../Engine/DerivedDataCache/Compressed.ddp.
[2017.03.04-05.37.12:404][  0]LogDerivedDataCache: Using Local data cache path C:/Users/Chris/AppData/Local/UnrealEngine/Common/DerivedDataCache: Writable
[2017.03.04-05.37.17:556][  0]LogInit: Selected Device Profile: [Windows]
[2017.03.04-05.37.17:611][  0]LogContentStreaming: Texture pool size is 0.00 MB
[2017.03.04-05.37.18:644][  0]LogMeshUtilities: Using QuadricMeshReduction for automatic static mesh reduction
[2017.03.04-05.37.18:856][  0]LogSimplygon: Simplygon DLL not present - disabling.
[2017.03.04-05.37.18:993][  0]LogMeshUtilities: Using SimplygonSwarm for distributed automatic mesh merging
[2017.03.04-05.37.18:993][  0]LogMeshUtilities: No automatic skeletal mesh reduction module available
[2017.03.04-05.37.18:993][  0]LogMeshUtilities: No automatic mesh merging module available
[2017.03.04-05.37.23:679][  0]LogNetVersion: GetLocalNetworkVersion: CL: 3195953, ProjectName: abyss, ProjectVersion: , EngineNetworkVersion: 2, GameNetworkVersion: 0, NetworkChecksum: 1595127573
[2017.03.04-05.37.23:900][  0]LogAssetRegistry: FAssetRegistry took 0.0203 seconds to start up
[2017.03.04-05.37.23:999][  0]LogPackageLocalizationCache: Processed 4 localized package path(s) for 2 prioritized culture(s) in 0.068207 seconds
[2017.03.04-05.37.24:030][  0]LogUObjectArray: 31890 objects as part of root set at end of initial load.
[2017.03.04-05.37.24:030][  0]LogUObjectAllocator: 6922376 out of 0 bytes used by permanent object pool.
[2017.03.04-05.37.24:030][  0]LogUObjectArray: CloseDisregardForGC: 0/0 objects in disregard for GC pool
[2017.03.04-05.37.24:124][  0]LogInit: WinSock: version 1.1 (2.2), MaxSocks=32767, MaxUdp=65467
[2017.03.04-05.37.27:045][  0]LogSlate: Using Freetype 2.6.0
[2017.03.04-05.37.27:075][  0]LogSlate: SlateFontCache - WITH_FREETYPE: 1, WITH_HARFBUZZ: 1
[2017.03.04-05.37.27:075][  0]LogSlate: SlateFontCache - WITH_FREETYPE: 1, WITH_HARFBUZZ: 1
[2017.03.04-05.37.35:549][  0]JavascriptCmd: Unreal.js started. V8 5.7.201
[2017.03.04-05.37.37:193][  0]LogMaterial: Uniform references updated for custom material expression Custom.
[2017.03.04-05.37.38:176][  0]SourceControl: Info Source control is disabled
[2017.03.04-05.37.38:176][  0]SourceControl: Info Source control is disabled
[2017.03.04-05.37.38:363][  0]SourceControl: Info Source control is disabled
[2017.03.04-05.37.38:484][  0]SourceControl: Info Source control is disabled
[2017.03.04-05.37.42:075][  0]ImportText (YAxis): Missing opening parenthesis: 0.000000,1.000000,0.000000
[2017.03.04-05.37.42:075][  0]ImportText (ZAxis): Missing opening parenthesis: 0.000000,0.000000,1.000000
[2017.03.04-05.37.42:076][  0]ImportText (Rotation): Missing opening parenthesis: -90.000000,0.000000,0.000000
[2017.03.04-05.37.42:080][  0]ImportText (B): Missing opening parenthesis: 1.000000,1.000000,1.000000
[2017.03.04-05.37.43:599][  0]LogEngine: Initializing Engine...
[2017.03.04-05.37.44:527][  0]LogAIModule: Creating AISystem for world Untitled
[2017.03.04-05.37.44:662][  0]LogInit: XAudio2 using '1 - SE32HY27 (2- AMD High Definition Audio Device)' : 2 channels at 48 kHz using 16 bits per sample (channel mask 0x3)
[2017.03.04-05.37.44:727][  0]LogInit: FAudioDevice initialized.
[2017.03.04-05.37.44:775][  0]LogDerivedDataCache: Saved boot cache 0.05s 50MB C:/Users/Chris/AppData/Local/UnrealEngine/4.14/DerivedDataCache/Boot.ddc.
[2017.03.04-05.37.44:793][  0]LogInit: Texture streaming: Enabled
[2017.03.04-05.37.45:484][  0]LogInit: Transaction tracking system initialized
[2017.03.04-05.37.46:302][  0]BlueprintLog: New page: Editor Load
[2017.03.04-05.37.48:933][  0]LocalizationService: Info Localization service is disabled
[2017.03.04-05.37.49:788][  0]LogModuleManager:Warning: No filename provided for module TcpMessaging
[2017.03.04-05.37.49:788][  0]LogModuleManager:Warning: ModuleManager: Unable to load module 'TcpMessaging' because the file 'E:/Game Data/Epic Games/4.14/Engine/Binaries/Win64/' was not found.
[2017.03.04-05.37.50:522][  0]LogConsoleResponse:Display: 
[2017.03.04-05.37.51:963][  0]LogFileCache: Scanning file cache for directory 'E:/Game Data/Unreal Projects/ChimeraGames/Abyss/Content/' took 0.01s
[2017.03.04-05.37.51:963][  0]LogCook:Display: Max memory allowance for cook 16384mb min free memory 0mb
[2017.03.04-05.37.51:963][  0]LogCook:Display: Mobile HDR setting 1
[2017.03.04-05.37.54:543][  0]SourceControl: Info Source control is disabled
[2017.03.04-05.37.54:560][  0]Cmd: MAP LOAD FILE="../../../../../Unreal Projects/ChimeraGames/Abyss/Content/Maps-Levels/Fort/Fort_Exploration.umap" TEMPLATE=0 SHOWPROGRESS=1 FEATURELEVEL=3
[2017.03.04-05.37.54:576][  0]LightingResults: New page: Lighting Build
[2017.03.04-05.37.54:756][  0]MapCheck: New page: Map Check
[2017.03.04-05.37.54:756][  0]LightingResults: New page: Lighting Build
[2017.03.04-05.37.57:751][  0]LogAIModule: Creating AISystem for world Fort_Exploration
[2017.03.04-05.37.57:975][  0]LogEditorServer: Finished looking for orphan Actors (0.000 secs)
[2017.03.04-05.37.58:003][  0]Cmd: MAP CHECKDEP NOCLEARLOG
[2017.03.04-05.37.58:101][  0]MapCheck: Info Map check complete: 0 Error(s), 0 Warning(s), took 98.011ms to complete.
[2017.03.04-05.37.58:102][  0]LogFileHelpers: Loading map 'Fort_Exploration' took 3.550
[2017.03.04-05.37.59:084][  0]LogCollectionManager: Loaded 0 collections in 0.002665 seconds
[2017.03.04-05.37.59:229][  0]LogFileCache: Scanning file cache for directory 'E:/Game Data/Unreal Projects/ChimeraGames/Abyss/Saved/Collections/' took 0.01s
[2017.03.04-05.37.59:229][  0]LogFileCache: Scanning file cache for directory 'E:/Game Data/Unreal Projects/ChimeraGames/Abyss/Content/Developers/Chris/Collections/' took 0.01s
[2017.03.04-05.37.59:229][  0]LogFileCache: Scanning file cache for directory 'E:/Game Data/Unreal Projects/ChimeraGames/Abyss/Content/Collections/' took 0.01s
[2017.03.04-05.37.59:229][  0]LogCollectionManager: Rebuilt the GUID cache for 0 collections in 0.000006 seconds
[2017.03.04-05.37.59:264][  0]LogContentBrowser: Native class hierarchy populated in 0.0194 seconds. Added 2245 classes and 411 folders.
[2017.03.04-05.37.59:342][  0]LogStats: UGameplayTagsManager::ConstructGameplayTagTree: Construct from data asset -  0.000 s
[2017.03.04-05.37.59:342][  0]LogStats: UGameplayTagsManager::ConstructGameplayTagTree: GameplayTagTreeChangedEvent.Broadcast -  0.000 s
[2017.03.04-05.37.59:343][  0]LogContentBrowser: Native class hierarchy updated for 'GameplayTags' in 0.0008 seconds. Added 13 classes and 0 folders.
[2017.03.04-05.37.59:416][  0]LogContentBrowser: Native class hierarchy updated for 'WidgetCarousel' in 0.0006 seconds. Added 0 classes and 0 folders.
[2017.03.04-05.38.00:110][  0]LogContentBrowser: Native class hierarchy updated for 'AddContentDialog' in 0.0007 seconds. Added 0 classes and 0 folders.
[2017.03.04-05.38.00:247][  0]LogContentBrowser: Native class hierarchy updated for 'SceneOutliner' in 0.0007 seconds. Added 1 classes and 2 folders.
[2017.03.04-05.38.01:234][  0]LogCrashTracker: Crashtracker disabled due to settings.
[2017.03.04-05.38.04:599][  0]LogTemp:Display: Executing iPhonePackager certificates Engine -bundlename com.YourCompany.Abyss

[2017.03.04-05.38.04:600][  0]LogTemp:Display: CWD: E:\Game Data\Epic Games\4.14\Engine\Binaries\DotNet\IOS

[2017.03.04-05.38.04:600][  0]LogTemp:Display: Initial Dir: E:\Game Data\Epic Games\4.14

[2017.03.04-05.38.04:600][  0]LogTemp:Display: Env CWD: E:\Game Data\Epic Games\4.14\Engine\Binaries\DotNet\IOS

[2017.03.04-05.38.04:600][  0]LogTemp:Display: BranchPath = RAGNAR?K/E/Game Data/Epic Games/4.14/Engine/Binaries --- GameBranchPath = RAGNAR?K/E/Game Data/Epic Games/4.14/Engine/Binaries

[2017.03.04-05.38.04:600][  0]LogSlate: Only BGRA pngs, bmps or icos are supported in by External Image Picker
[2017.03.04-05.38.04:782][  0]LogTemp:Display: IPP ERROR: Application exception: System.IO.DirectoryNotFoundException: Could not find a part of the path 'C:\Users\Chris\AppData\Local\Apple Computer\MobileDevice\Provisioning Profiles'.

[2017.03.04-05.38.04:782][  0]LogTemp:Display:    at System.IO.__Error.WinIOError(Int32 errorCode, String maybeFullPath)

[2017.03.04-05.38.04:782][  0]LogTemp:Display:    at System.IO.FileSystemEnumerableIterator`1.CommonInit()

[2017.03.04-05.38.04:782][  0]LogTemp:Display:    at System.IO.Directory.EnumerateFiles(String path, String searchPattern)

[2017.03.04-05.38.04:782][  0]LogTemp:Display:    at iPhonePackager.CodeSignatureBuilder.FindProvisions(String CFBundleIdentifier)

[2017.03.04-05.38.04:782][  0]LogTemp:Display:    at iPhonePackager.Program.Main(String[] args)

[2017.03.04-05.38.04:782][  0]LogUObjectGlobals:Warning: Failed to find object 'Class None.'
[2017.03.04-05.38.04:924][  0]LogContentBrowser: Native class hierarchy updated for 'HierarchicalLODOutliner' in 0.0007 seconds. Added 1 classes and 2 folders.
[2017.03.04-05.38.04:925][  0]LogLoad: (Engine Initialization) Total time: 81.05 seconds
[2017.03.04-05.38.04:925][  0]LogLoad: (Engine Initialization) Total Blueprint compile time: 1.01 seconds
[2017.03.04-05.38.04:925][  0]LogExternalProfiler: Found external profiler: VSPerf
[2017.03.04-05.38.04:925][  0]LogExternalProfiler: Using external profiler: VSPerf
[2017.03.04-05.38.05:062][  0]LogContentStreaming: Texture pool size now 1000 MB
[2017.03.04-05.38.05:792][  0]LogRenderer: Reallocating scene render targets to support 728x396 NumSamples 1 (Frame:2).
[2017.03.04-05.38.06:242][  3]LogAssetRegistry: Asset discovery search completed in 42.3631 seconds
[2017.03.04-05.38.06:242][  3]LogCollectionManager: Rebuilt the object cache for 0 collections in 0.000001 seconds (found 0 objects)
[2017.03.04-05.38.06:242][  3]LogCollectionManager: Fixed up redirectors for 0 collections in 0.000030 seconds (updated 0 objects)
[2017.03.04-05.38.12:892][397]LogContentBrowser: Native class hierarchy updated for 'BlueprintGraph' in 0.0014 seconds. Added 111 classes and 0 folders.
[2017.03.04-05.39.18:011][123]LogFactory: FactoryCreateFile: Texture with ReimportTextureFactory (0 0 C:\Users\Chris\Downloads\torch.png)
[2017.03.04-05.39.18:056][123]LogTexture:Display: Building textures: torch (AutoDXT)
[2017.03.04-05.39.22:192][287]LogContentBrowser: Native class hierarchy updated for 'TextureEditor' in 0.0007 seconds. Added 1 classes and 2 folders.
[2017.03.04-05.39.25:306][582]LogTexture:Display: Building textures: torch (BGRA8)
[2017.03.04-05.39.26:635][741]LogTexture:Display: Building textures: torch (BGRA8)
[2017.03.04-05.39.31:697][334]Cmd: OBJ SAVEPACKAGE PACKAGE="/Game/Assets/Sprites/Other/torch" FILE="../../../../../Unreal Projects/ChimeraGames/Abyss/Content/Assets/Sprites/Other/torch.uasset" SILENT=true
[2017.03.04-05.39.31:718][334]LogSavePackage: Save=6.73ms
[2017.03.04-05.39.31:718][334]LogSavePackage: Moving '../../../../../Unreal Projects/ChimeraGames/Abyss/Saved/torchC6D9D45D49E6E6787229FFA0176719EF.tmp' to '../../../../../Unreal Projects/ChimeraGames/Abyss/Content/Assets/Sprites/Other/torch.uasset'
[2017.03.04-05.39.31:728][334]LogSavePackage:Display: Finished SavePackage ../../../../../Unreal Projects/ChimeraGames/Abyss/Content/Assets/Sprites/Other/torch.uasset
[2017.03.04-05.40.28:285][106]BlueprintLog: New page: Compile mouseCursor
[2017.03.04-05.40.29:581][191]LogTemp: Repeting last play command: Selected Viewport
[2017.03.04-05.40.29:684][191]LogBlueprintUserMessages: Early PlayInEditor Detection: Level '/Game/Maps-Levels/Fort/Fort_Exploration.Fort_Exploration:PersistentLevel' has LevelScriptBlueprint '/Game/Maps-Levels/Fort/Fort_Exploration.Fort_Exploration:PersistentLevel.Fort_Exploration' with GeneratedClass '/Game/Maps-Levels/Fort/Fort_Exploration.Fort_Exploration_C' with ClassGeneratedBy '/Game/Maps-Levels/Fort/Fort_Exploration.Fort_Exploration:PersistentLevel.Fort_Exploration'
[2017.03.04-05.40.29:684][191]LogPlayLevel: PlayLevel: No blueprints needed recompiling
[2017.03.04-05.40.29:696][191]PIE: New page: PIE session: Fort_Exploration (Mar 3, 2017, 7:40:29 PM)
[2017.03.04-05.40.29:696][191]LogPlayLevel: Creating play world package: /Game/Maps-Levels/Fort/UEDPIE_0_Fort_Exploration
[2017.03.04-05.40.29:699][191]LogPlayLevel: PIE: StaticDuplicateObject took: (0.002827s)
[2017.03.04-05.40.29:700][191]LogAIModule: Creating AISystem for world Fort_Exploration
[2017.03.04-05.40.29:700][191]LogPlayLevel: PIE: World Init took: (0.000787s)
[2017.03.04-05.40.29:700][191]LogPlayLevel: PIE: Created PIE world by copying editor world from /Game/Maps-Levels/Fort/Fort_Exploration.Fort_Exploration to /Game/Maps-Levels/Fort/UEDPIE_0_Fort_Exploration.Fort_Exploration (0.003856s)
[2017.03.04-05.40.29:882][191]LogInit: XAudio2 using '1 - SE32HY27 (2- AMD High Definition Audio Device)' : 2 channels at 48 kHz using 16 bits per sample (channel mask 0x3)
[2017.03.04-05.40.29:896][191]LogInit: FAudioDevice initialized.
[2017.03.04-05.40.29:956][191]LogLoad: Game class is 'abyssExplorationMode_C'
[2017.03.04-05.40.29:959][191]LogWorld: Bringing World /Game/Maps-Levels/Fort/UEDPIE_0_Fort_Exploration.Fort_Exploration up for play (max tick rate 0) at 2017.03.04-00.40.29
[2017.03.04-05.40.29:987][191]LogWorld: Bringing up level for play took: 0.029021
[2017.03.04-05.40.30:084][191]LogContentBrowser: Native class hierarchy updated for 'MovieSceneCapture' in 0.0007 seconds. Added 11 classes and 0 folders.
[2017.03.04-05.40.30:121][191]PIE: Info Play in editor start time for /Game/Maps-Levels/Fort/UEDPIE_0_Fort_Exploration 0.733
[2017.03.04-05.40.30:121][191]LogBlueprintUserMessages: Late PlayInEditor Detection: Level '/Game/Maps-Levels/Fort/Fort_Exploration.Fort_Exploration:PersistentLevel' has LevelScriptBlueprint '/Game/Maps-Levels/Fort/Fort_Exploration.Fort_Exploration:PersistentLevel.Fort_Exploration' with GeneratedClass '/Game/Maps-Levels/Fort/Fort_Exploration.Fort_Exploration_C' with ClassGeneratedBy '/Game/Maps-Levels/Fort/Fort_Exploration.Fort_Exploration:PersistentLevel.Fort_Exploration'
[2017.03.04-05.40.30:180][191]LogRenderer: Reallocating scene render targets to support 1292x756 NumSamples 1 (Frame:3171).
[2017.03.04-05.40.31:946][383]LogBlueprintUserMessages: Early EndPlayMap Detection: Level '/Game/Maps-Levels/Fort/Fort_Exploration.Fort_Exploration:PersistentLevel' has LevelScriptBlueprint '/Game/Maps-Levels/Fort/Fort_Exploration.Fort_Exploration:PersistentLevel.Fort_Exploration' with GeneratedClass '/Game/Maps-Levels/Fort/Fort_Exploration.Fort_Exploration_C' with ClassGeneratedBy '/Game/Maps-Levels/Fort/Fort_Exploration.Fort_Exploration:PersistentLevel.Fort_Exploration'
[2017.03.04-05.40.32:094][383]LogBlueprintUserMessages: Late EndPlayMap Detection: Level '/Game/Maps-Levels/Fort/Fort_Exploration.Fort_Exploration:PersistentLevel' has LevelScriptBlueprint '/Game/Maps-Levels/Fort/Fort_Exploration.Fort_Exploration:PersistentLevel.Fort_Exploration' with GeneratedClass '/Game/Maps-Levels/Fort/Fort_Exploration.Fort_Exploration_C' with ClassGeneratedBy '/Game/Maps-Levels/Fort/Fort_Exploration.Fort_Exploration:PersistentLevel.Fort_Exploration'
[2017.03.04-05.40.32:256][383]LogAudio:Warning: Audio Component is being destroyed without stopping looping sound 'ambientBackground'
[2017.03.04-05.40.38:374][ 99]LogSlate:Warning: Prevented a slow task dialog from being summoned while a context menu was open
[2017.03.04-05.40.44:629][801]LogTemp: Repeting last play command: Selected Viewport
[2017.03.04-05.40.44:673][801]LogBlueprintUserMessages: Early PlayInEditor Detection: Level '/Game/Maps-Levels/Fort/Fort_Exploration.Fort_Exploration:PersistentLevel' has LevelScriptBlueprint '/Game/Maps-Levels/Fort/Fort_Exploration.Fort_Exploration:PersistentLevel.Fort_Exploration' with GeneratedClass '/Game/Maps-Levels/Fort/Fort_Exploration.Fort_Exploration_C' with ClassGeneratedBy '/Game/Maps-Levels/Fort/Fort_Exploration.Fort_Exploration:PersistentLevel.Fort_Exploration'
[2017.03.04-05.40.44:673][801]LogPlayLevel: PlayLevel: No blueprints needed recompiling
[2017.03.04-05.40.44:673][801]PIE: New page: PIE session: Fort_Exploration (Mar 3, 2017, 7:40:44 PM)
[2017.03.04-05.40.44:674][801]LogPlayLevel: Creating play world package: /Game/Maps-Levels/Fort/UEDPIE_0_Fort_Exploration
[2017.03.04-05.40.44:677][801]LogPlayLevel: PIE: StaticDuplicateObject took: (0.002784s)
[2017.03.04-05.40.44:677][801]LogAIModule: Creating AISystem for world Fort_Exploration
[2017.03.04-05.40.44:677][801]LogPlayLevel: PIE: World Init took: (0.000760s)
[2017.03.04-05.40.44:678][801]LogPlayLevel: PIE: Created PIE world by copying editor world from /Game/Maps-Levels/Fort/Fort_Exploration.Fort_Exploration to /Game/Maps-Levels/Fort/UEDPIE_0_Fort_Exploration.Fort_Exploration (0.003784s)
[2017.03.04-05.40.44:854][801]LogInit: XAudio2 using '1 - SE32HY27 (2- AMD High Definition Audio Device)' : 2 channels at 48 kHz using 16 bits per sample (channel mask 0x3)
[2017.03.04-05.40.44:868][801]LogInit: FAudioDevice initialized.
[2017.03.04-05.40.44:925][801]LogLoad: Game class is 'abyssExplorationMode_C'
[2017.03.04-05.40.44:929][801]LogWorld: Bringing World /Game/Maps-Levels/Fort/UEDPIE_0_Fort_Exploration.Fort_Exploration up for play (max tick rate 0) at 2017.03.04-00.40.44
[2017.03.04-05.40.44:929][801]LogWorld: Bringing up level for play took: 0.002148
[2017.03.04-05.40.44:946][801]PIE: Info Play in editor start time for /Game/Maps-Levels/Fort/UEDPIE_0_Fort_Exploration -0.442
[2017.03.04-05.40.44:946][801]LogBlueprintUserMessages: Late PlayInEditor Detection: Level '/Game/Maps-Levels/Fort/Fort_Exploration.Fort_Exploration:PersistentLevel' has LevelScriptBlueprint '/Game/Maps-Levels/Fort/Fort_Exploration.Fort_Exploration:PersistentLevel.Fort_Exploration' with GeneratedClass '/Game/Maps-Levels/Fort/Fort_Exploration.Fort_Exploration_C' with ClassGeneratedBy '/Game/Maps-Levels/Fort/Fort_Exploration.Fort_Exploration:PersistentLevel.Fort_Exploration'
[2017.03.04-05.40.54:753][461]LogBlueprintUserMessages: Early EndPlayMap Detection: Level '/Game/Maps-Levels/Fort/Fort_Exploration.Fort_Exploration:PersistentLevel' has LevelScriptBlueprint '/Game/Maps-Levels/Fort/Fort_Exploration.Fort_Exploration:PersistentLevel.Fort_Exploration' with GeneratedClass '/Game/Maps-Levels/Fort/Fort_Exploration.Fort_Exploration_C' with ClassGeneratedBy '/Game/Maps-Levels/Fort/Fort_Exploration.Fort_Exploration:PersistentLevel.Fort_Exploration'
[2017.03.04-05.40.54:816][461]LogBlueprintUserMessages: Late EndPlayMap Detection: Level '/Game/Maps-Levels/Fort/Fort_Exploration.Fort_Exploration:PersistentLevel' has LevelScriptBlueprint '/Game/Maps-Levels/Fort/Fort_Exploration.Fort_Exploration:PersistentLevel.Fort_Exploration' with GeneratedClass '/Game/Maps-Levels/Fort/Fort_Exploration.Fort_Exploration_C' with ClassGeneratedBy '/Game/Maps-Levels/Fort/Fort_Exploration.Fort_Exploration:PersistentLevel.Fort_Exploration'
[2017.03.04-05.40.54:970][461]LogAudio:Warning: Audio Component is being destroyed without stopping looping sound 'ambientBackground'
[2017.03.04-05.40.56:149][560]LogTemp: Repeting last play command: Selected Viewport
[2017.03.04-05.40.56:192][560]LogBlueprintUserMessages: Early PlayInEditor Detection: Level '/Game/Maps-Levels/Fort/Fort_Exploration.Fort_Exploration:PersistentLevel' has LevelScriptBlueprint '/Game/Maps-Levels/Fort/Fort_Exploration.Fort_Exploration:PersistentLevel.Fort_Exploration' with GeneratedClass '/Game/Maps-Levels/Fort/Fort_Exploration.Fort_Exploration_C' with ClassGeneratedBy '/Game/Maps-Levels/Fort/Fort_Exploration.Fort_Exploration:PersistentLevel.Fort_Exploration'
[2017.03.04-05.40.56:192][560]LogPlayLevel: PlayLevel: No blueprints needed recompiling
[2017.03.04-05.40.56:192][560]PIE: New page: PIE session: Fort_Exploration (Mar 3, 2017, 7:40:56 PM)
[2017.03.04-05.40.56:193][560]LogPlayLevel: Creating play world package: /Game/Maps-Levels/Fort/UEDPIE_0_Fort_Exploration
[2017.03.04-05.40.56:195][560]LogPlayLevel: PIE: StaticDuplicateObject took: (0.002679s)
[2017.03.04-05.40.56:196][560]LogAIModule: Creating AISystem for world Fort_Exploration
[2017.03.04-05.40.56:196][560]LogPlayLevel: PIE: World Init took: (0.000768s)
[2017.03.04-05.40.56:196][560]LogPlayLevel: PIE: Created PIE world by copying editor world from /Game/Maps-Levels/Fort/Fort_Exploration.Fort_Exploration to /Game/Maps-Levels/Fort/UEDPIE_0_Fort_Exploration.Fort_Exploration (0.003666s)
[2017.03.04-05.40.56:371][560]LogInit: XAudio2 using '1 - SE32HY27 (2- AMD High Definition Audio Device)' : 2 channels at 48 kHz using 16 bits per sample (channel mask 0x3)
[2017.03.04-05.40.56:382][560]LogInit: FAudioDevice initialized.
[2017.03.04-05.40.56:446][560]LogLoad: Game class is 'abyssExplorationMode_C'
[2017.03.04-05.40.56:450][560]LogWorld: Bringing World /Game/Maps-Levels/Fort/UEDPIE_0_Fort_Exploration.Fort_Exploration up for play (max tick rate 0) at 2017.03.04-00.40.56
[2017.03.04-05.40.56:451][560]LogWorld: Bringing up level for play took: 0.002244
[2017.03.04-05.40.56:467][560]PIE: Info Play in editor start time for /Game/Maps-Levels/Fort/UEDPIE_0_Fort_Exploration 1.078
[2017.03.04-05.40.56:468][560]LogBlueprintUserMessages: Late PlayInEditor Detection: Level '/Game/Maps-Levels/Fort/Fort_Exploration.Fort_Exploration:PersistentLevel' has LevelScriptBlueprint '/Game/Maps-Levels/Fort/Fort_Exploration.Fort_Exploration:PersistentLevel.Fort_Exploration' with GeneratedClass '/Game/Maps-Levels/Fort/Fort_Exploration.Fort_Exploration_C' with ClassGeneratedBy '/Game/Maps-Levels/Fort/Fort_Exploration.Fort_Exploration:PersistentLevel.Fort_Exploration'
[2017.03.04-05.40.58:446][694]LogBlueprintUserMessages: Early EndPlayMap Detection: Level '/Game/Maps-Levels/Fort/Fort_Exploration.Fort_Exploration:PersistentLevel' has LevelScriptBlueprint '/Game/Maps-Levels/Fort/Fort_Exploration.Fort_Exploration:PersistentLevel.Fort_Exploration' with GeneratedClass '/Game/Maps-Levels/Fort/Fort_Exploration.Fort_Exploration_C' with ClassGeneratedBy '/Game/Maps-Levels/Fort/Fort_Exploration.Fort_Exploration:PersistentLevel.Fort_Exploration'
[2017.03.04-05.40.58:512][694]LogBlueprintUserMessages: Late EndPlayMap Detection: Level '/Game/Maps-Levels/Fort/Fort_Exploration.Fort_Exploration:PersistentLevel' has LevelScriptBlueprint '/Game/Maps-Levels/Fort/Fort_Exploration.Fort_Exploration:PersistentLevel.Fort_Exploration' with GeneratedClass '/Game/Maps-Levels/Fort/Fort_Exploration.Fort_Exploration_C' with ClassGeneratedBy '/Game/Maps-Levels/Fort/Fort_Exploration.Fort_Exploration:PersistentLevel.Fort_Exploration'
[2017.03.04-05.40.58:672][694]LogAudio:Warning: Audio Component is being destroyed without stopping looping sound 'ambientBackground'
[2017.03.04-05.41.20:102][ 53]BlueprintLog: New page: Compile PlayerController_Blueprint
[2017.03.04-05.41.21:166][ 95]LogSavePackage: Save=11.27ms
[2017.03.04-05.41.21:166][ 95]LogSavePackage: Moving '../../../../../Unreal Projects/ChimeraGames/Abyss/Saved/PlayerController_BlueprintBE2CAB1B411AF1917ECAD79E0873954D.tmp' to '../../../../../Unreal Projects/ChimeraGames/Abyss/Content/BluePrints/Exploration/PlayerController_Blueprint.uasset'
[2017.03.04-05.41.21:168][ 95]LogSavePackage:Display: Finished SavePackage ../../../../../Unreal Projects/ChimeraGames/Abyss/Content/BluePrints/Exploration/PlayerController_Blueprint.uasset
[2017.03.04-05.41.26:034][623]LogTemp: Repeting last play command: Selected Viewport
[2017.03.04-05.41.26:083][623]LogBlueprintUserMessages: Early PlayInEditor Detection: Level '/Game/Maps-Levels/Fort/Fort_Exploration.Fort_Exploration:PersistentLevel' has LevelScriptBlueprint '/Game/Maps-Levels/Fort/Fort_Exploration.Fort_Exploration:PersistentLevel.Fort_Exploration' with GeneratedClass '/Game/Maps-Levels/Fort/Fort_Exploration.Fort_Exploration_C' with ClassGeneratedBy '/Game/Maps-Levels/Fort/Fort_Exploration.Fort_Exploration:PersistentLevel.Fort_Exploration'
[2017.03.04-05.41.26:083][623]LogPlayLevel: PlayLevel: No blueprints needed recompiling
[2017.03.04-05.41.26:083][623]PIE: New page: PIE session: Fort_Exploration (Mar 3, 2017, 7:41:26 PM)
[2017.03.04-05.41.26:084][623]LogPlayLevel: Creating play world package: /Game/Maps-Levels/Fort/UEDPIE_0_Fort_Exploration
[2017.03.04-05.41.26:086][623]LogPlayLevel: PIE: StaticDuplicateObject took: (0.002704s)
[2017.03.04-05.41.26:087][623]LogAIModule: Creating AISystem for world Fort_Exploration
[2017.03.04-05.41.26:087][623]LogPlayLevel: PIE: World Init took: (0.000759s)
[2017.03.04-05.41.26:087][623]LogPlayLevel: PIE: Created PIE world by copying editor world from /Game/Maps-Levels/Fort/Fort_Exploration.Fort_Exploration to /Game/Maps-Levels/Fort/UEDPIE_0_Fort_Exploration.Fort_Exploration (0.003690s)
[2017.03.04-05.41.26:268][623]LogInit: XAudio2 using '1 - SE32HY27 (2- AMD High Definition Audio Device)' : 2 channels at 48 kHz using 16 bits per sample (channel mask 0x3)
[2017.03.04-05.41.26:279][623]LogInit: FAudioDevice initialized.
[2017.03.04-05.41.26:337][623]LogLoad: Game class is 'abyssExplorationMode_C'
[2017.03.04-05.41.26:341][623]LogWorld: Bringing World /Game/Maps-Levels/Fort/UEDPIE_0_Fort_Exploration.Fort_Exploration up for play (max tick rate 0) at 2017.03.04-00.41.26
[2017.03.04-05.41.26:342][623]LogWorld: Bringing up level for play took: 0.002170
[2017.03.04-05.41.26:358][623]PIE: Info Play in editor start time for /Game/Maps-Levels/Fort/UEDPIE_0_Fort_Exploration 0.97
[2017.03.04-05.41.26:359][623]LogBlueprintUserMessages: Late PlayInEditor Detection: Level '/Game/Maps-Levels/Fort/Fort_Exploration.Fort_Exploration:PersistentLevel' has LevelScriptBlueprint '/Game/Maps-Levels/Fort/Fort_Exploration.Fort_Exploration:PersistentLevel.Fort_Exploration' with GeneratedClass '/Game/Maps-Levels/Fort/Fort_Exploration.Fort_Exploration_C' with ClassGeneratedBy '/Game/Maps-Levels/Fort/Fort_Exploration.Fort_Exploration:PersistentLevel.Fort_Exploration'
[2017.03.04-05.41.28:894][795]LogBlueprintUserMessages: Early EndPlayMap Detection: Level '/Game/Maps-Levels/Fort/Fort_Exploration.Fort_Exploration:PersistentLevel' has LevelScriptBlueprint '/Game/Maps-Levels/Fort/Fort_Exploration.Fort_Exploration:PersistentLevel.Fort_Exploration' with GeneratedClass '/Game/Maps-Levels/Fort/Fort_Exploration.Fort_Exploration_C' with ClassGeneratedBy '/Game/Maps-Levels/Fort/Fort_Exploration.Fort_Exploration:PersistentLevel.Fort_Exploration'
[2017.03.04-05.41.28:956][795]LogBlueprintUserMessages: Late EndPlayMap Detection: Level '/Game/Maps-Levels/Fort/Fort_Exploration.Fort_Exploration:PersistentLevel' has LevelScriptBlueprint '/Game/Maps-Levels/Fort/Fort_Exploration.Fort_Exploration:PersistentLevel.Fort_Exploration' with GeneratedClass '/Game/Maps-Levels/Fort/Fort_Exploration.Fort_Exploration_C' with ClassGeneratedBy '/Game/Maps-Levels/Fort/Fort_Exploration.Fort_Exploration:PersistentLevel.Fort_Exploration'
[2017.03.04-05.41.29:112][795]LogAudio:Warning: Audio Component is being destroyed without stopping looping sound 'ambientBackground'
[2017.03.04-05.43.20:627][842]LogEditorTransaction: Undo Edit Bottom
[2017.03.04-05.43.21:373][899]Cmd: TRANSACTION UNDO
[2017.03.04-05.43.21:373][899]LogEditorTransaction: Undo Edit Right
[2017.03.04-05.46.11:018][364]BlueprintLog: New page: Compile mouseCursor
[2017.03.04-05.46.11:863][414]LogTemp: Repeting last play command: Selected Viewport
[2017.03.04-05.46.11:903][414]LogBlueprintUserMessages: Early PlayInEditor Detection: Level '/Game/Maps-Levels/Fort/Fort_Exploration.Fort_Exploration:PersistentLevel' has LevelScriptBlueprint '/Game/Maps-Levels/Fort/Fort_Exploration.Fort_Exploration:PersistentLevel.Fort_Exploration' with GeneratedClass '/Game/Maps-Levels/Fort/Fort_Exploration.Fort_Exploration_C' with ClassGeneratedBy '/Game/Maps-Levels/Fort/Fort_Exploration.Fort_Exploration:PersistentLevel.Fort_Exploration'
[2017.03.04-05.46.11:903][414]LogPlayLevel: PlayLevel: No blueprints needed recompiling
[2017.03.04-05.46.11:903][414]PIE: New page: PIE session: Fort_Exploration (Mar 3, 2017, 7:46:11 PM)
[2017.03.04-05.46.11:904][414]LogPlayLevel: Creating play world package: /Game/Maps-Levels/Fort/UEDPIE_0_Fort_Exploration
[2017.03.04-05.46.11:907][414]LogPlayLevel: PIE: StaticDuplicateObject took: (0.003368s)
[2017.03.04-05.46.11:908][414]LogAIModule: Creating AISystem for world Fort_Exploration
[2017.03.04-05.46.11:908][414]LogPlayLevel: PIE: World Init took: (0.000840s)
[2017.03.04-05.46.11:908][414]LogPlayLevel: PIE: Created PIE world by copying editor world from /Game/Maps-Levels/Fort/Fort_Exploration.Fort_Exploration to /Game/Maps-Levels/Fort/UEDPIE_0_Fort_Exploration.Fort_Exploration (0.004480s)
[2017.03.04-05.46.12:087][414]LogInit: XAudio2 using '1 - SE32HY27 (2- AMD High Definition Audio Device)' : 2 channels at 48 kHz using 16 bits per sample (channel mask 0x3)
[2017.03.04-05.46.12:102][414]LogInit: FAudioDevice initialized.
[2017.03.04-05.46.12:147][414]LogLoad: Game class is 'abyssExplorationMode_C'
[2017.03.04-05.46.12:151][414]LogWorld: Bringing World /Game/Maps-Levels/Fort/UEDPIE_0_Fort_Exploration.Fort_Exploration up for play (max tick rate 0) at 2017.03.04-00.46.12
[2017.03.04-05.46.12:152][414]LogWorld: Bringing up level for play took: 0.002249
[2017.03.04-05.46.12:157][414]PIE: Info Play in editor start time for /Game/Maps-Levels/Fort/UEDPIE_0_Fort_Exploration 0.769
[2017.03.04-05.46.12:157][414]LogBlueprintUserMessages: Late PlayInEditor Detection: Level '/Game/Maps-Levels/Fort/Fort_Exploration.Fort_Exploration:PersistentLevel' has LevelScriptBlueprint '/Game/Maps-Levels/Fort/Fort_Exploration.Fort_Exploration:PersistentLevel.Fort_Exploration' with GeneratedClass '/Game/Maps-Levels/Fort/Fort_Exploration.Fort_Exploration_C' with ClassGeneratedBy '/Game/Maps-Levels/Fort/Fort_Exploration.Fort_Exploration:PersistentLevel.Fort_Exploration'
[2017.03.04-05.46.16:113][815]LogBlueprintUserMessages: Early EndPlayMap Detection: Level '/Game/Maps-Levels/Fort/Fort_Exploration.Fort_Exploration:PersistentLevel' has LevelScriptBlueprint '/Game/Maps-Levels/Fort/Fort_Exploration.Fort_Exploration:PersistentLevel.Fort_Exploration' with GeneratedClass '/Game/Maps-Levels/Fort/Fort_Exploration.Fort_Exploration_C' with ClassGeneratedBy '/Game/Maps-Levels/Fort/Fort_Exploration.Fort_Exploration:PersistentLevel.Fort_Exploration'
[2017.03.04-05.46.16:176][815]LogBlueprintUserMessages: Late EndPlayMap Detection: Level '/Game/Maps-Levels/Fort/Fort_Exploration.Fort_Exploration:PersistentLevel' has LevelScriptBlueprint '/Game/Maps-Levels/Fort/Fort_Exploration.Fort_Exploration:PersistentLevel.Fort_Exploration' with GeneratedClass '/Game/Maps-Levels/Fort/Fort_Exploration.Fort_Exploration_C' with ClassGeneratedBy '/Game/Maps-Levels/Fort/Fort_Exploration.Fort_Exploration:PersistentLevel.Fort_Exploration'
[2017.03.04-05.46.16:335][815]LogAudio:Warning: Audio Component is being destroyed without stopping looping sound 'ambientBackground'
[2017.03.04-05.46.36:577][219]BlueprintLog: New page: Compile mouseCursor
[2017.03.04-05.46.37:447][272]LogTemp: Repeting last play command: Selected Viewport
[2017.03.04-05.46.37:487][272]LogBlueprintUserMessages: Early PlayInEditor Detection: Level '/Game/Maps-Levels/Fort/Fort_Exploration.Fort_Exploration:PersistentLevel' has LevelScriptBlueprint '/Game/Maps-Levels/Fort/Fort_Exploration.Fort_Exploration:PersistentLevel.Fort_Exploration' with GeneratedClass '/Game/Maps-Levels/Fort/Fort_Exploration.Fort_Exploration_C' with ClassGeneratedBy '/Game/Maps-Levels/Fort/Fort_Exploration.Fort_Exploration:PersistentLevel.Fort_Exploration'
[2017.03.04-05.46.37:487][272]LogPlayLevel: PlayLevel: No blueprints needed recompiling
[2017.03.04-05.46.37:487][272]PIE: New page: PIE session: Fort_Exploration (Mar 3, 2017, 7:46:37 PM)
[2017.03.04-05.46.37:487][272]LogPlayLevel: Creating play world package: /Game/Maps-Levels/Fort/UEDPIE_0_Fort_Exploration
[2017.03.04-05.46.37:490][272]LogPlayLevel: PIE: StaticDuplicateObject took: (0.002725s)
[2017.03.04-05.46.37:491][272]LogAIModule: Creating AISystem for world Fort_Exploration
[2017.03.04-05.46.37:491][272]LogPlayLevel: PIE: World Init took: (0.000799s)
[2017.03.04-05.46.37:491][272]LogPlayLevel: PIE: Created PIE world by copying editor world from /Game/Maps-Levels/Fort/Fort_Exploration.Fort_Exploration to /Game/Maps-Levels/Fort/UEDPIE_0_Fort_Exploration.Fort_Exploration (0.003761s)
[2017.03.04-05.46.37:670][272]LogInit: XAudio2 using '1 - SE32HY27 (2- AMD High Definition Audio Device)' : 2 channels at 48 kHz using 16 bits per sample (channel mask 0x3)
[2017.03.04-05.46.37:684][272]LogInit: FAudioDevice initialized.
[2017.03.04-05.46.37:733][272]LogLoad: Game class is 'abyssExplorationMode_C'
[2017.03.04-05.46.37:737][272]LogWorld: Bringing World /Game/Maps-Levels/Fort/UEDPIE_0_Fort_Exploration.Fort_Exploration up for play (max tick rate 0) at 2017.03.04-00.46.37
[2017.03.04-05.46.37:738][272]LogWorld: Bringing up level for play took: 0.002371
[2017.03.04-05.46.37:743][272]PIE: Info Play in editor start time for /Game/Maps-Levels/Fort/UEDPIE_0_Fort_Exploration 0.357
[2017.03.04-05.46.37:744][272]LogBlueprintUserMessages: Late PlayInEditor Detection: Level '/Game/Maps-Levels/Fort/Fort_Exploration.Fort_Exploration:PersistentLevel' has LevelScriptBlueprint '/Game/Maps-Levels/Fort/Fort_Exploration.Fort_Exploration:PersistentLevel.Fort_Exploration' with GeneratedClass '/Game/Maps-Levels/Fort/Fort_Exploration.Fort_Exploration_C' with ClassGeneratedBy '/Game/Maps-Levels/Fort/Fort_Exploration.Fort_Exploration:PersistentLevel.Fort_Exploration'
[2017.03.04-05.46.39:486][456]LogBlueprintUserMessages: Early EndPlayMap Detection: Level '/Game/Maps-Levels/Fort/Fort_Exploration.Fort_Exploration:PersistentLevel' has LevelScriptBlueprint '/Game/Maps-Levels/Fort/Fort_Exploration.Fort_Exploration:PersistentLevel.Fort_Exploration' with GeneratedClass '/Game/Maps-Levels/Fort/Fort_Exploration.Fort_Exploration_C' with ClassGeneratedBy '/Game/Maps-Levels/Fort/Fort_Exploration.Fort_Exploration:PersistentLevel.Fort_Exploration'
[2017.03.04-05.46.39:552][456]LogBlueprintUserMessages: Late EndPlayMap Detection: Level '/Game/Maps-Levels/Fort/Fort_Exploration.Fort_Exploration:PersistentLevel' has LevelScriptBlueprint '/Game/Maps-Levels/Fort/Fort_Exploration.Fort_Exploration:PersistentLevel.Fort_Exploration' with GeneratedClass '/Game/Maps-Levels/Fort/Fort_Exploration.Fort_Exploration_C' with ClassGeneratedBy '/Game/Maps-Levels/Fort/Fort_Exploration.Fort_Exploration:PersistentLevel.Fort_Exploration'
[2017.03.04-05.46.39:712][456]LogAudio:Warning: Audio Component is being destroyed without stopping looping sound 'ambientBackground'
[2017.03.04-05.46.49:569][627]BlueprintLog: New page: Compile mouseCursor
[2017.03.04-05.46.50:251][654]Cmd: OBJ SAVEPACKAGE PACKAGE="/Game/UMG/mouseCursor" FILE="../../../../../Unreal Projects/ChimeraGames/Abyss/Content/UMG/mouseCursor.uasset" SILENT=true
[2017.03.04-05.46.50:260][654]LogSavePackage: Save=8.14ms
[2017.03.04-05.46.50:260][654]LogSavePackage: Moving '../../../../../Unreal Projects/ChimeraGames/Abyss/Saved/mouseCursorD52DD0EE43133E67B87825A4763F0451.tmp' to '../../../../../Unreal Projects/ChimeraGames/Abyss/Content/UMG/mouseCursor.uasset'
[2017.03.04-05.46.50:262][654]LogSavePackage:Display: Finished SavePackage ../../../../../Unreal Projects/ChimeraGames/Abyss/Content/UMG/mouseCursor.uasset
[2017.03.04-05.46.50:825][721]LogTemp: Repeting last play command: Selected Viewport
[2017.03.04-05.46.50:865][721]LogBlueprintUserMessages: Early PlayInEditor Detection: Level '/Game/Maps-Levels/Fort/Fort_Exploration.Fort_Exploration:PersistentLevel' has LevelScriptBlueprint '/Game/Maps-Levels/Fort/Fort_Exploration.Fort_Exploration:PersistentLevel.Fort_Exploration' with GeneratedClass '/Game/Maps-Levels/Fort/Fort_Exploration.Fort_Exploration_C' with ClassGeneratedBy '/Game/Maps-Levels/Fort/Fort_Exploration.Fort_Exploration:PersistentLevel.Fort_Exploration'
[2017.03.04-05.46.50:866][721]LogPlayLevel: PlayLevel: No blueprints needed recompiling
[2017.03.04-05.46.50:866][721]PIE: New page: PIE session: Fort_Exploration (Mar 3, 2017, 7:46:50 PM)
[2017.03.04-05.46.50:866][721]LogPlayLevel: Creating play world package: /Game/Maps-Levels/Fort/UEDPIE_0_Fort_Exploration
[2017.03.04-05.46.50:870][721]LogPlayLevel: PIE: StaticDuplicateObject took: (0.003308s)
[2017.03.04-05.46.50:870][721]LogAIModule: Creating AISystem for world Fort_Exploration
[2017.03.04-05.46.50:870][721]LogPlayLevel: PIE: World Init took: (0.000822s)
[2017.03.04-05.46.50:871][721]LogPlayLevel: PIE: Created PIE world by copying editor world from /Game/Maps-Levels/Fort/Fort_Exploration.Fort_Exploration to /Game/Maps-Levels/Fort/UEDPIE_0_Fort_Exploration.Fort_Exploration (0.004383s)
[2017.03.04-05.46.51:043][721]LogInit: XAudio2 using '1 - SE32HY27 (2- AMD High Definition Audio Device)' : 2 channels at 48 kHz using 16 bits per sample (channel mask 0x3)
[2017.03.04-05.46.51:054][721]LogInit: FAudioDevice initialized.
[2017.03.04-05.46.51:099][721]LogLoad: Game class is 'abyssExplorationMode_C'
[2017.03.04-05.46.51:103][721]LogWorld: Bringing World /Game/Maps-Levels/Fort/UEDPIE_0_Fort_Exploration.Fort_Exploration up for play (max tick rate 0) at 2017.03.04-00.46.51
[2017.03.04-05.46.51:104][721]LogWorld: Bringing up level for play took: 0.002256
[2017.03.04-05.46.51:109][721]PIE: Info Play in editor start time for /Game/Maps-Levels/Fort/UEDPIE_0_Fort_Exploration -0.278
[2017.03.04-05.46.51:109][721]LogBlueprintUserMessages: Late PlayInEditor Detection: Level '/Game/Maps-Levels/Fort/Fort_Exploration.Fort_Exploration:PersistentLevel' has LevelScriptBlueprint '/Game/Maps-Levels/Fort/Fort_Exploration.Fort_Exploration:PersistentLevel.Fort_Exploration' with GeneratedClass '/Game/Maps-Levels/Fort/Fort_Exploration.Fort_Exploration_C' with ClassGeneratedBy '/Game/Maps-Levels/Fort/Fort_Exploration.Fort_Exploration:PersistentLevel.Fort_Exploration'
[2017.03.04-05.46.57:853][438]LogNet: Browse: /Game/Maps-Levels/Fort/Fort_Battle
[2017.03.04-05.46.57:853][438]LogLoad: LoadMap: /Game/Maps-Levels/Fort/Fort_Battle
[2017.03.04-05.46.58:016][438]Cmd: MEM
[2017.03.04-05.46.58:237][438]LogMemory: Platform Memory Stats for Windows
[2017.03.04-05.46.58:237][438]LogMemory: Process Physical Memory: 2590.56 MB used, 2591.90 MB peak
[2017.03.04-05.46.58:237][438]LogMemory: Process Virtual Memory: 2504.66 MB used, 2509.66 MB peak
[2017.03.04-05.46.58:237][438]LogMemory: Physical Memory: 7475.45 MB used,  8808.62 MB free, 16284.07 MB total
[2017.03.04-05.46.58:237][438]LogMemory: Virtual Memory: 3807.92 MB used,  8808.62 MB free, 8388608.00 MB total
[2017.03.04-05.46.58:237][438]LogMemory: 
[2017.03.04-05.46.58:237][438]Allocator Stats for TBB: (not implemented)
[2017.03.04-05.46.58:846][438]LogBlueprint:Warning: [Compiler PersistentLevel.Fort_Battle] Warning 'BS Enemy' does not inherit from 'BS Player' ( K2Node_DynamicCast_2  would always fail).
[2017.03.04-05.46.58:848][438]LogBlueprint:Warning: [Compiler PersistentLevel.Fort_Battle] Warning [0614.97] Compile of PersistentLevel.Fort_Battle successful, but with 1 Warning(s) [in 4 ms] (/Game/Maps-Levels/Fort/Fort_Battle.Fort_Battle:PersistentLevel.Fort_Battle)
[2017.03.04-05.46.58:849][438]LogBlueprint:Warning: [Compiler PersistentLevel.Fort_Battle] Warning [0614.97] Compile of PersistentLevel.Fort_Battle successful, but with 2 Warning(s) [in 0 ms] (/Game/Maps-Levels/Fort/Fort_Battle.Fort_Battle:PersistentLevel.Fort_Battle)
[2017.03.04-05.46.58:849][438]LogBlueprint:Warning: [Compiler PersistentLevel.Fort_Battle] Warning [0614.97] Compile of PersistentLevel.Fort_Battle successful, but with 3 Warning(s) [in 0 ms] (/Game/Maps-Levels/Fort/Fort_Battle.Fort_Battle:PersistentLevel.Fort_Battle)
[2017.03.04-05.46.58:852][438]LogBlueprint:Warning: [Compiler PersistentLevel.Fort_Battle] Warning 'BS Enemy' does not inherit from 'BS Player' ( K2Node_DynamicCast_2  would always fail).
[2017.03.04-05.46.58:855][438]LogBlueprint:Warning: [Compiler PersistentLevel.Fort_Battle] Warning [0614.98] Compile of PersistentLevel.Fort_Battle successful, but with 1 Warning(s) [in 4 ms] (/Game/Maps-Levels/Fort/Fort_Battle.Fort_Battle:PersistentLevel.Fort_Battle)
[2017.03.04-05.46.58:855][438]LogBlueprint:Warning: [Compiler PersistentLevel.Fort_Battle] Warning [0614.98] Compile of PersistentLevel.Fort_Battle successful, but with 2 Warning(s) [in 0 ms] (/Game/Maps-Levels/Fort/Fort_Battle.Fort_Battle:PersistentLevel.Fort_Battle)
[2017.03.04-05.46.58:855][438]LogBlueprint:Warning: [Compiler PersistentLevel.Fort_Battle] Warning [0614.98] Compile of PersistentLevel.Fort_Battle successful, but with 3 Warning(s) [in 0 ms] (/Game/Maps-Levels/Fort/Fort_Battle.Fort_Battle:PersistentLevel.Fort_Battle)
[2017.03.04-05.46.59:122][438]LogBlueprint:Warning: USimpleConstructionScript::FixupRootNodeParentReferences() - Couldn't find inherited parent component 'DefaultSceneRoot' for 'PaperSprite' in BlueprintGeneratedClass 'BS_Enemy_C' (it may have been removed)
[2017.03.04-05.46.59:241][438]LogStats: FPlatformStackWalk::StackWalkAndDump -  0.115 s
[2017.03.04-05.46.59:241][438]LogOutputDevice:Error: === Handled ensure: ===
[2017.03.04-05.46.59:241][438]LogOutputDevice:Error: 
[2017.03.04-05.46.59:241][438]LogOutputDevice:Error: Ensure condition failed: IsObjectValidForDatabase(AssetObject) [File:D:\Build\++UE4+Release-4.14+Compile\Sync\Engine\Source\Editor\BlueprintGraph\Private\BlueprintActionDatabase.cpp] [Line: 1263]
[2017.03.04-05.46.59:241][438]LogOutputDevice:Error: 
[2017.03.04-05.46.59:241][438]LogOutputDevice:Error: Stack: 
[2017.03.04-05.46.59:241][438]LogOutputDevice:Error: UE4Editor-Core.dll
[2017.03.04-05.46.59:241][438]LogOutputDevice:Error: UE4Editor-Core.dll
[2017.03.04-05.46.59:241][438]LogOutputDevice:Error: UE4Editor-Core.dll
[2017.03.04-05.46.59:241][438]LogOutputDevice:Error: UE4Editor-BlueprintGraph.dll
[2017.03.04-05.46.59:241][438]LogOutputDevice:Error: UE4Editor-BlueprintGraph.dll
[2017.03.04-05.46.59:241][438]LogOutputDevice:Error: UE4Editor-CoreUObject.dll
[2017.03.04-05.46.59:241][438]LogOutputDevice:Error: UE4Editor-CoreUObject.dll
[2017.03.04-05.46.59:241][438]LogOutputDevice:Error: UE4Editor-CoreUObject.dll
[2017.03.04-05.46.59:241][438]LogOutputDevice:Error: UE4Editor-CoreUObject.dll
[2017.03.04-05.46.59:241][438]LogOutputDevice:Error: UE4Editor-Engine.dll
[2017.03.04-05.46.59:241][438]LogOutputDevice:Error: UE4Editor-Engine.dll
[2017.03.04-05.46.59:241][438]LogOutputDevice:Error: UE4Editor-Engine.dll
[2017.03.04-05.46.59:241][438]LogOutputDevice:Error: UE4Editor-UnrealEd.dll
[2017.03.04-05.46.59:241][438]LogOutputDevice:Error: UE4Editor-UnrealEd.dll
[2017.03.04-05.46.59:241][438]LogOutputDevice:Error: UE4Editor.exe
[2017.03.04-05.46.59:241][438]LogOutputDevice:Error: UE4Editor.exe
[2017.03.04-05.46.59:241][438]LogOutputDevice:Error: UE4Editor.exe
[2017.03.04-05.46.59:241][438]LogOutputDevice:Error: UE4Editor.exe
[2017.03.04-05.46.59:241][438]LogOutputDevice:Error: UE4Editor.exe
[2017.03.04-05.46.59:241][438]LogOutputDevice:Error: kernel32.dll
[2017.03.04-05.46.59:241][438]LogOutputDevice:Error: ntdll.dll
[2017.03.04-05.46.59:241][438]LogOutputDevice:Error: 
[2017.03.04-05.46.59:244][438]LogStats:                SubmitErrorReport -  0.000 s
